15:18:26.253 [main                     ] DEBUG Logger               - Configured Logger
15:18:26.291 [main                     ] DEBUG GameApplication      - Logging settings
Title: Tank
Version: 1.0
Width: 816
Height: 672
Fullscreen: false
Intro: false
Profiling: false
Single step:false
App Mode: DEVELOPER
Menu Key: ESCAPE
Stage Style: DECORATED
Scene Factory: class com.almasb.fxgl.app.scene.SceneFactory

15:18:26.745 [JavaFX Application Thread] DEBUG FXGLApplication      - Initializing FXGL
15:18:26.752 [JavaFX Application Thread] INFO  Engine               - FXGL-21.1 (27.03.2024 07.52) on MAC (J:22.0.2 FX:22.0.1)
15:18:26.753 [JavaFX Application Thread] DEBUG Engine               - JRE Vendor Name: Oracle Corporation
15:18:26.753 [JavaFX Application Thread] DEBUG Engine               - Running on OS: Mac OS X version 14.6.1
15:18:26.753 [JavaFX Application Thread] DEBUG Engine               - Architecture: x86_64
15:18:26.753 [JavaFX Application Thread] INFO  Engine               - Source code and latest versions at: https://github.com/AlmasB/FXGL
15:18:26.753 [JavaFX Application Thread] INFO  Engine               -       Ask questions and discuss at: https://github.com/AlmasB/FXGL/discussions
15:18:26.754 [JavaFX Application Thread] INFO  Engine               -              Join the FXGL chat at: https://gitter.im/AlmasB/FXGL
15:18:26.864 [JavaFX Application Thread] DEBUG PrimaryStageWindow   - Creating a JavaFX scene
15:18:26.920 [JavaFX Application Thread] DEBUG PrimaryStageWindow   - Target settings size: 816.0 x 672.0
15:18:26.920 [JavaFX Application Thread] DEBUG PrimaryStageWindow   - Scaled scene size:    816.0 x 672.0
15:18:26.921 [JavaFX Application Thread] DEBUG PrimaryStageWindow   - Scaled ratio: (1.0, 1.0)
15:18:26.922 [JavaFX Application Thread] DEBUG PrimaryStageWindow   - Set initial scene to FXGLStartupScene
15:18:26.927 [JavaFX Application Thread] DEBUG PrimaryStageWindow   - Opening main window
15:18:27.061 [JavaFX Application Thread] DEBUG PrimaryStageWindow   - Window border size: (0.0, 28.0)
15:18:27.061 [JavaFX Application Thread] DEBUG PrimaryStageWindow   - Scaled size: 816.0 x 672.0
15:18:27.062 [JavaFX Application Thread] DEBUG PrimaryStageWindow   - Scaled ratio: (1.0, 1.0)
15:18:27.062 [JavaFX Application Thread] DEBUG PrimaryStageWindow   - Scene size: 816.0 x 672.0
15:18:27.063 [JavaFX Application Thread] DEBUG PrimaryStageWindow   - Stage size: 816.0 x 700.0
15:18:27.080 [FXGL Background Thread 1 ] DEBUG Engine               - Initializing environment variables
15:18:27.174 [FXGL Background Thread 1 ] DEBUG FXGLAssetLoaderServi - User app class for loading assets: class de.dywebstudio.tanks.TankApp
15:18:27.175 [FXGL Background Thread 1 ] DEBUG GameApplicationServi - Applying CSS: fxgl_dark.css
15:18:27.176 [FXGL Background Thread 1 ] DEBUG FXGLAssetLoaderServi - Loading from file system: jar:file:///Users/dy/.m2/repository/com/github/almasb/fxgl/21.1/fxgl-21.1.jar!/fxglassets/ui/css/fxgl_dark.css
15:18:27.263 [FXGL Background Thread 1 ] DEBUG GameApplicationServi - Initializing application scenes
15:18:27.834 [FXGL Background Thread 1 ] DEBUG GameWorld            - Game world initialized
15:18:27.894 [FXGL Background Thread 1 ] DEBUG PhysicsWorld         - Physics world initialized: appHeight=672, physics.ppm=50,0
15:18:27.895 [FXGL Background Thread 1 ] DEBUG PhysicsWorld         - Using strategy: BRUTE_FORCE
15:18:27.900 [FXGL Background Thread 1 ] DEBUG GameScene            - Game scene initialized: 816x672
15:18:27.915 [FXGL Background Thread 1 ] DEBUG FXGL.DefaultMenu     - createMenuBodyMainMenu()
15:18:27.939 [FXGL Background Thread 1 ] DEBUG FXGL.DefaultMenu     - createOptionsMenu()
15:18:27.957 [FXGL Background Thread 1 ] DEBUG FXGLAssetLoaderServi - Loading from file system: jar:file:///Users/dy/.m2/repository/com/github/almasb/fxgl/21.1/fxgl-21.1.jar!/fxglassets/textures/particles/smoke.png
15:18:28.101 [FXGL Background Thread 1 ] DEBUG FXGLAssetLoaderServi - Loading from file system: jar:file:///Users/dy/.m2/repository/com/github/almasb/fxgl/21.1/fxgl-21.1.jar!/fxglassets/textures/particles/trace_horizontal.png
15:18:28.129 [FXGL Background Thread 1 ] DEBUG FXGL.DefaultMenu     - createMenuBodyGameMenu()
15:18:28.130 [FXGL Background Thread 1 ] DEBUG FXGL.DefaultMenu     - createOptionsMenu()
15:18:28.149 [FXGL Background Thread 1 ] DEBUG GameApplicationServi - Application scenes initialized
15:18:28.169 [FXGL Background Thread 1 ] DEBUG SystemBundleService  - Loading FXGL system data
15:18:28.174 [FXGL Background Thread 1 ] DEBUG FileSystemAccess     - Reading from: /Users/dy/Desktop/alfa/Java/Projectarbeit/Tanks/system/fxgl.bundle
15:18:28.183 [FXGL Background Thread 1 ] DEBUG SystemBundleService  - Bundle FXGL: {}
15:18:28.184 [FXGL Background Thread 1 ] DEBUG UpdaterService       - Checking for updates
15:18:28.189 [FXGL Background Thread 4 ] DEBUG FXGLApplication      - Loading fonts
15:18:28.189 [FXGL Background Thread 4 ] DEBUG FXGLAssetLoaderServi - Loading from file system: jar:file:///Users/dy/.m2/repository/com/github/almasb/fxgl/21.1/fxgl-21.1.jar!/fxglassets/ui/fonts/VarelaRound-Regular.ttf
15:18:28.190 [FXGL Background Thread 1 ] DEBUG FXGLApplication      - Loading default localization
15:18:28.191 [FXGL Background Thread 1 ] DEBUG FXGLAssetLoaderServi - Loading from file system: jar:file:///Users/dy/.m2/repository/com/github/almasb/fxgl/21.1/fxgl-21.1.jar!/fxglassets/languages/english.lang
15:18:28.210 [FXGL Background Thread 1 ] INFO  FXGLApplication      - FXGL initialization took: 1,131 sec
15:18:28.211 [FXGL Background Thread 4 ] DEBUG FXGLAssetLoaderServi - Loading from file system: jar:file:///Users/dy/.m2/repository/com/github/almasb/fxgl/21.1/fxgl-21.1.jar!/fxglassets/ui/fonts/Abel-Regular.ttf
15:18:28.215 [FXGL Background Thread 4 ] DEBUG FXGLAssetLoaderServi - Loading from file system: jar:file:///Users/dy/.m2/repository/com/github/almasb/fxgl/21.1/fxgl-21.1.jar!/fxglassets/ui/fonts/TerminalLandMono-Regular.otf
15:18:28.221 [FXGL Background Thread 4 ] DEBUG FXGLAssetLoaderServi - Loading from file system: jar:file:///Users/dy/.m2/repository/com/github/almasb/fxgl/21.1/fxgl-21.1.jar!/fxglassets/ui/fonts/Courier-Prime.ttf
15:18:28.223 [JavaFX Application Thread] DEBUG Input                - Registered new binding: action0 - W
15:18:28.224 [JavaFX Application Thread] DEBUG Input                - Registered new binding: action1 - S
15:18:28.224 [JavaFX Application Thread] DEBUG Input                - Registered new binding: action2 - A
15:18:28.225 [JavaFX Application Thread] DEBUG Input                - Registered new binding: action3 - D
15:18:28.226 [JavaFX Application Thread] DEBUG Input                - Registered new binding: action4 - Space
15:18:28.227 [JavaFX Application Thread] DEBUG FXGLAssetLoaderServi - Loading from file system: jar:file:///Users/dy/.m2/repository/com/github/almasb/fxgl/21.1/fxgl-21.1.jar!/fxglassets/textures/fxgl_icon.png
15:18:28.260 [JavaFX Application Thread] DEBUG FXGLAssetLoaderServi - Loading from file system: jar:file:///Users/dy/.m2/repository/com/github/almasb/fxgl/21.1/fxgl-21.1.jar!/fxglassets/textures/fxgl_default_cursor.png
15:18:28.263 [JavaFX Application Thread] DEBUG Input                - Registered new binding: Screenshot - CTRL+8
15:18:28.264 [JavaFX Application Thread] DEBUG Input                - Registered new binding: System info dump - CTRL+9
15:18:28.264 [JavaFX Application Thread] DEBUG Input                - Registered new binding: Restart - CTRL+R
15:18:28.265 [JavaFX Application Thread] DEBUG Input                - Registered new binding: Toggle Debug Camera - CTRL+7
15:18:28.268 [JavaFX Application Thread] DEBUG LoopRunner           - Starting loop
15:18:28.269 [JavaFX Application Thread] DEBUG LoopRunner           - Initializing JavaFX AnimationTimerLoop
15:18:28.273 [JavaFX Application Thread] DEBUG Input                - Clearing active input actions
15:18:28.283 [JavaFX Application Thread] DEBUG GameApplicationServi - Removing overlay from FXGLStartupScene and adding to FXGLMainMenuDummyScene
15:18:28.283 [JavaFX Application Thread] DEBUG PrimaryStageWindow   - FXGLStartupScene -> FXGLMainMenuDummyScene
15:18:28.284 [JavaFX Application Thread] DEBUG PrimaryStageWindow   - Push state: FXGLDefaultMenu
15:18:28.288 [JavaFX Application Thread] DEBUG Input                - Clearing active input actions
15:18:28.299 [JavaFX Application Thread] DEBUG GameApplicationServi - Removing overlay from FXGLMainMenuDummyScene and adding to FXGLDefaultMenu
15:18:28.299 [JavaFX Application Thread] DEBUG PrimaryStageWindow   - FXGLMainMenuDummyScene -> FXGLDefaultMenu
15:18:28.372 [JavaFX Application Thread] DEBUG FXGLApplication      - Registering font factories with UI factory
15:18:30.021 [JavaFX Application Thread] DEBUG Menu                 - fireNewGame()
15:18:30.021 [JavaFX Application Thread] DEBUG GameApplicationServi - Starting new game
15:18:30.024 [JavaFX Application Thread] DEBUG PrimaryStageWindow   - Pop state: FXGLDefaultMenu
15:18:30.024 [JavaFX Application Thread] DEBUG Input                - Clearing active input actions
15:18:30.025 [JavaFX Application Thread] DEBUG GameApplicationServi - Removing overlay from FXGLDefaultMenu and adding to FXGLMainMenuDummyScene
15:18:30.026 [JavaFX Application Thread] DEBUG PrimaryStageWindow   - FXGLMainMenuDummyScene <- FXGLDefaultMenu
15:18:30.027 [JavaFX Application Thread] DEBUG Input                - Clearing active input actions
15:18:30.036 [JavaFX Application Thread] DEBUG GameApplicationServi - Removing overlay from FXGLMainMenuDummyScene and adding to FXGLLoadingScene
15:18:30.036 [JavaFX Application Thread] DEBUG PrimaryStageWindow   - FXGLMainMenuDummyScene -> FXGLLoadingScene
15:18:30.036 [JavaFX Application Thread] DEBUG GameApplicationServi - Clearing previous game
15:18:30.037 [JavaFX Application Thread] DEBUG GameScene            - Clearing game scene
15:18:30.037 [JavaFX Application Thread] DEBUG GameWorld            - Clearing game world
15:18:30.037 [JavaFX Application Thread] DEBUG PhysicsWorld         - Clearing physics world
15:18:30.038 [FXGL Background Thread 2 ] DEBUG FXGLApplication      - Initializing game
15:18:30.102 [FXGL Background Thread 2 ] WARN  TMXLevelLoader       - TiledMap generated from 1.11.0. Supported version: 1.9.0. Some features may not be parsed fully.
15:18:30.129 [FXGL Background Thread 2 ] DEBUG TMXLevelLoader       - Parsed TiledMap: file:/Users/dy/Desktop/alfa/Java/Projectarbeit/Tanks/target/classes/assets/levels/level1.tmx
15:18:30.131 [FXGL Background Thread 2 ] DEBUG TMXLevelLoader       - Creating tile layer entities
15:18:30.132 [FXGL Background Thread 2 ] DEBUG TMXLevelLoader       - Creating object layer entities
15:18:30.178 [FXGL Background Thread 2 ] DEBUG FXGLAssetLoaderServi - Loading from file system: file:/Users/dy/Desktop/alfa/Java/Projectarbeit/Tanks/target/classes/assets/textures/items/sea_animation.png
15:18:30.289 [FXGL Background Thread 2 ] DEBUG GameWorld            - Clearing removable entities
15:18:30.289 [FXGL Background Thread 2 ] DEBUG GameWorld            - Setting level: com.almasb.fxgl.entity.level.Level@e11660f
15:18:30.315 [FXGL Background Thread 2 ] DEBUG FXGLAssetLoaderServi - Loading from file system: file:/Users/dy/Desktop/alfa/Java/Projectarbeit/Tanks/target/classes/assets/textures/tanks/player.png
15:18:30.322 [FXGL Background Thread 2 ] DEBUG FXGLAssetLoaderServi - Loading from file system: file:/Users/dy/Desktop/alfa/Java/Projectarbeit/Tanks/target/classes/assets/textures/tanks/T6.png
15:18:30.326 [FXGL Background Thread 2 ] DEBUG FXGLAssetLoaderServi - Loading from file system: file:/Users/dy/Desktop/alfa/Java/Projectarbeit/Tanks/target/classes/assets/textures/tanks/T5.png
15:18:30.329 [FXGL Background Thread 2 ] DEBUG FXGLAssetLoaderServi - Loading from file system: file:/Users/dy/Desktop/alfa/Java/Projectarbeit/Tanks/target/classes/assets/textures/tanks/T2.png
15:18:30.332 [FXGL Background Thread 2 ] INFO  FXGLApplication      - Game initialization took: 0,294 sec
15:18:30.333 [JavaFX Application Thread] DEBUG Input                - Clearing active input actions
15:18:30.345 [JavaFX Application Thread] DEBUG GameApplicationServi - Removing overlay from FXGLLoadingScene and adding to GameScene
15:18:30.345 [JavaFX Application Thread] DEBUG PrimaryStageWindow   - FXGLLoadingScene -> GameScene
15:18:30.607 [JavaFX Application Thread] DEBUG FXGLAssetLoaderServi - Loading from file system: file:/Users/dy/Desktop/alfa/Java/Projectarbeit/Tanks/target/classes/assets/textures/items/bullet/norm.png
15:18:31.196 [FXGL Background Thread 3 ] DEBUG Engine               - Logging environment variables
15:18:31.197 [FXGL Background Thread 3 ] DEBUG Engine               - achievements: []
15:18:31.197 [FXGL Background Thread 3 ] DEBUG Engine               - actualHeight: 672.0
15:18:31.197 [FXGL Background Thread 3 ] DEBUG Engine               - actualHeightProperty: ReadOnlyDoubleProperty [value: 672.0]
15:18:31.198 [FXGL Background Thread 3 ] DEBUG Engine               - actualWidth: 816.0
15:18:31.198 [FXGL Background Thread 3 ] DEBUG Engine               - actualWidthProperty: ReadOnlyDoubleProperty [value: 816.0]
15:18:31.198 [FXGL Background Thread 3 ] DEBUG Engine               - appIcon: fxgl_icon.png
15:18:31.198 [FXGL Background Thread 3 ] DEBUG Engine               - applicationMode: DEVELOPER
15:18:31.198 [FXGL Background Thread 3 ] DEBUG Engine               - cSSList: [fxgl_dark.css]
15:18:31.198 [FXGL Background Thread 3 ] DEBUG Engine               - collisionDetectionStrategy: BRUTE_FORCE
15:18:31.198 [FXGL Background Thread 3 ] DEBUG Engine               - configClass: Optional.empty
15:18:31.198 [FXGL Background Thread 3 ] DEBUG Engine               - credits: []
15:18:31.199 [FXGL Background Thread 3 ] DEBUG Engine               - defaultCursor: CursorInfo(imageName=fxgl_default_cursor.png, hotspotX=7.0, hotspotY=6.0)
15:18:31.199 [FXGL Background Thread 3 ] DEBUG Engine               - devBBoxColorProperty: ObjectProperty [value: 0xff0000ff]
15:18:31.199 [FXGL Background Thread 3 ] DEBUG Engine               - devEnableDebugCameraProperty: BooleanProperty [value: false]
15:18:31.199 [FXGL Background Thread 3 ] DEBUG Engine               - devSensorColorProperty: ObjectProperty [value: 0xffff00ff]
15:18:31.199 [FXGL Background Thread 3 ] DEBUG Engine               - devShowBBoxProperty: BooleanProperty [value: false]
15:18:31.199 [FXGL Background Thread 3 ] DEBUG Engine               - devShowPositionProperty: BooleanProperty [value: false]
15:18:31.199 [FXGL Background Thread 3 ] DEBUG Engine               - enabledMenuItems: []
15:18:31.199 [FXGL Background Thread 3 ] DEBUG Engine               - engineServices: [class com.almasb.fxgl.app.services.FXGLAssetLoaderService, class com.almasb.fxgl.app.FXGLApplication$GameApplicationService, class com.almasb.fxgl.app.services.FXGLDialogService, class com.almasb.fxgl.app.services.IOTaskExecutorService, class com.almasb.fxgl.io.FileSystemService, class com.almasb.fxgl.localization.LocalizationService, class com.almasb.fxgl.app.services.SystemBundleService, class com.almasb.fxgl.profile.SaveLoadService, class com.almasb.fxgl.ui.FXGLUIFactoryServiceProvider, class com.almasb.fxgl.ui.FXGLDialogFactoryServiceProvider, class com.almasb.fxgl.audio.AudioPlayer, class com.almasb.fxgl.notification.impl.NotificationServiceProvider, class com.almasb.fxgl.achievement.AchievementService, class com.almasb.fxgl.cutscene.CutsceneService, class com.almasb.fxgl.minigames.MiniGameService, class com.almasb.fxgl.net.NetService, class com.almasb.fxgl.app.services.UpdaterService, class com.almasb.fxgl.dev.DevService]
15:18:31.199 [FXGL Background Thread 3 ] DEBUG Engine               - fontGame: Abel-Regular.ttf
15:18:31.199 [FXGL Background Thread 3 ] DEBUG Engine               - fontMono: TerminalLandMono-Regular.otf
15:18:31.200 [FXGL Background Thread 3 ] DEBUG Engine               - fontSizeScaleUI: 1.0
15:18:31.200 [FXGL Background Thread 3 ] DEBUG Engine               - fontText: Courier-Prime.ttf
15:18:31.200 [FXGL Background Thread 3 ] DEBUG Engine               - fontUI: VarelaRound-Regular.ttf
15:18:31.200 [FXGL Background Thread 3 ] DEBUG Engine               - fullScreen: BooleanProperty [value: false]
15:18:31.200 [FXGL Background Thread 3 ] DEBUG Engine               - gameDifficulty: MEDIUM
15:18:31.200 [FXGL Background Thread 3 ] DEBUG Engine               - gameDifficultyProperty: ObjectProperty [value: MEDIUM]
15:18:31.200 [FXGL Background Thread 3 ] DEBUG Engine               - globalMusicVolume: 0.5
15:18:31.200 [FXGL Background Thread 3 ] DEBUG Engine               - globalMusicVolumeProperty: DoubleProperty [value: 0.5]
15:18:31.201 [FXGL Background Thread 3 ] DEBUG Engine               - globalSoundVolume: 0.5
15:18:31.201 [FXGL Background Thread 3 ] DEBUG Engine               - globalSoundVolumeProperty: DoubleProperty [value: 0.5]
15:18:31.201 [FXGL Background Thread 3 ] DEBUG Engine               - height: 672
15:18:31.201 [FXGL Background Thread 3 ] DEBUG Engine               - is3D: false
15:18:31.201 [FXGL Background Thread 3 ] DEBUG Engine               - isAndroid: false
15:18:31.201 [FXGL Background Thread 3 ] DEBUG Engine               - isBrowser: false
15:18:31.201 [FXGL Background Thread 3 ] DEBUG Engine               - isClickFeedbackEnabled: false
15:18:31.201 [FXGL Background Thread 3 ] DEBUG Engine               - isCloseConfirmation: false
15:18:31.201 [FXGL Background Thread 3 ] DEBUG Engine               - isDesktop: true
15:18:31.201 [FXGL Background Thread 3 ] DEBUG Engine               - isDeveloperMenuEnabled: false
15:18:31.201 [FXGL Background Thread 3 ] DEBUG Engine               - isEmbedded: false
15:18:31.201 [FXGL Background Thread 3 ] DEBUG Engine               - isEntityPreloadEnabled: true
15:18:31.201 [FXGL Background Thread 3 ] DEBUG Engine               - isExperimentalTiledLargeMap: false
15:18:31.201 [FXGL Background Thread 3 ] DEBUG Engine               - isFileSystemWriteAllowed: true
15:18:31.201 [FXGL Background Thread 3 ] DEBUG Engine               - isFullScreenAllowed: false
15:18:31.201 [FXGL Background Thread 3 ] DEBUG Engine               - isFullScreenFromStart: false
15:18:31.201 [FXGL Background Thread 3 ] DEBUG Engine               - isGameMenuEnabled: true
15:18:31.201 [FXGL Background Thread 3 ] DEBUG Engine               - isIOS: false
15:18:31.201 [FXGL Background Thread 3 ] DEBUG Engine               - isIntroEnabled: false
15:18:31.202 [FXGL Background Thread 3 ] DEBUG Engine               - isLinux: false
15:18:31.202 [FXGL Background Thread 3 ] DEBUG Engine               - isMac: true
15:18:31.202 [FXGL Background Thread 3 ] DEBUG Engine               - isMainMenuEnabled: true
15:18:31.202 [FXGL Background Thread 3 ] DEBUG Engine               - isManualResizeEnabled: false
15:18:31.202 [FXGL Background Thread 3 ] DEBUG Engine               - isMobile: false
15:18:31.202 [FXGL Background Thread 3 ] DEBUG Engine               - isNative: false
15:18:31.202 [FXGL Background Thread 3 ] DEBUG Engine               - isPauseMusicWhenMinimized: true
15:18:31.202 [FXGL Background Thread 3 ] DEBUG Engine               - isPreserveResizeRatio: false
15:18:31.202 [FXGL Background Thread 3 ] DEBUG Engine               - isProfilingEnabled: false
15:18:31.202 [FXGL Background Thread 3 ] DEBUG Engine               - isScaleAffectedOnResize: true
15:18:31.202 [FXGL Background Thread 3 ] DEBUG Engine               - isSingleStep: false
15:18:31.202 [FXGL Background Thread 3 ] DEBUG Engine               - isUserProfileEnabled: false
15:18:31.202 [FXGL Background Thread 3 ] DEBUG Engine               - isWindows: false
15:18:31.202 [FXGL Background Thread 3 ] DEBUG Engine               - language: ObjectProperty [value: ENGLISH]
15:18:31.202 [FXGL Background Thread 3 ] DEBUG Engine               - menuKey: ESCAPE
15:18:31.202 [FXGL Background Thread 3 ] DEBUG Engine               - mouseSensitivity: 0.2
15:18:31.203 [FXGL Background Thread 3 ] DEBUG Engine               - notificationViewClass: class com.almasb.fxgl.notification.view.XboxNotificationView
15:18:31.203 [FXGL Background Thread 3 ] DEBUG Engine               - pixelsPerMeter: 50.0
15:18:31.204 [FXGL Background Thread 3 ] DEBUG Engine               - platform: MAC
15:18:31.204 [FXGL Background Thread 3 ] DEBUG Engine               - prefHeightProperty: ReadOnlyDoubleProperty [value: 672.0]
15:18:31.204 [FXGL Background Thread 3 ] DEBUG Engine               - prefWidthProperty: ReadOnlyDoubleProperty [value: 816.0]
15:18:31.204 [FXGL Background Thread 3 ] DEBUG Engine               - profileDir: profiles/
15:18:31.205 [FXGL Background Thread 3 ] DEBUG Engine               - profileName: StringProperty [value: DEFAULT]
15:18:31.205 [FXGL Background Thread 3 ] DEBUG Engine               - randomSeed: -1
15:18:31.205 [FXGL Background Thread 3 ] DEBUG Engine               - runtimeInfo: RuntimeInfo(platform=MAC, version=21.1, build=27.03.2024 07.52)
15:18:31.205 [FXGL Background Thread 3 ] DEBUG Engine               - saveFileExt: sav
15:18:31.205 [FXGL Background Thread 3 ] DEBUG Engine               - scaledHeightProp$fxgl: DoubleProperty [bound, value: 672.0]
15:18:31.205 [FXGL Background Thread 3 ] DEBUG Engine               - scaledWidthProp$fxgl: DoubleProperty [bound, value: 816.0]
15:18:31.205 [FXGL Background Thread 3 ] DEBUG Engine               - sceneFactory: com.almasb.fxgl.app.scene.SceneFactory@143f5f6a
15:18:31.205 [FXGL Background Thread 3 ] DEBUG Engine               - secondsIn24h: 60
15:18:31.206 [FXGL Background Thread 3 ] DEBUG Engine               - soundMenuBack: menu/back.wav
15:18:31.206 [FXGL Background Thread 3 ] DEBUG Engine               - soundMenuPress: menu/press.wav
15:18:31.206 [FXGL Background Thread 3 ] DEBUG Engine               - soundMenuSelect: menu/select.wav
15:18:31.206 [FXGL Background Thread 3 ] DEBUG Engine               - soundNotification: core/notification.wav
15:18:31.206 [FXGL Background Thread 3 ] DEBUG Engine               - stageStyle: DECORATED
15:18:31.206 [FXGL Background Thread 3 ] DEBUG Engine               - supportedLanguages: [ENGLISH, FRENCH, GERMAN, HUNGARIAN, RUSSIAN]
15:18:31.206 [FXGL Background Thread 3 ] DEBUG Engine               - ticksPerSecond: -1
15:18:31.206 [FXGL Background Thread 3 ] DEBUG Engine               - title: Tank
15:18:31.206 [FXGL Background Thread 3 ] DEBUG Engine               - urlGithub: https://github.com/AlmasB/FXGL
15:18:31.206 [FXGL Background Thread 3 ] DEBUG Engine               - urlLeaderboard: http://fxgl-top.herokuapp.com/
15:18:31.207 [FXGL Background Thread 3 ] DEBUG Engine               - urlPOM: https://raw.githubusercontent.com/AlmasB/FXGL/release/README.md
15:18:31.207 [FXGL Background Thread 3 ] DEBUG Engine               - userAppClass: class de.dywebstudio.tanks.TankApp
15:18:31.207 [FXGL Background Thread 3 ] DEBUG Engine               - version: 1.0
15:18:31.207 [FXGL Background Thread 3 ] DEBUG Engine               - versionCheckDays: 7
15:18:31.207 [FXGL Background Thread 3 ] DEBUG Engine               - width: 816
15:18:31.207 [FXGL Background Thread 3 ] DEBUG Engine               - Logging services
15:18:31.207 [FXGL Background Thread 3 ] DEBUG Engine               - class com.almasb.fxgl.app.services.FXGLAssetLoaderService
15:18:31.207 [FXGL Background Thread 3 ] DEBUG Engine               - class com.almasb.fxgl.app.FXGLApplication$GameApplicationService
15:18:31.207 [FXGL Background Thread 3 ] DEBUG Engine               - class com.almasb.fxgl.app.services.FXGLDialogService
15:18:31.207 [FXGL Background Thread 3 ] DEBUG Engine               - class com.almasb.fxgl.app.services.IOTaskExecutorService
15:18:31.207 [FXGL Background Thread 3 ] DEBUG Engine               - class com.almasb.fxgl.io.FileSystemService
15:18:31.207 [FXGL Background Thread 3 ] DEBUG Engine               - class com.almasb.fxgl.localization.LocalizationService
15:18:31.207 [FXGL Background Thread 3 ] DEBUG Engine               - class com.almasb.fxgl.app.services.SystemBundleService
15:18:31.207 [FXGL Background Thread 3 ] DEBUG Engine               - class com.almasb.fxgl.profile.SaveLoadService
15:18:31.207 [FXGL Background Thread 3 ] DEBUG Engine               - class com.almasb.fxgl.ui.FXGLUIFactoryServiceProvider
15:18:31.207 [FXGL Background Thread 3 ] DEBUG Engine               - class com.almasb.fxgl.ui.FXGLDialogFactoryServiceProvider
15:18:31.207 [FXGL Background Thread 3 ] DEBUG Engine               - class com.almasb.fxgl.audio.AudioPlayer
15:18:31.207 [FXGL Background Thread 3 ] DEBUG Engine               - class com.almasb.fxgl.notification.impl.NotificationServiceProvider
15:18:31.208 [FXGL Background Thread 3 ] DEBUG Engine               - class com.almasb.fxgl.achievement.AchievementService
15:18:31.208 [FXGL Background Thread 3 ] DEBUG Engine               - class com.almasb.fxgl.cutscene.CutsceneService
15:18:31.208 [FXGL Background Thread 3 ] DEBUG Engine               - class com.almasb.fxgl.minigames.MiniGameService
15:18:31.208 [FXGL Background Thread 3 ] DEBUG Engine               - class com.almasb.fxgl.net.NetService
15:18:31.208 [FXGL Background Thread 3 ] DEBUG Engine               - class com.almasb.fxgl.app.services.UpdaterService
15:18:31.208 [FXGL Background Thread 3 ] DEBUG Engine               - class com.almasb.fxgl.dev.DevService
15:18:33.757 [JavaFX Application Thread] DEBUG FXGLAssetLoaderServi - Loading from file system: file:/Users/dy/Desktop/alfa/Java/Projectarbeit/Tanks/target/classes/assets/textures/tanks/T4.png
15:18:37.726 [JavaFX Application Thread] DEBUG FXGLAssetLoaderServi - Loading from file system: file:/Users/dy/Desktop/alfa/Java/Projectarbeit/Tanks/target/classes/assets/textures/tanks/T1.png
15:19:06.976 [JavaFX Application Thread] DEBUG PrimaryStageWindow   - Push state: WinnerScene
15:19:06.976 [JavaFX Application Thread] DEBUG Input                - Clearing active input actions
15:19:06.977 [JavaFX Application Thread] DEBUG GameApplicationServi - Removing overlay from GameScene and adding to WinnerScene
15:19:06.977 [JavaFX Application Thread] DEBUG PrimaryStageWindow   - GameScene -> WinnerScene
15:19:08.991 [JavaFX Application Thread] DEBUG PrimaryStageWindow   - Pop state: WinnerScene
15:19:08.991 [JavaFX Application Thread] DEBUG Input                - Clearing active input actions
15:19:08.992 [JavaFX Application Thread] DEBUG GameApplicationServi - Removing overlay from WinnerScene and adding to GameScene
15:19:08.992 [JavaFX Application Thread] DEBUG PrimaryStageWindow   - GameScene <- WinnerScene
15:19:08.994 [JavaFX Application Thread] WARN  TMXLevelLoader       - TiledMap generated from 1.11.0. Supported version: 1.9.0. Some features may not be parsed fully.
15:19:09.003 [JavaFX Application Thread] DEBUG TMXLevelLoader       - Parsed TiledMap: file:/Users/dy/Desktop/alfa/Java/Projectarbeit/Tanks/target/classes/assets/levels/level2.tmx
15:19:09.003 [JavaFX Application Thread] DEBUG TMXLevelLoader       - Creating tile layer entities
15:19:09.003 [JavaFX Application Thread] DEBUG TMXLevelLoader       - Creating object layer entities
15:19:09.030 [JavaFX Application Thread] DEBUG GameWorld            - Clearing removable entities
15:19:09.037 [JavaFX Application Thread] DEBUG GameWorld            - Setting level: com.almasb.fxgl.entity.level.Level@52af2cf9
15:19:09.042 [JavaFX Application Thread] DEBUG FXGLAssetLoaderServi - Loading from file system: file:/Users/dy/Desktop/alfa/Java/Projectarbeit/Tanks/target/classes/assets/textures/tanks/T3.png
15:19:29.083 [JavaFX Application Thread] DEBUG PrimaryStageWindow   - Push state: WinnerScene
15:19:29.083 [JavaFX Application Thread] DEBUG Input                - Clearing active input actions
15:19:29.084 [JavaFX Application Thread] DEBUG GameApplicationServi - Removing overlay from GameScene and adding to WinnerScene
15:19:29.084 [JavaFX Application Thread] DEBUG PrimaryStageWindow   - GameScene -> WinnerScene
15:19:31.104 [JavaFX Application Thread] DEBUG PrimaryStageWindow   - Pop state: WinnerScene
15:19:31.104 [JavaFX Application Thread] DEBUG Input                - Clearing active input actions
15:19:31.105 [JavaFX Application Thread] DEBUG GameApplicationServi - Removing overlay from WinnerScene and adding to GameScene
15:19:31.105 [JavaFX Application Thread] DEBUG PrimaryStageWindow   - GameScene <- WinnerScene
15:19:31.105 [JavaFX Application Thread] DEBUG Input                - Clearing active input actions
15:19:31.110 [JavaFX Application Thread] DEBUG GameApplicationServi - Removing overlay from GameScene and adding to FXGLMainMenuDummyScene
15:19:31.110 [JavaFX Application Thread] DEBUG PrimaryStageWindow   - GameScene -> FXGLMainMenuDummyScene
15:19:31.110 [JavaFX Application Thread] DEBUG PrimaryStageWindow   - Push state: FXGLDefaultMenu
15:19:31.111 [JavaFX Application Thread] DEBUG Input                - Clearing active input actions
15:19:31.113 [JavaFX Application Thread] DEBUG GameApplicationServi - Removing overlay from FXGLMainMenuDummyScene and adding to FXGLDefaultMenu
15:19:31.114 [JavaFX Application Thread] DEBUG PrimaryStageWindow   - FXGLMainMenuDummyScene -> FXGLDefaultMenu
15:19:34.424 [JavaFX Application Thread] DEBUG Menu                 - fireExit()
15:19:34.427 [JavaFX Application Thread] DEBUG PrimaryStageWindow   - Push state: DialogSubScene
15:19:34.427 [JavaFX Application Thread] DEBUG Input                - Clearing active input actions
15:19:34.427 [JavaFX Application Thread] DEBUG GameApplicationServi - Removing overlay from FXGLDefaultMenu and adding to DialogSubScene
15:19:34.428 [JavaFX Application Thread] DEBUG PrimaryStageWindow   - FXGLDefaultMenu -> DialogSubScene
15:19:35.701 [JavaFX Application Thread] DEBUG PrimaryStageWindow   - Pop state: DialogSubScene
15:19:35.701 [JavaFX Application Thread] DEBUG Input                - Clearing active input actions
15:19:35.702 [JavaFX Application Thread] DEBUG GameApplicationServi - Removing overlay from DialogSubScene and adding to FXGLDefaultMenu
15:19:35.702 [JavaFX Application Thread] DEBUG PrimaryStageWindow   - FXGLDefaultMenu <- DialogSubScene
15:19:35.702 [JavaFX Application Thread] DEBUG FXGLApplication      - Exiting FXGL
15:19:35.702 [JavaFX Application Thread] DEBUG LoopRunner           - Stopping loop
15:19:35.703 [JavaFX Application Thread] DEBUG SystemBundleService  - Saving FXGL system data
15:19:35.704 [JavaFX Application Thread] DEBUG FileSystemAccess     - Writing to: /Users/dy/Desktop/alfa/Java/Projectarbeit/Tanks/system/fxgl.bundle
15:19:35.706 [JavaFX Application Thread] DEBUG Async                - Shutting down background threads
15:19:35.706 [JavaFX Application Thread] DEBUG PrimaryStageWindow   - Closing main window
15:19:35.719 [JavaFX Application Thread] DEBUG Logger               - Closing Logger
