11:42:48.030 [main                     ] DEBUG Logger               - Configured Logger
11:42:48.075 [main                     ] DEBUG GameApplication      - Logging settings
Title: Tank
Version: 1.0
Width: 816
Height: 672
Fullscreen: false
Intro: false
Profiling: false
Single step:false
App Mode: DEVELOPER
Menu Key: ESCAPE
Stage Style: DECORATED
Scene Factory: class com.almasb.fxgl.app.scene.SceneFactory

11:42:48.550 [JavaFX Application Thread] DEBUG FXGLApplication      - Initializing FXGL
11:42:48.555 [JavaFX Application Thread] INFO  Engine               - FXGL-21.1 (27.03.2024 07.52) on MAC (J:22.0.2 FX:22.0.1)
11:42:48.555 [JavaFX Application Thread] DEBUG Engine               - JRE Vendor Name: Oracle Corporation
11:42:48.555 [JavaFX Application Thread] DEBUG Engine               - Running on OS: Mac OS X version 14.6.1
11:42:48.556 [JavaFX Application Thread] DEBUG Engine               - Architecture: x86_64
11:42:48.556 [JavaFX Application Thread] INFO  Engine               - Source code and latest versions at: https://github.com/AlmasB/FXGL
11:42:48.556 [JavaFX Application Thread] INFO  Engine               -       Ask questions and discuss at: https://github.com/AlmasB/FXGL/discussions
11:42:48.556 [JavaFX Application Thread] INFO  Engine               -              Join the FXGL chat at: https://gitter.im/AlmasB/FXGL
11:42:48.705 [JavaFX Application Thread] DEBUG PrimaryStageWindow   - Creating a JavaFX scene
11:42:48.772 [JavaFX Application Thread] DEBUG PrimaryStageWindow   - Target settings size: 816.0 x 672.0
11:42:48.772 [JavaFX Application Thread] DEBUG PrimaryStageWindow   - Scaled scene size:    816.0 x 672.0
11:42:48.773 [JavaFX Application Thread] DEBUG PrimaryStageWindow   - Scaled ratio: (1.0, 1.0)
11:42:48.774 [JavaFX Application Thread] DEBUG PrimaryStageWindow   - Set initial scene to FXGLStartupScene
11:42:48.778 [JavaFX Application Thread] DEBUG PrimaryStageWindow   - Opening main window
11:42:48.889 [JavaFX Application Thread] DEBUG PrimaryStageWindow   - Window border size: (0.0, 28.0)
11:42:48.890 [JavaFX Application Thread] DEBUG PrimaryStageWindow   - Scaled size: 816.0 x 672.0
11:42:48.890 [JavaFX Application Thread] DEBUG PrimaryStageWindow   - Scaled ratio: (1.0, 1.0)
11:42:48.891 [JavaFX Application Thread] DEBUG PrimaryStageWindow   - Scene size: 816.0 x 672.0
11:42:48.892 [JavaFX Application Thread] DEBUG PrimaryStageWindow   - Stage size: 816.0 x 700.0
11:42:48.908 [FXGL Background Thread 1 ] DEBUG Engine               - Initializing environment variables
11:42:48.988 [FXGL Background Thread 1 ] DEBUG FXGLAssetLoaderServi - User app class for loading assets: class de.dywebstudio.tanks.TankApp
11:42:48.988 [FXGL Background Thread 1 ] DEBUG GameApplicationServi - Applying CSS: fxgl_dark.css
11:42:48.989 [FXGL Background Thread 1 ] DEBUG FXGLAssetLoaderServi - Loading from file system: jar:file:///Users/dy/.m2/repository/com/github/almasb/fxgl/21.1/fxgl-21.1.jar!/fxglassets/ui/css/fxgl_dark.css
11:42:49.099 [FXGL Background Thread 1 ] DEBUG GameApplicationServi - Initializing application scenes
11:42:49.441 [FXGL Background Thread 1 ] DEBUG GameWorld            - Game world initialized
11:42:49.496 [FXGL Background Thread 1 ] DEBUG PhysicsWorld         - Physics world initialized: appHeight=672, physics.ppm=50,0
11:42:49.496 [FXGL Background Thread 1 ] DEBUG PhysicsWorld         - Using strategy: BRUTE_FORCE
11:42:49.502 [FXGL Background Thread 1 ] DEBUG GameScene            - Game scene initialized: 816x672
11:42:49.517 [FXGL Background Thread 1 ] DEBUG FXGL.DefaultMenu     - createMenuBodyGameMenu()
11:42:49.541 [FXGL Background Thread 1 ] DEBUG FXGL.DefaultMenu     - createOptionsMenu()
11:42:49.552 [FXGL Background Thread 1 ] DEBUG FXGLAssetLoaderServi - Loading from file system: jar:file:///Users/dy/.m2/repository/com/github/almasb/fxgl/21.1/fxgl-21.1.jar!/fxglassets/textures/particles/smoke.png
11:42:49.669 [FXGL Background Thread 1 ] DEBUG FXGLAssetLoaderServi - Loading from file system: jar:file:///Users/dy/.m2/repository/com/github/almasb/fxgl/21.1/fxgl-21.1.jar!/fxglassets/textures/particles/trace_horizontal.png
11:42:49.696 [FXGL Background Thread 1 ] DEBUG GameApplicationServi - Application scenes initialized
11:42:49.714 [FXGL Background Thread 1 ] DEBUG SystemBundleService  - Loading FXGL system data
11:42:49.719 [FXGL Background Thread 1 ] DEBUG FileSystemAccess     - Reading from: /Users/dy/Desktop/alfa/Java/Projectarbeit/Tanks/system/fxgl.bundle
11:42:49.728 [FXGL Background Thread 1 ] DEBUG SystemBundleService  - Bundle FXGL: {}
11:42:49.729 [FXGL Background Thread 1 ] DEBUG UpdaterService       - Checking for updates
11:42:49.735 [FXGL Background Thread 4 ] DEBUG FXGLApplication      - Loading fonts
11:42:49.735 [FXGL Background Thread 4 ] DEBUG FXGLAssetLoaderServi - Loading from file system: jar:file:///Users/dy/.m2/repository/com/github/almasb/fxgl/21.1/fxgl-21.1.jar!/fxglassets/ui/fonts/VarelaRound-Regular.ttf
11:42:49.736 [FXGL Background Thread 1 ] DEBUG FXGLApplication      - Loading default localization
11:42:49.736 [FXGL Background Thread 1 ] DEBUG FXGLAssetLoaderServi - Loading from file system: jar:file:///Users/dy/.m2/repository/com/github/almasb/fxgl/21.1/fxgl-21.1.jar!/fxglassets/languages/english.lang
11:42:49.753 [FXGL Background Thread 4 ] DEBUG FXGLAssetLoaderServi - Loading from file system: jar:file:///Users/dy/.m2/repository/com/github/almasb/fxgl/21.1/fxgl-21.1.jar!/fxglassets/ui/fonts/Abel-Regular.ttf
11:42:49.755 [FXGL Background Thread 1 ] INFO  FXGLApplication      - FXGL initialization took: 0,847 sec
11:42:49.757 [FXGL Background Thread 4 ] DEBUG FXGLAssetLoaderServi - Loading from file system: jar:file:///Users/dy/.m2/repository/com/github/almasb/fxgl/21.1/fxgl-21.1.jar!/fxglassets/ui/fonts/TerminalLandMono-Regular.otf
11:42:49.761 [FXGL Background Thread 4 ] DEBUG FXGLAssetLoaderServi - Loading from file system: jar:file:///Users/dy/.m2/repository/com/github/almasb/fxgl/21.1/fxgl-21.1.jar!/fxglassets/ui/fonts/Courier-Prime.ttf
11:42:49.766 [JavaFX Application Thread] DEBUG Input                - Registered new binding: action0 - W
11:42:49.766 [JavaFX Application Thread] DEBUG Input                - Registered new binding: action1 - S
11:42:49.767 [JavaFX Application Thread] DEBUG Input                - Registered new binding: action2 - A
11:42:49.767 [JavaFX Application Thread] DEBUG Input                - Registered new binding: action3 - D
11:42:49.768 [JavaFX Application Thread] DEBUG Input                - Registered new binding: action4 - Space
11:42:49.768 [JavaFX Application Thread] DEBUG FXGLAssetLoaderServi - Loading from file system: jar:file:///Users/dy/.m2/repository/com/github/almasb/fxgl/21.1/fxgl-21.1.jar!/fxglassets/textures/fxgl_icon.png
11:42:49.797 [JavaFX Application Thread] DEBUG FXGLAssetLoaderServi - Loading from file system: jar:file:///Users/dy/.m2/repository/com/github/almasb/fxgl/21.1/fxgl-21.1.jar!/fxglassets/textures/fxgl_default_cursor.png
11:42:49.800 [JavaFX Application Thread] DEBUG Input                - Registered new binding: Screenshot - CTRL+8
11:42:49.801 [JavaFX Application Thread] DEBUG Input                - Registered new binding: System info dump - CTRL+9
11:42:49.802 [JavaFX Application Thread] DEBUG Input                - Registered new binding: Restart - CTRL+R
11:42:49.803 [JavaFX Application Thread] DEBUG Input                - Registered new binding: Toggle Debug Camera - CTRL+7
11:42:49.807 [JavaFX Application Thread] DEBUG LoopRunner           - Starting loop
11:42:49.807 [JavaFX Application Thread] DEBUG LoopRunner           - Initializing JavaFX AnimationTimerLoop
11:42:49.809 [JavaFX Application Thread] DEBUG GameApplicationServi - Starting new game
11:42:49.810 [JavaFX Application Thread] DEBUG Input                - Clearing active input actions
11:42:49.827 [JavaFX Application Thread] DEBUG GameApplicationServi - Removing overlay from FXGLStartupScene and adding to FXGLLoadingScene
11:42:49.828 [JavaFX Application Thread] DEBUG PrimaryStageWindow   - FXGLStartupScene -> FXGLLoadingScene
11:42:49.828 [JavaFX Application Thread] DEBUG GameApplicationServi - Clearing previous game
11:42:49.828 [JavaFX Application Thread] DEBUG GameScene            - Clearing game scene
11:42:49.828 [JavaFX Application Thread] DEBUG GameWorld            - Clearing game world
11:42:49.828 [JavaFX Application Thread] DEBUG PhysicsWorld         - Clearing physics world
11:42:49.832 [FXGL Background Thread 4 ] DEBUG FXGLApplication      - Initializing game
11:42:49.866 [JavaFX Application Thread] DEBUG FXGLApplication      - Registering font factories with UI factory
11:42:49.925 [FXGL Background Thread 4 ] WARN  TMXLevelLoader       - TiledMap generated from 1.11.0. Supported version: 1.9.0. Some features may not be parsed fully.
11:42:49.944 [FXGL Background Thread 4 ] DEBUG TMXLevelLoader       - Parsed TiledMap: file:/Users/dy/Desktop/alfa/Java/Projectarbeit/Tanks/target/classes/assets/levels/level.tmx
11:42:49.945 [FXGL Background Thread 4 ] DEBUG TMXLevelLoader       - Creating tile layer entities
11:42:49.946 [FXGL Background Thread 4 ] DEBUG TMXLevelLoader       - Creating object layer entities
11:42:50.000 [FXGL Background Thread 4 ] DEBUG FXGLAssetLoaderServi - Loading from file system: file:/Users/dy/Desktop/alfa/Java/Projectarbeit/Tanks/target/classes/assets/textures/items/sea_animation.png
11:42:50.040 [FXGL Background Thread 4 ] DEBUG GameWorld            - Clearing removable entities
11:42:50.040 [FXGL Background Thread 4 ] DEBUG GameWorld            - Setting level: com.almasb.fxgl.entity.level.Level@272e4b6c
11:42:50.048 [FXGL Background Thread 4 ] DEBUG FXGLAssetLoaderServi - Loading from file system: file:/Users/dy/Desktop/alfa/Java/Projectarbeit/Tanks/target/classes/assets/textures/tanks/H1U.png
11:42:50.053 [FXGL Background Thread 4 ] INFO  FXGLApplication      - Game initialization took: 0,221 sec
11:42:50.055 [JavaFX Application Thread] DEBUG Input                - Clearing active input actions
11:42:50.073 [JavaFX Application Thread] DEBUG GameApplicationServi - Removing overlay from FXGLLoadingScene and adding to GameScene
11:42:50.074 [JavaFX Application Thread] DEBUG PrimaryStageWindow   - FXGLLoadingScene -> GameScene
11:42:52.737 [FXGL Background Thread 3 ] DEBUG Engine               - Logging environment variables
11:42:52.738 [FXGL Background Thread 3 ] DEBUG Engine               - achievements: []
11:42:52.738 [FXGL Background Thread 3 ] DEBUG Engine               - actualHeight: 672.0
11:42:52.738 [FXGL Background Thread 3 ] DEBUG Engine               - actualHeightProperty: ReadOnlyDoubleProperty [value: 672.0]
11:42:52.738 [FXGL Background Thread 3 ] DEBUG Engine               - actualWidth: 816.0
11:42:52.739 [FXGL Background Thread 3 ] DEBUG Engine               - actualWidthProperty: ReadOnlyDoubleProperty [value: 816.0]
11:42:52.739 [FXGL Background Thread 3 ] DEBUG Engine               - appIcon: fxgl_icon.png
11:42:52.739 [FXGL Background Thread 3 ] DEBUG Engine               - applicationMode: DEVELOPER
11:42:52.739 [FXGL Background Thread 3 ] DEBUG Engine               - cSSList: [fxgl_dark.css]
11:42:52.739 [FXGL Background Thread 3 ] DEBUG Engine               - collisionDetectionStrategy: BRUTE_FORCE
11:42:52.739 [FXGL Background Thread 3 ] DEBUG Engine               - configClass: Optional.empty
11:42:52.739 [FXGL Background Thread 3 ] DEBUG Engine               - credits: []
11:42:52.740 [FXGL Background Thread 3 ] DEBUG Engine               - defaultCursor: CursorInfo(imageName=fxgl_default_cursor.png, hotspotX=7.0, hotspotY=6.0)
11:42:52.740 [FXGL Background Thread 3 ] DEBUG Engine               - devBBoxColorProperty: ObjectProperty [value: 0xff0000ff]
11:42:52.740 [FXGL Background Thread 3 ] DEBUG Engine               - devEnableDebugCameraProperty: BooleanProperty [value: false]
11:42:52.740 [FXGL Background Thread 3 ] DEBUG Engine               - devSensorColorProperty: ObjectProperty [value: 0xffff00ff]
11:42:52.740 [FXGL Background Thread 3 ] DEBUG Engine               - devShowBBoxProperty: BooleanProperty [value: false]
11:42:52.740 [FXGL Background Thread 3 ] DEBUG Engine               - devShowPositionProperty: BooleanProperty [value: false]
11:42:52.740 [FXGL Background Thread 3 ] DEBUG Engine               - enabledMenuItems: []
11:42:52.740 [FXGL Background Thread 3 ] DEBUG Engine               - engineServices: [class com.almasb.fxgl.app.services.FXGLAssetLoaderService, class com.almasb.fxgl.app.FXGLApplication$GameApplicationService, class com.almasb.fxgl.app.services.FXGLDialogService, class com.almasb.fxgl.app.services.IOTaskExecutorService, class com.almasb.fxgl.io.FileSystemService, class com.almasb.fxgl.localization.LocalizationService, class com.almasb.fxgl.app.services.SystemBundleService, class com.almasb.fxgl.profile.SaveLoadService, class com.almasb.fxgl.ui.FXGLUIFactoryServiceProvider, class com.almasb.fxgl.ui.FXGLDialogFactoryServiceProvider, class com.almasb.fxgl.audio.AudioPlayer, class com.almasb.fxgl.notification.impl.NotificationServiceProvider, class com.almasb.fxgl.achievement.AchievementService, class com.almasb.fxgl.cutscene.CutsceneService, class com.almasb.fxgl.minigames.MiniGameService, class com.almasb.fxgl.net.NetService, class com.almasb.fxgl.app.services.UpdaterService, class com.almasb.fxgl.dev.DevService]
11:42:52.740 [FXGL Background Thread 3 ] DEBUG Engine               - fontGame: Abel-Regular.ttf
11:42:52.741 [FXGL Background Thread 3 ] DEBUG Engine               - fontMono: TerminalLandMono-Regular.otf
11:42:52.741 [FXGL Background Thread 3 ] DEBUG Engine               - fontSizeScaleUI: 1.0
11:42:52.741 [FXGL Background Thread 3 ] DEBUG Engine               - fontText: Courier-Prime.ttf
11:42:52.741 [FXGL Background Thread 3 ] DEBUG Engine               - fontUI: VarelaRound-Regular.ttf
11:42:52.741 [FXGL Background Thread 3 ] DEBUG Engine               - fullScreen: BooleanProperty [value: false]
11:42:52.741 [FXGL Background Thread 3 ] DEBUG Engine               - gameDifficulty: MEDIUM
11:42:52.741 [FXGL Background Thread 3 ] DEBUG Engine               - gameDifficultyProperty: ObjectProperty [value: MEDIUM]
11:42:52.741 [FXGL Background Thread 3 ] DEBUG Engine               - globalMusicVolume: 0.5
11:42:52.741 [FXGL Background Thread 3 ] DEBUG Engine               - globalMusicVolumeProperty: DoubleProperty [value: 0.5]
11:42:52.741 [FXGL Background Thread 3 ] DEBUG Engine               - globalSoundVolume: 0.5
11:42:52.742 [FXGL Background Thread 3 ] DEBUG Engine               - globalSoundVolumeProperty: DoubleProperty [value: 0.5]
11:42:52.742 [FXGL Background Thread 3 ] DEBUG Engine               - height: 672
11:42:52.742 [FXGL Background Thread 3 ] DEBUG Engine               - is3D: false
11:42:52.742 [FXGL Background Thread 3 ] DEBUG Engine               - isAndroid: false
11:42:52.742 [FXGL Background Thread 3 ] DEBUG Engine               - isBrowser: false
11:42:52.742 [FXGL Background Thread 3 ] DEBUG Engine               - isClickFeedbackEnabled: false
11:42:52.742 [FXGL Background Thread 3 ] DEBUG Engine               - isCloseConfirmation: false
11:42:52.742 [FXGL Background Thread 3 ] DEBUG Engine               - isDesktop: true
11:42:52.742 [FXGL Background Thread 3 ] DEBUG Engine               - isDeveloperMenuEnabled: false
11:42:52.742 [FXGL Background Thread 3 ] DEBUG Engine               - isEmbedded: false
11:42:52.742 [FXGL Background Thread 3 ] DEBUG Engine               - isEntityPreloadEnabled: true
11:42:52.742 [FXGL Background Thread 3 ] DEBUG Engine               - isExperimentalTiledLargeMap: false
11:42:52.743 [FXGL Background Thread 3 ] DEBUG Engine               - isFileSystemWriteAllowed: true
11:42:52.743 [FXGL Background Thread 3 ] DEBUG Engine               - isFullScreenAllowed: false
11:42:52.743 [FXGL Background Thread 3 ] DEBUG Engine               - isFullScreenFromStart: false
11:42:52.743 [FXGL Background Thread 3 ] DEBUG Engine               - isGameMenuEnabled: true
11:42:52.743 [FXGL Background Thread 3 ] DEBUG Engine               - isIOS: false
11:42:52.743 [FXGL Background Thread 3 ] DEBUG Engine               - isIntroEnabled: false
11:42:52.744 [FXGL Background Thread 3 ] DEBUG Engine               - isLinux: false
11:42:52.744 [FXGL Background Thread 3 ] DEBUG Engine               - isMac: true
11:42:52.744 [FXGL Background Thread 3 ] DEBUG Engine               - isMainMenuEnabled: false
11:42:52.744 [FXGL Background Thread 3 ] DEBUG Engine               - isManualResizeEnabled: false
11:42:52.744 [FXGL Background Thread 3 ] DEBUG Engine               - isMobile: false
11:42:52.744 [FXGL Background Thread 3 ] DEBUG Engine               - isNative: false
11:42:52.744 [FXGL Background Thread 3 ] DEBUG Engine               - isPauseMusicWhenMinimized: true
11:42:52.744 [FXGL Background Thread 3 ] DEBUG Engine               - isPreserveResizeRatio: false
11:42:52.744 [FXGL Background Thread 3 ] DEBUG Engine               - isProfilingEnabled: false
11:42:52.744 [FXGL Background Thread 3 ] DEBUG Engine               - isScaleAffectedOnResize: true
11:42:52.744 [FXGL Background Thread 3 ] DEBUG Engine               - isSingleStep: false
11:42:52.744 [FXGL Background Thread 3 ] DEBUG Engine               - isUserProfileEnabled: false
11:42:52.744 [FXGL Background Thread 3 ] DEBUG Engine               - isWindows: false
11:42:52.744 [FXGL Background Thread 3 ] DEBUG Engine               - language: ObjectProperty [value: ENGLISH]
11:42:52.745 [FXGL Background Thread 3 ] DEBUG Engine               - menuKey: ESCAPE
11:42:52.745 [FXGL Background Thread 3 ] DEBUG Engine               - mouseSensitivity: 0.2
11:42:52.745 [FXGL Background Thread 3 ] DEBUG Engine               - notificationViewClass: class com.almasb.fxgl.notification.view.XboxNotificationView
11:42:52.745 [FXGL Background Thread 3 ] DEBUG Engine               - pixelsPerMeter: 50.0
11:42:52.745 [FXGL Background Thread 3 ] DEBUG Engine               - platform: MAC
11:42:52.745 [FXGL Background Thread 3 ] DEBUG Engine               - prefHeightProperty: ReadOnlyDoubleProperty [value: 672.0]
11:42:52.745 [FXGL Background Thread 3 ] DEBUG Engine               - prefWidthProperty: ReadOnlyDoubleProperty [value: 816.0]
11:42:52.745 [FXGL Background Thread 3 ] DEBUG Engine               - profileDir: profiles/
11:42:52.745 [FXGL Background Thread 3 ] DEBUG Engine               - profileName: StringProperty [value: DEFAULT]
11:42:52.745 [FXGL Background Thread 3 ] DEBUG Engine               - randomSeed: -1
11:42:52.746 [FXGL Background Thread 3 ] DEBUG Engine               - runtimeInfo: RuntimeInfo(platform=MAC, version=21.1, build=27.03.2024 07.52)
11:42:52.746 [FXGL Background Thread 3 ] DEBUG Engine               - saveFileExt: sav
11:42:52.746 [FXGL Background Thread 3 ] DEBUG Engine               - scaledHeightProp$fxgl: DoubleProperty [bound, value: 672.0]
11:42:52.746 [FXGL Background Thread 3 ] DEBUG Engine               - scaledWidthProp$fxgl: DoubleProperty [bound, value: 816.0]
11:42:52.746 [FXGL Background Thread 3 ] DEBUG Engine               - sceneFactory: com.almasb.fxgl.app.scene.SceneFactory@35f52b59
11:42:52.746 [FXGL Background Thread 3 ] DEBUG Engine               - secondsIn24h: 60
11:42:52.746 [FXGL Background Thread 3 ] DEBUG Engine               - soundMenuBack: menu/back.wav
11:42:52.746 [FXGL Background Thread 3 ] DEBUG Engine               - soundMenuPress: menu/press.wav
11:42:52.746 [FXGL Background Thread 3 ] DEBUG Engine               - soundMenuSelect: menu/select.wav
11:42:52.746 [FXGL Background Thread 3 ] DEBUG Engine               - soundNotification: core/notification.wav
11:42:52.746 [FXGL Background Thread 3 ] DEBUG Engine               - stageStyle: DECORATED
11:42:52.746 [FXGL Background Thread 3 ] DEBUG Engine               - supportedLanguages: [ENGLISH, FRENCH, GERMAN, HUNGARIAN, RUSSIAN]
11:42:52.747 [FXGL Background Thread 3 ] DEBUG Engine               - ticksPerSecond: -1
11:42:52.747 [FXGL Background Thread 3 ] DEBUG Engine               - title: Tank
11:42:52.747 [FXGL Background Thread 3 ] DEBUG Engine               - urlGithub: https://github.com/AlmasB/FXGL
11:42:52.747 [FXGL Background Thread 3 ] DEBUG Engine               - urlLeaderboard: http://fxgl-top.herokuapp.com/
11:42:52.747 [FXGL Background Thread 3 ] DEBUG Engine               - urlPOM: https://raw.githubusercontent.com/AlmasB/FXGL/release/README.md
11:42:52.747 [FXGL Background Thread 3 ] DEBUG Engine               - userAppClass: class de.dywebstudio.tanks.TankApp
11:42:52.747 [FXGL Background Thread 3 ] DEBUG Engine               - version: 1.0
11:42:52.747 [FXGL Background Thread 3 ] DEBUG Engine               - versionCheckDays: 7
11:42:52.747 [FXGL Background Thread 3 ] DEBUG Engine               - width: 816
11:42:52.747 [FXGL Background Thread 3 ] DEBUG Engine               - Logging services
11:42:52.747 [FXGL Background Thread 3 ] DEBUG Engine               - class com.almasb.fxgl.app.services.FXGLAssetLoaderService
11:42:52.747 [FXGL Background Thread 3 ] DEBUG Engine               - class com.almasb.fxgl.app.FXGLApplication$GameApplicationService
11:42:52.748 [FXGL Background Thread 3 ] DEBUG Engine               - class com.almasb.fxgl.app.services.FXGLDialogService
11:42:52.748 [FXGL Background Thread 3 ] DEBUG Engine               - class com.almasb.fxgl.app.services.IOTaskExecutorService
11:42:52.748 [FXGL Background Thread 3 ] DEBUG Engine               - class com.almasb.fxgl.io.FileSystemService
11:42:52.748 [FXGL Background Thread 3 ] DEBUG Engine               - class com.almasb.fxgl.localization.LocalizationService
11:42:52.748 [FXGL Background Thread 3 ] DEBUG Engine               - class com.almasb.fxgl.app.services.SystemBundleService
11:42:52.748 [FXGL Background Thread 3 ] DEBUG Engine               - class com.almasb.fxgl.profile.SaveLoadService
11:42:52.748 [FXGL Background Thread 3 ] DEBUG Engine               - class com.almasb.fxgl.ui.FXGLUIFactoryServiceProvider
11:42:52.748 [FXGL Background Thread 3 ] DEBUG Engine               - class com.almasb.fxgl.ui.FXGLDialogFactoryServiceProvider
11:42:52.748 [FXGL Background Thread 3 ] DEBUG Engine               - class com.almasb.fxgl.audio.AudioPlayer
11:42:52.748 [FXGL Background Thread 3 ] DEBUG Engine               - class com.almasb.fxgl.notification.impl.NotificationServiceProvider
11:42:52.748 [FXGL Background Thread 3 ] DEBUG Engine               - class com.almasb.fxgl.achievement.AchievementService
11:42:52.748 [FXGL Background Thread 3 ] DEBUG Engine               - class com.almasb.fxgl.cutscene.CutsceneService
11:42:52.749 [FXGL Background Thread 3 ] DEBUG Engine               - class com.almasb.fxgl.minigames.MiniGameService
11:42:52.749 [FXGL Background Thread 3 ] DEBUG Engine               - class com.almasb.fxgl.net.NetService
11:42:52.749 [FXGL Background Thread 3 ] DEBUG Engine               - class com.almasb.fxgl.app.services.UpdaterService
11:42:52.749 [FXGL Background Thread 3 ] DEBUG Engine               - class com.almasb.fxgl.dev.DevService
11:43:03.233 [JavaFX Application Thread] WARN  FXGLAssetLoaderServi - Asset "/assets/textures/bullet/norm.png" was not found!
11:43:03.233 [JavaFX Application Thread] WARN  FXGLAssetLoaderServi - Failed to load IMAGE
11:43:03.248 [JavaFX Application Thread] WARN  FXGLAssetLoaderServi - Asset "/assets/textures/bullet/norm.png" was not found!
11:43:03.248 [JavaFX Application Thread] WARN  FXGLAssetLoaderServi - Failed to load IMAGE
11:43:03.265 [JavaFX Application Thread] WARN  FXGLAssetLoaderServi - Asset "/assets/textures/bullet/norm.png" was not found!
11:43:03.265 [JavaFX Application Thread] WARN  FXGLAssetLoaderServi - Failed to load IMAGE
11:43:03.282 [JavaFX Application Thread] WARN  FXGLAssetLoaderServi - Asset "/assets/textures/bullet/norm.png" was not found!
11:43:03.282 [JavaFX Application Thread] WARN  FXGLAssetLoaderServi - Failed to load IMAGE
11:43:03.298 [JavaFX Application Thread] WARN  FXGLAssetLoaderServi - Asset "/assets/textures/bullet/norm.png" was not found!
11:43:03.298 [JavaFX Application Thread] WARN  FXGLAssetLoaderServi - Failed to load IMAGE
11:43:03.316 [JavaFX Application Thread] WARN  FXGLAssetLoaderServi - Asset "/assets/textures/bullet/norm.png" was not found!
11:43:03.316 [JavaFX Application Thread] WARN  FXGLAssetLoaderServi - Failed to load IMAGE
11:43:03.332 [JavaFX Application Thread] WARN  FXGLAssetLoaderServi - Asset "/assets/textures/bullet/norm.png" was not found!
11:43:03.333 [JavaFX Application Thread] WARN  FXGLAssetLoaderServi - Failed to load IMAGE
11:43:03.348 [JavaFX Application Thread] WARN  FXGLAssetLoaderServi - Asset "/assets/textures/bullet/norm.png" was not found!
11:43:03.349 [JavaFX Application Thread] WARN  FXGLAssetLoaderServi - Failed to load IMAGE
11:43:03.365 [JavaFX Application Thread] WARN  FXGLAssetLoaderServi - Asset "/assets/textures/bullet/norm.png" was not found!
11:43:03.365 [JavaFX Application Thread] WARN  FXGLAssetLoaderServi - Failed to load IMAGE
11:43:03.382 [JavaFX Application Thread] WARN  FXGLAssetLoaderServi - Asset "/assets/textures/bullet/norm.png" was not found!
11:43:03.382 [JavaFX Application Thread] WARN  FXGLAssetLoaderServi - Failed to load IMAGE
11:43:04.148 [JavaFX Application Thread] WARN  FXGLAssetLoaderServi - Asset "/assets/textures/bullet/norm.png" was not found!
11:43:04.148 [JavaFX Application Thread] WARN  FXGLAssetLoaderServi - Failed to load IMAGE
11:43:04.165 [JavaFX Application Thread] WARN  FXGLAssetLoaderServi - Asset "/assets/textures/bullet/norm.png" was not found!
11:43:04.165 [JavaFX Application Thread] WARN  FXGLAssetLoaderServi - Failed to load IMAGE
11:43:04.182 [JavaFX Application Thread] WARN  FXGLAssetLoaderServi - Asset "/assets/textures/bullet/norm.png" was not found!
11:43:04.182 [JavaFX Application Thread] WARN  FXGLAssetLoaderServi - Failed to load IMAGE
11:43:04.199 [JavaFX Application Thread] WARN  FXGLAssetLoaderServi - Asset "/assets/textures/bullet/norm.png" was not found!
11:43:04.199 [JavaFX Application Thread] WARN  FXGLAssetLoaderServi - Failed to load IMAGE
11:43:04.215 [JavaFX Application Thread] WARN  FXGLAssetLoaderServi - Asset "/assets/textures/bullet/norm.png" was not found!
11:43:04.216 [JavaFX Application Thread] WARN  FXGLAssetLoaderServi - Failed to load IMAGE
11:43:04.232 [JavaFX Application Thread] WARN  FXGLAssetLoaderServi - Asset "/assets/textures/bullet/norm.png" was not found!
11:43:04.232 [JavaFX Application Thread] WARN  FXGLAssetLoaderServi - Failed to load IMAGE
11:43:04.248 [JavaFX Application Thread] WARN  FXGLAssetLoaderServi - Asset "/assets/textures/bullet/norm.png" was not found!
11:43:04.248 [JavaFX Application Thread] WARN  FXGLAssetLoaderServi - Failed to load IMAGE
11:43:04.265 [JavaFX Application Thread] WARN  FXGLAssetLoaderServi - Asset "/assets/textures/bullet/norm.png" was not found!
11:43:04.265 [JavaFX Application Thread] WARN  FXGLAssetLoaderServi - Failed to load IMAGE
11:43:04.281 [JavaFX Application Thread] WARN  FXGLAssetLoaderServi - Asset "/assets/textures/bullet/norm.png" was not found!
11:43:04.282 [JavaFX Application Thread] WARN  FXGLAssetLoaderServi - Failed to load IMAGE
11:43:04.298 [JavaFX Application Thread] WARN  FXGLAssetLoaderServi - Asset "/assets/textures/bullet/norm.png" was not found!
11:43:04.299 [JavaFX Application Thread] WARN  FXGLAssetLoaderServi - Failed to load IMAGE
11:43:04.315 [JavaFX Application Thread] WARN  FXGLAssetLoaderServi - Asset "/assets/textures/bullet/norm.png" was not found!
11:43:04.315 [JavaFX Application Thread] WARN  FXGLAssetLoaderServi - Failed to load IMAGE
11:43:04.332 [JavaFX Application Thread] WARN  FXGLAssetLoaderServi - Asset "/assets/textures/bullet/norm.png" was not found!
11:43:04.332 [JavaFX Application Thread] WARN  FXGLAssetLoaderServi - Failed to load IMAGE
11:43:04.348 [JavaFX Application Thread] WARN  FXGLAssetLoaderServi - Asset "/assets/textures/bullet/norm.png" was not found!
11:43:04.348 [JavaFX Application Thread] WARN  FXGLAssetLoaderServi - Failed to load IMAGE
11:43:04.366 [JavaFX Application Thread] WARN  FXGLAssetLoaderServi - Asset "/assets/textures/bullet/norm.png" was not found!
11:43:04.366 [JavaFX Application Thread] WARN  FXGLAssetLoaderServi - Failed to load IMAGE
11:43:09.095 [JavaFX Application Thread] WARN  FXGLAssetLoaderServi - Asset "/assets/textures/bullet/norm.png" was not found!
11:43:09.095 [JavaFX Application Thread] WARN  FXGLAssetLoaderServi - Failed to load IMAGE
11:43:09.112 [JavaFX Application Thread] WARN  FXGLAssetLoaderServi - Asset "/assets/textures/bullet/norm.png" was not found!
11:43:09.112 [JavaFX Application Thread] WARN  FXGLAssetLoaderServi - Failed to load IMAGE
11:43:09.129 [JavaFX Application Thread] WARN  FXGLAssetLoaderServi - Asset "/assets/textures/bullet/norm.png" was not found!
11:43:09.129 [JavaFX Application Thread] WARN  FXGLAssetLoaderServi - Failed to load IMAGE
11:43:09.145 [JavaFX Application Thread] WARN  FXGLAssetLoaderServi - Asset "/assets/textures/bullet/norm.png" was not found!
11:43:09.145 [JavaFX Application Thread] WARN  FXGLAssetLoaderServi - Failed to load IMAGE
11:43:09.162 [JavaFX Application Thread] WARN  FXGLAssetLoaderServi - Asset "/assets/textures/bullet/norm.png" was not found!
11:43:09.163 [JavaFX Application Thread] WARN  FXGLAssetLoaderServi - Failed to load IMAGE
11:43:09.178 [JavaFX Application Thread] WARN  FXGLAssetLoaderServi - Asset "/assets/textures/bullet/norm.png" was not found!
11:43:09.178 [JavaFX Application Thread] WARN  FXGLAssetLoaderServi - Failed to load IMAGE
11:43:09.195 [JavaFX Application Thread] WARN  FXGLAssetLoaderServi - Asset "/assets/textures/bullet/norm.png" was not found!
11:43:09.196 [JavaFX Application Thread] WARN  FXGLAssetLoaderServi - Failed to load IMAGE
11:43:09.212 [JavaFX Application Thread] WARN  FXGLAssetLoaderServi - Asset "/assets/textures/bullet/norm.png" was not found!
11:43:09.212 [JavaFX Application Thread] WARN  FXGLAssetLoaderServi - Failed to load IMAGE
11:43:09.229 [JavaFX Application Thread] WARN  FXGLAssetLoaderServi - Asset "/assets/textures/bullet/norm.png" was not found!
11:43:09.229 [JavaFX Application Thread] WARN  FXGLAssetLoaderServi - Failed to load IMAGE
11:43:09.245 [JavaFX Application Thread] WARN  FXGLAssetLoaderServi - Asset "/assets/textures/bullet/norm.png" was not found!
11:43:09.245 [JavaFX Application Thread] WARN  FXGLAssetLoaderServi - Failed to load IMAGE
11:43:14.025 [JavaFX Application Thread] DEBUG FXGLApplication      - Exiting FXGL
11:43:14.025 [JavaFX Application Thread] DEBUG LoopRunner           - Stopping loop
11:43:14.026 [JavaFX Application Thread] DEBUG SystemBundleService  - Saving FXGL system data
11:43:14.027 [JavaFX Application Thread] DEBUG FileSystemAccess     - Writing to: /Users/dy/Desktop/alfa/Java/Projectarbeit/Tanks/system/fxgl.bundle
11:43:14.029 [JavaFX Application Thread] DEBUG Async                - Shutting down background threads
11:43:14.029 [JavaFX Application Thread] DEBUG PrimaryStageWindow   - Closing main window
11:43:14.040 [JavaFX Application Thread] DEBUG Logger               - Closing Logger
