11:10:20.485 [main                     ] DEBUG Logger               - Configured Logger
11:10:20.534 [main                     ] DEBUG GameApplication      - Logging settings
Title: Tank
Version: 1.0
Width: 816
Height: 672
Fullscreen: false
Intro: false
Profiling: false
Single step:false
App Mode: DEVELOPER
Menu Key: ESCAPE
Stage Style: DECORATED
Scene Factory: class com.almasb.fxgl.app.scene.SceneFactory

11:10:21.121 [JavaFX Application Thread] DEBUG FXGLApplication      - Initializing FXGL
11:10:21.126 [JavaFX Application Thread] INFO  Engine               - FXGL-21.1 (27.03.2024 07.52) on MAC (J:22.0.2 FX:22.0.1)
11:10:21.126 [JavaFX Application Thread] DEBUG Engine               - JRE Vendor Name: Oracle Corporation
11:10:21.127 [JavaFX Application Thread] DEBUG Engine               - Running on OS: Mac OS X version 14.6.1
11:10:21.127 [JavaFX Application Thread] DEBUG Engine               - Architecture: x86_64
11:10:21.127 [JavaFX Application Thread] INFO  Engine               - Source code and latest versions at: https://github.com/AlmasB/FXGL
11:10:21.127 [JavaFX Application Thread] INFO  Engine               -       Ask questions and discuss at: https://github.com/AlmasB/FXGL/discussions
11:10:21.127 [JavaFX Application Thread] INFO  Engine               -              Join the FXGL chat at: https://gitter.im/AlmasB/FXGL
11:10:21.256 [JavaFX Application Thread] DEBUG PrimaryStageWindow   - Creating a JavaFX scene
11:10:21.326 [JavaFX Application Thread] DEBUG PrimaryStageWindow   - Target settings size: 816.0 x 672.0
11:10:21.326 [JavaFX Application Thread] DEBUG PrimaryStageWindow   - Scaled scene size:    816.0 x 672.0
11:10:21.327 [JavaFX Application Thread] DEBUG PrimaryStageWindow   - Scaled ratio: (1.0, 1.0)
11:10:21.328 [JavaFX Application Thread] DEBUG PrimaryStageWindow   - Set initial scene to FXGLStartupScene
11:10:21.337 [JavaFX Application Thread] DEBUG PrimaryStageWindow   - Opening main window
11:10:21.525 [JavaFX Application Thread] DEBUG PrimaryStageWindow   - Window border size: (0.0, 28.0)
11:10:21.525 [JavaFX Application Thread] DEBUG PrimaryStageWindow   - Scaled size: 816.0 x 672.0
11:10:21.526 [JavaFX Application Thread] DEBUG PrimaryStageWindow   - Scaled ratio: (1.0, 1.0)
11:10:21.526 [JavaFX Application Thread] DEBUG PrimaryStageWindow   - Scene size: 816.0 x 672.0
11:10:21.527 [JavaFX Application Thread] DEBUG PrimaryStageWindow   - Stage size: 816.0 x 700.0
11:10:21.538 [FXGL Background Thread 1 ] DEBUG Engine               - Initializing environment variables
11:10:21.664 [FXGL Background Thread 1 ] DEBUG FXGLAssetLoaderServi - User app class for loading assets: class de.dywebstudio.tanks.TankApp
11:10:21.664 [FXGL Background Thread 1 ] DEBUG GameApplicationServi - Applying CSS: fxgl_dark.css
11:10:21.665 [FXGL Background Thread 1 ] DEBUG FXGLAssetLoaderServi - Loading from file system: jar:file:///Users/dy/.m2/repository/com/github/almasb/fxgl/21.1/fxgl-21.1.jar!/fxglassets/ui/css/fxgl_dark.css
11:10:21.779 [FXGL Background Thread 1 ] DEBUG GameApplicationServi - Initializing application scenes
11:10:22.224 [FXGL Background Thread 1 ] DEBUG GameWorld            - Game world initialized
11:10:22.283 [FXGL Background Thread 1 ] DEBUG PhysicsWorld         - Physics world initialized: appHeight=672, physics.ppm=50,0
11:10:22.284 [FXGL Background Thread 1 ] DEBUG PhysicsWorld         - Using strategy: BRUTE_FORCE
11:10:22.289 [FXGL Background Thread 1 ] DEBUG GameScene            - Game scene initialized: 816x672
11:10:22.302 [FXGL Background Thread 1 ] DEBUG FXGL.DefaultMenu     - createMenuBodyMainMenu()
11:10:22.318 [FXGL Background Thread 1 ] DEBUG FXGL.DefaultMenu     - createOptionsMenu()
11:10:22.329 [FXGL Background Thread 1 ] DEBUG FXGLAssetLoaderServi - Loading from file system: jar:file:///Users/dy/.m2/repository/com/github/almasb/fxgl/21.1/fxgl-21.1.jar!/fxglassets/textures/particles/smoke.png
11:10:22.430 [FXGL Background Thread 1 ] DEBUG FXGLAssetLoaderServi - Loading from file system: jar:file:///Users/dy/.m2/repository/com/github/almasb/fxgl/21.1/fxgl-21.1.jar!/fxglassets/textures/particles/trace_horizontal.png
11:10:22.460 [FXGL Background Thread 1 ] DEBUG FXGL.DefaultMenu     - createMenuBodyGameMenu()
11:10:22.461 [FXGL Background Thread 1 ] DEBUG FXGL.DefaultMenu     - createOptionsMenu()
11:10:22.476 [FXGL Background Thread 1 ] DEBUG GameApplicationServi - Application scenes initialized
11:10:22.490 [FXGL Background Thread 1 ] DEBUG SystemBundleService  - Loading FXGL system data
11:10:22.494 [FXGL Background Thread 1 ] DEBUG FileSystemAccess     - Reading from: /Users/dy/Desktop/alfa/Java/Projectarbeit/Tanks/system/fxgl.bundle
11:10:22.502 [FXGL Background Thread 1 ] DEBUG SystemBundleService  - Bundle FXGL: {}
11:10:22.503 [FXGL Background Thread 1 ] DEBUG UpdaterService       - Checking for updates
11:10:22.508 [FXGL Background Thread 4 ] DEBUG FXGLApplication      - Loading fonts
11:10:22.508 [FXGL Background Thread 4 ] DEBUG FXGLAssetLoaderServi - Loading from file system: jar:file:///Users/dy/.m2/repository/com/github/almasb/fxgl/21.1/fxgl-21.1.jar!/fxglassets/ui/fonts/VarelaRound-Regular.ttf
11:10:22.509 [FXGL Background Thread 1 ] DEBUG FXGLApplication      - Loading default localization
11:10:22.509 [FXGL Background Thread 1 ] DEBUG FXGLAssetLoaderServi - Loading from file system: jar:file:///Users/dy/.m2/repository/com/github/almasb/fxgl/21.1/fxgl-21.1.jar!/fxglassets/languages/english.lang
11:10:22.523 [FXGL Background Thread 1 ] INFO  FXGLApplication      - FXGL initialization took: 0,985 sec
11:10:22.526 [FXGL Background Thread 4 ] DEBUG FXGLAssetLoaderServi - Loading from file system: jar:file:///Users/dy/.m2/repository/com/github/almasb/fxgl/21.1/fxgl-21.1.jar!/fxglassets/ui/fonts/Abel-Regular.ttf
11:10:22.530 [FXGL Background Thread 4 ] DEBUG FXGLAssetLoaderServi - Loading from file system: jar:file:///Users/dy/.m2/repository/com/github/almasb/fxgl/21.1/fxgl-21.1.jar!/fxglassets/ui/fonts/TerminalLandMono-Regular.otf
11:10:22.533 [JavaFX Application Thread] DEBUG Input                - Registered new binding: action0 - W
11:10:22.533 [JavaFX Application Thread] DEBUG Input                - Registered new binding: action1 - S
11:10:22.533 [JavaFX Application Thread] DEBUG Input                - Registered new binding: action2 - A
11:10:22.534 [JavaFX Application Thread] DEBUG Input                - Registered new binding: action3 - D
11:10:22.534 [FXGL Background Thread 4 ] DEBUG FXGLAssetLoaderServi - Loading from file system: jar:file:///Users/dy/.m2/repository/com/github/almasb/fxgl/21.1/fxgl-21.1.jar!/fxglassets/ui/fonts/Courier-Prime.ttf
11:10:22.534 [JavaFX Application Thread] DEBUG Input                - Registered new binding: action4 - Space
11:10:22.534 [JavaFX Application Thread] DEBUG FXGLAssetLoaderServi - Loading from file system: jar:file:///Users/dy/.m2/repository/com/github/almasb/fxgl/21.1/fxgl-21.1.jar!/fxglassets/textures/fxgl_icon.png
11:10:22.561 [JavaFX Application Thread] DEBUG FXGLAssetLoaderServi - Loading from file system: jar:file:///Users/dy/.m2/repository/com/github/almasb/fxgl/21.1/fxgl-21.1.jar!/fxglassets/textures/fxgl_default_cursor.png
11:10:22.564 [JavaFX Application Thread] DEBUG Input                - Registered new binding: Screenshot - CTRL+8
11:10:22.565 [JavaFX Application Thread] DEBUG Input                - Registered new binding: System info dump - CTRL+9
11:10:22.565 [JavaFX Application Thread] DEBUG Input                - Registered new binding: Restart - CTRL+R
11:10:22.566 [JavaFX Application Thread] DEBUG Input                - Registered new binding: Toggle Debug Camera - CTRL+7
11:10:22.568 [JavaFX Application Thread] DEBUG LoopRunner           - Starting loop
11:10:22.568 [JavaFX Application Thread] DEBUG LoopRunner           - Initializing JavaFX AnimationTimerLoop
11:10:22.572 [JavaFX Application Thread] DEBUG Input                - Clearing active input actions
11:10:22.582 [JavaFX Application Thread] DEBUG GameApplicationServi - Removing overlay from FXGLStartupScene and adding to FXGLMainMenuDummyScene
11:10:22.583 [JavaFX Application Thread] DEBUG PrimaryStageWindow   - FXGLStartupScene -> FXGLMainMenuDummyScene
11:10:22.583 [JavaFX Application Thread] DEBUG PrimaryStageWindow   - Push state: FXGLDefaultMenu
11:10:22.586 [JavaFX Application Thread] DEBUG Input                - Clearing active input actions
11:10:22.594 [JavaFX Application Thread] DEBUG GameApplicationServi - Removing overlay from FXGLMainMenuDummyScene and adding to FXGLDefaultMenu
11:10:22.595 [JavaFX Application Thread] DEBUG PrimaryStageWindow   - FXGLMainMenuDummyScene -> FXGLDefaultMenu
11:10:22.619 [JavaFX Application Thread] DEBUG FXGLApplication      - Registering font factories with UI factory
11:10:24.507 [JavaFX Application Thread] DEBUG Menu                 - fireNewGame()
11:10:24.508 [JavaFX Application Thread] DEBUG GameApplicationServi - Starting new game
11:10:24.509 [JavaFX Application Thread] DEBUG PrimaryStageWindow   - Pop state: FXGLDefaultMenu
11:10:24.509 [JavaFX Application Thread] DEBUG Input                - Clearing active input actions
11:10:24.511 [JavaFX Application Thread] DEBUG GameApplicationServi - Removing overlay from FXGLDefaultMenu and adding to FXGLMainMenuDummyScene
11:10:24.512 [JavaFX Application Thread] DEBUG PrimaryStageWindow   - FXGLMainMenuDummyScene <- FXGLDefaultMenu
11:10:24.512 [JavaFX Application Thread] DEBUG Input                - Clearing active input actions
11:10:24.521 [JavaFX Application Thread] DEBUG GameApplicationServi - Removing overlay from FXGLMainMenuDummyScene and adding to FXGLLoadingScene
11:10:24.521 [JavaFX Application Thread] DEBUG PrimaryStageWindow   - FXGLMainMenuDummyScene -> FXGLLoadingScene
11:10:24.522 [JavaFX Application Thread] DEBUG GameApplicationServi - Clearing previous game
11:10:24.522 [JavaFX Application Thread] DEBUG GameScene            - Clearing game scene
11:10:24.522 [JavaFX Application Thread] DEBUG GameWorld            - Clearing game world
11:10:24.522 [JavaFX Application Thread] DEBUG PhysicsWorld         - Clearing physics world
11:10:24.524 [FXGL Background Thread 2 ] DEBUG FXGLApplication      - Initializing game
11:10:24.585 [FXGL Background Thread 2 ] WARN  TMXLevelLoader       - TiledMap generated from 1.11.0. Supported version: 1.9.0. Some features may not be parsed fully.
11:10:24.622 [FXGL Background Thread 2 ] DEBUG TMXLevelLoader       - Parsed TiledMap: file:/Users/dy/Desktop/alfa/Java/Projectarbeit/Tanks/target/classes/assets/levels/level.tmx
11:10:24.623 [FXGL Background Thread 2 ] DEBUG TMXLevelLoader       - Creating tile layer entities
11:10:24.624 [FXGL Background Thread 2 ] DEBUG TMXLevelLoader       - Creating object layer entities
11:10:24.674 [FXGL Background Thread 2 ] DEBUG FXGLAssetLoaderServi - Loading from file system: file:/Users/dy/Desktop/alfa/Java/Projectarbeit/Tanks/target/classes/assets/textures/items/sea_animation.png
11:10:24.819 [FXGL Background Thread 2 ] DEBUG GameWorld            - Clearing removable entities
11:10:24.820 [FXGL Background Thread 2 ] DEBUG GameWorld            - Setting level: com.almasb.fxgl.entity.level.Level@12c24d1c
11:10:24.839 [FXGL Background Thread 2 ] DEBUG FXGLAssetLoaderServi - Loading from file system: file:/Users/dy/Desktop/alfa/Java/Projectarbeit/Tanks/target/classes/assets/textures/tanks/player.png
11:10:24.845 [FXGL Background Thread 2 ] INFO  FXGLApplication      - Game initialization took: 0,321 sec
11:10:24.846 [JavaFX Application Thread] DEBUG Input                - Clearing active input actions
11:10:24.858 [JavaFX Application Thread] DEBUG GameApplicationServi - Removing overlay from FXGLLoadingScene and adding to GameScene
11:10:24.859 [JavaFX Application Thread] DEBUG PrimaryStageWindow   - FXGLLoadingScene -> GameScene
11:10:25.515 [FXGL Background Thread 3 ] DEBUG Engine               - Logging environment variables
11:10:25.516 [FXGL Background Thread 3 ] DEBUG Engine               - achievements: []
11:10:25.516 [FXGL Background Thread 3 ] DEBUG Engine               - actualHeight: 672.0
11:10:25.516 [FXGL Background Thread 3 ] DEBUG Engine               - actualHeightProperty: ReadOnlyDoubleProperty [value: 672.0]
11:10:25.516 [FXGL Background Thread 3 ] DEBUG Engine               - actualWidth: 816.0
11:10:25.516 [FXGL Background Thread 3 ] DEBUG Engine               - actualWidthProperty: ReadOnlyDoubleProperty [value: 816.0]
11:10:25.517 [FXGL Background Thread 3 ] DEBUG Engine               - appIcon: fxgl_icon.png
11:10:25.517 [FXGL Background Thread 3 ] DEBUG Engine               - applicationMode: DEVELOPER
11:10:25.517 [FXGL Background Thread 3 ] DEBUG Engine               - cSSList: [fxgl_dark.css]
11:10:25.517 [FXGL Background Thread 3 ] DEBUG Engine               - collisionDetectionStrategy: BRUTE_FORCE
11:10:25.517 [FXGL Background Thread 3 ] DEBUG Engine               - configClass: Optional.empty
11:10:25.517 [FXGL Background Thread 3 ] DEBUG Engine               - credits: []
11:10:25.517 [FXGL Background Thread 3 ] DEBUG Engine               - defaultCursor: CursorInfo(imageName=fxgl_default_cursor.png, hotspotX=7.0, hotspotY=6.0)
11:10:25.518 [FXGL Background Thread 3 ] DEBUG Engine               - devBBoxColorProperty: ObjectProperty [value: 0xff0000ff]
11:10:25.518 [FXGL Background Thread 3 ] DEBUG Engine               - devEnableDebugCameraProperty: BooleanProperty [value: false]
11:10:25.518 [FXGL Background Thread 3 ] DEBUG Engine               - devSensorColorProperty: ObjectProperty [value: 0xffff00ff]
11:10:25.518 [FXGL Background Thread 3 ] DEBUG Engine               - devShowBBoxProperty: BooleanProperty [value: false]
11:10:25.518 [FXGL Background Thread 3 ] DEBUG Engine               - devShowPositionProperty: BooleanProperty [value: false]
11:10:25.518 [FXGL Background Thread 3 ] DEBUG Engine               - enabledMenuItems: []
11:10:25.518 [FXGL Background Thread 3 ] DEBUG Engine               - engineServices: [class com.almasb.fxgl.app.services.FXGLAssetLoaderService, class com.almasb.fxgl.app.FXGLApplication$GameApplicationService, class com.almasb.fxgl.app.services.FXGLDialogService, class com.almasb.fxgl.app.services.IOTaskExecutorService, class com.almasb.fxgl.io.FileSystemService, class com.almasb.fxgl.localization.LocalizationService, class com.almasb.fxgl.app.services.SystemBundleService, class com.almasb.fxgl.profile.SaveLoadService, class com.almasb.fxgl.ui.FXGLUIFactoryServiceProvider, class com.almasb.fxgl.ui.FXGLDialogFactoryServiceProvider, class com.almasb.fxgl.audio.AudioPlayer, class com.almasb.fxgl.notification.impl.NotificationServiceProvider, class com.almasb.fxgl.achievement.AchievementService, class com.almasb.fxgl.cutscene.CutsceneService, class com.almasb.fxgl.minigames.MiniGameService, class com.almasb.fxgl.net.NetService, class com.almasb.fxgl.app.services.UpdaterService, class com.almasb.fxgl.dev.DevService]
11:10:25.518 [FXGL Background Thread 3 ] DEBUG Engine               - fontGame: Abel-Regular.ttf
11:10:25.518 [FXGL Background Thread 3 ] DEBUG Engine               - fontMono: TerminalLandMono-Regular.otf
11:10:25.518 [FXGL Background Thread 3 ] DEBUG Engine               - fontSizeScaleUI: 1.0
11:10:25.518 [FXGL Background Thread 3 ] DEBUG Engine               - fontText: Courier-Prime.ttf
11:10:25.518 [FXGL Background Thread 3 ] DEBUG Engine               - fontUI: VarelaRound-Regular.ttf
11:10:25.518 [FXGL Background Thread 3 ] DEBUG Engine               - fullScreen: BooleanProperty [value: false]
11:10:25.518 [FXGL Background Thread 3 ] DEBUG Engine               - gameDifficulty: MEDIUM
11:10:25.519 [FXGL Background Thread 3 ] DEBUG Engine               - gameDifficultyProperty: ObjectProperty [value: MEDIUM]
11:10:25.519 [FXGL Background Thread 3 ] DEBUG Engine               - globalMusicVolume: 0.5
11:10:25.519 [FXGL Background Thread 3 ] DEBUG Engine               - globalMusicVolumeProperty: DoubleProperty [value: 0.5]
11:10:25.519 [FXGL Background Thread 3 ] DEBUG Engine               - globalSoundVolume: 0.5
11:10:25.519 [FXGL Background Thread 3 ] DEBUG Engine               - globalSoundVolumeProperty: DoubleProperty [value: 0.5]
11:10:25.519 [FXGL Background Thread 3 ] DEBUG Engine               - height: 672
11:10:25.519 [FXGL Background Thread 3 ] DEBUG Engine               - is3D: false
11:10:25.519 [FXGL Background Thread 3 ] DEBUG Engine               - isAndroid: false
11:10:25.519 [FXGL Background Thread 3 ] DEBUG Engine               - isBrowser: false
11:10:25.519 [FXGL Background Thread 3 ] DEBUG Engine               - isClickFeedbackEnabled: false
11:10:25.519 [FXGL Background Thread 3 ] DEBUG Engine               - isCloseConfirmation: false
11:10:25.519 [FXGL Background Thread 3 ] DEBUG Engine               - isDesktop: true
11:10:25.520 [FXGL Background Thread 3 ] DEBUG Engine               - isDeveloperMenuEnabled: false
11:10:25.520 [FXGL Background Thread 3 ] DEBUG Engine               - isEmbedded: false
11:10:25.520 [FXGL Background Thread 3 ] DEBUG Engine               - isEntityPreloadEnabled: true
11:10:25.520 [FXGL Background Thread 3 ] DEBUG Engine               - isExperimentalTiledLargeMap: false
11:10:25.520 [FXGL Background Thread 3 ] DEBUG Engine               - isFileSystemWriteAllowed: true
11:10:25.520 [FXGL Background Thread 3 ] DEBUG Engine               - isFullScreenAllowed: false
11:10:25.520 [FXGL Background Thread 3 ] DEBUG Engine               - isFullScreenFromStart: false
11:10:25.520 [FXGL Background Thread 3 ] DEBUG Engine               - isGameMenuEnabled: true
11:10:25.520 [FXGL Background Thread 3 ] DEBUG Engine               - isIOS: false
11:10:25.520 [FXGL Background Thread 3 ] DEBUG Engine               - isIntroEnabled: false
11:10:25.520 [FXGL Background Thread 3 ] DEBUG Engine               - isLinux: false
11:10:25.520 [FXGL Background Thread 3 ] DEBUG Engine               - isMac: true
11:10:25.520 [FXGL Background Thread 3 ] DEBUG Engine               - isMainMenuEnabled: true
11:10:25.520 [FXGL Background Thread 3 ] DEBUG Engine               - isManualResizeEnabled: false
11:10:25.520 [FXGL Background Thread 3 ] DEBUG Engine               - isMobile: false
11:10:25.521 [FXGL Background Thread 3 ] DEBUG Engine               - isNative: false
11:10:25.521 [FXGL Background Thread 3 ] DEBUG Engine               - isPauseMusicWhenMinimized: true
11:10:25.521 [FXGL Background Thread 3 ] DEBUG Engine               - isPreserveResizeRatio: false
11:10:25.521 [FXGL Background Thread 3 ] DEBUG Engine               - isProfilingEnabled: false
11:10:25.521 [FXGL Background Thread 3 ] DEBUG Engine               - isScaleAffectedOnResize: true
11:10:25.521 [FXGL Background Thread 3 ] DEBUG Engine               - isSingleStep: false
11:10:25.521 [FXGL Background Thread 3 ] DEBUG Engine               - isUserProfileEnabled: false
11:10:25.521 [FXGL Background Thread 3 ] DEBUG Engine               - isWindows: false
11:10:25.522 [FXGL Background Thread 3 ] DEBUG Engine               - language: ObjectProperty [value: ENGLISH]
11:10:25.522 [FXGL Background Thread 3 ] DEBUG Engine               - menuKey: ESCAPE
11:10:25.522 [FXGL Background Thread 3 ] DEBUG Engine               - mouseSensitivity: 0.2
11:10:25.522 [FXGL Background Thread 3 ] DEBUG Engine               - notificationViewClass: class com.almasb.fxgl.notification.view.XboxNotificationView
11:10:25.522 [FXGL Background Thread 3 ] DEBUG Engine               - pixelsPerMeter: 50.0
11:10:25.522 [FXGL Background Thread 3 ] DEBUG Engine               - platform: MAC
11:10:25.522 [FXGL Background Thread 3 ] DEBUG Engine               - prefHeightProperty: ReadOnlyDoubleProperty [value: 672.0]
11:10:25.523 [FXGL Background Thread 3 ] DEBUG Engine               - prefWidthProperty: ReadOnlyDoubleProperty [value: 816.0]
11:10:25.523 [FXGL Background Thread 3 ] DEBUG Engine               - profileDir: profiles/
11:10:25.523 [FXGL Background Thread 3 ] DEBUG Engine               - profileName: StringProperty [value: DEFAULT]
11:10:25.523 [FXGL Background Thread 3 ] DEBUG Engine               - randomSeed: -1
11:10:25.524 [FXGL Background Thread 3 ] DEBUG Engine               - runtimeInfo: RuntimeInfo(platform=MAC, version=21.1, build=27.03.2024 07.52)
11:10:25.524 [FXGL Background Thread 3 ] DEBUG Engine               - saveFileExt: sav
11:10:25.525 [FXGL Background Thread 3 ] DEBUG Engine               - scaledHeightProp$fxgl: DoubleProperty [bound, value: 672.0]
11:10:25.525 [FXGL Background Thread 3 ] DEBUG Engine               - scaledWidthProp$fxgl: DoubleProperty [bound, value: 816.0]
11:10:25.525 [FXGL Background Thread 3 ] DEBUG Engine               - sceneFactory: com.almasb.fxgl.app.scene.SceneFactory@28c1167a
11:10:25.525 [FXGL Background Thread 3 ] DEBUG Engine               - secondsIn24h: 60
11:10:25.525 [FXGL Background Thread 3 ] DEBUG Engine               - soundMenuBack: menu/back.wav
11:10:25.525 [FXGL Background Thread 3 ] DEBUG Engine               - soundMenuPress: menu/press.wav
11:10:25.525 [FXGL Background Thread 3 ] DEBUG Engine               - soundMenuSelect: menu/select.wav
11:10:25.525 [FXGL Background Thread 3 ] DEBUG Engine               - soundNotification: core/notification.wav
11:10:25.525 [FXGL Background Thread 3 ] DEBUG Engine               - stageStyle: DECORATED
11:10:25.525 [FXGL Background Thread 3 ] DEBUG Engine               - supportedLanguages: [ENGLISH, FRENCH, GERMAN, HUNGARIAN, RUSSIAN]
11:10:25.526 [FXGL Background Thread 3 ] DEBUG Engine               - ticksPerSecond: -1
11:10:25.526 [FXGL Background Thread 3 ] DEBUG Engine               - title: Tank
11:10:25.526 [FXGL Background Thread 3 ] DEBUG Engine               - urlGithub: https://github.com/AlmasB/FXGL
11:10:25.526 [FXGL Background Thread 3 ] DEBUG Engine               - urlLeaderboard: http://fxgl-top.herokuapp.com/
11:10:25.526 [FXGL Background Thread 3 ] DEBUG Engine               - urlPOM: https://raw.githubusercontent.com/AlmasB/FXGL/release/README.md
11:10:25.526 [FXGL Background Thread 3 ] DEBUG Engine               - userAppClass: class de.dywebstudio.tanks.TankApp
11:10:25.526 [FXGL Background Thread 3 ] DEBUG Engine               - version: 1.0
11:10:25.526 [FXGL Background Thread 3 ] DEBUG Engine               - versionCheckDays: 7
11:10:25.526 [FXGL Background Thread 3 ] DEBUG Engine               - width: 816
11:10:25.526 [FXGL Background Thread 3 ] DEBUG Engine               - Logging services
11:10:25.526 [FXGL Background Thread 3 ] DEBUG Engine               - class com.almasb.fxgl.app.services.FXGLAssetLoaderService
11:10:25.526 [FXGL Background Thread 3 ] DEBUG Engine               - class com.almasb.fxgl.app.FXGLApplication$GameApplicationService
11:10:25.527 [FXGL Background Thread 3 ] DEBUG Engine               - class com.almasb.fxgl.app.services.FXGLDialogService
11:10:25.527 [FXGL Background Thread 3 ] DEBUG Engine               - class com.almasb.fxgl.app.services.IOTaskExecutorService
11:10:25.527 [FXGL Background Thread 3 ] DEBUG Engine               - class com.almasb.fxgl.io.FileSystemService
11:10:25.527 [FXGL Background Thread 3 ] DEBUG Engine               - class com.almasb.fxgl.localization.LocalizationService
11:10:25.527 [FXGL Background Thread 3 ] DEBUG Engine               - class com.almasb.fxgl.app.services.SystemBundleService
11:10:25.527 [FXGL Background Thread 3 ] DEBUG Engine               - class com.almasb.fxgl.profile.SaveLoadService
11:10:25.527 [FXGL Background Thread 3 ] DEBUG Engine               - class com.almasb.fxgl.ui.FXGLUIFactoryServiceProvider
11:10:25.527 [FXGL Background Thread 3 ] DEBUG Engine               - class com.almasb.fxgl.ui.FXGLDialogFactoryServiceProvider
11:10:25.527 [FXGL Background Thread 3 ] DEBUG Engine               - class com.almasb.fxgl.audio.AudioPlayer
11:10:25.527 [FXGL Background Thread 3 ] DEBUG Engine               - class com.almasb.fxgl.notification.impl.NotificationServiceProvider
11:10:25.527 [FXGL Background Thread 3 ] DEBUG Engine               - class com.almasb.fxgl.achievement.AchievementService
11:10:25.527 [FXGL Background Thread 3 ] DEBUG Engine               - class com.almasb.fxgl.cutscene.CutsceneService
11:10:25.527 [FXGL Background Thread 3 ] DEBUG Engine               - class com.almasb.fxgl.minigames.MiniGameService
11:10:25.527 [FXGL Background Thread 3 ] DEBUG Engine               - class com.almasb.fxgl.net.NetService
11:10:25.527 [FXGL Background Thread 3 ] DEBUG Engine               - class com.almasb.fxgl.app.services.UpdaterService
11:10:25.527 [FXGL Background Thread 3 ] DEBUG Engine               - class com.almasb.fxgl.dev.DevService
11:10:26.459 [JavaFX Application Thread] DEBUG FXGLAssetLoaderServi - Loading from file system: file:/Users/dy/Desktop/alfa/Java/Projectarbeit/Tanks/target/classes/assets/textures/tanks/T1.png
11:10:26.689 [JavaFX Application Thread] DEBUG FXGLAssetLoaderServi - Loading from file system: file:/Users/dy/Desktop/alfa/Java/Projectarbeit/Tanks/target/classes/assets/textures/items/bullet/norm.png
11:10:30.388 [JavaFX Application Thread] DEBUG FXGLAssetLoaderServi - Loading from file system: file:/Users/dy/Desktop/alfa/Java/Projectarbeit/Tanks/target/classes/assets/textures/tanks/T4.png
11:10:32.405 [JavaFX Application Thread] DEBUG FXGLAssetLoaderServi - Loading from file system: file:/Users/dy/Desktop/alfa/Java/Projectarbeit/Tanks/target/classes/assets/textures/tanks/T6.png
11:10:36.406 [JavaFX Application Thread] DEBUG FXGLAssetLoaderServi - Loading from file system: file:/Users/dy/Desktop/alfa/Java/Projectarbeit/Tanks/target/classes/assets/textures/tanks/T3.png
11:10:44.453 [JavaFX Application Thread] DEBUG FXGLAssetLoaderServi - Loading from file system: file:/Users/dy/Desktop/alfa/Java/Projectarbeit/Tanks/target/classes/assets/textures/tanks/T5.png
11:11:02.604 [JavaFX Application Thread] DEBUG FXGLAssetLoaderServi - Loading from file system: file:/Users/dy/Desktop/alfa/Java/Projectarbeit/Tanks/target/classes/assets/textures/tanks/T2.png
11:12:09.222 [JavaFX Application Thread] DEBUG FXGLAssetLoaderServi - Loading from file system: file:/Users/dy/Desktop/alfa/Java/Projectarbeit/Tanks/target/classes/assets/textures/ui/GameOver.png
11:12:09.223 [JavaFX Application Thread] DEBUG PrimaryStageWindow   - Push state: GameOverScene
11:12:09.223 [JavaFX Application Thread] DEBUG Input                - Clearing active input actions
11:12:09.224 [JavaFX Application Thread] DEBUG GameApplicationServi - Removing overlay from GameScene and adding to GameOverScene
11:12:09.224 [JavaFX Application Thread] DEBUG PrimaryStageWindow   - GameScene -> GameOverScene
11:12:10.236 [JavaFX Application Thread] DEBUG PrimaryStageWindow   - Pop state: GameOverScene
11:12:10.236 [JavaFX Application Thread] DEBUG Input                - Clearing active input actions
11:12:10.236 [JavaFX Application Thread] DEBUG GameApplicationServi - Removing overlay from GameOverScene and adding to GameScene
11:12:10.236 [JavaFX Application Thread] DEBUG PrimaryStageWindow   - GameScene <- GameOverScene
11:12:10.236 [JavaFX Application Thread] DEBUG Input                - Clearing active input actions
11:12:10.241 [JavaFX Application Thread] DEBUG GameApplicationServi - Removing overlay from GameScene and adding to FXGLMainMenuDummyScene
11:12:10.241 [JavaFX Application Thread] DEBUG PrimaryStageWindow   - GameScene -> FXGLMainMenuDummyScene
11:12:10.241 [JavaFX Application Thread] DEBUG PrimaryStageWindow   - Push state: FXGLDefaultMenu
11:12:10.242 [JavaFX Application Thread] DEBUG Input                - Clearing active input actions
11:12:10.244 [JavaFX Application Thread] DEBUG GameApplicationServi - Removing overlay from FXGLMainMenuDummyScene and adding to FXGLDefaultMenu
11:12:10.244 [JavaFX Application Thread] DEBUG PrimaryStageWindow   - FXGLMainMenuDummyScene -> FXGLDefaultMenu
11:12:15.733 [JavaFX Application Thread] DEBUG Menu                 - fireExit()
11:12:15.735 [JavaFX Application Thread] DEBUG PrimaryStageWindow   - Push state: DialogSubScene
11:12:15.735 [JavaFX Application Thread] DEBUG Input                - Clearing active input actions
11:12:15.735 [JavaFX Application Thread] DEBUG GameApplicationServi - Removing overlay from FXGLDefaultMenu and adding to DialogSubScene
11:12:15.735 [JavaFX Application Thread] DEBUG PrimaryStageWindow   - FXGLDefaultMenu -> DialogSubScene
11:12:16.839 [JavaFX Application Thread] DEBUG PrimaryStageWindow   - Pop state: DialogSubScene
11:12:16.839 [JavaFX Application Thread] DEBUG Input                - Clearing active input actions
11:12:16.840 [JavaFX Application Thread] DEBUG GameApplicationServi - Removing overlay from DialogSubScene and adding to FXGLDefaultMenu
11:12:16.840 [JavaFX Application Thread] DEBUG PrimaryStageWindow   - FXGLDefaultMenu <- DialogSubScene
11:12:16.840 [JavaFX Application Thread] DEBUG FXGLApplication      - Exiting FXGL
11:12:16.840 [JavaFX Application Thread] DEBUG LoopRunner           - Stopping loop
11:12:16.840 [JavaFX Application Thread] DEBUG SystemBundleService  - Saving FXGL system data
11:12:16.842 [JavaFX Application Thread] DEBUG FileSystemAccess     - Writing to: /Users/dy/Desktop/alfa/Java/Projectarbeit/Tanks/system/fxgl.bundle
11:12:16.844 [JavaFX Application Thread] DEBUG Async                - Shutting down background threads
11:12:16.844 [JavaFX Application Thread] DEBUG PrimaryStageWindow   - Closing main window
11:12:16.858 [JavaFX Application Thread] DEBUG Logger               - Closing Logger
