13:06:36.653 [main                     ] DEBUG Logger               - Configured Logger
13:06:36.702 [main                     ] DEBUG GameApplication      - Logging settings
Title: Tank
Version: 1.0
Width: 816
Height: 672
Fullscreen: false
Intro: false
Profiling: false
Single step:false
App Mode: DEVELOPER
Menu Key: ESCAPE
Stage Style: DECORATED
Scene Factory: class com.almasb.fxgl.app.scene.SceneFactory

13:06:37.281 [JavaFX Application Thread] DEBUG FXGLApplication      - Initializing FXGL
13:06:37.288 [JavaFX Application Thread] INFO  Engine               - FXGL-21.1 (27.03.2024 07.52) on MAC (J:22.0.2 FX:22.0.1)
13:06:37.289 [JavaFX Application Thread] DEBUG Engine               - JRE Vendor Name: Oracle Corporation
13:06:37.290 [JavaFX Application Thread] DEBUG Engine               - Running on OS: Mac OS X version 14.6.1
13:06:37.291 [JavaFX Application Thread] DEBUG Engine               - Architecture: x86_64
13:06:37.291 [JavaFX Application Thread] INFO  Engine               - Source code and latest versions at: https://github.com/AlmasB/FXGL
13:06:37.291 [JavaFX Application Thread] INFO  Engine               -       Ask questions and discuss at: https://github.com/AlmasB/FXGL/discussions
13:06:37.291 [JavaFX Application Thread] INFO  Engine               -              Join the FXGL chat at: https://gitter.im/AlmasB/FXGL
13:06:37.408 [JavaFX Application Thread] DEBUG PrimaryStageWindow   - Creating a JavaFX scene
13:06:37.466 [JavaFX Application Thread] DEBUG PrimaryStageWindow   - Target settings size: 816.0 x 672.0
13:06:37.466 [JavaFX Application Thread] DEBUG PrimaryStageWindow   - Scaled scene size:    816.0 x 672.0
13:06:37.467 [JavaFX Application Thread] DEBUG PrimaryStageWindow   - Scaled ratio: (1.0, 1.0)
13:06:37.468 [JavaFX Application Thread] DEBUG PrimaryStageWindow   - Set initial scene to FXGLStartupScene
13:06:37.473 [JavaFX Application Thread] DEBUG PrimaryStageWindow   - Opening main window
13:06:37.610 [JavaFX Application Thread] DEBUG PrimaryStageWindow   - Window border size: (0.0, 28.0)
13:06:37.611 [JavaFX Application Thread] DEBUG PrimaryStageWindow   - Scaled size: 816.0 x 672.0
13:06:37.611 [JavaFX Application Thread] DEBUG PrimaryStageWindow   - Scaled ratio: (1.0, 1.0)
13:06:37.611 [JavaFX Application Thread] DEBUG PrimaryStageWindow   - Scene size: 816.0 x 672.0
13:06:37.612 [JavaFX Application Thread] DEBUG PrimaryStageWindow   - Stage size: 816.0 x 700.0
13:06:37.625 [FXGL Background Thread 1 ] DEBUG Engine               - Initializing environment variables
13:06:37.729 [FXGL Background Thread 1 ] DEBUG FXGLAssetLoaderServi - User app class for loading assets: class de.dywebstudio.tanks.TankApp
13:06:37.730 [FXGL Background Thread 1 ] DEBUG GameApplicationServi - Applying CSS: fxgl_dark.css
13:06:37.731 [FXGL Background Thread 1 ] DEBUG FXGLAssetLoaderServi - Loading from file system: jar:file:///Users/dy/.m2/repository/com/github/almasb/fxgl/21.1/fxgl-21.1.jar!/fxglassets/ui/css/fxgl_dark.css
13:06:37.804 [FXGL Background Thread 1 ] DEBUG GameApplicationServi - Initializing application scenes
13:06:38.311 [FXGL Background Thread 1 ] DEBUG GameWorld            - Game world initialized
13:06:38.374 [FXGL Background Thread 1 ] DEBUG PhysicsWorld         - Physics world initialized: appHeight=672, physics.ppm=50,0
13:06:38.374 [FXGL Background Thread 1 ] DEBUG PhysicsWorld         - Using strategy: BRUTE_FORCE
13:06:38.380 [FXGL Background Thread 1 ] DEBUG GameScene            - Game scene initialized: 816x672
13:06:38.399 [FXGL Background Thread 1 ] DEBUG FXGL.DefaultMenu     - createMenuBodyGameMenu()
13:06:38.427 [FXGL Background Thread 1 ] DEBUG FXGL.DefaultMenu     - createOptionsMenu()
13:06:38.440 [FXGL Background Thread 1 ] DEBUG FXGLAssetLoaderServi - Loading from file system: jar:file:///Users/dy/.m2/repository/com/github/almasb/fxgl/21.1/fxgl-21.1.jar!/fxglassets/textures/particles/smoke.png
13:06:38.575 [FXGL Background Thread 1 ] DEBUG FXGLAssetLoaderServi - Loading from file system: jar:file:///Users/dy/.m2/repository/com/github/almasb/fxgl/21.1/fxgl-21.1.jar!/fxglassets/textures/particles/trace_horizontal.png
13:06:38.608 [FXGL Background Thread 1 ] DEBUG GameApplicationServi - Application scenes initialized
13:06:38.629 [FXGL Background Thread 1 ] DEBUG SystemBundleService  - Loading FXGL system data
13:06:38.636 [FXGL Background Thread 1 ] DEBUG FileSystemAccess     - Reading from: /Users/dy/Desktop/alfa/Java/Projectarbeit/Tanks/system/fxgl.bundle
13:06:38.647 [FXGL Background Thread 1 ] DEBUG SystemBundleService  - Bundle FXGL: {}
13:06:38.647 [FXGL Background Thread 1 ] DEBUG UpdaterService       - Checking for updates
13:06:38.654 [FXGL Background Thread 4 ] DEBUG FXGLApplication      - Loading fonts
13:06:38.654 [FXGL Background Thread 4 ] DEBUG FXGLAssetLoaderServi - Loading from file system: jar:file:///Users/dy/.m2/repository/com/github/almasb/fxgl/21.1/fxgl-21.1.jar!/fxglassets/ui/fonts/VarelaRound-Regular.ttf
13:06:38.654 [FXGL Background Thread 1 ] DEBUG FXGLApplication      - Loading default localization
13:06:38.655 [FXGL Background Thread 1 ] DEBUG FXGLAssetLoaderServi - Loading from file system: jar:file:///Users/dy/.m2/repository/com/github/almasb/fxgl/21.1/fxgl-21.1.jar!/fxglassets/languages/english.lang
13:06:38.682 [FXGL Background Thread 1 ] INFO  FXGLApplication      - FXGL initialization took: 1,057 sec
13:06:38.687 [FXGL Background Thread 4 ] DEBUG FXGLAssetLoaderServi - Loading from file system: jar:file:///Users/dy/.m2/repository/com/github/almasb/fxgl/21.1/fxgl-21.1.jar!/fxglassets/ui/fonts/Abel-Regular.ttf
13:06:38.695 [FXGL Background Thread 4 ] DEBUG FXGLAssetLoaderServi - Loading from file system: jar:file:///Users/dy/.m2/repository/com/github/almasb/fxgl/21.1/fxgl-21.1.jar!/fxglassets/ui/fonts/TerminalLandMono-Regular.otf
13:06:38.700 [JavaFX Application Thread] DEBUG Input                - Registered new binding: action0 - W
13:06:38.700 [JavaFX Application Thread] DEBUG Input                - Registered new binding: action1 - S
13:06:38.701 [JavaFX Application Thread] DEBUG Input                - Registered new binding: action2 - A
13:06:38.702 [FXGL Background Thread 4 ] DEBUG FXGLAssetLoaderServi - Loading from file system: jar:file:///Users/dy/.m2/repository/com/github/almasb/fxgl/21.1/fxgl-21.1.jar!/fxglassets/ui/fonts/Courier-Prime.ttf
13:06:38.702 [JavaFX Application Thread] DEBUG Input                - Registered new binding: action3 - D
13:06:38.703 [JavaFX Application Thread] DEBUG Input                - Registered new binding: action4 - Space
13:06:38.703 [JavaFX Application Thread] DEBUG FXGLAssetLoaderServi - Loading from file system: jar:file:///Users/dy/.m2/repository/com/github/almasb/fxgl/21.1/fxgl-21.1.jar!/fxglassets/textures/fxgl_icon.png
13:06:38.735 [JavaFX Application Thread] DEBUG FXGLAssetLoaderServi - Loading from file system: jar:file:///Users/dy/.m2/repository/com/github/almasb/fxgl/21.1/fxgl-21.1.jar!/fxglassets/textures/fxgl_default_cursor.png
13:06:38.738 [JavaFX Application Thread] DEBUG Input                - Registered new binding: Screenshot - CTRL+8
13:06:38.740 [JavaFX Application Thread] DEBUG Input                - Registered new binding: System info dump - CTRL+9
13:06:38.740 [JavaFX Application Thread] DEBUG Input                - Registered new binding: Restart - CTRL+R
13:06:38.741 [JavaFX Application Thread] DEBUG Input                - Registered new binding: Toggle Debug Camera - CTRL+7
13:06:38.744 [JavaFX Application Thread] DEBUG LoopRunner           - Starting loop
13:06:38.744 [JavaFX Application Thread] DEBUG LoopRunner           - Initializing JavaFX AnimationTimerLoop
13:06:38.747 [JavaFX Application Thread] DEBUG GameApplicationServi - Starting new game
13:06:38.747 [JavaFX Application Thread] DEBUG Input                - Clearing active input actions
13:06:38.763 [JavaFX Application Thread] DEBUG GameApplicationServi - Removing overlay from FXGLStartupScene and adding to FXGLLoadingScene
13:06:38.764 [JavaFX Application Thread] DEBUG PrimaryStageWindow   - FXGLStartupScene -> FXGLLoadingScene
13:06:38.765 [JavaFX Application Thread] DEBUG GameApplicationServi - Clearing previous game
13:06:38.765 [JavaFX Application Thread] DEBUG GameScene            - Clearing game scene
13:06:38.765 [JavaFX Application Thread] DEBUG GameWorld            - Clearing game world
13:06:38.765 [JavaFX Application Thread] DEBUG PhysicsWorld         - Clearing physics world
13:06:38.767 [FXGL Background Thread 4 ] DEBUG FXGLApplication      - Initializing game
13:06:38.803 [JavaFX Application Thread] DEBUG FXGLApplication      - Registering font factories with UI factory
13:06:38.873 [FXGL Background Thread 4 ] WARN  TMXLevelLoader       - TiledMap generated from 1.11.0. Supported version: 1.9.0. Some features may not be parsed fully.
13:06:38.899 [FXGL Background Thread 4 ] DEBUG TMXLevelLoader       - Parsed TiledMap: file:/Users/dy/Desktop/alfa/Java/Projectarbeit/Tanks/target/classes/assets/levels/level.tmx
13:06:38.900 [FXGL Background Thread 4 ] DEBUG TMXLevelLoader       - Creating tile layer entities
13:06:38.902 [FXGL Background Thread 4 ] DEBUG TMXLevelLoader       - Creating object layer entities
13:06:38.979 [FXGL Background Thread 4 ] DEBUG FXGLAssetLoaderServi - Loading from file system: file:/Users/dy/Desktop/alfa/Java/Projectarbeit/Tanks/target/classes/assets/textures/items/sea_animation.png
13:06:39.039 [FXGL Background Thread 4 ] DEBUG GameWorld            - Clearing removable entities
13:06:39.041 [FXGL Background Thread 4 ] DEBUG GameWorld            - Setting level: com.almasb.fxgl.entity.level.Level@1d341ffe
13:06:39.050 [FXGL Background Thread 4 ] DEBUG FXGLAssetLoaderServi - Loading from file system: file:/Users/dy/Desktop/alfa/Java/Projectarbeit/Tanks/target/classes/assets/textures/tanks/H1U.png
13:06:39.056 [FXGL Background Thread 4 ] INFO  FXGLApplication      - Game initialization took: 0,289 sec
13:06:39.059 [JavaFX Application Thread] DEBUG Input                - Clearing active input actions
13:06:39.081 [JavaFX Application Thread] DEBUG GameApplicationServi - Removing overlay from FXGLLoadingScene and adding to GameScene
13:06:39.082 [JavaFX Application Thread] DEBUG PrimaryStageWindow   - FXGLLoadingScene -> GameScene
13:06:41.656 [FXGL Background Thread 3 ] DEBUG Engine               - Logging environment variables
13:06:41.657 [FXGL Background Thread 3 ] DEBUG Engine               - achievements: []
13:06:41.657 [FXGL Background Thread 3 ] DEBUG Engine               - actualHeight: 672.0
13:06:41.657 [FXGL Background Thread 3 ] DEBUG Engine               - actualHeightProperty: ReadOnlyDoubleProperty [value: 672.0]
13:06:41.657 [FXGL Background Thread 3 ] DEBUG Engine               - actualWidth: 816.0
13:06:41.657 [FXGL Background Thread 3 ] DEBUG Engine               - actualWidthProperty: ReadOnlyDoubleProperty [value: 816.0]
13:06:41.657 [FXGL Background Thread 3 ] DEBUG Engine               - appIcon: fxgl_icon.png
13:06:41.657 [FXGL Background Thread 3 ] DEBUG Engine               - applicationMode: DEVELOPER
13:06:41.657 [FXGL Background Thread 3 ] DEBUG Engine               - cSSList: [fxgl_dark.css]
13:06:41.658 [FXGL Background Thread 3 ] DEBUG Engine               - collisionDetectionStrategy: BRUTE_FORCE
13:06:41.658 [FXGL Background Thread 3 ] DEBUG Engine               - configClass: Optional.empty
13:06:41.658 [FXGL Background Thread 3 ] DEBUG Engine               - credits: []
13:06:41.658 [FXGL Background Thread 3 ] DEBUG Engine               - defaultCursor: CursorInfo(imageName=fxgl_default_cursor.png, hotspotX=7.0, hotspotY=6.0)
13:06:41.658 [FXGL Background Thread 3 ] DEBUG Engine               - devBBoxColorProperty: ObjectProperty [value: 0xff0000ff]
13:06:41.658 [FXGL Background Thread 3 ] DEBUG Engine               - devEnableDebugCameraProperty: BooleanProperty [value: false]
13:06:41.658 [FXGL Background Thread 3 ] DEBUG Engine               - devSensorColorProperty: ObjectProperty [value: 0xffff00ff]
13:06:41.659 [FXGL Background Thread 3 ] DEBUG Engine               - devShowBBoxProperty: BooleanProperty [value: false]
13:06:41.659 [FXGL Background Thread 3 ] DEBUG Engine               - devShowPositionProperty: BooleanProperty [value: false]
13:06:41.659 [FXGL Background Thread 3 ] DEBUG Engine               - enabledMenuItems: []
13:06:41.659 [FXGL Background Thread 3 ] DEBUG Engine               - engineServices: [class com.almasb.fxgl.app.services.FXGLAssetLoaderService, class com.almasb.fxgl.app.FXGLApplication$GameApplicationService, class com.almasb.fxgl.app.services.FXGLDialogService, class com.almasb.fxgl.app.services.IOTaskExecutorService, class com.almasb.fxgl.io.FileSystemService, class com.almasb.fxgl.localization.LocalizationService, class com.almasb.fxgl.app.services.SystemBundleService, class com.almasb.fxgl.profile.SaveLoadService, class com.almasb.fxgl.ui.FXGLUIFactoryServiceProvider, class com.almasb.fxgl.ui.FXGLDialogFactoryServiceProvider, class com.almasb.fxgl.audio.AudioPlayer, class com.almasb.fxgl.notification.impl.NotificationServiceProvider, class com.almasb.fxgl.achievement.AchievementService, class com.almasb.fxgl.cutscene.CutsceneService, class com.almasb.fxgl.minigames.MiniGameService, class com.almasb.fxgl.net.NetService, class com.almasb.fxgl.app.services.UpdaterService, class com.almasb.fxgl.dev.DevService]
13:06:41.659 [FXGL Background Thread 3 ] DEBUG Engine               - fontGame: Abel-Regular.ttf
13:06:41.659 [FXGL Background Thread 3 ] DEBUG Engine               - fontMono: TerminalLandMono-Regular.otf
13:06:41.659 [FXGL Background Thread 3 ] DEBUG Engine               - fontSizeScaleUI: 1.0
13:06:41.659 [FXGL Background Thread 3 ] DEBUG Engine               - fontText: Courier-Prime.ttf
13:06:41.659 [FXGL Background Thread 3 ] DEBUG Engine               - fontUI: VarelaRound-Regular.ttf
13:06:41.659 [FXGL Background Thread 3 ] DEBUG Engine               - fullScreen: BooleanProperty [value: false]
13:06:41.659 [FXGL Background Thread 3 ] DEBUG Engine               - gameDifficulty: MEDIUM
13:06:41.659 [FXGL Background Thread 3 ] DEBUG Engine               - gameDifficultyProperty: ObjectProperty [value: MEDIUM]
13:06:41.659 [FXGL Background Thread 3 ] DEBUG Engine               - globalMusicVolume: 0.5
13:06:41.659 [FXGL Background Thread 3 ] DEBUG Engine               - globalMusicVolumeProperty: DoubleProperty [value: 0.5]
13:06:41.660 [FXGL Background Thread 3 ] DEBUG Engine               - globalSoundVolume: 0.5
13:06:41.660 [FXGL Background Thread 3 ] DEBUG Engine               - globalSoundVolumeProperty: DoubleProperty [value: 0.5]
13:06:41.660 [FXGL Background Thread 3 ] DEBUG Engine               - height: 672
13:06:41.660 [FXGL Background Thread 3 ] DEBUG Engine               - is3D: false
13:06:41.660 [FXGL Background Thread 3 ] DEBUG Engine               - isAndroid: false
13:06:41.660 [FXGL Background Thread 3 ] DEBUG Engine               - isBrowser: false
13:06:41.660 [FXGL Background Thread 3 ] DEBUG Engine               - isClickFeedbackEnabled: false
13:06:41.660 [FXGL Background Thread 3 ] DEBUG Engine               - isCloseConfirmation: false
13:06:41.660 [FXGL Background Thread 3 ] DEBUG Engine               - isDesktop: true
13:06:41.660 [FXGL Background Thread 3 ] DEBUG Engine               - isDeveloperMenuEnabled: false
13:06:41.660 [FXGL Background Thread 3 ] DEBUG Engine               - isEmbedded: false
13:06:41.660 [FXGL Background Thread 3 ] DEBUG Engine               - isEntityPreloadEnabled: true
13:06:41.660 [FXGL Background Thread 3 ] DEBUG Engine               - isExperimentalTiledLargeMap: false
13:06:41.660 [FXGL Background Thread 3 ] DEBUG Engine               - isFileSystemWriteAllowed: true
13:06:41.660 [FXGL Background Thread 3 ] DEBUG Engine               - isFullScreenAllowed: false
13:06:41.660 [FXGL Background Thread 3 ] DEBUG Engine               - isFullScreenFromStart: false
13:06:41.661 [FXGL Background Thread 3 ] DEBUG Engine               - isGameMenuEnabled: true
13:06:41.661 [FXGL Background Thread 3 ] DEBUG Engine               - isIOS: false
13:06:41.661 [FXGL Background Thread 3 ] DEBUG Engine               - isIntroEnabled: false
13:06:41.661 [FXGL Background Thread 3 ] DEBUG Engine               - isLinux: false
13:06:41.661 [FXGL Background Thread 3 ] DEBUG Engine               - isMac: true
13:06:41.661 [FXGL Background Thread 3 ] DEBUG Engine               - isMainMenuEnabled: false
13:06:41.661 [FXGL Background Thread 3 ] DEBUG Engine               - isManualResizeEnabled: false
13:06:41.661 [FXGL Background Thread 3 ] DEBUG Engine               - isMobile: false
13:06:41.661 [FXGL Background Thread 3 ] DEBUG Engine               - isNative: false
13:06:41.661 [FXGL Background Thread 3 ] DEBUG Engine               - isPauseMusicWhenMinimized: true
13:06:41.661 [FXGL Background Thread 3 ] DEBUG Engine               - isPreserveResizeRatio: false
13:06:41.661 [FXGL Background Thread 3 ] DEBUG Engine               - isProfilingEnabled: false
13:06:41.661 [FXGL Background Thread 3 ] DEBUG Engine               - isScaleAffectedOnResize: true
13:06:41.661 [FXGL Background Thread 3 ] DEBUG Engine               - isSingleStep: false
13:06:41.661 [FXGL Background Thread 3 ] DEBUG Engine               - isUserProfileEnabled: false
13:06:41.661 [FXGL Background Thread 3 ] DEBUG Engine               - isWindows: false
13:06:41.661 [FXGL Background Thread 3 ] DEBUG Engine               - language: ObjectProperty [value: ENGLISH]
13:06:41.661 [FXGL Background Thread 3 ] DEBUG Engine               - menuKey: ESCAPE
13:06:41.661 [FXGL Background Thread 3 ] DEBUG Engine               - mouseSensitivity: 0.2
13:06:41.661 [FXGL Background Thread 3 ] DEBUG Engine               - notificationViewClass: class com.almasb.fxgl.notification.view.XboxNotificationView
13:06:41.661 [FXGL Background Thread 3 ] DEBUG Engine               - pixelsPerMeter: 50.0
13:06:41.661 [FXGL Background Thread 3 ] DEBUG Engine               - platform: MAC
13:06:41.662 [FXGL Background Thread 3 ] DEBUG Engine               - prefHeightProperty: ReadOnlyDoubleProperty [value: 672.0]
13:06:41.662 [FXGL Background Thread 3 ] DEBUG Engine               - prefWidthProperty: ReadOnlyDoubleProperty [value: 816.0]
13:06:41.662 [FXGL Background Thread 3 ] DEBUG Engine               - profileDir: profiles/
13:06:41.662 [FXGL Background Thread 3 ] DEBUG Engine               - profileName: StringProperty [value: DEFAULT]
13:06:41.662 [FXGL Background Thread 3 ] DEBUG Engine               - randomSeed: -1
13:06:41.662 [FXGL Background Thread 3 ] DEBUG Engine               - runtimeInfo: RuntimeInfo(platform=MAC, version=21.1, build=27.03.2024 07.52)
13:06:41.662 [FXGL Background Thread 3 ] DEBUG Engine               - saveFileExt: sav
13:06:41.662 [FXGL Background Thread 3 ] DEBUG Engine               - scaledHeightProp$fxgl: DoubleProperty [bound, value: 672.0]
13:06:41.662 [FXGL Background Thread 3 ] DEBUG Engine               - scaledWidthProp$fxgl: DoubleProperty [bound, value: 816.0]
13:06:41.662 [FXGL Background Thread 3 ] DEBUG Engine               - sceneFactory: com.almasb.fxgl.app.scene.SceneFactory@42f111f2
13:06:41.662 [FXGL Background Thread 3 ] DEBUG Engine               - secondsIn24h: 60
13:06:41.662 [FXGL Background Thread 3 ] DEBUG Engine               - soundMenuBack: menu/back.wav
13:06:41.662 [FXGL Background Thread 3 ] DEBUG Engine               - soundMenuPress: menu/press.wav
13:06:41.662 [FXGL Background Thread 3 ] DEBUG Engine               - soundMenuSelect: menu/select.wav
13:06:41.663 [FXGL Background Thread 3 ] DEBUG Engine               - soundNotification: core/notification.wav
13:06:41.663 [FXGL Background Thread 3 ] DEBUG Engine               - stageStyle: DECORATED
13:06:41.663 [FXGL Background Thread 3 ] DEBUG Engine               - supportedLanguages: [ENGLISH, FRENCH, GERMAN, HUNGARIAN, RUSSIAN]
13:06:41.663 [FXGL Background Thread 3 ] DEBUG Engine               - ticksPerSecond: -1
13:06:41.663 [FXGL Background Thread 3 ] DEBUG Engine               - title: Tank
13:06:41.663 [FXGL Background Thread 3 ] DEBUG Engine               - urlGithub: https://github.com/AlmasB/FXGL
13:06:41.663 [FXGL Background Thread 3 ] DEBUG Engine               - urlLeaderboard: http://fxgl-top.herokuapp.com/
13:06:41.663 [FXGL Background Thread 3 ] DEBUG Engine               - urlPOM: https://raw.githubusercontent.com/AlmasB/FXGL/release/README.md
13:06:41.663 [FXGL Background Thread 3 ] DEBUG Engine               - userAppClass: class de.dywebstudio.tanks.TankApp
13:06:41.663 [FXGL Background Thread 3 ] DEBUG Engine               - version: 1.0
13:06:41.663 [FXGL Background Thread 3 ] DEBUG Engine               - versionCheckDays: 7
13:06:41.663 [FXGL Background Thread 3 ] DEBUG Engine               - width: 816
13:06:41.663 [FXGL Background Thread 3 ] DEBUG Engine               - Logging services
13:06:41.663 [FXGL Background Thread 3 ] DEBUG Engine               - class com.almasb.fxgl.app.services.FXGLAssetLoaderService
13:06:41.663 [FXGL Background Thread 3 ] DEBUG Engine               - class com.almasb.fxgl.app.FXGLApplication$GameApplicationService
13:06:41.663 [FXGL Background Thread 3 ] DEBUG Engine               - class com.almasb.fxgl.app.services.FXGLDialogService
13:06:41.664 [FXGL Background Thread 3 ] DEBUG Engine               - class com.almasb.fxgl.app.services.IOTaskExecutorService
13:06:41.664 [FXGL Background Thread 3 ] DEBUG Engine               - class com.almasb.fxgl.io.FileSystemService
13:06:41.664 [FXGL Background Thread 3 ] DEBUG Engine               - class com.almasb.fxgl.localization.LocalizationService
13:06:41.664 [FXGL Background Thread 3 ] DEBUG Engine               - class com.almasb.fxgl.app.services.SystemBundleService
13:06:41.664 [FXGL Background Thread 3 ] DEBUG Engine               - class com.almasb.fxgl.profile.SaveLoadService
13:06:41.664 [FXGL Background Thread 3 ] DEBUG Engine               - class com.almasb.fxgl.ui.FXGLUIFactoryServiceProvider
13:06:41.664 [FXGL Background Thread 3 ] DEBUG Engine               - class com.almasb.fxgl.ui.FXGLDialogFactoryServiceProvider
13:06:41.664 [FXGL Background Thread 3 ] DEBUG Engine               - class com.almasb.fxgl.audio.AudioPlayer
13:06:41.664 [FXGL Background Thread 3 ] DEBUG Engine               - class com.almasb.fxgl.notification.impl.NotificationServiceProvider
13:06:41.664 [FXGL Background Thread 3 ] DEBUG Engine               - class com.almasb.fxgl.achievement.AchievementService
13:06:41.664 [FXGL Background Thread 3 ] DEBUG Engine               - class com.almasb.fxgl.cutscene.CutsceneService
13:06:41.664 [FXGL Background Thread 3 ] DEBUG Engine               - class com.almasb.fxgl.minigames.MiniGameService
13:06:41.664 [FXGL Background Thread 3 ] DEBUG Engine               - class com.almasb.fxgl.net.NetService
13:06:41.665 [FXGL Background Thread 3 ] DEBUG Engine               - class com.almasb.fxgl.app.services.UpdaterService
13:06:41.665 [FXGL Background Thread 3 ] DEBUG Engine               - class com.almasb.fxgl.dev.DevService
13:06:42.380 [JavaFX Application Thread] DEBUG FXGLAssetLoaderServi - Loading from file system: file:/Users/dy/Desktop/alfa/Java/Projectarbeit/Tanks/target/classes/assets/textures/items/bullet/norm.png
13:06:57.156 [JavaFX Application Thread] DEBUG FXGLApplication      - Exiting FXGL
13:06:57.156 [JavaFX Application Thread] DEBUG LoopRunner           - Stopping loop
13:06:57.157 [JavaFX Application Thread] DEBUG SystemBundleService  - Saving FXGL system data
13:06:57.158 [JavaFX Application Thread] DEBUG FileSystemAccess     - Writing to: /Users/dy/Desktop/alfa/Java/Projectarbeit/Tanks/system/fxgl.bundle
13:06:57.160 [JavaFX Application Thread] DEBUG Async                - Shutting down background threads
13:06:57.160 [JavaFX Application Thread] DEBUG PrimaryStageWindow   - Closing main window
13:06:57.170 [JavaFX Application Thread] DEBUG Logger               - Closing Logger
