15:14:36.395 [main                     ] DEBUG Logger               - Configured Logger
15:14:36.437 [main                     ] DEBUG GameApplication      - Logging settings
Title: Tank
Version: 1.0
Width: 816
Height: 672
Fullscreen: false
Intro: false
Profiling: false
Single step:false
App Mode: DEVELOPER
Menu Key: ESCAPE
Stage Style: DECORATED
Scene Factory: class com.almasb.fxgl.app.scene.SceneFactory

15:14:36.857 [JavaFX Application Thread] DEBUG FXGLApplication      - Initializing FXGL
15:14:36.864 [JavaFX Application Thread] INFO  Engine               - FXGL-21.1 (27.03.2024 07.52) on MAC (J:22.0.2 FX:22.0.1)
15:14:36.864 [JavaFX Application Thread] DEBUG Engine               - JRE Vendor Name: Oracle Corporation
15:14:36.865 [JavaFX Application Thread] DEBUG Engine               - Running on OS: Mac OS X version 14.6.1
15:14:36.865 [JavaFX Application Thread] DEBUG Engine               - Architecture: x86_64
15:14:36.865 [JavaFX Application Thread] INFO  Engine               - Source code and latest versions at: https://github.com/AlmasB/FXGL
15:14:36.865 [JavaFX Application Thread] INFO  Engine               -       Ask questions and discuss at: https://github.com/AlmasB/FXGL/discussions
15:14:36.865 [JavaFX Application Thread] INFO  Engine               -              Join the FXGL chat at: https://gitter.im/AlmasB/FXGL
15:14:36.976 [JavaFX Application Thread] DEBUG PrimaryStageWindow   - Creating a JavaFX scene
15:14:37.032 [JavaFX Application Thread] DEBUG PrimaryStageWindow   - Target settings size: 816.0 x 672.0
15:14:37.033 [JavaFX Application Thread] DEBUG PrimaryStageWindow   - Scaled scene size:    816.0 x 672.0
15:14:37.033 [JavaFX Application Thread] DEBUG PrimaryStageWindow   - Scaled ratio: (1.0, 1.0)
15:14:37.034 [JavaFX Application Thread] DEBUG PrimaryStageWindow   - Set initial scene to FXGLStartupScene
15:14:37.041 [JavaFX Application Thread] DEBUG PrimaryStageWindow   - Opening main window
15:14:37.176 [JavaFX Application Thread] DEBUG PrimaryStageWindow   - Window border size: (0.0, 28.0)
15:14:37.177 [JavaFX Application Thread] DEBUG PrimaryStageWindow   - Scaled size: 816.0 x 672.0
15:14:37.178 [JavaFX Application Thread] DEBUG PrimaryStageWindow   - Scaled ratio: (1.0, 1.0)
15:14:37.178 [JavaFX Application Thread] DEBUG PrimaryStageWindow   - Scene size: 816.0 x 672.0
15:14:37.179 [JavaFX Application Thread] DEBUG PrimaryStageWindow   - Stage size: 816.0 x 700.0
15:14:37.188 [FXGL Background Thread 1 ] DEBUG Engine               - Initializing environment variables
15:14:37.282 [FXGL Background Thread 1 ] DEBUG FXGLAssetLoaderServi - User app class for loading assets: class de.dywebstudio.tanks.TankApp
15:14:37.283 [FXGL Background Thread 1 ] DEBUG GameApplicationServi - Applying CSS: fxgl_dark.css
15:14:37.284 [FXGL Background Thread 1 ] DEBUG FXGLAssetLoaderServi - Loading from file system: jar:file:///Users/dy/.m2/repository/com/github/almasb/fxgl/21.1/fxgl-21.1.jar!/fxglassets/ui/css/fxgl_dark.css
15:14:37.447 [FXGL Background Thread 1 ] DEBUG GameApplicationServi - Initializing application scenes
15:14:37.755 [FXGL Background Thread 1 ] DEBUG GameWorld            - Game world initialized
15:14:37.808 [FXGL Background Thread 1 ] DEBUG PhysicsWorld         - Physics world initialized: appHeight=672, physics.ppm=50,0
15:14:37.808 [FXGL Background Thread 1 ] DEBUG PhysicsWorld         - Using strategy: BRUTE_FORCE
15:14:37.814 [FXGL Background Thread 1 ] DEBUG GameScene            - Game scene initialized: 816x672
15:14:37.827 [FXGL Background Thread 1 ] DEBUG FXGL.DefaultMenu     - createMenuBodyGameMenu()
15:14:37.845 [FXGL Background Thread 1 ] DEBUG FXGL.DefaultMenu     - createOptionsMenu()
15:14:37.857 [FXGL Background Thread 1 ] DEBUG FXGLAssetLoaderServi - Loading from file system: jar:file:///Users/dy/.m2/repository/com/github/almasb/fxgl/21.1/fxgl-21.1.jar!/fxglassets/textures/particles/smoke.png
15:14:37.964 [FXGL Background Thread 1 ] DEBUG FXGLAssetLoaderServi - Loading from file system: jar:file:///Users/dy/.m2/repository/com/github/almasb/fxgl/21.1/fxgl-21.1.jar!/fxglassets/textures/particles/trace_horizontal.png
15:14:37.995 [FXGL Background Thread 1 ] DEBUG GameApplicationServi - Application scenes initialized
15:14:38.011 [FXGL Background Thread 1 ] DEBUG SystemBundleService  - Loading FXGL system data
15:14:38.015 [FXGL Background Thread 1 ] DEBUG FileSystemAccess     - Reading from: /Users/dy/Desktop/alfa/Java/Projectarbeit/Tanks/system/fxgl.bundle
15:14:38.025 [FXGL Background Thread 1 ] DEBUG SystemBundleService  - Bundle FXGL: {}
15:14:38.026 [FXGL Background Thread 1 ] DEBUG UpdaterService       - Checking for updates
15:14:38.034 [FXGL Background Thread 4 ] DEBUG FXGLApplication      - Loading fonts
15:14:38.034 [FXGL Background Thread 4 ] DEBUG FXGLAssetLoaderServi - Loading from file system: jar:file:///Users/dy/.m2/repository/com/github/almasb/fxgl/21.1/fxgl-21.1.jar!/fxglassets/ui/fonts/VarelaRound-Regular.ttf
15:14:38.035 [FXGL Background Thread 1 ] DEBUG FXGLApplication      - Loading default localization
15:14:38.036 [FXGL Background Thread 1 ] DEBUG FXGLAssetLoaderServi - Loading from file system: jar:file:///Users/dy/.m2/repository/com/github/almasb/fxgl/21.1/fxgl-21.1.jar!/fxglassets/languages/english.lang
15:14:38.060 [FXGL Background Thread 1 ] INFO  FXGLApplication      - FXGL initialization took: 0,872 sec
15:14:38.062 [FXGL Background Thread 4 ] DEBUG FXGLAssetLoaderServi - Loading from file system: jar:file:///Users/dy/.m2/repository/com/github/almasb/fxgl/21.1/fxgl-21.1.jar!/fxglassets/ui/fonts/Abel-Regular.ttf
15:14:38.065 [FXGL Background Thread 4 ] DEBUG FXGLAssetLoaderServi - Loading from file system: jar:file:///Users/dy/.m2/repository/com/github/almasb/fxgl/21.1/fxgl-21.1.jar!/fxglassets/ui/fonts/TerminalLandMono-Regular.otf
15:14:38.070 [FXGL Background Thread 4 ] DEBUG FXGLAssetLoaderServi - Loading from file system: jar:file:///Users/dy/.m2/repository/com/github/almasb/fxgl/21.1/fxgl-21.1.jar!/fxglassets/ui/fonts/Courier-Prime.ttf
15:14:38.072 [JavaFX Application Thread] DEBUG Input                - Registered new binding: action0 - W
15:14:38.073 [JavaFX Application Thread] DEBUG Input                - Registered new binding: action1 - S
15:14:38.074 [JavaFX Application Thread] DEBUG Input                - Registered new binding: action2 - A
15:14:38.075 [JavaFX Application Thread] DEBUG Input                - Registered new binding: action3 - D
15:14:38.076 [JavaFX Application Thread] DEBUG Input                - Registered new binding: action4 - Space
15:14:38.077 [JavaFX Application Thread] DEBUG FXGLAssetLoaderServi - Loading from file system: jar:file:///Users/dy/.m2/repository/com/github/almasb/fxgl/21.1/fxgl-21.1.jar!/fxglassets/textures/fxgl_icon.png
15:14:38.105 [JavaFX Application Thread] DEBUG FXGLAssetLoaderServi - Loading from file system: jar:file:///Users/dy/.m2/repository/com/github/almasb/fxgl/21.1/fxgl-21.1.jar!/fxglassets/textures/fxgl_default_cursor.png
15:14:38.108 [JavaFX Application Thread] DEBUG Input                - Registered new binding: Screenshot - CTRL+8
15:14:38.110 [JavaFX Application Thread] DEBUG Input                - Registered new binding: System info dump - CTRL+9
15:14:38.110 [JavaFX Application Thread] DEBUG Input                - Registered new binding: Restart - CTRL+R
15:14:38.111 [JavaFX Application Thread] DEBUG Input                - Registered new binding: Toggle Debug Camera - CTRL+7
15:14:38.114 [JavaFX Application Thread] DEBUG LoopRunner           - Starting loop
15:14:38.114 [JavaFX Application Thread] DEBUG LoopRunner           - Initializing JavaFX AnimationTimerLoop
15:14:38.116 [JavaFX Application Thread] DEBUG GameApplicationServi - Starting new game
15:14:38.117 [JavaFX Application Thread] DEBUG Input                - Clearing active input actions
15:14:38.133 [JavaFX Application Thread] DEBUG GameApplicationServi - Removing overlay from FXGLStartupScene and adding to FXGLLoadingScene
15:14:38.134 [JavaFX Application Thread] DEBUG PrimaryStageWindow   - FXGLStartupScene -> FXGLLoadingScene
15:14:38.134 [JavaFX Application Thread] DEBUG GameApplicationServi - Clearing previous game
15:14:38.134 [JavaFX Application Thread] DEBUG GameScene            - Clearing game scene
15:14:38.134 [JavaFX Application Thread] DEBUG GameWorld            - Clearing game world
15:14:38.134 [JavaFX Application Thread] DEBUG PhysicsWorld         - Clearing physics world
15:14:38.136 [FXGL Background Thread 4 ] DEBUG FXGLApplication      - Initializing game
15:14:38.166 [JavaFX Application Thread] DEBUG FXGLApplication      - Registering font factories with UI factory
15:14:38.240 [FXGL Background Thread 4 ] WARN  TMXLevelLoader       - TiledMap generated from 1.11.0. Supported version: 1.9.0. Some features may not be parsed fully.
15:14:38.289 [FXGL Background Thread 4 ] DEBUG TMXLevelLoader       - Parsed TiledMap: file:/Users/dy/Desktop/alfa/Java/Projectarbeit/Tanks/target/classes/assets/levels/level.tmx
15:14:38.290 [FXGL Background Thread 4 ] DEBUG TMXLevelLoader       - Creating tile layer entities
15:14:38.291 [FXGL Background Thread 4 ] DEBUG TMXLevelLoader       - Creating object layer entities
15:14:38.369 [FXGL Background Thread 4 ] DEBUG FXGLAssetLoaderServi - Loading from file system: file:/Users/dy/Desktop/alfa/Java/Projectarbeit/Tanks/target/classes/assets/textures/items/sea_animation.png
15:14:38.646 [FXGL Background Thread 4 ] DEBUG GameWorld            - Clearing removable entities
15:14:38.647 [FXGL Background Thread 4 ] DEBUG GameWorld            - Setting level: com.almasb.fxgl.entity.level.Level@7208f4d4
15:14:38.668 [FXGL Background Thread 4 ] DEBUG FXGLAssetLoaderServi - Loading from file system: file:/Users/dy/Desktop/alfa/Java/Projectarbeit/Tanks/target/classes/assets/textures/tanks/player.png
15:14:38.682 [FXGL Background Thread 4 ] DEBUG FXGLAssetLoaderServi - Loading from file system: file:/Users/dy/Desktop/alfa/Java/Projectarbeit/Tanks/target/classes/assets/textures/tanks/T6.png
15:14:38.686 [FXGL Background Thread 4 ] DEBUG FXGLAssetLoaderServi - Loading from file system: file:/Users/dy/Desktop/alfa/Java/Projectarbeit/Tanks/target/classes/assets/textures/tanks/T4.png
15:14:38.693 [FXGL Background Thread 4 ] INFO  FXGLApplication      - Game initialization took: 0,557 sec
15:14:38.695 [JavaFX Application Thread] DEBUG Input                - Clearing active input actions
15:14:38.729 [JavaFX Application Thread] DEBUG GameApplicationServi - Removing overlay from FXGLLoadingScene and adding to GameScene
15:14:38.729 [JavaFX Application Thread] DEBUG PrimaryStageWindow   - FXGLLoadingScene -> GameScene
15:14:39.577 [JavaFX Application Thread] DEBUG FXGLAssetLoaderServi - Loading from file system: file:/Users/dy/Desktop/alfa/Java/Projectarbeit/Tanks/target/classes/assets/textures/items/bullet/norm.png
15:14:41.036 [FXGL Background Thread 3 ] DEBUG Engine               - Logging environment variables
15:14:41.037 [FXGL Background Thread 3 ] DEBUG Engine               - achievements: []
15:14:41.037 [FXGL Background Thread 3 ] DEBUG Engine               - actualHeight: 672.0
15:14:41.038 [FXGL Background Thread 3 ] DEBUG Engine               - actualHeightProperty: ReadOnlyDoubleProperty [value: 672.0]
15:14:41.038 [FXGL Background Thread 3 ] DEBUG Engine               - actualWidth: 816.0
15:14:41.038 [FXGL Background Thread 3 ] DEBUG Engine               - actualWidthProperty: ReadOnlyDoubleProperty [value: 816.0]
15:14:41.038 [FXGL Background Thread 3 ] DEBUG Engine               - appIcon: fxgl_icon.png
15:14:41.038 [FXGL Background Thread 3 ] DEBUG Engine               - applicationMode: DEVELOPER
15:14:41.038 [FXGL Background Thread 3 ] DEBUG Engine               - cSSList: [fxgl_dark.css]
15:14:41.039 [FXGL Background Thread 3 ] DEBUG Engine               - collisionDetectionStrategy: BRUTE_FORCE
15:14:41.040 [FXGL Background Thread 3 ] DEBUG Engine               - configClass: Optional.empty
15:14:41.040 [FXGL Background Thread 3 ] DEBUG Engine               - credits: []
15:14:41.041 [FXGL Background Thread 3 ] DEBUG Engine               - defaultCursor: CursorInfo(imageName=fxgl_default_cursor.png, hotspotX=7.0, hotspotY=6.0)
15:14:41.041 [FXGL Background Thread 3 ] DEBUG Engine               - devBBoxColorProperty: ObjectProperty [value: 0xff0000ff]
15:14:41.042 [FXGL Background Thread 3 ] DEBUG Engine               - devEnableDebugCameraProperty: BooleanProperty [value: false]
15:14:41.042 [FXGL Background Thread 3 ] DEBUG Engine               - devSensorColorProperty: ObjectProperty [value: 0xffff00ff]
15:14:41.042 [FXGL Background Thread 3 ] DEBUG Engine               - devShowBBoxProperty: BooleanProperty [value: false]
15:14:41.042 [FXGL Background Thread 3 ] DEBUG Engine               - devShowPositionProperty: BooleanProperty [value: false]
15:14:41.042 [FXGL Background Thread 3 ] DEBUG Engine               - enabledMenuItems: []
15:14:41.042 [FXGL Background Thread 3 ] DEBUG Engine               - engineServices: [class com.almasb.fxgl.app.services.FXGLAssetLoaderService, class com.almasb.fxgl.app.FXGLApplication$GameApplicationService, class com.almasb.fxgl.app.services.FXGLDialogService, class com.almasb.fxgl.app.services.IOTaskExecutorService, class com.almasb.fxgl.io.FileSystemService, class com.almasb.fxgl.localization.LocalizationService, class com.almasb.fxgl.app.services.SystemBundleService, class com.almasb.fxgl.profile.SaveLoadService, class com.almasb.fxgl.ui.FXGLUIFactoryServiceProvider, class com.almasb.fxgl.ui.FXGLDialogFactoryServiceProvider, class com.almasb.fxgl.audio.AudioPlayer, class com.almasb.fxgl.notification.impl.NotificationServiceProvider, class com.almasb.fxgl.achievement.AchievementService, class com.almasb.fxgl.cutscene.CutsceneService, class com.almasb.fxgl.minigames.MiniGameService, class com.almasb.fxgl.net.NetService, class com.almasb.fxgl.app.services.UpdaterService, class com.almasb.fxgl.dev.DevService]
15:14:41.042 [FXGL Background Thread 3 ] DEBUG Engine               - fontGame: Abel-Regular.ttf
15:14:41.043 [FXGL Background Thread 3 ] DEBUG Engine               - fontMono: TerminalLandMono-Regular.otf
15:14:41.043 [FXGL Background Thread 3 ] DEBUG Engine               - fontSizeScaleUI: 1.0
15:14:41.043 [FXGL Background Thread 3 ] DEBUG Engine               - fontText: Courier-Prime.ttf
15:14:41.043 [FXGL Background Thread 3 ] DEBUG Engine               - fontUI: VarelaRound-Regular.ttf
15:14:41.043 [FXGL Background Thread 3 ] DEBUG Engine               - fullScreen: BooleanProperty [value: false]
15:14:41.043 [FXGL Background Thread 3 ] DEBUG Engine               - gameDifficulty: MEDIUM
15:14:41.043 [FXGL Background Thread 3 ] DEBUG Engine               - gameDifficultyProperty: ObjectProperty [value: MEDIUM]
15:14:41.043 [FXGL Background Thread 3 ] DEBUG Engine               - globalMusicVolume: 0.5
15:14:41.043 [FXGL Background Thread 3 ] DEBUG Engine               - globalMusicVolumeProperty: DoubleProperty [value: 0.5]
15:14:41.043 [FXGL Background Thread 3 ] DEBUG Engine               - globalSoundVolume: 0.5
15:14:41.043 [FXGL Background Thread 3 ] DEBUG Engine               - globalSoundVolumeProperty: DoubleProperty [value: 0.5]
15:14:41.043 [FXGL Background Thread 3 ] DEBUG Engine               - height: 672
15:14:41.044 [FXGL Background Thread 3 ] DEBUG Engine               - is3D: false
15:14:41.044 [FXGL Background Thread 3 ] DEBUG Engine               - isAndroid: false
15:14:41.044 [FXGL Background Thread 3 ] DEBUG Engine               - isBrowser: false
15:14:41.044 [FXGL Background Thread 3 ] DEBUG Engine               - isClickFeedbackEnabled: false
15:14:41.044 [FXGL Background Thread 3 ] DEBUG Engine               - isCloseConfirmation: false
15:14:41.044 [FXGL Background Thread 3 ] DEBUG Engine               - isDesktop: true
15:14:41.044 [FXGL Background Thread 3 ] DEBUG Engine               - isDeveloperMenuEnabled: false
15:14:41.044 [FXGL Background Thread 3 ] DEBUG Engine               - isEmbedded: false
15:14:41.044 [FXGL Background Thread 3 ] DEBUG Engine               - isEntityPreloadEnabled: true
15:14:41.044 [FXGL Background Thread 3 ] DEBUG Engine               - isExperimentalTiledLargeMap: false
15:14:41.044 [FXGL Background Thread 3 ] DEBUG Engine               - isFileSystemWriteAllowed: true
15:14:41.044 [FXGL Background Thread 3 ] DEBUG Engine               - isFullScreenAllowed: false
15:14:41.044 [FXGL Background Thread 3 ] DEBUG Engine               - isFullScreenFromStart: false
15:14:41.044 [FXGL Background Thread 3 ] DEBUG Engine               - isGameMenuEnabled: true
15:14:41.044 [FXGL Background Thread 3 ] DEBUG Engine               - isIOS: false
15:14:41.044 [FXGL Background Thread 3 ] DEBUG Engine               - isIntroEnabled: false
15:14:41.044 [FXGL Background Thread 3 ] DEBUG Engine               - isLinux: false
15:14:41.044 [FXGL Background Thread 3 ] DEBUG Engine               - isMac: true
15:14:41.044 [FXGL Background Thread 3 ] DEBUG Engine               - isMainMenuEnabled: false
15:14:41.044 [FXGL Background Thread 3 ] DEBUG Engine               - isManualResizeEnabled: false
15:14:41.045 [FXGL Background Thread 3 ] DEBUG Engine               - isMobile: false
15:14:41.045 [FXGL Background Thread 3 ] DEBUG Engine               - isNative: false
15:14:41.045 [FXGL Background Thread 3 ] DEBUG Engine               - isPauseMusicWhenMinimized: true
15:14:41.045 [FXGL Background Thread 3 ] DEBUG Engine               - isPreserveResizeRatio: false
15:14:41.045 [FXGL Background Thread 3 ] DEBUG Engine               - isProfilingEnabled: false
15:14:41.045 [FXGL Background Thread 3 ] DEBUG Engine               - isScaleAffectedOnResize: true
15:14:41.045 [FXGL Background Thread 3 ] DEBUG Engine               - isSingleStep: false
15:14:41.045 [FXGL Background Thread 3 ] DEBUG Engine               - isUserProfileEnabled: false
15:14:41.045 [FXGL Background Thread 3 ] DEBUG Engine               - isWindows: false
15:14:41.045 [FXGL Background Thread 3 ] DEBUG Engine               - language: ObjectProperty [value: ENGLISH]
15:14:41.046 [FXGL Background Thread 3 ] DEBUG Engine               - menuKey: ESCAPE
15:14:41.046 [FXGL Background Thread 3 ] DEBUG Engine               - mouseSensitivity: 0.2
15:14:41.046 [FXGL Background Thread 3 ] DEBUG Engine               - notificationViewClass: class com.almasb.fxgl.notification.view.XboxNotificationView
15:14:41.046 [FXGL Background Thread 3 ] DEBUG Engine               - pixelsPerMeter: 50.0
15:14:41.046 [FXGL Background Thread 3 ] DEBUG Engine               - platform: MAC
15:14:41.046 [FXGL Background Thread 3 ] DEBUG Engine               - prefHeightProperty: ReadOnlyDoubleProperty [value: 672.0]
15:14:41.046 [FXGL Background Thread 3 ] DEBUG Engine               - prefWidthProperty: ReadOnlyDoubleProperty [value: 816.0]
15:14:41.046 [FXGL Background Thread 3 ] DEBUG Engine               - profileDir: profiles/
15:14:41.046 [FXGL Background Thread 3 ] DEBUG Engine               - profileName: StringProperty [value: DEFAULT]
15:14:41.046 [FXGL Background Thread 3 ] DEBUG Engine               - randomSeed: -1
15:14:41.047 [FXGL Background Thread 3 ] DEBUG Engine               - runtimeInfo: RuntimeInfo(platform=MAC, version=21.1, build=27.03.2024 07.52)
15:14:41.047 [FXGL Background Thread 3 ] DEBUG Engine               - saveFileExt: sav
15:14:41.047 [FXGL Background Thread 3 ] DEBUG Engine               - scaledHeightProp$fxgl: DoubleProperty [bound, value: 672.0]
15:14:41.047 [FXGL Background Thread 3 ] DEBUG Engine               - scaledWidthProp$fxgl: DoubleProperty [bound, value: 816.0]
15:14:41.047 [FXGL Background Thread 3 ] DEBUG Engine               - sceneFactory: com.almasb.fxgl.app.scene.SceneFactory@356fdfde
15:14:41.047 [FXGL Background Thread 3 ] DEBUG Engine               - secondsIn24h: 60
15:14:41.047 [FXGL Background Thread 3 ] DEBUG Engine               - soundMenuBack: menu/back.wav
15:14:41.047 [FXGL Background Thread 3 ] DEBUG Engine               - soundMenuPress: menu/press.wav
15:14:41.047 [FXGL Background Thread 3 ] DEBUG Engine               - soundMenuSelect: menu/select.wav
15:14:41.047 [FXGL Background Thread 3 ] DEBUG Engine               - soundNotification: core/notification.wav
15:14:41.047 [FXGL Background Thread 3 ] DEBUG Engine               - stageStyle: DECORATED
15:14:41.047 [FXGL Background Thread 3 ] DEBUG Engine               - supportedLanguages: [ENGLISH, FRENCH, GERMAN, HUNGARIAN, RUSSIAN]
15:14:41.047 [FXGL Background Thread 3 ] DEBUG Engine               - ticksPerSecond: -1
15:14:41.048 [FXGL Background Thread 3 ] DEBUG Engine               - title: Tank
15:14:41.048 [FXGL Background Thread 3 ] DEBUG Engine               - urlGithub: https://github.com/AlmasB/FXGL
15:14:41.048 [FXGL Background Thread 3 ] DEBUG Engine               - urlLeaderboard: http://fxgl-top.herokuapp.com/
15:14:41.048 [FXGL Background Thread 3 ] DEBUG Engine               - urlPOM: https://raw.githubusercontent.com/AlmasB/FXGL/release/README.md
15:14:41.048 [FXGL Background Thread 3 ] DEBUG Engine               - userAppClass: class de.dywebstudio.tanks.TankApp
15:14:41.048 [FXGL Background Thread 3 ] DEBUG Engine               - version: 1.0
15:14:41.048 [FXGL Background Thread 3 ] DEBUG Engine               - versionCheckDays: 7
15:14:41.048 [FXGL Background Thread 3 ] DEBUG Engine               - width: 816
15:14:41.048 [FXGL Background Thread 3 ] DEBUG Engine               - Logging services
15:14:41.048 [FXGL Background Thread 3 ] DEBUG Engine               - class com.almasb.fxgl.app.services.FXGLAssetLoaderService
15:14:41.048 [FXGL Background Thread 3 ] DEBUG Engine               - class com.almasb.fxgl.app.FXGLApplication$GameApplicationService
15:14:41.048 [FXGL Background Thread 3 ] DEBUG Engine               - class com.almasb.fxgl.app.services.FXGLDialogService
15:14:41.048 [FXGL Background Thread 3 ] DEBUG Engine               - class com.almasb.fxgl.app.services.IOTaskExecutorService
15:14:41.048 [FXGL Background Thread 3 ] DEBUG Engine               - class com.almasb.fxgl.io.FileSystemService
15:14:41.048 [FXGL Background Thread 3 ] DEBUG Engine               - class com.almasb.fxgl.localization.LocalizationService
15:14:41.048 [FXGL Background Thread 3 ] DEBUG Engine               - class com.almasb.fxgl.app.services.SystemBundleService
15:14:41.048 [FXGL Background Thread 3 ] DEBUG Engine               - class com.almasb.fxgl.profile.SaveLoadService
15:14:41.048 [FXGL Background Thread 3 ] DEBUG Engine               - class com.almasb.fxgl.ui.FXGLUIFactoryServiceProvider
15:14:41.048 [FXGL Background Thread 3 ] DEBUG Engine               - class com.almasb.fxgl.ui.FXGLDialogFactoryServiceProvider
15:14:41.048 [FXGL Background Thread 3 ] DEBUG Engine               - class com.almasb.fxgl.audio.AudioPlayer
15:14:41.048 [FXGL Background Thread 3 ] DEBUG Engine               - class com.almasb.fxgl.notification.impl.NotificationServiceProvider
15:14:41.048 [FXGL Background Thread 3 ] DEBUG Engine               - class com.almasb.fxgl.achievement.AchievementService
15:14:41.048 [FXGL Background Thread 3 ] DEBUG Engine               - class com.almasb.fxgl.cutscene.CutsceneService
15:14:41.048 [FXGL Background Thread 3 ] DEBUG Engine               - class com.almasb.fxgl.minigames.MiniGameService
15:14:41.048 [FXGL Background Thread 3 ] DEBUG Engine               - class com.almasb.fxgl.net.NetService
15:14:41.049 [FXGL Background Thread 3 ] DEBUG Engine               - class com.almasb.fxgl.app.services.UpdaterService
15:14:41.049 [FXGL Background Thread 3 ] DEBUG Engine               - class com.almasb.fxgl.dev.DevService
15:14:51.757 [JavaFX Application Thread] DEBUG LoopRunner           - Stopping loop
15:14:51.758 [JavaFX Application Thread] FATAL FXGLApplication      - Uncaught Exception:
java.lang.IllegalArgumentException: Component TankComponent not found!
	at com.almasb.fxgl.entity@21.1/com.almasb.fxgl.entity.Entity.getComponent(Entity.java:366)
	at de.dywebstudio.tanks/de.dywebstudio.tanks.TankApp.lambda$initInput$1(TankApp.java:62)
	at com.almasb.fxgl.all@21.1/com.almasb.fxgl.dsl.FXGL$Companion$onKey$1.onAction(FXGL.kt:493)
	at com.almasb.fxgl.core@21.1/com.almasb.fxgl.input.UserAction.action$fxgl_core(UserAction.kt:38)
	at com.almasb.fxgl.core@21.1/com.almasb.fxgl.input.Input.update(Input.kt:278)
	at com.almasb.fxgl.scene@21.1/com.almasb.fxgl.scene.Scene.update(Scene.kt:103)
	at com.almasb.fxgl.all@21.1/com.almasb.fxgl.app.MainWindow$update$1.invoke(MainWindow.kt:121)
	at com.almasb.fxgl.all@21.1/com.almasb.fxgl.app.MainWindow$update$1.invoke(MainWindow.kt:121)
	at com.almasb.fxgl.core@21.1/com.almasb.fxgl.core.fsm.StateMachine.runOnActiveStates(StateMachine.kt:69)
	at com.almasb.fxgl.all@21.1/com.almasb.fxgl.app.MainWindow.update(MainWindow.kt:121)
	at com.almasb.fxgl.all@21.1/com.almasb.fxgl.app.FXGLApplication$GameApplicationService.onUpdate(FXGLApplication.kt:445)
	at com.almasb.fxgl.all@21.1/com.almasb.fxgl.app.Engine.loop(Engine.kt:134)
	at com.almasb.fxgl.all@21.1/com.almasb.fxgl.app.Engine.access$loop(Engine.kt:24)
	at com.almasb.fxgl.all@21.1/com.almasb.fxgl.app.Engine$loop$1.invoke(Engine.kt:28)
	at com.almasb.fxgl.all@21.1/com.almasb.fxgl.app.Engine$loop$1.invoke(Engine.kt:28)
	at com.almasb.fxgl.all@21.1/com.almasb.fxgl.app.LoopRunner.frame(LoopRunner.kt:103)
	at com.almasb.fxgl.all@21.1/com.almasb.fxgl.app.LoopRunner.access$frame(LoopRunner.kt:23)
	at com.almasb.fxgl.all@21.1/com.almasb.fxgl.app.LoopRunner$impl$2$1.onTick(LoopRunner.kt:57)
	at com.almasb.fxgl.all@21.1/com.almasb.fxgl.app.AnimationTimerLoop$timer$1.handle(LoopRunner.kt:137)
	at javafx.graphics@22.0.1/javafx.animation.AnimationTimer$AnimationTimerReceiver.lambda$handle$0(AnimationTimer.java:60)
	at java.base/java.security.AccessController.doPrivileged(AccessController.java:400)
	at javafx.graphics@22.0.1/javafx.animation.AnimationTimer$AnimationTimerReceiver.handle(AnimationTimer.java:59)
	at javafx.graphics@22.0.1/com.sun.scenario.animation.AbstractPrimaryTimer.timePulseImpl(AbstractPrimaryTimer.java:356)
	at javafx.graphics@22.0.1/com.sun.scenario.animation.AbstractPrimaryTimer$MainLoop.run(AbstractPrimaryTimer.java:266)
	at javafx.graphics@22.0.1/com.sun.javafx.tk.quantum.QuantumToolkit.pulse(QuantumToolkit.java:594)
	at javafx.graphics@22.0.1/com.sun.javafx.tk.quantum.QuantumToolkit.pulse(QuantumToolkit.java:578)
	at javafx.graphics@22.0.1/com.sun.javafx.tk.quantum.QuantumToolkit.pulseFromQueue(QuantumToolkit.java:571)
	at javafx.graphics@22.0.1/com.sun.javafx.tk.quantum.QuantumToolkit.lambda$runToolkit$11(QuantumToolkit.java:352)
	at javafx.graphics@22.0.1/com.sun.glass.ui.InvokeLaterDispatcher$Future.run(InvokeLaterDispatcher.java:95)

15:14:51.758 [JavaFX Application Thread] FATAL FXGLApplication      - Application will now exit
15:14:51.782 [JavaFX Application Thread] DEBUG PrimaryStageWindow   - Push state: ErrorSubScene
15:14:51.783 [JavaFX Application Thread] DEBUG Input                - Clearing active input actions
15:14:51.789 [JavaFX Application Thread] DEBUG GameApplicationServi - Removing overlay from GameScene and adding to ErrorSubScene
15:14:51.789 [JavaFX Application Thread] DEBUG PrimaryStageWindow   - GameScene -> ErrorSubScene
15:14:54.597 [JavaFX Application Thread] DEBUG FXGLApplication      - Exiting FXGL
15:14:54.597 [JavaFX Application Thread] DEBUG Async                - Shutting down background threads
15:14:54.598 [JavaFX Application Thread] DEBUG PrimaryStageWindow   - Closing main window
15:14:54.612 [JavaFX Application Thread] DEBUG Logger               - Closing Logger
