14:57:42.297 [main                     ] DEBUG Logger               - Configured Logger
14:57:42.364 [main                     ] DEBUG GameApplication      - Logging settings
Title: Tank
Version: 1.0
Width: 816
Height: 672
Fullscreen: false
Intro: false
Profiling: false
Single step:false
App Mode: DEVELOPER
Menu Key: ESCAPE
Stage Style: DECORATED
Scene Factory: class com.almasb.fxgl.app.scene.SceneFactory

14:57:43.005 [JavaFX Application Thread] DEBUG FXGLApplication      - Initializing FXGL
14:57:43.013 [JavaFX Application Thread] INFO  Engine               - FXGL-21.1 (27.03.2024 07.52) on MAC (J:22.0.2 FX:22.0.1)
14:57:43.014 [JavaFX Application Thread] DEBUG Engine               - JRE Vendor Name: Oracle Corporation
14:57:43.014 [JavaFX Application Thread] DEBUG Engine               - Running on OS: Mac OS X version 14.6.1
14:57:43.015 [JavaFX Application Thread] DEBUG Engine               - Architecture: x86_64
14:57:43.015 [JavaFX Application Thread] INFO  Engine               - Source code and latest versions at: https://github.com/AlmasB/FXGL
14:57:43.015 [JavaFX Application Thread] INFO  Engine               -       Ask questions and discuss at: https://github.com/AlmasB/FXGL/discussions
14:57:43.015 [JavaFX Application Thread] INFO  Engine               -              Join the FXGL chat at: https://gitter.im/AlmasB/FXGL
14:57:43.234 [JavaFX Application Thread] DEBUG PrimaryStageWindow   - Creating a JavaFX scene
14:57:43.329 [JavaFX Application Thread] DEBUG PrimaryStageWindow   - Target settings size: 816.0 x 672.0
14:57:43.330 [JavaFX Application Thread] DEBUG PrimaryStageWindow   - Scaled scene size:    816.0 x 672.0
14:57:43.330 [JavaFX Application Thread] DEBUG PrimaryStageWindow   - Scaled ratio: (1.0, 1.0)
14:57:43.332 [JavaFX Application Thread] DEBUG PrimaryStageWindow   - Set initial scene to FXGLStartupScene
14:57:43.336 [JavaFX Application Thread] DEBUG PrimaryStageWindow   - Opening main window
14:57:43.490 [JavaFX Application Thread] DEBUG PrimaryStageWindow   - Window border size: (0.0, 28.0)
14:57:43.490 [JavaFX Application Thread] DEBUG PrimaryStageWindow   - Scaled size: 816.0 x 672.0
14:57:43.491 [JavaFX Application Thread] DEBUG PrimaryStageWindow   - Scaled ratio: (1.0, 1.0)
14:57:43.491 [JavaFX Application Thread] DEBUG PrimaryStageWindow   - Scene size: 816.0 x 672.0
14:57:43.492 [JavaFX Application Thread] DEBUG PrimaryStageWindow   - Stage size: 816.0 x 700.0
14:57:43.508 [FXGL Background Thread 1 ] DEBUG Engine               - Initializing environment variables
14:57:43.647 [FXGL Background Thread 1 ] DEBUG FXGLAssetLoaderServi - User app class for loading assets: class de.dywebstudio.tanks.TankApp
14:57:43.647 [FXGL Background Thread 1 ] DEBUG GameApplicationServi - Applying CSS: fxgl_dark.css
14:57:43.650 [FXGL Background Thread 1 ] DEBUG FXGLAssetLoaderServi - Loading from file system: jar:file:///Users/dy/.m2/repository/com/github/almasb/fxgl/21.1/fxgl-21.1.jar!/fxglassets/ui/css/fxgl_dark.css
14:57:43.884 [FXGL Background Thread 1 ] DEBUG GameApplicationServi - Initializing application scenes
14:57:44.388 [FXGL Background Thread 1 ] DEBUG GameWorld            - Game world initialized
14:57:44.472 [FXGL Background Thread 1 ] DEBUG PhysicsWorld         - Physics world initialized: appHeight=672, physics.ppm=50,0
14:57:44.473 [FXGL Background Thread 1 ] DEBUG PhysicsWorld         - Using strategy: BRUTE_FORCE
14:57:44.482 [FXGL Background Thread 1 ] DEBUG GameScene            - Game scene initialized: 816x672
14:57:44.502 [FXGL Background Thread 1 ] DEBUG FXGL.DefaultMenu     - createMenuBodyGameMenu()
14:57:44.537 [FXGL Background Thread 1 ] DEBUG FXGL.DefaultMenu     - createOptionsMenu()
14:57:44.560 [FXGL Background Thread 1 ] DEBUG FXGLAssetLoaderServi - Loading from file system: jar:file:///Users/dy/.m2/repository/com/github/almasb/fxgl/21.1/fxgl-21.1.jar!/fxglassets/textures/particles/smoke.png
14:57:44.773 [FXGL Background Thread 1 ] DEBUG FXGLAssetLoaderServi - Loading from file system: jar:file:///Users/dy/.m2/repository/com/github/almasb/fxgl/21.1/fxgl-21.1.jar!/fxglassets/textures/particles/trace_horizontal.png
14:57:44.810 [FXGL Background Thread 1 ] DEBUG GameApplicationServi - Application scenes initialized
14:57:44.836 [FXGL Background Thread 1 ] DEBUG SystemBundleService  - Loading FXGL system data
14:57:44.842 [FXGL Background Thread 1 ] DEBUG FileSystemAccess     - Reading from: /Users/dy/Desktop/alfa/Java/Projectarbeit/Tanks/system/fxgl.bundle
14:57:44.856 [FXGL Background Thread 1 ] DEBUG SystemBundleService  - Bundle FXGL: {}
14:57:44.856 [FXGL Background Thread 1 ] DEBUG UpdaterService       - Checking for updates
14:57:44.870 [FXGL Background Thread 4 ] DEBUG FXGLApplication      - Loading fonts
14:57:44.871 [FXGL Background Thread 1 ] DEBUG FXGLApplication      - Loading default localization
14:57:44.871 [FXGL Background Thread 4 ] DEBUG FXGLAssetLoaderServi - Loading from file system: jar:file:///Users/dy/.m2/repository/com/github/almasb/fxgl/21.1/fxgl-21.1.jar!/fxglassets/ui/fonts/VarelaRound-Regular.ttf
14:57:44.872 [FXGL Background Thread 1 ] DEBUG FXGLAssetLoaderServi - Loading from file system: jar:file:///Users/dy/.m2/repository/com/github/almasb/fxgl/21.1/fxgl-21.1.jar!/fxglassets/languages/english.lang
14:57:44.901 [FXGL Background Thread 1 ] INFO  FXGLApplication      - FXGL initialization took: 1,393 sec
14:57:44.906 [FXGL Background Thread 4 ] DEBUG FXGLAssetLoaderServi - Loading from file system: jar:file:///Users/dy/.m2/repository/com/github/almasb/fxgl/21.1/fxgl-21.1.jar!/fxglassets/ui/fonts/Abel-Regular.ttf
14:57:44.912 [FXGL Background Thread 4 ] DEBUG FXGLAssetLoaderServi - Loading from file system: jar:file:///Users/dy/.m2/repository/com/github/almasb/fxgl/21.1/fxgl-21.1.jar!/fxglassets/ui/fonts/TerminalLandMono-Regular.otf
14:57:44.920 [JavaFX Application Thread] DEBUG Input                - Registered new binding: action0 - W
14:57:44.921 [JavaFX Application Thread] DEBUG Input                - Registered new binding: action1 - S
14:57:44.922 [JavaFX Application Thread] DEBUG Input                - Registered new binding: action2 - A
14:57:44.922 [FXGL Background Thread 4 ] DEBUG FXGLAssetLoaderServi - Loading from file system: jar:file:///Users/dy/.m2/repository/com/github/almasb/fxgl/21.1/fxgl-21.1.jar!/fxglassets/ui/fonts/Courier-Prime.ttf
14:57:44.922 [JavaFX Application Thread] DEBUG Input                - Registered new binding: action3 - D
14:57:44.923 [JavaFX Application Thread] DEBUG Input                - Registered new binding: action4 - Space
14:57:44.923 [JavaFX Application Thread] DEBUG FXGLAssetLoaderServi - Loading from file system: jar:file:///Users/dy/.m2/repository/com/github/almasb/fxgl/21.1/fxgl-21.1.jar!/fxglassets/textures/fxgl_icon.png
14:57:44.962 [JavaFX Application Thread] DEBUG FXGLAssetLoaderServi - Loading from file system: jar:file:///Users/dy/.m2/repository/com/github/almasb/fxgl/21.1/fxgl-21.1.jar!/fxglassets/textures/fxgl_default_cursor.png
14:57:44.965 [JavaFX Application Thread] DEBUG Input                - Registered new binding: Screenshot - CTRL+8
14:57:44.965 [JavaFX Application Thread] DEBUG Input                - Registered new binding: System info dump - CTRL+9
14:57:44.966 [JavaFX Application Thread] DEBUG Input                - Registered new binding: Restart - CTRL+R
14:57:44.967 [JavaFX Application Thread] DEBUG Input                - Registered new binding: Toggle Debug Camera - CTRL+7
14:57:44.971 [JavaFX Application Thread] DEBUG LoopRunner           - Starting loop
14:57:44.972 [JavaFX Application Thread] DEBUG LoopRunner           - Initializing JavaFX AnimationTimerLoop
14:57:44.974 [JavaFX Application Thread] DEBUG GameApplicationServi - Starting new game
14:57:44.975 [JavaFX Application Thread] DEBUG Input                - Clearing active input actions
14:57:44.994 [JavaFX Application Thread] DEBUG GameApplicationServi - Removing overlay from FXGLStartupScene and adding to FXGLLoadingScene
14:57:44.994 [JavaFX Application Thread] DEBUG PrimaryStageWindow   - FXGLStartupScene -> FXGLLoadingScene
14:57:44.995 [JavaFX Application Thread] DEBUG GameApplicationServi - Clearing previous game
14:57:44.995 [JavaFX Application Thread] DEBUG GameScene            - Clearing game scene
14:57:44.995 [JavaFX Application Thread] DEBUG GameWorld            - Clearing game world
14:57:44.995 [JavaFX Application Thread] DEBUG PhysicsWorld         - Clearing physics world
14:57:44.997 [FXGL Background Thread 4 ] DEBUG FXGLApplication      - Initializing game
14:57:45.041 [JavaFX Application Thread] DEBUG FXGLApplication      - Registering font factories with UI factory
14:57:45.133 [FXGL Background Thread 4 ] WARN  TMXLevelLoader       - TiledMap generated from 1.11.0. Supported version: 1.9.0. Some features may not be parsed fully.
14:57:45.206 [FXGL Background Thread 4 ] DEBUG TMXLevelLoader       - Parsed TiledMap: file:/Users/dy/Desktop/alfa/Java/Projectarbeit/Tanks/target/classes/assets/levels/level.tmx
14:57:45.207 [FXGL Background Thread 4 ] DEBUG TMXLevelLoader       - Creating tile layer entities
14:57:45.208 [FXGL Background Thread 4 ] DEBUG TMXLevelLoader       - Creating object layer entities
14:57:45.296 [FXGL Background Thread 4 ] DEBUG FXGLAssetLoaderServi - Loading from file system: file:/Users/dy/Desktop/alfa/Java/Projectarbeit/Tanks/target/classes/assets/textures/items/sea_animation.png
14:57:45.635 [FXGL Background Thread 4 ] DEBUG GameWorld            - Clearing removable entities
14:57:45.638 [FXGL Background Thread 4 ] DEBUG GameWorld            - Setting level: com.almasb.fxgl.entity.level.Level@2fcde60c
14:57:45.658 [FXGL Background Thread 4 ] DEBUG FXGLAssetLoaderServi - Loading from file system: file:/Users/dy/Desktop/alfa/Java/Projectarbeit/Tanks/target/classes/assets/textures/tanks/player.png
14:57:45.669 [FXGL Background Thread 4 ] DEBUG FXGLAssetLoaderServi - Loading from file system: file:/Users/dy/Desktop/alfa/Java/Projectarbeit/Tanks/target/classes/assets/textures/tanks/T5.png
14:57:45.677 [FXGL Background Thread 4 ] DEBUG FXGLAssetLoaderServi - Loading from file system: file:/Users/dy/Desktop/alfa/Java/Projectarbeit/Tanks/target/classes/assets/textures/tanks/T4.png
14:57:45.681 [FXGL Background Thread 4 ] DEBUG FXGLAssetLoaderServi - Loading from file system: file:/Users/dy/Desktop/alfa/Java/Projectarbeit/Tanks/target/classes/assets/textures/tanks/T6.png
14:57:45.687 [FXGL Background Thread 4 ] INFO  FXGLApplication      - Game initialization took: 0,689 sec
14:57:45.689 [JavaFX Application Thread] DEBUG Input                - Clearing active input actions
14:57:45.724 [JavaFX Application Thread] DEBUG GameApplicationServi - Removing overlay from FXGLLoadingScene and adding to GameScene
14:57:45.724 [JavaFX Application Thread] DEBUG PrimaryStageWindow   - FXGLLoadingScene -> GameScene
14:57:46.240 [JavaFX Application Thread] DEBUG FXGLAssetLoaderServi - Loading from file system: file:/Users/dy/Desktop/alfa/Java/Projectarbeit/Tanks/target/classes/assets/textures/items/bullet/norm.png
14:57:47.867 [FXGL Background Thread 3 ] DEBUG Engine               - Logging environment variables
14:57:47.868 [FXGL Background Thread 3 ] DEBUG Engine               - achievements: []
14:57:47.868 [FXGL Background Thread 3 ] DEBUG Engine               - actualHeight: 672.0
14:57:47.868 [FXGL Background Thread 3 ] DEBUG Engine               - actualHeightProperty: ReadOnlyDoubleProperty [value: 672.0]
14:57:47.868 [FXGL Background Thread 3 ] DEBUG Engine               - actualWidth: 816.0
14:57:47.868 [FXGL Background Thread 3 ] DEBUG Engine               - actualWidthProperty: ReadOnlyDoubleProperty [value: 816.0]
14:57:47.868 [FXGL Background Thread 3 ] DEBUG Engine               - appIcon: fxgl_icon.png
14:57:47.868 [FXGL Background Thread 3 ] DEBUG Engine               - applicationMode: DEVELOPER
14:57:47.868 [FXGL Background Thread 3 ] DEBUG Engine               - cSSList: [fxgl_dark.css]
14:57:47.868 [FXGL Background Thread 3 ] DEBUG Engine               - collisionDetectionStrategy: BRUTE_FORCE
14:57:47.868 [FXGL Background Thread 3 ] DEBUG Engine               - configClass: Optional.empty
14:57:47.869 [FXGL Background Thread 3 ] DEBUG Engine               - credits: []
14:57:47.869 [FXGL Background Thread 3 ] DEBUG Engine               - defaultCursor: CursorInfo(imageName=fxgl_default_cursor.png, hotspotX=7.0, hotspotY=6.0)
14:57:47.869 [FXGL Background Thread 3 ] DEBUG Engine               - devBBoxColorProperty: ObjectProperty [value: 0xff0000ff]
14:57:47.869 [FXGL Background Thread 3 ] DEBUG Engine               - devEnableDebugCameraProperty: BooleanProperty [value: false]
14:57:47.869 [FXGL Background Thread 3 ] DEBUG Engine               - devSensorColorProperty: ObjectProperty [value: 0xffff00ff]
14:57:47.870 [FXGL Background Thread 3 ] DEBUG Engine               - devShowBBoxProperty: BooleanProperty [value: false]
14:57:47.870 [FXGL Background Thread 3 ] DEBUG Engine               - devShowPositionProperty: BooleanProperty [value: false]
14:57:47.870 [FXGL Background Thread 3 ] DEBUG Engine               - enabledMenuItems: []
14:57:47.870 [FXGL Background Thread 3 ] DEBUG Engine               - engineServices: [class com.almasb.fxgl.app.services.FXGLAssetLoaderService, class com.almasb.fxgl.app.FXGLApplication$GameApplicationService, class com.almasb.fxgl.app.services.FXGLDialogService, class com.almasb.fxgl.app.services.IOTaskExecutorService, class com.almasb.fxgl.io.FileSystemService, class com.almasb.fxgl.localization.LocalizationService, class com.almasb.fxgl.app.services.SystemBundleService, class com.almasb.fxgl.profile.SaveLoadService, class com.almasb.fxgl.ui.FXGLUIFactoryServiceProvider, class com.almasb.fxgl.ui.FXGLDialogFactoryServiceProvider, class com.almasb.fxgl.audio.AudioPlayer, class com.almasb.fxgl.notification.impl.NotificationServiceProvider, class com.almasb.fxgl.achievement.AchievementService, class com.almasb.fxgl.cutscene.CutsceneService, class com.almasb.fxgl.minigames.MiniGameService, class com.almasb.fxgl.net.NetService, class com.almasb.fxgl.app.services.UpdaterService, class com.almasb.fxgl.dev.DevService]
14:57:47.870 [FXGL Background Thread 3 ] DEBUG Engine               - fontGame: Abel-Regular.ttf
14:57:47.870 [FXGL Background Thread 3 ] DEBUG Engine               - fontMono: TerminalLandMono-Regular.otf
14:57:47.870 [FXGL Background Thread 3 ] DEBUG Engine               - fontSizeScaleUI: 1.0
14:57:47.870 [FXGL Background Thread 3 ] DEBUG Engine               - fontText: Courier-Prime.ttf
14:57:47.870 [FXGL Background Thread 3 ] DEBUG Engine               - fontUI: VarelaRound-Regular.ttf
14:57:47.870 [FXGL Background Thread 3 ] DEBUG Engine               - fullScreen: BooleanProperty [value: false]
14:57:47.870 [FXGL Background Thread 3 ] DEBUG Engine               - gameDifficulty: MEDIUM
14:57:47.870 [FXGL Background Thread 3 ] DEBUG Engine               - gameDifficultyProperty: ObjectProperty [value: MEDIUM]
14:57:47.871 [FXGL Background Thread 3 ] DEBUG Engine               - globalMusicVolume: 0.5
14:57:47.871 [FXGL Background Thread 3 ] DEBUG Engine               - globalMusicVolumeProperty: DoubleProperty [value: 0.5]
14:57:47.871 [FXGL Background Thread 3 ] DEBUG Engine               - globalSoundVolume: 0.5
14:57:47.872 [FXGL Background Thread 3 ] DEBUG Engine               - globalSoundVolumeProperty: DoubleProperty [value: 0.5]
14:57:47.872 [FXGL Background Thread 3 ] DEBUG Engine               - height: 672
14:57:47.872 [FXGL Background Thread 3 ] DEBUG Engine               - is3D: false
14:57:47.872 [FXGL Background Thread 3 ] DEBUG Engine               - isAndroid: false
14:57:47.872 [FXGL Background Thread 3 ] DEBUG Engine               - isBrowser: false
14:57:47.872 [FXGL Background Thread 3 ] DEBUG Engine               - isClickFeedbackEnabled: false
14:57:47.872 [FXGL Background Thread 3 ] DEBUG Engine               - isCloseConfirmation: false
14:57:47.872 [FXGL Background Thread 3 ] DEBUG Engine               - isDesktop: true
14:57:47.873 [FXGL Background Thread 3 ] DEBUG Engine               - isDeveloperMenuEnabled: false
14:57:47.873 [FXGL Background Thread 3 ] DEBUG Engine               - isEmbedded: false
14:57:47.873 [FXGL Background Thread 3 ] DEBUG Engine               - isEntityPreloadEnabled: true
14:57:47.873 [FXGL Background Thread 3 ] DEBUG Engine               - isExperimentalTiledLargeMap: false
14:57:47.873 [FXGL Background Thread 3 ] DEBUG Engine               - isFileSystemWriteAllowed: true
14:57:47.873 [FXGL Background Thread 3 ] DEBUG Engine               - isFullScreenAllowed: false
14:57:47.873 [FXGL Background Thread 3 ] DEBUG Engine               - isFullScreenFromStart: false
14:57:47.873 [FXGL Background Thread 3 ] DEBUG Engine               - isGameMenuEnabled: true
14:57:47.873 [FXGL Background Thread 3 ] DEBUG Engine               - isIOS: false
14:57:47.873 [FXGL Background Thread 3 ] DEBUG Engine               - isIntroEnabled: false
14:57:47.873 [FXGL Background Thread 3 ] DEBUG Engine               - isLinux: false
14:57:47.874 [FXGL Background Thread 3 ] DEBUG Engine               - isMac: true
14:57:47.874 [FXGL Background Thread 3 ] DEBUG Engine               - isMainMenuEnabled: false
14:57:47.874 [FXGL Background Thread 3 ] DEBUG Engine               - isManualResizeEnabled: false
14:57:47.874 [FXGL Background Thread 3 ] DEBUG Engine               - isMobile: false
14:57:47.874 [FXGL Background Thread 3 ] DEBUG Engine               - isNative: false
14:57:47.874 [FXGL Background Thread 3 ] DEBUG Engine               - isPauseMusicWhenMinimized: true
14:57:47.874 [FXGL Background Thread 3 ] DEBUG Engine               - isPreserveResizeRatio: false
14:57:47.874 [FXGL Background Thread 3 ] DEBUG Engine               - isProfilingEnabled: false
14:57:47.874 [FXGL Background Thread 3 ] DEBUG Engine               - isScaleAffectedOnResize: true
14:57:47.874 [FXGL Background Thread 3 ] DEBUG Engine               - isSingleStep: false
14:57:47.874 [FXGL Background Thread 3 ] DEBUG Engine               - isUserProfileEnabled: false
14:57:47.874 [FXGL Background Thread 3 ] DEBUG Engine               - isWindows: false
14:57:47.874 [FXGL Background Thread 3 ] DEBUG Engine               - language: ObjectProperty [value: ENGLISH]
14:57:47.874 [FXGL Background Thread 3 ] DEBUG Engine               - menuKey: ESCAPE
14:57:47.875 [FXGL Background Thread 3 ] DEBUG Engine               - mouseSensitivity: 0.2
14:57:47.875 [FXGL Background Thread 3 ] DEBUG Engine               - notificationViewClass: class com.almasb.fxgl.notification.view.XboxNotificationView
14:57:47.875 [FXGL Background Thread 3 ] DEBUG Engine               - pixelsPerMeter: 50.0
14:57:47.875 [FXGL Background Thread 3 ] DEBUG Engine               - platform: MAC
14:57:47.875 [FXGL Background Thread 3 ] DEBUG Engine               - prefHeightProperty: ReadOnlyDoubleProperty [value: 672.0]
14:57:47.876 [FXGL Background Thread 3 ] DEBUG Engine               - prefWidthProperty: ReadOnlyDoubleProperty [value: 816.0]
14:57:47.876 [FXGL Background Thread 3 ] DEBUG Engine               - profileDir: profiles/
14:57:47.876 [FXGL Background Thread 3 ] DEBUG Engine               - profileName: StringProperty [value: DEFAULT]
14:57:47.876 [FXGL Background Thread 3 ] DEBUG Engine               - randomSeed: -1
14:57:47.877 [FXGL Background Thread 3 ] DEBUG Engine               - runtimeInfo: RuntimeInfo(platform=MAC, version=21.1, build=27.03.2024 07.52)
14:57:47.877 [FXGL Background Thread 3 ] DEBUG Engine               - saveFileExt: sav
14:57:47.878 [FXGL Background Thread 3 ] DEBUG Engine               - scaledHeightProp$fxgl: DoubleProperty [bound, value: 672.0]
14:57:47.878 [FXGL Background Thread 3 ] DEBUG Engine               - scaledWidthProp$fxgl: DoubleProperty [bound, value: 816.0]
14:57:47.878 [FXGL Background Thread 3 ] DEBUG Engine               - sceneFactory: com.almasb.fxgl.app.scene.SceneFactory@695bf222
14:57:47.878 [FXGL Background Thread 3 ] DEBUG Engine               - secondsIn24h: 60
14:57:47.879 [FXGL Background Thread 3 ] DEBUG Engine               - soundMenuBack: menu/back.wav
14:57:47.879 [FXGL Background Thread 3 ] DEBUG Engine               - soundMenuPress: menu/press.wav
14:57:47.879 [FXGL Background Thread 3 ] DEBUG Engine               - soundMenuSelect: menu/select.wav
14:57:47.879 [FXGL Background Thread 3 ] DEBUG Engine               - soundNotification: core/notification.wav
14:57:47.879 [FXGL Background Thread 3 ] DEBUG Engine               - stageStyle: DECORATED
14:57:47.879 [FXGL Background Thread 3 ] DEBUG Engine               - supportedLanguages: [ENGLISH, FRENCH, GERMAN, HUNGARIAN, RUSSIAN]
14:57:47.879 [FXGL Background Thread 3 ] DEBUG Engine               - ticksPerSecond: -1
14:57:47.880 [FXGL Background Thread 3 ] DEBUG Engine               - title: Tank
14:57:47.880 [FXGL Background Thread 3 ] DEBUG Engine               - urlGithub: https://github.com/AlmasB/FXGL
14:57:47.880 [FXGL Background Thread 3 ] DEBUG Engine               - urlLeaderboard: http://fxgl-top.herokuapp.com/
14:57:47.880 [FXGL Background Thread 3 ] DEBUG Engine               - urlPOM: https://raw.githubusercontent.com/AlmasB/FXGL/release/README.md
14:57:47.880 [FXGL Background Thread 3 ] DEBUG Engine               - userAppClass: class de.dywebstudio.tanks.TankApp
14:57:47.880 [FXGL Background Thread 3 ] DEBUG Engine               - version: 1.0
14:57:47.880 [FXGL Background Thread 3 ] DEBUG Engine               - versionCheckDays: 7
14:57:47.880 [FXGL Background Thread 3 ] DEBUG Engine               - width: 816
14:57:47.880 [FXGL Background Thread 3 ] DEBUG Engine               - Logging services
14:57:47.880 [FXGL Background Thread 3 ] DEBUG Engine               - class com.almasb.fxgl.app.services.FXGLAssetLoaderService
14:57:47.880 [FXGL Background Thread 3 ] DEBUG Engine               - class com.almasb.fxgl.app.FXGLApplication$GameApplicationService
14:57:47.880 [FXGL Background Thread 3 ] DEBUG Engine               - class com.almasb.fxgl.app.services.FXGLDialogService
14:57:47.880 [FXGL Background Thread 3 ] DEBUG Engine               - class com.almasb.fxgl.app.services.IOTaskExecutorService
14:57:47.881 [FXGL Background Thread 3 ] DEBUG Engine               - class com.almasb.fxgl.io.FileSystemService
14:57:47.881 [FXGL Background Thread 3 ] DEBUG Engine               - class com.almasb.fxgl.localization.LocalizationService
14:57:47.881 [FXGL Background Thread 3 ] DEBUG Engine               - class com.almasb.fxgl.app.services.SystemBundleService
14:57:47.881 [FXGL Background Thread 3 ] DEBUG Engine               - class com.almasb.fxgl.profile.SaveLoadService
14:57:47.881 [FXGL Background Thread 3 ] DEBUG Engine               - class com.almasb.fxgl.ui.FXGLUIFactoryServiceProvider
14:57:47.881 [FXGL Background Thread 3 ] DEBUG Engine               - class com.almasb.fxgl.ui.FXGLDialogFactoryServiceProvider
14:57:47.881 [FXGL Background Thread 3 ] DEBUG Engine               - class com.almasb.fxgl.audio.AudioPlayer
14:57:47.881 [FXGL Background Thread 3 ] DEBUG Engine               - class com.almasb.fxgl.notification.impl.NotificationServiceProvider
14:57:47.881 [FXGL Background Thread 3 ] DEBUG Engine               - class com.almasb.fxgl.achievement.AchievementService
14:57:47.881 [FXGL Background Thread 3 ] DEBUG Engine               - class com.almasb.fxgl.cutscene.CutsceneService
14:57:47.881 [FXGL Background Thread 3 ] DEBUG Engine               - class com.almasb.fxgl.minigames.MiniGameService
14:57:47.881 [FXGL Background Thread 3 ] DEBUG Engine               - class com.almasb.fxgl.net.NetService
14:57:47.881 [FXGL Background Thread 3 ] DEBUG Engine               - class com.almasb.fxgl.app.services.UpdaterService
14:57:47.881 [FXGL Background Thread 3 ] DEBUG Engine               - class com.almasb.fxgl.dev.DevService
14:58:27.618 [JavaFX Application Thread] DEBUG FXGLApplication      - Exiting FXGL
14:58:27.618 [JavaFX Application Thread] DEBUG LoopRunner           - Stopping loop
14:58:27.619 [JavaFX Application Thread] DEBUG SystemBundleService  - Saving FXGL system data
14:58:27.621 [JavaFX Application Thread] DEBUG FileSystemAccess     - Writing to: /Users/dy/Desktop/alfa/Java/Projectarbeit/Tanks/system/fxgl.bundle
14:58:27.623 [JavaFX Application Thread] DEBUG Async                - Shutting down background threads
14:58:27.623 [JavaFX Application Thread] DEBUG PrimaryStageWindow   - Closing main window
14:58:27.633 [JavaFX Application Thread] DEBUG Logger               - Closing Logger
