08:31:16.708 [main                     ] DEBUG Logger               - Configured Logger
08:31:16.814 [main                     ] DEBUG GameApplication      - Logging settings
Title: Tank
Version: 1.0
Width: 816
Height: 672
Fullscreen: false
Intro: false
Profiling: false
Single step:false
App Mode: DEVELOPER
Menu Key: ESCAPE
Stage Style: DECORATED
Scene Factory: class com.almasb.fxgl.app.scene.SceneFactory

08:31:17.487 [JavaFX Application Thread] DEBUG FXGLApplication      - Initializing FXGL
08:31:17.494 [JavaFX Application Thread] INFO  Engine               - FXGL-21.1 (27.03.2024 07.52) on MAC (J:22.0.2 FX:22.0.1)
08:31:17.495 [JavaFX Application Thread] DEBUG Engine               - JRE Vendor Name: Oracle Corporation
08:31:17.496 [JavaFX Application Thread] DEBUG Engine               - Running on OS: Mac OS X version 14.6.1
08:31:17.496 [JavaFX Application Thread] DEBUG Engine               - Architecture: x86_64
08:31:17.496 [JavaFX Application Thread] INFO  Engine               - Source code and latest versions at: https://github.com/AlmasB/FXGL
08:31:17.496 [JavaFX Application Thread] INFO  Engine               -       Ask questions and discuss at: https://github.com/AlmasB/FXGL/discussions
08:31:17.497 [JavaFX Application Thread] INFO  Engine               -              Join the FXGL chat at: https://gitter.im/AlmasB/FXGL
08:31:17.693 [JavaFX Application Thread] DEBUG PrimaryStageWindow   - Creating a JavaFX scene
08:31:17.849 [JavaFX Application Thread] DEBUG PrimaryStageWindow   - Target settings size: 816.0 x 672.0
08:31:17.849 [JavaFX Application Thread] DEBUG PrimaryStageWindow   - Scaled scene size:    816.0 x 672.0
08:31:17.850 [JavaFX Application Thread] DEBUG PrimaryStageWindow   - Scaled ratio: (1.0, 1.0)
08:31:17.851 [JavaFX Application Thread] DEBUG PrimaryStageWindow   - Set initial scene to FXGLStartupScene
08:31:17.859 [JavaFX Application Thread] DEBUG PrimaryStageWindow   - Opening main window
08:31:18.105 [JavaFX Application Thread] DEBUG PrimaryStageWindow   - Window border size: (0.0, 28.0)
08:31:18.105 [JavaFX Application Thread] DEBUG PrimaryStageWindow   - Scaled size: 816.0 x 672.0
08:31:18.106 [JavaFX Application Thread] DEBUG PrimaryStageWindow   - Scaled ratio: (1.0, 1.0)
08:31:18.107 [JavaFX Application Thread] DEBUG PrimaryStageWindow   - Scene size: 816.0 x 672.0
08:31:18.108 [JavaFX Application Thread] DEBUG PrimaryStageWindow   - Stage size: 816.0 x 700.0
08:31:18.133 [FXGL Background Thread 1 ] DEBUG Engine               - Initializing environment variables
08:31:18.279 [FXGL Background Thread 1 ] DEBUG FXGLAssetLoaderServi - User app class for loading assets: class de.dywebstudio.tanks.TankApp
08:31:18.279 [FXGL Background Thread 1 ] DEBUG GameApplicationServi - Applying CSS: fxgl_dark.css
08:31:18.281 [FXGL Background Thread 1 ] DEBUG FXGLAssetLoaderServi - Loading from file system: jar:file:///Users/dy/.m2/repository/com/github/almasb/fxgl/21.1/fxgl-21.1.jar!/fxglassets/ui/css/fxgl_dark.css
08:31:18.369 [FXGL Background Thread 1 ] DEBUG GameApplicationServi - Initializing application scenes
08:31:18.957 [FXGL Background Thread 1 ] DEBUG GameWorld            - Game world initialized
08:31:19.065 [FXGL Background Thread 1 ] DEBUG PhysicsWorld         - Physics world initialized: appHeight=672, physics.ppm=50,0
08:31:19.065 [FXGL Background Thread 1 ] DEBUG PhysicsWorld         - Using strategy: BRUTE_FORCE
08:31:19.072 [FXGL Background Thread 1 ] DEBUG GameScene            - Game scene initialized: 816x672
08:31:19.101 [FXGL Background Thread 1 ] DEBUG FXGL.DefaultMenu     - createMenuBodyGameMenu()
08:31:19.133 [FXGL Background Thread 1 ] DEBUG FXGL.DefaultMenu     - createOptionsMenu()
08:31:19.155 [FXGL Background Thread 1 ] DEBUG FXGLAssetLoaderServi - Loading from file system: jar:file:///Users/dy/.m2/repository/com/github/almasb/fxgl/21.1/fxgl-21.1.jar!/fxglassets/textures/particles/smoke.png
08:31:19.387 [FXGL Background Thread 1 ] DEBUG FXGLAssetLoaderServi - Loading from file system: jar:file:///Users/dy/.m2/repository/com/github/almasb/fxgl/21.1/fxgl-21.1.jar!/fxglassets/textures/particles/trace_horizontal.png
08:31:19.444 [FXGL Background Thread 1 ] DEBUG GameApplicationServi - Application scenes initialized
08:31:19.477 [FXGL Background Thread 1 ] DEBUG SystemBundleService  - Loading FXGL system data
08:31:19.488 [FXGL Background Thread 1 ] DEBUG FileSystemAccess     - Reading from: /Users/dy/Desktop/alfa/Java/Projectarbeit/Tanks/system/fxgl.bundle
08:31:19.505 [FXGL Background Thread 1 ] DEBUG SystemBundleService  - Bundle FXGL: {}
08:31:19.505 [FXGL Background Thread 1 ] DEBUG UpdaterService       - Checking for updates
08:31:19.516 [FXGL Background Thread 4 ] DEBUG FXGLApplication      - Loading fonts
08:31:19.516 [FXGL Background Thread 4 ] DEBUG FXGLAssetLoaderServi - Loading from file system: jar:file:///Users/dy/.m2/repository/com/github/almasb/fxgl/21.1/fxgl-21.1.jar!/fxglassets/ui/fonts/VarelaRound-Regular.ttf
08:31:19.517 [FXGL Background Thread 1 ] DEBUG FXGLApplication      - Loading default localization
08:31:19.519 [FXGL Background Thread 1 ] DEBUG FXGLAssetLoaderServi - Loading from file system: jar:file:///Users/dy/.m2/repository/com/github/almasb/fxgl/21.1/fxgl-21.1.jar!/fxglassets/languages/english.lang
08:31:19.549 [FXGL Background Thread 4 ] DEBUG FXGLAssetLoaderServi - Loading from file system: jar:file:///Users/dy/.m2/repository/com/github/almasb/fxgl/21.1/fxgl-21.1.jar!/fxglassets/ui/fonts/Abel-Regular.ttf
08:31:19.553 [FXGL Background Thread 1 ] INFO  FXGLApplication      - FXGL initialization took: 1,420 sec
08:31:19.555 [FXGL Background Thread 4 ] DEBUG FXGLAssetLoaderServi - Loading from file system: jar:file:///Users/dy/.m2/repository/com/github/almasb/fxgl/21.1/fxgl-21.1.jar!/fxglassets/ui/fonts/TerminalLandMono-Regular.otf
08:31:19.562 [FXGL Background Thread 4 ] DEBUG FXGLAssetLoaderServi - Loading from file system: jar:file:///Users/dy/.m2/repository/com/github/almasb/fxgl/21.1/fxgl-21.1.jar!/fxglassets/ui/fonts/Courier-Prime.ttf
08:31:19.572 [JavaFX Application Thread] DEBUG Input                - Registered new binding: action0 - W
08:31:19.572 [JavaFX Application Thread] DEBUG Input                - Registered new binding: action1 - S
08:31:19.572 [JavaFX Application Thread] DEBUG Input                - Registered new binding: action2 - A
08:31:19.573 [JavaFX Application Thread] DEBUG Input                - Registered new binding: action3 - D
08:31:19.573 [JavaFX Application Thread] DEBUG Input                - Registered new binding: action4 - Space
08:31:19.574 [JavaFX Application Thread] DEBUG FXGLAssetLoaderServi - Loading from file system: jar:file:///Users/dy/.m2/repository/com/github/almasb/fxgl/21.1/fxgl-21.1.jar!/fxglassets/textures/fxgl_icon.png
08:31:19.618 [JavaFX Application Thread] DEBUG FXGLAssetLoaderServi - Loading from file system: jar:file:///Users/dy/.m2/repository/com/github/almasb/fxgl/21.1/fxgl-21.1.jar!/fxglassets/textures/fxgl_default_cursor.png
08:31:19.621 [JavaFX Application Thread] DEBUG Input                - Registered new binding: Screenshot - CTRL+8
08:31:19.621 [JavaFX Application Thread] DEBUG Input                - Registered new binding: System info dump - CTRL+9
08:31:19.622 [JavaFX Application Thread] DEBUG Input                - Registered new binding: Restart - CTRL+R
08:31:19.622 [JavaFX Application Thread] DEBUG Input                - Registered new binding: Toggle Debug Camera - CTRL+7
08:31:19.628 [JavaFX Application Thread] DEBUG LoopRunner           - Starting loop
08:31:19.628 [JavaFX Application Thread] DEBUG LoopRunner           - Initializing JavaFX AnimationTimerLoop
08:31:19.631 [JavaFX Application Thread] DEBUG GameApplicationServi - Starting new game
08:31:19.631 [JavaFX Application Thread] DEBUG Input                - Clearing active input actions
08:31:19.652 [JavaFX Application Thread] DEBUG GameApplicationServi - Removing overlay from FXGLStartupScene and adding to FXGLLoadingScene
08:31:19.652 [JavaFX Application Thread] DEBUG PrimaryStageWindow   - FXGLStartupScene -> FXGLLoadingScene
08:31:19.652 [JavaFX Application Thread] DEBUG GameApplicationServi - Clearing previous game
08:31:19.652 [JavaFX Application Thread] DEBUG GameScene            - Clearing game scene
08:31:19.652 [JavaFX Application Thread] DEBUG GameWorld            - Clearing game world
08:31:19.653 [JavaFX Application Thread] DEBUG PhysicsWorld         - Clearing physics world
08:31:19.654 [FXGL Background Thread 4 ] DEBUG FXGLApplication      - Initializing game
08:31:19.701 [JavaFX Application Thread] DEBUG FXGLApplication      - Registering font factories with UI factory
08:31:19.819 [FXGL Background Thread 4 ] WARN  TMXLevelLoader       - TiledMap generated from 1.11.0. Supported version: 1.9.0. Some features may not be parsed fully.
08:31:19.870 [FXGL Background Thread 4 ] DEBUG TMXLevelLoader       - Parsed TiledMap: file:/Users/dy/Desktop/alfa/Java/Projectarbeit/Tanks/target/classes/assets/levels/level.tmx
08:31:19.872 [FXGL Background Thread 4 ] DEBUG TMXLevelLoader       - Creating tile layer entities
08:31:19.873 [FXGL Background Thread 4 ] DEBUG TMXLevelLoader       - Creating object layer entities
08:31:19.945 [FXGL Background Thread 4 ] DEBUG FXGLAssetLoaderServi - Loading from file system: file:/Users/dy/Desktop/alfa/Java/Projectarbeit/Tanks/target/classes/assets/textures/items/sea_animation.png
08:31:20.178 [FXGL Background Thread 4 ] DEBUG GameWorld            - Clearing removable entities
08:31:20.179 [FXGL Background Thread 4 ] DEBUG GameWorld            - Setting level: com.almasb.fxgl.entity.level.Level@427af375
08:31:20.236 [FXGL Background Thread 4 ] DEBUG FXGLAssetLoaderServi - Loading from file system: file:/Users/dy/Desktop/alfa/Java/Projectarbeit/Tanks/target/classes/assets/textures/tanks/player.png
08:31:20.249 [FXGL Background Thread 4 ] DEBUG FXGLAssetLoaderServi - Loading from file system: file:/Users/dy/Desktop/alfa/Java/Projectarbeit/Tanks/target/classes/assets/textures/tanks/T6.png
08:31:20.259 [FXGL Background Thread 4 ] DEBUG FXGLAssetLoaderServi - Loading from file system: file:/Users/dy/Desktop/alfa/Java/Projectarbeit/Tanks/target/classes/assets/textures/tanks/T4.png
08:31:20.262 [FXGL Background Thread 4 ] DEBUG FXGLAssetLoaderServi - Loading from file system: file:/Users/dy/Desktop/alfa/Java/Projectarbeit/Tanks/target/classes/assets/textures/tanks/T2.png
08:31:20.267 [FXGL Background Thread 4 ] INFO  FXGLApplication      - Game initialization took: 0,613 sec
08:31:20.269 [JavaFX Application Thread] DEBUG Input                - Clearing active input actions
08:31:20.302 [JavaFX Application Thread] DEBUG GameApplicationServi - Removing overlay from FXGLLoadingScene and adding to GameScene
08:31:20.302 [JavaFX Application Thread] DEBUG PrimaryStageWindow   - FXGLLoadingScene -> GameScene
08:31:20.717 [JavaFX Application Thread] DEBUG FXGLAssetLoaderServi - Loading from file system: file:/Users/dy/Desktop/alfa/Java/Projectarbeit/Tanks/target/classes/assets/textures/items/bullet/norm.png
08:31:22.514 [FXGL Background Thread 3 ] DEBUG Engine               - Logging environment variables
08:31:22.516 [FXGL Background Thread 3 ] DEBUG Engine               - achievements: []
08:31:22.517 [FXGL Background Thread 3 ] DEBUG Engine               - actualHeight: 672.0
08:31:22.520 [FXGL Background Thread 3 ] DEBUG Engine               - actualHeightProperty: ReadOnlyDoubleProperty [value: 672.0]
08:31:22.521 [FXGL Background Thread 3 ] DEBUG Engine               - actualWidth: 816.0
08:31:22.521 [FXGL Background Thread 3 ] DEBUG Engine               - actualWidthProperty: ReadOnlyDoubleProperty [value: 816.0]
08:31:22.521 [FXGL Background Thread 3 ] DEBUG Engine               - appIcon: fxgl_icon.png
08:31:22.521 [FXGL Background Thread 3 ] DEBUG Engine               - applicationMode: DEVELOPER
08:31:22.521 [FXGL Background Thread 3 ] DEBUG Engine               - cSSList: [fxgl_dark.css]
08:31:22.522 [FXGL Background Thread 3 ] DEBUG Engine               - collisionDetectionStrategy: BRUTE_FORCE
08:31:22.522 [FXGL Background Thread 3 ] DEBUG Engine               - configClass: Optional.empty
08:31:22.522 [FXGL Background Thread 3 ] DEBUG Engine               - credits: []
08:31:22.524 [FXGL Background Thread 3 ] DEBUG Engine               - defaultCursor: CursorInfo(imageName=fxgl_default_cursor.png, hotspotX=7.0, hotspotY=6.0)
08:31:22.528 [FXGL Background Thread 3 ] DEBUG Engine               - devBBoxColorProperty: ObjectProperty [value: 0xff0000ff]
08:31:22.529 [FXGL Background Thread 3 ] DEBUG Engine               - devEnableDebugCameraProperty: BooleanProperty [value: false]
08:31:22.530 [FXGL Background Thread 3 ] DEBUG Engine               - devSensorColorProperty: ObjectProperty [value: 0xffff00ff]
08:31:22.531 [FXGL Background Thread 3 ] DEBUG Engine               - devShowBBoxProperty: BooleanProperty [value: false]
08:31:22.531 [FXGL Background Thread 3 ] DEBUG Engine               - devShowPositionProperty: BooleanProperty [value: false]
08:31:22.531 [FXGL Background Thread 3 ] DEBUG Engine               - enabledMenuItems: []
08:31:22.532 [FXGL Background Thread 3 ] DEBUG Engine               - engineServices: [class com.almasb.fxgl.app.services.FXGLAssetLoaderService, class com.almasb.fxgl.app.FXGLApplication$GameApplicationService, class com.almasb.fxgl.app.services.FXGLDialogService, class com.almasb.fxgl.app.services.IOTaskExecutorService, class com.almasb.fxgl.io.FileSystemService, class com.almasb.fxgl.localization.LocalizationService, class com.almasb.fxgl.app.services.SystemBundleService, class com.almasb.fxgl.profile.SaveLoadService, class com.almasb.fxgl.ui.FXGLUIFactoryServiceProvider, class com.almasb.fxgl.ui.FXGLDialogFactoryServiceProvider, class com.almasb.fxgl.audio.AudioPlayer, class com.almasb.fxgl.notification.impl.NotificationServiceProvider, class com.almasb.fxgl.achievement.AchievementService, class com.almasb.fxgl.cutscene.CutsceneService, class com.almasb.fxgl.minigames.MiniGameService, class com.almasb.fxgl.net.NetService, class com.almasb.fxgl.app.services.UpdaterService, class com.almasb.fxgl.dev.DevService]
08:31:22.533 [FXGL Background Thread 3 ] DEBUG Engine               - fontGame: Abel-Regular.ttf
08:31:22.533 [FXGL Background Thread 3 ] DEBUG Engine               - fontMono: TerminalLandMono-Regular.otf
08:31:22.534 [FXGL Background Thread 3 ] DEBUG Engine               - fontSizeScaleUI: 1.0
08:31:22.534 [FXGL Background Thread 3 ] DEBUG Engine               - fontText: Courier-Prime.ttf
08:31:22.534 [FXGL Background Thread 3 ] DEBUG Engine               - fontUI: VarelaRound-Regular.ttf
08:31:22.534 [FXGL Background Thread 3 ] DEBUG Engine               - fullScreen: BooleanProperty [value: false]
08:31:22.534 [FXGL Background Thread 3 ] DEBUG Engine               - gameDifficulty: MEDIUM
08:31:22.534 [FXGL Background Thread 3 ] DEBUG Engine               - gameDifficultyProperty: ObjectProperty [value: MEDIUM]
08:31:22.534 [FXGL Background Thread 3 ] DEBUG Engine               - globalMusicVolume: 0.5
08:31:22.535 [FXGL Background Thread 3 ] DEBUG Engine               - globalMusicVolumeProperty: DoubleProperty [value: 0.5]
08:31:22.535 [FXGL Background Thread 3 ] DEBUG Engine               - globalSoundVolume: 0.5
08:31:22.535 [FXGL Background Thread 3 ] DEBUG Engine               - globalSoundVolumeProperty: DoubleProperty [value: 0.5]
08:31:22.535 [FXGL Background Thread 3 ] DEBUG Engine               - height: 672
08:31:22.535 [FXGL Background Thread 3 ] DEBUG Engine               - is3D: false
08:31:22.535 [FXGL Background Thread 3 ] DEBUG Engine               - isAndroid: false
08:31:22.535 [FXGL Background Thread 3 ] DEBUG Engine               - isBrowser: false
08:31:22.535 [FXGL Background Thread 3 ] DEBUG Engine               - isClickFeedbackEnabled: false
08:31:22.536 [FXGL Background Thread 3 ] DEBUG Engine               - isCloseConfirmation: false
08:31:22.536 [FXGL Background Thread 3 ] DEBUG Engine               - isDesktop: true
08:31:22.536 [FXGL Background Thread 3 ] DEBUG Engine               - isDeveloperMenuEnabled: false
08:31:22.536 [FXGL Background Thread 3 ] DEBUG Engine               - isEmbedded: false
08:31:22.536 [FXGL Background Thread 3 ] DEBUG Engine               - isEntityPreloadEnabled: true
08:31:22.536 [FXGL Background Thread 3 ] DEBUG Engine               - isExperimentalTiledLargeMap: false
08:31:22.536 [FXGL Background Thread 3 ] DEBUG Engine               - isFileSystemWriteAllowed: true
08:31:22.537 [FXGL Background Thread 3 ] DEBUG Engine               - isFullScreenAllowed: false
08:31:22.537 [FXGL Background Thread 3 ] DEBUG Engine               - isFullScreenFromStart: false
08:31:22.537 [FXGL Background Thread 3 ] DEBUG Engine               - isGameMenuEnabled: true
08:31:22.537 [FXGL Background Thread 3 ] DEBUG Engine               - isIOS: false
08:31:22.537 [FXGL Background Thread 3 ] DEBUG Engine               - isIntroEnabled: false
08:31:22.537 [FXGL Background Thread 3 ] DEBUG Engine               - isLinux: false
08:31:22.537 [FXGL Background Thread 3 ] DEBUG Engine               - isMac: true
08:31:22.537 [FXGL Background Thread 3 ] DEBUG Engine               - isMainMenuEnabled: false
08:31:22.537 [FXGL Background Thread 3 ] DEBUG Engine               - isManualResizeEnabled: false
08:31:22.537 [FXGL Background Thread 3 ] DEBUG Engine               - isMobile: false
08:31:22.537 [FXGL Background Thread 3 ] DEBUG Engine               - isNative: false
08:31:22.537 [FXGL Background Thread 3 ] DEBUG Engine               - isPauseMusicWhenMinimized: true
08:31:22.537 [FXGL Background Thread 3 ] DEBUG Engine               - isPreserveResizeRatio: false
08:31:22.537 [FXGL Background Thread 3 ] DEBUG Engine               - isProfilingEnabled: false
08:31:22.538 [FXGL Background Thread 3 ] DEBUG Engine               - isScaleAffectedOnResize: true
08:31:22.538 [FXGL Background Thread 3 ] DEBUG Engine               - isSingleStep: false
08:31:22.538 [FXGL Background Thread 3 ] DEBUG Engine               - isUserProfileEnabled: false
08:31:22.538 [FXGL Background Thread 3 ] DEBUG Engine               - isWindows: false
08:31:22.538 [FXGL Background Thread 3 ] DEBUG Engine               - language: ObjectProperty [value: ENGLISH]
08:31:22.538 [FXGL Background Thread 3 ] DEBUG Engine               - menuKey: ESCAPE
08:31:22.539 [FXGL Background Thread 3 ] DEBUG Engine               - mouseSensitivity: 0.2
08:31:22.539 [FXGL Background Thread 3 ] DEBUG Engine               - notificationViewClass: class com.almasb.fxgl.notification.view.XboxNotificationView
08:31:22.539 [FXGL Background Thread 3 ] DEBUG Engine               - pixelsPerMeter: 50.0
08:31:22.539 [FXGL Background Thread 3 ] DEBUG Engine               - platform: MAC
08:31:22.540 [FXGL Background Thread 3 ] DEBUG Engine               - prefHeightProperty: ReadOnlyDoubleProperty [value: 672.0]
08:31:22.540 [FXGL Background Thread 3 ] DEBUG Engine               - prefWidthProperty: ReadOnlyDoubleProperty [value: 816.0]
08:31:22.541 [FXGL Background Thread 3 ] DEBUG Engine               - profileDir: profiles/
08:31:22.541 [FXGL Background Thread 3 ] DEBUG Engine               - profileName: StringProperty [value: DEFAULT]
08:31:22.541 [FXGL Background Thread 3 ] DEBUG Engine               - randomSeed: -1
08:31:22.542 [FXGL Background Thread 3 ] DEBUG Engine               - runtimeInfo: RuntimeInfo(platform=MAC, version=21.1, build=27.03.2024 07.52)
08:31:22.542 [FXGL Background Thread 3 ] DEBUG Engine               - saveFileExt: sav
08:31:22.542 [FXGL Background Thread 3 ] DEBUG Engine               - scaledHeightProp$fxgl: DoubleProperty [bound, value: 672.0]
08:31:22.542 [FXGL Background Thread 3 ] DEBUG Engine               - scaledWidthProp$fxgl: DoubleProperty [bound, value: 816.0]
08:31:22.542 [FXGL Background Thread 3 ] DEBUG Engine               - sceneFactory: com.almasb.fxgl.app.scene.SceneFactory@60e8bc78
08:31:22.542 [FXGL Background Thread 3 ] DEBUG Engine               - secondsIn24h: 60
08:31:22.542 [FXGL Background Thread 3 ] DEBUG Engine               - soundMenuBack: menu/back.wav
08:31:22.542 [FXGL Background Thread 3 ] DEBUG Engine               - soundMenuPress: menu/press.wav
08:31:22.542 [FXGL Background Thread 3 ] DEBUG Engine               - soundMenuSelect: menu/select.wav
08:31:22.543 [FXGL Background Thread 3 ] DEBUG Engine               - soundNotification: core/notification.wav
08:31:22.543 [FXGL Background Thread 3 ] DEBUG Engine               - stageStyle: DECORATED
08:31:22.543 [FXGL Background Thread 3 ] DEBUG Engine               - supportedLanguages: [ENGLISH, FRENCH, GERMAN, HUNGARIAN, RUSSIAN]
08:31:22.543 [FXGL Background Thread 3 ] DEBUG Engine               - ticksPerSecond: -1
08:31:22.543 [FXGL Background Thread 3 ] DEBUG Engine               - title: Tank
08:31:22.543 [FXGL Background Thread 3 ] DEBUG Engine               - urlGithub: https://github.com/AlmasB/FXGL
08:31:22.543 [FXGL Background Thread 3 ] DEBUG Engine               - urlLeaderboard: http://fxgl-top.herokuapp.com/
08:31:22.543 [FXGL Background Thread 3 ] DEBUG Engine               - urlPOM: https://raw.githubusercontent.com/AlmasB/FXGL/release/README.md
08:31:22.543 [FXGL Background Thread 3 ] DEBUG Engine               - userAppClass: class de.dywebstudio.tanks.TankApp
08:31:22.543 [FXGL Background Thread 3 ] DEBUG Engine               - version: 1.0
08:31:22.543 [FXGL Background Thread 3 ] DEBUG Engine               - versionCheckDays: 7
08:31:22.544 [FXGL Background Thread 3 ] DEBUG Engine               - width: 816
08:31:22.544 [FXGL Background Thread 3 ] DEBUG Engine               - Logging services
08:31:22.544 [FXGL Background Thread 3 ] DEBUG Engine               - class com.almasb.fxgl.app.services.FXGLAssetLoaderService
08:31:22.544 [FXGL Background Thread 3 ] DEBUG Engine               - class com.almasb.fxgl.app.FXGLApplication$GameApplicationService
08:31:22.544 [FXGL Background Thread 3 ] DEBUG Engine               - class com.almasb.fxgl.app.services.FXGLDialogService
08:31:22.544 [FXGL Background Thread 3 ] DEBUG Engine               - class com.almasb.fxgl.app.services.IOTaskExecutorService
08:31:22.544 [FXGL Background Thread 3 ] DEBUG Engine               - class com.almasb.fxgl.io.FileSystemService
08:31:22.544 [FXGL Background Thread 3 ] DEBUG Engine               - class com.almasb.fxgl.localization.LocalizationService
08:31:22.544 [FXGL Background Thread 3 ] DEBUG Engine               - class com.almasb.fxgl.app.services.SystemBundleService
08:31:22.544 [FXGL Background Thread 3 ] DEBUG Engine               - class com.almasb.fxgl.profile.SaveLoadService
08:31:22.544 [FXGL Background Thread 3 ] DEBUG Engine               - class com.almasb.fxgl.ui.FXGLUIFactoryServiceProvider
08:31:22.545 [FXGL Background Thread 3 ] DEBUG Engine               - class com.almasb.fxgl.ui.FXGLDialogFactoryServiceProvider
08:31:22.545 [FXGL Background Thread 3 ] DEBUG Engine               - class com.almasb.fxgl.audio.AudioPlayer
08:31:22.545 [FXGL Background Thread 3 ] DEBUG Engine               - class com.almasb.fxgl.notification.impl.NotificationServiceProvider
08:31:22.546 [FXGL Background Thread 3 ] DEBUG Engine               - class com.almasb.fxgl.achievement.AchievementService
08:31:22.546 [FXGL Background Thread 3 ] DEBUG Engine               - class com.almasb.fxgl.cutscene.CutsceneService
08:31:22.546 [FXGL Background Thread 3 ] DEBUG Engine               - class com.almasb.fxgl.minigames.MiniGameService
08:31:22.546 [FXGL Background Thread 3 ] DEBUG Engine               - class com.almasb.fxgl.net.NetService
08:31:22.546 [FXGL Background Thread 3 ] DEBUG Engine               - class com.almasb.fxgl.app.services.UpdaterService
08:31:22.546 [FXGL Background Thread 3 ] DEBUG Engine               - class com.almasb.fxgl.dev.DevService
08:32:11.274 [JavaFX Application Thread] DEBUG FXGLApplication      - Exiting FXGL
08:32:11.274 [JavaFX Application Thread] DEBUG LoopRunner           - Stopping loop
08:32:11.275 [JavaFX Application Thread] DEBUG SystemBundleService  - Saving FXGL system data
08:32:11.277 [JavaFX Application Thread] DEBUG FileSystemAccess     - Writing to: /Users/dy/Desktop/alfa/Java/Projectarbeit/Tanks/system/fxgl.bundle
08:32:11.280 [JavaFX Application Thread] DEBUG Async                - Shutting down background threads
08:32:11.280 [JavaFX Application Thread] DEBUG PrimaryStageWindow   - Closing main window
08:32:11.286 [JavaFX Application Thread] DEBUG Logger               - Closing Logger
