08:44:15.514 [main                     ] DEBUG Logger               - Configured Logger
08:44:15.558 [main                     ] DEBUG GameApplication      - Logging settings
Title: Tank
Version: 1.0
Width: 816
Height: 672
Fullscreen: false
Intro: false
Profiling: false
Single step:false
App Mode: DEVELOPER
Menu Key: ESCAPE
Stage Style: DECORATED
Scene Factory: class com.almasb.fxgl.app.scene.SceneFactory

08:44:16.190 [JavaFX Application Thread] DEBUG FXGLApplication      - Initializing FXGL
08:44:16.198 [JavaFX Application Thread] INFO  Engine               - FXGL-21.1 (27.03.2024 07.52) on MAC (J:22.0.2 FX:22.0.1)
08:44:16.199 [JavaFX Application Thread] DEBUG Engine               - JRE Vendor Name: Oracle Corporation
08:44:16.200 [JavaFX Application Thread] DEBUG Engine               - Running on OS: Mac OS X version 14.6.1
08:44:16.200 [JavaFX Application Thread] DEBUG Engine               - Architecture: x86_64
08:44:16.200 [JavaFX Application Thread] INFO  Engine               - Source code and latest versions at: https://github.com/AlmasB/FXGL
08:44:16.200 [JavaFX Application Thread] INFO  Engine               -       Ask questions and discuss at: https://github.com/AlmasB/FXGL/discussions
08:44:16.201 [JavaFX Application Thread] INFO  Engine               -              Join the FXGL chat at: https://gitter.im/AlmasB/FXGL
08:44:16.412 [JavaFX Application Thread] DEBUG PrimaryStageWindow   - Creating a JavaFX scene
08:44:16.529 [JavaFX Application Thread] DEBUG PrimaryStageWindow   - Target settings size: 816.0 x 672.0
08:44:16.530 [JavaFX Application Thread] DEBUG PrimaryStageWindow   - Scaled scene size:    816.0 x 672.0
08:44:16.530 [JavaFX Application Thread] DEBUG PrimaryStageWindow   - Scaled ratio: (1.0, 1.0)
08:44:16.532 [JavaFX Application Thread] DEBUG PrimaryStageWindow   - Set initial scene to FXGLStartupScene
08:44:16.543 [JavaFX Application Thread] DEBUG PrimaryStageWindow   - Opening main window
08:44:16.771 [JavaFX Application Thread] DEBUG PrimaryStageWindow   - Window border size: (0.0, 28.0)
08:44:16.771 [JavaFX Application Thread] DEBUG PrimaryStageWindow   - Scaled size: 816.0 x 672.0
08:44:16.772 [JavaFX Application Thread] DEBUG PrimaryStageWindow   - Scaled ratio: (1.0, 1.0)
08:44:16.773 [JavaFX Application Thread] DEBUG PrimaryStageWindow   - Scene size: 816.0 x 672.0
08:44:16.774 [JavaFX Application Thread] DEBUG PrimaryStageWindow   - Stage size: 816.0 x 700.0
08:44:16.786 [FXGL Background Thread 1 ] DEBUG Engine               - Initializing environment variables
08:44:16.898 [FXGL Background Thread 1 ] DEBUG FXGLAssetLoaderServi - User app class for loading assets: class de.dywebstudio.tanks.TankApp
08:44:16.899 [FXGL Background Thread 1 ] DEBUG GameApplicationServi - Applying CSS: fxgl_dark.css
08:44:16.900 [FXGL Background Thread 1 ] DEBUG FXGLAssetLoaderServi - Loading from file system: jar:file:///Users/dy/.m2/repository/com/github/almasb/fxgl/21.1/fxgl-21.1.jar!/fxglassets/ui/css/fxgl_dark.css
08:44:16.989 [FXGL Background Thread 1 ] DEBUG GameApplicationServi - Initializing application scenes
08:44:17.472 [FXGL Background Thread 1 ] DEBUG GameWorld            - Game world initialized
08:44:17.554 [FXGL Background Thread 1 ] DEBUG PhysicsWorld         - Physics world initialized: appHeight=672, physics.ppm=50,0
08:44:17.554 [FXGL Background Thread 1 ] DEBUG PhysicsWorld         - Using strategy: BRUTE_FORCE
08:44:17.561 [FXGL Background Thread 1 ] DEBUG GameScene            - Game scene initialized: 816x672
08:44:17.588 [FXGL Background Thread 1 ] DEBUG FXGL.DefaultMenu     - createMenuBodyGameMenu()
08:44:17.615 [FXGL Background Thread 1 ] DEBUG FXGL.DefaultMenu     - createOptionsMenu()
08:44:17.634 [FXGL Background Thread 1 ] DEBUG FXGLAssetLoaderServi - Loading from file system: jar:file:///Users/dy/.m2/repository/com/github/almasb/fxgl/21.1/fxgl-21.1.jar!/fxglassets/textures/particles/smoke.png
08:44:17.782 [FXGL Background Thread 1 ] DEBUG FXGLAssetLoaderServi - Loading from file system: jar:file:///Users/dy/.m2/repository/com/github/almasb/fxgl/21.1/fxgl-21.1.jar!/fxglassets/textures/particles/trace_horizontal.png
08:44:17.818 [FXGL Background Thread 1 ] DEBUG GameApplicationServi - Application scenes initialized
08:44:17.836 [FXGL Background Thread 1 ] DEBUG SystemBundleService  - Loading FXGL system data
08:44:17.843 [FXGL Background Thread 1 ] DEBUG FileSystemAccess     - Reading from: /Users/dy/Desktop/alfa/Java/Projectarbeit/Tanks/system/fxgl.bundle
08:44:17.851 [FXGL Background Thread 1 ] DEBUG SystemBundleService  - Bundle FXGL: {}
08:44:17.852 [FXGL Background Thread 1 ] DEBUG UpdaterService       - Checking for updates
08:44:17.859 [FXGL Background Thread 4 ] DEBUG FXGLApplication      - Loading fonts
08:44:17.859 [FXGL Background Thread 4 ] DEBUG FXGLAssetLoaderServi - Loading from file system: jar:file:///Users/dy/.m2/repository/com/github/almasb/fxgl/21.1/fxgl-21.1.jar!/fxglassets/ui/fonts/VarelaRound-Regular.ttf
08:44:17.859 [FXGL Background Thread 1 ] DEBUG FXGLApplication      - Loading default localization
08:44:17.860 [FXGL Background Thread 1 ] DEBUG FXGLAssetLoaderServi - Loading from file system: jar:file:///Users/dy/.m2/repository/com/github/almasb/fxgl/21.1/fxgl-21.1.jar!/fxglassets/languages/english.lang
08:44:17.885 [FXGL Background Thread 4 ] DEBUG FXGLAssetLoaderServi - Loading from file system: jar:file:///Users/dy/.m2/repository/com/github/almasb/fxgl/21.1/fxgl-21.1.jar!/fxglassets/ui/fonts/Abel-Regular.ttf
08:44:17.886 [FXGL Background Thread 1 ] INFO  FXGLApplication      - FXGL initialization took: 1,100 sec
08:44:17.890 [FXGL Background Thread 4 ] DEBUG FXGLAssetLoaderServi - Loading from file system: jar:file:///Users/dy/.m2/repository/com/github/almasb/fxgl/21.1/fxgl-21.1.jar!/fxglassets/ui/fonts/TerminalLandMono-Regular.otf
08:44:17.895 [FXGL Background Thread 4 ] DEBUG FXGLAssetLoaderServi - Loading from file system: jar:file:///Users/dy/.m2/repository/com/github/almasb/fxgl/21.1/fxgl-21.1.jar!/fxglassets/ui/fonts/Courier-Prime.ttf
08:44:17.900 [JavaFX Application Thread] DEBUG Input                - Registered new binding: action0 - W
08:44:17.901 [JavaFX Application Thread] DEBUG Input                - Registered new binding: action1 - S
08:44:17.901 [JavaFX Application Thread] DEBUG Input                - Registered new binding: action2 - A
08:44:17.902 [JavaFX Application Thread] DEBUG Input                - Registered new binding: action3 - D
08:44:17.902 [JavaFX Application Thread] DEBUG Input                - Registered new binding: action4 - Space
08:44:17.903 [JavaFX Application Thread] DEBUG FXGLAssetLoaderServi - Loading from file system: jar:file:///Users/dy/.m2/repository/com/github/almasb/fxgl/21.1/fxgl-21.1.jar!/fxglassets/textures/fxgl_icon.png
08:44:17.940 [JavaFX Application Thread] DEBUG FXGLAssetLoaderServi - Loading from file system: jar:file:///Users/dy/.m2/repository/com/github/almasb/fxgl/21.1/fxgl-21.1.jar!/fxglassets/textures/fxgl_default_cursor.png
08:44:17.943 [JavaFX Application Thread] DEBUG Input                - Registered new binding: Screenshot - CTRL+8
08:44:17.943 [JavaFX Application Thread] DEBUG Input                - Registered new binding: System info dump - CTRL+9
08:44:17.944 [JavaFX Application Thread] DEBUG Input                - Registered new binding: Restart - CTRL+R
08:44:17.945 [JavaFX Application Thread] DEBUG Input                - Registered new binding: Toggle Debug Camera - CTRL+7
08:44:17.947 [JavaFX Application Thread] DEBUG LoopRunner           - Starting loop
08:44:17.947 [JavaFX Application Thread] DEBUG LoopRunner           - Initializing JavaFX AnimationTimerLoop
08:44:17.949 [JavaFX Application Thread] DEBUG GameApplicationServi - Starting new game
08:44:17.949 [JavaFX Application Thread] DEBUG Input                - Clearing active input actions
08:44:17.960 [JavaFX Application Thread] DEBUG GameApplicationServi - Removing overlay from FXGLStartupScene and adding to FXGLLoadingScene
08:44:17.960 [JavaFX Application Thread] DEBUG PrimaryStageWindow   - FXGLStartupScene -> FXGLLoadingScene
08:44:17.961 [JavaFX Application Thread] DEBUG GameApplicationServi - Clearing previous game
08:44:17.961 [JavaFX Application Thread] DEBUG GameScene            - Clearing game scene
08:44:17.961 [JavaFX Application Thread] DEBUG GameWorld            - Clearing game world
08:44:17.961 [JavaFX Application Thread] DEBUG PhysicsWorld         - Clearing physics world
08:44:17.962 [FXGL Background Thread 4 ] DEBUG FXGLApplication      - Initializing game
08:44:17.998 [JavaFX Application Thread] DEBUG FXGLApplication      - Registering font factories with UI factory
08:44:18.045 [FXGL Background Thread 4 ] WARN  TMXLevelLoader       - TiledMap generated from 1.11.0. Supported version: 1.9.0. Some features may not be parsed fully.
08:44:18.066 [FXGL Background Thread 4 ] DEBUG TMXLevelLoader       - Parsed TiledMap: file:/Users/dy/Desktop/alfa/Java/Projectarbeit/Tanks/target/classes/assets/levels/level.tmx
08:44:18.068 [FXGL Background Thread 4 ] DEBUG TMXLevelLoader       - Creating tile layer entities
08:44:18.069 [FXGL Background Thread 4 ] DEBUG TMXLevelLoader       - Creating object layer entities
08:44:18.142 [FXGL Background Thread 4 ] DEBUG FXGLAssetLoaderServi - Loading from file system: file:/Users/dy/Desktop/alfa/Java/Projectarbeit/Tanks/target/classes/assets/textures/items/sea_animation.png
08:44:18.193 [FXGL Background Thread 4 ] DEBUG GameWorld            - Clearing removable entities
08:44:18.194 [FXGL Background Thread 4 ] DEBUG GameWorld            - Setting level: com.almasb.fxgl.entity.level.Level@1acedaae
08:44:18.207 [FXGL Background Thread 4 ] DEBUG FXGLAssetLoaderServi - Loading from file system: file:/Users/dy/Desktop/alfa/Java/Projectarbeit/Tanks/target/classes/assets/textures/tanks/H1U.png
08:44:18.211 [FXGL Background Thread 4 ] INFO  FXGLApplication      - Game initialization took: 0,249 sec
08:44:18.239 [JavaFX Application Thread] DEBUG Input                - Clearing active input actions
08:44:18.258 [JavaFX Application Thread] DEBUG GameApplicationServi - Removing overlay from FXGLLoadingScene and adding to GameScene
08:44:18.258 [JavaFX Application Thread] DEBUG PrimaryStageWindow   - FXGLLoadingScene -> GameScene
08:44:20.854 [FXGL Background Thread 3 ] DEBUG Engine               - Logging environment variables
08:44:20.856 [FXGL Background Thread 3 ] DEBUG Engine               - achievements: []
08:44:20.856 [FXGL Background Thread 3 ] DEBUG Engine               - actualHeight: 672.0
08:44:20.856 [FXGL Background Thread 3 ] DEBUG Engine               - actualHeightProperty: ReadOnlyDoubleProperty [value: 672.0]
08:44:20.857 [FXGL Background Thread 3 ] DEBUG Engine               - actualWidth: 816.0
08:44:20.857 [FXGL Background Thread 3 ] DEBUG Engine               - actualWidthProperty: ReadOnlyDoubleProperty [value: 816.0]
08:44:20.857 [FXGL Background Thread 3 ] DEBUG Engine               - appIcon: fxgl_icon.png
08:44:20.857 [FXGL Background Thread 3 ] DEBUG Engine               - applicationMode: DEVELOPER
08:44:20.857 [FXGL Background Thread 3 ] DEBUG Engine               - cSSList: [fxgl_dark.css]
08:44:20.857 [FXGL Background Thread 3 ] DEBUG Engine               - collisionDetectionStrategy: BRUTE_FORCE
08:44:20.857 [FXGL Background Thread 3 ] DEBUG Engine               - configClass: Optional.empty
08:44:20.857 [FXGL Background Thread 3 ] DEBUG Engine               - credits: []
08:44:20.858 [FXGL Background Thread 3 ] DEBUG Engine               - defaultCursor: CursorInfo(imageName=fxgl_default_cursor.png, hotspotX=7.0, hotspotY=6.0)
08:44:20.858 [FXGL Background Thread 3 ] DEBUG Engine               - devBBoxColorProperty: ObjectProperty [value: 0xff0000ff]
08:44:20.858 [FXGL Background Thread 3 ] DEBUG Engine               - devEnableDebugCameraProperty: BooleanProperty [value: false]
08:44:20.858 [FXGL Background Thread 3 ] DEBUG Engine               - devSensorColorProperty: ObjectProperty [value: 0xffff00ff]
08:44:20.858 [FXGL Background Thread 3 ] DEBUG Engine               - devShowBBoxProperty: BooleanProperty [value: false]
08:44:20.858 [FXGL Background Thread 3 ] DEBUG Engine               - devShowPositionProperty: BooleanProperty [value: false]
08:44:20.858 [FXGL Background Thread 3 ] DEBUG Engine               - enabledMenuItems: []
08:44:20.858 [FXGL Background Thread 3 ] DEBUG Engine               - engineServices: [class com.almasb.fxgl.app.services.FXGLAssetLoaderService, class com.almasb.fxgl.app.FXGLApplication$GameApplicationService, class com.almasb.fxgl.app.services.FXGLDialogService, class com.almasb.fxgl.app.services.IOTaskExecutorService, class com.almasb.fxgl.io.FileSystemService, class com.almasb.fxgl.localization.LocalizationService, class com.almasb.fxgl.app.services.SystemBundleService, class com.almasb.fxgl.profile.SaveLoadService, class com.almasb.fxgl.ui.FXGLUIFactoryServiceProvider, class com.almasb.fxgl.ui.FXGLDialogFactoryServiceProvider, class com.almasb.fxgl.audio.AudioPlayer, class com.almasb.fxgl.notification.impl.NotificationServiceProvider, class com.almasb.fxgl.achievement.AchievementService, class com.almasb.fxgl.cutscene.CutsceneService, class com.almasb.fxgl.minigames.MiniGameService, class com.almasb.fxgl.net.NetService, class com.almasb.fxgl.app.services.UpdaterService, class com.almasb.fxgl.dev.DevService]
08:44:20.858 [FXGL Background Thread 3 ] DEBUG Engine               - fontGame: Abel-Regular.ttf
08:44:20.859 [FXGL Background Thread 3 ] DEBUG Engine               - fontMono: TerminalLandMono-Regular.otf
08:44:20.859 [FXGL Background Thread 3 ] DEBUG Engine               - fontSizeScaleUI: 1.0
08:44:20.859 [FXGL Background Thread 3 ] DEBUG Engine               - fontText: Courier-Prime.ttf
08:44:20.859 [FXGL Background Thread 3 ] DEBUG Engine               - fontUI: VarelaRound-Regular.ttf
08:44:20.859 [FXGL Background Thread 3 ] DEBUG Engine               - fullScreen: BooleanProperty [value: false]
08:44:20.859 [FXGL Background Thread 3 ] DEBUG Engine               - gameDifficulty: MEDIUM
08:44:20.859 [FXGL Background Thread 3 ] DEBUG Engine               - gameDifficultyProperty: ObjectProperty [value: MEDIUM]
08:44:20.859 [FXGL Background Thread 3 ] DEBUG Engine               - globalMusicVolume: 0.5
08:44:20.859 [FXGL Background Thread 3 ] DEBUG Engine               - globalMusicVolumeProperty: DoubleProperty [value: 0.5]
08:44:20.859 [FXGL Background Thread 3 ] DEBUG Engine               - globalSoundVolume: 0.5
08:44:20.859 [FXGL Background Thread 3 ] DEBUG Engine               - globalSoundVolumeProperty: DoubleProperty [value: 0.5]
08:44:20.859 [FXGL Background Thread 3 ] DEBUG Engine               - height: 672
08:44:20.859 [FXGL Background Thread 3 ] DEBUG Engine               - is3D: false
08:44:20.860 [FXGL Background Thread 3 ] DEBUG Engine               - isAndroid: false
08:44:20.860 [FXGL Background Thread 3 ] DEBUG Engine               - isBrowser: false
08:44:20.860 [FXGL Background Thread 3 ] DEBUG Engine               - isClickFeedbackEnabled: false
08:44:20.860 [FXGL Background Thread 3 ] DEBUG Engine               - isCloseConfirmation: false
08:44:20.860 [FXGL Background Thread 3 ] DEBUG Engine               - isDesktop: true
08:44:20.860 [FXGL Background Thread 3 ] DEBUG Engine               - isDeveloperMenuEnabled: false
08:44:20.860 [FXGL Background Thread 3 ] DEBUG Engine               - isEmbedded: false
08:44:20.860 [FXGL Background Thread 3 ] DEBUG Engine               - isEntityPreloadEnabled: true
08:44:20.860 [FXGL Background Thread 3 ] DEBUG Engine               - isExperimentalTiledLargeMap: false
08:44:20.860 [FXGL Background Thread 3 ] DEBUG Engine               - isFileSystemWriteAllowed: true
08:44:20.860 [FXGL Background Thread 3 ] DEBUG Engine               - isFullScreenAllowed: false
08:44:20.860 [FXGL Background Thread 3 ] DEBUG Engine               - isFullScreenFromStart: false
08:44:20.860 [FXGL Background Thread 3 ] DEBUG Engine               - isGameMenuEnabled: true
08:44:20.860 [FXGL Background Thread 3 ] DEBUG Engine               - isIOS: false
08:44:20.861 [FXGL Background Thread 3 ] DEBUG Engine               - isIntroEnabled: false
08:44:20.861 [FXGL Background Thread 3 ] DEBUG Engine               - isLinux: false
08:44:20.861 [FXGL Background Thread 3 ] DEBUG Engine               - isMac: true
08:44:20.861 [FXGL Background Thread 3 ] DEBUG Engine               - isMainMenuEnabled: false
08:44:20.861 [FXGL Background Thread 3 ] DEBUG Engine               - isManualResizeEnabled: false
08:44:20.861 [FXGL Background Thread 3 ] DEBUG Engine               - isMobile: false
08:44:20.861 [FXGL Background Thread 3 ] DEBUG Engine               - isNative: false
08:44:20.861 [FXGL Background Thread 3 ] DEBUG Engine               - isPauseMusicWhenMinimized: true
08:44:20.861 [FXGL Background Thread 3 ] DEBUG Engine               - isPreserveResizeRatio: false
08:44:20.861 [FXGL Background Thread 3 ] DEBUG Engine               - isProfilingEnabled: false
08:44:20.861 [FXGL Background Thread 3 ] DEBUG Engine               - isScaleAffectedOnResize: true
08:44:20.861 [FXGL Background Thread 3 ] DEBUG Engine               - isSingleStep: false
08:44:20.861 [FXGL Background Thread 3 ] DEBUG Engine               - isUserProfileEnabled: false
08:44:20.861 [FXGL Background Thread 3 ] DEBUG Engine               - isWindows: false
08:44:20.862 [FXGL Background Thread 3 ] DEBUG Engine               - language: ObjectProperty [value: ENGLISH]
08:44:20.862 [FXGL Background Thread 3 ] DEBUG Engine               - menuKey: ESCAPE
08:44:20.862 [FXGL Background Thread 3 ] DEBUG Engine               - mouseSensitivity: 0.2
08:44:20.862 [FXGL Background Thread 3 ] DEBUG Engine               - notificationViewClass: class com.almasb.fxgl.notification.view.XboxNotificationView
08:44:20.862 [FXGL Background Thread 3 ] DEBUG Engine               - pixelsPerMeter: 50.0
08:44:20.862 [FXGL Background Thread 3 ] DEBUG Engine               - platform: MAC
08:44:20.862 [FXGL Background Thread 3 ] DEBUG Engine               - prefHeightProperty: ReadOnlyDoubleProperty [value: 672.0]
08:44:20.862 [FXGL Background Thread 3 ] DEBUG Engine               - prefWidthProperty: ReadOnlyDoubleProperty [value: 816.0]
08:44:20.862 [FXGL Background Thread 3 ] DEBUG Engine               - profileDir: profiles/
08:44:20.862 [FXGL Background Thread 3 ] DEBUG Engine               - profileName: StringProperty [value: DEFAULT]
08:44:20.862 [FXGL Background Thread 3 ] DEBUG Engine               - randomSeed: -1
08:44:20.863 [FXGL Background Thread 3 ] DEBUG Engine               - runtimeInfo: RuntimeInfo(platform=MAC, version=21.1, build=27.03.2024 07.52)
08:44:20.863 [FXGL Background Thread 3 ] DEBUG Engine               - saveFileExt: sav
08:44:20.863 [FXGL Background Thread 3 ] DEBUG Engine               - scaledHeightProp$fxgl: DoubleProperty [bound, value: 672.0]
08:44:20.863 [FXGL Background Thread 3 ] DEBUG Engine               - scaledWidthProp$fxgl: DoubleProperty [bound, value: 816.0]
08:44:20.863 [FXGL Background Thread 3 ] DEBUG Engine               - sceneFactory: com.almasb.fxgl.app.scene.SceneFactory@35f52b59
08:44:20.863 [FXGL Background Thread 3 ] DEBUG Engine               - secondsIn24h: 60
08:44:20.863 [FXGL Background Thread 3 ] DEBUG Engine               - soundMenuBack: menu/back.wav
08:44:20.863 [FXGL Background Thread 3 ] DEBUG Engine               - soundMenuPress: menu/press.wav
08:44:20.863 [FXGL Background Thread 3 ] DEBUG Engine               - soundMenuSelect: menu/select.wav
08:44:20.863 [FXGL Background Thread 3 ] DEBUG Engine               - soundNotification: core/notification.wav
08:44:20.863 [FXGL Background Thread 3 ] DEBUG Engine               - stageStyle: DECORATED
08:44:20.863 [FXGL Background Thread 3 ] DEBUG Engine               - supportedLanguages: [ENGLISH, FRENCH, GERMAN, HUNGARIAN, RUSSIAN]
08:44:20.864 [FXGL Background Thread 3 ] DEBUG Engine               - ticksPerSecond: -1
08:44:20.864 [FXGL Background Thread 3 ] DEBUG Engine               - title: Tank
08:44:20.864 [FXGL Background Thread 3 ] DEBUG Engine               - urlGithub: https://github.com/AlmasB/FXGL
08:44:20.864 [FXGL Background Thread 3 ] DEBUG Engine               - urlLeaderboard: http://fxgl-top.herokuapp.com/
08:44:20.864 [FXGL Background Thread 3 ] DEBUG Engine               - urlPOM: https://raw.githubusercontent.com/AlmasB/FXGL/release/README.md
08:44:20.864 [FXGL Background Thread 3 ] DEBUG Engine               - userAppClass: class de.dywebstudio.tanks.TankApp
08:44:20.864 [FXGL Background Thread 3 ] DEBUG Engine               - version: 1.0
08:44:20.864 [FXGL Background Thread 3 ] DEBUG Engine               - versionCheckDays: 7
08:44:20.865 [FXGL Background Thread 3 ] DEBUG Engine               - width: 816
08:44:20.865 [FXGL Background Thread 3 ] DEBUG Engine               - Logging services
08:44:20.865 [FXGL Background Thread 3 ] DEBUG Engine               - class com.almasb.fxgl.app.services.FXGLAssetLoaderService
08:44:20.865 [FXGL Background Thread 3 ] DEBUG Engine               - class com.almasb.fxgl.app.FXGLApplication$GameApplicationService
08:44:20.865 [FXGL Background Thread 3 ] DEBUG Engine               - class com.almasb.fxgl.app.services.FXGLDialogService
08:44:20.865 [FXGL Background Thread 3 ] DEBUG Engine               - class com.almasb.fxgl.app.services.IOTaskExecutorService
08:44:20.865 [FXGL Background Thread 3 ] DEBUG Engine               - class com.almasb.fxgl.io.FileSystemService
08:44:20.865 [FXGL Background Thread 3 ] DEBUG Engine               - class com.almasb.fxgl.localization.LocalizationService
08:44:20.865 [FXGL Background Thread 3 ] DEBUG Engine               - class com.almasb.fxgl.app.services.SystemBundleService
08:44:20.865 [FXGL Background Thread 3 ] DEBUG Engine               - class com.almasb.fxgl.profile.SaveLoadService
08:44:20.865 [FXGL Background Thread 3 ] DEBUG Engine               - class com.almasb.fxgl.ui.FXGLUIFactoryServiceProvider
08:44:20.865 [FXGL Background Thread 3 ] DEBUG Engine               - class com.almasb.fxgl.ui.FXGLDialogFactoryServiceProvider
08:44:20.865 [FXGL Background Thread 3 ] DEBUG Engine               - class com.almasb.fxgl.audio.AudioPlayer
08:44:20.866 [FXGL Background Thread 3 ] DEBUG Engine               - class com.almasb.fxgl.notification.impl.NotificationServiceProvider
08:44:20.866 [FXGL Background Thread 3 ] DEBUG Engine               - class com.almasb.fxgl.achievement.AchievementService
08:44:20.866 [FXGL Background Thread 3 ] DEBUG Engine               - class com.almasb.fxgl.cutscene.CutsceneService
08:44:20.866 [FXGL Background Thread 3 ] DEBUG Engine               - class com.almasb.fxgl.minigames.MiniGameService
08:44:20.866 [FXGL Background Thread 3 ] DEBUG Engine               - class com.almasb.fxgl.net.NetService
08:44:20.866 [FXGL Background Thread 3 ] DEBUG Engine               - class com.almasb.fxgl.app.services.UpdaterService
08:44:20.866 [FXGL Background Thread 3 ] DEBUG Engine               - class com.almasb.fxgl.dev.DevService
08:44:58.752 [JavaFX Application Thread] DEBUG FXGLApplication      - Exiting FXGL
08:44:58.752 [JavaFX Application Thread] DEBUG LoopRunner           - Stopping loop
08:44:58.754 [JavaFX Application Thread] DEBUG SystemBundleService  - Saving FXGL system data
08:44:58.756 [JavaFX Application Thread] DEBUG FileSystemAccess     - Writing to: /Users/dy/Desktop/alfa/Java/Projectarbeit/Tanks/system/fxgl.bundle
08:44:58.758 [JavaFX Application Thread] DEBUG Async                - Shutting down background threads
08:44:58.758 [JavaFX Application Thread] DEBUG PrimaryStageWindow   - Closing main window
08:44:58.770 [JavaFX Application Thread] DEBUG Logger               - Closing Logger
