15:08:46.521 [main                     ] DEBUG Logger               - Configured Logger
15:08:46.564 [main                     ] DEBUG GameApplication      - Logging settings
Title: Tank
Version: 1.0
Width: 816
Height: 672
Fullscreen: false
Intro: false
Profiling: false
Single step:false
App Mode: DEVELOPER
Menu Key: ESCAPE
Stage Style: DECORATED
Scene Factory: class com.almasb.fxgl.app.scene.SceneFactory

15:08:47.022 [JavaFX Application Thread] DEBUG FXGLApplication      - Initializing FXGL
15:08:47.027 [JavaFX Application Thread] INFO  Engine               - FXGL-21.1 (27.03.2024 07.52) on MAC (J:22.0.2 FX:22.0.1)
15:08:47.028 [JavaFX Application Thread] DEBUG Engine               - JRE Vendor Name: Oracle Corporation
15:08:47.029 [JavaFX Application Thread] DEBUG Engine               - Running on OS: Mac OS X version 14.6.1
15:08:47.029 [JavaFX Application Thread] DEBUG Engine               - Architecture: x86_64
15:08:47.030 [JavaFX Application Thread] INFO  Engine               - Source code and latest versions at: https://github.com/AlmasB/FXGL
15:08:47.030 [JavaFX Application Thread] INFO  Engine               -       Ask questions and discuss at: https://github.com/AlmasB/FXGL/discussions
15:08:47.030 [JavaFX Application Thread] INFO  Engine               -              Join the FXGL chat at: https://gitter.im/AlmasB/FXGL
15:08:47.145 [JavaFX Application Thread] DEBUG PrimaryStageWindow   - Creating a JavaFX scene
15:08:47.205 [JavaFX Application Thread] DEBUG PrimaryStageWindow   - Target settings size: 816.0 x 672.0
15:08:47.206 [JavaFX Application Thread] DEBUG PrimaryStageWindow   - Scaled scene size:    816.0 x 672.0
15:08:47.206 [JavaFX Application Thread] DEBUG PrimaryStageWindow   - Scaled ratio: (1.0, 1.0)
15:08:47.207 [JavaFX Application Thread] DEBUG PrimaryStageWindow   - Set initial scene to FXGLStartupScene
15:08:47.211 [JavaFX Application Thread] DEBUG PrimaryStageWindow   - Opening main window
15:08:47.342 [JavaFX Application Thread] DEBUG PrimaryStageWindow   - Window border size: (0.0, 28.0)
15:08:47.343 [JavaFX Application Thread] DEBUG PrimaryStageWindow   - Scaled size: 816.0 x 672.0
15:08:47.343 [JavaFX Application Thread] DEBUG PrimaryStageWindow   - Scaled ratio: (1.0, 1.0)
15:08:47.345 [JavaFX Application Thread] DEBUG PrimaryStageWindow   - Scene size: 816.0 x 672.0
15:08:47.346 [JavaFX Application Thread] DEBUG PrimaryStageWindow   - Stage size: 816.0 x 700.0
15:08:47.358 [FXGL Background Thread 1 ] DEBUG Engine               - Initializing environment variables
15:08:47.456 [FXGL Background Thread 1 ] DEBUG FXGLAssetLoaderServi - User app class for loading assets: class de.dywebstudio.tanks.TankApp
15:08:47.457 [FXGL Background Thread 1 ] DEBUG GameApplicationServi - Applying CSS: fxgl_dark.css
15:08:47.458 [FXGL Background Thread 1 ] DEBUG FXGLAssetLoaderServi - Loading from file system: jar:file:///Users/dy/.m2/repository/com/github/almasb/fxgl/21.1/fxgl-21.1.jar!/fxglassets/ui/css/fxgl_dark.css
15:08:47.573 [FXGL Background Thread 1 ] DEBUG GameApplicationServi - Initializing application scenes
15:08:47.917 [FXGL Background Thread 1 ] DEBUG GameWorld            - Game world initialized
15:08:47.977 [FXGL Background Thread 1 ] DEBUG PhysicsWorld         - Physics world initialized: appHeight=672, physics.ppm=50,0
15:08:47.977 [FXGL Background Thread 1 ] DEBUG PhysicsWorld         - Using strategy: BRUTE_FORCE
15:08:47.983 [FXGL Background Thread 1 ] DEBUG GameScene            - Game scene initialized: 816x672
15:08:47.998 [FXGL Background Thread 1 ] DEBUG FXGL.DefaultMenu     - createMenuBodyGameMenu()
15:08:48.016 [FXGL Background Thread 1 ] DEBUG FXGL.DefaultMenu     - createOptionsMenu()
15:08:48.030 [FXGL Background Thread 1 ] DEBUG FXGLAssetLoaderServi - Loading from file system: jar:file:///Users/dy/.m2/repository/com/github/almasb/fxgl/21.1/fxgl-21.1.jar!/fxglassets/textures/particles/smoke.png
15:08:48.148 [FXGL Background Thread 1 ] DEBUG FXGLAssetLoaderServi - Loading from file system: jar:file:///Users/dy/.m2/repository/com/github/almasb/fxgl/21.1/fxgl-21.1.jar!/fxglassets/textures/particles/trace_horizontal.png
15:08:48.210 [FXGL Background Thread 1 ] DEBUG GameApplicationServi - Application scenes initialized
15:08:48.229 [FXGL Background Thread 1 ] DEBUG SystemBundleService  - Loading FXGL system data
15:08:48.235 [FXGL Background Thread 1 ] DEBUG FileSystemAccess     - Reading from: /Users/dy/Desktop/alfa/Java/Projectarbeit/Tanks/system/fxgl.bundle
15:08:48.243 [FXGL Background Thread 1 ] DEBUG SystemBundleService  - Bundle FXGL: {}
15:08:48.243 [FXGL Background Thread 1 ] DEBUG UpdaterService       - Checking for updates
15:08:48.248 [FXGL Background Thread 4 ] DEBUG FXGLApplication      - Loading fonts
15:08:48.249 [FXGL Background Thread 4 ] DEBUG FXGLAssetLoaderServi - Loading from file system: jar:file:///Users/dy/.m2/repository/com/github/almasb/fxgl/21.1/fxgl-21.1.jar!/fxglassets/ui/fonts/VarelaRound-Regular.ttf
15:08:48.249 [FXGL Background Thread 1 ] DEBUG FXGLApplication      - Loading default localization
15:08:48.250 [FXGL Background Thread 1 ] DEBUG FXGLAssetLoaderServi - Loading from file system: jar:file:///Users/dy/.m2/repository/com/github/almasb/fxgl/21.1/fxgl-21.1.jar!/fxglassets/languages/english.lang
15:08:48.271 [FXGL Background Thread 1 ] INFO  FXGLApplication      - FXGL initialization took: 0,913 sec
15:08:48.272 [FXGL Background Thread 4 ] DEBUG FXGLAssetLoaderServi - Loading from file system: jar:file:///Users/dy/.m2/repository/com/github/almasb/fxgl/21.1/fxgl-21.1.jar!/fxglassets/ui/fonts/Abel-Regular.ttf
15:08:48.280 [FXGL Background Thread 4 ] DEBUG FXGLAssetLoaderServi - Loading from file system: jar:file:///Users/dy/.m2/repository/com/github/almasb/fxgl/21.1/fxgl-21.1.jar!/fxglassets/ui/fonts/TerminalLandMono-Regular.otf
15:08:48.285 [JavaFX Application Thread] DEBUG Input                - Registered new binding: action0 - W
15:08:48.286 [JavaFX Application Thread] DEBUG Input                - Registered new binding: action1 - S
15:08:48.286 [JavaFX Application Thread] DEBUG Input                - Registered new binding: action2 - A
15:08:48.287 [JavaFX Application Thread] DEBUG Input                - Registered new binding: action3 - D
15:08:48.287 [JavaFX Application Thread] DEBUG Input                - Registered new binding: action4 - Space
15:08:48.287 [JavaFX Application Thread] DEBUG FXGLAssetLoaderServi - Loading from file system: jar:file:///Users/dy/.m2/repository/com/github/almasb/fxgl/21.1/fxgl-21.1.jar!/fxglassets/textures/fxgl_icon.png
15:08:48.306 [FXGL Background Thread 4 ] DEBUG FXGLAssetLoaderServi - Loading from file system: jar:file:///Users/dy/.m2/repository/com/github/almasb/fxgl/21.1/fxgl-21.1.jar!/fxglassets/ui/fonts/Courier-Prime.ttf
15:08:48.317 [JavaFX Application Thread] DEBUG FXGLAssetLoaderServi - Loading from file system: jar:file:///Users/dy/.m2/repository/com/github/almasb/fxgl/21.1/fxgl-21.1.jar!/fxglassets/textures/fxgl_default_cursor.png
15:08:48.320 [JavaFX Application Thread] DEBUG Input                - Registered new binding: Screenshot - CTRL+8
15:08:48.320 [JavaFX Application Thread] DEBUG Input                - Registered new binding: System info dump - CTRL+9
15:08:48.321 [JavaFX Application Thread] DEBUG Input                - Registered new binding: Restart - CTRL+R
15:08:48.322 [JavaFX Application Thread] DEBUG Input                - Registered new binding: Toggle Debug Camera - CTRL+7
15:08:48.326 [JavaFX Application Thread] DEBUG LoopRunner           - Starting loop
15:08:48.327 [JavaFX Application Thread] DEBUG LoopRunner           - Initializing JavaFX AnimationTimerLoop
15:08:48.330 [JavaFX Application Thread] DEBUG GameApplicationServi - Starting new game
15:08:48.331 [JavaFX Application Thread] DEBUG Input                - Clearing active input actions
15:08:48.350 [JavaFX Application Thread] DEBUG GameApplicationServi - Removing overlay from FXGLStartupScene and adding to FXGLLoadingScene
15:08:48.351 [JavaFX Application Thread] DEBUG PrimaryStageWindow   - FXGLStartupScene -> FXGLLoadingScene
15:08:48.351 [JavaFX Application Thread] DEBUG GameApplicationServi - Clearing previous game
15:08:48.351 [JavaFX Application Thread] DEBUG GameScene            - Clearing game scene
15:08:48.351 [JavaFX Application Thread] DEBUG GameWorld            - Clearing game world
15:08:48.351 [JavaFX Application Thread] DEBUG PhysicsWorld         - Clearing physics world
15:08:48.354 [FXGL Background Thread 4 ] DEBUG FXGLApplication      - Initializing game
15:08:48.389 [JavaFX Application Thread] DEBUG FXGLApplication      - Registering font factories with UI factory
15:08:48.471 [FXGL Background Thread 4 ] WARN  TMXLevelLoader       - TiledMap generated from 1.11.0. Supported version: 1.9.0. Some features may not be parsed fully.
15:08:48.519 [FXGL Background Thread 4 ] DEBUG TMXLevelLoader       - Parsed TiledMap: file:/Users/dy/Desktop/alfa/Java/Projectarbeit/Tanks/target/classes/assets/levels/level.tmx
15:08:48.521 [FXGL Background Thread 4 ] DEBUG TMXLevelLoader       - Creating tile layer entities
15:08:48.522 [FXGL Background Thread 4 ] DEBUG TMXLevelLoader       - Creating object layer entities
15:08:48.587 [FXGL Background Thread 4 ] DEBUG FXGLAssetLoaderServi - Loading from file system: file:/Users/dy/Desktop/alfa/Java/Projectarbeit/Tanks/target/classes/assets/textures/items/sea_animation.png
15:08:48.800 [FXGL Background Thread 4 ] WARN  TMXLevelLoader       - Parse error
java.lang.IllegalArgumentException: Tileset for gid=6 not found
	at com.almasb.fxgl.entity@21.1/com.almasb.fxgl.entity.level.tiled.TilesetLoader.findTileset(TilesetLoader.kt:418)
	at com.almasb.fxgl.entity@21.1/com.almasb.fxgl.entity.level.tiled.TilesetLoader.loadView(TilesetLoader.kt:37)
	at com.almasb.fxgl.entity@21.1/com.almasb.fxgl.entity.level.tiled.TMXLevelLoader.createObjectLayerEntities(TMXLevelLoader.kt:166)
	at com.almasb.fxgl.entity@21.1/com.almasb.fxgl.entity.level.tiled.TMXLevelLoader.load(TMXLevelLoader.kt:60)
	at com.almasb.fxgl.all@21.1/com.almasb.fxgl.app.services.FXGLAssetLoaderService.loadLevel(FXGLAssetLoaderService.kt:449)
	at com.almasb.fxgl.all@21.1/com.almasb.fxgl.dsl.FXGL$Companion.setLevelFromMap(FXGL.kt:643)
	at com.almasb.fxgl.all@21.1/com.almasb.fxgl.dsl.FXGL.setLevelFromMap(FXGL.kt)
	at de.dywebstudio.tanks/de.dywebstudio.tanks.TankApp.initGame(TankApp.java:40)
	at com.almasb.fxgl.all@21.1/com.almasb.fxgl.app.FXGLApplication$InitAppTask.initGame(FXGLApplication.kt:343)
	at com.almasb.fxgl.all@21.1/com.almasb.fxgl.app.FXGLApplication$InitAppTask.call(FXGLApplication.kt:321)
	at com.almasb.fxgl.all@21.1/com.almasb.fxgl.app.FXGLApplication$InitAppTask.call(FXGLApplication.kt:313)
	at javafx.graphics@22.0.1/javafx.concurrent.Task$TaskCallable.call(Task.java:1399)
	at java.base/java.util.concurrent.FutureTask.run(FutureTask.java:317)
	at java.base/java.util.concurrent.Executors$RunnableAdapter.call(Executors.java:572)
	at java.base/java.util.concurrent.FutureTask.run(FutureTask.java:317)
	at java.base/java.util.concurrent.ThreadPoolExecutor.runWorker(ThreadPoolExecutor.java:1144)
	at java.base/java.util.concurrent.ThreadPoolExecutor$Worker.run(ThreadPoolExecutor.java:642)
	at java.base/java.lang.Thread.run(Thread.java:1570)

15:08:48.801 [JavaFX Application Thread] DEBUG LoopRunner           - Stopping loop
15:08:48.801 [JavaFX Application Thread] FATAL FXGLApplication      - Uncaught Exception:
java.lang.RuntimeException: Initialization failed
	at com.almasb.fxgl.all@21.1/com.almasb.fxgl.app.FXGLApplication$InitAppTask.failed(FXGLApplication.kt:347)
	at javafx.graphics@22.0.1/javafx.concurrent.Task.setState(Task.java:710)
	at javafx.graphics@22.0.1/javafx.concurrent.Task$TaskCallable.lambda$call$2(Task.java:1429)
	at javafx.graphics@22.0.1/com.sun.javafx.application.PlatformImpl.lambda$runLater$10(PlatformImpl.java:456)
	at java.base/java.security.AccessController.doPrivileged(AccessController.java:400)
	at javafx.graphics@22.0.1/com.sun.javafx.application.PlatformImpl.lambda$runLater$11(PlatformImpl.java:455)
	at javafx.graphics@22.0.1/com.sun.glass.ui.InvokeLaterDispatcher$Future.run(InvokeLaterDispatcher.java:95)
Caused by: com.almasb.fxgl.entity.level.LevelLoadingException: Tileset for gid=6 not found
	at com.almasb.fxgl.entity@21.1/com.almasb.fxgl.entity.level.tiled.TMXLevelLoader.load(TMXLevelLoader.kt:77)
	at com.almasb.fxgl.all@21.1/com.almasb.fxgl.app.services.FXGLAssetLoaderService.loadLevel(FXGLAssetLoaderService.kt:449)
	at com.almasb.fxgl.all@21.1/com.almasb.fxgl.dsl.FXGL$Companion.setLevelFromMap(FXGL.kt:643)
	at com.almasb.fxgl.all@21.1/com.almasb.fxgl.dsl.FXGL.setLevelFromMap(FXGL.kt)
	at de.dywebstudio.tanks/de.dywebstudio.tanks.TankApp.initGame(TankApp.java:40)
	at com.almasb.fxgl.all@21.1/com.almasb.fxgl.app.FXGLApplication$InitAppTask.initGame(FXGLApplication.kt:343)
	at com.almasb.fxgl.all@21.1/com.almasb.fxgl.app.FXGLApplication$InitAppTask.call(FXGLApplication.kt:321)
	at com.almasb.fxgl.all@21.1/com.almasb.fxgl.app.FXGLApplication$InitAppTask.call(FXGLApplication.kt:313)
	at javafx.graphics@22.0.1/javafx.concurrent.Task$TaskCallable.call(Task.java:1399)
	at java.base/java.util.concurrent.FutureTask.run(FutureTask.java:317)
	at java.base/java.util.concurrent.Executors$RunnableAdapter.call(Executors.java:572)
	at java.base/java.util.concurrent.FutureTask.run(FutureTask.java:317)
	at java.base/java.util.concurrent.ThreadPoolExecutor.runWorker(ThreadPoolExecutor.java:1144)
	at java.base/java.util.concurrent.ThreadPoolExecutor$Worker.run(ThreadPoolExecutor.java:642)
	at java.base/java.lang.Thread.run(Thread.java:1570)
Caused by: java.lang.IllegalArgumentException: Tileset for gid=6 not found
	at com.almasb.fxgl.entity@21.1/com.almasb.fxgl.entity.level.tiled.TilesetLoader.findTileset(TilesetLoader.kt:418)
	at com.almasb.fxgl.entity@21.1/com.almasb.fxgl.entity.level.tiled.TilesetLoader.loadView(TilesetLoader.kt:37)
	at com.almasb.fxgl.entity@21.1/com.almasb.fxgl.entity.level.tiled.TMXLevelLoader.createObjectLayerEntities(TMXLevelLoader.kt:166)
	at com.almasb.fxgl.entity@21.1/com.almasb.fxgl.entity.level.tiled.TMXLevelLoader.load(TMXLevelLoader.kt:60)
	... 14 more

15:08:48.802 [JavaFX Application Thread] FATAL FXGLApplication      - Application will now exit
15:08:48.826 [JavaFX Application Thread] DEBUG PrimaryStageWindow   - Push state: ErrorSubScene
15:08:48.827 [JavaFX Application Thread] DEBUG Input                - Clearing active input actions
15:08:48.833 [JavaFX Application Thread] DEBUG GameApplicationServi - Removing overlay from FXGLLoadingScene and adding to ErrorSubScene
15:08:48.834 [JavaFX Application Thread] DEBUG PrimaryStageWindow   - FXGLLoadingScene -> ErrorSubScene
15:08:51.252 [FXGL Background Thread 3 ] DEBUG Engine               - Logging environment variables
15:08:51.252 [FXGL Background Thread 3 ] DEBUG Engine               - achievements: []
15:08:51.252 [FXGL Background Thread 3 ] DEBUG Engine               - actualHeight: 672.0
15:08:51.253 [FXGL Background Thread 3 ] DEBUG Engine               - actualHeightProperty: ReadOnlyDoubleProperty [value: 672.0]
15:08:51.253 [FXGL Background Thread 3 ] DEBUG Engine               - actualWidth: 816.0
15:08:51.253 [FXGL Background Thread 3 ] DEBUG Engine               - actualWidthProperty: ReadOnlyDoubleProperty [value: 816.0]
15:08:51.253 [FXGL Background Thread 3 ] DEBUG Engine               - appIcon: fxgl_icon.png
15:08:51.253 [FXGL Background Thread 3 ] DEBUG Engine               - applicationMode: DEVELOPER
15:08:51.253 [FXGL Background Thread 3 ] DEBUG Engine               - cSSList: [fxgl_dark.css]
15:08:51.253 [FXGL Background Thread 3 ] DEBUG Engine               - collisionDetectionStrategy: BRUTE_FORCE
15:08:51.253 [FXGL Background Thread 3 ] DEBUG Engine               - configClass: Optional.empty
15:08:51.254 [FXGL Background Thread 3 ] DEBUG Engine               - credits: []
15:08:51.254 [FXGL Background Thread 3 ] DEBUG Engine               - defaultCursor: CursorInfo(imageName=fxgl_default_cursor.png, hotspotX=7.0, hotspotY=6.0)
15:08:51.255 [FXGL Background Thread 3 ] DEBUG Engine               - devBBoxColorProperty: ObjectProperty [value: 0xff0000ff]
15:08:51.255 [FXGL Background Thread 3 ] DEBUG Engine               - devEnableDebugCameraProperty: BooleanProperty [value: false]
15:08:51.255 [FXGL Background Thread 3 ] DEBUG Engine               - devSensorColorProperty: ObjectProperty [value: 0xffff00ff]
15:08:51.255 [FXGL Background Thread 3 ] DEBUG Engine               - devShowBBoxProperty: BooleanProperty [value: false]
15:08:51.256 [FXGL Background Thread 3 ] DEBUG Engine               - devShowPositionProperty: BooleanProperty [value: false]
15:08:51.256 [FXGL Background Thread 3 ] DEBUG Engine               - enabledMenuItems: []
15:08:51.256 [FXGL Background Thread 3 ] DEBUG Engine               - engineServices: [class com.almasb.fxgl.app.services.FXGLAssetLoaderService, class com.almasb.fxgl.app.FXGLApplication$GameApplicationService, class com.almasb.fxgl.app.services.FXGLDialogService, class com.almasb.fxgl.app.services.IOTaskExecutorService, class com.almasb.fxgl.io.FileSystemService, class com.almasb.fxgl.localization.LocalizationService, class com.almasb.fxgl.app.services.SystemBundleService, class com.almasb.fxgl.profile.SaveLoadService, class com.almasb.fxgl.ui.FXGLUIFactoryServiceProvider, class com.almasb.fxgl.ui.FXGLDialogFactoryServiceProvider, class com.almasb.fxgl.audio.AudioPlayer, class com.almasb.fxgl.notification.impl.NotificationServiceProvider, class com.almasb.fxgl.achievement.AchievementService, class com.almasb.fxgl.cutscene.CutsceneService, class com.almasb.fxgl.minigames.MiniGameService, class com.almasb.fxgl.net.NetService, class com.almasb.fxgl.app.services.UpdaterService, class com.almasb.fxgl.dev.DevService]
15:08:51.256 [FXGL Background Thread 3 ] DEBUG Engine               - fontGame: Abel-Regular.ttf
15:08:51.257 [FXGL Background Thread 3 ] DEBUG Engine               - fontMono: TerminalLandMono-Regular.otf
15:08:51.257 [FXGL Background Thread 3 ] DEBUG Engine               - fontSizeScaleUI: 1.0
15:08:51.257 [FXGL Background Thread 3 ] DEBUG Engine               - fontText: Courier-Prime.ttf
15:08:51.257 [FXGL Background Thread 3 ] DEBUG Engine               - fontUI: VarelaRound-Regular.ttf
15:08:51.257 [FXGL Background Thread 3 ] DEBUG Engine               - fullScreen: BooleanProperty [value: false]
15:08:51.257 [FXGL Background Thread 3 ] DEBUG Engine               - gameDifficulty: MEDIUM
15:08:51.257 [FXGL Background Thread 3 ] DEBUG Engine               - gameDifficultyProperty: ObjectProperty [value: MEDIUM]
15:08:51.257 [FXGL Background Thread 3 ] DEBUG Engine               - globalMusicVolume: 0.5
15:08:51.257 [FXGL Background Thread 3 ] DEBUG Engine               - globalMusicVolumeProperty: DoubleProperty [value: 0.5]
15:08:51.258 [FXGL Background Thread 3 ] DEBUG Engine               - globalSoundVolume: 0.5
15:08:51.258 [FXGL Background Thread 3 ] DEBUG Engine               - globalSoundVolumeProperty: DoubleProperty [value: 0.5]
15:08:51.258 [FXGL Background Thread 3 ] DEBUG Engine               - height: 672
15:08:51.258 [FXGL Background Thread 3 ] DEBUG Engine               - is3D: false
15:08:51.258 [FXGL Background Thread 3 ] DEBUG Engine               - isAndroid: false
15:08:51.258 [FXGL Background Thread 3 ] DEBUG Engine               - isBrowser: false
15:08:51.258 [FXGL Background Thread 3 ] DEBUG Engine               - isClickFeedbackEnabled: false
15:08:51.258 [FXGL Background Thread 3 ] DEBUG Engine               - isCloseConfirmation: false
15:08:51.258 [FXGL Background Thread 3 ] DEBUG Engine               - isDesktop: true
15:08:51.259 [FXGL Background Thread 3 ] DEBUG Engine               - isDeveloperMenuEnabled: false
15:08:51.259 [FXGL Background Thread 3 ] DEBUG Engine               - isEmbedded: false
15:08:51.259 [FXGL Background Thread 3 ] DEBUG Engine               - isEntityPreloadEnabled: true
15:08:51.259 [FXGL Background Thread 3 ] DEBUG Engine               - isExperimentalTiledLargeMap: false
15:08:51.259 [FXGL Background Thread 3 ] DEBUG Engine               - isFileSystemWriteAllowed: true
15:08:51.259 [FXGL Background Thread 3 ] DEBUG Engine               - isFullScreenAllowed: false
15:08:51.259 [FXGL Background Thread 3 ] DEBUG Engine               - isFullScreenFromStart: false
15:08:51.259 [FXGL Background Thread 3 ] DEBUG Engine               - isGameMenuEnabled: true
15:08:51.259 [FXGL Background Thread 3 ] DEBUG Engine               - isIOS: false
15:08:51.260 [FXGL Background Thread 3 ] DEBUG Engine               - isIntroEnabled: false
15:08:51.260 [FXGL Background Thread 3 ] DEBUG Engine               - isLinux: false
15:08:51.260 [FXGL Background Thread 3 ] DEBUG Engine               - isMac: true
15:08:51.260 [FXGL Background Thread 3 ] DEBUG Engine               - isMainMenuEnabled: false
15:08:51.260 [FXGL Background Thread 3 ] DEBUG Engine               - isManualResizeEnabled: false
15:08:51.260 [FXGL Background Thread 3 ] DEBUG Engine               - isMobile: false
15:08:51.260 [FXGL Background Thread 3 ] DEBUG Engine               - isNative: false
15:08:51.260 [FXGL Background Thread 3 ] DEBUG Engine               - isPauseMusicWhenMinimized: true
15:08:51.260 [FXGL Background Thread 3 ] DEBUG Engine               - isPreserveResizeRatio: false
15:08:51.260 [FXGL Background Thread 3 ] DEBUG Engine               - isProfilingEnabled: false
15:08:51.260 [FXGL Background Thread 3 ] DEBUG Engine               - isScaleAffectedOnResize: true
15:08:51.260 [FXGL Background Thread 3 ] DEBUG Engine               - isSingleStep: false
15:08:51.260 [FXGL Background Thread 3 ] DEBUG Engine               - isUserProfileEnabled: false
15:08:51.261 [FXGL Background Thread 3 ] DEBUG Engine               - isWindows: false
15:08:51.261 [FXGL Background Thread 3 ] DEBUG Engine               - language: ObjectProperty [value: ENGLISH]
15:08:51.261 [FXGL Background Thread 3 ] DEBUG Engine               - menuKey: ESCAPE
15:08:51.261 [FXGL Background Thread 3 ] DEBUG Engine               - mouseSensitivity: 0.2
15:08:51.261 [FXGL Background Thread 3 ] DEBUG Engine               - notificationViewClass: class com.almasb.fxgl.notification.view.XboxNotificationView
15:08:51.261 [FXGL Background Thread 3 ] DEBUG Engine               - pixelsPerMeter: 50.0
15:08:51.261 [FXGL Background Thread 3 ] DEBUG Engine               - platform: MAC
15:08:51.261 [FXGL Background Thread 3 ] DEBUG Engine               - prefHeightProperty: ReadOnlyDoubleProperty [value: 672.0]
15:08:51.261 [FXGL Background Thread 3 ] DEBUG Engine               - prefWidthProperty: ReadOnlyDoubleProperty [value: 816.0]
15:08:51.262 [FXGL Background Thread 3 ] DEBUG Engine               - profileDir: profiles/
15:08:51.262 [FXGL Background Thread 3 ] DEBUG Engine               - profileName: StringProperty [value: DEFAULT]
15:08:51.262 [FXGL Background Thread 3 ] DEBUG Engine               - randomSeed: -1
15:08:51.263 [FXGL Background Thread 3 ] DEBUG Engine               - runtimeInfo: RuntimeInfo(platform=MAC, version=21.1, build=27.03.2024 07.52)
15:08:51.263 [FXGL Background Thread 3 ] DEBUG Engine               - saveFileExt: sav
15:08:51.263 [FXGL Background Thread 3 ] DEBUG Engine               - scaledHeightProp$fxgl: DoubleProperty [bound, value: 672.0]
15:08:51.264 [FXGL Background Thread 3 ] DEBUG Engine               - scaledWidthProp$fxgl: DoubleProperty [bound, value: 816.0]
15:08:51.264 [FXGL Background Thread 3 ] DEBUG Engine               - sceneFactory: com.almasb.fxgl.app.scene.SceneFactory@623f8cf9
15:08:51.264 [FXGL Background Thread 3 ] DEBUG Engine               - secondsIn24h: 60
15:08:51.264 [FXGL Background Thread 3 ] DEBUG Engine               - soundMenuBack: menu/back.wav
15:08:51.264 [FXGL Background Thread 3 ] DEBUG Engine               - soundMenuPress: menu/press.wav
15:08:51.264 [FXGL Background Thread 3 ] DEBUG Engine               - soundMenuSelect: menu/select.wav
15:08:51.264 [FXGL Background Thread 3 ] DEBUG Engine               - soundNotification: core/notification.wav
15:08:51.265 [FXGL Background Thread 3 ] DEBUG Engine               - stageStyle: DECORATED
15:08:51.265 [FXGL Background Thread 3 ] DEBUG Engine               - supportedLanguages: [ENGLISH, FRENCH, GERMAN, HUNGARIAN, RUSSIAN]
15:08:51.265 [FXGL Background Thread 3 ] DEBUG Engine               - ticksPerSecond: -1
15:08:51.265 [FXGL Background Thread 3 ] DEBUG Engine               - title: Tank
15:08:51.265 [FXGL Background Thread 3 ] DEBUG Engine               - urlGithub: https://github.com/AlmasB/FXGL
15:08:51.265 [FXGL Background Thread 3 ] DEBUG Engine               - urlLeaderboard: http://fxgl-top.herokuapp.com/
15:08:51.265 [FXGL Background Thread 3 ] DEBUG Engine               - urlPOM: https://raw.githubusercontent.com/AlmasB/FXGL/release/README.md
15:08:51.266 [FXGL Background Thread 3 ] DEBUG Engine               - userAppClass: class de.dywebstudio.tanks.TankApp
15:08:51.266 [FXGL Background Thread 3 ] DEBUG Engine               - version: 1.0
15:08:51.266 [FXGL Background Thread 3 ] DEBUG Engine               - versionCheckDays: 7
15:08:51.266 [FXGL Background Thread 3 ] DEBUG Engine               - width: 816
15:08:51.266 [FXGL Background Thread 3 ] DEBUG Engine               - Logging services
15:08:51.266 [FXGL Background Thread 3 ] DEBUG Engine               - class com.almasb.fxgl.app.services.FXGLAssetLoaderService
15:08:51.266 [FXGL Background Thread 3 ] DEBUG Engine               - class com.almasb.fxgl.app.FXGLApplication$GameApplicationService
15:08:51.266 [FXGL Background Thread 3 ] DEBUG Engine               - class com.almasb.fxgl.app.services.FXGLDialogService
15:08:51.266 [FXGL Background Thread 3 ] DEBUG Engine               - class com.almasb.fxgl.app.services.IOTaskExecutorService
15:08:51.266 [FXGL Background Thread 3 ] DEBUG Engine               - class com.almasb.fxgl.io.FileSystemService
15:08:51.266 [FXGL Background Thread 3 ] DEBUG Engine               - class com.almasb.fxgl.localization.LocalizationService
15:08:51.266 [FXGL Background Thread 3 ] DEBUG Engine               - class com.almasb.fxgl.app.services.SystemBundleService
15:08:51.267 [FXGL Background Thread 3 ] DEBUG Engine               - class com.almasb.fxgl.profile.SaveLoadService
15:08:51.267 [FXGL Background Thread 3 ] DEBUG Engine               - class com.almasb.fxgl.ui.FXGLUIFactoryServiceProvider
15:08:51.267 [FXGL Background Thread 3 ] DEBUG Engine               - class com.almasb.fxgl.ui.FXGLDialogFactoryServiceProvider
15:08:51.267 [FXGL Background Thread 3 ] DEBUG Engine               - class com.almasb.fxgl.audio.AudioPlayer
15:08:51.267 [FXGL Background Thread 3 ] DEBUG Engine               - class com.almasb.fxgl.notification.impl.NotificationServiceProvider
15:08:51.267 [FXGL Background Thread 3 ] DEBUG Engine               - class com.almasb.fxgl.achievement.AchievementService
15:08:51.267 [FXGL Background Thread 3 ] DEBUG Engine               - class com.almasb.fxgl.cutscene.CutsceneService
15:08:51.267 [FXGL Background Thread 3 ] DEBUG Engine               - class com.almasb.fxgl.minigames.MiniGameService
15:08:51.267 [FXGL Background Thread 3 ] DEBUG Engine               - class com.almasb.fxgl.net.NetService
15:08:51.267 [FXGL Background Thread 3 ] DEBUG Engine               - class com.almasb.fxgl.app.services.UpdaterService
15:08:51.267 [FXGL Background Thread 3 ] DEBUG Engine               - class com.almasb.fxgl.dev.DevService
15:09:04.234 [JavaFX Application Thread] DEBUG FXGLApplication      - Exiting FXGL
15:09:04.235 [JavaFX Application Thread] DEBUG Async                - Shutting down background threads
15:09:04.235 [JavaFX Application Thread] DEBUG PrimaryStageWindow   - Closing main window
15:09:04.248 [JavaFX Application Thread] DEBUG Logger               - Closing Logger
