10:15:26.510 [main                     ] DEBUG Logger               - Configured Logger
10:15:26.556 [main                     ] DEBUG GameApplication      - Logging settings
Title: Tank
Version: 1.0
Width: 816
Height: 672
Fullscreen: false
Intro: false
Profiling: false
Single step:false
App Mode: DEVELOPER
Menu Key: ESCAPE
Stage Style: DECORATED
Scene Factory: class com.almasb.fxgl.app.scene.SceneFactory

10:15:27.122 [JavaFX Application Thread] DEBUG FXGLApplication      - Initializing FXGL
10:15:27.132 [JavaFX Application Thread] INFO  Engine               - FXGL-21.1 (27.03.2024 07.52) on MAC (J:22.0.2 FX:22.0.1)
10:15:27.133 [JavaFX Application Thread] DEBUG Engine               - JRE Vendor Name: Oracle Corporation
10:15:27.133 [JavaFX Application Thread] DEBUG Engine               - Running on OS: Mac OS X version 14.6.1
10:15:27.134 [JavaFX Application Thread] DEBUG Engine               - Architecture: x86_64
10:15:27.134 [JavaFX Application Thread] INFO  Engine               - Source code and latest versions at: https://github.com/AlmasB/FXGL
10:15:27.134 [JavaFX Application Thread] INFO  Engine               -       Ask questions and discuss at: https://github.com/AlmasB/FXGL/discussions
10:15:27.135 [JavaFX Application Thread] INFO  Engine               -              Join the FXGL chat at: https://gitter.im/AlmasB/FXGL
10:15:27.264 [JavaFX Application Thread] DEBUG PrimaryStageWindow   - Creating a JavaFX scene
10:15:27.329 [JavaFX Application Thread] DEBUG PrimaryStageWindow   - Target settings size: 816.0 x 672.0
10:15:27.330 [JavaFX Application Thread] DEBUG PrimaryStageWindow   - Scaled scene size:    816.0 x 672.0
10:15:27.330 [JavaFX Application Thread] DEBUG PrimaryStageWindow   - Scaled ratio: (1.0, 1.0)
10:15:27.331 [JavaFX Application Thread] DEBUG PrimaryStageWindow   - Set initial scene to FXGLStartupScene
10:15:27.336 [JavaFX Application Thread] DEBUG PrimaryStageWindow   - Opening main window
10:15:27.592 [JavaFX Application Thread] DEBUG PrimaryStageWindow   - Window border size: (0.0, 28.0)
10:15:27.593 [JavaFX Application Thread] DEBUG PrimaryStageWindow   - Scaled size: 816.0 x 672.0
10:15:27.593 [JavaFX Application Thread] DEBUG PrimaryStageWindow   - Scaled ratio: (1.0, 1.0)
10:15:27.593 [JavaFX Application Thread] DEBUG PrimaryStageWindow   - Scene size: 816.0 x 672.0
10:15:27.594 [JavaFX Application Thread] DEBUG PrimaryStageWindow   - Stage size: 816.0 x 700.0
10:15:27.603 [FXGL Background Thread 1 ] DEBUG Engine               - Initializing environment variables
10:15:27.691 [FXGL Background Thread 1 ] DEBUG FXGLAssetLoaderServi - User app class for loading assets: class de.dywebstudio.tanks.TankApp
10:15:27.691 [FXGL Background Thread 1 ] DEBUG GameApplicationServi - Applying CSS: fxgl_dark.css
10:15:27.693 [FXGL Background Thread 1 ] DEBUG FXGLAssetLoaderServi - Loading from file system: jar:file:///Users/dy/.m2/repository/com/github/almasb/fxgl/21.1/fxgl-21.1.jar!/fxglassets/ui/css/fxgl_dark.css
10:15:27.772 [FXGL Background Thread 1 ] DEBUG GameApplicationServi - Initializing application scenes
10:15:28.142 [FXGL Background Thread 1 ] DEBUG GameWorld            - Game world initialized
10:15:28.204 [FXGL Background Thread 1 ] DEBUG PhysicsWorld         - Physics world initialized: appHeight=672, physics.ppm=50,0
10:15:28.205 [FXGL Background Thread 1 ] DEBUG PhysicsWorld         - Using strategy: BRUTE_FORCE
10:15:28.209 [FXGL Background Thread 1 ] DEBUG GameScene            - Game scene initialized: 816x672
10:15:28.222 [FXGL Background Thread 1 ] DEBUG FXGL.DefaultMenu     - createMenuBodyMainMenu()
10:15:28.240 [FXGL Background Thread 1 ] DEBUG FXGL.DefaultMenu     - createOptionsMenu()
10:15:28.252 [FXGL Background Thread 1 ] DEBUG FXGLAssetLoaderServi - Loading from file system: jar:file:///Users/dy/.m2/repository/com/github/almasb/fxgl/21.1/fxgl-21.1.jar!/fxglassets/textures/particles/smoke.png
10:15:28.359 [FXGL Background Thread 1 ] DEBUG FXGLAssetLoaderServi - Loading from file system: jar:file:///Users/dy/.m2/repository/com/github/almasb/fxgl/21.1/fxgl-21.1.jar!/fxglassets/textures/particles/trace_horizontal.png
10:15:28.384 [FXGL Background Thread 1 ] DEBUG FXGL.DefaultMenu     - createMenuBodyGameMenu()
10:15:28.386 [FXGL Background Thread 1 ] DEBUG FXGL.DefaultMenu     - createOptionsMenu()
10:15:28.406 [FXGL Background Thread 1 ] DEBUG GameApplicationServi - Application scenes initialized
10:15:28.421 [FXGL Background Thread 1 ] DEBUG SystemBundleService  - Loading FXGL system data
10:15:28.426 [FXGL Background Thread 1 ] DEBUG FileSystemAccess     - Reading from: /Users/dy/Desktop/alfa/Java/Projectarbeit/Tanks/system/fxgl.bundle
10:15:28.435 [FXGL Background Thread 1 ] DEBUG SystemBundleService  - Bundle FXGL: {}
10:15:28.435 [FXGL Background Thread 1 ] DEBUG UpdaterService       - Checking for updates
10:15:28.439 [FXGL Background Thread 4 ] DEBUG FXGLApplication      - Loading fonts
10:15:28.440 [FXGL Background Thread 4 ] DEBUG FXGLAssetLoaderServi - Loading from file system: jar:file:///Users/dy/.m2/repository/com/github/almasb/fxgl/21.1/fxgl-21.1.jar!/fxglassets/ui/fonts/VarelaRound-Regular.ttf
10:15:28.440 [FXGL Background Thread 1 ] DEBUG FXGLApplication      - Loading default localization
10:15:28.440 [FXGL Background Thread 1 ] DEBUG FXGLAssetLoaderServi - Loading from file system: jar:file:///Users/dy/.m2/repository/com/github/almasb/fxgl/21.1/fxgl-21.1.jar!/fxglassets/languages/english.lang
10:15:28.455 [FXGL Background Thread 1 ] INFO  FXGLApplication      - FXGL initialization took: 0,852 sec
10:15:28.457 [FXGL Background Thread 4 ] DEBUG FXGLAssetLoaderServi - Loading from file system: jar:file:///Users/dy/.m2/repository/com/github/almasb/fxgl/21.1/fxgl-21.1.jar!/fxglassets/ui/fonts/Abel-Regular.ttf
10:15:28.461 [FXGL Background Thread 4 ] DEBUG FXGLAssetLoaderServi - Loading from file system: jar:file:///Users/dy/.m2/repository/com/github/almasb/fxgl/21.1/fxgl-21.1.jar!/fxglassets/ui/fonts/TerminalLandMono-Regular.otf
10:15:28.464 [JavaFX Application Thread] DEBUG Input                - Registered new binding: action0 - W
10:15:28.464 [FXGL Background Thread 4 ] DEBUG FXGLAssetLoaderServi - Loading from file system: jar:file:///Users/dy/.m2/repository/com/github/almasb/fxgl/21.1/fxgl-21.1.jar!/fxglassets/ui/fonts/Courier-Prime.ttf
10:15:28.465 [JavaFX Application Thread] DEBUG Input                - Registered new binding: action1 - S
10:15:28.465 [JavaFX Application Thread] DEBUG Input                - Registered new binding: action2 - A
10:15:28.466 [JavaFX Application Thread] DEBUG Input                - Registered new binding: action3 - D
10:15:28.466 [JavaFX Application Thread] DEBUG Input                - Registered new binding: action4 - Space
10:15:28.467 [JavaFX Application Thread] DEBUG FXGLAssetLoaderServi - Loading from file system: jar:file:///Users/dy/.m2/repository/com/github/almasb/fxgl/21.1/fxgl-21.1.jar!/fxglassets/textures/fxgl_icon.png
10:15:28.494 [JavaFX Application Thread] DEBUG FXGLAssetLoaderServi - Loading from file system: jar:file:///Users/dy/.m2/repository/com/github/almasb/fxgl/21.1/fxgl-21.1.jar!/fxglassets/textures/fxgl_default_cursor.png
10:15:28.496 [JavaFX Application Thread] DEBUG Input                - Registered new binding: Screenshot - CTRL+8
10:15:28.497 [JavaFX Application Thread] DEBUG Input                - Registered new binding: System info dump - CTRL+9
10:15:28.497 [JavaFX Application Thread] DEBUG Input                - Registered new binding: Restart - CTRL+R
10:15:28.498 [JavaFX Application Thread] DEBUG Input                - Registered new binding: Toggle Debug Camera - CTRL+7
10:15:28.499 [JavaFX Application Thread] DEBUG LoopRunner           - Starting loop
10:15:28.500 [JavaFX Application Thread] DEBUG LoopRunner           - Initializing JavaFX AnimationTimerLoop
10:15:28.502 [JavaFX Application Thread] DEBUG Input                - Clearing active input actions
10:15:28.512 [JavaFX Application Thread] DEBUG GameApplicationServi - Removing overlay from FXGLStartupScene and adding to FXGLMainMenuDummyScene
10:15:28.513 [JavaFX Application Thread] DEBUG PrimaryStageWindow   - FXGLStartupScene -> FXGLMainMenuDummyScene
10:15:28.513 [JavaFX Application Thread] DEBUG PrimaryStageWindow   - Push state: FXGLDefaultMenu
10:15:28.517 [JavaFX Application Thread] DEBUG Input                - Clearing active input actions
10:15:28.523 [JavaFX Application Thread] DEBUG GameApplicationServi - Removing overlay from FXGLMainMenuDummyScene and adding to FXGLDefaultMenu
10:15:28.524 [JavaFX Application Thread] DEBUG PrimaryStageWindow   - FXGLMainMenuDummyScene -> FXGLDefaultMenu
10:15:28.547 [JavaFX Application Thread] DEBUG FXGLApplication      - Registering font factories with UI factory
10:15:30.027 [JavaFX Application Thread] DEBUG Menu                 - fireNewGame()
10:15:30.027 [JavaFX Application Thread] DEBUG GameApplicationServi - Starting new game
10:15:30.029 [JavaFX Application Thread] DEBUG PrimaryStageWindow   - Pop state: FXGLDefaultMenu
10:15:30.029 [JavaFX Application Thread] DEBUG Input                - Clearing active input actions
10:15:30.031 [JavaFX Application Thread] DEBUG GameApplicationServi - Removing overlay from FXGLDefaultMenu and adding to FXGLMainMenuDummyScene
10:15:30.031 [JavaFX Application Thread] DEBUG PrimaryStageWindow   - FXGLMainMenuDummyScene <- FXGLDefaultMenu
10:15:30.031 [JavaFX Application Thread] DEBUG Input                - Clearing active input actions
10:15:30.041 [JavaFX Application Thread] DEBUG GameApplicationServi - Removing overlay from FXGLMainMenuDummyScene and adding to FXGLLoadingScene
10:15:30.041 [JavaFX Application Thread] DEBUG PrimaryStageWindow   - FXGLMainMenuDummyScene -> FXGLLoadingScene
10:15:30.041 [JavaFX Application Thread] DEBUG GameApplicationServi - Clearing previous game
10:15:30.041 [JavaFX Application Thread] DEBUG GameScene            - Clearing game scene
10:15:30.041 [JavaFX Application Thread] DEBUG GameWorld            - Clearing game world
10:15:30.042 [JavaFX Application Thread] DEBUG PhysicsWorld         - Clearing physics world
10:15:30.043 [FXGL Background Thread 2 ] DEBUG FXGLApplication      - Initializing game
10:15:30.105 [FXGL Background Thread 2 ] WARN  TMXLevelLoader       - TiledMap generated from 1.11.0. Supported version: 1.9.0. Some features may not be parsed fully.
10:15:30.133 [FXGL Background Thread 2 ] DEBUG TMXLevelLoader       - Parsed TiledMap: file:/Users/dy/Desktop/alfa/Java/Projectarbeit/Tanks/target/classes/assets/levels/level1.tmx
10:15:30.134 [FXGL Background Thread 2 ] DEBUG TMXLevelLoader       - Creating tile layer entities
10:15:30.136 [FXGL Background Thread 2 ] DEBUG TMXLevelLoader       - Creating object layer entities
10:15:30.174 [FXGL Background Thread 2 ] DEBUG FXGLAssetLoaderServi - Loading from file system: file:/Users/dy/Desktop/alfa/Java/Projectarbeit/Tanks/target/classes/assets/textures/items/sea_animation.png
10:15:30.281 [FXGL Background Thread 2 ] DEBUG GameWorld            - Clearing removable entities
10:15:30.282 [FXGL Background Thread 2 ] DEBUG GameWorld            - Setting level: com.almasb.fxgl.entity.level.Level@6549a3ac
10:15:30.301 [FXGL Background Thread 2 ] DEBUG FXGLAssetLoaderServi - Loading from file system: file:/Users/dy/Desktop/alfa/Java/Projectarbeit/Tanks/target/classes/assets/textures/tanks/player.png
10:15:30.312 [FXGL Background Thread 2 ] DEBUG FXGLAssetLoaderServi - Loading from file system: file:/Users/dy/Desktop/alfa/Java/Projectarbeit/Tanks/target/classes/assets/textures/ui/enemy_info.png
10:15:30.315 [FXGL Background Thread 2 ] DEBUG FXGLAssetLoaderServi - Loading from file system: file:/Users/dy/Desktop/alfa/Java/Projectarbeit/Tanks/target/classes/assets/textures/ui/levelFlag.png
10:15:30.318 [FXGL Background Thread 2 ] DEBUG FXGLAssetLoaderServi - Loading from file system: file:/Users/dy/Desktop/alfa/Java/Projectarbeit/Tanks/target/classes/assets/textures/tanks/T6.png
10:15:30.322 [FXGL Background Thread 2 ] DEBUG FXGLAssetLoaderServi - Loading from file system: file:/Users/dy/Desktop/alfa/Java/Projectarbeit/Tanks/target/classes/assets/textures/tanks/T5.png
10:15:30.326 [FXGL Background Thread 2 ] INFO  FXGLApplication      - Game initialization took: 0,283 sec
10:15:30.328 [JavaFX Application Thread] DEBUG Input                - Clearing active input actions
10:15:30.342 [JavaFX Application Thread] DEBUG GameApplicationServi - Removing overlay from FXGLLoadingScene and adding to GameScene
10:15:30.342 [JavaFX Application Thread] DEBUG PrimaryStageWindow   - FXGLLoadingScene -> GameScene
10:15:30.623 [JavaFX Application Thread] DEBUG FXGLAssetLoaderServi - Loading from file system: file:/Users/dy/Desktop/alfa/Java/Projectarbeit/Tanks/target/classes/assets/textures/items/bullet/norm.png
10:15:31.442 [FXGL Background Thread 3 ] DEBUG Engine               - Logging environment variables
10:15:31.443 [FXGL Background Thread 3 ] DEBUG Engine               - achievements: []
10:15:31.443 [FXGL Background Thread 3 ] DEBUG Engine               - actualHeight: 672.0
10:15:31.444 [FXGL Background Thread 3 ] DEBUG Engine               - actualHeightProperty: ReadOnlyDoubleProperty [value: 672.0]
10:15:31.444 [FXGL Background Thread 3 ] DEBUG Engine               - actualWidth: 816.0
10:15:31.444 [FXGL Background Thread 3 ] DEBUG Engine               - actualWidthProperty: ReadOnlyDoubleProperty [value: 816.0]
10:15:31.444 [FXGL Background Thread 3 ] DEBUG Engine               - appIcon: fxgl_icon.png
10:15:31.444 [FXGL Background Thread 3 ] DEBUG Engine               - applicationMode: DEVELOPER
10:15:31.444 [FXGL Background Thread 3 ] DEBUG Engine               - cSSList: [fxgl_dark.css]
10:15:31.444 [FXGL Background Thread 3 ] DEBUG Engine               - collisionDetectionStrategy: BRUTE_FORCE
10:15:31.444 [FXGL Background Thread 3 ] DEBUG Engine               - configClass: Optional.empty
10:15:31.444 [FXGL Background Thread 3 ] DEBUG Engine               - credits: []
10:15:31.445 [FXGL Background Thread 3 ] DEBUG Engine               - defaultCursor: CursorInfo(imageName=fxgl_default_cursor.png, hotspotX=7.0, hotspotY=6.0)
10:15:31.446 [FXGL Background Thread 3 ] DEBUG Engine               - devBBoxColorProperty: ObjectProperty [value: 0xff0000ff]
10:15:31.446 [FXGL Background Thread 3 ] DEBUG Engine               - devEnableDebugCameraProperty: BooleanProperty [value: false]
10:15:31.446 [FXGL Background Thread 3 ] DEBUG Engine               - devSensorColorProperty: ObjectProperty [value: 0xffff00ff]
10:15:31.446 [FXGL Background Thread 3 ] DEBUG Engine               - devShowBBoxProperty: BooleanProperty [value: false]
10:15:31.446 [FXGL Background Thread 3 ] DEBUG Engine               - devShowPositionProperty: BooleanProperty [value: false]
10:15:31.446 [FXGL Background Thread 3 ] DEBUG Engine               - enabledMenuItems: []
10:15:31.446 [FXGL Background Thread 3 ] DEBUG Engine               - engineServices: [class com.almasb.fxgl.app.services.FXGLAssetLoaderService, class com.almasb.fxgl.app.FXGLApplication$GameApplicationService, class com.almasb.fxgl.app.services.FXGLDialogService, class com.almasb.fxgl.app.services.IOTaskExecutorService, class com.almasb.fxgl.io.FileSystemService, class com.almasb.fxgl.localization.LocalizationService, class com.almasb.fxgl.app.services.SystemBundleService, class com.almasb.fxgl.profile.SaveLoadService, class com.almasb.fxgl.ui.FXGLUIFactoryServiceProvider, class com.almasb.fxgl.ui.FXGLDialogFactoryServiceProvider, class com.almasb.fxgl.audio.AudioPlayer, class com.almasb.fxgl.notification.impl.NotificationServiceProvider, class com.almasb.fxgl.achievement.AchievementService, class com.almasb.fxgl.cutscene.CutsceneService, class com.almasb.fxgl.minigames.MiniGameService, class com.almasb.fxgl.net.NetService, class com.almasb.fxgl.app.services.UpdaterService, class com.almasb.fxgl.dev.DevService]
10:15:31.446 [FXGL Background Thread 3 ] DEBUG Engine               - fontGame: Abel-Regular.ttf
10:15:31.446 [FXGL Background Thread 3 ] DEBUG Engine               - fontMono: TerminalLandMono-Regular.otf
10:15:31.446 [FXGL Background Thread 3 ] DEBUG Engine               - fontSizeScaleUI: 1.0
10:15:31.447 [FXGL Background Thread 3 ] DEBUG Engine               - fontText: Courier-Prime.ttf
10:15:31.447 [FXGL Background Thread 3 ] DEBUG Engine               - fontUI: VarelaRound-Regular.ttf
10:15:31.447 [FXGL Background Thread 3 ] DEBUG Engine               - fullScreen: BooleanProperty [value: false]
10:15:31.447 [FXGL Background Thread 3 ] DEBUG Engine               - gameDifficulty: MEDIUM
10:15:31.447 [FXGL Background Thread 3 ] DEBUG Engine               - gameDifficultyProperty: ObjectProperty [value: MEDIUM]
10:15:31.448 [FXGL Background Thread 3 ] DEBUG Engine               - globalMusicVolume: 0.5
10:15:31.448 [FXGL Background Thread 3 ] DEBUG Engine               - globalMusicVolumeProperty: DoubleProperty [value: 0.5]
10:15:31.448 [FXGL Background Thread 3 ] DEBUG Engine               - globalSoundVolume: 0.5
10:15:31.448 [FXGL Background Thread 3 ] DEBUG Engine               - globalSoundVolumeProperty: DoubleProperty [value: 0.5]
10:15:31.448 [FXGL Background Thread 3 ] DEBUG Engine               - height: 672
10:15:31.448 [FXGL Background Thread 3 ] DEBUG Engine               - is3D: false
10:15:31.448 [FXGL Background Thread 3 ] DEBUG Engine               - isAndroid: false
10:15:31.448 [FXGL Background Thread 3 ] DEBUG Engine               - isBrowser: false
10:15:31.448 [FXGL Background Thread 3 ] DEBUG Engine               - isClickFeedbackEnabled: false
10:15:31.448 [FXGL Background Thread 3 ] DEBUG Engine               - isCloseConfirmation: false
10:15:31.449 [FXGL Background Thread 3 ] DEBUG Engine               - isDesktop: true
10:15:31.449 [FXGL Background Thread 3 ] DEBUG Engine               - isDeveloperMenuEnabled: false
10:15:31.449 [FXGL Background Thread 3 ] DEBUG Engine               - isEmbedded: false
10:15:31.449 [FXGL Background Thread 3 ] DEBUG Engine               - isEntityPreloadEnabled: true
10:15:31.449 [FXGL Background Thread 3 ] DEBUG Engine               - isExperimentalTiledLargeMap: false
10:15:31.449 [FXGL Background Thread 3 ] DEBUG Engine               - isFileSystemWriteAllowed: true
10:15:31.449 [FXGL Background Thread 3 ] DEBUG Engine               - isFullScreenAllowed: false
10:15:31.449 [FXGL Background Thread 3 ] DEBUG Engine               - isFullScreenFromStart: false
10:15:31.449 [FXGL Background Thread 3 ] DEBUG Engine               - isGameMenuEnabled: true
10:15:31.449 [FXGL Background Thread 3 ] DEBUG Engine               - isIOS: false
10:15:31.449 [FXGL Background Thread 3 ] DEBUG Engine               - isIntroEnabled: false
10:15:31.449 [FXGL Background Thread 3 ] DEBUG Engine               - isLinux: false
10:15:31.449 [FXGL Background Thread 3 ] DEBUG Engine               - isMac: true
10:15:31.449 [FXGL Background Thread 3 ] DEBUG Engine               - isMainMenuEnabled: true
10:15:31.449 [FXGL Background Thread 3 ] DEBUG Engine               - isManualResizeEnabled: false
10:15:31.449 [FXGL Background Thread 3 ] DEBUG Engine               - isMobile: false
10:15:31.449 [FXGL Background Thread 3 ] DEBUG Engine               - isNative: false
10:15:31.450 [FXGL Background Thread 3 ] DEBUG Engine               - isPauseMusicWhenMinimized: true
10:15:31.450 [FXGL Background Thread 3 ] DEBUG Engine               - isPreserveResizeRatio: false
10:15:31.450 [FXGL Background Thread 3 ] DEBUG Engine               - isProfilingEnabled: false
10:15:31.450 [FXGL Background Thread 3 ] DEBUG Engine               - isScaleAffectedOnResize: true
10:15:31.450 [FXGL Background Thread 3 ] DEBUG Engine               - isSingleStep: false
10:15:31.450 [FXGL Background Thread 3 ] DEBUG Engine               - isUserProfileEnabled: false
10:15:31.450 [FXGL Background Thread 3 ] DEBUG Engine               - isWindows: false
10:15:31.450 [FXGL Background Thread 3 ] DEBUG Engine               - language: ObjectProperty [value: ENGLISH]
10:15:31.450 [FXGL Background Thread 3 ] DEBUG Engine               - menuKey: ESCAPE
10:15:31.450 [FXGL Background Thread 3 ] DEBUG Engine               - mouseSensitivity: 0.2
10:15:31.450 [FXGL Background Thread 3 ] DEBUG Engine               - notificationViewClass: class com.almasb.fxgl.notification.view.XboxNotificationView
10:15:31.450 [FXGL Background Thread 3 ] DEBUG Engine               - pixelsPerMeter: 50.0
10:15:31.451 [FXGL Background Thread 3 ] DEBUG Engine               - platform: MAC
10:15:31.451 [FXGL Background Thread 3 ] DEBUG Engine               - prefHeightProperty: ReadOnlyDoubleProperty [value: 672.0]
10:15:31.451 [FXGL Background Thread 3 ] DEBUG Engine               - prefWidthProperty: ReadOnlyDoubleProperty [value: 816.0]
10:15:31.451 [FXGL Background Thread 3 ] DEBUG Engine               - profileDir: profiles/
10:15:31.451 [FXGL Background Thread 3 ] DEBUG Engine               - profileName: StringProperty [value: DEFAULT]
10:15:31.451 [FXGL Background Thread 3 ] DEBUG Engine               - randomSeed: -1
10:15:31.451 [FXGL Background Thread 3 ] DEBUG Engine               - runtimeInfo: RuntimeInfo(platform=MAC, version=21.1, build=27.03.2024 07.52)
10:15:31.452 [FXGL Background Thread 3 ] DEBUG Engine               - saveFileExt: sav
10:15:31.452 [FXGL Background Thread 3 ] DEBUG Engine               - scaledHeightProp$fxgl: DoubleProperty [bound, value: 672.0]
10:15:31.452 [FXGL Background Thread 3 ] DEBUG Engine               - scaledWidthProp$fxgl: DoubleProperty [bound, value: 816.0]
10:15:31.452 [FXGL Background Thread 3 ] DEBUG Engine               - sceneFactory: com.almasb.fxgl.app.scene.SceneFactory@c986ac7
10:15:31.452 [FXGL Background Thread 3 ] DEBUG Engine               - secondsIn24h: 60
10:15:31.452 [FXGL Background Thread 3 ] DEBUG Engine               - soundMenuBack: menu/back.wav
10:15:31.452 [FXGL Background Thread 3 ] DEBUG Engine               - soundMenuPress: menu/press.wav
10:15:31.452 [FXGL Background Thread 3 ] DEBUG Engine               - soundMenuSelect: menu/select.wav
10:15:31.452 [FXGL Background Thread 3 ] DEBUG Engine               - soundNotification: core/notification.wav
10:15:31.452 [FXGL Background Thread 3 ] DEBUG Engine               - stageStyle: DECORATED
10:15:31.452 [FXGL Background Thread 3 ] DEBUG Engine               - supportedLanguages: [ENGLISH, FRENCH, GERMAN, HUNGARIAN, RUSSIAN]
10:15:31.452 [FXGL Background Thread 3 ] DEBUG Engine               - ticksPerSecond: -1
10:15:31.452 [FXGL Background Thread 3 ] DEBUG Engine               - title: Tank
10:15:31.452 [FXGL Background Thread 3 ] DEBUG Engine               - urlGithub: https://github.com/AlmasB/FXGL
10:15:31.452 [FXGL Background Thread 3 ] DEBUG Engine               - urlLeaderboard: http://fxgl-top.herokuapp.com/
10:15:31.452 [FXGL Background Thread 3 ] DEBUG Engine               - urlPOM: https://raw.githubusercontent.com/AlmasB/FXGL/release/README.md
10:15:31.452 [FXGL Background Thread 3 ] DEBUG Engine               - userAppClass: class de.dywebstudio.tanks.TankApp
10:15:31.452 [FXGL Background Thread 3 ] DEBUG Engine               - version: 1.0
10:15:31.452 [FXGL Background Thread 3 ] DEBUG Engine               - versionCheckDays: 7
10:15:31.452 [FXGL Background Thread 3 ] DEBUG Engine               - width: 816
10:15:31.453 [FXGL Background Thread 3 ] DEBUG Engine               - Logging services
10:15:31.453 [FXGL Background Thread 3 ] DEBUG Engine               - class com.almasb.fxgl.app.services.FXGLAssetLoaderService
10:15:31.453 [FXGL Background Thread 3 ] DEBUG Engine               - class com.almasb.fxgl.app.FXGLApplication$GameApplicationService
10:15:31.453 [FXGL Background Thread 3 ] DEBUG Engine               - class com.almasb.fxgl.app.services.FXGLDialogService
10:15:31.453 [FXGL Background Thread 3 ] DEBUG Engine               - class com.almasb.fxgl.app.services.IOTaskExecutorService
10:15:31.453 [FXGL Background Thread 3 ] DEBUG Engine               - class com.almasb.fxgl.io.FileSystemService
10:15:31.453 [FXGL Background Thread 3 ] DEBUG Engine               - class com.almasb.fxgl.localization.LocalizationService
10:15:31.453 [FXGL Background Thread 3 ] DEBUG Engine               - class com.almasb.fxgl.app.services.SystemBundleService
10:15:31.453 [FXGL Background Thread 3 ] DEBUG Engine               - class com.almasb.fxgl.profile.SaveLoadService
10:15:31.453 [FXGL Background Thread 3 ] DEBUG Engine               - class com.almasb.fxgl.ui.FXGLUIFactoryServiceProvider
10:15:31.453 [FXGL Background Thread 3 ] DEBUG Engine               - class com.almasb.fxgl.ui.FXGLDialogFactoryServiceProvider
10:15:31.453 [FXGL Background Thread 3 ] DEBUG Engine               - class com.almasb.fxgl.audio.AudioPlayer
10:15:31.453 [FXGL Background Thread 3 ] DEBUG Engine               - class com.almasb.fxgl.notification.impl.NotificationServiceProvider
10:15:31.453 [FXGL Background Thread 3 ] DEBUG Engine               - class com.almasb.fxgl.achievement.AchievementService
10:15:31.453 [FXGL Background Thread 3 ] DEBUG Engine               - class com.almasb.fxgl.cutscene.CutsceneService
10:15:31.453 [FXGL Background Thread 3 ] DEBUG Engine               - class com.almasb.fxgl.minigames.MiniGameService
10:15:31.453 [FXGL Background Thread 3 ] DEBUG Engine               - class com.almasb.fxgl.net.NetService
10:15:31.453 [FXGL Background Thread 3 ] DEBUG Engine               - class com.almasb.fxgl.app.services.UpdaterService
10:15:31.453 [FXGL Background Thread 3 ] DEBUG Engine               - class com.almasb.fxgl.dev.DevService
10:15:33.877 [JavaFX Application Thread] DEBUG FXGLAssetLoaderServi - Loading from file system: file:/Users/dy/Desktop/alfa/Java/Projectarbeit/Tanks/target/classes/assets/textures/tanks/T2.png
10:15:51.937 [JavaFX Application Thread] DEBUG PrimaryStageWindow   - Push state: WinnerScene
10:15:51.937 [JavaFX Application Thread] DEBUG Input                - Clearing active input actions
10:15:51.938 [JavaFX Application Thread] DEBUG GameApplicationServi - Removing overlay from GameScene and adding to WinnerScene
10:15:51.938 [JavaFX Application Thread] DEBUG PrimaryStageWindow   - GameScene -> WinnerScene
10:15:53.944 [JavaFX Application Thread] DEBUG PrimaryStageWindow   - Pop state: WinnerScene
10:15:53.944 [JavaFX Application Thread] DEBUG Input                - Clearing active input actions
10:15:53.945 [JavaFX Application Thread] DEBUG GameApplicationServi - Removing overlay from WinnerScene and adding to GameScene
10:15:53.945 [JavaFX Application Thread] DEBUG PrimaryStageWindow   - GameScene <- WinnerScene
10:15:53.948 [JavaFX Application Thread] WARN  TMXLevelLoader       - TiledMap generated from 1.11.0. Supported version: 1.9.0. Some features may not be parsed fully.
10:15:53.955 [JavaFX Application Thread] DEBUG TMXLevelLoader       - Parsed TiledMap: file:/Users/dy/Desktop/alfa/Java/Projectarbeit/Tanks/target/classes/assets/levels/level2.tmx
10:15:53.955 [JavaFX Application Thread] DEBUG TMXLevelLoader       - Creating tile layer entities
10:15:53.955 [JavaFX Application Thread] DEBUG TMXLevelLoader       - Creating object layer entities
10:15:53.979 [JavaFX Application Thread] DEBUG GameWorld            - Clearing removable entities
10:15:53.986 [JavaFX Application Thread] DEBUG GameWorld            - Setting level: com.almasb.fxgl.entity.level.Level@129ebede
10:15:55.942 [JavaFX Application Thread] DEBUG FXGLAssetLoaderServi - Loading from file system: file:/Users/dy/Desktop/alfa/Java/Projectarbeit/Tanks/target/classes/assets/textures/tanks/T4.png
10:16:01.958 [JavaFX Application Thread] DEBUG FXGLAssetLoaderServi - Loading from file system: file:/Users/dy/Desktop/alfa/Java/Projectarbeit/Tanks/target/classes/assets/textures/tanks/T1.png
10:16:10.941 [JavaFX Application Thread] DEBUG PrimaryStageWindow   - Push state: WinnerScene
10:16:10.941 [JavaFX Application Thread] DEBUG Input                - Clearing active input actions
10:16:10.941 [JavaFX Application Thread] DEBUG GameApplicationServi - Removing overlay from GameScene and adding to WinnerScene
10:16:10.942 [JavaFX Application Thread] DEBUG PrimaryStageWindow   - GameScene -> WinnerScene
10:16:12.962 [JavaFX Application Thread] DEBUG PrimaryStageWindow   - Pop state: WinnerScene
10:16:12.962 [JavaFX Application Thread] DEBUG Input                - Clearing active input actions
10:16:12.962 [JavaFX Application Thread] DEBUG GameApplicationServi - Removing overlay from WinnerScene and adding to GameScene
10:16:12.962 [JavaFX Application Thread] DEBUG PrimaryStageWindow   - GameScene <- WinnerScene
10:16:12.962 [JavaFX Application Thread] DEBUG Input                - Clearing active input actions
10:16:12.967 [JavaFX Application Thread] DEBUG GameApplicationServi - Removing overlay from GameScene and adding to FXGLMainMenuDummyScene
10:16:12.967 [JavaFX Application Thread] DEBUG PrimaryStageWindow   - GameScene -> FXGLMainMenuDummyScene
10:16:12.967 [JavaFX Application Thread] DEBUG PrimaryStageWindow   - Push state: FXGLDefaultMenu
10:16:12.968 [JavaFX Application Thread] DEBUG Input                - Clearing active input actions
10:16:12.971 [JavaFX Application Thread] DEBUG GameApplicationServi - Removing overlay from FXGLMainMenuDummyScene and adding to FXGLDefaultMenu
10:16:12.972 [JavaFX Application Thread] DEBUG PrimaryStageWindow   - FXGLMainMenuDummyScene -> FXGLDefaultMenu
10:16:19.938 [JavaFX Application Thread] DEBUG Menu                 - fireExit()
10:16:19.940 [JavaFX Application Thread] DEBUG PrimaryStageWindow   - Push state: DialogSubScene
10:16:19.940 [JavaFX Application Thread] DEBUG Input                - Clearing active input actions
10:16:19.941 [JavaFX Application Thread] DEBUG GameApplicationServi - Removing overlay from FXGLDefaultMenu and adding to DialogSubScene
10:16:19.941 [JavaFX Application Thread] DEBUG PrimaryStageWindow   - FXGLDefaultMenu -> DialogSubScene
10:16:25.947 [JavaFX Application Thread] DEBUG PrimaryStageWindow   - Pop state: DialogSubScene
10:16:25.947 [JavaFX Application Thread] DEBUG Input                - Clearing active input actions
10:16:25.948 [JavaFX Application Thread] DEBUG GameApplicationServi - Removing overlay from DialogSubScene and adding to FXGLDefaultMenu
10:16:25.948 [JavaFX Application Thread] DEBUG PrimaryStageWindow   - FXGLDefaultMenu <- DialogSubScene
10:16:25.948 [JavaFX Application Thread] DEBUG FXGLApplication      - Exiting FXGL
10:16:25.948 [JavaFX Application Thread] DEBUG LoopRunner           - Stopping loop
10:16:25.949 [JavaFX Application Thread] DEBUG SystemBundleService  - Saving FXGL system data
10:16:25.951 [JavaFX Application Thread] DEBUG FileSystemAccess     - Writing to: /Users/dy/Desktop/alfa/Java/Projectarbeit/Tanks/system/fxgl.bundle
10:16:25.952 [JavaFX Application Thread] DEBUG Async                - Shutting down background threads
10:16:25.952 [JavaFX Application Thread] DEBUG PrimaryStageWindow   - Closing main window
10:16:25.962 [JavaFX Application Thread] DEBUG Logger               - Closing Logger
