22:20:53.331 [main                     ] DEBUG Logger               - Configured Logger
22:20:53.360 [main                     ] DEBUG GameApplication      - Logging settings
Title: Tank
Version: 1.0
Width: 816
Height: 672
Fullscreen: false
Intro: false
Profiling: false
Single step:false
App Mode: DEVELOPER
Menu Key: ESCAPE
Stage Style: DECORATED
Scene Factory: class com.almasb.fxgl.app.scene.SceneFactory

22:20:53.684 [JavaFX Application Thread] DEBUG FXGLApplication      - Initializing FXGL
22:20:53.689 [JavaFX Application Thread] INFO  Engine               - FXGL-21.1 (27.03.2024 07.52) on MAC (J:22.0.2 FX:22.0.1)
22:20:53.690 [JavaFX Application Thread] DEBUG Engine               - JRE Vendor Name: Oracle Corporation
22:20:53.690 [JavaFX Application Thread] DEBUG Engine               - Running on OS: Mac OS X version 14.6.1
22:20:53.690 [JavaFX Application Thread] DEBUG Engine               - Architecture: x86_64
22:20:53.691 [JavaFX Application Thread] INFO  Engine               - Source code and latest versions at: https://github.com/AlmasB/FXGL
22:20:53.691 [JavaFX Application Thread] INFO  Engine               -       Ask questions and discuss at: https://github.com/AlmasB/FXGL/discussions
22:20:53.691 [JavaFX Application Thread] INFO  Engine               -              Join the FXGL chat at: https://gitter.im/AlmasB/FXGL
22:20:53.790 [JavaFX Application Thread] DEBUG PrimaryStageWindow   - Creating a JavaFX scene
22:20:53.846 [JavaFX Application Thread] DEBUG PrimaryStageWindow   - Target settings size: 816.0 x 672.0
22:20:53.846 [JavaFX Application Thread] DEBUG PrimaryStageWindow   - Scaled scene size:    816.0 x 672.0
22:20:53.846 [JavaFX Application Thread] DEBUG PrimaryStageWindow   - Scaled ratio: (1.0, 1.0)
22:20:53.847 [JavaFX Application Thread] DEBUG PrimaryStageWindow   - Set initial scene to FXGLStartupScene
22:20:53.851 [JavaFX Application Thread] DEBUG PrimaryStageWindow   - Opening main window
22:20:53.957 [JavaFX Application Thread] DEBUG PrimaryStageWindow   - Window border size: (0.0, 28.0)
22:20:53.958 [JavaFX Application Thread] DEBUG PrimaryStageWindow   - Scaled size: 816.0 x 672.0
22:20:53.958 [JavaFX Application Thread] DEBUG PrimaryStageWindow   - Scaled ratio: (1.0, 1.0)
22:20:53.959 [JavaFX Application Thread] DEBUG PrimaryStageWindow   - Scene size: 816.0 x 672.0
22:20:53.959 [JavaFX Application Thread] DEBUG PrimaryStageWindow   - Stage size: 816.0 x 700.0
22:20:53.971 [FXGL Background Thread 1 ] DEBUG Engine               - Initializing environment variables
22:20:54.062 [FXGL Background Thread 1 ] DEBUG FXGLAssetLoaderServi - User app class for loading assets: class de.dywebstudio.tanks.TankApp
22:20:54.062 [FXGL Background Thread 1 ] DEBUG GameApplicationServi - Applying CSS: fxgl_dark.css
22:20:54.063 [FXGL Background Thread 1 ] DEBUG FXGLAssetLoaderServi - Loading from file system: jar:file:///Users/dy/.m2/repository/com/github/almasb/fxgl/21.1/fxgl-21.1.jar!/fxglassets/ui/css/fxgl_dark.css
22:20:54.152 [FXGL Background Thread 1 ] DEBUG GameApplicationServi - Initializing application scenes
22:20:54.418 [FXGL Background Thread 1 ] DEBUG GameWorld            - Game world initialized
22:20:54.468 [FXGL Background Thread 1 ] DEBUG PhysicsWorld         - Physics world initialized: appHeight=672, physics.ppm=50,0
22:20:54.468 [FXGL Background Thread 1 ] DEBUG PhysicsWorld         - Using strategy: BRUTE_FORCE
22:20:54.472 [FXGL Background Thread 1 ] DEBUG GameScene            - Game scene initialized: 816x672
22:20:54.483 [FXGL Background Thread 1 ] DEBUG FXGL.DefaultMenu     - createMenuBodyGameMenu()
22:20:54.498 [FXGL Background Thread 1 ] DEBUG FXGL.DefaultMenu     - createOptionsMenu()
22:20:54.509 [FXGL Background Thread 1 ] DEBUG FXGLAssetLoaderServi - Loading from file system: jar:file:///Users/dy/.m2/repository/com/github/almasb/fxgl/21.1/fxgl-21.1.jar!/fxglassets/textures/particles/smoke.png
22:20:54.605 [FXGL Background Thread 1 ] DEBUG FXGLAssetLoaderServi - Loading from file system: jar:file:///Users/dy/.m2/repository/com/github/almasb/fxgl/21.1/fxgl-21.1.jar!/fxglassets/textures/particles/trace_horizontal.png
22:20:54.626 [FXGL Background Thread 1 ] DEBUG GameApplicationServi - Application scenes initialized
22:20:54.637 [FXGL Background Thread 1 ] DEBUG SystemBundleService  - Loading FXGL system data
22:20:54.641 [FXGL Background Thread 1 ] DEBUG FileSystemAccess     - Reading from: /Users/dy/Desktop/alfa/Java/Projectarbeit/Tanks/system/fxgl.bundle
22:20:54.648 [FXGL Background Thread 1 ] DEBUG SystemBundleService  - Bundle FXGL: {}
22:20:54.648 [FXGL Background Thread 1 ] DEBUG UpdaterService       - Checking for updates
22:20:54.652 [FXGL Background Thread 4 ] DEBUG FXGLApplication      - Loading fonts
22:20:54.653 [FXGL Background Thread 4 ] DEBUG FXGLAssetLoaderServi - Loading from file system: jar:file:///Users/dy/.m2/repository/com/github/almasb/fxgl/21.1/fxgl-21.1.jar!/fxglassets/ui/fonts/VarelaRound-Regular.ttf
22:20:54.653 [FXGL Background Thread 1 ] DEBUG FXGLApplication      - Loading default localization
22:20:54.654 [FXGL Background Thread 1 ] DEBUG FXGLAssetLoaderServi - Loading from file system: jar:file:///Users/dy/.m2/repository/com/github/almasb/fxgl/21.1/fxgl-21.1.jar!/fxglassets/languages/english.lang
22:20:54.666 [FXGL Background Thread 1 ] INFO  FXGLApplication      - FXGL initialization took: 0,695 sec
22:20:54.667 [FXGL Background Thread 4 ] DEBUG FXGLAssetLoaderServi - Loading from file system: jar:file:///Users/dy/.m2/repository/com/github/almasb/fxgl/21.1/fxgl-21.1.jar!/fxglassets/ui/fonts/Abel-Regular.ttf
22:20:54.669 [FXGL Background Thread 4 ] DEBUG FXGLAssetLoaderServi - Loading from file system: jar:file:///Users/dy/.m2/repository/com/github/almasb/fxgl/21.1/fxgl-21.1.jar!/fxglassets/ui/fonts/TerminalLandMono-Regular.otf
22:20:54.674 [FXGL Background Thread 4 ] DEBUG FXGLAssetLoaderServi - Loading from file system: jar:file:///Users/dy/.m2/repository/com/github/almasb/fxgl/21.1/fxgl-21.1.jar!/fxglassets/ui/fonts/Courier-Prime.ttf
22:20:54.675 [JavaFX Application Thread] DEBUG Input                - Registered new binding: action0 - W
22:20:54.675 [JavaFX Application Thread] DEBUG Input                - Registered new binding: action1 - S
22:20:54.675 [JavaFX Application Thread] DEBUG Input                - Registered new binding: action2 - A
22:20:54.676 [JavaFX Application Thread] DEBUG Input                - Registered new binding: action3 - D
22:20:54.676 [JavaFX Application Thread] DEBUG Input                - Registered new binding: action4 - Space
22:20:54.677 [JavaFX Application Thread] DEBUG FXGLAssetLoaderServi - Loading from file system: jar:file:///Users/dy/.m2/repository/com/github/almasb/fxgl/21.1/fxgl-21.1.jar!/fxglassets/textures/fxgl_icon.png
22:20:54.702 [JavaFX Application Thread] DEBUG FXGLAssetLoaderServi - Loading from file system: jar:file:///Users/dy/.m2/repository/com/github/almasb/fxgl/21.1/fxgl-21.1.jar!/fxglassets/textures/fxgl_default_cursor.png
22:20:54.703 [JavaFX Application Thread] DEBUG Input                - Registered new binding: Screenshot - CTRL+8
22:20:54.704 [JavaFX Application Thread] DEBUG Input                - Registered new binding: System info dump - CTRL+9
22:20:54.704 [JavaFX Application Thread] DEBUG Input                - Registered new binding: Restart - CTRL+R
22:20:54.705 [JavaFX Application Thread] DEBUG Input                - Registered new binding: Toggle Debug Camera - CTRL+7
22:20:54.706 [JavaFX Application Thread] DEBUG LoopRunner           - Starting loop
22:20:54.707 [JavaFX Application Thread] DEBUG LoopRunner           - Initializing JavaFX AnimationTimerLoop
22:20:54.708 [JavaFX Application Thread] DEBUG GameApplicationServi - Starting new game
22:20:54.708 [JavaFX Application Thread] DEBUG Input                - Clearing active input actions
22:20:54.717 [JavaFX Application Thread] DEBUG GameApplicationServi - Removing overlay from FXGLStartupScene and adding to FXGLLoadingScene
22:20:54.717 [JavaFX Application Thread] DEBUG PrimaryStageWindow   - FXGLStartupScene -> FXGLLoadingScene
22:20:54.718 [JavaFX Application Thread] DEBUG GameApplicationServi - Clearing previous game
22:20:54.718 [JavaFX Application Thread] DEBUG GameScene            - Clearing game scene
22:20:54.718 [JavaFX Application Thread] DEBUG GameWorld            - Clearing game world
22:20:54.718 [JavaFX Application Thread] DEBUG PhysicsWorld         - Clearing physics world
22:20:54.719 [FXGL Background Thread 4 ] DEBUG FXGLApplication      - Initializing game
22:20:54.739 [JavaFX Application Thread] DEBUG FXGLApplication      - Registering font factories with UI factory
22:20:54.782 [FXGL Background Thread 4 ] WARN  TMXLevelLoader       - TiledMap generated from 1.11.0. Supported version: 1.9.0. Some features may not be parsed fully.
22:20:54.792 [FXGL Background Thread 4 ] DEBUG TMXLevelLoader       - Parsed TiledMap: file:/Users/dy/Desktop/alfa/Java/Projectarbeit/Tanks/target/classes/assets/levels/level.tmx
22:20:54.793 [FXGL Background Thread 4 ] DEBUG TMXLevelLoader       - Creating tile layer entities
22:20:54.794 [FXGL Background Thread 4 ] DEBUG TMXLevelLoader       - Creating object layer entities
22:20:54.832 [FXGL Background Thread 4 ] DEBUG FXGLAssetLoaderServi - Loading from file system: file:/Users/dy/Desktop/alfa/Java/Projectarbeit/Tanks/target/classes/assets/textures/items/sea_animation.png
22:20:54.854 [FXGL Background Thread 4 ] DEBUG GameWorld            - Clearing removable entities
22:20:54.855 [FXGL Background Thread 4 ] DEBUG GameWorld            - Setting level: com.almasb.fxgl.entity.level.Level@336ca5fb
22:20:54.859 [FXGL Background Thread 4 ] DEBUG FXGLAssetLoaderServi - Loading from file system: file:/Users/dy/Desktop/alfa/Java/Projectarbeit/Tanks/target/classes/assets/textures/tanks/H1U.png
22:20:54.862 [FXGL Background Thread 4 ] INFO  FXGLApplication      - Game initialization took: 0,144 sec
22:20:54.870 [JavaFX Application Thread] DEBUG Input                - Clearing active input actions
22:20:54.884 [JavaFX Application Thread] DEBUG GameApplicationServi - Removing overlay from FXGLLoadingScene and adding to GameScene
22:20:54.884 [JavaFX Application Thread] DEBUG PrimaryStageWindow   - FXGLLoadingScene -> GameScene
22:20:57.656 [FXGL Background Thread 3 ] DEBUG Engine               - Logging environment variables
22:20:57.656 [FXGL Background Thread 3 ] DEBUG Engine               - achievements: []
22:20:57.656 [FXGL Background Thread 3 ] DEBUG Engine               - actualHeight: 672.0
22:20:57.657 [FXGL Background Thread 3 ] DEBUG Engine               - actualHeightProperty: ReadOnlyDoubleProperty [value: 672.0]
22:20:57.657 [FXGL Background Thread 3 ] DEBUG Engine               - actualWidth: 816.0
22:20:57.657 [FXGL Background Thread 3 ] DEBUG Engine               - actualWidthProperty: ReadOnlyDoubleProperty [value: 816.0]
22:20:57.657 [FXGL Background Thread 3 ] DEBUG Engine               - appIcon: fxgl_icon.png
22:20:57.657 [FXGL Background Thread 3 ] DEBUG Engine               - applicationMode: DEVELOPER
22:20:57.657 [FXGL Background Thread 3 ] DEBUG Engine               - cSSList: [fxgl_dark.css]
22:20:57.657 [FXGL Background Thread 3 ] DEBUG Engine               - collisionDetectionStrategy: BRUTE_FORCE
22:20:57.657 [FXGL Background Thread 3 ] DEBUG Engine               - configClass: Optional.empty
22:20:57.657 [FXGL Background Thread 3 ] DEBUG Engine               - credits: []
22:20:57.658 [FXGL Background Thread 3 ] DEBUG Engine               - defaultCursor: CursorInfo(imageName=fxgl_default_cursor.png, hotspotX=7.0, hotspotY=6.0)
22:20:57.658 [FXGL Background Thread 3 ] DEBUG Engine               - devBBoxColorProperty: ObjectProperty [value: 0xff0000ff]
22:20:57.658 [FXGL Background Thread 3 ] DEBUG Engine               - devEnableDebugCameraProperty: BooleanProperty [value: false]
22:20:57.658 [FXGL Background Thread 3 ] DEBUG Engine               - devSensorColorProperty: ObjectProperty [value: 0xffff00ff]
22:20:57.659 [FXGL Background Thread 3 ] DEBUG Engine               - devShowBBoxProperty: BooleanProperty [value: false]
22:20:57.659 [FXGL Background Thread 3 ] DEBUG Engine               - devShowPositionProperty: BooleanProperty [value: false]
22:20:57.659 [FXGL Background Thread 3 ] DEBUG Engine               - enabledMenuItems: []
22:20:57.659 [FXGL Background Thread 3 ] DEBUG Engine               - engineServices: [class com.almasb.fxgl.app.services.FXGLAssetLoaderService, class com.almasb.fxgl.app.FXGLApplication$GameApplicationService, class com.almasb.fxgl.app.services.FXGLDialogService, class com.almasb.fxgl.app.services.IOTaskExecutorService, class com.almasb.fxgl.io.FileSystemService, class com.almasb.fxgl.localization.LocalizationService, class com.almasb.fxgl.app.services.SystemBundleService, class com.almasb.fxgl.profile.SaveLoadService, class com.almasb.fxgl.ui.FXGLUIFactoryServiceProvider, class com.almasb.fxgl.ui.FXGLDialogFactoryServiceProvider, class com.almasb.fxgl.audio.AudioPlayer, class com.almasb.fxgl.notification.impl.NotificationServiceProvider, class com.almasb.fxgl.achievement.AchievementService, class com.almasb.fxgl.cutscene.CutsceneService, class com.almasb.fxgl.minigames.MiniGameService, class com.almasb.fxgl.net.NetService, class com.almasb.fxgl.app.services.UpdaterService, class com.almasb.fxgl.dev.DevService]
22:20:57.659 [FXGL Background Thread 3 ] DEBUG Engine               - fontGame: Abel-Regular.ttf
22:20:57.659 [FXGL Background Thread 3 ] DEBUG Engine               - fontMono: TerminalLandMono-Regular.otf
22:20:57.659 [FXGL Background Thread 3 ] DEBUG Engine               - fontSizeScaleUI: 1.0
22:20:57.659 [FXGL Background Thread 3 ] DEBUG Engine               - fontText: Courier-Prime.ttf
22:20:57.659 [FXGL Background Thread 3 ] DEBUG Engine               - fontUI: VarelaRound-Regular.ttf
22:20:57.659 [FXGL Background Thread 3 ] DEBUG Engine               - fullScreen: BooleanProperty [value: false]
22:20:57.659 [FXGL Background Thread 3 ] DEBUG Engine               - gameDifficulty: MEDIUM
22:20:57.659 [FXGL Background Thread 3 ] DEBUG Engine               - gameDifficultyProperty: ObjectProperty [value: MEDIUM]
22:20:57.660 [FXGL Background Thread 3 ] DEBUG Engine               - globalMusicVolume: 0.5
22:20:57.660 [FXGL Background Thread 3 ] DEBUG Engine               - globalMusicVolumeProperty: DoubleProperty [value: 0.5]
22:20:57.660 [FXGL Background Thread 3 ] DEBUG Engine               - globalSoundVolume: 0.5
22:20:57.660 [FXGL Background Thread 3 ] DEBUG Engine               - globalSoundVolumeProperty: DoubleProperty [value: 0.5]
22:20:57.660 [FXGL Background Thread 3 ] DEBUG Engine               - height: 672
22:20:57.660 [FXGL Background Thread 3 ] DEBUG Engine               - is3D: false
22:20:57.660 [FXGL Background Thread 3 ] DEBUG Engine               - isAndroid: false
22:20:57.660 [FXGL Background Thread 3 ] DEBUG Engine               - isBrowser: false
22:20:57.660 [FXGL Background Thread 3 ] DEBUG Engine               - isClickFeedbackEnabled: false
22:20:57.660 [FXGL Background Thread 3 ] DEBUG Engine               - isCloseConfirmation: false
22:20:57.660 [FXGL Background Thread 3 ] DEBUG Engine               - isDesktop: true
22:20:57.660 [FXGL Background Thread 3 ] DEBUG Engine               - isDeveloperMenuEnabled: false
22:20:57.660 [FXGL Background Thread 3 ] DEBUG Engine               - isEmbedded: false
22:20:57.660 [FXGL Background Thread 3 ] DEBUG Engine               - isEntityPreloadEnabled: true
22:20:57.660 [FXGL Background Thread 3 ] DEBUG Engine               - isExperimentalTiledLargeMap: false
22:20:57.660 [FXGL Background Thread 3 ] DEBUG Engine               - isFileSystemWriteAllowed: true
22:20:57.661 [FXGL Background Thread 3 ] DEBUG Engine               - isFullScreenAllowed: false
22:20:57.661 [FXGL Background Thread 3 ] DEBUG Engine               - isFullScreenFromStart: false
22:20:57.661 [FXGL Background Thread 3 ] DEBUG Engine               - isGameMenuEnabled: true
22:20:57.661 [FXGL Background Thread 3 ] DEBUG Engine               - isIOS: false
22:20:57.661 [FXGL Background Thread 3 ] DEBUG Engine               - isIntroEnabled: false
22:20:57.661 [FXGL Background Thread 3 ] DEBUG Engine               - isLinux: false
22:20:57.661 [FXGL Background Thread 3 ] DEBUG Engine               - isMac: true
22:20:57.661 [FXGL Background Thread 3 ] DEBUG Engine               - isMainMenuEnabled: false
22:20:57.661 [FXGL Background Thread 3 ] DEBUG Engine               - isManualResizeEnabled: false
22:20:57.661 [FXGL Background Thread 3 ] DEBUG Engine               - isMobile: false
22:20:57.661 [FXGL Background Thread 3 ] DEBUG Engine               - isNative: false
22:20:57.661 [FXGL Background Thread 3 ] DEBUG Engine               - isPauseMusicWhenMinimized: true
22:20:57.661 [FXGL Background Thread 3 ] DEBUG Engine               - isPreserveResizeRatio: false
22:20:57.661 [FXGL Background Thread 3 ] DEBUG Engine               - isProfilingEnabled: false
22:20:57.661 [FXGL Background Thread 3 ] DEBUG Engine               - isScaleAffectedOnResize: true
22:20:57.661 [FXGL Background Thread 3 ] DEBUG Engine               - isSingleStep: false
22:20:57.661 [FXGL Background Thread 3 ] DEBUG Engine               - isUserProfileEnabled: false
22:20:57.662 [FXGL Background Thread 3 ] DEBUG Engine               - isWindows: false
22:20:57.662 [FXGL Background Thread 3 ] DEBUG Engine               - language: ObjectProperty [value: ENGLISH]
22:20:57.662 [FXGL Background Thread 3 ] DEBUG Engine               - menuKey: ESCAPE
22:20:57.662 [FXGL Background Thread 3 ] DEBUG Engine               - mouseSensitivity: 0.2
22:20:57.662 [FXGL Background Thread 3 ] DEBUG Engine               - notificationViewClass: class com.almasb.fxgl.notification.view.XboxNotificationView
22:20:57.662 [FXGL Background Thread 3 ] DEBUG Engine               - pixelsPerMeter: 50.0
22:20:57.662 [FXGL Background Thread 3 ] DEBUG Engine               - platform: MAC
22:20:57.662 [FXGL Background Thread 3 ] DEBUG Engine               - prefHeightProperty: ReadOnlyDoubleProperty [value: 672.0]
22:20:57.662 [FXGL Background Thread 3 ] DEBUG Engine               - prefWidthProperty: ReadOnlyDoubleProperty [value: 816.0]
22:20:57.662 [FXGL Background Thread 3 ] DEBUG Engine               - profileDir: profiles/
22:20:57.662 [FXGL Background Thread 3 ] DEBUG Engine               - profileName: StringProperty [value: DEFAULT]
22:20:57.662 [FXGL Background Thread 3 ] DEBUG Engine               - randomSeed: -1
22:20:57.663 [FXGL Background Thread 3 ] DEBUG Engine               - runtimeInfo: RuntimeInfo(platform=MAC, version=21.1, build=27.03.2024 07.52)
22:20:57.663 [FXGL Background Thread 3 ] DEBUG Engine               - saveFileExt: sav
22:20:57.663 [FXGL Background Thread 3 ] DEBUG Engine               - scaledHeightProp$fxgl: DoubleProperty [bound, value: 672.0]
22:20:57.663 [FXGL Background Thread 3 ] DEBUG Engine               - scaledWidthProp$fxgl: DoubleProperty [bound, value: 816.0]
22:20:57.663 [FXGL Background Thread 3 ] DEBUG Engine               - sceneFactory: com.almasb.fxgl.app.scene.SceneFactory@1167ba31
22:20:57.663 [FXGL Background Thread 3 ] DEBUG Engine               - secondsIn24h: 60
22:20:57.663 [FXGL Background Thread 3 ] DEBUG Engine               - soundMenuBack: menu/back.wav
22:20:57.663 [FXGL Background Thread 3 ] DEBUG Engine               - soundMenuPress: menu/press.wav
22:20:57.663 [FXGL Background Thread 3 ] DEBUG Engine               - soundMenuSelect: menu/select.wav
22:20:57.663 [FXGL Background Thread 3 ] DEBUG Engine               - soundNotification: core/notification.wav
22:20:57.663 [FXGL Background Thread 3 ] DEBUG Engine               - stageStyle: DECORATED
22:20:57.663 [FXGL Background Thread 3 ] DEBUG Engine               - supportedLanguages: [ENGLISH, FRENCH, GERMAN, HUNGARIAN, RUSSIAN]
22:20:57.663 [FXGL Background Thread 3 ] DEBUG Engine               - ticksPerSecond: -1
22:20:57.664 [FXGL Background Thread 3 ] DEBUG Engine               - title: Tank
22:20:57.664 [FXGL Background Thread 3 ] DEBUG Engine               - urlGithub: https://github.com/AlmasB/FXGL
22:20:57.664 [FXGL Background Thread 3 ] DEBUG Engine               - urlLeaderboard: http://fxgl-top.herokuapp.com/
22:20:57.664 [FXGL Background Thread 3 ] DEBUG Engine               - urlPOM: https://raw.githubusercontent.com/AlmasB/FXGL/release/README.md
22:20:57.664 [FXGL Background Thread 3 ] DEBUG Engine               - userAppClass: class de.dywebstudio.tanks.TankApp
22:20:57.664 [FXGL Background Thread 3 ] DEBUG Engine               - version: 1.0
22:20:57.664 [FXGL Background Thread 3 ] DEBUG Engine               - versionCheckDays: 7
22:20:57.664 [FXGL Background Thread 3 ] DEBUG Engine               - width: 816
22:20:57.664 [FXGL Background Thread 3 ] DEBUG Engine               - Logging services
22:20:57.665 [FXGL Background Thread 3 ] DEBUG Engine               - class com.almasb.fxgl.app.services.FXGLAssetLoaderService
22:20:57.665 [FXGL Background Thread 3 ] DEBUG Engine               - class com.almasb.fxgl.app.FXGLApplication$GameApplicationService
22:20:57.665 [FXGL Background Thread 3 ] DEBUG Engine               - class com.almasb.fxgl.app.services.FXGLDialogService
22:20:57.665 [FXGL Background Thread 3 ] DEBUG Engine               - class com.almasb.fxgl.app.services.IOTaskExecutorService
22:20:57.665 [FXGL Background Thread 3 ] DEBUG Engine               - class com.almasb.fxgl.io.FileSystemService
22:20:57.665 [FXGL Background Thread 3 ] DEBUG Engine               - class com.almasb.fxgl.localization.LocalizationService
22:20:57.665 [FXGL Background Thread 3 ] DEBUG Engine               - class com.almasb.fxgl.app.services.SystemBundleService
22:20:57.665 [FXGL Background Thread 3 ] DEBUG Engine               - class com.almasb.fxgl.profile.SaveLoadService
22:20:57.665 [FXGL Background Thread 3 ] DEBUG Engine               - class com.almasb.fxgl.ui.FXGLUIFactoryServiceProvider
22:20:57.665 [FXGL Background Thread 3 ] DEBUG Engine               - class com.almasb.fxgl.ui.FXGLDialogFactoryServiceProvider
22:20:57.665 [FXGL Background Thread 3 ] DEBUG Engine               - class com.almasb.fxgl.audio.AudioPlayer
22:20:57.665 [FXGL Background Thread 3 ] DEBUG Engine               - class com.almasb.fxgl.notification.impl.NotificationServiceProvider
22:20:57.665 [FXGL Background Thread 3 ] DEBUG Engine               - class com.almasb.fxgl.achievement.AchievementService
22:20:57.665 [FXGL Background Thread 3 ] DEBUG Engine               - class com.almasb.fxgl.cutscene.CutsceneService
22:20:57.665 [FXGL Background Thread 3 ] DEBUG Engine               - class com.almasb.fxgl.minigames.MiniGameService
22:20:57.665 [FXGL Background Thread 3 ] DEBUG Engine               - class com.almasb.fxgl.net.NetService
22:20:57.665 [FXGL Background Thread 3 ] DEBUG Engine               - class com.almasb.fxgl.app.services.UpdaterService
22:20:57.665 [FXGL Background Thread 3 ] DEBUG Engine               - class com.almasb.fxgl.dev.DevService
22:21:32.140 [JavaFX Application Thread] DEBUG FXGLApplication      - Exiting FXGL
22:21:32.141 [JavaFX Application Thread] DEBUG LoopRunner           - Stopping loop
22:21:32.141 [JavaFX Application Thread] DEBUG SystemBundleService  - Saving FXGL system data
22:21:32.144 [JavaFX Application Thread] DEBUG FileSystemAccess     - Writing to: /Users/dy/Desktop/alfa/Java/Projectarbeit/Tanks/system/fxgl.bundle
22:21:32.148 [JavaFX Application Thread] DEBUG Async                - Shutting down background threads
22:21:32.148 [JavaFX Application Thread] DEBUG PrimaryStageWindow   - Closing main window
22:21:32.168 [JavaFX Application Thread] DEBUG Logger               - Closing Logger
