13:07:55.519 [main                     ] DEBUG Logger               - Configured Logger
13:07:55.567 [main                     ] DEBUG GameApplication      - Logging settings
Title: Tank
Version: 1.0
Width: 816
Height: 672
Fullscreen: false
Intro: false
Profiling: false
Single step:false
App Mode: DEVELOPER
Menu Key: ESCAPE
Stage Style: DECORATED
Scene Factory: class com.almasb.fxgl.app.scene.SceneFactory

13:07:56.066 [JavaFX Application Thread] DEBUG FXGLApplication      - Initializing FXGL
13:07:56.073 [JavaFX Application Thread] INFO  Engine               - FXGL-21.1 (27.03.2024 07.52) on MAC (J:22.0.2 FX:22.0.1)
13:07:56.074 [JavaFX Application Thread] DEBUG Engine               - JRE Vendor Name: Oracle Corporation
13:07:56.074 [JavaFX Application Thread] DEBUG Engine               - Running on OS: Mac OS X version 14.6.1
13:07:56.074 [JavaFX Application Thread] DEBUG Engine               - Architecture: x86_64
13:07:56.074 [JavaFX Application Thread] INFO  Engine               - Source code and latest versions at: https://github.com/AlmasB/FXGL
13:07:56.074 [JavaFX Application Thread] INFO  Engine               -       Ask questions and discuss at: https://github.com/AlmasB/FXGL/discussions
13:07:56.075 [JavaFX Application Thread] INFO  Engine               -              Join the FXGL chat at: https://gitter.im/AlmasB/FXGL
13:07:56.186 [JavaFX Application Thread] DEBUG PrimaryStageWindow   - Creating a JavaFX scene
13:07:56.242 [JavaFX Application Thread] DEBUG PrimaryStageWindow   - Target settings size: 816.0 x 672.0
13:07:56.243 [JavaFX Application Thread] DEBUG PrimaryStageWindow   - Scaled scene size:    816.0 x 672.0
13:07:56.243 [JavaFX Application Thread] DEBUG PrimaryStageWindow   - Scaled ratio: (1.0, 1.0)
13:07:56.244 [JavaFX Application Thread] DEBUG PrimaryStageWindow   - Set initial scene to FXGLStartupScene
13:07:56.248 [JavaFX Application Thread] DEBUG PrimaryStageWindow   - Opening main window
13:07:56.379 [JavaFX Application Thread] DEBUG PrimaryStageWindow   - Window border size: (0.0, 28.0)
13:07:56.380 [JavaFX Application Thread] DEBUG PrimaryStageWindow   - Scaled size: 816.0 x 672.0
13:07:56.380 [JavaFX Application Thread] DEBUG PrimaryStageWindow   - Scaled ratio: (1.0, 1.0)
13:07:56.381 [JavaFX Application Thread] DEBUG PrimaryStageWindow   - Scene size: 816.0 x 672.0
13:07:56.382 [JavaFX Application Thread] DEBUG PrimaryStageWindow   - Stage size: 816.0 x 700.0
13:07:56.398 [FXGL Background Thread 1 ] DEBUG Engine               - Initializing environment variables
13:07:56.504 [FXGL Background Thread 1 ] DEBUG FXGLAssetLoaderServi - User app class for loading assets: class de.dywebstudio.tanks.TankApp
13:07:56.505 [FXGL Background Thread 1 ] DEBUG GameApplicationServi - Applying CSS: fxgl_dark.css
13:07:56.506 [FXGL Background Thread 1 ] DEBUG FXGLAssetLoaderServi - Loading from file system: jar:file:///Users/dy/.m2/repository/com/github/almasb/fxgl/21.1/fxgl-21.1.jar!/fxglassets/ui/css/fxgl_dark.css
13:07:56.583 [FXGL Background Thread 1 ] DEBUG GameApplicationServi - Initializing application scenes
13:07:56.936 [FXGL Background Thread 1 ] DEBUG GameWorld            - Game world initialized
13:07:56.985 [FXGL Background Thread 1 ] DEBUG PhysicsWorld         - Physics world initialized: appHeight=672, physics.ppm=50,0
13:07:56.985 [FXGL Background Thread 1 ] DEBUG PhysicsWorld         - Using strategy: BRUTE_FORCE
13:07:56.990 [FXGL Background Thread 1 ] DEBUG GameScene            - Game scene initialized: 816x672
13:07:57.003 [FXGL Background Thread 1 ] DEBUG FXGL.DefaultMenu     - createMenuBodyGameMenu()
13:07:57.019 [FXGL Background Thread 1 ] DEBUG FXGL.DefaultMenu     - createOptionsMenu()
13:07:57.032 [FXGL Background Thread 1 ] DEBUG FXGLAssetLoaderServi - Loading from file system: jar:file:///Users/dy/.m2/repository/com/github/almasb/fxgl/21.1/fxgl-21.1.jar!/fxglassets/textures/particles/smoke.png
13:07:57.159 [FXGL Background Thread 1 ] DEBUG FXGLAssetLoaderServi - Loading from file system: jar:file:///Users/dy/.m2/repository/com/github/almasb/fxgl/21.1/fxgl-21.1.jar!/fxglassets/textures/particles/trace_horizontal.png
13:07:57.190 [FXGL Background Thread 1 ] DEBUG GameApplicationServi - Application scenes initialized
13:07:57.209 [FXGL Background Thread 1 ] DEBUG SystemBundleService  - Loading FXGL system data
13:07:57.215 [FXGL Background Thread 1 ] DEBUG FileSystemAccess     - Reading from: /Users/dy/Desktop/alfa/Java/Projectarbeit/Tanks/system/fxgl.bundle
13:07:57.225 [FXGL Background Thread 1 ] DEBUG SystemBundleService  - Bundle FXGL: {}
13:07:57.225 [FXGL Background Thread 1 ] DEBUG UpdaterService       - Checking for updates
13:07:57.230 [FXGL Background Thread 4 ] DEBUG FXGLApplication      - Loading fonts
13:07:57.231 [FXGL Background Thread 4 ] DEBUG FXGLAssetLoaderServi - Loading from file system: jar:file:///Users/dy/.m2/repository/com/github/almasb/fxgl/21.1/fxgl-21.1.jar!/fxglassets/ui/fonts/VarelaRound-Regular.ttf
13:07:57.231 [FXGL Background Thread 1 ] DEBUG FXGLApplication      - Loading default localization
13:07:57.232 [FXGL Background Thread 1 ] DEBUG FXGLAssetLoaderServi - Loading from file system: jar:file:///Users/dy/.m2/repository/com/github/almasb/fxgl/21.1/fxgl-21.1.jar!/fxglassets/languages/english.lang
13:07:57.250 [FXGL Background Thread 1 ] INFO  FXGLApplication      - FXGL initialization took: 0,852 sec
13:07:57.251 [FXGL Background Thread 4 ] DEBUG FXGLAssetLoaderServi - Loading from file system: jar:file:///Users/dy/.m2/repository/com/github/almasb/fxgl/21.1/fxgl-21.1.jar!/fxglassets/ui/fonts/Abel-Regular.ttf
13:07:57.256 [FXGL Background Thread 4 ] DEBUG FXGLAssetLoaderServi - Loading from file system: jar:file:///Users/dy/.m2/repository/com/github/almasb/fxgl/21.1/fxgl-21.1.jar!/fxglassets/ui/fonts/TerminalLandMono-Regular.otf
13:07:57.262 [FXGL Background Thread 4 ] DEBUG FXGLAssetLoaderServi - Loading from file system: jar:file:///Users/dy/.m2/repository/com/github/almasb/fxgl/21.1/fxgl-21.1.jar!/fxglassets/ui/fonts/Courier-Prime.ttf
13:07:57.266 [JavaFX Application Thread] DEBUG Input                - Registered new binding: action0 - W
13:07:57.267 [JavaFX Application Thread] DEBUG Input                - Registered new binding: action1 - S
13:07:57.268 [JavaFX Application Thread] DEBUG Input                - Registered new binding: action2 - A
13:07:57.268 [JavaFX Application Thread] DEBUG Input                - Registered new binding: action3 - D
13:07:57.269 [JavaFX Application Thread] DEBUG Input                - Registered new binding: action4 - Space
13:07:57.269 [JavaFX Application Thread] DEBUG FXGLAssetLoaderServi - Loading from file system: jar:file:///Users/dy/.m2/repository/com/github/almasb/fxgl/21.1/fxgl-21.1.jar!/fxglassets/textures/fxgl_icon.png
13:07:57.305 [JavaFX Application Thread] DEBUG FXGLAssetLoaderServi - Loading from file system: jar:file:///Users/dy/.m2/repository/com/github/almasb/fxgl/21.1/fxgl-21.1.jar!/fxglassets/textures/fxgl_default_cursor.png
13:07:57.308 [JavaFX Application Thread] DEBUG Input                - Registered new binding: Screenshot - CTRL+8
13:07:57.308 [JavaFX Application Thread] DEBUG Input                - Registered new binding: System info dump - CTRL+9
13:07:57.309 [JavaFX Application Thread] DEBUG Input                - Registered new binding: Restart - CTRL+R
13:07:57.309 [JavaFX Application Thread] DEBUG Input                - Registered new binding: Toggle Debug Camera - CTRL+7
13:07:57.313 [JavaFX Application Thread] DEBUG LoopRunner           - Starting loop
13:07:57.313 [JavaFX Application Thread] DEBUG LoopRunner           - Initializing JavaFX AnimationTimerLoop
13:07:57.315 [JavaFX Application Thread] DEBUG GameApplicationServi - Starting new game
13:07:57.316 [JavaFX Application Thread] DEBUG Input                - Clearing active input actions
13:07:57.331 [JavaFX Application Thread] DEBUG GameApplicationServi - Removing overlay from FXGLStartupScene and adding to FXGLLoadingScene
13:07:57.333 [JavaFX Application Thread] DEBUG PrimaryStageWindow   - FXGLStartupScene -> FXGLLoadingScene
13:07:57.333 [JavaFX Application Thread] DEBUG GameApplicationServi - Clearing previous game
13:07:57.333 [JavaFX Application Thread] DEBUG GameScene            - Clearing game scene
13:07:57.333 [JavaFX Application Thread] DEBUG GameWorld            - Clearing game world
13:07:57.333 [JavaFX Application Thread] DEBUG PhysicsWorld         - Clearing physics world
13:07:57.336 [FXGL Background Thread 4 ] DEBUG FXGLApplication      - Initializing game
13:07:57.366 [JavaFX Application Thread] DEBUG FXGLApplication      - Registering font factories with UI factory
13:07:57.440 [FXGL Background Thread 4 ] WARN  TMXLevelLoader       - TiledMap generated from 1.11.0. Supported version: 1.9.0. Some features may not be parsed fully.
13:07:57.464 [FXGL Background Thread 4 ] DEBUG TMXLevelLoader       - Parsed TiledMap: file:/Users/dy/Desktop/alfa/Java/Projectarbeit/Tanks/target/classes/assets/levels/level.tmx
13:07:57.466 [FXGL Background Thread 4 ] DEBUG TMXLevelLoader       - Creating tile layer entities
13:07:57.467 [FXGL Background Thread 4 ] DEBUG TMXLevelLoader       - Creating object layer entities
13:07:57.536 [FXGL Background Thread 4 ] DEBUG FXGLAssetLoaderServi - Loading from file system: file:/Users/dy/Desktop/alfa/Java/Projectarbeit/Tanks/target/classes/assets/textures/items/sea_animation.png
13:07:57.593 [FXGL Background Thread 4 ] DEBUG GameWorld            - Clearing removable entities
13:07:57.594 [FXGL Background Thread 4 ] DEBUG GameWorld            - Setting level: com.almasb.fxgl.entity.level.Level@929ca2
13:07:57.602 [FXGL Background Thread 4 ] DEBUG FXGLAssetLoaderServi - Loading from file system: file:/Users/dy/Desktop/alfa/Java/Projectarbeit/Tanks/target/classes/assets/textures/tanks/H1U.png
13:07:57.611 [FXGL Background Thread 4 ] INFO  FXGLApplication      - Game initialization took: 0,275 sec
13:07:57.616 [JavaFX Application Thread] DEBUG Input                - Clearing active input actions
13:07:57.635 [JavaFX Application Thread] DEBUG GameApplicationServi - Removing overlay from FXGLLoadingScene and adding to GameScene
13:07:57.636 [JavaFX Application Thread] DEBUG PrimaryStageWindow   - FXGLLoadingScene -> GameScene
13:08:00.233 [FXGL Background Thread 3 ] DEBUG Engine               - Logging environment variables
13:08:00.234 [FXGL Background Thread 3 ] DEBUG Engine               - achievements: []
13:08:00.235 [FXGL Background Thread 3 ] DEBUG Engine               - actualHeight: 672.0
13:08:00.235 [FXGL Background Thread 3 ] DEBUG Engine               - actualHeightProperty: ReadOnlyDoubleProperty [value: 672.0]
13:08:00.235 [FXGL Background Thread 3 ] DEBUG Engine               - actualWidth: 816.0
13:08:00.235 [FXGL Background Thread 3 ] DEBUG Engine               - actualWidthProperty: ReadOnlyDoubleProperty [value: 816.0]
13:08:00.235 [FXGL Background Thread 3 ] DEBUG Engine               - appIcon: fxgl_icon.png
13:08:00.235 [FXGL Background Thread 3 ] DEBUG Engine               - applicationMode: DEVELOPER
13:08:00.235 [FXGL Background Thread 3 ] DEBUG Engine               - cSSList: [fxgl_dark.css]
13:08:00.235 [FXGL Background Thread 3 ] DEBUG Engine               - collisionDetectionStrategy: BRUTE_FORCE
13:08:00.235 [FXGL Background Thread 3 ] DEBUG Engine               - configClass: Optional.empty
13:08:00.236 [FXGL Background Thread 3 ] DEBUG Engine               - credits: []
13:08:00.236 [FXGL Background Thread 3 ] DEBUG Engine               - defaultCursor: CursorInfo(imageName=fxgl_default_cursor.png, hotspotX=7.0, hotspotY=6.0)
13:08:00.236 [FXGL Background Thread 3 ] DEBUG Engine               - devBBoxColorProperty: ObjectProperty [value: 0xff0000ff]
13:08:00.236 [FXGL Background Thread 3 ] DEBUG Engine               - devEnableDebugCameraProperty: BooleanProperty [value: false]
13:08:00.236 [FXGL Background Thread 3 ] DEBUG Engine               - devSensorColorProperty: ObjectProperty [value: 0xffff00ff]
13:08:00.236 [FXGL Background Thread 3 ] DEBUG Engine               - devShowBBoxProperty: BooleanProperty [value: false]
13:08:00.237 [FXGL Background Thread 3 ] DEBUG Engine               - devShowPositionProperty: BooleanProperty [value: false]
13:08:00.237 [FXGL Background Thread 3 ] DEBUG Engine               - enabledMenuItems: []
13:08:00.237 [FXGL Background Thread 3 ] DEBUG Engine               - engineServices: [class com.almasb.fxgl.app.services.FXGLAssetLoaderService, class com.almasb.fxgl.app.FXGLApplication$GameApplicationService, class com.almasb.fxgl.app.services.FXGLDialogService, class com.almasb.fxgl.app.services.IOTaskExecutorService, class com.almasb.fxgl.io.FileSystemService, class com.almasb.fxgl.localization.LocalizationService, class com.almasb.fxgl.app.services.SystemBundleService, class com.almasb.fxgl.profile.SaveLoadService, class com.almasb.fxgl.ui.FXGLUIFactoryServiceProvider, class com.almasb.fxgl.ui.FXGLDialogFactoryServiceProvider, class com.almasb.fxgl.audio.AudioPlayer, class com.almasb.fxgl.notification.impl.NotificationServiceProvider, class com.almasb.fxgl.achievement.AchievementService, class com.almasb.fxgl.cutscene.CutsceneService, class com.almasb.fxgl.minigames.MiniGameService, class com.almasb.fxgl.net.NetService, class com.almasb.fxgl.app.services.UpdaterService, class com.almasb.fxgl.dev.DevService]
13:08:00.237 [FXGL Background Thread 3 ] DEBUG Engine               - fontGame: Abel-Regular.ttf
13:08:00.237 [FXGL Background Thread 3 ] DEBUG Engine               - fontMono: TerminalLandMono-Regular.otf
13:08:00.237 [FXGL Background Thread 3 ] DEBUG Engine               - fontSizeScaleUI: 1.0
13:08:00.237 [FXGL Background Thread 3 ] DEBUG Engine               - fontText: Courier-Prime.ttf
13:08:00.237 [FXGL Background Thread 3 ] DEBUG Engine               - fontUI: VarelaRound-Regular.ttf
13:08:00.237 [FXGL Background Thread 3 ] DEBUG Engine               - fullScreen: BooleanProperty [value: false]
13:08:00.237 [FXGL Background Thread 3 ] DEBUG Engine               - gameDifficulty: MEDIUM
13:08:00.237 [FXGL Background Thread 3 ] DEBUG Engine               - gameDifficultyProperty: ObjectProperty [value: MEDIUM]
13:08:00.237 [FXGL Background Thread 3 ] DEBUG Engine               - globalMusicVolume: 0.5
13:08:00.237 [FXGL Background Thread 3 ] DEBUG Engine               - globalMusicVolumeProperty: DoubleProperty [value: 0.5]
13:08:00.237 [FXGL Background Thread 3 ] DEBUG Engine               - globalSoundVolume: 0.5
13:08:00.237 [FXGL Background Thread 3 ] DEBUG Engine               - globalSoundVolumeProperty: DoubleProperty [value: 0.5]
13:08:00.238 [FXGL Background Thread 3 ] DEBUG Engine               - height: 672
13:08:00.238 [FXGL Background Thread 3 ] DEBUG Engine               - is3D: false
13:08:00.238 [FXGL Background Thread 3 ] DEBUG Engine               - isAndroid: false
13:08:00.238 [FXGL Background Thread 3 ] DEBUG Engine               - isBrowser: false
13:08:00.238 [FXGL Background Thread 3 ] DEBUG Engine               - isClickFeedbackEnabled: false
13:08:00.238 [FXGL Background Thread 3 ] DEBUG Engine               - isCloseConfirmation: false
13:08:00.238 [FXGL Background Thread 3 ] DEBUG Engine               - isDesktop: true
13:08:00.238 [FXGL Background Thread 3 ] DEBUG Engine               - isDeveloperMenuEnabled: false
13:08:00.238 [FXGL Background Thread 3 ] DEBUG Engine               - isEmbedded: false
13:08:00.238 [FXGL Background Thread 3 ] DEBUG Engine               - isEntityPreloadEnabled: true
13:08:00.238 [FXGL Background Thread 3 ] DEBUG Engine               - isExperimentalTiledLargeMap: false
13:08:00.238 [FXGL Background Thread 3 ] DEBUG Engine               - isFileSystemWriteAllowed: true
13:08:00.238 [FXGL Background Thread 3 ] DEBUG Engine               - isFullScreenAllowed: false
13:08:00.238 [FXGL Background Thread 3 ] DEBUG Engine               - isFullScreenFromStart: false
13:08:00.238 [FXGL Background Thread 3 ] DEBUG Engine               - isGameMenuEnabled: true
13:08:00.239 [FXGL Background Thread 3 ] DEBUG Engine               - isIOS: false
13:08:00.239 [FXGL Background Thread 3 ] DEBUG Engine               - isIntroEnabled: false
13:08:00.239 [FXGL Background Thread 3 ] DEBUG Engine               - isLinux: false
13:08:00.239 [FXGL Background Thread 3 ] DEBUG Engine               - isMac: true
13:08:00.239 [FXGL Background Thread 3 ] DEBUG Engine               - isMainMenuEnabled: false
13:08:00.239 [FXGL Background Thread 3 ] DEBUG Engine               - isManualResizeEnabled: false
13:08:00.239 [FXGL Background Thread 3 ] DEBUG Engine               - isMobile: false
13:08:00.239 [FXGL Background Thread 3 ] DEBUG Engine               - isNative: false
13:08:00.239 [FXGL Background Thread 3 ] DEBUG Engine               - isPauseMusicWhenMinimized: true
13:08:00.239 [FXGL Background Thread 3 ] DEBUG Engine               - isPreserveResizeRatio: false
13:08:00.239 [FXGL Background Thread 3 ] DEBUG Engine               - isProfilingEnabled: false
13:08:00.239 [FXGL Background Thread 3 ] DEBUG Engine               - isScaleAffectedOnResize: true
13:08:00.239 [FXGL Background Thread 3 ] DEBUG Engine               - isSingleStep: false
13:08:00.239 [FXGL Background Thread 3 ] DEBUG Engine               - isUserProfileEnabled: false
13:08:00.239 [FXGL Background Thread 3 ] DEBUG Engine               - isWindows: false
13:08:00.240 [FXGL Background Thread 3 ] DEBUG Engine               - language: ObjectProperty [value: ENGLISH]
13:08:00.240 [FXGL Background Thread 3 ] DEBUG Engine               - menuKey: ESCAPE
13:08:00.240 [FXGL Background Thread 3 ] DEBUG Engine               - mouseSensitivity: 0.2
13:08:00.240 [FXGL Background Thread 3 ] DEBUG Engine               - notificationViewClass: class com.almasb.fxgl.notification.view.XboxNotificationView
13:08:00.240 [FXGL Background Thread 3 ] DEBUG Engine               - pixelsPerMeter: 50.0
13:08:00.240 [FXGL Background Thread 3 ] DEBUG Engine               - platform: MAC
13:08:00.240 [FXGL Background Thread 3 ] DEBUG Engine               - prefHeightProperty: ReadOnlyDoubleProperty [value: 672.0]
13:08:00.240 [FXGL Background Thread 3 ] DEBUG Engine               - prefWidthProperty: ReadOnlyDoubleProperty [value: 816.0]
13:08:00.240 [FXGL Background Thread 3 ] DEBUG Engine               - profileDir: profiles/
13:08:00.240 [FXGL Background Thread 3 ] DEBUG Engine               - profileName: StringProperty [value: DEFAULT]
13:08:00.240 [FXGL Background Thread 3 ] DEBUG Engine               - randomSeed: -1
13:08:00.241 [FXGL Background Thread 3 ] DEBUG Engine               - runtimeInfo: RuntimeInfo(platform=MAC, version=21.1, build=27.03.2024 07.52)
13:08:00.241 [FXGL Background Thread 3 ] DEBUG Engine               - saveFileExt: sav
13:08:00.241 [FXGL Background Thread 3 ] DEBUG Engine               - scaledHeightProp$fxgl: DoubleProperty [bound, value: 672.0]
13:08:00.241 [FXGL Background Thread 3 ] DEBUG Engine               - scaledWidthProp$fxgl: DoubleProperty [bound, value: 816.0]
13:08:00.242 [FXGL Background Thread 3 ] DEBUG Engine               - sceneFactory: com.almasb.fxgl.app.scene.SceneFactory@695bf222
13:08:00.242 [FXGL Background Thread 3 ] DEBUG Engine               - secondsIn24h: 60
13:08:00.242 [FXGL Background Thread 3 ] DEBUG Engine               - soundMenuBack: menu/back.wav
13:08:00.242 [FXGL Background Thread 3 ] DEBUG Engine               - soundMenuPress: menu/press.wav
13:08:00.242 [FXGL Background Thread 3 ] DEBUG Engine               - soundMenuSelect: menu/select.wav
13:08:00.242 [FXGL Background Thread 3 ] DEBUG Engine               - soundNotification: core/notification.wav
13:08:00.242 [FXGL Background Thread 3 ] DEBUG Engine               - stageStyle: DECORATED
13:08:00.242 [FXGL Background Thread 3 ] DEBUG Engine               - supportedLanguages: [ENGLISH, FRENCH, GERMAN, HUNGARIAN, RUSSIAN]
13:08:00.242 [FXGL Background Thread 3 ] DEBUG Engine               - ticksPerSecond: -1
13:08:00.242 [FXGL Background Thread 3 ] DEBUG Engine               - title: Tank
13:08:00.242 [FXGL Background Thread 3 ] DEBUG Engine               - urlGithub: https://github.com/AlmasB/FXGL
13:08:00.242 [FXGL Background Thread 3 ] DEBUG Engine               - urlLeaderboard: http://fxgl-top.herokuapp.com/
13:08:00.243 [FXGL Background Thread 3 ] DEBUG Engine               - urlPOM: https://raw.githubusercontent.com/AlmasB/FXGL/release/README.md
13:08:00.243 [FXGL Background Thread 3 ] DEBUG Engine               - userAppClass: class de.dywebstudio.tanks.TankApp
13:08:00.243 [FXGL Background Thread 3 ] DEBUG Engine               - version: 1.0
13:08:00.243 [FXGL Background Thread 3 ] DEBUG Engine               - versionCheckDays: 7
13:08:00.243 [FXGL Background Thread 3 ] DEBUG Engine               - width: 816
13:08:00.243 [FXGL Background Thread 3 ] DEBUG Engine               - Logging services
13:08:00.243 [FXGL Background Thread 3 ] DEBUG Engine               - class com.almasb.fxgl.app.services.FXGLAssetLoaderService
13:08:00.243 [FXGL Background Thread 3 ] DEBUG Engine               - class com.almasb.fxgl.app.FXGLApplication$GameApplicationService
13:08:00.243 [FXGL Background Thread 3 ] DEBUG Engine               - class com.almasb.fxgl.app.services.FXGLDialogService
13:08:00.243 [FXGL Background Thread 3 ] DEBUG Engine               - class com.almasb.fxgl.app.services.IOTaskExecutorService
13:08:00.243 [FXGL Background Thread 3 ] DEBUG Engine               - class com.almasb.fxgl.io.FileSystemService
13:08:00.243 [FXGL Background Thread 3 ] DEBUG Engine               - class com.almasb.fxgl.localization.LocalizationService
13:08:00.243 [FXGL Background Thread 3 ] DEBUG Engine               - class com.almasb.fxgl.app.services.SystemBundleService
13:08:00.243 [FXGL Background Thread 3 ] DEBUG Engine               - class com.almasb.fxgl.profile.SaveLoadService
13:08:00.243 [FXGL Background Thread 3 ] DEBUG Engine               - class com.almasb.fxgl.ui.FXGLUIFactoryServiceProvider
13:08:00.243 [FXGL Background Thread 3 ] DEBUG Engine               - class com.almasb.fxgl.ui.FXGLDialogFactoryServiceProvider
13:08:00.243 [FXGL Background Thread 3 ] DEBUG Engine               - class com.almasb.fxgl.audio.AudioPlayer
13:08:00.243 [FXGL Background Thread 3 ] DEBUG Engine               - class com.almasb.fxgl.notification.impl.NotificationServiceProvider
13:08:00.244 [FXGL Background Thread 3 ] DEBUG Engine               - class com.almasb.fxgl.achievement.AchievementService
13:08:00.244 [FXGL Background Thread 3 ] DEBUG Engine               - class com.almasb.fxgl.cutscene.CutsceneService
13:08:00.244 [FXGL Background Thread 3 ] DEBUG Engine               - class com.almasb.fxgl.minigames.MiniGameService
13:08:00.244 [FXGL Background Thread 3 ] DEBUG Engine               - class com.almasb.fxgl.net.NetService
13:08:00.244 [FXGL Background Thread 3 ] DEBUG Engine               - class com.almasb.fxgl.app.services.UpdaterService
13:08:00.244 [FXGL Background Thread 3 ] DEBUG Engine               - class com.almasb.fxgl.dev.DevService
13:08:03.201 [JavaFX Application Thread] DEBUG FXGLAssetLoaderServi - Loading from file system: file:/Users/dy/Desktop/alfa/Java/Projectarbeit/Tanks/target/classes/assets/textures/items/bullet/norm.png
13:08:28.454 [JavaFX Application Thread] DEBUG FXGLApplication      - Exiting FXGL
13:08:28.454 [JavaFX Application Thread] DEBUG LoopRunner           - Stopping loop
13:08:28.454 [JavaFX Application Thread] DEBUG SystemBundleService  - Saving FXGL system data
13:08:28.456 [JavaFX Application Thread] DEBUG FileSystemAccess     - Writing to: /Users/dy/Desktop/alfa/Java/Projectarbeit/Tanks/system/fxgl.bundle
13:08:28.458 [JavaFX Application Thread] DEBUG Async                - Shutting down background threads
13:08:28.458 [JavaFX Application Thread] DEBUG PrimaryStageWindow   - Closing main window
13:08:28.468 [JavaFX Application Thread] DEBUG Logger               - Closing Logger
