09:48:34.171 [main                     ] DEBUG Logger               - Configured Logger
09:48:34.237 [main                     ] DEBUG GameApplication      - Logging settings
Title: Tank
Version: 1.0
Width: 816
Height: 672
Fullscreen: false
Intro: false
Profiling: false
Single step:false
App Mode: DEVELOPER
Menu Key: ESCAPE
Stage Style: DECORATED
Scene Factory: class com.almasb.fxgl.app.scene.SceneFactory

09:48:35.068 [JavaFX Application Thread] DEBUG FXGLApplication      - Initializing FXGL
09:48:35.077 [JavaFX Application Thread] INFO  Engine               - FXGL-21.1 (27.03.2024 07.52) on MAC (J:22.0.2 FX:22.0.1)
09:48:35.078 [JavaFX Application Thread] DEBUG Engine               - JRE Vendor Name: Oracle Corporation
09:48:35.078 [JavaFX Application Thread] DEBUG Engine               - Running on OS: Mac OS X version 14.6.1
09:48:35.078 [JavaFX Application Thread] DEBUG Engine               - Architecture: x86_64
09:48:35.079 [JavaFX Application Thread] INFO  Engine               - Source code and latest versions at: https://github.com/AlmasB/FXGL
09:48:35.079 [JavaFX Application Thread] INFO  Engine               -       Ask questions and discuss at: https://github.com/AlmasB/FXGL/discussions
09:48:35.079 [JavaFX Application Thread] INFO  Engine               -              Join the FXGL chat at: https://gitter.im/AlmasB/FXGL
09:48:35.268 [JavaFX Application Thread] DEBUG PrimaryStageWindow   - Creating a JavaFX scene
09:48:35.364 [JavaFX Application Thread] DEBUG PrimaryStageWindow   - Target settings size: 816.0 x 672.0
09:48:35.365 [JavaFX Application Thread] DEBUG PrimaryStageWindow   - Scaled scene size:    816.0 x 672.0
09:48:35.366 [JavaFX Application Thread] DEBUG PrimaryStageWindow   - Scaled ratio: (1.0, 1.0)
09:48:35.368 [JavaFX Application Thread] DEBUG PrimaryStageWindow   - Set initial scene to FXGLStartupScene
09:48:35.373 [JavaFX Application Thread] DEBUG PrimaryStageWindow   - Opening main window
09:48:35.609 [JavaFX Application Thread] DEBUG PrimaryStageWindow   - Window border size: (0.0, 28.0)
09:48:35.609 [JavaFX Application Thread] DEBUG PrimaryStageWindow   - Scaled size: 816.0 x 672.0
09:48:35.610 [JavaFX Application Thread] DEBUG PrimaryStageWindow   - Scaled ratio: (1.0, 1.0)
09:48:35.610 [JavaFX Application Thread] DEBUG PrimaryStageWindow   - Scene size: 816.0 x 672.0
09:48:35.611 [JavaFX Application Thread] DEBUG PrimaryStageWindow   - Stage size: 816.0 x 700.0
09:48:35.627 [FXGL Background Thread 1 ] DEBUG Engine               - Initializing environment variables
09:48:35.757 [FXGL Background Thread 1 ] DEBUG FXGLAssetLoaderServi - User app class for loading assets: class de.dywebstudio.tanks.TankApp
09:48:35.757 [FXGL Background Thread 1 ] DEBUG GameApplicationServi - Applying CSS: fxgl_dark.css
09:48:35.760 [FXGL Background Thread 1 ] DEBUG FXGLAssetLoaderServi - Loading from file system: jar:file:///Users/dy/.m2/repository/com/github/almasb/fxgl/21.1/fxgl-21.1.jar!/fxglassets/ui/css/fxgl_dark.css
09:48:35.864 [FXGL Background Thread 1 ] DEBUG GameApplicationServi - Initializing application scenes
09:48:36.438 [FXGL Background Thread 1 ] DEBUG GameWorld            - Game world initialized
09:48:36.520 [FXGL Background Thread 1 ] DEBUG PhysicsWorld         - Physics world initialized: appHeight=672, physics.ppm=50,0
09:48:36.521 [FXGL Background Thread 1 ] DEBUG PhysicsWorld         - Using strategy: BRUTE_FORCE
09:48:36.527 [FXGL Background Thread 1 ] DEBUG GameScene            - Game scene initialized: 816x672
09:48:36.543 [FXGL Background Thread 1 ] DEBUG FXGL.DefaultMenu     - createMenuBodyMainMenu()
09:48:36.567 [FXGL Background Thread 1 ] DEBUG FXGL.DefaultMenu     - createOptionsMenu()
09:48:36.586 [FXGL Background Thread 1 ] DEBUG FXGLAssetLoaderServi - Loading from file system: jar:file:///Users/dy/.m2/repository/com/github/almasb/fxgl/21.1/fxgl-21.1.jar!/fxglassets/textures/particles/smoke.png
09:48:36.721 [FXGL Background Thread 1 ] DEBUG FXGLAssetLoaderServi - Loading from file system: jar:file:///Users/dy/.m2/repository/com/github/almasb/fxgl/21.1/fxgl-21.1.jar!/fxglassets/textures/particles/trace_horizontal.png
09:48:36.749 [FXGL Background Thread 1 ] DEBUG FXGL.DefaultMenu     - createMenuBodyGameMenu()
09:48:36.750 [FXGL Background Thread 1 ] DEBUG FXGL.DefaultMenu     - createOptionsMenu()
09:48:36.768 [FXGL Background Thread 1 ] DEBUG GameApplicationServi - Application scenes initialized
09:48:36.790 [FXGL Background Thread 1 ] DEBUG SystemBundleService  - Loading FXGL system data
09:48:36.798 [FXGL Background Thread 1 ] DEBUG FileSystemAccess     - Reading from: /Users/dy/Desktop/alfa/Java/Projectarbeit/Tanks/system/fxgl.bundle
09:48:36.807 [FXGL Background Thread 1 ] DEBUG SystemBundleService  - Bundle FXGL: {}
09:48:36.807 [FXGL Background Thread 1 ] DEBUG UpdaterService       - Checking for updates
09:48:36.814 [FXGL Background Thread 4 ] DEBUG FXGLApplication      - Loading fonts
09:48:36.814 [FXGL Background Thread 4 ] DEBUG FXGLAssetLoaderServi - Loading from file system: jar:file:///Users/dy/.m2/repository/com/github/almasb/fxgl/21.1/fxgl-21.1.jar!/fxglassets/ui/fonts/VarelaRound-Regular.ttf
09:48:36.815 [FXGL Background Thread 1 ] DEBUG FXGLApplication      - Loading default localization
09:48:36.816 [FXGL Background Thread 1 ] DEBUG FXGLAssetLoaderServi - Loading from file system: jar:file:///Users/dy/.m2/repository/com/github/almasb/fxgl/21.1/fxgl-21.1.jar!/fxglassets/languages/english.lang
09:48:36.844 [FXGL Background Thread 1 ] INFO  FXGLApplication      - FXGL initialization took: 1,217 sec
09:48:36.846 [FXGL Background Thread 4 ] DEBUG FXGLAssetLoaderServi - Loading from file system: jar:file:///Users/dy/.m2/repository/com/github/almasb/fxgl/21.1/fxgl-21.1.jar!/fxglassets/ui/fonts/Abel-Regular.ttf
09:48:36.850 [FXGL Background Thread 4 ] DEBUG FXGLAssetLoaderServi - Loading from file system: jar:file:///Users/dy/.m2/repository/com/github/almasb/fxgl/21.1/fxgl-21.1.jar!/fxglassets/ui/fonts/TerminalLandMono-Regular.otf
09:48:36.855 [FXGL Background Thread 4 ] DEBUG FXGLAssetLoaderServi - Loading from file system: jar:file:///Users/dy/.m2/repository/com/github/almasb/fxgl/21.1/fxgl-21.1.jar!/fxglassets/ui/fonts/Courier-Prime.ttf
09:48:36.859 [JavaFX Application Thread] DEBUG Input                - Registered new binding: action0 - W
09:48:36.860 [JavaFX Application Thread] DEBUG Input                - Registered new binding: action1 - S
09:48:36.861 [JavaFX Application Thread] DEBUG Input                - Registered new binding: action2 - A
09:48:36.861 [JavaFX Application Thread] DEBUG Input                - Registered new binding: action3 - D
09:48:36.862 [JavaFX Application Thread] DEBUG Input                - Registered new binding: action4 - Space
09:48:36.862 [JavaFX Application Thread] DEBUG FXGLAssetLoaderServi - Loading from file system: jar:file:///Users/dy/.m2/repository/com/github/almasb/fxgl/21.1/fxgl-21.1.jar!/fxglassets/textures/fxgl_icon.png
09:48:36.899 [JavaFX Application Thread] DEBUG FXGLAssetLoaderServi - Loading from file system: jar:file:///Users/dy/.m2/repository/com/github/almasb/fxgl/21.1/fxgl-21.1.jar!/fxglassets/textures/fxgl_default_cursor.png
09:48:36.901 [JavaFX Application Thread] DEBUG Input                - Registered new binding: Screenshot - CTRL+8
09:48:36.902 [JavaFX Application Thread] DEBUG Input                - Registered new binding: System info dump - CTRL+9
09:48:36.903 [JavaFX Application Thread] DEBUG Input                - Registered new binding: Restart - CTRL+R
09:48:36.905 [JavaFX Application Thread] DEBUG Input                - Registered new binding: Toggle Debug Camera - CTRL+7
09:48:36.910 [JavaFX Application Thread] DEBUG LoopRunner           - Starting loop
09:48:36.911 [JavaFX Application Thread] DEBUG LoopRunner           - Initializing JavaFX AnimationTimerLoop
09:48:36.914 [JavaFX Application Thread] DEBUG Input                - Clearing active input actions
09:48:36.927 [JavaFX Application Thread] DEBUG GameApplicationServi - Removing overlay from FXGLStartupScene and adding to FXGLMainMenuDummyScene
09:48:36.928 [JavaFX Application Thread] DEBUG PrimaryStageWindow   - FXGLStartupScene -> FXGLMainMenuDummyScene
09:48:36.928 [JavaFX Application Thread] DEBUG PrimaryStageWindow   - Push state: FXGLDefaultMenu
09:48:36.935 [JavaFX Application Thread] DEBUG Input                - Clearing active input actions
09:48:36.952 [JavaFX Application Thread] DEBUG GameApplicationServi - Removing overlay from FXGLMainMenuDummyScene and adding to FXGLDefaultMenu
09:48:36.953 [JavaFX Application Thread] DEBUG PrimaryStageWindow   - FXGLMainMenuDummyScene -> FXGLDefaultMenu
09:48:36.995 [JavaFX Application Thread] DEBUG FXGLApplication      - Registering font factories with UI factory
09:48:39.815 [FXGL Background Thread 3 ] DEBUG Engine               - Logging environment variables
09:48:39.817 [FXGL Background Thread 3 ] DEBUG Engine               - achievements: []
09:48:39.817 [FXGL Background Thread 3 ] DEBUG Engine               - actualHeight: 672.0
09:48:39.817 [FXGL Background Thread 3 ] DEBUG Engine               - actualHeightProperty: ReadOnlyDoubleProperty [value: 672.0]
09:48:39.817 [FXGL Background Thread 3 ] DEBUG Engine               - actualWidth: 816.0
09:48:39.817 [FXGL Background Thread 3 ] DEBUG Engine               - actualWidthProperty: ReadOnlyDoubleProperty [value: 816.0]
09:48:39.817 [FXGL Background Thread 3 ] DEBUG Engine               - appIcon: fxgl_icon.png
09:48:39.817 [FXGL Background Thread 3 ] DEBUG Engine               - applicationMode: DEVELOPER
09:48:39.817 [FXGL Background Thread 3 ] DEBUG Engine               - cSSList: [fxgl_dark.css]
09:48:39.818 [FXGL Background Thread 3 ] DEBUG Engine               - collisionDetectionStrategy: BRUTE_FORCE
09:48:39.818 [FXGL Background Thread 3 ] DEBUG Engine               - configClass: Optional.empty
09:48:39.818 [FXGL Background Thread 3 ] DEBUG Engine               - credits: []
09:48:39.818 [FXGL Background Thread 3 ] DEBUG Engine               - defaultCursor: CursorInfo(imageName=fxgl_default_cursor.png, hotspotX=7.0, hotspotY=6.0)
09:48:39.819 [FXGL Background Thread 3 ] DEBUG Engine               - devBBoxColorProperty: ObjectProperty [value: 0xff0000ff]
09:48:39.820 [FXGL Background Thread 3 ] DEBUG Engine               - devEnableDebugCameraProperty: BooleanProperty [value: false]
09:48:39.820 [FXGL Background Thread 3 ] DEBUG Engine               - devSensorColorProperty: ObjectProperty [value: 0xffff00ff]
09:48:39.821 [FXGL Background Thread 3 ] DEBUG Engine               - devShowBBoxProperty: BooleanProperty [value: false]
09:48:39.821 [FXGL Background Thread 3 ] DEBUG Engine               - devShowPositionProperty: BooleanProperty [value: false]
09:48:39.821 [FXGL Background Thread 3 ] DEBUG Engine               - enabledMenuItems: []
09:48:39.821 [FXGL Background Thread 3 ] DEBUG Engine               - engineServices: [class com.almasb.fxgl.app.services.FXGLAssetLoaderService, class com.almasb.fxgl.app.FXGLApplication$GameApplicationService, class com.almasb.fxgl.app.services.FXGLDialogService, class com.almasb.fxgl.app.services.IOTaskExecutorService, class com.almasb.fxgl.io.FileSystemService, class com.almasb.fxgl.localization.LocalizationService, class com.almasb.fxgl.app.services.SystemBundleService, class com.almasb.fxgl.profile.SaveLoadService, class com.almasb.fxgl.ui.FXGLUIFactoryServiceProvider, class com.almasb.fxgl.ui.FXGLDialogFactoryServiceProvider, class com.almasb.fxgl.audio.AudioPlayer, class com.almasb.fxgl.notification.impl.NotificationServiceProvider, class com.almasb.fxgl.achievement.AchievementService, class com.almasb.fxgl.cutscene.CutsceneService, class com.almasb.fxgl.minigames.MiniGameService, class com.almasb.fxgl.net.NetService, class com.almasb.fxgl.app.services.UpdaterService, class com.almasb.fxgl.dev.DevService]
09:48:39.821 [FXGL Background Thread 3 ] DEBUG Engine               - fontGame: Abel-Regular.ttf
09:48:39.821 [FXGL Background Thread 3 ] DEBUG Engine               - fontMono: TerminalLandMono-Regular.otf
09:48:39.821 [FXGL Background Thread 3 ] DEBUG Engine               - fontSizeScaleUI: 1.0
09:48:39.821 [FXGL Background Thread 3 ] DEBUG Engine               - fontText: Courier-Prime.ttf
09:48:39.821 [FXGL Background Thread 3 ] DEBUG Engine               - fontUI: VarelaRound-Regular.ttf
09:48:39.822 [FXGL Background Thread 3 ] DEBUG Engine               - fullScreen: BooleanProperty [value: false]
09:48:39.822 [FXGL Background Thread 3 ] DEBUG Engine               - gameDifficulty: MEDIUM
09:48:39.822 [FXGL Background Thread 3 ] DEBUG Engine               - gameDifficultyProperty: ObjectProperty [value: MEDIUM]
09:48:39.822 [FXGL Background Thread 3 ] DEBUG Engine               - globalMusicVolume: 0.5
09:48:39.822 [FXGL Background Thread 3 ] DEBUG Engine               - globalMusicVolumeProperty: DoubleProperty [value: 0.5]
09:48:39.822 [FXGL Background Thread 3 ] DEBUG Engine               - globalSoundVolume: 0.5
09:48:39.822 [FXGL Background Thread 3 ] DEBUG Engine               - globalSoundVolumeProperty: DoubleProperty [value: 0.5]
09:48:39.822 [FXGL Background Thread 3 ] DEBUG Engine               - height: 672
09:48:39.823 [FXGL Background Thread 3 ] DEBUG Engine               - is3D: false
09:48:39.823 [FXGL Background Thread 3 ] DEBUG Engine               - isAndroid: false
09:48:39.823 [FXGL Background Thread 3 ] DEBUG Engine               - isBrowser: false
09:48:39.823 [FXGL Background Thread 3 ] DEBUG Engine               - isClickFeedbackEnabled: false
09:48:39.823 [FXGL Background Thread 3 ] DEBUG Engine               - isCloseConfirmation: false
09:48:39.823 [FXGL Background Thread 3 ] DEBUG Engine               - isDesktop: true
09:48:39.823 [FXGL Background Thread 3 ] DEBUG Engine               - isDeveloperMenuEnabled: false
09:48:39.823 [FXGL Background Thread 3 ] DEBUG Engine               - isEmbedded: false
09:48:39.824 [FXGL Background Thread 3 ] DEBUG Engine               - isEntityPreloadEnabled: true
09:48:39.824 [FXGL Background Thread 3 ] DEBUG Engine               - isExperimentalTiledLargeMap: false
09:48:39.824 [FXGL Background Thread 3 ] DEBUG Engine               - isFileSystemWriteAllowed: true
09:48:39.826 [FXGL Background Thread 3 ] DEBUG Engine               - isFullScreenAllowed: false
09:48:39.826 [FXGL Background Thread 3 ] DEBUG Engine               - isFullScreenFromStart: false
09:48:39.826 [FXGL Background Thread 3 ] DEBUG Engine               - isGameMenuEnabled: true
09:48:39.827 [FXGL Background Thread 3 ] DEBUG Engine               - isIOS: false
09:48:39.827 [FXGL Background Thread 3 ] DEBUG Engine               - isIntroEnabled: false
09:48:39.827 [FXGL Background Thread 3 ] DEBUG Engine               - isLinux: false
09:48:39.827 [FXGL Background Thread 3 ] DEBUG Engine               - isMac: true
09:48:39.827 [FXGL Background Thread 3 ] DEBUG Engine               - isMainMenuEnabled: true
09:48:39.827 [FXGL Background Thread 3 ] DEBUG Engine               - isManualResizeEnabled: false
09:48:39.827 [FXGL Background Thread 3 ] DEBUG Engine               - isMobile: false
09:48:39.827 [FXGL Background Thread 3 ] DEBUG Engine               - isNative: false
09:48:39.827 [FXGL Background Thread 3 ] DEBUG Engine               - isPauseMusicWhenMinimized: true
09:48:39.828 [FXGL Background Thread 3 ] DEBUG Engine               - isPreserveResizeRatio: false
09:48:39.828 [FXGL Background Thread 3 ] DEBUG Engine               - isProfilingEnabled: false
09:48:39.828 [FXGL Background Thread 3 ] DEBUG Engine               - isScaleAffectedOnResize: true
09:48:39.828 [FXGL Background Thread 3 ] DEBUG Engine               - isSingleStep: false
09:48:39.828 [FXGL Background Thread 3 ] DEBUG Engine               - isUserProfileEnabled: false
09:48:39.828 [FXGL Background Thread 3 ] DEBUG Engine               - isWindows: false
09:48:39.828 [FXGL Background Thread 3 ] DEBUG Engine               - language: ObjectProperty [value: ENGLISH]
09:48:39.828 [FXGL Background Thread 3 ] DEBUG Engine               - menuKey: ESCAPE
09:48:39.828 [FXGL Background Thread 3 ] DEBUG Engine               - mouseSensitivity: 0.2
09:48:39.829 [FXGL Background Thread 3 ] DEBUG Engine               - notificationViewClass: class com.almasb.fxgl.notification.view.XboxNotificationView
09:48:39.829 [FXGL Background Thread 3 ] DEBUG Engine               - pixelsPerMeter: 50.0
09:48:39.829 [FXGL Background Thread 3 ] DEBUG Engine               - platform: MAC
09:48:39.829 [FXGL Background Thread 3 ] DEBUG Engine               - prefHeightProperty: ReadOnlyDoubleProperty [value: 672.0]
09:48:39.829 [FXGL Background Thread 3 ] DEBUG Engine               - prefWidthProperty: ReadOnlyDoubleProperty [value: 816.0]
09:48:39.829 [FXGL Background Thread 3 ] DEBUG Engine               - profileDir: profiles/
09:48:39.829 [FXGL Background Thread 3 ] DEBUG Engine               - profileName: StringProperty [value: DEFAULT]
09:48:39.829 [FXGL Background Thread 3 ] DEBUG Engine               - randomSeed: -1
09:48:39.830 [FXGL Background Thread 3 ] DEBUG Engine               - runtimeInfo: RuntimeInfo(platform=MAC, version=21.1, build=27.03.2024 07.52)
09:48:39.830 [FXGL Background Thread 3 ] DEBUG Engine               - saveFileExt: sav
09:48:39.830 [FXGL Background Thread 3 ] DEBUG Engine               - scaledHeightProp$fxgl: DoubleProperty [bound, value: 672.0]
09:48:39.830 [FXGL Background Thread 3 ] DEBUG Engine               - scaledWidthProp$fxgl: DoubleProperty [bound, value: 816.0]
09:48:39.830 [FXGL Background Thread 3 ] DEBUG Engine               - sceneFactory: com.almasb.fxgl.app.scene.SceneFactory@c136f02
09:48:39.830 [FXGL Background Thread 3 ] DEBUG Engine               - secondsIn24h: 60
09:48:39.830 [FXGL Background Thread 3 ] DEBUG Engine               - soundMenuBack: menu/back.wav
09:48:39.830 [FXGL Background Thread 3 ] DEBUG Engine               - soundMenuPress: menu/press.wav
09:48:39.830 [FXGL Background Thread 3 ] DEBUG Engine               - soundMenuSelect: menu/select.wav
09:48:39.830 [FXGL Background Thread 3 ] DEBUG Engine               - soundNotification: core/notification.wav
09:48:39.830 [FXGL Background Thread 3 ] DEBUG Engine               - stageStyle: DECORATED
09:48:39.830 [FXGL Background Thread 3 ] DEBUG Engine               - supportedLanguages: [ENGLISH, FRENCH, GERMAN, HUNGARIAN, RUSSIAN]
09:48:39.830 [FXGL Background Thread 3 ] DEBUG Engine               - ticksPerSecond: -1
09:48:39.831 [FXGL Background Thread 3 ] DEBUG Engine               - title: Tank
09:48:39.831 [FXGL Background Thread 3 ] DEBUG Engine               - urlGithub: https://github.com/AlmasB/FXGL
09:48:39.831 [FXGL Background Thread 3 ] DEBUG Engine               - urlLeaderboard: http://fxgl-top.herokuapp.com/
09:48:39.831 [FXGL Background Thread 3 ] DEBUG Engine               - urlPOM: https://raw.githubusercontent.com/AlmasB/FXGL/release/README.md
09:48:39.831 [FXGL Background Thread 3 ] DEBUG Engine               - userAppClass: class de.dywebstudio.tanks.TankApp
09:48:39.831 [FXGL Background Thread 3 ] DEBUG Engine               - version: 1.0
09:48:39.831 [FXGL Background Thread 3 ] DEBUG Engine               - versionCheckDays: 7
09:48:39.831 [FXGL Background Thread 3 ] DEBUG Engine               - width: 816
09:48:39.831 [FXGL Background Thread 3 ] DEBUG Engine               - Logging services
09:48:39.831 [FXGL Background Thread 3 ] DEBUG Engine               - class com.almasb.fxgl.app.services.FXGLAssetLoaderService
09:48:39.831 [FXGL Background Thread 3 ] DEBUG Engine               - class com.almasb.fxgl.app.FXGLApplication$GameApplicationService
09:48:39.831 [FXGL Background Thread 3 ] DEBUG Engine               - class com.almasb.fxgl.app.services.FXGLDialogService
09:48:39.832 [FXGL Background Thread 3 ] DEBUG Engine               - class com.almasb.fxgl.app.services.IOTaskExecutorService
09:48:39.832 [FXGL Background Thread 3 ] DEBUG Engine               - class com.almasb.fxgl.io.FileSystemService
09:48:39.832 [FXGL Background Thread 3 ] DEBUG Engine               - class com.almasb.fxgl.localization.LocalizationService
09:48:39.832 [FXGL Background Thread 3 ] DEBUG Engine               - class com.almasb.fxgl.app.services.SystemBundleService
09:48:39.832 [FXGL Background Thread 3 ] DEBUG Engine               - class com.almasb.fxgl.profile.SaveLoadService
09:48:39.832 [FXGL Background Thread 3 ] DEBUG Engine               - class com.almasb.fxgl.ui.FXGLUIFactoryServiceProvider
09:48:39.832 [FXGL Background Thread 3 ] DEBUG Engine               - class com.almasb.fxgl.ui.FXGLDialogFactoryServiceProvider
09:48:39.832 [FXGL Background Thread 3 ] DEBUG Engine               - class com.almasb.fxgl.audio.AudioPlayer
09:48:39.832 [FXGL Background Thread 3 ] DEBUG Engine               - class com.almasb.fxgl.notification.impl.NotificationServiceProvider
09:48:39.832 [FXGL Background Thread 3 ] DEBUG Engine               - class com.almasb.fxgl.achievement.AchievementService
09:48:39.832 [FXGL Background Thread 3 ] DEBUG Engine               - class com.almasb.fxgl.cutscene.CutsceneService
09:48:39.832 [FXGL Background Thread 3 ] DEBUG Engine               - class com.almasb.fxgl.minigames.MiniGameService
09:48:39.832 [FXGL Background Thread 3 ] DEBUG Engine               - class com.almasb.fxgl.net.NetService
09:48:39.833 [FXGL Background Thread 3 ] DEBUG Engine               - class com.almasb.fxgl.app.services.UpdaterService
09:48:39.833 [FXGL Background Thread 3 ] DEBUG Engine               - class com.almasb.fxgl.dev.DevService
09:48:43.598 [JavaFX Application Thread] DEBUG Menu                 - fireNewGame()
09:48:43.599 [JavaFX Application Thread] DEBUG GameApplicationServi - Starting new game
09:48:43.601 [JavaFX Application Thread] DEBUG PrimaryStageWindow   - Pop state: FXGLDefaultMenu
09:48:43.601 [JavaFX Application Thread] DEBUG Input                - Clearing active input actions
09:48:43.602 [JavaFX Application Thread] DEBUG GameApplicationServi - Removing overlay from FXGLDefaultMenu and adding to FXGLMainMenuDummyScene
09:48:43.602 [JavaFX Application Thread] DEBUG PrimaryStageWindow   - FXGLMainMenuDummyScene <- FXGLDefaultMenu
09:48:43.603 [JavaFX Application Thread] DEBUG Input                - Clearing active input actions
09:48:43.617 [JavaFX Application Thread] DEBUG GameApplicationServi - Removing overlay from FXGLMainMenuDummyScene and adding to FXGLLoadingScene
09:48:43.618 [JavaFX Application Thread] DEBUG PrimaryStageWindow   - FXGLMainMenuDummyScene -> FXGLLoadingScene
09:48:43.618 [JavaFX Application Thread] DEBUG GameApplicationServi - Clearing previous game
09:48:43.618 [JavaFX Application Thread] DEBUG GameScene            - Clearing game scene
09:48:43.618 [JavaFX Application Thread] DEBUG GameWorld            - Clearing game world
09:48:43.618 [JavaFX Application Thread] DEBUG PhysicsWorld         - Clearing physics world
09:48:43.620 [FXGL Background Thread 2 ] DEBUG FXGLApplication      - Initializing game
09:48:43.702 [FXGL Background Thread 2 ] WARN  TMXLevelLoader       - TiledMap generated from 1.11.0. Supported version: 1.9.0. Some features may not be parsed fully.
09:48:43.736 [FXGL Background Thread 2 ] DEBUG TMXLevelLoader       - Parsed TiledMap: file:/Users/dy/Desktop/alfa/Java/Projectarbeit/Tanks/target/classes/assets/levels/level1.tmx
09:48:43.737 [FXGL Background Thread 2 ] DEBUG TMXLevelLoader       - Creating tile layer entities
09:48:43.739 [FXGL Background Thread 2 ] DEBUG TMXLevelLoader       - Creating object layer entities
09:48:43.784 [FXGL Background Thread 2 ] DEBUG FXGLAssetLoaderServi - Loading from file system: file:/Users/dy/Desktop/alfa/Java/Projectarbeit/Tanks/target/classes/assets/textures/items/sea_animation.png
09:48:43.888 [FXGL Background Thread 2 ] DEBUG GameWorld            - Clearing removable entities
09:48:43.888 [FXGL Background Thread 2 ] DEBUG GameWorld            - Setting level: com.almasb.fxgl.entity.level.Level@6d096282
09:48:43.915 [FXGL Background Thread 2 ] DEBUG FXGLAssetLoaderServi - Loading from file system: file:/Users/dy/Desktop/alfa/Java/Projectarbeit/Tanks/target/classes/assets/textures/tanks/player.png
09:48:43.928 [FXGL Background Thread 2 ] DEBUG FXGLAssetLoaderServi - Loading from file system: file:/Users/dy/Desktop/alfa/Java/Projectarbeit/Tanks/target/classes/assets/textures/ui/enemy_info.png
09:48:43.932 [FXGL Background Thread 2 ] DEBUG FXGLAssetLoaderServi - Loading from file system: file:/Users/dy/Desktop/alfa/Java/Projectarbeit/Tanks/target/classes/assets/textures/ui/levelFlag.png
09:48:43.934 [FXGL Background Thread 2 ] DEBUG FXGLAssetLoaderServi - Loading from file system: file:/Users/dy/Desktop/alfa/Java/Projectarbeit/Tanks/target/classes/assets/textures/tanks/T2.png
09:48:43.941 [FXGL Background Thread 2 ] DEBUG FXGLAssetLoaderServi - Loading from file system: file:/Users/dy/Desktop/alfa/Java/Projectarbeit/Tanks/target/classes/assets/textures/tanks/T6.png
09:48:43.946 [FXGL Background Thread 2 ] INFO  FXGLApplication      - Game initialization took: 0,326 sec
09:48:43.947 [JavaFX Application Thread] DEBUG Input                - Clearing active input actions
09:48:43.960 [JavaFX Application Thread] DEBUG GameApplicationServi - Removing overlay from FXGLLoadingScene and adding to GameScene
09:48:43.960 [JavaFX Application Thread] DEBUG PrimaryStageWindow   - FXGLLoadingScene -> GameScene
09:48:44.386 [JavaFX Application Thread] DEBUG FXGLAssetLoaderServi - Loading from file system: file:/Users/dy/Desktop/alfa/Java/Projectarbeit/Tanks/target/classes/assets/textures/items/bullet/norm.png
09:48:49.859 [JavaFX Application Thread] DEBUG FXGLAssetLoaderServi - Loading from file system: file:/Users/dy/Desktop/alfa/Java/Projectarbeit/Tanks/target/classes/assets/textures/tanks/T1.png
09:49:08.030 [JavaFX Application Thread] DEBUG PrimaryStageWindow   - Push state: WinnerScene
09:49:08.030 [JavaFX Application Thread] DEBUG Input                - Clearing active input actions
09:49:08.030 [JavaFX Application Thread] DEBUG GameApplicationServi - Removing overlay from GameScene and adding to WinnerScene
09:49:08.030 [JavaFX Application Thread] DEBUG PrimaryStageWindow   - GameScene -> WinnerScene
09:49:10.034 [JavaFX Application Thread] DEBUG PrimaryStageWindow   - Pop state: WinnerScene
09:49:10.034 [JavaFX Application Thread] DEBUG Input                - Clearing active input actions
09:49:10.034 [JavaFX Application Thread] DEBUG GameApplicationServi - Removing overlay from WinnerScene and adding to GameScene
09:49:10.035 [JavaFX Application Thread] DEBUG PrimaryStageWindow   - GameScene <- WinnerScene
09:49:10.037 [JavaFX Application Thread] WARN  TMXLevelLoader       - TiledMap generated from 1.11.0. Supported version: 1.9.0. Some features may not be parsed fully.
09:49:10.049 [JavaFX Application Thread] DEBUG TMXLevelLoader       - Parsed TiledMap: file:/Users/dy/Desktop/alfa/Java/Projectarbeit/Tanks/target/classes/assets/levels/level2.tmx
09:49:10.049 [JavaFX Application Thread] DEBUG TMXLevelLoader       - Creating tile layer entities
09:49:10.049 [JavaFX Application Thread] DEBUG TMXLevelLoader       - Creating object layer entities
09:49:10.085 [JavaFX Application Thread] DEBUG GameWorld            - Clearing removable entities
09:49:10.097 [JavaFX Application Thread] DEBUG GameWorld            - Setting level: com.almasb.fxgl.entity.level.Level@2debab21
09:49:10.106 [JavaFX Application Thread] DEBUG FXGLAssetLoaderServi - Loading from file system: file:/Users/dy/Desktop/alfa/Java/Projectarbeit/Tanks/target/classes/assets/textures/tanks/T3.png
09:49:10.110 [JavaFX Application Thread] DEBUG FXGLAssetLoaderServi - Loading from file system: file:/Users/dy/Desktop/alfa/Java/Projectarbeit/Tanks/target/classes/assets/textures/tanks/T4.png
09:49:31.518 [JavaFX Application Thread] DEBUG FXGLAssetLoaderServi - Loading from file system: file:/Users/dy/Desktop/alfa/Java/Projectarbeit/Tanks/target/classes/assets/textures/items/flag_failed.png
09:49:31.520 [JavaFX Application Thread] DEBUG FXGLAssetLoaderServi - Loading from file system: file:/Users/dy/Desktop/alfa/Java/Projectarbeit/Tanks/target/classes/assets/textures/ui/GameOver.png
09:49:31.523 [JavaFX Application Thread] DEBUG PrimaryStageWindow   - Push state: GameOverScene
09:49:31.523 [JavaFX Application Thread] DEBUG Input                - Clearing active input actions
09:49:31.523 [JavaFX Application Thread] DEBUG GameApplicationServi - Removing overlay from GameScene and adding to GameOverScene
09:49:31.524 [JavaFX Application Thread] DEBUG PrimaryStageWindow   - GameScene -> GameOverScene
09:49:32.529 [JavaFX Application Thread] DEBUG PrimaryStageWindow   - Pop state: GameOverScene
09:49:32.529 [JavaFX Application Thread] DEBUG Input                - Clearing active input actions
09:49:32.530 [JavaFX Application Thread] DEBUG GameApplicationServi - Removing overlay from GameOverScene and adding to GameScene
09:49:32.530 [JavaFX Application Thread] DEBUG PrimaryStageWindow   - GameScene <- GameOverScene
09:49:32.530 [JavaFX Application Thread] DEBUG Input                - Clearing active input actions
09:49:32.536 [JavaFX Application Thread] DEBUG GameApplicationServi - Removing overlay from GameScene and adding to FXGLMainMenuDummyScene
09:49:32.536 [JavaFX Application Thread] DEBUG PrimaryStageWindow   - GameScene -> FXGLMainMenuDummyScene
09:49:32.536 [JavaFX Application Thread] DEBUG PrimaryStageWindow   - Push state: FXGLDefaultMenu
09:49:32.536 [JavaFX Application Thread] DEBUG Input                - Clearing active input actions
09:49:32.540 [JavaFX Application Thread] DEBUG GameApplicationServi - Removing overlay from FXGLMainMenuDummyScene and adding to FXGLDefaultMenu
09:49:32.540 [JavaFX Application Thread] DEBUG PrimaryStageWindow   - FXGLMainMenuDummyScene -> FXGLDefaultMenu
09:50:07.440 [JavaFX Application Thread] DEBUG Menu                 - fireNewGame()
09:50:07.440 [JavaFX Application Thread] DEBUG GameApplicationServi - Starting new game
09:50:07.440 [JavaFX Application Thread] DEBUG PrimaryStageWindow   - Pop state: FXGLDefaultMenu
09:50:07.440 [JavaFX Application Thread] DEBUG Input                - Clearing active input actions
09:50:07.441 [JavaFX Application Thread] DEBUG GameApplicationServi - Removing overlay from FXGLDefaultMenu and adding to FXGLMainMenuDummyScene
09:50:07.442 [JavaFX Application Thread] DEBUG PrimaryStageWindow   - FXGLMainMenuDummyScene <- FXGLDefaultMenu
09:50:07.442 [JavaFX Application Thread] DEBUG Input                - Clearing active input actions
09:50:07.450 [JavaFX Application Thread] DEBUG GameApplicationServi - Removing overlay from FXGLMainMenuDummyScene and adding to FXGLLoadingScene
09:50:07.450 [JavaFX Application Thread] DEBUG PrimaryStageWindow   - FXGLMainMenuDummyScene -> FXGLLoadingScene
09:50:07.450 [JavaFX Application Thread] DEBUG GameApplicationServi - Clearing previous game
09:50:07.450 [JavaFX Application Thread] DEBUG GameScene            - Clearing game scene
09:50:07.450 [JavaFX Application Thread] DEBUG GameWorld            - Clearing game world
09:50:07.451 [JavaFX Application Thread] DEBUG PhysicsWorld         - Clearing physics world
09:50:07.452 [FXGL Background Thread 5 ] DEBUG FXGLApplication      - Initializing game
09:50:07.454 [FXGL Background Thread 5 ] WARN  TMXLevelLoader       - TiledMap generated from 1.11.0. Supported version: 1.9.0. Some features may not be parsed fully.
09:50:07.468 [FXGL Background Thread 5 ] DEBUG TMXLevelLoader       - Parsed TiledMap: file:/Users/dy/Desktop/alfa/Java/Projectarbeit/Tanks/target/classes/assets/levels/level1.tmx
09:50:07.468 [FXGL Background Thread 5 ] DEBUG TMXLevelLoader       - Creating tile layer entities
09:50:07.468 [FXGL Background Thread 5 ] DEBUG TMXLevelLoader       - Creating object layer entities
09:50:07.528 [FXGL Background Thread 5 ] DEBUG GameWorld            - Clearing removable entities
09:50:07.529 [FXGL Background Thread 5 ] DEBUG GameWorld            - Setting level: com.almasb.fxgl.entity.level.Level@6eb3755
09:50:07.537 [FXGL Background Thread 5 ] INFO  FXGLApplication      - Game initialization took: 0,085 sec
09:50:07.538 [JavaFX Application Thread] DEBUG Input                - Clearing active input actions
09:50:07.545 [JavaFX Application Thread] DEBUG GameApplicationServi - Removing overlay from FXGLLoadingScene and adding to GameScene
09:50:07.545 [JavaFX Application Thread] DEBUG PrimaryStageWindow   - FXGLLoadingScene -> GameScene
09:50:31.252 [JavaFX Application Thread] DEBUG FXGLApplication      - Exiting FXGL
09:50:31.253 [JavaFX Application Thread] DEBUG LoopRunner           - Stopping loop
09:50:31.253 [JavaFX Application Thread] DEBUG SystemBundleService  - Saving FXGL system data
09:50:31.257 [JavaFX Application Thread] DEBUG FileSystemAccess     - Writing to: /Users/dy/Desktop/alfa/Java/Projectarbeit/Tanks/system/fxgl.bundle
09:50:31.260 [JavaFX Application Thread] DEBUG Async                - Shutting down background threads
09:50:31.260 [JavaFX Application Thread] DEBUG PrimaryStageWindow   - Closing main window
09:50:31.278 [JavaFX Application Thread] DEBUG Logger               - Closing Logger
