18:10:11.538 [main                     ] DEBUG Logger               - Configured Logger
18:10:11.575 [main                     ] DEBUG GameApplication      - Logging settings
Title: Tank
Version: 1.0
Width: 816
Height: 672
Fullscreen: false
Intro: false
Profiling: false
Single step:false
App Mode: DEVELOPER
Menu Key: ESCAPE
Stage Style: DECORATED
Scene Factory: class com.almasb.fxgl.app.scene.SceneFactory

18:10:12.032 [JavaFX Application Thread] DEBUG FXGLApplication      - Initializing FXGL
18:10:12.039 [JavaFX Application Thread] INFO  Engine               - FXGL-21.1 (27.03.2024 07.52) on MAC (J:22.0.2 FX:22.0.1)
18:10:12.039 [JavaFX Application Thread] DEBUG Engine               - JRE Vendor Name: Oracle Corporation
18:10:12.040 [JavaFX Application Thread] DEBUG Engine               - Running on OS: Mac OS X version 14.6.1
18:10:12.040 [JavaFX Application Thread] DEBUG Engine               - Architecture: x86_64
18:10:12.040 [JavaFX Application Thread] INFO  Engine               - Source code and latest versions at: https://github.com/AlmasB/FXGL
18:10:12.040 [JavaFX Application Thread] INFO  Engine               -       Ask questions and discuss at: https://github.com/AlmasB/FXGL/discussions
18:10:12.041 [JavaFX Application Thread] INFO  Engine               -              Join the FXGL chat at: https://gitter.im/AlmasB/FXGL
18:10:12.162 [JavaFX Application Thread] DEBUG PrimaryStageWindow   - Creating a JavaFX scene
18:10:12.228 [JavaFX Application Thread] DEBUG PrimaryStageWindow   - Target settings size: 816.0 x 672.0
18:10:12.228 [JavaFX Application Thread] DEBUG PrimaryStageWindow   - Scaled scene size:    816.0 x 672.0
18:10:12.228 [JavaFX Application Thread] DEBUG PrimaryStageWindow   - Scaled ratio: (1.0, 1.0)
18:10:12.229 [JavaFX Application Thread] DEBUG PrimaryStageWindow   - Set initial scene to FXGLStartupScene
18:10:12.232 [JavaFX Application Thread] DEBUG PrimaryStageWindow   - Opening main window
18:10:12.410 [JavaFX Application Thread] DEBUG PrimaryStageWindow   - Window border size: (0.0, 28.0)
18:10:12.411 [JavaFX Application Thread] DEBUG PrimaryStageWindow   - Scaled size: 816.0 x 672.0
18:10:12.411 [JavaFX Application Thread] DEBUG PrimaryStageWindow   - Scaled ratio: (1.0, 1.0)
18:10:12.411 [JavaFX Application Thread] DEBUG PrimaryStageWindow   - Scene size: 816.0 x 672.0
18:10:12.411 [JavaFX Application Thread] DEBUG PrimaryStageWindow   - Stage size: 816.0 x 700.0
18:10:12.420 [FXGL Background Thread 1 ] DEBUG Engine               - Initializing environment variables
18:10:12.526 [FXGL Background Thread 1 ] DEBUG FXGLAssetLoaderServi - User app class for loading assets: class de.dywebstudio.tanks.TankApp
18:10:12.527 [FXGL Background Thread 1 ] DEBUG GameApplicationServi - Applying CSS: fxgl_dark.css
18:10:12.528 [FXGL Background Thread 1 ] DEBUG FXGLAssetLoaderServi - Loading from file system: jar:file:///Users/dy/.m2/repository/com/github/almasb/fxgl/21.1/fxgl-21.1.jar!/fxglassets/ui/css/fxgl_dark.css
18:10:12.593 [FXGL Background Thread 1 ] DEBUG GameApplicationServi - Initializing application scenes
18:10:12.954 [FXGL Background Thread 1 ] DEBUG GameWorld            - Game world initialized
18:10:13.007 [FXGL Background Thread 1 ] DEBUG PhysicsWorld         - Physics world initialized: appHeight=672, physics.ppm=50,0
18:10:13.008 [FXGL Background Thread 1 ] DEBUG PhysicsWorld         - Using strategy: BRUTE_FORCE
18:10:13.013 [FXGL Background Thread 1 ] DEBUG GameScene            - Game scene initialized: 816x672
18:10:13.028 [FXGL Background Thread 1 ] DEBUG FXGL.DefaultMenu     - createMenuBodyGameMenu()
18:10:13.048 [FXGL Background Thread 1 ] DEBUG FXGL.DefaultMenu     - createOptionsMenu()
18:10:13.063 [FXGL Background Thread 1 ] DEBUG FXGLAssetLoaderServi - Loading from file system: jar:file:///Users/dy/.m2/repository/com/github/almasb/fxgl/21.1/fxgl-21.1.jar!/fxglassets/textures/particles/smoke.png
18:10:13.170 [FXGL Background Thread 1 ] DEBUG FXGLAssetLoaderServi - Loading from file system: jar:file:///Users/dy/.m2/repository/com/github/almasb/fxgl/21.1/fxgl-21.1.jar!/fxglassets/textures/particles/trace_horizontal.png
18:10:13.195 [FXGL Background Thread 1 ] DEBUG GameApplicationServi - Application scenes initialized
18:10:13.211 [FXGL Background Thread 1 ] DEBUG SystemBundleService  - Loading FXGL system data
18:10:13.215 [FXGL Background Thread 1 ] DEBUG FileSystemAccess     - Reading from: /Users/dy/Desktop/alfa/Java/Projectarbeit/Tanks/system/fxgl.bundle
18:10:13.222 [FXGL Background Thread 1 ] DEBUG SystemBundleService  - Bundle FXGL: {}
18:10:13.222 [FXGL Background Thread 1 ] DEBUG UpdaterService       - Checking for updates
18:10:13.228 [FXGL Background Thread 4 ] DEBUG FXGLApplication      - Loading fonts
18:10:13.228 [FXGL Background Thread 4 ] DEBUG FXGLAssetLoaderServi - Loading from file system: jar:file:///Users/dy/.m2/repository/com/github/almasb/fxgl/21.1/fxgl-21.1.jar!/fxglassets/ui/fonts/VarelaRound-Regular.ttf
18:10:13.229 [FXGL Background Thread 1 ] DEBUG FXGLApplication      - Loading default localization
18:10:13.229 [FXGL Background Thread 1 ] DEBUG FXGLAssetLoaderServi - Loading from file system: jar:file:///Users/dy/.m2/repository/com/github/almasb/fxgl/21.1/fxgl-21.1.jar!/fxglassets/languages/english.lang
18:10:13.248 [FXGL Background Thread 1 ] INFO  FXGLApplication      - FXGL initialization took: 0,828 sec
18:10:13.249 [FXGL Background Thread 4 ] DEBUG FXGLAssetLoaderServi - Loading from file system: jar:file:///Users/dy/.m2/repository/com/github/almasb/fxgl/21.1/fxgl-21.1.jar!/fxglassets/ui/fonts/Abel-Regular.ttf
18:10:13.253 [FXGL Background Thread 4 ] DEBUG FXGLAssetLoaderServi - Loading from file system: jar:file:///Users/dy/.m2/repository/com/github/almasb/fxgl/21.1/fxgl-21.1.jar!/fxglassets/ui/fonts/TerminalLandMono-Regular.otf
18:10:13.258 [FXGL Background Thread 4 ] DEBUG FXGLAssetLoaderServi - Loading from file system: jar:file:///Users/dy/.m2/repository/com/github/almasb/fxgl/21.1/fxgl-21.1.jar!/fxglassets/ui/fonts/Courier-Prime.ttf
18:10:13.259 [JavaFX Application Thread] DEBUG Input                - Registered new binding: action0 - W
18:10:13.260 [JavaFX Application Thread] DEBUG Input                - Registered new binding: action1 - S
18:10:13.261 [JavaFX Application Thread] DEBUG Input                - Registered new binding: action2 - A
18:10:13.261 [JavaFX Application Thread] DEBUG Input                - Registered new binding: action3 - D
18:10:13.262 [JavaFX Application Thread] DEBUG Input                - Registered new binding: action4 - Space
18:10:13.262 [JavaFX Application Thread] DEBUG FXGLAssetLoaderServi - Loading from file system: jar:file:///Users/dy/.m2/repository/com/github/almasb/fxgl/21.1/fxgl-21.1.jar!/fxglassets/textures/fxgl_icon.png
18:10:13.288 [JavaFX Application Thread] DEBUG FXGLAssetLoaderServi - Loading from file system: jar:file:///Users/dy/.m2/repository/com/github/almasb/fxgl/21.1/fxgl-21.1.jar!/fxglassets/textures/fxgl_default_cursor.png
18:10:13.291 [JavaFX Application Thread] DEBUG Input                - Registered new binding: Screenshot - CTRL+8
18:10:13.292 [JavaFX Application Thread] DEBUG Input                - Registered new binding: System info dump - CTRL+9
18:10:13.292 [JavaFX Application Thread] DEBUG Input                - Registered new binding: Restart - CTRL+R
18:10:13.293 [JavaFX Application Thread] DEBUG Input                - Registered new binding: Toggle Debug Camera - CTRL+7
18:10:13.296 [JavaFX Application Thread] DEBUG LoopRunner           - Starting loop
18:10:13.296 [JavaFX Application Thread] DEBUG LoopRunner           - Initializing JavaFX AnimationTimerLoop
18:10:13.297 [JavaFX Application Thread] DEBUG GameApplicationServi - Starting new game
18:10:13.297 [JavaFX Application Thread] DEBUG Input                - Clearing active input actions
18:10:13.308 [JavaFX Application Thread] DEBUG GameApplicationServi - Removing overlay from FXGLStartupScene and adding to FXGLLoadingScene
18:10:13.309 [JavaFX Application Thread] DEBUG PrimaryStageWindow   - FXGLStartupScene -> FXGLLoadingScene
18:10:13.309 [JavaFX Application Thread] DEBUG GameApplicationServi - Clearing previous game
18:10:13.309 [JavaFX Application Thread] DEBUG GameScene            - Clearing game scene
18:10:13.309 [JavaFX Application Thread] DEBUG GameWorld            - Clearing game world
18:10:13.309 [JavaFX Application Thread] DEBUG PhysicsWorld         - Clearing physics world
18:10:13.311 [FXGL Background Thread 4 ] DEBUG FXGLApplication      - Initializing game
18:10:13.333 [JavaFX Application Thread] DEBUG FXGLApplication      - Registering font factories with UI factory
18:10:13.383 [FXGL Background Thread 4 ] WARN  TMXLevelLoader       - TiledMap generated from 1.11.0. Supported version: 1.9.0. Some features may not be parsed fully.
18:10:13.416 [FXGL Background Thread 4 ] DEBUG TMXLevelLoader       - Parsed TiledMap: file:/Users/dy/Desktop/alfa/Java/Projectarbeit/Tanks/target/classes/assets/levels/level.tmx
18:10:13.417 [FXGL Background Thread 4 ] DEBUG TMXLevelLoader       - Creating tile layer entities
18:10:13.418 [FXGL Background Thread 4 ] DEBUG TMXLevelLoader       - Creating object layer entities
18:10:13.465 [FXGL Background Thread 4 ] DEBUG FXGLAssetLoaderServi - Loading from file system: file:/Users/dy/Desktop/alfa/Java/Projectarbeit/Tanks/target/classes/assets/textures/items/sea_animation.png
18:10:13.593 [FXGL Background Thread 4 ] DEBUG GameWorld            - Clearing removable entities
18:10:13.594 [FXGL Background Thread 4 ] DEBUG GameWorld            - Setting level: com.almasb.fxgl.entity.level.Level@241b450d
18:10:13.627 [FXGL Background Thread 4 ] DEBUG FXGLAssetLoaderServi - Loading from file system: file:/Users/dy/Desktop/alfa/Java/Projectarbeit/Tanks/target/classes/assets/textures/tanks/player.png
18:10:13.637 [FXGL Background Thread 4 ] DEBUG FXGLAssetLoaderServi - Loading from file system: file:/Users/dy/Desktop/alfa/Java/Projectarbeit/Tanks/target/classes/assets/textures/tanks/T2.png
18:10:13.642 [FXGL Background Thread 4 ] DEBUG FXGLAssetLoaderServi - Loading from file system: file:/Users/dy/Desktop/alfa/Java/Projectarbeit/Tanks/target/classes/assets/textures/tanks/T5.png
18:10:13.646 [FXGL Background Thread 4 ] INFO  FXGLApplication      - Game initialization took: 0,335 sec
18:10:13.646 [JavaFX Application Thread] DEBUG Input                - Clearing active input actions
18:10:13.669 [JavaFX Application Thread] DEBUG GameApplicationServi - Removing overlay from FXGLLoadingScene and adding to GameScene
18:10:13.669 [JavaFX Application Thread] DEBUG PrimaryStageWindow   - FXGLLoadingScene -> GameScene
18:10:14.252 [JavaFX Application Thread] DEBUG FXGLAssetLoaderServi - Loading from file system: file:/Users/dy/Desktop/alfa/Java/Projectarbeit/Tanks/target/classes/assets/textures/items/bullet/norm.png
18:10:16.230 [FXGL Background Thread 3 ] DEBUG Engine               - Logging environment variables
18:10:16.230 [FXGL Background Thread 3 ] DEBUG Engine               - achievements: []
18:10:16.231 [FXGL Background Thread 3 ] DEBUG Engine               - actualHeight: 672.0
18:10:16.231 [FXGL Background Thread 3 ] DEBUG Engine               - actualHeightProperty: ReadOnlyDoubleProperty [value: 672.0]
18:10:16.231 [FXGL Background Thread 3 ] DEBUG Engine               - actualWidth: 816.0
18:10:16.231 [FXGL Background Thread 3 ] DEBUG Engine               - actualWidthProperty: ReadOnlyDoubleProperty [value: 816.0]
18:10:16.231 [FXGL Background Thread 3 ] DEBUG Engine               - appIcon: fxgl_icon.png
18:10:16.231 [FXGL Background Thread 3 ] DEBUG Engine               - applicationMode: DEVELOPER
18:10:16.231 [FXGL Background Thread 3 ] DEBUG Engine               - cSSList: [fxgl_dark.css]
18:10:16.231 [FXGL Background Thread 3 ] DEBUG Engine               - collisionDetectionStrategy: BRUTE_FORCE
18:10:16.231 [FXGL Background Thread 3 ] DEBUG Engine               - configClass: Optional.empty
18:10:16.231 [FXGL Background Thread 3 ] DEBUG Engine               - credits: []
18:10:16.231 [FXGL Background Thread 3 ] DEBUG Engine               - defaultCursor: CursorInfo(imageName=fxgl_default_cursor.png, hotspotX=7.0, hotspotY=6.0)
18:10:16.232 [FXGL Background Thread 3 ] DEBUG Engine               - devBBoxColorProperty: ObjectProperty [value: 0xff0000ff]
18:10:16.232 [FXGL Background Thread 3 ] DEBUG Engine               - devEnableDebugCameraProperty: BooleanProperty [value: false]
18:10:16.232 [FXGL Background Thread 3 ] DEBUG Engine               - devSensorColorProperty: ObjectProperty [value: 0xffff00ff]
18:10:16.232 [FXGL Background Thread 3 ] DEBUG Engine               - devShowBBoxProperty: BooleanProperty [value: false]
18:10:16.232 [FXGL Background Thread 3 ] DEBUG Engine               - devShowPositionProperty: BooleanProperty [value: false]
18:10:16.232 [FXGL Background Thread 3 ] DEBUG Engine               - enabledMenuItems: []
18:10:16.232 [FXGL Background Thread 3 ] DEBUG Engine               - engineServices: [class com.almasb.fxgl.app.services.FXGLAssetLoaderService, class com.almasb.fxgl.app.FXGLApplication$GameApplicationService, class com.almasb.fxgl.app.services.FXGLDialogService, class com.almasb.fxgl.app.services.IOTaskExecutorService, class com.almasb.fxgl.io.FileSystemService, class com.almasb.fxgl.localization.LocalizationService, class com.almasb.fxgl.app.services.SystemBundleService, class com.almasb.fxgl.profile.SaveLoadService, class com.almasb.fxgl.ui.FXGLUIFactoryServiceProvider, class com.almasb.fxgl.ui.FXGLDialogFactoryServiceProvider, class com.almasb.fxgl.audio.AudioPlayer, class com.almasb.fxgl.notification.impl.NotificationServiceProvider, class com.almasb.fxgl.achievement.AchievementService, class com.almasb.fxgl.cutscene.CutsceneService, class com.almasb.fxgl.minigames.MiniGameService, class com.almasb.fxgl.net.NetService, class com.almasb.fxgl.app.services.UpdaterService, class com.almasb.fxgl.dev.DevService]
18:10:16.232 [FXGL Background Thread 3 ] DEBUG Engine               - fontGame: Abel-Regular.ttf
18:10:16.232 [FXGL Background Thread 3 ] DEBUG Engine               - fontMono: TerminalLandMono-Regular.otf
18:10:16.232 [FXGL Background Thread 3 ] DEBUG Engine               - fontSizeScaleUI: 1.0
18:10:16.232 [FXGL Background Thread 3 ] DEBUG Engine               - fontText: Courier-Prime.ttf
18:10:16.233 [FXGL Background Thread 3 ] DEBUG Engine               - fontUI: VarelaRound-Regular.ttf
18:10:16.233 [FXGL Background Thread 3 ] DEBUG Engine               - fullScreen: BooleanProperty [value: false]
18:10:16.233 [FXGL Background Thread 3 ] DEBUG Engine               - gameDifficulty: MEDIUM
18:10:16.233 [FXGL Background Thread 3 ] DEBUG Engine               - gameDifficultyProperty: ObjectProperty [value: MEDIUM]
18:10:16.233 [FXGL Background Thread 3 ] DEBUG Engine               - globalMusicVolume: 0.5
18:10:16.234 [FXGL Background Thread 3 ] DEBUG Engine               - globalMusicVolumeProperty: DoubleProperty [value: 0.5]
18:10:16.234 [FXGL Background Thread 3 ] DEBUG Engine               - globalSoundVolume: 0.5
18:10:16.234 [FXGL Background Thread 3 ] DEBUG Engine               - globalSoundVolumeProperty: DoubleProperty [value: 0.5]
18:10:16.234 [FXGL Background Thread 3 ] DEBUG Engine               - height: 672
18:10:16.234 [FXGL Background Thread 3 ] DEBUG Engine               - is3D: false
18:10:16.234 [FXGL Background Thread 3 ] DEBUG Engine               - isAndroid: false
18:10:16.234 [FXGL Background Thread 3 ] DEBUG Engine               - isBrowser: false
18:10:16.234 [FXGL Background Thread 3 ] DEBUG Engine               - isClickFeedbackEnabled: false
18:10:16.234 [FXGL Background Thread 3 ] DEBUG Engine               - isCloseConfirmation: false
18:10:16.235 [FXGL Background Thread 3 ] DEBUG Engine               - isDesktop: true
18:10:16.235 [FXGL Background Thread 3 ] DEBUG Engine               - isDeveloperMenuEnabled: false
18:10:16.235 [FXGL Background Thread 3 ] DEBUG Engine               - isEmbedded: false
18:10:16.235 [FXGL Background Thread 3 ] DEBUG Engine               - isEntityPreloadEnabled: true
18:10:16.235 [FXGL Background Thread 3 ] DEBUG Engine               - isExperimentalTiledLargeMap: false
18:10:16.235 [FXGL Background Thread 3 ] DEBUG Engine               - isFileSystemWriteAllowed: true
18:10:16.235 [FXGL Background Thread 3 ] DEBUG Engine               - isFullScreenAllowed: false
18:10:16.235 [FXGL Background Thread 3 ] DEBUG Engine               - isFullScreenFromStart: false
18:10:16.235 [FXGL Background Thread 3 ] DEBUG Engine               - isGameMenuEnabled: true
18:10:16.235 [FXGL Background Thread 3 ] DEBUG Engine               - isIOS: false
18:10:16.235 [FXGL Background Thread 3 ] DEBUG Engine               - isIntroEnabled: false
18:10:16.235 [FXGL Background Thread 3 ] DEBUG Engine               - isLinux: false
18:10:16.235 [FXGL Background Thread 3 ] DEBUG Engine               - isMac: true
18:10:16.235 [FXGL Background Thread 3 ] DEBUG Engine               - isMainMenuEnabled: false
18:10:16.235 [FXGL Background Thread 3 ] DEBUG Engine               - isManualResizeEnabled: false
18:10:16.235 [FXGL Background Thread 3 ] DEBUG Engine               - isMobile: false
18:10:16.236 [FXGL Background Thread 3 ] DEBUG Engine               - isNative: false
18:10:16.236 [FXGL Background Thread 3 ] DEBUG Engine               - isPauseMusicWhenMinimized: true
18:10:16.236 [FXGL Background Thread 3 ] DEBUG Engine               - isPreserveResizeRatio: false
18:10:16.236 [FXGL Background Thread 3 ] DEBUG Engine               - isProfilingEnabled: false
18:10:16.236 [FXGL Background Thread 3 ] DEBUG Engine               - isScaleAffectedOnResize: true
18:10:16.236 [FXGL Background Thread 3 ] DEBUG Engine               - isSingleStep: false
18:10:16.236 [FXGL Background Thread 3 ] DEBUG Engine               - isUserProfileEnabled: false
18:10:16.236 [FXGL Background Thread 3 ] DEBUG Engine               - isWindows: false
18:10:16.236 [FXGL Background Thread 3 ] DEBUG Engine               - language: ObjectProperty [value: ENGLISH]
18:10:16.236 [FXGL Background Thread 3 ] DEBUG Engine               - menuKey: ESCAPE
18:10:16.236 [FXGL Background Thread 3 ] DEBUG Engine               - mouseSensitivity: 0.2
18:10:16.236 [FXGL Background Thread 3 ] DEBUG Engine               - notificationViewClass: class com.almasb.fxgl.notification.view.XboxNotificationView
18:10:16.236 [FXGL Background Thread 3 ] DEBUG Engine               - pixelsPerMeter: 50.0
18:10:16.236 [FXGL Background Thread 3 ] DEBUG Engine               - platform: MAC
18:10:16.236 [FXGL Background Thread 3 ] DEBUG Engine               - prefHeightProperty: ReadOnlyDoubleProperty [value: 672.0]
18:10:16.236 [FXGL Background Thread 3 ] DEBUG Engine               - prefWidthProperty: ReadOnlyDoubleProperty [value: 816.0]
18:10:16.236 [FXGL Background Thread 3 ] DEBUG Engine               - profileDir: profiles/
18:10:16.236 [FXGL Background Thread 3 ] DEBUG Engine               - profileName: StringProperty [value: DEFAULT]
18:10:16.237 [FXGL Background Thread 3 ] DEBUG Engine               - randomSeed: -1
18:10:16.237 [FXGL Background Thread 3 ] DEBUG Engine               - runtimeInfo: RuntimeInfo(platform=MAC, version=21.1, build=27.03.2024 07.52)
18:10:16.237 [FXGL Background Thread 3 ] DEBUG Engine               - saveFileExt: sav
18:10:16.237 [FXGL Background Thread 3 ] DEBUG Engine               - scaledHeightProp$fxgl: DoubleProperty [bound, value: 672.0]
18:10:16.237 [FXGL Background Thread 3 ] DEBUG Engine               - scaledWidthProp$fxgl: DoubleProperty [bound, value: 816.0]
18:10:16.238 [FXGL Background Thread 3 ] DEBUG Engine               - sceneFactory: com.almasb.fxgl.app.scene.SceneFactory@480d27a8
18:10:16.238 [FXGL Background Thread 3 ] DEBUG Engine               - secondsIn24h: 60
18:10:16.238 [FXGL Background Thread 3 ] DEBUG Engine               - soundMenuBack: menu/back.wav
18:10:16.238 [FXGL Background Thread 3 ] DEBUG Engine               - soundMenuPress: menu/press.wav
18:10:16.238 [FXGL Background Thread 3 ] DEBUG Engine               - soundMenuSelect: menu/select.wav
18:10:16.238 [FXGL Background Thread 3 ] DEBUG Engine               - soundNotification: core/notification.wav
18:10:16.238 [FXGL Background Thread 3 ] DEBUG Engine               - stageStyle: DECORATED
18:10:16.238 [FXGL Background Thread 3 ] DEBUG Engine               - supportedLanguages: [ENGLISH, FRENCH, GERMAN, HUNGARIAN, RUSSIAN]
18:10:16.238 [FXGL Background Thread 3 ] DEBUG Engine               - ticksPerSecond: -1
18:10:16.238 [FXGL Background Thread 3 ] DEBUG Engine               - title: Tank
18:10:16.239 [FXGL Background Thread 3 ] DEBUG Engine               - urlGithub: https://github.com/AlmasB/FXGL
18:10:16.239 [FXGL Background Thread 3 ] DEBUG Engine               - urlLeaderboard: http://fxgl-top.herokuapp.com/
18:10:16.239 [FXGL Background Thread 3 ] DEBUG Engine               - urlPOM: https://raw.githubusercontent.com/AlmasB/FXGL/release/README.md
18:10:16.239 [FXGL Background Thread 3 ] DEBUG Engine               - userAppClass: class de.dywebstudio.tanks.TankApp
18:10:16.239 [FXGL Background Thread 3 ] DEBUG Engine               - version: 1.0
18:10:16.239 [FXGL Background Thread 3 ] DEBUG Engine               - versionCheckDays: 7
18:10:16.239 [FXGL Background Thread 3 ] DEBUG Engine               - width: 816
18:10:16.239 [FXGL Background Thread 3 ] DEBUG Engine               - Logging services
18:10:16.239 [FXGL Background Thread 3 ] DEBUG Engine               - class com.almasb.fxgl.app.services.FXGLAssetLoaderService
18:10:16.239 [FXGL Background Thread 3 ] DEBUG Engine               - class com.almasb.fxgl.app.FXGLApplication$GameApplicationService
18:10:16.239 [FXGL Background Thread 3 ] DEBUG Engine               - class com.almasb.fxgl.app.services.FXGLDialogService
18:10:16.239 [FXGL Background Thread 3 ] DEBUG Engine               - class com.almasb.fxgl.app.services.IOTaskExecutorService
18:10:16.239 [FXGL Background Thread 3 ] DEBUG Engine               - class com.almasb.fxgl.io.FileSystemService
18:10:16.239 [FXGL Background Thread 3 ] DEBUG Engine               - class com.almasb.fxgl.localization.LocalizationService
18:10:16.239 [FXGL Background Thread 3 ] DEBUG Engine               - class com.almasb.fxgl.app.services.SystemBundleService
18:10:16.239 [FXGL Background Thread 3 ] DEBUG Engine               - class com.almasb.fxgl.profile.SaveLoadService
18:10:16.239 [FXGL Background Thread 3 ] DEBUG Engine               - class com.almasb.fxgl.ui.FXGLUIFactoryServiceProvider
18:10:16.239 [FXGL Background Thread 3 ] DEBUG Engine               - class com.almasb.fxgl.ui.FXGLDialogFactoryServiceProvider
18:10:16.239 [FXGL Background Thread 3 ] DEBUG Engine               - class com.almasb.fxgl.audio.AudioPlayer
18:10:16.239 [FXGL Background Thread 3 ] DEBUG Engine               - class com.almasb.fxgl.notification.impl.NotificationServiceProvider
18:10:16.239 [FXGL Background Thread 3 ] DEBUG Engine               - class com.almasb.fxgl.achievement.AchievementService
18:10:16.239 [FXGL Background Thread 3 ] DEBUG Engine               - class com.almasb.fxgl.cutscene.CutsceneService
18:10:16.240 [FXGL Background Thread 3 ] DEBUG Engine               - class com.almasb.fxgl.minigames.MiniGameService
18:10:16.240 [FXGL Background Thread 3 ] DEBUG Engine               - class com.almasb.fxgl.net.NetService
18:10:16.240 [FXGL Background Thread 3 ] DEBUG Engine               - class com.almasb.fxgl.app.services.UpdaterService
18:10:16.240 [FXGL Background Thread 3 ] DEBUG Engine               - class com.almasb.fxgl.dev.DevService
18:10:48.948 [JavaFX Application Thread] DEBUG FXGLApplication      - Exiting FXGL
18:10:48.948 [JavaFX Application Thread] DEBUG LoopRunner           - Stopping loop
18:10:48.949 [JavaFX Application Thread] DEBUG SystemBundleService  - Saving FXGL system data
18:10:48.950 [JavaFX Application Thread] DEBUG FileSystemAccess     - Writing to: /Users/dy/Desktop/alfa/Java/Projectarbeit/Tanks/system/fxgl.bundle
18:10:48.952 [JavaFX Application Thread] DEBUG Async                - Shutting down background threads
18:10:48.952 [JavaFX Application Thread] DEBUG PrimaryStageWindow   - Closing main window
18:10:48.965 [JavaFX Application Thread] DEBUG Logger               - Closing Logger
