11:36:43.611 [main                     ] DEBUG Logger               - Configured Logger
11:36:43.643 [main                     ] DEBUG GameApplication      - Logging settings
Title: Tank
Version: 1.0
Width: 816
Height: 672
Fullscreen: false
Intro: false
Profiling: false
Single step:false
App Mode: DEVELOPER
Menu Key: ESCAPE
Stage Style: DECORATED
Scene Factory: class com.almasb.fxgl.app.scene.SceneFactory

11:36:44.152 [JavaFX Application Thread] DEBUG FXGLApplication      - Initializing FXGL
11:36:44.157 [JavaFX Application Thread] INFO  Engine               - FXGL-21.1 (27.03.2024 07.52) on MAC (J:22.0.2 FX:22.0.1)
11:36:44.158 [JavaFX Application Thread] DEBUG Engine               - JRE Vendor Name: Oracle Corporation
11:36:44.158 [JavaFX Application Thread] DEBUG Engine               - Running on OS: Mac OS X version 14.6.1
11:36:44.159 [JavaFX Application Thread] DEBUG Engine               - Architecture: x86_64
11:36:44.159 [JavaFX Application Thread] INFO  Engine               - Source code and latest versions at: https://github.com/AlmasB/FXGL
11:36:44.159 [JavaFX Application Thread] INFO  Engine               -       Ask questions and discuss at: https://github.com/AlmasB/FXGL/discussions
11:36:44.159 [JavaFX Application Thread] INFO  Engine               -              Join the FXGL chat at: https://gitter.im/AlmasB/FXGL
11:36:44.308 [JavaFX Application Thread] DEBUG PrimaryStageWindow   - Creating a JavaFX scene
11:36:44.376 [JavaFX Application Thread] DEBUG PrimaryStageWindow   - Target settings size: 816.0 x 672.0
11:36:44.377 [JavaFX Application Thread] DEBUG PrimaryStageWindow   - Scaled scene size:    816.0 x 672.0
11:36:44.377 [JavaFX Application Thread] DEBUG PrimaryStageWindow   - Scaled ratio: (1.0, 1.0)
11:36:44.378 [JavaFX Application Thread] DEBUG PrimaryStageWindow   - Set initial scene to FXGLStartupScene
11:36:44.385 [JavaFX Application Thread] DEBUG PrimaryStageWindow   - Opening main window
11:36:44.533 [JavaFX Application Thread] DEBUG PrimaryStageWindow   - Window border size: (0.0, 28.0)
11:36:44.534 [JavaFX Application Thread] DEBUG PrimaryStageWindow   - Scaled size: 816.0 x 672.0
11:36:44.534 [JavaFX Application Thread] DEBUG PrimaryStageWindow   - Scaled ratio: (1.0, 1.0)
11:36:44.534 [JavaFX Application Thread] DEBUG PrimaryStageWindow   - Scene size: 816.0 x 672.0
11:36:44.535 [JavaFX Application Thread] DEBUG PrimaryStageWindow   - Stage size: 816.0 x 700.0
11:36:44.586 [FXGL Background Thread 1 ] DEBUG Engine               - Initializing environment variables
11:36:44.705 [FXGL Background Thread 1 ] DEBUG FXGLAssetLoaderServi - User app class for loading assets: class de.dywebstudio.tanks.TankApp
11:36:44.705 [FXGL Background Thread 1 ] DEBUG GameApplicationServi - Applying CSS: fxgl_dark.css
11:36:44.707 [FXGL Background Thread 1 ] DEBUG FXGLAssetLoaderServi - Loading from file system: jar:file:///Users/dy/.m2/repository/com/github/almasb/fxgl/21.1/fxgl-21.1.jar!/fxglassets/ui/css/fxgl_dark.css
11:36:44.834 [FXGL Background Thread 1 ] DEBUG GameApplicationServi - Initializing application scenes
11:36:45.300 [FXGL Background Thread 1 ] DEBUG GameWorld            - Game world initialized
11:36:45.369 [FXGL Background Thread 1 ] DEBUG PhysicsWorld         - Physics world initialized: appHeight=672, physics.ppm=50,0
11:36:45.369 [FXGL Background Thread 1 ] DEBUG PhysicsWorld         - Using strategy: BRUTE_FORCE
11:36:45.375 [FXGL Background Thread 1 ] DEBUG GameScene            - Game scene initialized: 816x672
11:36:45.394 [FXGL Background Thread 1 ] DEBUG FXGL.DefaultMenu     - createMenuBodyGameMenu()
11:36:45.417 [FXGL Background Thread 1 ] DEBUG FXGL.DefaultMenu     - createOptionsMenu()
11:36:45.432 [FXGL Background Thread 1 ] DEBUG FXGLAssetLoaderServi - Loading from file system: jar:file:///Users/dy/.m2/repository/com/github/almasb/fxgl/21.1/fxgl-21.1.jar!/fxglassets/textures/particles/smoke.png
11:36:45.560 [FXGL Background Thread 1 ] DEBUG FXGLAssetLoaderServi - Loading from file system: jar:file:///Users/dy/.m2/repository/com/github/almasb/fxgl/21.1/fxgl-21.1.jar!/fxglassets/textures/particles/trace_horizontal.png
11:36:45.585 [FXGL Background Thread 1 ] DEBUG GameApplicationServi - Application scenes initialized
11:36:45.605 [FXGL Background Thread 1 ] DEBUG SystemBundleService  - Loading FXGL system data
11:36:45.610 [FXGL Background Thread 1 ] DEBUG FileSystemAccess     - Reading from: /Users/dy/Desktop/alfa/Java/Projectarbeit/Tanks/system/fxgl.bundle
11:36:45.621 [FXGL Background Thread 1 ] DEBUG SystemBundleService  - Bundle FXGL: {}
11:36:45.621 [FXGL Background Thread 1 ] DEBUG UpdaterService       - Checking for updates
11:36:45.626 [FXGL Background Thread 4 ] DEBUG FXGLApplication      - Loading fonts
11:36:45.626 [FXGL Background Thread 4 ] DEBUG FXGLAssetLoaderServi - Loading from file system: jar:file:///Users/dy/.m2/repository/com/github/almasb/fxgl/21.1/fxgl-21.1.jar!/fxglassets/ui/fonts/VarelaRound-Regular.ttf
11:36:45.627 [FXGL Background Thread 1 ] DEBUG FXGLApplication      - Loading default localization
11:36:45.628 [FXGL Background Thread 1 ] DEBUG FXGLAssetLoaderServi - Loading from file system: jar:file:///Users/dy/.m2/repository/com/github/almasb/fxgl/21.1/fxgl-21.1.jar!/fxglassets/languages/english.lang
11:36:45.646 [FXGL Background Thread 1 ] INFO  FXGLApplication      - FXGL initialization took: 1,060 sec
11:36:45.648 [FXGL Background Thread 4 ] DEBUG FXGLAssetLoaderServi - Loading from file system: jar:file:///Users/dy/.m2/repository/com/github/almasb/fxgl/21.1/fxgl-21.1.jar!/fxglassets/ui/fonts/Abel-Regular.ttf
11:36:45.652 [FXGL Background Thread 4 ] DEBUG FXGLAssetLoaderServi - Loading from file system: jar:file:///Users/dy/.m2/repository/com/github/almasb/fxgl/21.1/fxgl-21.1.jar!/fxglassets/ui/fonts/TerminalLandMono-Regular.otf
11:36:45.656 [FXGL Background Thread 4 ] DEBUG FXGLAssetLoaderServi - Loading from file system: jar:file:///Users/dy/.m2/repository/com/github/almasb/fxgl/21.1/fxgl-21.1.jar!/fxglassets/ui/fonts/Courier-Prime.ttf
11:36:45.660 [JavaFX Application Thread] DEBUG Input                - Registered new binding: action0 - W
11:36:45.660 [JavaFX Application Thread] DEBUG Input                - Registered new binding: action1 - S
11:36:45.661 [JavaFX Application Thread] DEBUG Input                - Registered new binding: action2 - A
11:36:45.661 [JavaFX Application Thread] DEBUG Input                - Registered new binding: action3 - D
11:36:45.662 [JavaFX Application Thread] DEBUG Input                - Registered new binding: action4 - Space
11:36:45.662 [JavaFX Application Thread] DEBUG FXGLAssetLoaderServi - Loading from file system: jar:file:///Users/dy/.m2/repository/com/github/almasb/fxgl/21.1/fxgl-21.1.jar!/fxglassets/textures/fxgl_icon.png
11:36:45.693 [JavaFX Application Thread] DEBUG FXGLAssetLoaderServi - Loading from file system: jar:file:///Users/dy/.m2/repository/com/github/almasb/fxgl/21.1/fxgl-21.1.jar!/fxglassets/textures/fxgl_default_cursor.png
11:36:45.696 [JavaFX Application Thread] DEBUG Input                - Registered new binding: Screenshot - CTRL+8
11:36:45.697 [JavaFX Application Thread] DEBUG Input                - Registered new binding: System info dump - CTRL+9
11:36:45.697 [JavaFX Application Thread] DEBUG Input                - Registered new binding: Restart - CTRL+R
11:36:45.698 [JavaFX Application Thread] DEBUG Input                - Registered new binding: Toggle Debug Camera - CTRL+7
11:36:45.700 [JavaFX Application Thread] DEBUG LoopRunner           - Starting loop
11:36:45.700 [JavaFX Application Thread] DEBUG LoopRunner           - Initializing JavaFX AnimationTimerLoop
11:36:45.702 [JavaFX Application Thread] DEBUG GameApplicationServi - Starting new game
11:36:45.703 [JavaFX Application Thread] DEBUG Input                - Clearing active input actions
11:36:45.717 [JavaFX Application Thread] DEBUG GameApplicationServi - Removing overlay from FXGLStartupScene and adding to FXGLLoadingScene
11:36:45.719 [JavaFX Application Thread] DEBUG PrimaryStageWindow   - FXGLStartupScene -> FXGLLoadingScene
11:36:45.719 [JavaFX Application Thread] DEBUG GameApplicationServi - Clearing previous game
11:36:45.719 [JavaFX Application Thread] DEBUG GameScene            - Clearing game scene
11:36:45.719 [JavaFX Application Thread] DEBUG GameWorld            - Clearing game world
11:36:45.719 [JavaFX Application Thread] DEBUG PhysicsWorld         - Clearing physics world
11:36:45.721 [FXGL Background Thread 4 ] DEBUG FXGLApplication      - Initializing game
11:36:45.764 [JavaFX Application Thread] DEBUG FXGLApplication      - Registering font factories with UI factory
11:36:45.802 [FXGL Background Thread 4 ] WARN  TMXLevelLoader       - TiledMap generated from 1.11.0. Supported version: 1.9.0. Some features may not be parsed fully.
11:36:45.826 [FXGL Background Thread 4 ] DEBUG TMXLevelLoader       - Parsed TiledMap: file:/Users/dy/Desktop/alfa/Java/Projectarbeit/Tanks/target/classes/assets/levels/level.tmx
11:36:45.828 [FXGL Background Thread 4 ] DEBUG TMXLevelLoader       - Creating tile layer entities
11:36:45.830 [FXGL Background Thread 4 ] DEBUG TMXLevelLoader       - Creating object layer entities
11:36:45.902 [FXGL Background Thread 4 ] DEBUG FXGLAssetLoaderServi - Loading from file system: file:/Users/dy/Desktop/alfa/Java/Projectarbeit/Tanks/target/classes/assets/textures/items/sea_animation.png
11:36:45.953 [FXGL Background Thread 4 ] DEBUG GameWorld            - Clearing removable entities
11:36:45.954 [FXGL Background Thread 4 ] DEBUG GameWorld            - Setting level: com.almasb.fxgl.entity.level.Level@95f1f2f
11:36:45.964 [FXGL Background Thread 4 ] DEBUG FXGLAssetLoaderServi - Loading from file system: file:/Users/dy/Desktop/alfa/Java/Projectarbeit/Tanks/target/classes/assets/textures/tanks/H1U.png
11:36:45.969 [FXGL Background Thread 4 ] INFO  FXGLApplication      - Game initialization took: 0,248 sec
11:36:46.004 [JavaFX Application Thread] DEBUG Input                - Clearing active input actions
11:36:46.023 [JavaFX Application Thread] DEBUG GameApplicationServi - Removing overlay from FXGLLoadingScene and adding to GameScene
11:36:46.023 [JavaFX Application Thread] DEBUG PrimaryStageWindow   - FXGLLoadingScene -> GameScene
11:36:48.629 [FXGL Background Thread 3 ] DEBUG Engine               - Logging environment variables
11:36:48.630 [FXGL Background Thread 3 ] DEBUG Engine               - achievements: []
11:36:48.630 [FXGL Background Thread 3 ] DEBUG Engine               - actualHeight: 672.0
11:36:48.630 [FXGL Background Thread 3 ] DEBUG Engine               - actualHeightProperty: ReadOnlyDoubleProperty [value: 672.0]
11:36:48.630 [FXGL Background Thread 3 ] DEBUG Engine               - actualWidth: 816.0
11:36:48.630 [FXGL Background Thread 3 ] DEBUG Engine               - actualWidthProperty: ReadOnlyDoubleProperty [value: 816.0]
11:36:48.630 [FXGL Background Thread 3 ] DEBUG Engine               - appIcon: fxgl_icon.png
11:36:48.630 [FXGL Background Thread 3 ] DEBUG Engine               - applicationMode: DEVELOPER
11:36:48.630 [FXGL Background Thread 3 ] DEBUG Engine               - cSSList: [fxgl_dark.css]
11:36:48.630 [FXGL Background Thread 3 ] DEBUG Engine               - collisionDetectionStrategy: BRUTE_FORCE
11:36:48.630 [FXGL Background Thread 3 ] DEBUG Engine               - configClass: Optional.empty
11:36:48.630 [FXGL Background Thread 3 ] DEBUG Engine               - credits: []
11:36:48.631 [FXGL Background Thread 3 ] DEBUG Engine               - defaultCursor: CursorInfo(imageName=fxgl_default_cursor.png, hotspotX=7.0, hotspotY=6.0)
11:36:48.631 [FXGL Background Thread 3 ] DEBUG Engine               - devBBoxColorProperty: ObjectProperty [value: 0xff0000ff]
11:36:48.631 [FXGL Background Thread 3 ] DEBUG Engine               - devEnableDebugCameraProperty: BooleanProperty [value: false]
11:36:48.631 [FXGL Background Thread 3 ] DEBUG Engine               - devSensorColorProperty: ObjectProperty [value: 0xffff00ff]
11:36:48.631 [FXGL Background Thread 3 ] DEBUG Engine               - devShowBBoxProperty: BooleanProperty [value: false]
11:36:48.631 [FXGL Background Thread 3 ] DEBUG Engine               - devShowPositionProperty: BooleanProperty [value: false]
11:36:48.632 [FXGL Background Thread 3 ] DEBUG Engine               - enabledMenuItems: []
11:36:48.632 [FXGL Background Thread 3 ] DEBUG Engine               - engineServices: [class com.almasb.fxgl.app.services.FXGLAssetLoaderService, class com.almasb.fxgl.app.FXGLApplication$GameApplicationService, class com.almasb.fxgl.app.services.FXGLDialogService, class com.almasb.fxgl.app.services.IOTaskExecutorService, class com.almasb.fxgl.io.FileSystemService, class com.almasb.fxgl.localization.LocalizationService, class com.almasb.fxgl.app.services.SystemBundleService, class com.almasb.fxgl.profile.SaveLoadService, class com.almasb.fxgl.ui.FXGLUIFactoryServiceProvider, class com.almasb.fxgl.ui.FXGLDialogFactoryServiceProvider, class com.almasb.fxgl.audio.AudioPlayer, class com.almasb.fxgl.notification.impl.NotificationServiceProvider, class com.almasb.fxgl.achievement.AchievementService, class com.almasb.fxgl.cutscene.CutsceneService, class com.almasb.fxgl.minigames.MiniGameService, class com.almasb.fxgl.net.NetService, class com.almasb.fxgl.app.services.UpdaterService, class com.almasb.fxgl.dev.DevService]
11:36:48.632 [FXGL Background Thread 3 ] DEBUG Engine               - fontGame: Abel-Regular.ttf
11:36:48.632 [FXGL Background Thread 3 ] DEBUG Engine               - fontMono: TerminalLandMono-Regular.otf
11:36:48.632 [FXGL Background Thread 3 ] DEBUG Engine               - fontSizeScaleUI: 1.0
11:36:48.632 [FXGL Background Thread 3 ] DEBUG Engine               - fontText: Courier-Prime.ttf
11:36:48.632 [FXGL Background Thread 3 ] DEBUG Engine               - fontUI: VarelaRound-Regular.ttf
11:36:48.632 [FXGL Background Thread 3 ] DEBUG Engine               - fullScreen: BooleanProperty [value: false]
11:36:48.632 [FXGL Background Thread 3 ] DEBUG Engine               - gameDifficulty: MEDIUM
11:36:48.632 [FXGL Background Thread 3 ] DEBUG Engine               - gameDifficultyProperty: ObjectProperty [value: MEDIUM]
11:36:48.632 [FXGL Background Thread 3 ] DEBUG Engine               - globalMusicVolume: 0.5
11:36:48.632 [FXGL Background Thread 3 ] DEBUG Engine               - globalMusicVolumeProperty: DoubleProperty [value: 0.5]
11:36:48.632 [FXGL Background Thread 3 ] DEBUG Engine               - globalSoundVolume: 0.5
11:36:48.632 [FXGL Background Thread 3 ] DEBUG Engine               - globalSoundVolumeProperty: DoubleProperty [value: 0.5]
11:36:48.632 [FXGL Background Thread 3 ] DEBUG Engine               - height: 672
11:36:48.632 [FXGL Background Thread 3 ] DEBUG Engine               - is3D: false
11:36:48.632 [FXGL Background Thread 3 ] DEBUG Engine               - isAndroid: false
11:36:48.633 [FXGL Background Thread 3 ] DEBUG Engine               - isBrowser: false
11:36:48.633 [FXGL Background Thread 3 ] DEBUG Engine               - isClickFeedbackEnabled: false
11:36:48.633 [FXGL Background Thread 3 ] DEBUG Engine               - isCloseConfirmation: false
11:36:48.633 [FXGL Background Thread 3 ] DEBUG Engine               - isDesktop: true
11:36:48.633 [FXGL Background Thread 3 ] DEBUG Engine               - isDeveloperMenuEnabled: false
11:36:48.633 [FXGL Background Thread 3 ] DEBUG Engine               - isEmbedded: false
11:36:48.633 [FXGL Background Thread 3 ] DEBUG Engine               - isEntityPreloadEnabled: true
11:36:48.633 [FXGL Background Thread 3 ] DEBUG Engine               - isExperimentalTiledLargeMap: false
11:36:48.633 [FXGL Background Thread 3 ] DEBUG Engine               - isFileSystemWriteAllowed: true
11:36:48.633 [FXGL Background Thread 3 ] DEBUG Engine               - isFullScreenAllowed: false
11:36:48.633 [FXGL Background Thread 3 ] DEBUG Engine               - isFullScreenFromStart: false
11:36:48.633 [FXGL Background Thread 3 ] DEBUG Engine               - isGameMenuEnabled: true
11:36:48.633 [FXGL Background Thread 3 ] DEBUG Engine               - isIOS: false
11:36:48.633 [FXGL Background Thread 3 ] DEBUG Engine               - isIntroEnabled: false
11:36:48.633 [FXGL Background Thread 3 ] DEBUG Engine               - isLinux: false
11:36:48.633 [FXGL Background Thread 3 ] DEBUG Engine               - isMac: true
11:36:48.633 [FXGL Background Thread 3 ] DEBUG Engine               - isMainMenuEnabled: false
11:36:48.633 [FXGL Background Thread 3 ] DEBUG Engine               - isManualResizeEnabled: false
11:36:48.633 [FXGL Background Thread 3 ] DEBUG Engine               - isMobile: false
11:36:48.633 [FXGL Background Thread 3 ] DEBUG Engine               - isNative: false
11:36:48.633 [FXGL Background Thread 3 ] DEBUG Engine               - isPauseMusicWhenMinimized: true
11:36:48.634 [FXGL Background Thread 3 ] DEBUG Engine               - isPreserveResizeRatio: false
11:36:48.634 [FXGL Background Thread 3 ] DEBUG Engine               - isProfilingEnabled: false
11:36:48.634 [FXGL Background Thread 3 ] DEBUG Engine               - isScaleAffectedOnResize: true
11:36:48.634 [FXGL Background Thread 3 ] DEBUG Engine               - isSingleStep: false
11:36:48.634 [FXGL Background Thread 3 ] DEBUG Engine               - isUserProfileEnabled: false
11:36:48.634 [FXGL Background Thread 3 ] DEBUG Engine               - isWindows: false
11:36:48.634 [FXGL Background Thread 3 ] DEBUG Engine               - language: ObjectProperty [value: ENGLISH]
11:36:48.634 [FXGL Background Thread 3 ] DEBUG Engine               - menuKey: ESCAPE
11:36:48.634 [FXGL Background Thread 3 ] DEBUG Engine               - mouseSensitivity: 0.2
11:36:48.634 [FXGL Background Thread 3 ] DEBUG Engine               - notificationViewClass: class com.almasb.fxgl.notification.view.XboxNotificationView
11:36:48.634 [FXGL Background Thread 3 ] DEBUG Engine               - pixelsPerMeter: 50.0
11:36:48.634 [FXGL Background Thread 3 ] DEBUG Engine               - platform: MAC
11:36:48.634 [FXGL Background Thread 3 ] DEBUG Engine               - prefHeightProperty: ReadOnlyDoubleProperty [value: 672.0]
11:36:48.634 [FXGL Background Thread 3 ] DEBUG Engine               - prefWidthProperty: ReadOnlyDoubleProperty [value: 816.0]
11:36:48.634 [FXGL Background Thread 3 ] DEBUG Engine               - profileDir: profiles/
11:36:48.634 [FXGL Background Thread 3 ] DEBUG Engine               - profileName: StringProperty [value: DEFAULT]
11:36:48.635 [FXGL Background Thread 3 ] DEBUG Engine               - randomSeed: -1
11:36:48.635 [FXGL Background Thread 3 ] DEBUG Engine               - runtimeInfo: RuntimeInfo(platform=MAC, version=21.1, build=27.03.2024 07.52)
11:36:48.635 [FXGL Background Thread 3 ] DEBUG Engine               - saveFileExt: sav
11:36:48.635 [FXGL Background Thread 3 ] DEBUG Engine               - scaledHeightProp$fxgl: DoubleProperty [bound, value: 672.0]
11:36:48.635 [FXGL Background Thread 3 ] DEBUG Engine               - scaledWidthProp$fxgl: DoubleProperty [bound, value: 816.0]
11:36:48.635 [FXGL Background Thread 3 ] DEBUG Engine               - sceneFactory: com.almasb.fxgl.app.scene.SceneFactory@35f52b59
11:36:48.635 [FXGL Background Thread 3 ] DEBUG Engine               - secondsIn24h: 60
11:36:48.635 [FXGL Background Thread 3 ] DEBUG Engine               - soundMenuBack: menu/back.wav
11:36:48.635 [FXGL Background Thread 3 ] DEBUG Engine               - soundMenuPress: menu/press.wav
11:36:48.635 [FXGL Background Thread 3 ] DEBUG Engine               - soundMenuSelect: menu/select.wav
11:36:48.635 [FXGL Background Thread 3 ] DEBUG Engine               - soundNotification: core/notification.wav
11:36:48.635 [FXGL Background Thread 3 ] DEBUG Engine               - stageStyle: DECORATED
11:36:48.636 [FXGL Background Thread 3 ] DEBUG Engine               - supportedLanguages: [ENGLISH, FRENCH, GERMAN, HUNGARIAN, RUSSIAN]
11:36:48.636 [FXGL Background Thread 3 ] DEBUG Engine               - ticksPerSecond: -1
11:36:48.636 [FXGL Background Thread 3 ] DEBUG Engine               - title: Tank
11:36:48.636 [FXGL Background Thread 3 ] DEBUG Engine               - urlGithub: https://github.com/AlmasB/FXGL
11:36:48.636 [FXGL Background Thread 3 ] DEBUG Engine               - urlLeaderboard: http://fxgl-top.herokuapp.com/
11:36:48.636 [FXGL Background Thread 3 ] DEBUG Engine               - urlPOM: https://raw.githubusercontent.com/AlmasB/FXGL/release/README.md
11:36:48.636 [FXGL Background Thread 3 ] DEBUG Engine               - userAppClass: class de.dywebstudio.tanks.TankApp
11:36:48.636 [FXGL Background Thread 3 ] DEBUG Engine               - version: 1.0
11:36:48.636 [FXGL Background Thread 3 ] DEBUG Engine               - versionCheckDays: 7
11:36:48.636 [FXGL Background Thread 3 ] DEBUG Engine               - width: 816
11:36:48.636 [FXGL Background Thread 3 ] DEBUG Engine               - Logging services
11:36:48.636 [FXGL Background Thread 3 ] DEBUG Engine               - class com.almasb.fxgl.app.services.FXGLAssetLoaderService
11:36:48.637 [FXGL Background Thread 3 ] DEBUG Engine               - class com.almasb.fxgl.app.FXGLApplication$GameApplicationService
11:36:48.637 [FXGL Background Thread 3 ] DEBUG Engine               - class com.almasb.fxgl.app.services.FXGLDialogService
11:36:48.637 [FXGL Background Thread 3 ] DEBUG Engine               - class com.almasb.fxgl.app.services.IOTaskExecutorService
11:36:48.637 [FXGL Background Thread 3 ] DEBUG Engine               - class com.almasb.fxgl.io.FileSystemService
11:36:48.637 [FXGL Background Thread 3 ] DEBUG Engine               - class com.almasb.fxgl.localization.LocalizationService
11:36:48.637 [FXGL Background Thread 3 ] DEBUG Engine               - class com.almasb.fxgl.app.services.SystemBundleService
11:36:48.637 [FXGL Background Thread 3 ] DEBUG Engine               - class com.almasb.fxgl.profile.SaveLoadService
11:36:48.637 [FXGL Background Thread 3 ] DEBUG Engine               - class com.almasb.fxgl.ui.FXGLUIFactoryServiceProvider
11:36:48.637 [FXGL Background Thread 3 ] DEBUG Engine               - class com.almasb.fxgl.ui.FXGLDialogFactoryServiceProvider
11:36:48.637 [FXGL Background Thread 3 ] DEBUG Engine               - class com.almasb.fxgl.audio.AudioPlayer
11:36:48.637 [FXGL Background Thread 3 ] DEBUG Engine               - class com.almasb.fxgl.notification.impl.NotificationServiceProvider
11:36:48.637 [FXGL Background Thread 3 ] DEBUG Engine               - class com.almasb.fxgl.achievement.AchievementService
11:36:48.637 [FXGL Background Thread 3 ] DEBUG Engine               - class com.almasb.fxgl.cutscene.CutsceneService
11:36:48.637 [FXGL Background Thread 3 ] DEBUG Engine               - class com.almasb.fxgl.minigames.MiniGameService
11:36:48.637 [FXGL Background Thread 3 ] DEBUG Engine               - class com.almasb.fxgl.net.NetService
11:36:48.637 [FXGL Background Thread 3 ] DEBUG Engine               - class com.almasb.fxgl.app.services.UpdaterService
11:36:48.637 [FXGL Background Thread 3 ] DEBUG Engine               - class com.almasb.fxgl.dev.DevService
11:36:54.928 [JavaFX Application Thread] WARN  FXGLAssetLoaderServi - Asset "/assets/textures/bullet/norm.png" was not found!
11:36:54.928 [JavaFX Application Thread] WARN  FXGLAssetLoaderServi - Failed to load IMAGE
11:36:54.961 [JavaFX Application Thread] WARN  FXGLAssetLoaderServi - Asset "/assets/textures/bullet/norm.png" was not found!
11:36:54.961 [JavaFX Application Thread] WARN  FXGLAssetLoaderServi - Failed to load IMAGE
11:36:54.977 [JavaFX Application Thread] WARN  FXGLAssetLoaderServi - Asset "/assets/textures/bullet/norm.png" was not found!
11:36:54.978 [JavaFX Application Thread] WARN  FXGLAssetLoaderServi - Failed to load IMAGE
11:36:54.995 [JavaFX Application Thread] WARN  FXGLAssetLoaderServi - Asset "/assets/textures/bullet/norm.png" was not found!
11:36:54.995 [JavaFX Application Thread] WARN  FXGLAssetLoaderServi - Failed to load IMAGE
11:36:55.011 [JavaFX Application Thread] WARN  FXGLAssetLoaderServi - Asset "/assets/textures/bullet/norm.png" was not found!
11:36:55.011 [JavaFX Application Thread] WARN  FXGLAssetLoaderServi - Failed to load IMAGE
11:36:55.029 [JavaFX Application Thread] WARN  FXGLAssetLoaderServi - Asset "/assets/textures/bullet/norm.png" was not found!
11:36:55.029 [JavaFX Application Thread] WARN  FXGLAssetLoaderServi - Failed to load IMAGE
11:36:57.027 [JavaFX Application Thread] WARN  FXGLAssetLoaderServi - Asset "/assets/textures/bullet/norm.png" was not found!
11:36:57.027 [JavaFX Application Thread] WARN  FXGLAssetLoaderServi - Failed to load IMAGE
11:36:57.044 [JavaFX Application Thread] WARN  FXGLAssetLoaderServi - Asset "/assets/textures/bullet/norm.png" was not found!
11:36:57.044 [JavaFX Application Thread] WARN  FXGLAssetLoaderServi - Failed to load IMAGE
11:36:57.061 [JavaFX Application Thread] WARN  FXGLAssetLoaderServi - Asset "/assets/textures/bullet/norm.png" was not found!
11:36:57.061 [JavaFX Application Thread] WARN  FXGLAssetLoaderServi - Failed to load IMAGE
11:36:57.078 [JavaFX Application Thread] WARN  FXGLAssetLoaderServi - Asset "/assets/textures/bullet/norm.png" was not found!
11:36:57.078 [JavaFX Application Thread] WARN  FXGLAssetLoaderServi - Failed to load IMAGE
11:36:57.094 [JavaFX Application Thread] WARN  FXGLAssetLoaderServi - Asset "/assets/textures/bullet/norm.png" was not found!
11:36:57.095 [JavaFX Application Thread] WARN  FXGLAssetLoaderServi - Failed to load IMAGE
11:36:57.111 [JavaFX Application Thread] WARN  FXGLAssetLoaderServi - Asset "/assets/textures/bullet/norm.png" was not found!
11:36:57.111 [JavaFX Application Thread] WARN  FXGLAssetLoaderServi - Failed to load IMAGE
11:36:57.127 [JavaFX Application Thread] WARN  FXGLAssetLoaderServi - Asset "/assets/textures/bullet/norm.png" was not found!
11:36:57.127 [JavaFX Application Thread] WARN  FXGLAssetLoaderServi - Failed to load IMAGE
11:36:57.144 [JavaFX Application Thread] WARN  FXGLAssetLoaderServi - Asset "/assets/textures/bullet/norm.png" was not found!
11:36:57.144 [JavaFX Application Thread] WARN  FXGLAssetLoaderServi - Failed to load IMAGE
11:36:57.162 [JavaFX Application Thread] WARN  FXGLAssetLoaderServi - Asset "/assets/textures/bullet/norm.png" was not found!
11:36:57.162 [JavaFX Application Thread] WARN  FXGLAssetLoaderServi - Failed to load IMAGE
11:36:57.177 [JavaFX Application Thread] WARN  FXGLAssetLoaderServi - Asset "/assets/textures/bullet/norm.png" was not found!
11:36:57.178 [JavaFX Application Thread] WARN  FXGLAssetLoaderServi - Failed to load IMAGE
11:36:57.194 [JavaFX Application Thread] WARN  FXGLAssetLoaderServi - Asset "/assets/textures/bullet/norm.png" was not found!
11:36:57.194 [JavaFX Application Thread] WARN  FXGLAssetLoaderServi - Failed to load IMAGE
11:37:01.130 [JavaFX Application Thread] WARN  FXGLAssetLoaderServi - Asset "/assets/textures/bullet/norm.png" was not found!
11:37:01.130 [JavaFX Application Thread] WARN  FXGLAssetLoaderServi - Failed to load IMAGE
11:37:01.146 [JavaFX Application Thread] WARN  FXGLAssetLoaderServi - Asset "/assets/textures/bullet/norm.png" was not found!
11:37:01.146 [JavaFX Application Thread] WARN  FXGLAssetLoaderServi - Failed to load IMAGE
11:37:01.162 [JavaFX Application Thread] WARN  FXGLAssetLoaderServi - Asset "/assets/textures/bullet/norm.png" was not found!
11:37:01.162 [JavaFX Application Thread] WARN  FXGLAssetLoaderServi - Failed to load IMAGE
11:37:01.179 [JavaFX Application Thread] WARN  FXGLAssetLoaderServi - Asset "/assets/textures/bullet/norm.png" was not found!
11:37:01.179 [JavaFX Application Thread] WARN  FXGLAssetLoaderServi - Failed to load IMAGE
11:37:01.197 [JavaFX Application Thread] WARN  FXGLAssetLoaderServi - Asset "/assets/textures/bullet/norm.png" was not found!
11:37:01.197 [JavaFX Application Thread] WARN  FXGLAssetLoaderServi - Failed to load IMAGE
11:37:01.212 [JavaFX Application Thread] WARN  FXGLAssetLoaderServi - Asset "/assets/textures/bullet/norm.png" was not found!
11:37:01.213 [JavaFX Application Thread] WARN  FXGLAssetLoaderServi - Failed to load IMAGE
11:37:01.229 [JavaFX Application Thread] WARN  FXGLAssetLoaderServi - Asset "/assets/textures/bullet/norm.png" was not found!
11:37:01.229 [JavaFX Application Thread] WARN  FXGLAssetLoaderServi - Failed to load IMAGE
11:37:01.246 [JavaFX Application Thread] WARN  FXGLAssetLoaderServi - Asset "/assets/textures/bullet/norm.png" was not found!
11:37:01.246 [JavaFX Application Thread] WARN  FXGLAssetLoaderServi - Failed to load IMAGE
11:37:01.262 [JavaFX Application Thread] WARN  FXGLAssetLoaderServi - Asset "/assets/textures/bullet/norm.png" was not found!
11:37:01.262 [JavaFX Application Thread] WARN  FXGLAssetLoaderServi - Failed to load IMAGE
11:37:04.831 [JavaFX Application Thread] WARN  FXGLAssetLoaderServi - Asset "/assets/textures/bullet/norm.png" was not found!
11:37:04.831 [JavaFX Application Thread] WARN  FXGLAssetLoaderServi - Failed to load IMAGE
11:37:04.847 [JavaFX Application Thread] WARN  FXGLAssetLoaderServi - Asset "/assets/textures/bullet/norm.png" was not found!
11:37:04.847 [JavaFX Application Thread] WARN  FXGLAssetLoaderServi - Failed to load IMAGE
11:37:04.863 [JavaFX Application Thread] WARN  FXGLAssetLoaderServi - Asset "/assets/textures/bullet/norm.png" was not found!
11:37:04.864 [JavaFX Application Thread] WARN  FXGLAssetLoaderServi - Failed to load IMAGE
11:37:04.880 [JavaFX Application Thread] WARN  FXGLAssetLoaderServi - Asset "/assets/textures/bullet/norm.png" was not found!
11:37:04.880 [JavaFX Application Thread] WARN  FXGLAssetLoaderServi - Failed to load IMAGE
11:37:04.896 [JavaFX Application Thread] WARN  FXGLAssetLoaderServi - Asset "/assets/textures/bullet/norm.png" was not found!
11:37:04.897 [JavaFX Application Thread] WARN  FXGLAssetLoaderServi - Failed to load IMAGE
11:37:04.913 [JavaFX Application Thread] WARN  FXGLAssetLoaderServi - Asset "/assets/textures/bullet/norm.png" was not found!
11:37:04.914 [JavaFX Application Thread] WARN  FXGLAssetLoaderServi - Failed to load IMAGE
11:37:04.930 [JavaFX Application Thread] WARN  FXGLAssetLoaderServi - Asset "/assets/textures/bullet/norm.png" was not found!
11:37:04.930 [JavaFX Application Thread] WARN  FXGLAssetLoaderServi - Failed to load IMAGE
11:37:04.947 [JavaFX Application Thread] WARN  FXGLAssetLoaderServi - Asset "/assets/textures/bullet/norm.png" was not found!
11:37:04.947 [JavaFX Application Thread] WARN  FXGLAssetLoaderServi - Failed to load IMAGE
11:37:04.963 [JavaFX Application Thread] WARN  FXGLAssetLoaderServi - Asset "/assets/textures/bullet/norm.png" was not found!
11:37:04.963 [JavaFX Application Thread] WARN  FXGLAssetLoaderServi - Failed to load IMAGE
11:37:04.981 [JavaFX Application Thread] WARN  FXGLAssetLoaderServi - Asset "/assets/textures/bullet/norm.png" was not found!
11:37:04.981 [JavaFX Application Thread] WARN  FXGLAssetLoaderServi - Failed to load IMAGE
11:37:04.997 [JavaFX Application Thread] WARN  FXGLAssetLoaderServi - Asset "/assets/textures/bullet/norm.png" was not found!
11:37:04.997 [JavaFX Application Thread] WARN  FXGLAssetLoaderServi - Failed to load IMAGE
11:37:05.013 [JavaFX Application Thread] WARN  FXGLAssetLoaderServi - Asset "/assets/textures/bullet/norm.png" was not found!
11:37:05.014 [JavaFX Application Thread] WARN  FXGLAssetLoaderServi - Failed to load IMAGE
11:37:05.030 [JavaFX Application Thread] WARN  FXGLAssetLoaderServi - Asset "/assets/textures/bullet/norm.png" was not found!
11:37:05.030 [JavaFX Application Thread] WARN  FXGLAssetLoaderServi - Failed to load IMAGE
11:37:05.046 [JavaFX Application Thread] WARN  FXGLAssetLoaderServi - Asset "/assets/textures/bullet/norm.png" was not found!
11:37:05.047 [JavaFX Application Thread] WARN  FXGLAssetLoaderServi - Failed to load IMAGE
11:37:05.879 [JavaFX Application Thread] WARN  FXGLAssetLoaderServi - Asset "/assets/textures/bullet/norm.png" was not found!
11:37:05.879 [JavaFX Application Thread] WARN  FXGLAssetLoaderServi - Failed to load IMAGE
11:37:05.896 [JavaFX Application Thread] WARN  FXGLAssetLoaderServi - Asset "/assets/textures/bullet/norm.png" was not found!
11:37:05.896 [JavaFX Application Thread] WARN  FXGLAssetLoaderServi - Failed to load IMAGE
11:37:05.912 [JavaFX Application Thread] WARN  FXGLAssetLoaderServi - Asset "/assets/textures/bullet/norm.png" was not found!
11:37:05.912 [JavaFX Application Thread] WARN  FXGLAssetLoaderServi - Failed to load IMAGE
11:37:05.929 [JavaFX Application Thread] WARN  FXGLAssetLoaderServi - Asset "/assets/textures/bullet/norm.png" was not found!
11:37:05.929 [JavaFX Application Thread] WARN  FXGLAssetLoaderServi - Failed to load IMAGE
11:37:05.946 [JavaFX Application Thread] WARN  FXGLAssetLoaderServi - Asset "/assets/textures/bullet/norm.png" was not found!
11:37:05.946 [JavaFX Application Thread] WARN  FXGLAssetLoaderServi - Failed to load IMAGE
11:37:05.962 [JavaFX Application Thread] WARN  FXGLAssetLoaderServi - Asset "/assets/textures/bullet/norm.png" was not found!
11:37:05.962 [JavaFX Application Thread] WARN  FXGLAssetLoaderServi - Failed to load IMAGE
11:37:05.979 [JavaFX Application Thread] WARN  FXGLAssetLoaderServi - Asset "/assets/textures/bullet/norm.png" was not found!
11:37:05.979 [JavaFX Application Thread] WARN  FXGLAssetLoaderServi - Failed to load IMAGE
11:37:05.996 [JavaFX Application Thread] WARN  FXGLAssetLoaderServi - Asset "/assets/textures/bullet/norm.png" was not found!
11:37:05.996 [JavaFX Application Thread] WARN  FXGLAssetLoaderServi - Failed to load IMAGE
11:37:06.012 [JavaFX Application Thread] WARN  FXGLAssetLoaderServi - Asset "/assets/textures/bullet/norm.png" was not found!
11:37:06.012 [JavaFX Application Thread] WARN  FXGLAssetLoaderServi - Failed to load IMAGE
11:37:06.029 [JavaFX Application Thread] WARN  FXGLAssetLoaderServi - Asset "/assets/textures/bullet/norm.png" was not found!
11:37:06.029 [JavaFX Application Thread] WARN  FXGLAssetLoaderServi - Failed to load IMAGE
11:37:06.046 [JavaFX Application Thread] WARN  FXGLAssetLoaderServi - Asset "/assets/textures/bullet/norm.png" was not found!
11:37:06.046 [JavaFX Application Thread] WARN  FXGLAssetLoaderServi - Failed to load IMAGE
11:37:06.062 [JavaFX Application Thread] WARN  FXGLAssetLoaderServi - Asset "/assets/textures/bullet/norm.png" was not found!
11:37:06.062 [JavaFX Application Thread] WARN  FXGLAssetLoaderServi - Failed to load IMAGE
11:37:06.079 [JavaFX Application Thread] WARN  FXGLAssetLoaderServi - Asset "/assets/textures/bullet/norm.png" was not found!
11:37:06.079 [JavaFX Application Thread] WARN  FXGLAssetLoaderServi - Failed to load IMAGE
11:37:06.096 [JavaFX Application Thread] WARN  FXGLAssetLoaderServi - Asset "/assets/textures/bullet/norm.png" was not found!
11:37:06.096 [JavaFX Application Thread] WARN  FXGLAssetLoaderServi - Failed to load IMAGE
11:37:13.913 [JavaFX Application Thread] DEBUG FXGLApplication      - Exiting FXGL
11:37:13.913 [JavaFX Application Thread] DEBUG LoopRunner           - Stopping loop
11:37:13.914 [JavaFX Application Thread] DEBUG SystemBundleService  - Saving FXGL system data
11:37:13.916 [JavaFX Application Thread] DEBUG FileSystemAccess     - Writing to: /Users/dy/Desktop/alfa/Java/Projectarbeit/Tanks/system/fxgl.bundle
11:37:13.918 [JavaFX Application Thread] DEBUG Async                - Shutting down background threads
11:37:13.918 [JavaFX Application Thread] DEBUG PrimaryStageWindow   - Closing main window
11:37:13.928 [JavaFX Application Thread] DEBUG Logger               - Closing Logger
