14:27:30.894 [main                     ] DEBUG Logger               - Configured Logger
14:27:30.955 [main                     ] DEBUG GameApplication      - Logging settings
Title: Battle Tanks
Version: 1.0
Width: 816
Height: 672
Fullscreen: false
Intro: false
Profiling: false
Single step:false
App Mode: DEVELOPER
Menu Key: ESCAPE
Stage Style: DECORATED
Scene Factory: class com.almasb.fxgl.app.scene.SceneFactory

14:27:31.532 [JavaFX Application Thread] DEBUG FXGLApplication      - Initializing FXGL
14:27:31.540 [JavaFX Application Thread] INFO  Engine               - FXGL-21.1 (27.03.2024 07.52) on MAC (J:22.0.2 FX:22.0.1)
14:27:31.541 [JavaFX Application Thread] DEBUG Engine               - JRE Vendor Name: Oracle Corporation
14:27:31.541 [JavaFX Application Thread] DEBUG Engine               - Running on OS: Mac OS X version 14.6.1
14:27:31.541 [JavaFX Application Thread] DEBUG Engine               - Architecture: x86_64
14:27:31.541 [JavaFX Application Thread] INFO  Engine               - Source code and latest versions at: https://github.com/AlmasB/FXGL
14:27:31.542 [JavaFX Application Thread] INFO  Engine               -       Ask questions and discuss at: https://github.com/AlmasB/FXGL/discussions
14:27:31.542 [JavaFX Application Thread] INFO  Engine               -              Join the FXGL chat at: https://gitter.im/AlmasB/FXGL
14:27:31.658 [JavaFX Application Thread] DEBUG PrimaryStageWindow   - Creating a JavaFX scene
14:27:31.718 [JavaFX Application Thread] DEBUG PrimaryStageWindow   - Target settings size: 816.0 x 672.0
14:27:31.718 [JavaFX Application Thread] DEBUG PrimaryStageWindow   - Scaled scene size:    816.0 x 672.0
14:27:31.719 [JavaFX Application Thread] DEBUG PrimaryStageWindow   - Scaled ratio: (1.0, 1.0)
14:27:31.720 [JavaFX Application Thread] DEBUG PrimaryStageWindow   - Set initial scene to FXGLStartupScene
14:27:31.724 [JavaFX Application Thread] DEBUG PrimaryStageWindow   - Opening main window
14:27:31.860 [JavaFX Application Thread] DEBUG PrimaryStageWindow   - Window border size: (0.0, 28.0)
14:27:31.861 [JavaFX Application Thread] DEBUG PrimaryStageWindow   - Scaled size: 816.0 x 672.0
14:27:31.861 [JavaFX Application Thread] DEBUG PrimaryStageWindow   - Scaled ratio: (1.0, 1.0)
14:27:31.862 [JavaFX Application Thread] DEBUG PrimaryStageWindow   - Scene size: 816.0 x 672.0
14:27:31.862 [JavaFX Application Thread] DEBUG PrimaryStageWindow   - Stage size: 816.0 x 700.0
14:27:31.872 [FXGL Background Thread 1 ] DEBUG Engine               - Initializing environment variables
14:27:31.968 [FXGL Background Thread 1 ] DEBUG FXGLAssetLoaderServi - User app class for loading assets: class de.dywebstudio.tanks.TankApp
14:27:31.969 [FXGL Background Thread 1 ] DEBUG GameApplicationServi - Applying CSS: fxgl_dark.css
14:27:31.970 [FXGL Background Thread 1 ] DEBUG FXGLAssetLoaderServi - Loading from file system: jar:file:///Users/dy/.m2/repository/com/github/almasb/fxgl/21.1/fxgl-21.1.jar!/fxglassets/ui/css/fxgl_dark.css
14:27:32.060 [FXGL Background Thread 1 ] DEBUG GameApplicationServi - Initializing application scenes
14:27:32.441 [FXGL Background Thread 1 ] DEBUG GameWorld            - Game world initialized
14:27:32.497 [FXGL Background Thread 1 ] DEBUG PhysicsWorld         - Physics world initialized: appHeight=672, physics.ppm=50,0
14:27:32.497 [FXGL Background Thread 1 ] DEBUG PhysicsWorld         - Using strategy: BRUTE_FORCE
14:27:32.502 [FXGL Background Thread 1 ] DEBUG GameScene            - Game scene initialized: 816x672
14:27:32.515 [FXGL Background Thread 1 ] DEBUG FXGL.DefaultMenu     - createMenuBodyMainMenu()
14:27:32.536 [FXGL Background Thread 1 ] DEBUG FXGL.DefaultMenu     - createOptionsMenu()
14:27:32.546 [FXGL Background Thread 1 ] DEBUG FXGLAssetLoaderServi - Loading from file system: jar:file:///Users/dy/.m2/repository/com/github/almasb/fxgl/21.1/fxgl-21.1.jar!/fxglassets/textures/particles/smoke.png
14:27:32.667 [FXGL Background Thread 1 ] DEBUG FXGLAssetLoaderServi - Loading from file system: jar:file:///Users/dy/.m2/repository/com/github/almasb/fxgl/21.1/fxgl-21.1.jar!/fxglassets/textures/particles/trace_horizontal.png
14:27:32.697 [FXGL Background Thread 1 ] DEBUG FXGL.DefaultMenu     - createMenuBodyGameMenu()
14:27:32.699 [FXGL Background Thread 1 ] DEBUG FXGL.DefaultMenu     - createOptionsMenu()
14:27:32.717 [FXGL Background Thread 1 ] DEBUG GameApplicationServi - Application scenes initialized
14:27:32.734 [FXGL Background Thread 1 ] DEBUG SystemBundleService  - Loading FXGL system data
14:27:32.739 [FXGL Background Thread 1 ] DEBUG FileSystemAccess     - Reading from: /Users/dy/Desktop/alfa/Java/Projectarbeit/Tanks/system/fxgl.bundle
14:27:32.748 [FXGL Background Thread 1 ] DEBUG SystemBundleService  - Bundle FXGL: {}
14:27:32.748 [FXGL Background Thread 1 ] DEBUG UpdaterService       - Checking for updates
14:27:32.754 [FXGL Background Thread 4 ] DEBUG FXGLApplication      - Loading fonts
14:27:32.754 [FXGL Background Thread 4 ] DEBUG FXGLAssetLoaderServi - Loading from file system: jar:file:///Users/dy/.m2/repository/com/github/almasb/fxgl/21.1/fxgl-21.1.jar!/fxglassets/ui/fonts/VarelaRound-Regular.ttf
14:27:32.755 [FXGL Background Thread 1 ] DEBUG FXGLApplication      - Loading default localization
14:27:32.755 [FXGL Background Thread 1 ] DEBUG FXGLAssetLoaderServi - Loading from file system: jar:file:///Users/dy/.m2/repository/com/github/almasb/fxgl/21.1/fxgl-21.1.jar!/fxglassets/languages/english.lang
14:27:32.775 [FXGL Background Thread 4 ] DEBUG FXGLAssetLoaderServi - Loading from file system: jar:file:///Users/dy/.m2/repository/com/github/almasb/fxgl/21.1/fxgl-21.1.jar!/fxglassets/ui/fonts/Abel-Regular.ttf
14:27:32.776 [FXGL Background Thread 1 ] INFO  FXGLApplication      - FXGL initialization took: 0,903 sec
14:27:32.779 [FXGL Background Thread 4 ] DEBUG FXGLAssetLoaderServi - Loading from file system: jar:file:///Users/dy/.m2/repository/com/github/almasb/fxgl/21.1/fxgl-21.1.jar!/fxglassets/ui/fonts/TerminalLandMono-Regular.otf
14:27:32.788 [FXGL Background Thread 4 ] DEBUG FXGLAssetLoaderServi - Loading from file system: jar:file:///Users/dy/.m2/repository/com/github/almasb/fxgl/21.1/fxgl-21.1.jar!/fxglassets/ui/fonts/Courier-Prime.ttf
14:27:32.791 [JavaFX Application Thread] DEBUG Input                - Registered new binding: action0 - W
14:27:32.791 [JavaFX Application Thread] DEBUG Input                - Registered new binding: action1 - S
14:27:32.792 [JavaFX Application Thread] DEBUG Input                - Registered new binding: action2 - A
14:27:32.792 [JavaFX Application Thread] DEBUG Input                - Registered new binding: action3 - D
14:27:32.792 [JavaFX Application Thread] DEBUG Input                - Registered new binding: action4 - Space
14:27:32.793 [JavaFX Application Thread] DEBUG FXGLAssetLoaderServi - Loading from file system: jar:file:///Users/dy/.m2/repository/com/github/almasb/fxgl/21.1/fxgl-21.1.jar!/fxglassets/textures/fxgl_icon.png
14:27:32.823 [JavaFX Application Thread] DEBUG FXGLAssetLoaderServi - Loading from file system: jar:file:///Users/dy/.m2/repository/com/github/almasb/fxgl/21.1/fxgl-21.1.jar!/fxglassets/textures/fxgl_default_cursor.png
14:27:32.825 [JavaFX Application Thread] DEBUG Input                - Registered new binding: Screenshot - CTRL+8
14:27:32.826 [JavaFX Application Thread] DEBUG Input                - Registered new binding: System info dump - CTRL+9
14:27:32.826 [JavaFX Application Thread] DEBUG Input                - Registered new binding: Restart - CTRL+R
14:27:32.827 [JavaFX Application Thread] DEBUG Input                - Registered new binding: Toggle Debug Camera - CTRL+7
14:27:32.830 [JavaFX Application Thread] DEBUG LoopRunner           - Starting loop
14:27:32.830 [JavaFX Application Thread] DEBUG LoopRunner           - Initializing JavaFX AnimationTimerLoop
14:27:32.834 [JavaFX Application Thread] DEBUG Input                - Clearing active input actions
14:27:32.844 [JavaFX Application Thread] DEBUG GameApplicationServi - Removing overlay from FXGLStartupScene and adding to FXGLMainMenuDummyScene
14:27:32.845 [JavaFX Application Thread] DEBUG PrimaryStageWindow   - FXGLStartupScene -> FXGLMainMenuDummyScene
14:27:32.846 [JavaFX Application Thread] DEBUG PrimaryStageWindow   - Push state: FXGLDefaultMenu
14:27:32.850 [JavaFX Application Thread] DEBUG Input                - Clearing active input actions
14:27:32.862 [JavaFX Application Thread] DEBUG GameApplicationServi - Removing overlay from FXGLMainMenuDummyScene and adding to FXGLDefaultMenu
14:27:32.863 [JavaFX Application Thread] DEBUG PrimaryStageWindow   - FXGLMainMenuDummyScene -> FXGLDefaultMenu
14:27:32.888 [JavaFX Application Thread] DEBUG FXGLApplication      - Registering font factories with UI factory
14:27:34.143 [JavaFX Application Thread] DEBUG Menu                 - fireNewGame()
14:27:34.143 [JavaFX Application Thread] DEBUG GameApplicationServi - Starting new game
14:27:34.146 [JavaFX Application Thread] DEBUG PrimaryStageWindow   - Pop state: FXGLDefaultMenu
14:27:34.147 [JavaFX Application Thread] DEBUG Input                - Clearing active input actions
14:27:34.148 [JavaFX Application Thread] DEBUG GameApplicationServi - Removing overlay from FXGLDefaultMenu and adding to FXGLMainMenuDummyScene
14:27:34.149 [JavaFX Application Thread] DEBUG PrimaryStageWindow   - FXGLMainMenuDummyScene <- FXGLDefaultMenu
14:27:34.150 [JavaFX Application Thread] DEBUG Input                - Clearing active input actions
14:27:34.159 [JavaFX Application Thread] DEBUG GameApplicationServi - Removing overlay from FXGLMainMenuDummyScene and adding to FXGLLoadingScene
14:27:34.159 [JavaFX Application Thread] DEBUG PrimaryStageWindow   - FXGLMainMenuDummyScene -> FXGLLoadingScene
14:27:34.159 [JavaFX Application Thread] DEBUG GameApplicationServi - Clearing previous game
14:27:34.159 [JavaFX Application Thread] DEBUG GameScene            - Clearing game scene
14:27:34.159 [JavaFX Application Thread] DEBUG GameWorld            - Clearing game world
14:27:34.159 [JavaFX Application Thread] DEBUG PhysicsWorld         - Clearing physics world
14:27:34.161 [FXGL Background Thread 2 ] DEBUG FXGLApplication      - Initializing game
14:27:34.236 [FXGL Background Thread 2 ] WARN  TMXLevelLoader       - TiledMap generated from 1.11.0. Supported version: 1.9.0. Some features may not be parsed fully.
14:27:34.274 [FXGL Background Thread 2 ] DEBUG TMXLevelLoader       - Parsed TiledMap: file:/Users/dy/Desktop/alfa/Java/Projectarbeit/Tanks/target/classes/assets/levels/level1.tmx
14:27:34.276 [FXGL Background Thread 2 ] DEBUG TMXLevelLoader       - Creating tile layer entities
14:27:34.277 [FXGL Background Thread 2 ] DEBUG TMXLevelLoader       - Creating object layer entities
14:27:34.339 [FXGL Background Thread 2 ] DEBUG FXGLAssetLoaderServi - Loading from file system: file:/Users/dy/Desktop/alfa/Java/Projectarbeit/Tanks/target/classes/assets/textures/items/sea_animation.png
14:27:34.525 [FXGL Background Thread 2 ] DEBUG GameWorld            - Clearing removable entities
14:27:34.526 [FXGL Background Thread 2 ] DEBUG GameWorld            - Setting level: com.almasb.fxgl.entity.level.Level@17783228
14:27:34.566 [FXGL Background Thread 2 ] DEBUG FXGLAssetLoaderServi - Loading from file system: file:/Users/dy/Desktop/alfa/Java/Projectarbeit/Tanks/target/classes/assets/textures/tanks/player.png
14:27:34.588 [FXGL Background Thread 2 ] DEBUG FXGLAssetLoaderServi - Loading from file system: file:/Users/dy/Desktop/alfa/Java/Projectarbeit/Tanks/target/classes/assets/textures/ui/enemy_info.png
14:27:34.593 [FXGL Background Thread 2 ] DEBUG FXGLAssetLoaderServi - Loading from file system: file:/Users/dy/Desktop/alfa/Java/Projectarbeit/Tanks/target/classes/assets/textures/ui/levelFlag.png
14:27:34.597 [FXGL Background Thread 2 ] DEBUG FXGLAssetLoaderServi - Loading from file system: file:/Users/dy/Desktop/alfa/Java/Projectarbeit/Tanks/target/classes/assets/textures/tanks/T3.png
14:27:34.622 [FXGL Background Thread 2 ] DEBUG FXGLAssetLoaderServi - Loading from file system: file:/Users/dy/Desktop/alfa/Java/Projectarbeit/Tanks/target/classes/assets/textures/tanks/T4.png
14:27:34.628 [FXGL Background Thread 2 ] DEBUG FXGLAssetLoaderServi - Loading from file system: file:/Users/dy/Desktop/alfa/Java/Projectarbeit/Tanks/target/classes/assets/textures/tanks/T2.png
14:27:34.633 [FXGL Background Thread 2 ] INFO  FXGLApplication      - Game initialization took: 0,472 sec
14:27:34.634 [JavaFX Application Thread] DEBUG Input                - Clearing active input actions
14:27:34.655 [JavaFX Application Thread] DEBUG GameApplicationServi - Removing overlay from FXGLLoadingScene and adding to GameScene
14:27:34.656 [JavaFX Application Thread] DEBUG PrimaryStageWindow   - FXGLLoadingScene -> GameScene
14:27:34.954 [JavaFX Application Thread] DEBUG FXGLAssetLoaderServi - Loading from file system: file:/Users/dy/Desktop/alfa/Java/Projectarbeit/Tanks/target/classes/assets/textures/items/bullet/norm.png
14:27:35.757 [FXGL Background Thread 3 ] DEBUG Engine               - Logging environment variables
14:27:35.757 [FXGL Background Thread 3 ] DEBUG Engine               - achievements: []
14:27:35.758 [FXGL Background Thread 3 ] DEBUG Engine               - actualHeight: 672.0
14:27:35.758 [FXGL Background Thread 3 ] DEBUG Engine               - actualHeightProperty: ReadOnlyDoubleProperty [value: 672.0]
14:27:35.758 [FXGL Background Thread 3 ] DEBUG Engine               - actualWidth: 816.0
14:27:35.758 [FXGL Background Thread 3 ] DEBUG Engine               - actualWidthProperty: ReadOnlyDoubleProperty [value: 816.0]
14:27:35.758 [FXGL Background Thread 3 ] DEBUG Engine               - appIcon: fxgl_icon.png
14:27:35.758 [FXGL Background Thread 3 ] DEBUG Engine               - applicationMode: DEVELOPER
14:27:35.758 [FXGL Background Thread 3 ] DEBUG Engine               - cSSList: [fxgl_dark.css]
14:27:35.758 [FXGL Background Thread 3 ] DEBUG Engine               - collisionDetectionStrategy: BRUTE_FORCE
14:27:35.758 [FXGL Background Thread 3 ] DEBUG Engine               - configClass: Optional.empty
14:27:35.758 [FXGL Background Thread 3 ] DEBUG Engine               - credits: []
14:27:35.759 [FXGL Background Thread 3 ] DEBUG Engine               - defaultCursor: CursorInfo(imageName=fxgl_default_cursor.png, hotspotX=7.0, hotspotY=6.0)
14:27:35.759 [FXGL Background Thread 3 ] DEBUG Engine               - devBBoxColorProperty: ObjectProperty [value: 0xff0000ff]
14:27:35.759 [FXGL Background Thread 3 ] DEBUG Engine               - devEnableDebugCameraProperty: BooleanProperty [value: false]
14:27:35.759 [FXGL Background Thread 3 ] DEBUG Engine               - devSensorColorProperty: ObjectProperty [value: 0xffff00ff]
14:27:35.759 [FXGL Background Thread 3 ] DEBUG Engine               - devShowBBoxProperty: BooleanProperty [value: false]
14:27:35.759 [FXGL Background Thread 3 ] DEBUG Engine               - devShowPositionProperty: BooleanProperty [value: false]
14:27:35.759 [FXGL Background Thread 3 ] DEBUG Engine               - enabledMenuItems: []
14:27:35.759 [FXGL Background Thread 3 ] DEBUG Engine               - engineServices: [class com.almasb.fxgl.app.services.FXGLAssetLoaderService, class com.almasb.fxgl.app.FXGLApplication$GameApplicationService, class com.almasb.fxgl.app.services.FXGLDialogService, class com.almasb.fxgl.app.services.IOTaskExecutorService, class com.almasb.fxgl.io.FileSystemService, class com.almasb.fxgl.localization.LocalizationService, class com.almasb.fxgl.app.services.SystemBundleService, class com.almasb.fxgl.profile.SaveLoadService, class com.almasb.fxgl.ui.FXGLUIFactoryServiceProvider, class com.almasb.fxgl.ui.FXGLDialogFactoryServiceProvider, class com.almasb.fxgl.audio.AudioPlayer, class com.almasb.fxgl.notification.impl.NotificationServiceProvider, class com.almasb.fxgl.achievement.AchievementService, class com.almasb.fxgl.cutscene.CutsceneService, class com.almasb.fxgl.minigames.MiniGameService, class com.almasb.fxgl.net.NetService, class com.almasb.fxgl.app.services.UpdaterService, class com.almasb.fxgl.dev.DevService]
14:27:35.759 [FXGL Background Thread 3 ] DEBUG Engine               - fontGame: Abel-Regular.ttf
14:27:35.759 [FXGL Background Thread 3 ] DEBUG Engine               - fontMono: TerminalLandMono-Regular.otf
14:27:35.759 [FXGL Background Thread 3 ] DEBUG Engine               - fontSizeScaleUI: 1.0
14:27:35.760 [FXGL Background Thread 3 ] DEBUG Engine               - fontText: Courier-Prime.ttf
14:27:35.760 [FXGL Background Thread 3 ] DEBUG Engine               - fontUI: VarelaRound-Regular.ttf
14:27:35.760 [FXGL Background Thread 3 ] DEBUG Engine               - fullScreen: BooleanProperty [value: false]
14:27:35.760 [FXGL Background Thread 3 ] DEBUG Engine               - gameDifficulty: MEDIUM
14:27:35.760 [FXGL Background Thread 3 ] DEBUG Engine               - gameDifficultyProperty: ObjectProperty [value: MEDIUM]
14:27:35.760 [FXGL Background Thread 3 ] DEBUG Engine               - globalMusicVolume: 0.5
14:27:35.760 [FXGL Background Thread 3 ] DEBUG Engine               - globalMusicVolumeProperty: DoubleProperty [value: 0.5]
14:27:35.760 [FXGL Background Thread 3 ] DEBUG Engine               - globalSoundVolume: 0.5
14:27:35.760 [FXGL Background Thread 3 ] DEBUG Engine               - globalSoundVolumeProperty: DoubleProperty [value: 0.5]
14:27:35.760 [FXGL Background Thread 3 ] DEBUG Engine               - height: 672
14:27:35.760 [FXGL Background Thread 3 ] DEBUG Engine               - is3D: false
14:27:35.761 [FXGL Background Thread 3 ] DEBUG Engine               - isAndroid: false
14:27:35.761 [FXGL Background Thread 3 ] DEBUG Engine               - isBrowser: false
14:27:35.761 [FXGL Background Thread 3 ] DEBUG Engine               - isClickFeedbackEnabled: false
14:27:35.761 [FXGL Background Thread 3 ] DEBUG Engine               - isCloseConfirmation: false
14:27:35.761 [FXGL Background Thread 3 ] DEBUG Engine               - isDesktop: true
14:27:35.761 [FXGL Background Thread 3 ] DEBUG Engine               - isDeveloperMenuEnabled: false
14:27:35.761 [FXGL Background Thread 3 ] DEBUG Engine               - isEmbedded: false
14:27:35.761 [FXGL Background Thread 3 ] DEBUG Engine               - isEntityPreloadEnabled: true
14:27:35.761 [FXGL Background Thread 3 ] DEBUG Engine               - isExperimentalTiledLargeMap: false
14:27:35.761 [FXGL Background Thread 3 ] DEBUG Engine               - isFileSystemWriteAllowed: true
14:27:35.762 [FXGL Background Thread 3 ] DEBUG Engine               - isFullScreenAllowed: false
14:27:35.762 [FXGL Background Thread 3 ] DEBUG Engine               - isFullScreenFromStart: false
14:27:35.762 [FXGL Background Thread 3 ] DEBUG Engine               - isGameMenuEnabled: true
14:27:35.762 [FXGL Background Thread 3 ] DEBUG Engine               - isIOS: false
14:27:35.762 [FXGL Background Thread 3 ] DEBUG Engine               - isIntroEnabled: false
14:27:35.762 [FXGL Background Thread 3 ] DEBUG Engine               - isLinux: false
14:27:35.762 [FXGL Background Thread 3 ] DEBUG Engine               - isMac: true
14:27:35.762 [FXGL Background Thread 3 ] DEBUG Engine               - isMainMenuEnabled: true
14:27:35.762 [FXGL Background Thread 3 ] DEBUG Engine               - isManualResizeEnabled: false
14:27:35.762 [FXGL Background Thread 3 ] DEBUG Engine               - isMobile: false
14:27:35.763 [FXGL Background Thread 3 ] DEBUG Engine               - isNative: false
14:27:35.763 [FXGL Background Thread 3 ] DEBUG Engine               - isPauseMusicWhenMinimized: true
14:27:35.763 [FXGL Background Thread 3 ] DEBUG Engine               - isPreserveResizeRatio: false
14:27:35.763 [FXGL Background Thread 3 ] DEBUG Engine               - isProfilingEnabled: false
14:27:35.763 [FXGL Background Thread 3 ] DEBUG Engine               - isScaleAffectedOnResize: true
14:27:35.763 [FXGL Background Thread 3 ] DEBUG Engine               - isSingleStep: false
14:27:35.763 [FXGL Background Thread 3 ] DEBUG Engine               - isUserProfileEnabled: false
14:27:35.763 [FXGL Background Thread 3 ] DEBUG Engine               - isWindows: false
14:27:35.763 [FXGL Background Thread 3 ] DEBUG Engine               - language: ObjectProperty [value: ENGLISH]
14:27:35.763 [FXGL Background Thread 3 ] DEBUG Engine               - menuKey: ESCAPE
14:27:35.764 [FXGL Background Thread 3 ] DEBUG Engine               - mouseSensitivity: 0.2
14:27:35.764 [FXGL Background Thread 3 ] DEBUG Engine               - notificationViewClass: class com.almasb.fxgl.notification.view.XboxNotificationView
14:27:35.764 [FXGL Background Thread 3 ] DEBUG Engine               - pixelsPerMeter: 50.0
14:27:35.764 [FXGL Background Thread 3 ] DEBUG Engine               - platform: MAC
14:27:35.764 [FXGL Background Thread 3 ] DEBUG Engine               - prefHeightProperty: ReadOnlyDoubleProperty [value: 672.0]
14:27:35.764 [FXGL Background Thread 3 ] DEBUG Engine               - prefWidthProperty: ReadOnlyDoubleProperty [value: 816.0]
14:27:35.764 [FXGL Background Thread 3 ] DEBUG Engine               - profileDir: profiles/
14:27:35.764 [FXGL Background Thread 3 ] DEBUG Engine               - profileName: StringProperty [value: DEFAULT]
14:27:35.764 [FXGL Background Thread 3 ] DEBUG Engine               - randomSeed: -1
14:27:35.765 [FXGL Background Thread 3 ] DEBUG Engine               - runtimeInfo: RuntimeInfo(platform=MAC, version=21.1, build=27.03.2024 07.52)
14:27:35.765 [FXGL Background Thread 3 ] DEBUG Engine               - saveFileExt: sav
14:27:35.765 [FXGL Background Thread 3 ] DEBUG Engine               - scaledHeightProp$fxgl: DoubleProperty [bound, value: 672.0]
14:27:35.765 [FXGL Background Thread 3 ] DEBUG Engine               - scaledWidthProp$fxgl: DoubleProperty [bound, value: 816.0]
14:27:35.765 [FXGL Background Thread 3 ] DEBUG Engine               - sceneFactory: com.almasb.fxgl.app.scene.SceneFactory@72ce24f0
14:27:35.765 [FXGL Background Thread 3 ] DEBUG Engine               - secondsIn24h: 60
14:27:35.766 [FXGL Background Thread 3 ] DEBUG Engine               - soundMenuBack: menu/back.wav
14:27:35.766 [FXGL Background Thread 3 ] DEBUG Engine               - soundMenuPress: menu/press.wav
14:27:35.766 [FXGL Background Thread 3 ] DEBUG Engine               - soundMenuSelect: menu/select.wav
14:27:35.766 [FXGL Background Thread 3 ] DEBUG Engine               - soundNotification: core/notification.wav
14:27:35.766 [FXGL Background Thread 3 ] DEBUG Engine               - stageStyle: DECORATED
14:27:35.766 [FXGL Background Thread 3 ] DEBUG Engine               - supportedLanguages: [ENGLISH, FRENCH, GERMAN, HUNGARIAN, RUSSIAN]
14:27:35.766 [FXGL Background Thread 3 ] DEBUG Engine               - ticksPerSecond: -1
14:27:35.766 [FXGL Background Thread 3 ] DEBUG Engine               - title: Battle Tanks
14:27:35.766 [FXGL Background Thread 3 ] DEBUG Engine               - urlGithub: https://github.com/AlmasB/FXGL
14:27:35.766 [FXGL Background Thread 3 ] DEBUG Engine               - urlLeaderboard: http://fxgl-top.herokuapp.com/
14:27:35.767 [FXGL Background Thread 3 ] DEBUG Engine               - urlPOM: https://raw.githubusercontent.com/AlmasB/FXGL/release/README.md
14:27:35.767 [FXGL Background Thread 3 ] DEBUG Engine               - userAppClass: class de.dywebstudio.tanks.TankApp
14:27:35.767 [FXGL Background Thread 3 ] DEBUG Engine               - version: 1.0
14:27:35.767 [FXGL Background Thread 3 ] DEBUG Engine               - versionCheckDays: 7
14:27:35.767 [FXGL Background Thread 3 ] DEBUG Engine               - width: 816
14:27:35.768 [FXGL Background Thread 3 ] DEBUG Engine               - Logging services
14:27:35.768 [FXGL Background Thread 3 ] DEBUG Engine               - class com.almasb.fxgl.app.services.FXGLAssetLoaderService
14:27:35.768 [FXGL Background Thread 3 ] DEBUG Engine               - class com.almasb.fxgl.app.FXGLApplication$GameApplicationService
14:27:35.768 [FXGL Background Thread 3 ] DEBUG Engine               - class com.almasb.fxgl.app.services.FXGLDialogService
14:27:35.768 [FXGL Background Thread 3 ] DEBUG Engine               - class com.almasb.fxgl.app.services.IOTaskExecutorService
14:27:35.768 [FXGL Background Thread 3 ] DEBUG Engine               - class com.almasb.fxgl.io.FileSystemService
14:27:35.769 [FXGL Background Thread 3 ] DEBUG Engine               - class com.almasb.fxgl.localization.LocalizationService
14:27:35.769 [FXGL Background Thread 3 ] DEBUG Engine               - class com.almasb.fxgl.app.services.SystemBundleService
14:27:35.769 [FXGL Background Thread 3 ] DEBUG Engine               - class com.almasb.fxgl.profile.SaveLoadService
14:27:35.769 [FXGL Background Thread 3 ] DEBUG Engine               - class com.almasb.fxgl.ui.FXGLUIFactoryServiceProvider
14:27:35.769 [FXGL Background Thread 3 ] DEBUG Engine               - class com.almasb.fxgl.ui.FXGLDialogFactoryServiceProvider
14:27:35.769 [FXGL Background Thread 3 ] DEBUG Engine               - class com.almasb.fxgl.audio.AudioPlayer
14:27:35.769 [FXGL Background Thread 3 ] DEBUG Engine               - class com.almasb.fxgl.notification.impl.NotificationServiceProvider
14:27:35.769 [FXGL Background Thread 3 ] DEBUG Engine               - class com.almasb.fxgl.achievement.AchievementService
14:27:35.769 [FXGL Background Thread 3 ] DEBUG Engine               - class com.almasb.fxgl.cutscene.CutsceneService
14:27:35.769 [FXGL Background Thread 3 ] DEBUG Engine               - class com.almasb.fxgl.minigames.MiniGameService
14:27:35.769 [FXGL Background Thread 3 ] DEBUG Engine               - class com.almasb.fxgl.net.NetService
14:27:35.769 [FXGL Background Thread 3 ] DEBUG Engine               - class com.almasb.fxgl.app.services.UpdaterService
14:27:35.769 [FXGL Background Thread 3 ] DEBUG Engine               - class com.almasb.fxgl.dev.DevService
14:27:40.011 [JavaFX Application Thread] DEBUG FXGLAssetLoaderServi - Loading from file system: file:/Users/dy/Desktop/alfa/Java/Projectarbeit/Tanks/target/classes/assets/textures/tanks/T6.png
14:27:42.027 [JavaFX Application Thread] DEBUG FXGLAssetLoaderServi - Loading from file system: file:/Users/dy/Desktop/alfa/Java/Projectarbeit/Tanks/target/classes/assets/textures/tanks/T1.png
14:27:49.300 [JavaFX Application Thread] DEBUG FXGLApplication      - Exiting FXGL
14:27:49.300 [JavaFX Application Thread] DEBUG LoopRunner           - Stopping loop
14:27:49.301 [JavaFX Application Thread] DEBUG SystemBundleService  - Saving FXGL system data
14:27:49.302 [JavaFX Application Thread] DEBUG FileSystemAccess     - Writing to: /Users/dy/Desktop/alfa/Java/Projectarbeit/Tanks/system/fxgl.bundle
14:27:49.305 [JavaFX Application Thread] DEBUG Async                - Shutting down background threads
14:27:49.305 [JavaFX Application Thread] DEBUG PrimaryStageWindow   - Closing main window
14:27:49.317 [JavaFX Application Thread] DEBUG Logger               - Closing Logger
