15:08:46.518 [main                     ] DEBUG Logger               - Configured Logger
15:08:46.579 [main                     ] DEBUG GameApplication      - Logging settings
Title: Tank
Version: 1.0
Width: 816
Height: 672
Fullscreen: false
Intro: false
Profiling: false
Single step:false
App Mode: DEVELOPER
Menu Key: ESCAPE
Stage Style: DECORATED
Scene Factory: class com.almasb.fxgl.app.scene.SceneFactory

15:08:47.224 [JavaFX Application Thread] DEBUG FXGLApplication      - Initializing FXGL
15:08:47.230 [JavaFX Application Thread] INFO  Engine               - FXGL-21.1 (27.03.2024 07.52) on MAC (J:22.0.2 FX:22.0.1)
15:08:47.230 [JavaFX Application Thread] DEBUG Engine               - JRE Vendor Name: Oracle Corporation
15:08:47.231 [JavaFX Application Thread] DEBUG Engine               - Running on OS: Mac OS X version 14.6.1
15:08:47.231 [JavaFX Application Thread] DEBUG Engine               - Architecture: x86_64
15:08:47.231 [JavaFX Application Thread] INFO  Engine               - Source code and latest versions at: https://github.com/AlmasB/FXGL
15:08:47.232 [JavaFX Application Thread] INFO  Engine               -       Ask questions and discuss at: https://github.com/AlmasB/FXGL/discussions
15:08:47.232 [JavaFX Application Thread] INFO  Engine               -              Join the FXGL chat at: https://gitter.im/AlmasB/FXGL
15:08:47.370 [JavaFX Application Thread] DEBUG PrimaryStageWindow   - Creating a JavaFX scene
15:08:47.446 [JavaFX Application Thread] DEBUG PrimaryStageWindow   - Target settings size: 816.0 x 672.0
15:08:47.446 [JavaFX Application Thread] DEBUG PrimaryStageWindow   - Scaled scene size:    816.0 x 672.0
15:08:47.447 [JavaFX Application Thread] DEBUG PrimaryStageWindow   - Scaled ratio: (1.0, 1.0)
15:08:47.448 [JavaFX Application Thread] DEBUG PrimaryStageWindow   - Set initial scene to FXGLStartupScene
15:08:47.454 [JavaFX Application Thread] DEBUG PrimaryStageWindow   - Opening main window
15:08:47.600 [JavaFX Application Thread] DEBUG PrimaryStageWindow   - Window border size: (0.0, 28.0)
15:08:47.600 [JavaFX Application Thread] DEBUG PrimaryStageWindow   - Scaled size: 816.0 x 672.0
15:08:47.601 [JavaFX Application Thread] DEBUG PrimaryStageWindow   - Scaled ratio: (1.0, 1.0)
15:08:47.601 [JavaFX Application Thread] DEBUG PrimaryStageWindow   - Scene size: 816.0 x 672.0
15:08:47.602 [JavaFX Application Thread] DEBUG PrimaryStageWindow   - Stage size: 816.0 x 700.0
15:08:47.617 [FXGL Background Thread 1 ] DEBUG Engine               - Initializing environment variables
15:08:47.810 [FXGL Background Thread 1 ] DEBUG FXGLAssetLoaderServi - User app class for loading assets: class de.dywebstudio.tanks.TankApp
15:08:47.810 [FXGL Background Thread 1 ] DEBUG GameApplicationServi - Applying CSS: fxgl_dark.css
15:08:47.815 [FXGL Background Thread 1 ] DEBUG FXGLAssetLoaderServi - Loading from file system: jar:file:///Users/dy/.m2/repository/com/github/almasb/fxgl/21.1/fxgl-21.1.jar!/fxglassets/ui/css/fxgl_dark.css
15:08:48.026 [FXGL Background Thread 1 ] DEBUG GameApplicationServi - Initializing application scenes
15:08:48.484 [FXGL Background Thread 1 ] DEBUG GameWorld            - Game world initialized
15:08:48.650 [FXGL Background Thread 1 ] DEBUG PhysicsWorld         - Physics world initialized: appHeight=672, physics.ppm=50,0
15:08:48.651 [FXGL Background Thread 1 ] DEBUG PhysicsWorld         - Using strategy: BRUTE_FORCE
15:08:48.659 [FXGL Background Thread 1 ] DEBUG GameScene            - Game scene initialized: 816x672
15:08:48.682 [FXGL Background Thread 1 ] DEBUG FXGL.DefaultMenu     - createMenuBodyMainMenu()
15:08:48.717 [FXGL Background Thread 1 ] DEBUG FXGL.DefaultMenu     - createOptionsMenu()
15:08:48.739 [FXGL Background Thread 1 ] DEBUG FXGLAssetLoaderServi - Loading from file system: jar:file:///Users/dy/.m2/repository/com/github/almasb/fxgl/21.1/fxgl-21.1.jar!/fxglassets/textures/particles/smoke.png
15:08:48.907 [FXGL Background Thread 1 ] DEBUG FXGLAssetLoaderServi - Loading from file system: jar:file:///Users/dy/.m2/repository/com/github/almasb/fxgl/21.1/fxgl-21.1.jar!/fxglassets/textures/particles/trace_horizontal.png
15:08:48.937 [FXGL Background Thread 1 ] DEBUG FXGL.DefaultMenu     - createMenuBodyGameMenu()
15:08:48.942 [FXGL Background Thread 1 ] DEBUG FXGL.DefaultMenu     - createOptionsMenu()
15:08:48.968 [FXGL Background Thread 1 ] DEBUG GameApplicationServi - Application scenes initialized
15:08:48.999 [FXGL Background Thread 1 ] DEBUG SystemBundleService  - Loading FXGL system data
15:08:49.008 [FXGL Background Thread 1 ] DEBUG FileSystemAccess     - Reading from: /Users/dy/Desktop/alfa/Java/Projectarbeit/Tanks/system/fxgl.bundle
15:08:49.020 [FXGL Background Thread 1 ] DEBUG SystemBundleService  - Bundle FXGL: {}
15:08:49.020 [FXGL Background Thread 1 ] DEBUG UpdaterService       - Checking for updates
15:08:49.030 [FXGL Background Thread 4 ] DEBUG FXGLApplication      - Loading fonts
15:08:49.031 [FXGL Background Thread 4 ] DEBUG FXGLAssetLoaderServi - Loading from file system: jar:file:///Users/dy/.m2/repository/com/github/almasb/fxgl/21.1/fxgl-21.1.jar!/fxglassets/ui/fonts/VarelaRound-Regular.ttf
15:08:49.032 [FXGL Background Thread 1 ] DEBUG FXGLApplication      - Loading default localization
15:08:49.033 [FXGL Background Thread 1 ] DEBUG FXGLAssetLoaderServi - Loading from file system: jar:file:///Users/dy/.m2/repository/com/github/almasb/fxgl/21.1/fxgl-21.1.jar!/fxglassets/languages/english.lang
15:08:49.060 [FXGL Background Thread 4 ] DEBUG FXGLAssetLoaderServi - Loading from file system: jar:file:///Users/dy/.m2/repository/com/github/almasb/fxgl/21.1/fxgl-21.1.jar!/fxglassets/ui/fonts/Abel-Regular.ttf
15:08:49.063 [FXGL Background Thread 1 ] INFO  FXGLApplication      - FXGL initialization took: 1,446 sec
15:08:49.066 [FXGL Background Thread 4 ] DEBUG FXGLAssetLoaderServi - Loading from file system: jar:file:///Users/dy/.m2/repository/com/github/almasb/fxgl/21.1/fxgl-21.1.jar!/fxglassets/ui/fonts/TerminalLandMono-Regular.otf
15:08:49.072 [FXGL Background Thread 4 ] DEBUG FXGLAssetLoaderServi - Loading from file system: jar:file:///Users/dy/.m2/repository/com/github/almasb/fxgl/21.1/fxgl-21.1.jar!/fxglassets/ui/fonts/Courier-Prime.ttf
15:08:49.078 [JavaFX Application Thread] DEBUG Input                - Registered new binding: action0 - W
15:08:49.079 [JavaFX Application Thread] DEBUG Input                - Registered new binding: action1 - S
15:08:49.080 [JavaFX Application Thread] DEBUG Input                - Registered new binding: action2 - A
15:08:49.080 [JavaFX Application Thread] DEBUG Input                - Registered new binding: action3 - D
15:08:49.081 [JavaFX Application Thread] DEBUG Input                - Registered new binding: action4 - Space
15:08:49.082 [JavaFX Application Thread] DEBUG FXGLAssetLoaderServi - Loading from file system: jar:file:///Users/dy/.m2/repository/com/github/almasb/fxgl/21.1/fxgl-21.1.jar!/fxglassets/textures/fxgl_icon.png
15:08:49.123 [JavaFX Application Thread] DEBUG FXGLAssetLoaderServi - Loading from file system: jar:file:///Users/dy/.m2/repository/com/github/almasb/fxgl/21.1/fxgl-21.1.jar!/fxglassets/textures/fxgl_default_cursor.png
15:08:49.127 [JavaFX Application Thread] DEBUG Input                - Registered new binding: Screenshot - CTRL+8
15:08:49.129 [JavaFX Application Thread] DEBUG Input                - Registered new binding: System info dump - CTRL+9
15:08:49.130 [JavaFX Application Thread] DEBUG Input                - Registered new binding: Restart - CTRL+R
15:08:49.132 [JavaFX Application Thread] DEBUG Input                - Registered new binding: Toggle Debug Camera - CTRL+7
15:08:49.136 [JavaFX Application Thread] DEBUG LoopRunner           - Starting loop
15:08:49.136 [JavaFX Application Thread] DEBUG LoopRunner           - Initializing JavaFX AnimationTimerLoop
15:08:49.140 [JavaFX Application Thread] DEBUG Input                - Clearing active input actions
15:08:49.153 [JavaFX Application Thread] DEBUG GameApplicationServi - Removing overlay from FXGLStartupScene and adding to FXGLMainMenuDummyScene
15:08:49.153 [JavaFX Application Thread] DEBUG PrimaryStageWindow   - FXGLStartupScene -> FXGLMainMenuDummyScene
15:08:49.154 [JavaFX Application Thread] DEBUG PrimaryStageWindow   - Push state: FXGLDefaultMenu
15:08:49.159 [JavaFX Application Thread] DEBUG Input                - Clearing active input actions
15:08:49.173 [JavaFX Application Thread] DEBUG GameApplicationServi - Removing overlay from FXGLMainMenuDummyScene and adding to FXGLDefaultMenu
15:08:49.173 [JavaFX Application Thread] DEBUG PrimaryStageWindow   - FXGLMainMenuDummyScene -> FXGLDefaultMenu
15:08:49.220 [JavaFX Application Thread] DEBUG FXGLApplication      - Registering font factories with UI factory
15:08:50.716 [JavaFX Application Thread] DEBUG Menu                 - fireNewGame()
15:08:50.716 [JavaFX Application Thread] DEBUG GameApplicationServi - Starting new game
15:08:50.718 [JavaFX Application Thread] DEBUG PrimaryStageWindow   - Pop state: FXGLDefaultMenu
15:08:50.719 [JavaFX Application Thread] DEBUG Input                - Clearing active input actions
15:08:50.720 [JavaFX Application Thread] DEBUG GameApplicationServi - Removing overlay from FXGLDefaultMenu and adding to FXGLMainMenuDummyScene
15:08:50.721 [JavaFX Application Thread] DEBUG PrimaryStageWindow   - FXGLMainMenuDummyScene <- FXGLDefaultMenu
15:08:50.722 [JavaFX Application Thread] DEBUG Input                - Clearing active input actions
15:08:50.734 [JavaFX Application Thread] DEBUG GameApplicationServi - Removing overlay from FXGLMainMenuDummyScene and adding to FXGLLoadingScene
15:08:50.734 [JavaFX Application Thread] DEBUG PrimaryStageWindow   - FXGLMainMenuDummyScene -> FXGLLoadingScene
15:08:50.734 [JavaFX Application Thread] DEBUG GameApplicationServi - Clearing previous game
15:08:50.735 [JavaFX Application Thread] DEBUG GameScene            - Clearing game scene
15:08:50.735 [JavaFX Application Thread] DEBUG GameWorld            - Clearing game world
15:08:50.735 [JavaFX Application Thread] DEBUG PhysicsWorld         - Clearing physics world
15:08:50.736 [FXGL Background Thread 2 ] DEBUG FXGLApplication      - Initializing game
15:08:50.824 [FXGL Background Thread 2 ] WARN  TMXLevelLoader       - TiledMap generated from 1.11.0. Supported version: 1.9.0. Some features may not be parsed fully.
15:08:50.866 [FXGL Background Thread 2 ] DEBUG TMXLevelLoader       - Parsed TiledMap: file:/Users/dy/Desktop/alfa/Java/Projectarbeit/Tanks/target/classes/assets/levels/level1.tmx
15:08:50.868 [FXGL Background Thread 2 ] DEBUG TMXLevelLoader       - Creating tile layer entities
15:08:50.869 [FXGL Background Thread 2 ] DEBUG TMXLevelLoader       - Creating object layer entities
15:08:50.928 [FXGL Background Thread 2 ] DEBUG FXGLAssetLoaderServi - Loading from file system: file:/Users/dy/Desktop/alfa/Java/Projectarbeit/Tanks/target/classes/assets/textures/items/sea_animation.png
15:08:51.085 [FXGL Background Thread 2 ] DEBUG GameWorld            - Clearing removable entities
15:08:51.087 [FXGL Background Thread 2 ] DEBUG GameWorld            - Setting level: com.almasb.fxgl.entity.level.Level@4839cbed
15:08:51.123 [FXGL Background Thread 2 ] DEBUG FXGLAssetLoaderServi - Loading from file system: file:/Users/dy/Desktop/alfa/Java/Projectarbeit/Tanks/target/classes/assets/textures/tanks/player.png
15:08:51.133 [FXGL Background Thread 2 ] DEBUG FXGLAssetLoaderServi - Loading from file system: file:/Users/dy/Desktop/alfa/Java/Projectarbeit/Tanks/target/classes/assets/textures/tanks/T2.png
15:08:51.137 [FXGL Background Thread 2 ] DEBUG FXGLAssetLoaderServi - Loading from file system: file:/Users/dy/Desktop/alfa/Java/Projectarbeit/Tanks/target/classes/assets/textures/tanks/T1.png
15:08:51.142 [FXGL Background Thread 2 ] DEBUG FXGLAssetLoaderServi - Loading from file system: file:/Users/dy/Desktop/alfa/Java/Projectarbeit/Tanks/target/classes/assets/textures/tanks/T4.png
15:08:51.148 [FXGL Background Thread 2 ] INFO  FXGLApplication      - Game initialization took: 0,412 sec
15:08:51.148 [JavaFX Application Thread] DEBUG Input                - Clearing active input actions
15:08:51.168 [JavaFX Application Thread] DEBUG GameApplicationServi - Removing overlay from FXGLLoadingScene and adding to GameScene
15:08:51.168 [JavaFX Application Thread] DEBUG PrimaryStageWindow   - FXGLLoadingScene -> GameScene
15:08:51.667 [JavaFX Application Thread] DEBUG FXGLAssetLoaderServi - Loading from file system: file:/Users/dy/Desktop/alfa/Java/Projectarbeit/Tanks/target/classes/assets/textures/items/bullet/norm.png
15:08:52.030 [FXGL Background Thread 3 ] DEBUG Engine               - Logging environment variables
15:08:52.031 [FXGL Background Thread 3 ] DEBUG Engine               - achievements: []
15:08:52.031 [FXGL Background Thread 3 ] DEBUG Engine               - actualHeight: 672.0
15:08:52.031 [FXGL Background Thread 3 ] DEBUG Engine               - actualHeightProperty: ReadOnlyDoubleProperty [value: 672.0]
15:08:52.031 [FXGL Background Thread 3 ] DEBUG Engine               - actualWidth: 816.0
15:08:52.032 [FXGL Background Thread 3 ] DEBUG Engine               - actualWidthProperty: ReadOnlyDoubleProperty [value: 816.0]
15:08:52.032 [FXGL Background Thread 3 ] DEBUG Engine               - appIcon: fxgl_icon.png
15:08:52.032 [FXGL Background Thread 3 ] DEBUG Engine               - applicationMode: DEVELOPER
15:08:52.032 [FXGL Background Thread 3 ] DEBUG Engine               - cSSList: [fxgl_dark.css]
15:08:52.032 [FXGL Background Thread 3 ] DEBUG Engine               - collisionDetectionStrategy: BRUTE_FORCE
15:08:52.032 [FXGL Background Thread 3 ] DEBUG Engine               - configClass: Optional.empty
15:08:52.032 [FXGL Background Thread 3 ] DEBUG Engine               - credits: []
15:08:52.033 [FXGL Background Thread 3 ] DEBUG Engine               - defaultCursor: CursorInfo(imageName=fxgl_default_cursor.png, hotspotX=7.0, hotspotY=6.0)
15:08:52.033 [FXGL Background Thread 3 ] DEBUG Engine               - devBBoxColorProperty: ObjectProperty [value: 0xff0000ff]
15:08:52.033 [FXGL Background Thread 3 ] DEBUG Engine               - devEnableDebugCameraProperty: BooleanProperty [value: false]
15:08:52.033 [FXGL Background Thread 3 ] DEBUG Engine               - devSensorColorProperty: ObjectProperty [value: 0xffff00ff]
15:08:52.033 [FXGL Background Thread 3 ] DEBUG Engine               - devShowBBoxProperty: BooleanProperty [value: false]
15:08:52.033 [FXGL Background Thread 3 ] DEBUG Engine               - devShowPositionProperty: BooleanProperty [value: false]
15:08:52.034 [FXGL Background Thread 3 ] DEBUG Engine               - enabledMenuItems: []
15:08:52.034 [FXGL Background Thread 3 ] DEBUG Engine               - engineServices: [class com.almasb.fxgl.app.services.FXGLAssetLoaderService, class com.almasb.fxgl.app.FXGLApplication$GameApplicationService, class com.almasb.fxgl.app.services.FXGLDialogService, class com.almasb.fxgl.app.services.IOTaskExecutorService, class com.almasb.fxgl.io.FileSystemService, class com.almasb.fxgl.localization.LocalizationService, class com.almasb.fxgl.app.services.SystemBundleService, class com.almasb.fxgl.profile.SaveLoadService, class com.almasb.fxgl.ui.FXGLUIFactoryServiceProvider, class com.almasb.fxgl.ui.FXGLDialogFactoryServiceProvider, class com.almasb.fxgl.audio.AudioPlayer, class com.almasb.fxgl.notification.impl.NotificationServiceProvider, class com.almasb.fxgl.achievement.AchievementService, class com.almasb.fxgl.cutscene.CutsceneService, class com.almasb.fxgl.minigames.MiniGameService, class com.almasb.fxgl.net.NetService, class com.almasb.fxgl.app.services.UpdaterService, class com.almasb.fxgl.dev.DevService]
15:08:52.034 [FXGL Background Thread 3 ] DEBUG Engine               - fontGame: Abel-Regular.ttf
15:08:52.034 [FXGL Background Thread 3 ] DEBUG Engine               - fontMono: TerminalLandMono-Regular.otf
15:08:52.034 [FXGL Background Thread 3 ] DEBUG Engine               - fontSizeScaleUI: 1.0
15:08:52.034 [FXGL Background Thread 3 ] DEBUG Engine               - fontText: Courier-Prime.ttf
15:08:52.034 [FXGL Background Thread 3 ] DEBUG Engine               - fontUI: VarelaRound-Regular.ttf
15:08:52.035 [FXGL Background Thread 3 ] DEBUG Engine               - fullScreen: BooleanProperty [value: false]
15:08:52.035 [FXGL Background Thread 3 ] DEBUG Engine               - gameDifficulty: MEDIUM
15:08:52.035 [FXGL Background Thread 3 ] DEBUG Engine               - gameDifficultyProperty: ObjectProperty [value: MEDIUM]
15:08:52.035 [FXGL Background Thread 3 ] DEBUG Engine               - globalMusicVolume: 0.5
15:08:52.036 [FXGL Background Thread 3 ] DEBUG Engine               - globalMusicVolumeProperty: DoubleProperty [value: 0.5]
15:08:52.036 [FXGL Background Thread 3 ] DEBUG Engine               - globalSoundVolume: 0.5
15:08:52.036 [FXGL Background Thread 3 ] DEBUG Engine               - globalSoundVolumeProperty: DoubleProperty [value: 0.5]
15:08:52.036 [FXGL Background Thread 3 ] DEBUG Engine               - height: 672
15:08:52.036 [FXGL Background Thread 3 ] DEBUG Engine               - is3D: false
15:08:52.036 [FXGL Background Thread 3 ] DEBUG Engine               - isAndroid: false
15:08:52.036 [FXGL Background Thread 3 ] DEBUG Engine               - isBrowser: false
15:08:52.036 [FXGL Background Thread 3 ] DEBUG Engine               - isClickFeedbackEnabled: false
15:08:52.036 [FXGL Background Thread 3 ] DEBUG Engine               - isCloseConfirmation: false
15:08:52.037 [FXGL Background Thread 3 ] DEBUG Engine               - isDesktop: true
15:08:52.037 [FXGL Background Thread 3 ] DEBUG Engine               - isDeveloperMenuEnabled: false
15:08:52.037 [FXGL Background Thread 3 ] DEBUG Engine               - isEmbedded: false
15:08:52.037 [FXGL Background Thread 3 ] DEBUG Engine               - isEntityPreloadEnabled: true
15:08:52.037 [FXGL Background Thread 3 ] DEBUG Engine               - isExperimentalTiledLargeMap: false
15:08:52.037 [FXGL Background Thread 3 ] DEBUG Engine               - isFileSystemWriteAllowed: true
15:08:52.037 [FXGL Background Thread 3 ] DEBUG Engine               - isFullScreenAllowed: false
15:08:52.037 [FXGL Background Thread 3 ] DEBUG Engine               - isFullScreenFromStart: false
15:08:52.037 [FXGL Background Thread 3 ] DEBUG Engine               - isGameMenuEnabled: true
15:08:52.037 [FXGL Background Thread 3 ] DEBUG Engine               - isIOS: false
15:08:52.037 [FXGL Background Thread 3 ] DEBUG Engine               - isIntroEnabled: false
15:08:52.037 [FXGL Background Thread 3 ] DEBUG Engine               - isLinux: false
15:08:52.037 [FXGL Background Thread 3 ] DEBUG Engine               - isMac: true
15:08:52.037 [FXGL Background Thread 3 ] DEBUG Engine               - isMainMenuEnabled: true
15:08:52.037 [FXGL Background Thread 3 ] DEBUG Engine               - isManualResizeEnabled: false
15:08:52.037 [FXGL Background Thread 3 ] DEBUG Engine               - isMobile: false
15:08:52.037 [FXGL Background Thread 3 ] DEBUG Engine               - isNative: false
15:08:52.037 [FXGL Background Thread 3 ] DEBUG Engine               - isPauseMusicWhenMinimized: true
15:08:52.037 [FXGL Background Thread 3 ] DEBUG Engine               - isPreserveResizeRatio: false
15:08:52.038 [FXGL Background Thread 3 ] DEBUG Engine               - isProfilingEnabled: false
15:08:52.038 [FXGL Background Thread 3 ] DEBUG Engine               - isScaleAffectedOnResize: true
15:08:52.038 [FXGL Background Thread 3 ] DEBUG Engine               - isSingleStep: false
15:08:52.038 [FXGL Background Thread 3 ] DEBUG Engine               - isUserProfileEnabled: false
15:08:52.038 [FXGL Background Thread 3 ] DEBUG Engine               - isWindows: false
15:08:52.038 [FXGL Background Thread 3 ] DEBUG Engine               - language: ObjectProperty [value: ENGLISH]
15:08:52.038 [FXGL Background Thread 3 ] DEBUG Engine               - menuKey: ESCAPE
15:08:52.038 [FXGL Background Thread 3 ] DEBUG Engine               - mouseSensitivity: 0.2
15:08:52.038 [FXGL Background Thread 3 ] DEBUG Engine               - notificationViewClass: class com.almasb.fxgl.notification.view.XboxNotificationView
15:08:52.038 [FXGL Background Thread 3 ] DEBUG Engine               - pixelsPerMeter: 50.0
15:08:52.038 [FXGL Background Thread 3 ] DEBUG Engine               - platform: MAC
15:08:52.038 [FXGL Background Thread 3 ] DEBUG Engine               - prefHeightProperty: ReadOnlyDoubleProperty [value: 672.0]
15:08:52.038 [FXGL Background Thread 3 ] DEBUG Engine               - prefWidthProperty: ReadOnlyDoubleProperty [value: 816.0]
15:08:52.039 [FXGL Background Thread 3 ] DEBUG Engine               - profileDir: profiles/
15:08:52.039 [FXGL Background Thread 3 ] DEBUG Engine               - profileName: StringProperty [value: DEFAULT]
15:08:52.039 [FXGL Background Thread 3 ] DEBUG Engine               - randomSeed: -1
15:08:52.039 [FXGL Background Thread 3 ] DEBUG Engine               - runtimeInfo: RuntimeInfo(platform=MAC, version=21.1, build=27.03.2024 07.52)
15:08:52.039 [FXGL Background Thread 3 ] DEBUG Engine               - saveFileExt: sav
15:08:52.039 [FXGL Background Thread 3 ] DEBUG Engine               - scaledHeightProp$fxgl: DoubleProperty [bound, value: 672.0]
15:08:52.040 [FXGL Background Thread 3 ] DEBUG Engine               - scaledWidthProp$fxgl: DoubleProperty [bound, value: 816.0]
15:08:52.040 [FXGL Background Thread 3 ] DEBUG Engine               - sceneFactory: com.almasb.fxgl.app.scene.SceneFactory@5f3a2169
15:08:52.040 [FXGL Background Thread 3 ] DEBUG Engine               - secondsIn24h: 60
15:08:52.040 [FXGL Background Thread 3 ] DEBUG Engine               - soundMenuBack: menu/back.wav
15:08:52.040 [FXGL Background Thread 3 ] DEBUG Engine               - soundMenuPress: menu/press.wav
15:08:52.040 [FXGL Background Thread 3 ] DEBUG Engine               - soundMenuSelect: menu/select.wav
15:08:52.040 [FXGL Background Thread 3 ] DEBUG Engine               - soundNotification: core/notification.wav
15:08:52.040 [FXGL Background Thread 3 ] DEBUG Engine               - stageStyle: DECORATED
15:08:52.040 [FXGL Background Thread 3 ] DEBUG Engine               - supportedLanguages: [ENGLISH, FRENCH, GERMAN, HUNGARIAN, RUSSIAN]
15:08:52.041 [FXGL Background Thread 3 ] DEBUG Engine               - ticksPerSecond: -1
15:08:52.041 [FXGL Background Thread 3 ] DEBUG Engine               - title: Tank
15:08:52.041 [FXGL Background Thread 3 ] DEBUG Engine               - urlGithub: https://github.com/AlmasB/FXGL
15:08:52.041 [FXGL Background Thread 3 ] DEBUG Engine               - urlLeaderboard: http://fxgl-top.herokuapp.com/
15:08:52.041 [FXGL Background Thread 3 ] DEBUG Engine               - urlPOM: https://raw.githubusercontent.com/AlmasB/FXGL/release/README.md
15:08:52.041 [FXGL Background Thread 3 ] DEBUG Engine               - userAppClass: class de.dywebstudio.tanks.TankApp
15:08:52.041 [FXGL Background Thread 3 ] DEBUG Engine               - version: 1.0
15:08:52.041 [FXGL Background Thread 3 ] DEBUG Engine               - versionCheckDays: 7
15:08:52.041 [FXGL Background Thread 3 ] DEBUG Engine               - width: 816
15:08:52.041 [FXGL Background Thread 3 ] DEBUG Engine               - Logging services
15:08:52.041 [FXGL Background Thread 3 ] DEBUG Engine               - class com.almasb.fxgl.app.services.FXGLAssetLoaderService
15:08:52.042 [FXGL Background Thread 3 ] DEBUG Engine               - class com.almasb.fxgl.app.FXGLApplication$GameApplicationService
15:08:52.042 [FXGL Background Thread 3 ] DEBUG Engine               - class com.almasb.fxgl.app.services.FXGLDialogService
15:08:52.042 [FXGL Background Thread 3 ] DEBUG Engine               - class com.almasb.fxgl.app.services.IOTaskExecutorService
15:08:52.042 [FXGL Background Thread 3 ] DEBUG Engine               - class com.almasb.fxgl.io.FileSystemService
15:08:52.042 [FXGL Background Thread 3 ] DEBUG Engine               - class com.almasb.fxgl.localization.LocalizationService
15:08:52.042 [FXGL Background Thread 3 ] DEBUG Engine               - class com.almasb.fxgl.app.services.SystemBundleService
15:08:52.042 [FXGL Background Thread 3 ] DEBUG Engine               - class com.almasb.fxgl.profile.SaveLoadService
15:08:52.042 [FXGL Background Thread 3 ] DEBUG Engine               - class com.almasb.fxgl.ui.FXGLUIFactoryServiceProvider
15:08:52.043 [FXGL Background Thread 3 ] DEBUG Engine               - class com.almasb.fxgl.ui.FXGLDialogFactoryServiceProvider
15:08:52.043 [FXGL Background Thread 3 ] DEBUG Engine               - class com.almasb.fxgl.audio.AudioPlayer
15:08:52.043 [FXGL Background Thread 3 ] DEBUG Engine               - class com.almasb.fxgl.notification.impl.NotificationServiceProvider
15:08:52.043 [FXGL Background Thread 3 ] DEBUG Engine               - class com.almasb.fxgl.achievement.AchievementService
15:08:52.043 [FXGL Background Thread 3 ] DEBUG Engine               - class com.almasb.fxgl.cutscene.CutsceneService
15:08:52.043 [FXGL Background Thread 3 ] DEBUG Engine               - class com.almasb.fxgl.minigames.MiniGameService
15:08:52.043 [FXGL Background Thread 3 ] DEBUG Engine               - class com.almasb.fxgl.net.NetService
15:08:52.043 [FXGL Background Thread 3 ] DEBUG Engine               - class com.almasb.fxgl.app.services.UpdaterService
15:08:52.043 [FXGL Background Thread 3 ] DEBUG Engine               - class com.almasb.fxgl.dev.DevService
15:08:54.556 [JavaFX Application Thread] DEBUG FXGLAssetLoaderServi - Loading from file system: file:/Users/dy/Desktop/alfa/Java/Projectarbeit/Tanks/target/classes/assets/textures/tanks/T3.png
15:08:58.664 [JavaFX Application Thread] DEBUG FXGLAssetLoaderServi - Loading from file system: file:/Users/dy/Desktop/alfa/Java/Projectarbeit/Tanks/target/classes/assets/textures/tanks/T6.png
15:09:25.284 [JavaFX Application Thread] DEBUG PrimaryStageWindow   - Push state: WinnerScene
15:09:25.284 [JavaFX Application Thread] DEBUG Input                - Clearing active input actions
15:09:25.284 [JavaFX Application Thread] DEBUG GameApplicationServi - Removing overlay from GameScene and adding to WinnerScene
15:09:25.284 [JavaFX Application Thread] DEBUG PrimaryStageWindow   - GameScene -> WinnerScene
15:09:27.300 [JavaFX Application Thread] WARN  TMXLevelLoader       - TiledMap generated from 1.11.0. Supported version: 1.9.0. Some features may not be parsed fully.
15:09:27.313 [JavaFX Application Thread] DEBUG TMXLevelLoader       - Parsed TiledMap: file:/Users/dy/Desktop/alfa/Java/Projectarbeit/Tanks/target/classes/assets/levels/level2.tmx
15:09:27.313 [JavaFX Application Thread] DEBUG TMXLevelLoader       - Creating tile layer entities
15:09:27.313 [JavaFX Application Thread] DEBUG TMXLevelLoader       - Creating object layer entities
15:09:27.345 [JavaFX Application Thread] DEBUG GameWorld            - Clearing removable entities
15:09:27.351 [JavaFX Application Thread] DEBUG GameWorld            - Setting level: com.almasb.fxgl.entity.level.Level@22fd1d1f
15:09:34.972 [JavaFX Application Thread] DEBUG FXGLApplication      - Exiting FXGL
15:09:34.972 [JavaFX Application Thread] DEBUG LoopRunner           - Stopping loop
15:09:34.972 [JavaFX Application Thread] DEBUG SystemBundleService  - Saving FXGL system data
15:09:34.974 [JavaFX Application Thread] DEBUG FileSystemAccess     - Writing to: /Users/dy/Desktop/alfa/Java/Projectarbeit/Tanks/system/fxgl.bundle
15:09:34.977 [JavaFX Application Thread] DEBUG Async                - Shutting down background threads
15:09:34.977 [JavaFX Application Thread] DEBUG PrimaryStageWindow   - Closing main window
15:09:34.994 [JavaFX Application Thread] DEBUG Logger               - Closing Logger
