10:12:50.478 [main                     ] DEBUG Logger               - Configured Logger
10:12:50.522 [main                     ] DEBUG GameApplication      - Logging settings
Title: Tank
Version: 1.0
Width: 816
Height: 672
Fullscreen: false
Intro: false
Profiling: false
Single step:false
App Mode: DEVELOPER
Menu Key: ESCAPE
Stage Style: DECORATED
Scene Factory: class com.almasb.fxgl.app.scene.SceneFactory

10:12:50.884 [JavaFX Application Thread] DEBUG FXGLApplication      - Initializing FXGL
10:12:50.890 [JavaFX Application Thread] INFO  Engine               - FXGL-21.1 (27.03.2024 07.52) on MAC (J:22.0.2 FX:22.0.1)
10:12:50.891 [JavaFX Application Thread] DEBUG Engine               - JRE Vendor Name: Oracle Corporation
10:12:50.891 [JavaFX Application Thread] DEBUG Engine               - Running on OS: Mac OS X version 14.6.1
10:12:50.891 [JavaFX Application Thread] DEBUG Engine               - Architecture: x86_64
10:12:50.891 [JavaFX Application Thread] INFO  Engine               - Source code and latest versions at: https://github.com/AlmasB/FXGL
10:12:50.891 [JavaFX Application Thread] INFO  Engine               -       Ask questions and discuss at: https://github.com/AlmasB/FXGL/discussions
10:12:50.892 [JavaFX Application Thread] INFO  Engine               -              Join the FXGL chat at: https://gitter.im/AlmasB/FXGL
10:12:50.981 [JavaFX Application Thread] DEBUG PrimaryStageWindow   - Creating a JavaFX scene
10:12:51.029 [JavaFX Application Thread] DEBUG PrimaryStageWindow   - Target settings size: 816.0 x 672.0
10:12:51.029 [JavaFX Application Thread] DEBUG PrimaryStageWindow   - Scaled scene size:    816.0 x 672.0
10:12:51.029 [JavaFX Application Thread] DEBUG PrimaryStageWindow   - Scaled ratio: (1.0, 1.0)
10:12:51.030 [JavaFX Application Thread] DEBUG PrimaryStageWindow   - Set initial scene to FXGLStartupScene
10:12:51.034 [JavaFX Application Thread] DEBUG PrimaryStageWindow   - Opening main window
10:12:51.154 [JavaFX Application Thread] DEBUG PrimaryStageWindow   - Window border size: (0.0, 28.0)
10:12:51.155 [JavaFX Application Thread] DEBUG PrimaryStageWindow   - Scaled size: 816.0 x 672.0
10:12:51.155 [JavaFX Application Thread] DEBUG PrimaryStageWindow   - Scaled ratio: (1.0, 1.0)
10:12:51.156 [JavaFX Application Thread] DEBUG PrimaryStageWindow   - Scene size: 816.0 x 672.0
10:12:51.156 [JavaFX Application Thread] DEBUG PrimaryStageWindow   - Stage size: 816.0 x 700.0
10:12:51.170 [FXGL Background Thread 1 ] DEBUG Engine               - Initializing environment variables
10:12:51.280 [FXGL Background Thread 1 ] DEBUG FXGLAssetLoaderServi - User app class for loading assets: class de.dywebstudio.tanks.TankApp
10:12:51.281 [FXGL Background Thread 1 ] DEBUG GameApplicationServi - Applying CSS: fxgl_dark.css
10:12:51.282 [FXGL Background Thread 1 ] DEBUG FXGLAssetLoaderServi - Loading from file system: jar:file:///Users/dy/.m2/repository/com/github/almasb/fxgl/21.1/fxgl-21.1.jar!/fxglassets/ui/css/fxgl_dark.css
10:12:51.365 [FXGL Background Thread 1 ] DEBUG GameApplicationServi - Initializing application scenes
10:12:51.756 [FXGL Background Thread 1 ] DEBUG GameWorld            - Game world initialized
10:12:51.809 [FXGL Background Thread 1 ] DEBUG PhysicsWorld         - Physics world initialized: appHeight=672, physics.ppm=50,0
10:12:51.809 [FXGL Background Thread 1 ] DEBUG PhysicsWorld         - Using strategy: BRUTE_FORCE
10:12:51.814 [FXGL Background Thread 1 ] DEBUG GameScene            - Game scene initialized: 816x672
10:12:51.826 [FXGL Background Thread 1 ] DEBUG FXGL.DefaultMenu     - createMenuBodyMainMenu()
10:12:51.841 [FXGL Background Thread 1 ] DEBUG FXGL.DefaultMenu     - createOptionsMenu()
10:12:51.851 [FXGL Background Thread 1 ] DEBUG FXGLAssetLoaderServi - Loading from file system: jar:file:///Users/dy/.m2/repository/com/github/almasb/fxgl/21.1/fxgl-21.1.jar!/fxglassets/textures/particles/smoke.png
10:12:51.960 [FXGL Background Thread 1 ] DEBUG FXGLAssetLoaderServi - Loading from file system: jar:file:///Users/dy/.m2/repository/com/github/almasb/fxgl/21.1/fxgl-21.1.jar!/fxglassets/textures/particles/trace_horizontal.png
10:12:51.989 [FXGL Background Thread 1 ] DEBUG FXGL.DefaultMenu     - createMenuBodyGameMenu()
10:12:51.990 [FXGL Background Thread 1 ] DEBUG FXGL.DefaultMenu     - createOptionsMenu()
10:12:52.004 [FXGL Background Thread 1 ] DEBUG GameApplicationServi - Application scenes initialized
10:12:52.017 [FXGL Background Thread 1 ] DEBUG SystemBundleService  - Loading FXGL system data
10:12:52.022 [FXGL Background Thread 1 ] DEBUG FileSystemAccess     - Reading from: /Users/dy/Desktop/alfa/Java/Projectarbeit/Tanks/system/fxgl.bundle
10:12:52.030 [FXGL Background Thread 1 ] DEBUG SystemBundleService  - Bundle FXGL: {}
10:12:52.030 [FXGL Background Thread 1 ] DEBUG UpdaterService       - Checking for updates
10:12:52.035 [FXGL Background Thread 4 ] DEBUG FXGLApplication      - Loading fonts
10:12:52.036 [FXGL Background Thread 4 ] DEBUG FXGLAssetLoaderServi - Loading from file system: jar:file:///Users/dy/.m2/repository/com/github/almasb/fxgl/21.1/fxgl-21.1.jar!/fxglassets/ui/fonts/VarelaRound-Regular.ttf
10:12:52.037 [FXGL Background Thread 1 ] DEBUG FXGLApplication      - Loading default localization
10:12:52.038 [FXGL Background Thread 1 ] DEBUG FXGLAssetLoaderServi - Loading from file system: jar:file:///Users/dy/.m2/repository/com/github/almasb/fxgl/21.1/fxgl-21.1.jar!/fxglassets/languages/english.lang
10:12:52.061 [FXGL Background Thread 4 ] DEBUG FXGLAssetLoaderServi - Loading from file system: jar:file:///Users/dy/.m2/repository/com/github/almasb/fxgl/21.1/fxgl-21.1.jar!/fxglassets/ui/fonts/Abel-Regular.ttf
10:12:52.062 [FXGL Background Thread 1 ] INFO  FXGLApplication      - FXGL initialization took: 0,892 sec
10:12:52.067 [FXGL Background Thread 4 ] DEBUG FXGLAssetLoaderServi - Loading from file system: jar:file:///Users/dy/.m2/repository/com/github/almasb/fxgl/21.1/fxgl-21.1.jar!/fxglassets/ui/fonts/TerminalLandMono-Regular.otf
10:12:52.073 [FXGL Background Thread 4 ] DEBUG FXGLAssetLoaderServi - Loading from file system: jar:file:///Users/dy/.m2/repository/com/github/almasb/fxgl/21.1/fxgl-21.1.jar!/fxglassets/ui/fonts/Courier-Prime.ttf
10:12:52.076 [JavaFX Application Thread] DEBUG Input                - Registered new binding: action0 - W
10:12:52.077 [JavaFX Application Thread] DEBUG Input                - Registered new binding: action1 - S
10:12:52.077 [JavaFX Application Thread] DEBUG Input                - Registered new binding: action2 - A
10:12:52.078 [JavaFX Application Thread] DEBUG Input                - Registered new binding: action3 - D
10:12:52.078 [JavaFX Application Thread] DEBUG Input                - Registered new binding: action4 - Space
10:12:52.079 [JavaFX Application Thread] DEBUG FXGLAssetLoaderServi - Loading from file system: jar:file:///Users/dy/.m2/repository/com/github/almasb/fxgl/21.1/fxgl-21.1.jar!/fxglassets/textures/fxgl_icon.png
10:12:52.112 [JavaFX Application Thread] DEBUG FXGLAssetLoaderServi - Loading from file system: jar:file:///Users/dy/.m2/repository/com/github/almasb/fxgl/21.1/fxgl-21.1.jar!/fxglassets/textures/fxgl_default_cursor.png
10:12:52.115 [JavaFX Application Thread] DEBUG Input                - Registered new binding: Screenshot - CTRL+8
10:12:52.116 [JavaFX Application Thread] DEBUG Input                - Registered new binding: System info dump - CTRL+9
10:12:52.117 [JavaFX Application Thread] DEBUG Input                - Registered new binding: Restart - CTRL+R
10:12:52.118 [JavaFX Application Thread] DEBUG Input                - Registered new binding: Toggle Debug Camera - CTRL+7
10:12:52.122 [JavaFX Application Thread] DEBUG LoopRunner           - Starting loop
10:12:52.123 [JavaFX Application Thread] DEBUG LoopRunner           - Initializing JavaFX AnimationTimerLoop
10:12:52.126 [JavaFX Application Thread] DEBUG Input                - Clearing active input actions
10:12:52.139 [JavaFX Application Thread] DEBUG GameApplicationServi - Removing overlay from FXGLStartupScene and adding to FXGLMainMenuDummyScene
10:12:52.140 [JavaFX Application Thread] DEBUG PrimaryStageWindow   - FXGLStartupScene -> FXGLMainMenuDummyScene
10:12:52.141 [JavaFX Application Thread] DEBUG PrimaryStageWindow   - Push state: FXGLDefaultMenu
10:12:52.145 [JavaFX Application Thread] DEBUG Input                - Clearing active input actions
10:12:52.156 [JavaFX Application Thread] DEBUG GameApplicationServi - Removing overlay from FXGLMainMenuDummyScene and adding to FXGLDefaultMenu
10:12:52.156 [JavaFX Application Thread] DEBUG PrimaryStageWindow   - FXGLMainMenuDummyScene -> FXGLDefaultMenu
10:12:52.180 [JavaFX Application Thread] DEBUG FXGLApplication      - Registering font factories with UI factory
10:12:55.037 [FXGL Background Thread 3 ] DEBUG Engine               - Logging environment variables
10:12:55.038 [FXGL Background Thread 3 ] DEBUG Engine               - achievements: []
10:12:55.038 [FXGL Background Thread 3 ] DEBUG Engine               - actualHeight: 672.0
10:12:55.038 [FXGL Background Thread 3 ] DEBUG Engine               - actualHeightProperty: ReadOnlyDoubleProperty [value: 672.0]
10:12:55.038 [FXGL Background Thread 3 ] DEBUG Engine               - actualWidth: 816.0
10:12:55.038 [FXGL Background Thread 3 ] DEBUG Engine               - actualWidthProperty: ReadOnlyDoubleProperty [value: 816.0]
10:12:55.038 [FXGL Background Thread 3 ] DEBUG Engine               - appIcon: fxgl_icon.png
10:12:55.038 [FXGL Background Thread 3 ] DEBUG Engine               - applicationMode: DEVELOPER
10:12:55.038 [FXGL Background Thread 3 ] DEBUG Engine               - cSSList: [fxgl_dark.css]
10:12:55.039 [FXGL Background Thread 3 ] DEBUG Engine               - collisionDetectionStrategy: BRUTE_FORCE
10:12:55.039 [FXGL Background Thread 3 ] DEBUG Engine               - configClass: Optional.empty
10:12:55.039 [FXGL Background Thread 3 ] DEBUG Engine               - credits: []
10:12:55.039 [FXGL Background Thread 3 ] DEBUG Engine               - defaultCursor: CursorInfo(imageName=fxgl_default_cursor.png, hotspotX=7.0, hotspotY=6.0)
10:12:55.039 [FXGL Background Thread 3 ] DEBUG Engine               - devBBoxColorProperty: ObjectProperty [value: 0xff0000ff]
10:12:55.039 [FXGL Background Thread 3 ] DEBUG Engine               - devEnableDebugCameraProperty: BooleanProperty [value: false]
10:12:55.039 [FXGL Background Thread 3 ] DEBUG Engine               - devSensorColorProperty: ObjectProperty [value: 0xffff00ff]
10:12:55.040 [FXGL Background Thread 3 ] DEBUG Engine               - devShowBBoxProperty: BooleanProperty [value: false]
10:12:55.040 [FXGL Background Thread 3 ] DEBUG Engine               - devShowPositionProperty: BooleanProperty [value: false]
10:12:55.040 [FXGL Background Thread 3 ] DEBUG Engine               - enabledMenuItems: []
10:12:55.040 [FXGL Background Thread 3 ] DEBUG Engine               - engineServices: [class com.almasb.fxgl.app.services.FXGLAssetLoaderService, class com.almasb.fxgl.app.FXGLApplication$GameApplicationService, class com.almasb.fxgl.app.services.FXGLDialogService, class com.almasb.fxgl.app.services.IOTaskExecutorService, class com.almasb.fxgl.io.FileSystemService, class com.almasb.fxgl.localization.LocalizationService, class com.almasb.fxgl.app.services.SystemBundleService, class com.almasb.fxgl.profile.SaveLoadService, class com.almasb.fxgl.ui.FXGLUIFactoryServiceProvider, class com.almasb.fxgl.ui.FXGLDialogFactoryServiceProvider, class com.almasb.fxgl.audio.AudioPlayer, class com.almasb.fxgl.notification.impl.NotificationServiceProvider, class com.almasb.fxgl.achievement.AchievementService, class com.almasb.fxgl.cutscene.CutsceneService, class com.almasb.fxgl.minigames.MiniGameService, class com.almasb.fxgl.net.NetService, class com.almasb.fxgl.app.services.UpdaterService, class com.almasb.fxgl.dev.DevService]
10:12:55.040 [FXGL Background Thread 3 ] DEBUG Engine               - fontGame: Abel-Regular.ttf
10:12:55.040 [FXGL Background Thread 3 ] DEBUG Engine               - fontMono: TerminalLandMono-Regular.otf
10:12:55.040 [FXGL Background Thread 3 ] DEBUG Engine               - fontSizeScaleUI: 1.0
10:12:55.040 [FXGL Background Thread 3 ] DEBUG Engine               - fontText: Courier-Prime.ttf
10:12:55.040 [FXGL Background Thread 3 ] DEBUG Engine               - fontUI: VarelaRound-Regular.ttf
10:12:55.040 [FXGL Background Thread 3 ] DEBUG Engine               - fullScreen: BooleanProperty [value: false]
10:12:55.040 [FXGL Background Thread 3 ] DEBUG Engine               - gameDifficulty: MEDIUM
10:12:55.040 [FXGL Background Thread 3 ] DEBUG Engine               - gameDifficultyProperty: ObjectProperty [value: MEDIUM]
10:12:55.040 [FXGL Background Thread 3 ] DEBUG Engine               - globalMusicVolume: 0.5
10:12:55.040 [FXGL Background Thread 3 ] DEBUG Engine               - globalMusicVolumeProperty: DoubleProperty [value: 0.5]
10:12:55.041 [FXGL Background Thread 3 ] DEBUG Engine               - globalSoundVolume: 0.5
10:12:55.041 [FXGL Background Thread 3 ] DEBUG Engine               - globalSoundVolumeProperty: DoubleProperty [value: 0.5]
10:12:55.041 [FXGL Background Thread 3 ] DEBUG Engine               - height: 672
10:12:55.041 [FXGL Background Thread 3 ] DEBUG Engine               - is3D: false
10:12:55.041 [FXGL Background Thread 3 ] DEBUG Engine               - isAndroid: false
10:12:55.041 [FXGL Background Thread 3 ] DEBUG Engine               - isBrowser: false
10:12:55.041 [FXGL Background Thread 3 ] DEBUG Engine               - isClickFeedbackEnabled: false
10:12:55.042 [FXGL Background Thread 3 ] DEBUG Engine               - isCloseConfirmation: false
10:12:55.042 [FXGL Background Thread 3 ] DEBUG Engine               - isDesktop: true
10:12:55.042 [FXGL Background Thread 3 ] DEBUG Engine               - isDeveloperMenuEnabled: false
10:12:55.042 [FXGL Background Thread 3 ] DEBUG Engine               - isEmbedded: false
10:12:55.042 [FXGL Background Thread 3 ] DEBUG Engine               - isEntityPreloadEnabled: true
10:12:55.042 [FXGL Background Thread 3 ] DEBUG Engine               - isExperimentalTiledLargeMap: false
10:12:55.043 [FXGL Background Thread 3 ] DEBUG Engine               - isFileSystemWriteAllowed: true
10:12:55.043 [FXGL Background Thread 3 ] DEBUG Engine               - isFullScreenAllowed: false
10:12:55.043 [FXGL Background Thread 3 ] DEBUG Engine               - isFullScreenFromStart: false
10:12:55.043 [FXGL Background Thread 3 ] DEBUG Engine               - isGameMenuEnabled: true
10:12:55.043 [FXGL Background Thread 3 ] DEBUG Engine               - isIOS: false
10:12:55.043 [FXGL Background Thread 3 ] DEBUG Engine               - isIntroEnabled: false
10:12:55.043 [FXGL Background Thread 3 ] DEBUG Engine               - isLinux: false
10:12:55.043 [FXGL Background Thread 3 ] DEBUG Engine               - isMac: true
10:12:55.043 [FXGL Background Thread 3 ] DEBUG Engine               - isMainMenuEnabled: true
10:12:55.043 [FXGL Background Thread 3 ] DEBUG Engine               - isManualResizeEnabled: false
10:12:55.043 [FXGL Background Thread 3 ] DEBUG Engine               - isMobile: false
10:12:55.043 [FXGL Background Thread 3 ] DEBUG Engine               - isNative: false
10:12:55.043 [FXGL Background Thread 3 ] DEBUG Engine               - isPauseMusicWhenMinimized: true
10:12:55.043 [FXGL Background Thread 3 ] DEBUG Engine               - isPreserveResizeRatio: false
10:12:55.043 [FXGL Background Thread 3 ] DEBUG Engine               - isProfilingEnabled: false
10:12:55.044 [FXGL Background Thread 3 ] DEBUG Engine               - isScaleAffectedOnResize: true
10:12:55.044 [FXGL Background Thread 3 ] DEBUG Engine               - isSingleStep: false
10:12:55.044 [FXGL Background Thread 3 ] DEBUG Engine               - isUserProfileEnabled: false
10:12:55.044 [FXGL Background Thread 3 ] DEBUG Engine               - isWindows: false
10:12:55.044 [FXGL Background Thread 3 ] DEBUG Engine               - language: ObjectProperty [value: ENGLISH]
10:12:55.044 [FXGL Background Thread 3 ] DEBUG Engine               - menuKey: ESCAPE
10:12:55.044 [FXGL Background Thread 3 ] DEBUG Engine               - mouseSensitivity: 0.2
10:12:55.044 [FXGL Background Thread 3 ] DEBUG Engine               - notificationViewClass: class com.almasb.fxgl.notification.view.XboxNotificationView
10:12:55.044 [FXGL Background Thread 3 ] DEBUG Engine               - pixelsPerMeter: 50.0
10:12:55.044 [FXGL Background Thread 3 ] DEBUG Engine               - platform: MAC
10:12:55.044 [FXGL Background Thread 3 ] DEBUG Engine               - prefHeightProperty: ReadOnlyDoubleProperty [value: 672.0]
10:12:55.044 [FXGL Background Thread 3 ] DEBUG Engine               - prefWidthProperty: ReadOnlyDoubleProperty [value: 816.0]
10:12:55.044 [FXGL Background Thread 3 ] DEBUG Engine               - profileDir: profiles/
10:12:55.045 [FXGL Background Thread 3 ] DEBUG Engine               - profileName: StringProperty [value: DEFAULT]
10:12:55.045 [FXGL Background Thread 3 ] DEBUG Engine               - randomSeed: -1
10:12:55.045 [FXGL Background Thread 3 ] DEBUG Engine               - runtimeInfo: RuntimeInfo(platform=MAC, version=21.1, build=27.03.2024 07.52)
10:12:55.046 [FXGL Background Thread 3 ] DEBUG Engine               - saveFileExt: sav
10:12:55.046 [FXGL Background Thread 3 ] DEBUG Engine               - scaledHeightProp$fxgl: DoubleProperty [bound, value: 672.0]
10:12:55.046 [FXGL Background Thread 3 ] DEBUG Engine               - scaledWidthProp$fxgl: DoubleProperty [bound, value: 816.0]
10:12:55.046 [FXGL Background Thread 3 ] DEBUG Engine               - sceneFactory: com.almasb.fxgl.app.scene.SceneFactory@70df108
10:12:55.046 [FXGL Background Thread 3 ] DEBUG Engine               - secondsIn24h: 60
10:12:55.046 [FXGL Background Thread 3 ] DEBUG Engine               - soundMenuBack: menu/back.wav
10:12:55.046 [FXGL Background Thread 3 ] DEBUG Engine               - soundMenuPress: menu/press.wav
10:12:55.046 [FXGL Background Thread 3 ] DEBUG Engine               - soundMenuSelect: menu/select.wav
10:12:55.046 [FXGL Background Thread 3 ] DEBUG Engine               - soundNotification: core/notification.wav
10:12:55.046 [FXGL Background Thread 3 ] DEBUG Engine               - stageStyle: DECORATED
10:12:55.046 [FXGL Background Thread 3 ] DEBUG Engine               - supportedLanguages: [ENGLISH, FRENCH, GERMAN, HUNGARIAN, RUSSIAN]
10:12:55.046 [FXGL Background Thread 3 ] DEBUG Engine               - ticksPerSecond: -1
10:12:55.046 [FXGL Background Thread 3 ] DEBUG Engine               - title: Tank
10:12:55.047 [FXGL Background Thread 3 ] DEBUG Engine               - urlGithub: https://github.com/AlmasB/FXGL
10:12:55.047 [FXGL Background Thread 3 ] DEBUG Engine               - urlLeaderboard: http://fxgl-top.herokuapp.com/
10:12:55.047 [FXGL Background Thread 3 ] DEBUG Engine               - urlPOM: https://raw.githubusercontent.com/AlmasB/FXGL/release/README.md
10:12:55.047 [FXGL Background Thread 3 ] DEBUG Engine               - userAppClass: class de.dywebstudio.tanks.TankApp
10:12:55.047 [FXGL Background Thread 3 ] DEBUG Engine               - version: 1.0
10:12:55.047 [FXGL Background Thread 3 ] DEBUG Engine               - versionCheckDays: 7
10:12:55.047 [FXGL Background Thread 3 ] DEBUG Engine               - width: 816
10:12:55.047 [FXGL Background Thread 3 ] DEBUG Engine               - Logging services
10:12:55.047 [FXGL Background Thread 3 ] DEBUG Engine               - class com.almasb.fxgl.app.services.FXGLAssetLoaderService
10:12:55.047 [FXGL Background Thread 3 ] DEBUG Engine               - class com.almasb.fxgl.app.FXGLApplication$GameApplicationService
10:12:55.047 [FXGL Background Thread 3 ] DEBUG Engine               - class com.almasb.fxgl.app.services.FXGLDialogService
10:12:55.047 [FXGL Background Thread 3 ] DEBUG Engine               - class com.almasb.fxgl.app.services.IOTaskExecutorService
10:12:55.047 [FXGL Background Thread 3 ] DEBUG Engine               - class com.almasb.fxgl.io.FileSystemService
10:12:55.047 [FXGL Background Thread 3 ] DEBUG Engine               - class com.almasb.fxgl.localization.LocalizationService
10:12:55.047 [FXGL Background Thread 3 ] DEBUG Engine               - class com.almasb.fxgl.app.services.SystemBundleService
10:12:55.047 [FXGL Background Thread 3 ] DEBUG Engine               - class com.almasb.fxgl.profile.SaveLoadService
10:12:55.047 [FXGL Background Thread 3 ] DEBUG Engine               - class com.almasb.fxgl.ui.FXGLUIFactoryServiceProvider
10:12:55.048 [FXGL Background Thread 3 ] DEBUG Engine               - class com.almasb.fxgl.ui.FXGLDialogFactoryServiceProvider
10:12:55.048 [FXGL Background Thread 3 ] DEBUG Engine               - class com.almasb.fxgl.audio.AudioPlayer
10:12:55.048 [FXGL Background Thread 3 ] DEBUG Engine               - class com.almasb.fxgl.notification.impl.NotificationServiceProvider
10:12:55.048 [FXGL Background Thread 3 ] DEBUG Engine               - class com.almasb.fxgl.achievement.AchievementService
10:12:55.048 [FXGL Background Thread 3 ] DEBUG Engine               - class com.almasb.fxgl.cutscene.CutsceneService
10:12:55.048 [FXGL Background Thread 3 ] DEBUG Engine               - class com.almasb.fxgl.minigames.MiniGameService
10:12:55.048 [FXGL Background Thread 3 ] DEBUG Engine               - class com.almasb.fxgl.net.NetService
10:12:55.048 [FXGL Background Thread 3 ] DEBUG Engine               - class com.almasb.fxgl.app.services.UpdaterService
10:12:55.048 [FXGL Background Thread 3 ] DEBUG Engine               - class com.almasb.fxgl.dev.DevService
10:12:55.505 [JavaFX Application Thread] DEBUG Menu                 - fireExit()
10:12:55.508 [JavaFX Application Thread] DEBUG PrimaryStageWindow   - Push state: DialogSubScene
10:12:55.508 [JavaFX Application Thread] DEBUG Input                - Clearing active input actions
10:12:55.509 [JavaFX Application Thread] DEBUG GameApplicationServi - Removing overlay from FXGLDefaultMenu and adding to DialogSubScene
10:12:55.509 [JavaFX Application Thread] DEBUG PrimaryStageWindow   - FXGLDefaultMenu -> DialogSubScene
10:12:56.990 [JavaFX Application Thread] DEBUG PrimaryStageWindow   - Pop state: DialogSubScene
10:12:56.990 [JavaFX Application Thread] DEBUG Input                - Clearing active input actions
10:12:56.991 [JavaFX Application Thread] DEBUG GameApplicationServi - Removing overlay from DialogSubScene and adding to FXGLDefaultMenu
10:12:56.992 [JavaFX Application Thread] DEBUG PrimaryStageWindow   - FXGLDefaultMenu <- DialogSubScene
10:12:56.992 [JavaFX Application Thread] DEBUG FXGLApplication      - Exiting FXGL
10:12:56.992 [JavaFX Application Thread] DEBUG LoopRunner           - Stopping loop
10:12:56.993 [JavaFX Application Thread] DEBUG SystemBundleService  - Saving FXGL system data
10:12:56.996 [JavaFX Application Thread] DEBUG FileSystemAccess     - Writing to: /Users/dy/Desktop/alfa/Java/Projectarbeit/Tanks/system/fxgl.bundle
10:12:56.999 [JavaFX Application Thread] DEBUG Async                - Shutting down background threads
10:12:57.000 [JavaFX Application Thread] DEBUG PrimaryStageWindow   - Closing main window
10:12:57.014 [JavaFX Application Thread] DEBUG Logger               - Closing Logger
