08:23:48.780 [main                     ] DEBUG Logger               - Configured Logger
08:23:48.835 [main                     ] DEBUG GameApplication      - Logging settings
Title: Tank
Version: 1.0
Width: 816
Height: 672
Fullscreen: false
Intro: false
Profiling: false
Single step:false
App Mode: DEVELOPER
Menu Key: ESCAPE
Stage Style: DECORATED
Scene Factory: class com.almasb.fxgl.app.scene.SceneFactory

08:23:49.421 [JavaFX Application Thread] DEBUG FXGLApplication      - Initializing FXGL
08:23:49.428 [JavaFX Application Thread] INFO  Engine               - FXGL-21.1 (27.03.2024 07.52) on MAC (J:22.0.2 FX:22.0.1)
08:23:49.429 [JavaFX Application Thread] DEBUG Engine               - JRE Vendor Name: Oracle Corporation
08:23:49.429 [JavaFX Application Thread] DEBUG Engine               - Running on OS: Mac OS X version 14.6.1
08:23:49.429 [JavaFX Application Thread] DEBUG Engine               - Architecture: x86_64
08:23:49.429 [JavaFX Application Thread] INFO  Engine               - Source code and latest versions at: https://github.com/AlmasB/FXGL
08:23:49.429 [JavaFX Application Thread] INFO  Engine               -       Ask questions and discuss at: https://github.com/AlmasB/FXGL/discussions
08:23:49.429 [JavaFX Application Thread] INFO  Engine               -              Join the FXGL chat at: https://gitter.im/AlmasB/FXGL
08:23:49.567 [JavaFX Application Thread] DEBUG PrimaryStageWindow   - Creating a JavaFX scene
08:23:49.642 [JavaFX Application Thread] DEBUG PrimaryStageWindow   - Target settings size: 816.0 x 672.0
08:23:49.643 [JavaFX Application Thread] DEBUG PrimaryStageWindow   - Scaled scene size:    816.0 x 672.0
08:23:49.643 [JavaFX Application Thread] DEBUG PrimaryStageWindow   - Scaled ratio: (1.0, 1.0)
08:23:49.645 [JavaFX Application Thread] DEBUG PrimaryStageWindow   - Set initial scene to FXGLStartupScene
08:23:49.651 [JavaFX Application Thread] DEBUG PrimaryStageWindow   - Opening main window
08:23:49.764 [JavaFX Application Thread] DEBUG PrimaryStageWindow   - Window border size: (0.0, 28.0)
08:23:49.764 [JavaFX Application Thread] DEBUG PrimaryStageWindow   - Scaled size: 816.0 x 672.0
08:23:49.765 [JavaFX Application Thread] DEBUG PrimaryStageWindow   - Scaled ratio: (1.0, 1.0)
08:23:49.765 [JavaFX Application Thread] DEBUG PrimaryStageWindow   - Scene size: 816.0 x 672.0
08:23:49.766 [JavaFX Application Thread] DEBUG PrimaryStageWindow   - Stage size: 816.0 x 700.0
08:23:49.780 [FXGL Background Thread 1 ] DEBUG Engine               - Initializing environment variables
08:23:49.877 [FXGL Background Thread 1 ] DEBUG FXGLAssetLoaderServi - User app class for loading assets: class de.dywebstudio.tanks.TankApp
08:23:49.877 [FXGL Background Thread 1 ] DEBUG GameApplicationServi - Applying CSS: fxgl_dark.css
08:23:49.879 [FXGL Background Thread 1 ] DEBUG FXGLAssetLoaderServi - Loading from file system: jar:file:///Users/dy/.m2/repository/com/github/almasb/fxgl/21.1/fxgl-21.1.jar!/fxglassets/ui/css/fxgl_dark.css
08:23:49.967 [FXGL Background Thread 1 ] DEBUG GameApplicationServi - Initializing application scenes
08:23:50.300 [FXGL Background Thread 1 ] DEBUG GameWorld            - Game world initialized
08:23:50.366 [FXGL Background Thread 1 ] DEBUG PhysicsWorld         - Physics world initialized: appHeight=672, physics.ppm=50,0
08:23:50.367 [FXGL Background Thread 1 ] DEBUG PhysicsWorld         - Using strategy: BRUTE_FORCE
08:23:50.370 [FXGL Background Thread 1 ] DEBUG GameScene            - Game scene initialized: 816x672
08:23:50.384 [FXGL Background Thread 1 ] DEBUG FXGL.DefaultMenu     - createMenuBodyGameMenu()
08:23:50.406 [FXGL Background Thread 1 ] DEBUG FXGL.DefaultMenu     - createOptionsMenu()
08:23:50.416 [FXGL Background Thread 1 ] DEBUG FXGLAssetLoaderServi - Loading from file system: jar:file:///Users/dy/.m2/repository/com/github/almasb/fxgl/21.1/fxgl-21.1.jar!/fxglassets/textures/particles/smoke.png
08:23:50.533 [FXGL Background Thread 1 ] DEBUG FXGLAssetLoaderServi - Loading from file system: jar:file:///Users/dy/.m2/repository/com/github/almasb/fxgl/21.1/fxgl-21.1.jar!/fxglassets/textures/particles/trace_horizontal.png
08:23:50.556 [FXGL Background Thread 1 ] DEBUG GameApplicationServi - Application scenes initialized
08:23:50.571 [FXGL Background Thread 1 ] DEBUG SystemBundleService  - Loading FXGL system data
08:23:50.577 [FXGL Background Thread 1 ] DEBUG FileSystemAccess     - Reading from: /Users/dy/Desktop/alfa/Java/Projectarbeit/Tanks/system/fxgl.bundle
08:23:50.587 [FXGL Background Thread 1 ] DEBUG SystemBundleService  - Bundle FXGL: {}
08:23:50.587 [FXGL Background Thread 1 ] DEBUG UpdaterService       - Checking for updates
08:23:50.590 [FXGL Background Thread 4 ] DEBUG FXGLApplication      - Loading fonts
08:23:50.590 [FXGL Background Thread 4 ] DEBUG FXGLAssetLoaderServi - Loading from file system: jar:file:///Users/dy/.m2/repository/com/github/almasb/fxgl/21.1/fxgl-21.1.jar!/fxglassets/ui/fonts/VarelaRound-Regular.ttf
08:23:50.591 [FXGL Background Thread 1 ] DEBUG FXGLApplication      - Loading default localization
08:23:50.591 [FXGL Background Thread 1 ] DEBUG FXGLAssetLoaderServi - Loading from file system: jar:file:///Users/dy/.m2/repository/com/github/almasb/fxgl/21.1/fxgl-21.1.jar!/fxglassets/languages/english.lang
08:23:50.608 [FXGL Background Thread 4 ] DEBUG FXGLAssetLoaderServi - Loading from file system: jar:file:///Users/dy/.m2/repository/com/github/almasb/fxgl/21.1/fxgl-21.1.jar!/fxglassets/ui/fonts/Abel-Regular.ttf
08:23:50.610 [FXGL Background Thread 1 ] INFO  FXGLApplication      - FXGL initialization took: 0,830 sec
08:23:50.612 [FXGL Background Thread 4 ] DEBUG FXGLAssetLoaderServi - Loading from file system: jar:file:///Users/dy/.m2/repository/com/github/almasb/fxgl/21.1/fxgl-21.1.jar!/fxglassets/ui/fonts/TerminalLandMono-Regular.otf
08:23:50.616 [FXGL Background Thread 4 ] DEBUG FXGLAssetLoaderServi - Loading from file system: jar:file:///Users/dy/.m2/repository/com/github/almasb/fxgl/21.1/fxgl-21.1.jar!/fxglassets/ui/fonts/Courier-Prime.ttf
08:23:50.619 [JavaFX Application Thread] DEBUG Input                - Registered new binding: action0 - W
08:23:50.620 [JavaFX Application Thread] DEBUG Input                - Registered new binding: action1 - S
08:23:50.620 [JavaFX Application Thread] DEBUG Input                - Registered new binding: action2 - A
08:23:50.620 [JavaFX Application Thread] DEBUG Input                - Registered new binding: action3 - D
08:23:50.621 [JavaFX Application Thread] DEBUG Input                - Registered new binding: action4 - Space
08:23:50.621 [JavaFX Application Thread] DEBUG FXGLAssetLoaderServi - Loading from file system: jar:file:///Users/dy/.m2/repository/com/github/almasb/fxgl/21.1/fxgl-21.1.jar!/fxglassets/textures/fxgl_icon.png
08:23:50.643 [JavaFX Application Thread] DEBUG FXGLAssetLoaderServi - Loading from file system: jar:file:///Users/dy/.m2/repository/com/github/almasb/fxgl/21.1/fxgl-21.1.jar!/fxglassets/textures/fxgl_default_cursor.png
08:23:50.645 [JavaFX Application Thread] DEBUG Input                - Registered new binding: Screenshot - CTRL+8
08:23:50.645 [JavaFX Application Thread] DEBUG Input                - Registered new binding: System info dump - CTRL+9
08:23:50.645 [JavaFX Application Thread] DEBUG Input                - Registered new binding: Restart - CTRL+R
08:23:50.646 [JavaFX Application Thread] DEBUG Input                - Registered new binding: Toggle Debug Camera - CTRL+7
08:23:50.648 [JavaFX Application Thread] DEBUG LoopRunner           - Starting loop
08:23:50.648 [JavaFX Application Thread] DEBUG LoopRunner           - Initializing JavaFX AnimationTimerLoop
08:23:50.649 [JavaFX Application Thread] DEBUG GameApplicationServi - Starting new game
08:23:50.649 [JavaFX Application Thread] DEBUG Input                - Clearing active input actions
08:23:50.660 [JavaFX Application Thread] DEBUG GameApplicationServi - Removing overlay from FXGLStartupScene and adding to FXGLLoadingScene
08:23:50.660 [JavaFX Application Thread] DEBUG PrimaryStageWindow   - FXGLStartupScene -> FXGLLoadingScene
08:23:50.660 [JavaFX Application Thread] DEBUG GameApplicationServi - Clearing previous game
08:23:50.660 [JavaFX Application Thread] DEBUG GameScene            - Clearing game scene
08:23:50.660 [JavaFX Application Thread] DEBUG GameWorld            - Clearing game world
08:23:50.661 [JavaFX Application Thread] DEBUG PhysicsWorld         - Clearing physics world
08:23:50.662 [FXGL Background Thread 4 ] DEBUG FXGLApplication      - Initializing game
08:23:50.686 [JavaFX Application Thread] DEBUG FXGLApplication      - Registering font factories with UI factory
08:23:50.765 [FXGL Background Thread 4 ] WARN  TMXLevelLoader       - TiledMap generated from 1.11.0. Supported version: 1.9.0. Some features may not be parsed fully.
08:23:50.787 [FXGL Background Thread 4 ] DEBUG TMXLevelLoader       - Parsed TiledMap: file:/Users/dy/Desktop/alfa/Java/Projectarbeit/Tanks/target/classes/assets/levels/level.tmx
08:23:50.789 [FXGL Background Thread 4 ] DEBUG TMXLevelLoader       - Creating tile layer entities
08:23:50.790 [FXGL Background Thread 4 ] DEBUG TMXLevelLoader       - Creating object layer entities
08:23:50.846 [FXGL Background Thread 4 ] DEBUG FXGLAssetLoaderServi - Loading from file system: file:/Users/dy/Desktop/alfa/Java/Projectarbeit/Tanks/target/classes/assets/textures/items/sea_animation.png
08:23:50.903 [FXGL Background Thread 4 ] DEBUG GameWorld            - Clearing removable entities
08:23:50.904 [FXGL Background Thread 4 ] DEBUG GameWorld            - Setting level: com.almasb.fxgl.entity.level.Level@e67d25
08:23:50.914 [FXGL Background Thread 4 ] DEBUG FXGLAssetLoaderServi - Loading from file system: file:/Users/dy/Desktop/alfa/Java/Projectarbeit/Tanks/target/classes/assets/textures/tanks/H1U.png
08:23:50.921 [FXGL Background Thread 4 ] INFO  FXGLApplication      - Game initialization took: 0,259 sec
08:23:50.922 [JavaFX Application Thread] DEBUG Input                - Clearing active input actions
08:23:50.937 [JavaFX Application Thread] DEBUG GameApplicationServi - Removing overlay from FXGLLoadingScene and adding to GameScene
08:23:50.937 [JavaFX Application Thread] DEBUG PrimaryStageWindow   - FXGLLoadingScene -> GameScene
08:23:53.606 [FXGL Background Thread 3 ] DEBUG Engine               - Logging environment variables
08:23:53.607 [FXGL Background Thread 3 ] DEBUG Engine               - achievements: []
08:23:53.607 [FXGL Background Thread 3 ] DEBUG Engine               - actualHeight: 672.0
08:23:53.607 [FXGL Background Thread 3 ] DEBUG Engine               - actualHeightProperty: ReadOnlyDoubleProperty [value: 672.0]
08:23:53.607 [FXGL Background Thread 3 ] DEBUG Engine               - actualWidth: 816.0
08:23:53.607 [FXGL Background Thread 3 ] DEBUG Engine               - actualWidthProperty: ReadOnlyDoubleProperty [value: 816.0]
08:23:53.607 [FXGL Background Thread 3 ] DEBUG Engine               - appIcon: fxgl_icon.png
08:23:53.607 [FXGL Background Thread 3 ] DEBUG Engine               - applicationMode: DEVELOPER
08:23:53.607 [FXGL Background Thread 3 ] DEBUG Engine               - cSSList: [fxgl_dark.css]
08:23:53.607 [FXGL Background Thread 3 ] DEBUG Engine               - collisionDetectionStrategy: BRUTE_FORCE
08:23:53.607 [FXGL Background Thread 3 ] DEBUG Engine               - configClass: Optional.empty
08:23:53.607 [FXGL Background Thread 3 ] DEBUG Engine               - credits: []
08:23:53.608 [FXGL Background Thread 3 ] DEBUG Engine               - defaultCursor: CursorInfo(imageName=fxgl_default_cursor.png, hotspotX=7.0, hotspotY=6.0)
08:23:53.608 [FXGL Background Thread 3 ] DEBUG Engine               - devBBoxColorProperty: ObjectProperty [value: 0xff0000ff]
08:23:53.608 [FXGL Background Thread 3 ] DEBUG Engine               - devEnableDebugCameraProperty: BooleanProperty [value: false]
08:23:53.608 [FXGL Background Thread 3 ] DEBUG Engine               - devSensorColorProperty: ObjectProperty [value: 0xffff00ff]
08:23:53.608 [FXGL Background Thread 3 ] DEBUG Engine               - devShowBBoxProperty: BooleanProperty [value: false]
08:23:53.608 [FXGL Background Thread 3 ] DEBUG Engine               - devShowPositionProperty: BooleanProperty [value: false]
08:23:53.608 [FXGL Background Thread 3 ] DEBUG Engine               - enabledMenuItems: []
08:23:53.608 [FXGL Background Thread 3 ] DEBUG Engine               - engineServices: [class com.almasb.fxgl.app.services.FXGLAssetLoaderService, class com.almasb.fxgl.app.FXGLApplication$GameApplicationService, class com.almasb.fxgl.app.services.FXGLDialogService, class com.almasb.fxgl.app.services.IOTaskExecutorService, class com.almasb.fxgl.io.FileSystemService, class com.almasb.fxgl.localization.LocalizationService, class com.almasb.fxgl.app.services.SystemBundleService, class com.almasb.fxgl.profile.SaveLoadService, class com.almasb.fxgl.ui.FXGLUIFactoryServiceProvider, class com.almasb.fxgl.ui.FXGLDialogFactoryServiceProvider, class com.almasb.fxgl.audio.AudioPlayer, class com.almasb.fxgl.notification.impl.NotificationServiceProvider, class com.almasb.fxgl.achievement.AchievementService, class com.almasb.fxgl.cutscene.CutsceneService, class com.almasb.fxgl.minigames.MiniGameService, class com.almasb.fxgl.net.NetService, class com.almasb.fxgl.app.services.UpdaterService, class com.almasb.fxgl.dev.DevService]
08:23:53.608 [FXGL Background Thread 3 ] DEBUG Engine               - fontGame: Abel-Regular.ttf
08:23:53.608 [FXGL Background Thread 3 ] DEBUG Engine               - fontMono: TerminalLandMono-Regular.otf
08:23:53.609 [FXGL Background Thread 3 ] DEBUG Engine               - fontSizeScaleUI: 1.0
08:23:53.609 [FXGL Background Thread 3 ] DEBUG Engine               - fontText: Courier-Prime.ttf
08:23:53.609 [FXGL Background Thread 3 ] DEBUG Engine               - fontUI: VarelaRound-Regular.ttf
08:23:53.609 [FXGL Background Thread 3 ] DEBUG Engine               - fullScreen: BooleanProperty [value: false]
08:23:53.609 [FXGL Background Thread 3 ] DEBUG Engine               - gameDifficulty: MEDIUM
08:23:53.609 [FXGL Background Thread 3 ] DEBUG Engine               - gameDifficultyProperty: ObjectProperty [value: MEDIUM]
08:23:53.609 [FXGL Background Thread 3 ] DEBUG Engine               - globalMusicVolume: 0.5
08:23:53.609 [FXGL Background Thread 3 ] DEBUG Engine               - globalMusicVolumeProperty: DoubleProperty [value: 0.5]
08:23:53.609 [FXGL Background Thread 3 ] DEBUG Engine               - globalSoundVolume: 0.5
08:23:53.609 [FXGL Background Thread 3 ] DEBUG Engine               - globalSoundVolumeProperty: DoubleProperty [value: 0.5]
08:23:53.609 [FXGL Background Thread 3 ] DEBUG Engine               - height: 672
08:23:53.609 [FXGL Background Thread 3 ] DEBUG Engine               - is3D: false
08:23:53.609 [FXGL Background Thread 3 ] DEBUG Engine               - isAndroid: false
08:23:53.609 [FXGL Background Thread 3 ] DEBUG Engine               - isBrowser: false
08:23:53.609 [FXGL Background Thread 3 ] DEBUG Engine               - isClickFeedbackEnabled: false
08:23:53.609 [FXGL Background Thread 3 ] DEBUG Engine               - isCloseConfirmation: false
08:23:53.609 [FXGL Background Thread 3 ] DEBUG Engine               - isDesktop: true
08:23:53.609 [FXGL Background Thread 3 ] DEBUG Engine               - isDeveloperMenuEnabled: false
08:23:53.610 [FXGL Background Thread 3 ] DEBUG Engine               - isEmbedded: false
08:23:53.610 [FXGL Background Thread 3 ] DEBUG Engine               - isEntityPreloadEnabled: true
08:23:53.610 [FXGL Background Thread 3 ] DEBUG Engine               - isExperimentalTiledLargeMap: false
08:23:53.610 [FXGL Background Thread 3 ] DEBUG Engine               - isFileSystemWriteAllowed: true
08:23:53.610 [FXGL Background Thread 3 ] DEBUG Engine               - isFullScreenAllowed: false
08:23:53.610 [FXGL Background Thread 3 ] DEBUG Engine               - isFullScreenFromStart: false
08:23:53.610 [FXGL Background Thread 3 ] DEBUG Engine               - isGameMenuEnabled: true
08:23:53.610 [FXGL Background Thread 3 ] DEBUG Engine               - isIOS: false
08:23:53.610 [FXGL Background Thread 3 ] DEBUG Engine               - isIntroEnabled: false
08:23:53.610 [FXGL Background Thread 3 ] DEBUG Engine               - isLinux: false
08:23:53.610 [FXGL Background Thread 3 ] DEBUG Engine               - isMac: true
08:23:53.610 [FXGL Background Thread 3 ] DEBUG Engine               - isMainMenuEnabled: false
08:23:53.610 [FXGL Background Thread 3 ] DEBUG Engine               - isManualResizeEnabled: false
08:23:53.611 [FXGL Background Thread 3 ] DEBUG Engine               - isMobile: false
08:23:53.611 [FXGL Background Thread 3 ] DEBUG Engine               - isNative: false
08:23:53.611 [FXGL Background Thread 3 ] DEBUG Engine               - isPauseMusicWhenMinimized: true
08:23:53.611 [FXGL Background Thread 3 ] DEBUG Engine               - isPreserveResizeRatio: false
08:23:53.611 [FXGL Background Thread 3 ] DEBUG Engine               - isProfilingEnabled: false
08:23:53.611 [FXGL Background Thread 3 ] DEBUG Engine               - isScaleAffectedOnResize: true
08:23:53.611 [FXGL Background Thread 3 ] DEBUG Engine               - isSingleStep: false
08:23:53.611 [FXGL Background Thread 3 ] DEBUG Engine               - isUserProfileEnabled: false
08:23:53.612 [FXGL Background Thread 3 ] DEBUG Engine               - isWindows: false
08:23:53.612 [FXGL Background Thread 3 ] DEBUG Engine               - language: ObjectProperty [value: ENGLISH]
08:23:53.612 [FXGL Background Thread 3 ] DEBUG Engine               - menuKey: ESCAPE
08:23:53.612 [FXGL Background Thread 3 ] DEBUG Engine               - mouseSensitivity: 0.2
08:23:53.612 [FXGL Background Thread 3 ] DEBUG Engine               - notificationViewClass: class com.almasb.fxgl.notification.view.XboxNotificationView
08:23:53.612 [FXGL Background Thread 3 ] DEBUG Engine               - pixelsPerMeter: 50.0
08:23:53.612 [FXGL Background Thread 3 ] DEBUG Engine               - platform: MAC
08:23:53.612 [FXGL Background Thread 3 ] DEBUG Engine               - prefHeightProperty: ReadOnlyDoubleProperty [value: 672.0]
08:23:53.612 [FXGL Background Thread 3 ] DEBUG Engine               - prefWidthProperty: ReadOnlyDoubleProperty [value: 816.0]
08:23:53.612 [FXGL Background Thread 3 ] DEBUG Engine               - profileDir: profiles/
08:23:53.612 [FXGL Background Thread 3 ] DEBUG Engine               - profileName: StringProperty [value: DEFAULT]
08:23:53.612 [FXGL Background Thread 3 ] DEBUG Engine               - randomSeed: -1
08:23:53.613 [FXGL Background Thread 3 ] DEBUG Engine               - runtimeInfo: RuntimeInfo(platform=MAC, version=21.1, build=27.03.2024 07.52)
08:23:53.613 [FXGL Background Thread 3 ] DEBUG Engine               - saveFileExt: sav
08:23:53.613 [FXGL Background Thread 3 ] DEBUG Engine               - scaledHeightProp$fxgl: DoubleProperty [bound, value: 672.0]
08:23:53.613 [FXGL Background Thread 3 ] DEBUG Engine               - scaledWidthProp$fxgl: DoubleProperty [bound, value: 816.0]
08:23:53.613 [FXGL Background Thread 3 ] DEBUG Engine               - sceneFactory: com.almasb.fxgl.app.scene.SceneFactory@5314e0c7
08:23:53.613 [FXGL Background Thread 3 ] DEBUG Engine               - secondsIn24h: 60
08:23:53.613 [FXGL Background Thread 3 ] DEBUG Engine               - soundMenuBack: menu/back.wav
08:23:53.613 [FXGL Background Thread 3 ] DEBUG Engine               - soundMenuPress: menu/press.wav
08:23:53.613 [FXGL Background Thread 3 ] DEBUG Engine               - soundMenuSelect: menu/select.wav
08:23:53.613 [FXGL Background Thread 3 ] DEBUG Engine               - soundNotification: core/notification.wav
08:23:53.613 [FXGL Background Thread 3 ] DEBUG Engine               - stageStyle: DECORATED
08:23:53.614 [FXGL Background Thread 3 ] DEBUG Engine               - supportedLanguages: [ENGLISH, FRENCH, GERMAN, HUNGARIAN, RUSSIAN]
08:23:53.614 [FXGL Background Thread 3 ] DEBUG Engine               - ticksPerSecond: -1
08:23:53.614 [FXGL Background Thread 3 ] DEBUG Engine               - title: Tank
08:23:53.614 [FXGL Background Thread 3 ] DEBUG Engine               - urlGithub: https://github.com/AlmasB/FXGL
08:23:53.614 [FXGL Background Thread 3 ] DEBUG Engine               - urlLeaderboard: http://fxgl-top.herokuapp.com/
08:23:53.614 [FXGL Background Thread 3 ] DEBUG Engine               - urlPOM: https://raw.githubusercontent.com/AlmasB/FXGL/release/README.md
08:23:53.614 [FXGL Background Thread 3 ] DEBUG Engine               - userAppClass: class de.dywebstudio.tanks.TankApp
08:23:53.615 [FXGL Background Thread 3 ] DEBUG Engine               - version: 1.0
08:23:53.615 [FXGL Background Thread 3 ] DEBUG Engine               - versionCheckDays: 7
08:23:53.615 [FXGL Background Thread 3 ] DEBUG Engine               - width: 816
08:23:53.615 [FXGL Background Thread 3 ] DEBUG Engine               - Logging services
08:23:53.615 [FXGL Background Thread 3 ] DEBUG Engine               - class com.almasb.fxgl.app.services.FXGLAssetLoaderService
08:23:53.615 [FXGL Background Thread 3 ] DEBUG Engine               - class com.almasb.fxgl.app.FXGLApplication$GameApplicationService
08:23:53.615 [FXGL Background Thread 3 ] DEBUG Engine               - class com.almasb.fxgl.app.services.FXGLDialogService
08:23:53.615 [FXGL Background Thread 3 ] DEBUG Engine               - class com.almasb.fxgl.app.services.IOTaskExecutorService
08:23:53.615 [FXGL Background Thread 3 ] DEBUG Engine               - class com.almasb.fxgl.io.FileSystemService
08:23:53.615 [FXGL Background Thread 3 ] DEBUG Engine               - class com.almasb.fxgl.localization.LocalizationService
08:23:53.615 [FXGL Background Thread 3 ] DEBUG Engine               - class com.almasb.fxgl.app.services.SystemBundleService
08:23:53.615 [FXGL Background Thread 3 ] DEBUG Engine               - class com.almasb.fxgl.profile.SaveLoadService
08:23:53.615 [FXGL Background Thread 3 ] DEBUG Engine               - class com.almasb.fxgl.ui.FXGLUIFactoryServiceProvider
08:23:53.615 [FXGL Background Thread 3 ] DEBUG Engine               - class com.almasb.fxgl.ui.FXGLDialogFactoryServiceProvider
08:23:53.616 [FXGL Background Thread 3 ] DEBUG Engine               - class com.almasb.fxgl.audio.AudioPlayer
08:23:53.616 [FXGL Background Thread 3 ] DEBUG Engine               - class com.almasb.fxgl.notification.impl.NotificationServiceProvider
08:23:53.616 [FXGL Background Thread 3 ] DEBUG Engine               - class com.almasb.fxgl.achievement.AchievementService
08:23:53.616 [FXGL Background Thread 3 ] DEBUG Engine               - class com.almasb.fxgl.cutscene.CutsceneService
08:23:53.616 [FXGL Background Thread 3 ] DEBUG Engine               - class com.almasb.fxgl.minigames.MiniGameService
08:23:53.616 [FXGL Background Thread 3 ] DEBUG Engine               - class com.almasb.fxgl.net.NetService
08:23:53.616 [FXGL Background Thread 3 ] DEBUG Engine               - class com.almasb.fxgl.app.services.UpdaterService
08:23:53.616 [FXGL Background Thread 3 ] DEBUG Engine               - class com.almasb.fxgl.dev.DevService
08:24:40.137 [JavaFX Application Thread] DEBUG FXGLApplication      - Exiting FXGL
08:24:40.138 [JavaFX Application Thread] DEBUG LoopRunner           - Stopping loop
08:24:40.139 [JavaFX Application Thread] DEBUG SystemBundleService  - Saving FXGL system data
08:24:40.147 [JavaFX Application Thread] DEBUG FileSystemAccess     - Writing to: /Users/dy/Desktop/alfa/Java/Projectarbeit/Tanks/system/fxgl.bundle
08:24:40.151 [JavaFX Application Thread] DEBUG Async                - Shutting down background threads
08:24:40.151 [JavaFX Application Thread] DEBUG PrimaryStageWindow   - Closing main window
08:24:40.165 [JavaFX Application Thread] DEBUG Logger               - Closing Logger
