22:23:44.483 [main                     ] DEBUG Logger               - Configured Logger
22:23:44.517 [main                     ] DEBUG GameApplication      - Logging settings
Title: Tank
Version: 1.0
Width: 816
Height: 672
Fullscreen: false
Intro: false
Profiling: false
Single step:false
App Mode: DEVELOPER
Menu Key: ESCAPE
Stage Style: DECORATED
Scene Factory: class com.almasb.fxgl.app.scene.SceneFactory

22:23:44.924 [JavaFX Application Thread] DEBUG FXGLApplication      - Initializing FXGL
22:23:44.929 [JavaFX Application Thread] INFO  Engine               - FXGL-21.1 (27.03.2024 07.52) on MAC (J:22.0.2 FX:22.0.1)
22:23:44.930 [JavaFX Application Thread] DEBUG Engine               - JRE Vendor Name: Oracle Corporation
22:23:44.930 [JavaFX Application Thread] DEBUG Engine               - Running on OS: Mac OS X version 14.6.1
22:23:44.930 [JavaFX Application Thread] DEBUG Engine               - Architecture: x86_64
22:23:44.931 [JavaFX Application Thread] INFO  Engine               - Source code and latest versions at: https://github.com/AlmasB/FXGL
22:23:44.931 [JavaFX Application Thread] INFO  Engine               -       Ask questions and discuss at: https://github.com/AlmasB/FXGL/discussions
22:23:44.931 [JavaFX Application Thread] INFO  Engine               -              Join the FXGL chat at: https://gitter.im/AlmasB/FXGL
22:23:45.033 [JavaFX Application Thread] DEBUG PrimaryStageWindow   - Creating a JavaFX scene
22:23:45.085 [JavaFX Application Thread] DEBUG PrimaryStageWindow   - Target settings size: 816.0 x 672.0
22:23:45.086 [JavaFX Application Thread] DEBUG PrimaryStageWindow   - Scaled scene size:    816.0 x 672.0
22:23:45.086 [JavaFX Application Thread] DEBUG PrimaryStageWindow   - Scaled ratio: (1.0, 1.0)
22:23:45.087 [JavaFX Application Thread] DEBUG PrimaryStageWindow   - Set initial scene to FXGLStartupScene
22:23:45.091 [JavaFX Application Thread] DEBUG PrimaryStageWindow   - Opening main window
22:23:45.187 [JavaFX Application Thread] DEBUG PrimaryStageWindow   - Window border size: (0.0, 28.0)
22:23:45.188 [JavaFX Application Thread] DEBUG PrimaryStageWindow   - Scaled size: 816.0 x 672.0
22:23:45.188 [JavaFX Application Thread] DEBUG PrimaryStageWindow   - Scaled ratio: (1.0, 1.0)
22:23:45.188 [JavaFX Application Thread] DEBUG PrimaryStageWindow   - Scene size: 816.0 x 672.0
22:23:45.188 [JavaFX Application Thread] DEBUG PrimaryStageWindow   - Stage size: 816.0 x 700.0
22:23:45.196 [FXGL Background Thread 1 ] DEBUG Engine               - Initializing environment variables
22:23:45.311 [FXGL Background Thread 1 ] DEBUG FXGLAssetLoaderServi - User app class for loading assets: class de.dywebstudio.tanks.TankApp
22:23:45.312 [FXGL Background Thread 1 ] DEBUG GameApplicationServi - Applying CSS: fxgl_dark.css
22:23:45.314 [FXGL Background Thread 1 ] DEBUG FXGLAssetLoaderServi - Loading from file system: jar:file:///Users/dy/.m2/repository/com/github/almasb/fxgl/21.1/fxgl-21.1.jar!/fxglassets/ui/css/fxgl_dark.css
22:23:45.436 [FXGL Background Thread 1 ] DEBUG GameApplicationServi - Initializing application scenes
22:23:45.672 [FXGL Background Thread 1 ] DEBUG GameWorld            - Game world initialized
22:23:45.723 [FXGL Background Thread 1 ] DEBUG PhysicsWorld         - Physics world initialized: appHeight=672, physics.ppm=50,0
22:23:45.724 [FXGL Background Thread 1 ] DEBUG PhysicsWorld         - Using strategy: BRUTE_FORCE
22:23:45.727 [FXGL Background Thread 1 ] DEBUG GameScene            - Game scene initialized: 816x672
22:23:45.741 [FXGL Background Thread 1 ] DEBUG FXGL.DefaultMenu     - createMenuBodyGameMenu()
22:23:45.766 [FXGL Background Thread 1 ] DEBUG FXGL.DefaultMenu     - createOptionsMenu()
22:23:45.778 [FXGL Background Thread 1 ] DEBUG FXGLAssetLoaderServi - Loading from file system: jar:file:///Users/dy/.m2/repository/com/github/almasb/fxgl/21.1/fxgl-21.1.jar!/fxglassets/textures/particles/smoke.png
22:23:45.889 [FXGL Background Thread 1 ] DEBUG FXGLAssetLoaderServi - Loading from file system: jar:file:///Users/dy/.m2/repository/com/github/almasb/fxgl/21.1/fxgl-21.1.jar!/fxglassets/textures/particles/trace_horizontal.png
22:23:45.915 [FXGL Background Thread 1 ] DEBUG GameApplicationServi - Application scenes initialized
22:23:45.931 [FXGL Background Thread 1 ] DEBUG SystemBundleService  - Loading FXGL system data
22:23:45.935 [FXGL Background Thread 1 ] DEBUG FileSystemAccess     - Reading from: /Users/dy/Desktop/alfa/Java/Projectarbeit/Tanks/system/fxgl.bundle
22:23:45.949 [FXGL Background Thread 1 ] DEBUG SystemBundleService  - Bundle FXGL: {}
22:23:45.949 [FXGL Background Thread 1 ] DEBUG UpdaterService       - Checking for updates
22:23:45.952 [FXGL Background Thread 4 ] DEBUG FXGLApplication      - Loading fonts
22:23:45.952 [FXGL Background Thread 4 ] DEBUG FXGLAssetLoaderServi - Loading from file system: jar:file:///Users/dy/.m2/repository/com/github/almasb/fxgl/21.1/fxgl-21.1.jar!/fxglassets/ui/fonts/VarelaRound-Regular.ttf
22:23:45.953 [FXGL Background Thread 1 ] DEBUG FXGLApplication      - Loading default localization
22:23:45.953 [FXGL Background Thread 1 ] DEBUG FXGLAssetLoaderServi - Loading from file system: jar:file:///Users/dy/.m2/repository/com/github/almasb/fxgl/21.1/fxgl-21.1.jar!/fxglassets/languages/english.lang
22:23:45.978 [FXGL Background Thread 4 ] DEBUG FXGLAssetLoaderServi - Loading from file system: jar:file:///Users/dy/.m2/repository/com/github/almasb/fxgl/21.1/fxgl-21.1.jar!/fxglassets/ui/fonts/Abel-Regular.ttf
22:23:45.978 [FXGL Background Thread 1 ] INFO  FXGLApplication      - FXGL initialization took: 0,782 sec
22:23:45.981 [FXGL Background Thread 4 ] DEBUG FXGLAssetLoaderServi - Loading from file system: jar:file:///Users/dy/.m2/repository/com/github/almasb/fxgl/21.1/fxgl-21.1.jar!/fxglassets/ui/fonts/TerminalLandMono-Regular.otf
22:23:45.985 [FXGL Background Thread 4 ] DEBUG FXGLAssetLoaderServi - Loading from file system: jar:file:///Users/dy/.m2/repository/com/github/almasb/fxgl/21.1/fxgl-21.1.jar!/fxglassets/ui/fonts/Courier-Prime.ttf
22:23:45.988 [JavaFX Application Thread] DEBUG Input                - Registered new binding: action0 - W
22:23:45.988 [JavaFX Application Thread] DEBUG Input                - Registered new binding: action1 - S
22:23:45.989 [JavaFX Application Thread] DEBUG Input                - Registered new binding: action2 - A
22:23:45.990 [JavaFX Application Thread] DEBUG Input                - Registered new binding: action3 - D
22:23:45.990 [JavaFX Application Thread] DEBUG Input                - Registered new binding: action4 - Space
22:23:45.991 [JavaFX Application Thread] DEBUG FXGLAssetLoaderServi - Loading from file system: jar:file:///Users/dy/.m2/repository/com/github/almasb/fxgl/21.1/fxgl-21.1.jar!/fxglassets/textures/fxgl_icon.png
22:23:46.016 [JavaFX Application Thread] DEBUG FXGLAssetLoaderServi - Loading from file system: jar:file:///Users/dy/.m2/repository/com/github/almasb/fxgl/21.1/fxgl-21.1.jar!/fxglassets/textures/fxgl_default_cursor.png
22:23:46.018 [JavaFX Application Thread] DEBUG Input                - Registered new binding: Screenshot - CTRL+8
22:23:46.018 [JavaFX Application Thread] DEBUG Input                - Registered new binding: System info dump - CTRL+9
22:23:46.018 [JavaFX Application Thread] DEBUG Input                - Registered new binding: Restart - CTRL+R
22:23:46.019 [JavaFX Application Thread] DEBUG Input                - Registered new binding: Toggle Debug Camera - CTRL+7
22:23:46.021 [JavaFX Application Thread] DEBUG LoopRunner           - Starting loop
22:23:46.022 [JavaFX Application Thread] DEBUG LoopRunner           - Initializing JavaFX AnimationTimerLoop
22:23:46.023 [JavaFX Application Thread] DEBUG GameApplicationServi - Starting new game
22:23:46.023 [JavaFX Application Thread] DEBUG Input                - Clearing active input actions
22:23:46.033 [JavaFX Application Thread] DEBUG GameApplicationServi - Removing overlay from FXGLStartupScene and adding to FXGLLoadingScene
22:23:46.033 [JavaFX Application Thread] DEBUG PrimaryStageWindow   - FXGLStartupScene -> FXGLLoadingScene
22:23:46.033 [JavaFX Application Thread] DEBUG GameApplicationServi - Clearing previous game
22:23:46.034 [JavaFX Application Thread] DEBUG GameScene            - Clearing game scene
22:23:46.034 [JavaFX Application Thread] DEBUG GameWorld            - Clearing game world
22:23:46.034 [JavaFX Application Thread] DEBUG PhysicsWorld         - Clearing physics world
22:23:46.035 [FXGL Background Thread 4 ] DEBUG FXGLApplication      - Initializing game
22:23:46.060 [JavaFX Application Thread] DEBUG FXGLApplication      - Registering font factories with UI factory
22:23:46.105 [FXGL Background Thread 4 ] WARN  TMXLevelLoader       - TiledMap generated from 1.11.0. Supported version: 1.9.0. Some features may not be parsed fully.
22:23:46.118 [FXGL Background Thread 4 ] DEBUG TMXLevelLoader       - Parsed TiledMap: file:/Users/dy/Desktop/alfa/Java/Projectarbeit/Tanks/target/classes/assets/levels/level.tmx
22:23:46.119 [FXGL Background Thread 4 ] DEBUG TMXLevelLoader       - Creating tile layer entities
22:23:46.120 [FXGL Background Thread 4 ] DEBUG TMXLevelLoader       - Creating object layer entities
22:23:46.161 [FXGL Background Thread 4 ] DEBUG FXGLAssetLoaderServi - Loading from file system: file:/Users/dy/Desktop/alfa/Java/Projectarbeit/Tanks/target/classes/assets/textures/items/sea_animation.png
22:23:46.190 [FXGL Background Thread 4 ] DEBUG GameWorld            - Clearing removable entities
22:23:46.191 [FXGL Background Thread 4 ] DEBUG GameWorld            - Setting level: com.almasb.fxgl.entity.level.Level@fdcb189
22:23:46.197 [FXGL Background Thread 4 ] DEBUG FXGLAssetLoaderServi - Loading from file system: file:/Users/dy/Desktop/alfa/Java/Projectarbeit/Tanks/target/classes/assets/textures/tanks/H1U.png
22:23:46.202 [FXGL Background Thread 4 ] INFO  FXGLApplication      - Game initialization took: 0,167 sec
22:23:46.222 [JavaFX Application Thread] DEBUG Input                - Clearing active input actions
22:23:46.236 [JavaFX Application Thread] DEBUG GameApplicationServi - Removing overlay from FXGLLoadingScene and adding to GameScene
22:23:46.236 [JavaFX Application Thread] DEBUG PrimaryStageWindow   - FXGLLoadingScene -> GameScene
22:23:48.955 [FXGL Background Thread 3 ] DEBUG Engine               - Logging environment variables
22:23:48.956 [FXGL Background Thread 3 ] DEBUG Engine               - achievements: []
22:23:48.957 [FXGL Background Thread 3 ] DEBUG Engine               - actualHeight: 672.0
22:23:48.957 [FXGL Background Thread 3 ] DEBUG Engine               - actualHeightProperty: ReadOnlyDoubleProperty [value: 672.0]
22:23:48.957 [FXGL Background Thread 3 ] DEBUG Engine               - actualWidth: 816.0
22:23:48.957 [FXGL Background Thread 3 ] DEBUG Engine               - actualWidthProperty: ReadOnlyDoubleProperty [value: 816.0]
22:23:48.957 [FXGL Background Thread 3 ] DEBUG Engine               - appIcon: fxgl_icon.png
22:23:48.958 [FXGL Background Thread 3 ] DEBUG Engine               - applicationMode: DEVELOPER
22:23:48.958 [FXGL Background Thread 3 ] DEBUG Engine               - cSSList: [fxgl_dark.css]
22:23:48.958 [FXGL Background Thread 3 ] DEBUG Engine               - collisionDetectionStrategy: BRUTE_FORCE
22:23:48.958 [FXGL Background Thread 3 ] DEBUG Engine               - configClass: Optional.empty
22:23:48.958 [FXGL Background Thread 3 ] DEBUG Engine               - credits: []
22:23:48.959 [FXGL Background Thread 3 ] DEBUG Engine               - defaultCursor: CursorInfo(imageName=fxgl_default_cursor.png, hotspotX=7.0, hotspotY=6.0)
22:23:48.959 [FXGL Background Thread 3 ] DEBUG Engine               - devBBoxColorProperty: ObjectProperty [value: 0xff0000ff]
22:23:48.960 [FXGL Background Thread 3 ] DEBUG Engine               - devEnableDebugCameraProperty: BooleanProperty [value: false]
22:23:48.960 [FXGL Background Thread 3 ] DEBUG Engine               - devSensorColorProperty: ObjectProperty [value: 0xffff00ff]
22:23:48.960 [FXGL Background Thread 3 ] DEBUG Engine               - devShowBBoxProperty: BooleanProperty [value: false]
22:23:48.960 [FXGL Background Thread 3 ] DEBUG Engine               - devShowPositionProperty: BooleanProperty [value: false]
22:23:48.960 [FXGL Background Thread 3 ] DEBUG Engine               - enabledMenuItems: []
22:23:48.960 [FXGL Background Thread 3 ] DEBUG Engine               - engineServices: [class com.almasb.fxgl.app.services.FXGLAssetLoaderService, class com.almasb.fxgl.app.FXGLApplication$GameApplicationService, class com.almasb.fxgl.app.services.FXGLDialogService, class com.almasb.fxgl.app.services.IOTaskExecutorService, class com.almasb.fxgl.io.FileSystemService, class com.almasb.fxgl.localization.LocalizationService, class com.almasb.fxgl.app.services.SystemBundleService, class com.almasb.fxgl.profile.SaveLoadService, class com.almasb.fxgl.ui.FXGLUIFactoryServiceProvider, class com.almasb.fxgl.ui.FXGLDialogFactoryServiceProvider, class com.almasb.fxgl.audio.AudioPlayer, class com.almasb.fxgl.notification.impl.NotificationServiceProvider, class com.almasb.fxgl.achievement.AchievementService, class com.almasb.fxgl.cutscene.CutsceneService, class com.almasb.fxgl.minigames.MiniGameService, class com.almasb.fxgl.net.NetService, class com.almasb.fxgl.app.services.UpdaterService, class com.almasb.fxgl.dev.DevService]
22:23:48.960 [FXGL Background Thread 3 ] DEBUG Engine               - fontGame: Abel-Regular.ttf
22:23:48.961 [FXGL Background Thread 3 ] DEBUG Engine               - fontMono: TerminalLandMono-Regular.otf
22:23:48.961 [FXGL Background Thread 3 ] DEBUG Engine               - fontSizeScaleUI: 1.0
22:23:48.961 [FXGL Background Thread 3 ] DEBUG Engine               - fontText: Courier-Prime.ttf
22:23:48.961 [FXGL Background Thread 3 ] DEBUG Engine               - fontUI: VarelaRound-Regular.ttf
22:23:48.961 [FXGL Background Thread 3 ] DEBUG Engine               - fullScreen: BooleanProperty [value: false]
22:23:48.961 [FXGL Background Thread 3 ] DEBUG Engine               - gameDifficulty: MEDIUM
22:23:48.961 [FXGL Background Thread 3 ] DEBUG Engine               - gameDifficultyProperty: ObjectProperty [value: MEDIUM]
22:23:48.962 [FXGL Background Thread 3 ] DEBUG Engine               - globalMusicVolume: 0.5
22:23:48.962 [FXGL Background Thread 3 ] DEBUG Engine               - globalMusicVolumeProperty: DoubleProperty [value: 0.5]
22:23:48.962 [FXGL Background Thread 3 ] DEBUG Engine               - globalSoundVolume: 0.5
22:23:48.962 [FXGL Background Thread 3 ] DEBUG Engine               - globalSoundVolumeProperty: DoubleProperty [value: 0.5]
22:23:48.962 [FXGL Background Thread 3 ] DEBUG Engine               - height: 672
22:23:48.962 [FXGL Background Thread 3 ] DEBUG Engine               - is3D: false
22:23:48.963 [FXGL Background Thread 3 ] DEBUG Engine               - isAndroid: false
22:23:48.963 [FXGL Background Thread 3 ] DEBUG Engine               - isBrowser: false
22:23:48.963 [FXGL Background Thread 3 ] DEBUG Engine               - isClickFeedbackEnabled: false
22:23:48.963 [FXGL Background Thread 3 ] DEBUG Engine               - isCloseConfirmation: false
22:23:48.963 [FXGL Background Thread 3 ] DEBUG Engine               - isDesktop: true
22:23:48.963 [FXGL Background Thread 3 ] DEBUG Engine               - isDeveloperMenuEnabled: false
22:23:48.963 [FXGL Background Thread 3 ] DEBUG Engine               - isEmbedded: false
22:23:48.963 [FXGL Background Thread 3 ] DEBUG Engine               - isEntityPreloadEnabled: true
22:23:48.963 [FXGL Background Thread 3 ] DEBUG Engine               - isExperimentalTiledLargeMap: false
22:23:48.963 [FXGL Background Thread 3 ] DEBUG Engine               - isFileSystemWriteAllowed: true
22:23:48.963 [FXGL Background Thread 3 ] DEBUG Engine               - isFullScreenAllowed: false
22:23:48.963 [FXGL Background Thread 3 ] DEBUG Engine               - isFullScreenFromStart: false
22:23:48.964 [FXGL Background Thread 3 ] DEBUG Engine               - isGameMenuEnabled: true
22:23:48.964 [FXGL Background Thread 3 ] DEBUG Engine               - isIOS: false
22:23:48.964 [FXGL Background Thread 3 ] DEBUG Engine               - isIntroEnabled: false
22:23:48.964 [FXGL Background Thread 3 ] DEBUG Engine               - isLinux: false
22:23:48.964 [FXGL Background Thread 3 ] DEBUG Engine               - isMac: true
22:23:48.964 [FXGL Background Thread 3 ] DEBUG Engine               - isMainMenuEnabled: false
22:23:48.964 [FXGL Background Thread 3 ] DEBUG Engine               - isManualResizeEnabled: false
22:23:48.964 [FXGL Background Thread 3 ] DEBUG Engine               - isMobile: false
22:23:48.964 [FXGL Background Thread 3 ] DEBUG Engine               - isNative: false
22:23:48.964 [FXGL Background Thread 3 ] DEBUG Engine               - isPauseMusicWhenMinimized: true
22:23:48.964 [FXGL Background Thread 3 ] DEBUG Engine               - isPreserveResizeRatio: false
22:23:48.964 [FXGL Background Thread 3 ] DEBUG Engine               - isProfilingEnabled: false
22:23:48.964 [FXGL Background Thread 3 ] DEBUG Engine               - isScaleAffectedOnResize: true
22:23:48.965 [FXGL Background Thread 3 ] DEBUG Engine               - isSingleStep: false
22:23:48.965 [FXGL Background Thread 3 ] DEBUG Engine               - isUserProfileEnabled: false
22:23:48.965 [FXGL Background Thread 3 ] DEBUG Engine               - isWindows: false
22:23:48.965 [FXGL Background Thread 3 ] DEBUG Engine               - language: ObjectProperty [value: ENGLISH]
22:23:48.965 [FXGL Background Thread 3 ] DEBUG Engine               - menuKey: ESCAPE
22:23:48.965 [FXGL Background Thread 3 ] DEBUG Engine               - mouseSensitivity: 0.2
22:23:48.965 [FXGL Background Thread 3 ] DEBUG Engine               - notificationViewClass: class com.almasb.fxgl.notification.view.XboxNotificationView
22:23:48.965 [FXGL Background Thread 3 ] DEBUG Engine               - pixelsPerMeter: 50.0
22:23:48.965 [FXGL Background Thread 3 ] DEBUG Engine               - platform: MAC
22:23:48.965 [FXGL Background Thread 3 ] DEBUG Engine               - prefHeightProperty: ReadOnlyDoubleProperty [value: 672.0]
22:23:48.965 [FXGL Background Thread 3 ] DEBUG Engine               - prefWidthProperty: ReadOnlyDoubleProperty [value: 816.0]
22:23:48.965 [FXGL Background Thread 3 ] DEBUG Engine               - profileDir: profiles/
22:23:48.966 [FXGL Background Thread 3 ] DEBUG Engine               - profileName: StringProperty [value: DEFAULT]
22:23:48.966 [FXGL Background Thread 3 ] DEBUG Engine               - randomSeed: -1
22:23:48.966 [FXGL Background Thread 3 ] DEBUG Engine               - runtimeInfo: RuntimeInfo(platform=MAC, version=21.1, build=27.03.2024 07.52)
22:23:48.966 [FXGL Background Thread 3 ] DEBUG Engine               - saveFileExt: sav
22:23:48.966 [FXGL Background Thread 3 ] DEBUG Engine               - scaledHeightProp$fxgl: DoubleProperty [bound, value: 672.0]
22:23:48.966 [FXGL Background Thread 3 ] DEBUG Engine               - scaledWidthProp$fxgl: DoubleProperty [bound, value: 816.0]
22:23:48.966 [FXGL Background Thread 3 ] DEBUG Engine               - sceneFactory: com.almasb.fxgl.app.scene.SceneFactory@3c8b77c9
22:23:48.967 [FXGL Background Thread 3 ] DEBUG Engine               - secondsIn24h: 60
22:23:48.967 [FXGL Background Thread 3 ] DEBUG Engine               - soundMenuBack: menu/back.wav
22:23:48.967 [FXGL Background Thread 3 ] DEBUG Engine               - soundMenuPress: menu/press.wav
22:23:48.967 [FXGL Background Thread 3 ] DEBUG Engine               - soundMenuSelect: menu/select.wav
22:23:48.967 [FXGL Background Thread 3 ] DEBUG Engine               - soundNotification: core/notification.wav
22:23:48.967 [FXGL Background Thread 3 ] DEBUG Engine               - stageStyle: DECORATED
22:23:48.967 [FXGL Background Thread 3 ] DEBUG Engine               - supportedLanguages: [ENGLISH, FRENCH, GERMAN, HUNGARIAN, RUSSIAN]
22:23:48.967 [FXGL Background Thread 3 ] DEBUG Engine               - ticksPerSecond: -1
22:23:48.967 [FXGL Background Thread 3 ] DEBUG Engine               - title: Tank
22:23:48.967 [FXGL Background Thread 3 ] DEBUG Engine               - urlGithub: https://github.com/AlmasB/FXGL
22:23:48.967 [FXGL Background Thread 3 ] DEBUG Engine               - urlLeaderboard: http://fxgl-top.herokuapp.com/
22:23:48.967 [FXGL Background Thread 3 ] DEBUG Engine               - urlPOM: https://raw.githubusercontent.com/AlmasB/FXGL/release/README.md
22:23:48.967 [FXGL Background Thread 3 ] DEBUG Engine               - userAppClass: class de.dywebstudio.tanks.TankApp
22:23:48.967 [FXGL Background Thread 3 ] DEBUG Engine               - version: 1.0
22:23:48.968 [FXGL Background Thread 3 ] DEBUG Engine               - versionCheckDays: 7
22:23:48.968 [FXGL Background Thread 3 ] DEBUG Engine               - width: 816
22:23:48.968 [FXGL Background Thread 3 ] DEBUG Engine               - Logging services
22:23:48.968 [FXGL Background Thread 3 ] DEBUG Engine               - class com.almasb.fxgl.app.services.FXGLAssetLoaderService
22:23:48.968 [FXGL Background Thread 3 ] DEBUG Engine               - class com.almasb.fxgl.app.FXGLApplication$GameApplicationService
22:23:48.968 [FXGL Background Thread 3 ] DEBUG Engine               - class com.almasb.fxgl.app.services.FXGLDialogService
22:23:48.968 [FXGL Background Thread 3 ] DEBUG Engine               - class com.almasb.fxgl.app.services.IOTaskExecutorService
22:23:48.968 [FXGL Background Thread 3 ] DEBUG Engine               - class com.almasb.fxgl.io.FileSystemService
22:23:48.968 [FXGL Background Thread 3 ] DEBUG Engine               - class com.almasb.fxgl.localization.LocalizationService
22:23:48.968 [FXGL Background Thread 3 ] DEBUG Engine               - class com.almasb.fxgl.app.services.SystemBundleService
22:23:48.968 [FXGL Background Thread 3 ] DEBUG Engine               - class com.almasb.fxgl.profile.SaveLoadService
22:23:48.968 [FXGL Background Thread 3 ] DEBUG Engine               - class com.almasb.fxgl.ui.FXGLUIFactoryServiceProvider
22:23:48.968 [FXGL Background Thread 3 ] DEBUG Engine               - class com.almasb.fxgl.ui.FXGLDialogFactoryServiceProvider
22:23:48.968 [FXGL Background Thread 3 ] DEBUG Engine               - class com.almasb.fxgl.audio.AudioPlayer
22:23:48.968 [FXGL Background Thread 3 ] DEBUG Engine               - class com.almasb.fxgl.notification.impl.NotificationServiceProvider
22:23:48.968 [FXGL Background Thread 3 ] DEBUG Engine               - class com.almasb.fxgl.achievement.AchievementService
22:23:48.968 [FXGL Background Thread 3 ] DEBUG Engine               - class com.almasb.fxgl.cutscene.CutsceneService
22:23:48.968 [FXGL Background Thread 3 ] DEBUG Engine               - class com.almasb.fxgl.minigames.MiniGameService
22:23:48.968 [FXGL Background Thread 3 ] DEBUG Engine               - class com.almasb.fxgl.net.NetService
22:23:48.969 [FXGL Background Thread 3 ] DEBUG Engine               - class com.almasb.fxgl.app.services.UpdaterService
22:23:48.969 [FXGL Background Thread 3 ] DEBUG Engine               - class com.almasb.fxgl.dev.DevService
22:24:03.230 [JavaFX Application Thread] DEBUG FXGLApplication      - Exiting FXGL
22:24:03.230 [JavaFX Application Thread] DEBUG LoopRunner           - Stopping loop
22:24:03.231 [JavaFX Application Thread] DEBUG SystemBundleService  - Saving FXGL system data
22:24:03.236 [JavaFX Application Thread] DEBUG FileSystemAccess     - Writing to: /Users/dy/Desktop/alfa/Java/Projectarbeit/Tanks/system/fxgl.bundle
22:24:03.239 [JavaFX Application Thread] DEBUG Async                - Shutting down background threads
22:24:03.240 [JavaFX Application Thread] DEBUG PrimaryStageWindow   - Closing main window
22:24:03.287 [JavaFX Application Thread] DEBUG Logger               - Closing Logger
