18:05:55.248 [main                     ] DEBUG Logger               - Configured Logger
18:05:55.291 [main                     ] DEBUG GameApplication      - Logging settings
Title: Tank
Version: 1.0
Width: 816
Height: 672
Fullscreen: false
Intro: false
Profiling: false
Single step:false
App Mode: DEVELOPER
Menu Key: ESCAPE
Stage Style: DECORATED
Scene Factory: class com.almasb.fxgl.app.scene.SceneFactory

18:05:55.712 [JavaFX Application Thread] DEBUG FXGLApplication      - Initializing FXGL
18:05:55.718 [JavaFX Application Thread] INFO  Engine               - FXGL-21.1 (27.03.2024 07.52) on MAC (J:22.0.2 FX:22.0.1)
18:05:55.718 [JavaFX Application Thread] DEBUG Engine               - JRE Vendor Name: Oracle Corporation
18:05:55.719 [JavaFX Application Thread] DEBUG Engine               - Running on OS: Mac OS X version 14.6.1
18:05:55.719 [JavaFX Application Thread] DEBUG Engine               - Architecture: x86_64
18:05:55.719 [JavaFX Application Thread] INFO  Engine               - Source code and latest versions at: https://github.com/AlmasB/FXGL
18:05:55.719 [JavaFX Application Thread] INFO  Engine               -       Ask questions and discuss at: https://github.com/AlmasB/FXGL/discussions
18:05:55.719 [JavaFX Application Thread] INFO  Engine               -              Join the FXGL chat at: https://gitter.im/AlmasB/FXGL
18:05:55.822 [JavaFX Application Thread] DEBUG PrimaryStageWindow   - Creating a JavaFX scene
18:05:55.883 [JavaFX Application Thread] DEBUG PrimaryStageWindow   - Target settings size: 816.0 x 672.0
18:05:55.884 [JavaFX Application Thread] DEBUG PrimaryStageWindow   - Scaled scene size:    816.0 x 672.0
18:05:55.884 [JavaFX Application Thread] DEBUG PrimaryStageWindow   - Scaled ratio: (1.0, 1.0)
18:05:55.885 [JavaFX Application Thread] DEBUG PrimaryStageWindow   - Set initial scene to FXGLStartupScene
18:05:55.888 [JavaFX Application Thread] DEBUG PrimaryStageWindow   - Opening main window
18:05:56.041 [JavaFX Application Thread] DEBUG PrimaryStageWindow   - Window border size: (0.0, 28.0)
18:05:56.041 [JavaFX Application Thread] DEBUG PrimaryStageWindow   - Scaled size: 816.0 x 672.0
18:05:56.041 [JavaFX Application Thread] DEBUG PrimaryStageWindow   - Scaled ratio: (1.0, 1.0)
18:05:56.042 [JavaFX Application Thread] DEBUG PrimaryStageWindow   - Scene size: 816.0 x 672.0
18:05:56.042 [JavaFX Application Thread] DEBUG PrimaryStageWindow   - Stage size: 816.0 x 700.0
18:05:56.053 [FXGL Background Thread 1 ] DEBUG Engine               - Initializing environment variables
18:05:56.140 [FXGL Background Thread 1 ] DEBUG FXGLAssetLoaderServi - User app class for loading assets: class de.dywebstudio.tanks.TankApp
18:05:56.141 [FXGL Background Thread 1 ] DEBUG GameApplicationServi - Applying CSS: fxgl_dark.css
18:05:56.143 [FXGL Background Thread 1 ] DEBUG FXGLAssetLoaderServi - Loading from file system: jar:file:///Users/dy/.m2/repository/com/github/almasb/fxgl/21.1/fxgl-21.1.jar!/fxglassets/ui/css/fxgl_dark.css
18:05:56.211 [FXGL Background Thread 1 ] DEBUG GameApplicationServi - Initializing application scenes
18:05:56.510 [FXGL Background Thread 1 ] DEBUG GameWorld            - Game world initialized
18:05:56.556 [FXGL Background Thread 1 ] DEBUG PhysicsWorld         - Physics world initialized: appHeight=672, physics.ppm=50,0
18:05:56.556 [FXGL Background Thread 1 ] DEBUG PhysicsWorld         - Using strategy: BRUTE_FORCE
18:05:56.560 [FXGL Background Thread 1 ] DEBUG GameScene            - Game scene initialized: 816x672
18:05:56.570 [FXGL Background Thread 1 ] DEBUG FXGL.DefaultMenu     - createMenuBodyGameMenu()
18:05:56.582 [FXGL Background Thread 1 ] DEBUG FXGL.DefaultMenu     - createOptionsMenu()
18:05:56.593 [FXGL Background Thread 1 ] DEBUG FXGLAssetLoaderServi - Loading from file system: jar:file:///Users/dy/.m2/repository/com/github/almasb/fxgl/21.1/fxgl-21.1.jar!/fxglassets/textures/particles/smoke.png
18:05:56.684 [FXGL Background Thread 1 ] DEBUG FXGLAssetLoaderServi - Loading from file system: jar:file:///Users/dy/.m2/repository/com/github/almasb/fxgl/21.1/fxgl-21.1.jar!/fxglassets/textures/particles/trace_horizontal.png
18:05:56.705 [FXGL Background Thread 1 ] DEBUG GameApplicationServi - Application scenes initialized
18:05:56.715 [FXGL Background Thread 1 ] DEBUG SystemBundleService  - Loading FXGL system data
18:05:56.718 [FXGL Background Thread 1 ] DEBUG FileSystemAccess     - Reading from: /Users/dy/Desktop/alfa/Java/Projectarbeit/Tanks/system/fxgl.bundle
18:05:56.724 [FXGL Background Thread 1 ] DEBUG SystemBundleService  - Bundle FXGL: {}
18:05:56.724 [FXGL Background Thread 1 ] DEBUG UpdaterService       - Checking for updates
18:05:56.730 [FXGL Background Thread 4 ] DEBUG FXGLApplication      - Loading fonts
18:05:56.730 [FXGL Background Thread 4 ] DEBUG FXGLAssetLoaderServi - Loading from file system: jar:file:///Users/dy/.m2/repository/com/github/almasb/fxgl/21.1/fxgl-21.1.jar!/fxglassets/ui/fonts/VarelaRound-Regular.ttf
18:05:56.730 [FXGL Background Thread 1 ] DEBUG FXGLApplication      - Loading default localization
18:05:56.731 [FXGL Background Thread 1 ] DEBUG FXGLAssetLoaderServi - Loading from file system: jar:file:///Users/dy/.m2/repository/com/github/almasb/fxgl/21.1/fxgl-21.1.jar!/fxglassets/languages/english.lang
18:05:56.745 [FXGL Background Thread 1 ] INFO  FXGLApplication      - FXGL initialization took: 0,692 sec
18:05:56.745 [FXGL Background Thread 4 ] DEBUG FXGLAssetLoaderServi - Loading from file system: jar:file:///Users/dy/.m2/repository/com/github/almasb/fxgl/21.1/fxgl-21.1.jar!/fxglassets/ui/fonts/Abel-Regular.ttf
18:05:56.748 [FXGL Background Thread 4 ] DEBUG FXGLAssetLoaderServi - Loading from file system: jar:file:///Users/dy/.m2/repository/com/github/almasb/fxgl/21.1/fxgl-21.1.jar!/fxglassets/ui/fonts/TerminalLandMono-Regular.otf
18:05:56.751 [FXGL Background Thread 4 ] DEBUG FXGLAssetLoaderServi - Loading from file system: jar:file:///Users/dy/.m2/repository/com/github/almasb/fxgl/21.1/fxgl-21.1.jar!/fxglassets/ui/fonts/Courier-Prime.ttf
18:05:56.753 [JavaFX Application Thread] DEBUG Input                - Registered new binding: action0 - W
18:05:56.754 [JavaFX Application Thread] DEBUG Input                - Registered new binding: action1 - S
18:05:56.754 [JavaFX Application Thread] DEBUG Input                - Registered new binding: action2 - A
18:05:56.754 [JavaFX Application Thread] DEBUG Input                - Registered new binding: action3 - D
18:05:56.755 [JavaFX Application Thread] DEBUG Input                - Registered new binding: action4 - Space
18:05:56.755 [JavaFX Application Thread] DEBUG FXGLAssetLoaderServi - Loading from file system: jar:file:///Users/dy/.m2/repository/com/github/almasb/fxgl/21.1/fxgl-21.1.jar!/fxglassets/textures/fxgl_icon.png
18:05:56.780 [JavaFX Application Thread] DEBUG FXGLAssetLoaderServi - Loading from file system: jar:file:///Users/dy/.m2/repository/com/github/almasb/fxgl/21.1/fxgl-21.1.jar!/fxglassets/textures/fxgl_default_cursor.png
18:05:56.782 [JavaFX Application Thread] DEBUG Input                - Registered new binding: Screenshot - CTRL+8
18:05:56.782 [JavaFX Application Thread] DEBUG Input                - Registered new binding: System info dump - CTRL+9
18:05:56.783 [JavaFX Application Thread] DEBUG Input                - Registered new binding: Restart - CTRL+R
18:05:56.783 [JavaFX Application Thread] DEBUG Input                - Registered new binding: Toggle Debug Camera - CTRL+7
18:05:56.785 [JavaFX Application Thread] DEBUG LoopRunner           - Starting loop
18:05:56.785 [JavaFX Application Thread] DEBUG LoopRunner           - Initializing JavaFX AnimationTimerLoop
18:05:56.786 [JavaFX Application Thread] DEBUG GameApplicationServi - Starting new game
18:05:56.787 [JavaFX Application Thread] DEBUG Input                - Clearing active input actions
18:05:56.797 [JavaFX Application Thread] DEBUG GameApplicationServi - Removing overlay from FXGLStartupScene and adding to FXGLLoadingScene
18:05:56.798 [JavaFX Application Thread] DEBUG PrimaryStageWindow   - FXGLStartupScene -> FXGLLoadingScene
18:05:56.798 [JavaFX Application Thread] DEBUG GameApplicationServi - Clearing previous game
18:05:56.798 [JavaFX Application Thread] DEBUG GameScene            - Clearing game scene
18:05:56.798 [JavaFX Application Thread] DEBUG GameWorld            - Clearing game world
18:05:56.798 [JavaFX Application Thread] DEBUG PhysicsWorld         - Clearing physics world
18:05:56.800 [FXGL Background Thread 4 ] DEBUG FXGLApplication      - Initializing game
18:05:56.822 [JavaFX Application Thread] DEBUG FXGLApplication      - Registering font factories with UI factory
18:05:56.876 [FXGL Background Thread 4 ] WARN  TMXLevelLoader       - TiledMap generated from 1.11.0. Supported version: 1.9.0. Some features may not be parsed fully.
18:05:56.907 [FXGL Background Thread 4 ] DEBUG TMXLevelLoader       - Parsed TiledMap: file:/Users/dy/Desktop/alfa/Java/Projectarbeit/Tanks/target/classes/assets/levels/level.tmx
18:05:56.907 [FXGL Background Thread 4 ] DEBUG TMXLevelLoader       - Creating tile layer entities
18:05:56.909 [FXGL Background Thread 4 ] DEBUG TMXLevelLoader       - Creating object layer entities
18:05:56.948 [FXGL Background Thread 4 ] DEBUG FXGLAssetLoaderServi - Loading from file system: file:/Users/dy/Desktop/alfa/Java/Projectarbeit/Tanks/target/classes/assets/textures/items/sea_animation.png
18:05:57.095 [FXGL Background Thread 4 ] DEBUG GameWorld            - Clearing removable entities
18:05:57.096 [FXGL Background Thread 4 ] DEBUG GameWorld            - Setting level: com.almasb.fxgl.entity.level.Level@142e6055
18:05:57.124 [FXGL Background Thread 4 ] DEBUG FXGLAssetLoaderServi - Loading from file system: file:/Users/dy/Desktop/alfa/Java/Projectarbeit/Tanks/target/classes/assets/textures/tanks/player.png
18:05:57.130 [FXGL Background Thread 4 ] DEBUG FXGLAssetLoaderServi - Loading from file system: file:/Users/dy/Desktop/alfa/Java/Projectarbeit/Tanks/target/classes/assets/textures/tanks/T4.png
18:05:57.133 [FXGL Background Thread 4 ] DEBUG FXGLAssetLoaderServi - Loading from file system: file:/Users/dy/Desktop/alfa/Java/Projectarbeit/Tanks/target/classes/assets/textures/tanks/T2.png
18:05:57.134 [FXGL Background Thread 4 ] DEBUG FXGLAssetLoaderServi - Loading from file system: file:/Users/dy/Desktop/alfa/Java/Projectarbeit/Tanks/target/classes/assets/textures/tanks/T3.png
18:05:57.136 [FXGL Background Thread 4 ] INFO  FXGLApplication      - Game initialization took: 0,336 sec
18:05:57.137 [JavaFX Application Thread] DEBUG Input                - Clearing active input actions
18:05:57.154 [JavaFX Application Thread] DEBUG GameApplicationServi - Removing overlay from FXGLLoadingScene and adding to GameScene
18:05:57.154 [JavaFX Application Thread] DEBUG PrimaryStageWindow   - FXGLLoadingScene -> GameScene
18:05:57.631 [JavaFX Application Thread] DEBUG FXGLAssetLoaderServi - Loading from file system: file:/Users/dy/Desktop/alfa/Java/Projectarbeit/Tanks/target/classes/assets/textures/items/bullet/norm.png
18:05:59.732 [FXGL Background Thread 3 ] DEBUG Engine               - Logging environment variables
18:05:59.732 [FXGL Background Thread 3 ] DEBUG Engine               - achievements: []
18:05:59.732 [FXGL Background Thread 3 ] DEBUG Engine               - actualHeight: 672.0
18:05:59.733 [FXGL Background Thread 3 ] DEBUG Engine               - actualHeightProperty: ReadOnlyDoubleProperty [value: 672.0]
18:05:59.733 [FXGL Background Thread 3 ] DEBUG Engine               - actualWidth: 816.0
18:05:59.733 [FXGL Background Thread 3 ] DEBUG Engine               - actualWidthProperty: ReadOnlyDoubleProperty [value: 816.0]
18:05:59.733 [FXGL Background Thread 3 ] DEBUG Engine               - appIcon: fxgl_icon.png
18:05:59.733 [FXGL Background Thread 3 ] DEBUG Engine               - applicationMode: DEVELOPER
18:05:59.733 [FXGL Background Thread 3 ] DEBUG Engine               - cSSList: [fxgl_dark.css]
18:05:59.733 [FXGL Background Thread 3 ] DEBUG Engine               - collisionDetectionStrategy: BRUTE_FORCE
18:05:59.733 [FXGL Background Thread 3 ] DEBUG Engine               - configClass: Optional.empty
18:05:59.733 [FXGL Background Thread 3 ] DEBUG Engine               - credits: []
18:05:59.734 [FXGL Background Thread 3 ] DEBUG Engine               - defaultCursor: CursorInfo(imageName=fxgl_default_cursor.png, hotspotX=7.0, hotspotY=6.0)
18:05:59.734 [FXGL Background Thread 3 ] DEBUG Engine               - devBBoxColorProperty: ObjectProperty [value: 0xff0000ff]
18:05:59.734 [FXGL Background Thread 3 ] DEBUG Engine               - devEnableDebugCameraProperty: BooleanProperty [value: false]
18:05:59.734 [FXGL Background Thread 3 ] DEBUG Engine               - devSensorColorProperty: ObjectProperty [value: 0xffff00ff]
18:05:59.734 [FXGL Background Thread 3 ] DEBUG Engine               - devShowBBoxProperty: BooleanProperty [value: false]
18:05:59.734 [FXGL Background Thread 3 ] DEBUG Engine               - devShowPositionProperty: BooleanProperty [value: false]
18:05:59.734 [FXGL Background Thread 3 ] DEBUG Engine               - enabledMenuItems: []
18:05:59.735 [FXGL Background Thread 3 ] DEBUG Engine               - engineServices: [class com.almasb.fxgl.app.services.FXGLAssetLoaderService, class com.almasb.fxgl.app.FXGLApplication$GameApplicationService, class com.almasb.fxgl.app.services.FXGLDialogService, class com.almasb.fxgl.app.services.IOTaskExecutorService, class com.almasb.fxgl.io.FileSystemService, class com.almasb.fxgl.localization.LocalizationService, class com.almasb.fxgl.app.services.SystemBundleService, class com.almasb.fxgl.profile.SaveLoadService, class com.almasb.fxgl.ui.FXGLUIFactoryServiceProvider, class com.almasb.fxgl.ui.FXGLDialogFactoryServiceProvider, class com.almasb.fxgl.audio.AudioPlayer, class com.almasb.fxgl.notification.impl.NotificationServiceProvider, class com.almasb.fxgl.achievement.AchievementService, class com.almasb.fxgl.cutscene.CutsceneService, class com.almasb.fxgl.minigames.MiniGameService, class com.almasb.fxgl.net.NetService, class com.almasb.fxgl.app.services.UpdaterService, class com.almasb.fxgl.dev.DevService]
18:05:59.735 [FXGL Background Thread 3 ] DEBUG Engine               - fontGame: Abel-Regular.ttf
18:05:59.735 [FXGL Background Thread 3 ] DEBUG Engine               - fontMono: TerminalLandMono-Regular.otf
18:05:59.735 [FXGL Background Thread 3 ] DEBUG Engine               - fontSizeScaleUI: 1.0
18:05:59.735 [FXGL Background Thread 3 ] DEBUG Engine               - fontText: Courier-Prime.ttf
18:05:59.735 [FXGL Background Thread 3 ] DEBUG Engine               - fontUI: VarelaRound-Regular.ttf
18:05:59.735 [FXGL Background Thread 3 ] DEBUG Engine               - fullScreen: BooleanProperty [value: false]
18:05:59.735 [FXGL Background Thread 3 ] DEBUG Engine               - gameDifficulty: MEDIUM
18:05:59.735 [FXGL Background Thread 3 ] DEBUG Engine               - gameDifficultyProperty: ObjectProperty [value: MEDIUM]
18:05:59.735 [FXGL Background Thread 3 ] DEBUG Engine               - globalMusicVolume: 0.5
18:05:59.736 [FXGL Background Thread 3 ] DEBUG Engine               - globalMusicVolumeProperty: DoubleProperty [value: 0.5]
18:05:59.736 [FXGL Background Thread 3 ] DEBUG Engine               - globalSoundVolume: 0.5
18:05:59.736 [FXGL Background Thread 3 ] DEBUG Engine               - globalSoundVolumeProperty: DoubleProperty [value: 0.5]
18:05:59.736 [FXGL Background Thread 3 ] DEBUG Engine               - height: 672
18:05:59.736 [FXGL Background Thread 3 ] DEBUG Engine               - is3D: false
18:05:59.736 [FXGL Background Thread 3 ] DEBUG Engine               - isAndroid: false
18:05:59.736 [FXGL Background Thread 3 ] DEBUG Engine               - isBrowser: false
18:05:59.736 [FXGL Background Thread 3 ] DEBUG Engine               - isClickFeedbackEnabled: false
18:05:59.736 [FXGL Background Thread 3 ] DEBUG Engine               - isCloseConfirmation: false
18:05:59.736 [FXGL Background Thread 3 ] DEBUG Engine               - isDesktop: true
18:05:59.736 [FXGL Background Thread 3 ] DEBUG Engine               - isDeveloperMenuEnabled: false
18:05:59.736 [FXGL Background Thread 3 ] DEBUG Engine               - isEmbedded: false
18:05:59.736 [FXGL Background Thread 3 ] DEBUG Engine               - isEntityPreloadEnabled: true
18:05:59.736 [FXGL Background Thread 3 ] DEBUG Engine               - isExperimentalTiledLargeMap: false
18:05:59.736 [FXGL Background Thread 3 ] DEBUG Engine               - isFileSystemWriteAllowed: true
18:05:59.736 [FXGL Background Thread 3 ] DEBUG Engine               - isFullScreenAllowed: false
18:05:59.737 [FXGL Background Thread 3 ] DEBUG Engine               - isFullScreenFromStart: false
18:05:59.737 [FXGL Background Thread 3 ] DEBUG Engine               - isGameMenuEnabled: true
18:05:59.737 [FXGL Background Thread 3 ] DEBUG Engine               - isIOS: false
18:05:59.737 [FXGL Background Thread 3 ] DEBUG Engine               - isIntroEnabled: false
18:05:59.737 [FXGL Background Thread 3 ] DEBUG Engine               - isLinux: false
18:05:59.737 [FXGL Background Thread 3 ] DEBUG Engine               - isMac: true
18:05:59.737 [FXGL Background Thread 3 ] DEBUG Engine               - isMainMenuEnabled: false
18:05:59.737 [FXGL Background Thread 3 ] DEBUG Engine               - isManualResizeEnabled: false
18:05:59.737 [FXGL Background Thread 3 ] DEBUG Engine               - isMobile: false
18:05:59.737 [FXGL Background Thread 3 ] DEBUG Engine               - isNative: false
18:05:59.737 [FXGL Background Thread 3 ] DEBUG Engine               - isPauseMusicWhenMinimized: true
18:05:59.737 [FXGL Background Thread 3 ] DEBUG Engine               - isPreserveResizeRatio: false
18:05:59.737 [FXGL Background Thread 3 ] DEBUG Engine               - isProfilingEnabled: false
18:05:59.737 [FXGL Background Thread 3 ] DEBUG Engine               - isScaleAffectedOnResize: true
18:05:59.737 [FXGL Background Thread 3 ] DEBUG Engine               - isSingleStep: false
18:05:59.737 [FXGL Background Thread 3 ] DEBUG Engine               - isUserProfileEnabled: false
18:05:59.737 [FXGL Background Thread 3 ] DEBUG Engine               - isWindows: false
18:05:59.737 [FXGL Background Thread 3 ] DEBUG Engine               - language: ObjectProperty [value: ENGLISH]
18:05:59.737 [FXGL Background Thread 3 ] DEBUG Engine               - menuKey: ESCAPE
18:05:59.737 [FXGL Background Thread 3 ] DEBUG Engine               - mouseSensitivity: 0.2
18:05:59.737 [FXGL Background Thread 3 ] DEBUG Engine               - notificationViewClass: class com.almasb.fxgl.notification.view.XboxNotificationView
18:05:59.738 [FXGL Background Thread 3 ] DEBUG Engine               - pixelsPerMeter: 50.0
18:05:59.738 [FXGL Background Thread 3 ] DEBUG Engine               - platform: MAC
18:05:59.738 [FXGL Background Thread 3 ] DEBUG Engine               - prefHeightProperty: ReadOnlyDoubleProperty [value: 672.0]
18:05:59.738 [FXGL Background Thread 3 ] DEBUG Engine               - prefWidthProperty: ReadOnlyDoubleProperty [value: 816.0]
18:05:59.738 [FXGL Background Thread 3 ] DEBUG Engine               - profileDir: profiles/
18:05:59.738 [FXGL Background Thread 3 ] DEBUG Engine               - profileName: StringProperty [value: DEFAULT]
18:05:59.738 [FXGL Background Thread 3 ] DEBUG Engine               - randomSeed: -1
18:05:59.739 [FXGL Background Thread 3 ] DEBUG Engine               - runtimeInfo: RuntimeInfo(platform=MAC, version=21.1, build=27.03.2024 07.52)
18:05:59.739 [FXGL Background Thread 3 ] DEBUG Engine               - saveFileExt: sav
18:05:59.740 [FXGL Background Thread 3 ] DEBUG Engine               - scaledHeightProp$fxgl: DoubleProperty [bound, value: 672.0]
18:05:59.740 [FXGL Background Thread 3 ] DEBUG Engine               - scaledWidthProp$fxgl: DoubleProperty [bound, value: 816.0]
18:05:59.740 [FXGL Background Thread 3 ] DEBUG Engine               - sceneFactory: com.almasb.fxgl.app.scene.SceneFactory@4a1ffe6a
18:05:59.740 [FXGL Background Thread 3 ] DEBUG Engine               - secondsIn24h: 60
18:05:59.740 [FXGL Background Thread 3 ] DEBUG Engine               - soundMenuBack: menu/back.wav
18:05:59.740 [FXGL Background Thread 3 ] DEBUG Engine               - soundMenuPress: menu/press.wav
18:05:59.740 [FXGL Background Thread 3 ] DEBUG Engine               - soundMenuSelect: menu/select.wav
18:05:59.741 [FXGL Background Thread 3 ] DEBUG Engine               - soundNotification: core/notification.wav
18:05:59.741 [FXGL Background Thread 3 ] DEBUG Engine               - stageStyle: DECORATED
18:05:59.741 [FXGL Background Thread 3 ] DEBUG Engine               - supportedLanguages: [ENGLISH, FRENCH, GERMAN, HUNGARIAN, RUSSIAN]
18:05:59.741 [FXGL Background Thread 3 ] DEBUG Engine               - ticksPerSecond: -1
18:05:59.741 [FXGL Background Thread 3 ] DEBUG Engine               - title: Tank
18:05:59.741 [FXGL Background Thread 3 ] DEBUG Engine               - urlGithub: https://github.com/AlmasB/FXGL
18:05:59.741 [FXGL Background Thread 3 ] DEBUG Engine               - urlLeaderboard: http://fxgl-top.herokuapp.com/
18:05:59.741 [FXGL Background Thread 3 ] DEBUG Engine               - urlPOM: https://raw.githubusercontent.com/AlmasB/FXGL/release/README.md
18:05:59.741 [FXGL Background Thread 3 ] DEBUG Engine               - userAppClass: class de.dywebstudio.tanks.TankApp
18:05:59.741 [FXGL Background Thread 3 ] DEBUG Engine               - version: 1.0
18:05:59.741 [FXGL Background Thread 3 ] DEBUG Engine               - versionCheckDays: 7
18:05:59.741 [FXGL Background Thread 3 ] DEBUG Engine               - width: 816
18:05:59.741 [FXGL Background Thread 3 ] DEBUG Engine               - Logging services
18:05:59.741 [FXGL Background Thread 3 ] DEBUG Engine               - class com.almasb.fxgl.app.services.FXGLAssetLoaderService
18:05:59.742 [FXGL Background Thread 3 ] DEBUG Engine               - class com.almasb.fxgl.app.FXGLApplication$GameApplicationService
18:05:59.742 [FXGL Background Thread 3 ] DEBUG Engine               - class com.almasb.fxgl.app.services.FXGLDialogService
18:05:59.742 [FXGL Background Thread 3 ] DEBUG Engine               - class com.almasb.fxgl.app.services.IOTaskExecutorService
18:05:59.742 [FXGL Background Thread 3 ] DEBUG Engine               - class com.almasb.fxgl.io.FileSystemService
18:05:59.742 [FXGL Background Thread 3 ] DEBUG Engine               - class com.almasb.fxgl.localization.LocalizationService
18:05:59.742 [FXGL Background Thread 3 ] DEBUG Engine               - class com.almasb.fxgl.app.services.SystemBundleService
18:05:59.742 [FXGL Background Thread 3 ] DEBUG Engine               - class com.almasb.fxgl.profile.SaveLoadService
18:05:59.742 [FXGL Background Thread 3 ] DEBUG Engine               - class com.almasb.fxgl.ui.FXGLUIFactoryServiceProvider
18:05:59.742 [FXGL Background Thread 3 ] DEBUG Engine               - class com.almasb.fxgl.ui.FXGLDialogFactoryServiceProvider
18:05:59.742 [FXGL Background Thread 3 ] DEBUG Engine               - class com.almasb.fxgl.audio.AudioPlayer
18:05:59.742 [FXGL Background Thread 3 ] DEBUG Engine               - class com.almasb.fxgl.notification.impl.NotificationServiceProvider
18:05:59.742 [FXGL Background Thread 3 ] DEBUG Engine               - class com.almasb.fxgl.achievement.AchievementService
18:05:59.742 [FXGL Background Thread 3 ] DEBUG Engine               - class com.almasb.fxgl.cutscene.CutsceneService
18:05:59.742 [FXGL Background Thread 3 ] DEBUG Engine               - class com.almasb.fxgl.minigames.MiniGameService
18:05:59.742 [FXGL Background Thread 3 ] DEBUG Engine               - class com.almasb.fxgl.net.NetService
18:05:59.742 [FXGL Background Thread 3 ] DEBUG Engine               - class com.almasb.fxgl.app.services.UpdaterService
18:05:59.742 [FXGL Background Thread 3 ] DEBUG Engine               - class com.almasb.fxgl.dev.DevService
18:08:05.613 [JavaFX Application Thread] DEBUG FXGLApplication      - Exiting FXGL
18:08:05.613 [JavaFX Application Thread] DEBUG LoopRunner           - Stopping loop
18:08:05.614 [JavaFX Application Thread] DEBUG SystemBundleService  - Saving FXGL system data
18:08:05.618 [JavaFX Application Thread] DEBUG FileSystemAccess     - Writing to: /Users/dy/Desktop/alfa/Java/Projectarbeit/Tanks/system/fxgl.bundle
18:08:05.620 [JavaFX Application Thread] DEBUG Async                - Shutting down background threads
18:08:05.620 [JavaFX Application Thread] DEBUG PrimaryStageWindow   - Closing main window
18:08:05.631 [JavaFX Application Thread] DEBUG Logger               - Closing Logger
