13:40:16.294 [main                     ] DEBUG Logger               - Configured Logger
13:40:16.333 [main                     ] DEBUG GameApplication      - Logging settings
Title: Tank
Version: 1.0
Width: 816
Height: 672
Fullscreen: false
Intro: false
Profiling: false
Single step:false
App Mode: DEVELOPER
Menu Key: ESCAPE
Stage Style: DECORATED
Scene Factory: class com.almasb.fxgl.app.scene.SceneFactory

13:40:16.807 [JavaFX Application Thread] DEBUG FXGLApplication      - Initializing FXGL
13:40:16.813 [JavaFX Application Thread] INFO  Engine               - FXGL-21.1 (27.03.2024 07.52) on MAC (J:22.0.2 FX:22.0.1)
13:40:16.814 [JavaFX Application Thread] DEBUG Engine               - JRE Vendor Name: Oracle Corporation
13:40:16.814 [JavaFX Application Thread] DEBUG Engine               - Running on OS: Mac OS X version 14.6.1
13:40:16.814 [JavaFX Application Thread] DEBUG Engine               - Architecture: x86_64
13:40:16.814 [JavaFX Application Thread] INFO  Engine               - Source code and latest versions at: https://github.com/AlmasB/FXGL
13:40:16.814 [JavaFX Application Thread] INFO  Engine               -       Ask questions and discuss at: https://github.com/AlmasB/FXGL/discussions
13:40:16.815 [JavaFX Application Thread] INFO  Engine               -              Join the FXGL chat at: https://gitter.im/AlmasB/FXGL
13:40:16.928 [JavaFX Application Thread] DEBUG PrimaryStageWindow   - Creating a JavaFX scene
13:40:16.983 [JavaFX Application Thread] DEBUG PrimaryStageWindow   - Target settings size: 816.0 x 672.0
13:40:16.983 [JavaFX Application Thread] DEBUG PrimaryStageWindow   - Scaled scene size:    816.0 x 672.0
13:40:16.984 [JavaFX Application Thread] DEBUG PrimaryStageWindow   - Scaled ratio: (1.0, 1.0)
13:40:16.985 [JavaFX Application Thread] DEBUG PrimaryStageWindow   - Set initial scene to FXGLStartupScene
13:40:16.989 [JavaFX Application Thread] DEBUG PrimaryStageWindow   - Opening main window
13:40:17.112 [JavaFX Application Thread] DEBUG PrimaryStageWindow   - Window border size: (0.0, 28.0)
13:40:17.112 [JavaFX Application Thread] DEBUG PrimaryStageWindow   - Scaled size: 816.0 x 672.0
13:40:17.113 [JavaFX Application Thread] DEBUG PrimaryStageWindow   - Scaled ratio: (1.0, 1.0)
13:40:17.113 [JavaFX Application Thread] DEBUG PrimaryStageWindow   - Scene size: 816.0 x 672.0
13:40:17.114 [JavaFX Application Thread] DEBUG PrimaryStageWindow   - Stage size: 816.0 x 700.0
13:40:17.128 [FXGL Background Thread 1 ] DEBUG Engine               - Initializing environment variables
13:40:17.221 [FXGL Background Thread 1 ] DEBUG FXGLAssetLoaderServi - User app class for loading assets: class de.dywebstudio.tanks.TankApp
13:40:17.221 [FXGL Background Thread 1 ] DEBUG GameApplicationServi - Applying CSS: fxgl_dark.css
13:40:17.222 [FXGL Background Thread 1 ] DEBUG FXGLAssetLoaderServi - Loading from file system: jar:file:///Users/dy/.m2/repository/com/github/almasb/fxgl/21.1/fxgl-21.1.jar!/fxglassets/ui/css/fxgl_dark.css
13:40:17.299 [FXGL Background Thread 1 ] DEBUG GameApplicationServi - Initializing application scenes
13:40:17.677 [FXGL Background Thread 1 ] DEBUG GameWorld            - Game world initialized
13:40:17.736 [FXGL Background Thread 1 ] DEBUG PhysicsWorld         - Physics world initialized: appHeight=672, physics.ppm=50,0
13:40:17.737 [FXGL Background Thread 1 ] DEBUG PhysicsWorld         - Using strategy: BRUTE_FORCE
13:40:17.743 [FXGL Background Thread 1 ] DEBUG GameScene            - Game scene initialized: 816x672
13:40:17.756 [FXGL Background Thread 1 ] DEBUG FXGL.DefaultMenu     - createMenuBodyMainMenu()
13:40:17.779 [FXGL Background Thread 1 ] DEBUG FXGL.DefaultMenu     - createOptionsMenu()
13:40:17.794 [FXGL Background Thread 1 ] DEBUG FXGLAssetLoaderServi - Loading from file system: jar:file:///Users/dy/.m2/repository/com/github/almasb/fxgl/21.1/fxgl-21.1.jar!/fxglassets/textures/particles/smoke.png
13:40:17.919 [FXGL Background Thread 1 ] DEBUG FXGLAssetLoaderServi - Loading from file system: jar:file:///Users/dy/.m2/repository/com/github/almasb/fxgl/21.1/fxgl-21.1.jar!/fxglassets/textures/particles/trace_horizontal.png
13:40:17.942 [FXGL Background Thread 1 ] DEBUG FXGL.DefaultMenu     - createMenuBodyGameMenu()
13:40:17.943 [FXGL Background Thread 1 ] DEBUG FXGL.DefaultMenu     - createOptionsMenu()
13:40:17.963 [FXGL Background Thread 1 ] DEBUG GameApplicationServi - Application scenes initialized
13:40:17.976 [FXGL Background Thread 1 ] DEBUG SystemBundleService  - Loading FXGL system data
13:40:17.981 [FXGL Background Thread 1 ] DEBUG FileSystemAccess     - Reading from: /Users/dy/Desktop/alfa/Java/Projectarbeit/Tanks/system/fxgl.bundle
13:40:17.990 [FXGL Background Thread 1 ] DEBUG SystemBundleService  - Bundle FXGL: {}
13:40:17.990 [FXGL Background Thread 1 ] DEBUG UpdaterService       - Checking for updates
13:40:17.994 [FXGL Background Thread 4 ] DEBUG FXGLApplication      - Loading fonts
13:40:17.994 [FXGL Background Thread 4 ] DEBUG FXGLAssetLoaderServi - Loading from file system: jar:file:///Users/dy/.m2/repository/com/github/almasb/fxgl/21.1/fxgl-21.1.jar!/fxglassets/ui/fonts/VarelaRound-Regular.ttf
13:40:17.994 [FXGL Background Thread 1 ] DEBUG FXGLApplication      - Loading default localization
13:40:17.995 [FXGL Background Thread 1 ] DEBUG FXGLAssetLoaderServi - Loading from file system: jar:file:///Users/dy/.m2/repository/com/github/almasb/fxgl/21.1/fxgl-21.1.jar!/fxglassets/languages/english.lang
13:40:18.010 [FXGL Background Thread 1 ] INFO  FXGLApplication      - FXGL initialization took: 0,882 sec
13:40:18.012 [FXGL Background Thread 4 ] DEBUG FXGLAssetLoaderServi - Loading from file system: jar:file:///Users/dy/.m2/repository/com/github/almasb/fxgl/21.1/fxgl-21.1.jar!/fxglassets/ui/fonts/Abel-Regular.ttf
13:40:18.015 [FXGL Background Thread 4 ] DEBUG FXGLAssetLoaderServi - Loading from file system: jar:file:///Users/dy/.m2/repository/com/github/almasb/fxgl/21.1/fxgl-21.1.jar!/fxglassets/ui/fonts/TerminalLandMono-Regular.otf
13:40:18.019 [JavaFX Application Thread] DEBUG Input                - Registered new binding: action0 - W
13:40:18.020 [JavaFX Application Thread] DEBUG Input                - Registered new binding: action1 - S
13:40:18.020 [FXGL Background Thread 4 ] DEBUG FXGLAssetLoaderServi - Loading from file system: jar:file:///Users/dy/.m2/repository/com/github/almasb/fxgl/21.1/fxgl-21.1.jar!/fxglassets/ui/fonts/Courier-Prime.ttf
13:40:18.020 [JavaFX Application Thread] DEBUG Input                - Registered new binding: action2 - A
13:40:18.021 [JavaFX Application Thread] DEBUG Input                - Registered new binding: action3 - D
13:40:18.021 [JavaFX Application Thread] DEBUG Input                - Registered new binding: action4 - Space
13:40:18.022 [JavaFX Application Thread] DEBUG FXGLAssetLoaderServi - Loading from file system: jar:file:///Users/dy/.m2/repository/com/github/almasb/fxgl/21.1/fxgl-21.1.jar!/fxglassets/textures/fxgl_icon.png
13:40:18.050 [JavaFX Application Thread] DEBUG FXGLAssetLoaderServi - Loading from file system: jar:file:///Users/dy/.m2/repository/com/github/almasb/fxgl/21.1/fxgl-21.1.jar!/fxglassets/textures/fxgl_default_cursor.png
13:40:18.053 [JavaFX Application Thread] DEBUG Input                - Registered new binding: Screenshot - CTRL+8
13:40:18.054 [JavaFX Application Thread] DEBUG Input                - Registered new binding: System info dump - CTRL+9
13:40:18.054 [JavaFX Application Thread] DEBUG Input                - Registered new binding: Restart - CTRL+R
13:40:18.055 [JavaFX Application Thread] DEBUG Input                - Registered new binding: Toggle Debug Camera - CTRL+7
13:40:18.057 [JavaFX Application Thread] DEBUG LoopRunner           - Starting loop
13:40:18.057 [JavaFX Application Thread] DEBUG LoopRunner           - Initializing JavaFX AnimationTimerLoop
13:40:18.060 [JavaFX Application Thread] DEBUG Input                - Clearing active input actions
13:40:18.068 [JavaFX Application Thread] DEBUG GameApplicationServi - Removing overlay from FXGLStartupScene and adding to FXGLMainMenuDummyScene
13:40:18.068 [JavaFX Application Thread] DEBUG PrimaryStageWindow   - FXGLStartupScene -> FXGLMainMenuDummyScene
13:40:18.069 [JavaFX Application Thread] DEBUG PrimaryStageWindow   - Push state: FXGLDefaultMenu
13:40:18.072 [JavaFX Application Thread] DEBUG Input                - Clearing active input actions
13:40:18.082 [JavaFX Application Thread] DEBUG GameApplicationServi - Removing overlay from FXGLMainMenuDummyScene and adding to FXGLDefaultMenu
13:40:18.082 [JavaFX Application Thread] DEBUG PrimaryStageWindow   - FXGLMainMenuDummyScene -> FXGLDefaultMenu
13:40:18.112 [JavaFX Application Thread] DEBUG FXGLApplication      - Registering font factories with UI factory
13:40:19.961 [JavaFX Application Thread] DEBUG Menu                 - fireNewGame()
13:40:19.961 [JavaFX Application Thread] DEBUG GameApplicationServi - Starting new game
13:40:19.963 [JavaFX Application Thread] DEBUG PrimaryStageWindow   - Pop state: FXGLDefaultMenu
13:40:19.963 [JavaFX Application Thread] DEBUG Input                - Clearing active input actions
13:40:19.965 [JavaFX Application Thread] DEBUG GameApplicationServi - Removing overlay from FXGLDefaultMenu and adding to FXGLMainMenuDummyScene
13:40:19.966 [JavaFX Application Thread] DEBUG PrimaryStageWindow   - FXGLMainMenuDummyScene <- FXGLDefaultMenu
13:40:19.967 [JavaFX Application Thread] DEBUG Input                - Clearing active input actions
13:40:19.975 [JavaFX Application Thread] DEBUG GameApplicationServi - Removing overlay from FXGLMainMenuDummyScene and adding to FXGLLoadingScene
13:40:19.975 [JavaFX Application Thread] DEBUG PrimaryStageWindow   - FXGLMainMenuDummyScene -> FXGLLoadingScene
13:40:19.975 [JavaFX Application Thread] DEBUG GameApplicationServi - Clearing previous game
13:40:19.975 [JavaFX Application Thread] DEBUG GameScene            - Clearing game scene
13:40:19.975 [JavaFX Application Thread] DEBUG GameWorld            - Clearing game world
13:40:19.975 [JavaFX Application Thread] DEBUG PhysicsWorld         - Clearing physics world
13:40:19.977 [FXGL Background Thread 2 ] DEBUG FXGLApplication      - Initializing game
13:40:20.058 [FXGL Background Thread 2 ] WARN  TMXLevelLoader       - TiledMap generated from 1.11.0. Supported version: 1.9.0. Some features may not be parsed fully.
13:40:20.087 [FXGL Background Thread 2 ] DEBUG TMXLevelLoader       - Parsed TiledMap: file:/Users/dy/Desktop/alfa/Java/Projectarbeit/Tanks/target/classes/assets/levels/level1.tmx
13:40:20.089 [FXGL Background Thread 2 ] DEBUG TMXLevelLoader       - Creating tile layer entities
13:40:20.091 [FXGL Background Thread 2 ] DEBUG TMXLevelLoader       - Creating object layer entities
13:40:20.149 [FXGL Background Thread 2 ] DEBUG FXGLAssetLoaderServi - Loading from file system: file:/Users/dy/Desktop/alfa/Java/Projectarbeit/Tanks/target/classes/assets/textures/items/sea_animation.png
13:40:20.295 [FXGL Background Thread 2 ] DEBUG GameWorld            - Clearing removable entities
13:40:20.295 [FXGL Background Thread 2 ] DEBUG GameWorld            - Setting level: com.almasb.fxgl.entity.level.Level@624fc833
13:40:20.317 [FXGL Background Thread 2 ] DEBUG FXGLAssetLoaderServi - Loading from file system: file:/Users/dy/Desktop/alfa/Java/Projectarbeit/Tanks/target/classes/assets/textures/tanks/player.png
13:40:20.330 [FXGL Background Thread 2 ] DEBUG FXGLAssetLoaderServi - Loading from file system: file:/Users/dy/Desktop/alfa/Java/Projectarbeit/Tanks/target/classes/assets/textures/ui/enemy_info.png
13:40:20.334 [FXGL Background Thread 2 ] DEBUG FXGLAssetLoaderServi - Loading from file system: file:/Users/dy/Desktop/alfa/Java/Projectarbeit/Tanks/target/classes/assets/textures/ui/levelFlag.png
13:40:20.338 [FXGL Background Thread 2 ] DEBUG FXGLAssetLoaderServi - Loading from file system: file:/Users/dy/Desktop/alfa/Java/Projectarbeit/Tanks/target/classes/assets/textures/tanks/T1.png
13:40:20.343 [FXGL Background Thread 2 ] DEBUG FXGLAssetLoaderServi - Loading from file system: file:/Users/dy/Desktop/alfa/Java/Projectarbeit/Tanks/target/classes/assets/textures/tanks/T6.png
13:40:20.345 [FXGL Background Thread 2 ] DEBUG FXGLAssetLoaderServi - Loading from file system: file:/Users/dy/Desktop/alfa/Java/Projectarbeit/Tanks/target/classes/assets/textures/tanks/T3.png
13:40:20.349 [FXGL Background Thread 2 ] INFO  FXGLApplication      - Game initialization took: 0,372 sec
13:40:20.350 [JavaFX Application Thread] DEBUG Input                - Clearing active input actions
13:40:20.361 [JavaFX Application Thread] DEBUG GameApplicationServi - Removing overlay from FXGLLoadingScene and adding to GameScene
13:40:20.362 [JavaFX Application Thread] DEBUG PrimaryStageWindow   - FXGLLoadingScene -> GameScene
13:40:20.638 [JavaFX Application Thread] DEBUG FXGLAssetLoaderServi - Loading from file system: file:/Users/dy/Desktop/alfa/Java/Projectarbeit/Tanks/target/classes/assets/textures/items/bullet/norm.png
13:40:20.997 [FXGL Background Thread 3 ] DEBUG Engine               - Logging environment variables
13:40:20.997 [FXGL Background Thread 3 ] DEBUG Engine               - achievements: []
13:40:20.998 [FXGL Background Thread 3 ] DEBUG Engine               - actualHeight: 672.0
13:40:20.998 [FXGL Background Thread 3 ] DEBUG Engine               - actualHeightProperty: ReadOnlyDoubleProperty [value: 672.0]
13:40:20.998 [FXGL Background Thread 3 ] DEBUG Engine               - actualWidth: 816.0
13:40:20.998 [FXGL Background Thread 3 ] DEBUG Engine               - actualWidthProperty: ReadOnlyDoubleProperty [value: 816.0]
13:40:20.998 [FXGL Background Thread 3 ] DEBUG Engine               - appIcon: fxgl_icon.png
13:40:20.998 [FXGL Background Thread 3 ] DEBUG Engine               - applicationMode: DEVELOPER
13:40:20.998 [FXGL Background Thread 3 ] DEBUG Engine               - cSSList: [fxgl_dark.css]
13:40:20.998 [FXGL Background Thread 3 ] DEBUG Engine               - collisionDetectionStrategy: BRUTE_FORCE
13:40:20.998 [FXGL Background Thread 3 ] DEBUG Engine               - configClass: Optional.empty
13:40:20.998 [FXGL Background Thread 3 ] DEBUG Engine               - credits: []
13:40:20.998 [FXGL Background Thread 3 ] DEBUG Engine               - defaultCursor: CursorInfo(imageName=fxgl_default_cursor.png, hotspotX=7.0, hotspotY=6.0)
13:40:20.999 [FXGL Background Thread 3 ] DEBUG Engine               - devBBoxColorProperty: ObjectProperty [value: 0xff0000ff]
13:40:20.999 [FXGL Background Thread 3 ] DEBUG Engine               - devEnableDebugCameraProperty: BooleanProperty [value: false]
13:40:20.999 [FXGL Background Thread 3 ] DEBUG Engine               - devSensorColorProperty: ObjectProperty [value: 0xffff00ff]
13:40:20.999 [FXGL Background Thread 3 ] DEBUG Engine               - devShowBBoxProperty: BooleanProperty [value: false]
13:40:20.999 [FXGL Background Thread 3 ] DEBUG Engine               - devShowPositionProperty: BooleanProperty [value: false]
13:40:20.999 [FXGL Background Thread 3 ] DEBUG Engine               - enabledMenuItems: []
13:40:20.999 [FXGL Background Thread 3 ] DEBUG Engine               - engineServices: [class com.almasb.fxgl.app.services.FXGLAssetLoaderService, class com.almasb.fxgl.app.FXGLApplication$GameApplicationService, class com.almasb.fxgl.app.services.FXGLDialogService, class com.almasb.fxgl.app.services.IOTaskExecutorService, class com.almasb.fxgl.io.FileSystemService, class com.almasb.fxgl.localization.LocalizationService, class com.almasb.fxgl.app.services.SystemBundleService, class com.almasb.fxgl.profile.SaveLoadService, class com.almasb.fxgl.ui.FXGLUIFactoryServiceProvider, class com.almasb.fxgl.ui.FXGLDialogFactoryServiceProvider, class com.almasb.fxgl.audio.AudioPlayer, class com.almasb.fxgl.notification.impl.NotificationServiceProvider, class com.almasb.fxgl.achievement.AchievementService, class com.almasb.fxgl.cutscene.CutsceneService, class com.almasb.fxgl.minigames.MiniGameService, class com.almasb.fxgl.net.NetService, class com.almasb.fxgl.app.services.UpdaterService, class com.almasb.fxgl.dev.DevService]
13:40:20.999 [FXGL Background Thread 3 ] DEBUG Engine               - fontGame: Abel-Regular.ttf
13:40:20.999 [FXGL Background Thread 3 ] DEBUG Engine               - fontMono: TerminalLandMono-Regular.otf
13:40:20.999 [FXGL Background Thread 3 ] DEBUG Engine               - fontSizeScaleUI: 1.0
13:40:20.999 [FXGL Background Thread 3 ] DEBUG Engine               - fontText: Courier-Prime.ttf
13:40:20.999 [FXGL Background Thread 3 ] DEBUG Engine               - fontUI: VarelaRound-Regular.ttf
13:40:20.999 [FXGL Background Thread 3 ] DEBUG Engine               - fullScreen: BooleanProperty [value: false]
13:40:20.999 [FXGL Background Thread 3 ] DEBUG Engine               - gameDifficulty: MEDIUM
13:40:20.999 [FXGL Background Thread 3 ] DEBUG Engine               - gameDifficultyProperty: ObjectProperty [value: MEDIUM]
13:40:21.000 [FXGL Background Thread 3 ] DEBUG Engine               - globalMusicVolume: 0.5
13:40:21.000 [FXGL Background Thread 3 ] DEBUG Engine               - globalMusicVolumeProperty: DoubleProperty [value: 0.5]
13:40:21.000 [FXGL Background Thread 3 ] DEBUG Engine               - globalSoundVolume: 0.5
13:40:21.000 [FXGL Background Thread 3 ] DEBUG Engine               - globalSoundVolumeProperty: DoubleProperty [value: 0.5]
13:40:21.000 [FXGL Background Thread 3 ] DEBUG Engine               - height: 672
13:40:21.000 [FXGL Background Thread 3 ] DEBUG Engine               - is3D: false
13:40:21.000 [FXGL Background Thread 3 ] DEBUG Engine               - isAndroid: false
13:40:21.000 [FXGL Background Thread 3 ] DEBUG Engine               - isBrowser: false
13:40:21.000 [FXGL Background Thread 3 ] DEBUG Engine               - isClickFeedbackEnabled: false
13:40:21.000 [FXGL Background Thread 3 ] DEBUG Engine               - isCloseConfirmation: false
13:40:21.000 [FXGL Background Thread 3 ] DEBUG Engine               - isDesktop: true
13:40:21.000 [FXGL Background Thread 3 ] DEBUG Engine               - isDeveloperMenuEnabled: false
13:40:21.000 [FXGL Background Thread 3 ] DEBUG Engine               - isEmbedded: false
13:40:21.000 [FXGL Background Thread 3 ] DEBUG Engine               - isEntityPreloadEnabled: true
13:40:21.000 [FXGL Background Thread 3 ] DEBUG Engine               - isExperimentalTiledLargeMap: false
13:40:21.000 [FXGL Background Thread 3 ] DEBUG Engine               - isFileSystemWriteAllowed: true
13:40:21.000 [FXGL Background Thread 3 ] DEBUG Engine               - isFullScreenAllowed: false
13:40:21.000 [FXGL Background Thread 3 ] DEBUG Engine               - isFullScreenFromStart: false
13:40:21.000 [FXGL Background Thread 3 ] DEBUG Engine               - isGameMenuEnabled: true
13:40:21.000 [FXGL Background Thread 3 ] DEBUG Engine               - isIOS: false
13:40:21.000 [FXGL Background Thread 3 ] DEBUG Engine               - isIntroEnabled: false
13:40:21.001 [FXGL Background Thread 3 ] DEBUG Engine               - isLinux: false
13:40:21.001 [FXGL Background Thread 3 ] DEBUG Engine               - isMac: true
13:40:21.001 [FXGL Background Thread 3 ] DEBUG Engine               - isMainMenuEnabled: true
13:40:21.001 [FXGL Background Thread 3 ] DEBUG Engine               - isManualResizeEnabled: false
13:40:21.001 [FXGL Background Thread 3 ] DEBUG Engine               - isMobile: false
13:40:21.001 [FXGL Background Thread 3 ] DEBUG Engine               - isNative: false
13:40:21.001 [FXGL Background Thread 3 ] DEBUG Engine               - isPauseMusicWhenMinimized: true
13:40:21.001 [FXGL Background Thread 3 ] DEBUG Engine               - isPreserveResizeRatio: false
13:40:21.001 [FXGL Background Thread 3 ] DEBUG Engine               - isProfilingEnabled: false
13:40:21.001 [FXGL Background Thread 3 ] DEBUG Engine               - isScaleAffectedOnResize: true
13:40:21.001 [FXGL Background Thread 3 ] DEBUG Engine               - isSingleStep: false
13:40:21.001 [FXGL Background Thread 3 ] DEBUG Engine               - isUserProfileEnabled: false
13:40:21.001 [FXGL Background Thread 3 ] DEBUG Engine               - isWindows: false
13:40:21.001 [FXGL Background Thread 3 ] DEBUG Engine               - language: ObjectProperty [value: ENGLISH]
13:40:21.001 [FXGL Background Thread 3 ] DEBUG Engine               - menuKey: ESCAPE
13:40:21.001 [FXGL Background Thread 3 ] DEBUG Engine               - mouseSensitivity: 0.2
13:40:21.001 [FXGL Background Thread 3 ] DEBUG Engine               - notificationViewClass: class com.almasb.fxgl.notification.view.XboxNotificationView
13:40:21.001 [FXGL Background Thread 3 ] DEBUG Engine               - pixelsPerMeter: 50.0
13:40:21.002 [FXGL Background Thread 3 ] DEBUG Engine               - platform: MAC
13:40:21.002 [FXGL Background Thread 3 ] DEBUG Engine               - prefHeightProperty: ReadOnlyDoubleProperty [value: 672.0]
13:40:21.002 [FXGL Background Thread 3 ] DEBUG Engine               - prefWidthProperty: ReadOnlyDoubleProperty [value: 816.0]
13:40:21.002 [FXGL Background Thread 3 ] DEBUG Engine               - profileDir: profiles/
13:40:21.002 [FXGL Background Thread 3 ] DEBUG Engine               - profileName: StringProperty [value: DEFAULT]
13:40:21.002 [FXGL Background Thread 3 ] DEBUG Engine               - randomSeed: -1
13:40:21.002 [FXGL Background Thread 3 ] DEBUG Engine               - runtimeInfo: RuntimeInfo(platform=MAC, version=21.1, build=27.03.2024 07.52)
13:40:21.003 [FXGL Background Thread 3 ] DEBUG Engine               - saveFileExt: sav
13:40:21.003 [FXGL Background Thread 3 ] DEBUG Engine               - scaledHeightProp$fxgl: DoubleProperty [bound, value: 672.0]
13:40:21.003 [FXGL Background Thread 3 ] DEBUG Engine               - scaledWidthProp$fxgl: DoubleProperty [bound, value: 816.0]
13:40:21.003 [FXGL Background Thread 3 ] DEBUG Engine               - sceneFactory: com.almasb.fxgl.app.scene.SceneFactory@22a8f808
13:40:21.003 [FXGL Background Thread 3 ] DEBUG Engine               - secondsIn24h: 60
13:40:21.003 [FXGL Background Thread 3 ] DEBUG Engine               - soundMenuBack: menu/back.wav
13:40:21.003 [FXGL Background Thread 3 ] DEBUG Engine               - soundMenuPress: menu/press.wav
13:40:21.003 [FXGL Background Thread 3 ] DEBUG Engine               - soundMenuSelect: menu/select.wav
13:40:21.003 [FXGL Background Thread 3 ] DEBUG Engine               - soundNotification: core/notification.wav
13:40:21.003 [FXGL Background Thread 3 ] DEBUG Engine               - stageStyle: DECORATED
13:40:21.003 [FXGL Background Thread 3 ] DEBUG Engine               - supportedLanguages: [ENGLISH, FRENCH, GERMAN, HUNGARIAN, RUSSIAN]
13:40:21.003 [FXGL Background Thread 3 ] DEBUG Engine               - ticksPerSecond: -1
13:40:21.003 [FXGL Background Thread 3 ] DEBUG Engine               - title: Tank
13:40:21.003 [FXGL Background Thread 3 ] DEBUG Engine               - urlGithub: https://github.com/AlmasB/FXGL
13:40:21.003 [FXGL Background Thread 3 ] DEBUG Engine               - urlLeaderboard: http://fxgl-top.herokuapp.com/
13:40:21.003 [FXGL Background Thread 3 ] DEBUG Engine               - urlPOM: https://raw.githubusercontent.com/AlmasB/FXGL/release/README.md
13:40:21.003 [FXGL Background Thread 3 ] DEBUG Engine               - userAppClass: class de.dywebstudio.tanks.TankApp
13:40:21.003 [FXGL Background Thread 3 ] DEBUG Engine               - version: 1.0
13:40:21.003 [FXGL Background Thread 3 ] DEBUG Engine               - versionCheckDays: 7
13:40:21.003 [FXGL Background Thread 3 ] DEBUG Engine               - width: 816
13:40:21.003 [FXGL Background Thread 3 ] DEBUG Engine               - Logging services
13:40:21.004 [FXGL Background Thread 3 ] DEBUG Engine               - class com.almasb.fxgl.app.services.FXGLAssetLoaderService
13:40:21.004 [FXGL Background Thread 3 ] DEBUG Engine               - class com.almasb.fxgl.app.FXGLApplication$GameApplicationService
13:40:21.004 [FXGL Background Thread 3 ] DEBUG Engine               - class com.almasb.fxgl.app.services.FXGLDialogService
13:40:21.004 [FXGL Background Thread 3 ] DEBUG Engine               - class com.almasb.fxgl.app.services.IOTaskExecutorService
13:40:21.004 [FXGL Background Thread 3 ] DEBUG Engine               - class com.almasb.fxgl.io.FileSystemService
13:40:21.004 [FXGL Background Thread 3 ] DEBUG Engine               - class com.almasb.fxgl.localization.LocalizationService
13:40:21.004 [FXGL Background Thread 3 ] DEBUG Engine               - class com.almasb.fxgl.app.services.SystemBundleService
13:40:21.004 [FXGL Background Thread 3 ] DEBUG Engine               - class com.almasb.fxgl.profile.SaveLoadService
13:40:21.004 [FXGL Background Thread 3 ] DEBUG Engine               - class com.almasb.fxgl.ui.FXGLUIFactoryServiceProvider
13:40:21.004 [FXGL Background Thread 3 ] DEBUG Engine               - class com.almasb.fxgl.ui.FXGLDialogFactoryServiceProvider
13:40:21.004 [FXGL Background Thread 3 ] DEBUG Engine               - class com.almasb.fxgl.audio.AudioPlayer
13:40:21.004 [FXGL Background Thread 3 ] DEBUG Engine               - class com.almasb.fxgl.notification.impl.NotificationServiceProvider
13:40:21.004 [FXGL Background Thread 3 ] DEBUG Engine               - class com.almasb.fxgl.achievement.AchievementService
13:40:21.004 [FXGL Background Thread 3 ] DEBUG Engine               - class com.almasb.fxgl.cutscene.CutsceneService
13:40:21.004 [FXGL Background Thread 3 ] DEBUG Engine               - class com.almasb.fxgl.minigames.MiniGameService
13:40:21.004 [FXGL Background Thread 3 ] DEBUG Engine               - class com.almasb.fxgl.net.NetService
13:40:21.004 [FXGL Background Thread 3 ] DEBUG Engine               - class com.almasb.fxgl.app.services.UpdaterService
13:40:21.004 [FXGL Background Thread 3 ] DEBUG Engine               - class com.almasb.fxgl.dev.DevService
13:40:30.043 [JavaFX Application Thread] DEBUG FXGLAssetLoaderServi - Loading from file system: file:/Users/dy/Desktop/alfa/Java/Projectarbeit/Tanks/target/classes/assets/textures/tanks/T2.png
13:40:32.897 [JavaFX Application Thread] DEBUG FXGLAssetLoaderServi - Loading from file system: file:/Users/dy/Desktop/alfa/Java/Projectarbeit/Tanks/target/classes/assets/textures/ui/GameOver.png
13:40:32.901 [JavaFX Application Thread] DEBUG PrimaryStageWindow   - Push state: GameOverScene
13:40:32.902 [JavaFX Application Thread] DEBUG Input                - Clearing active input actions
13:40:32.902 [JavaFX Application Thread] DEBUG GameApplicationServi - Removing overlay from GameScene and adding to GameOverScene
13:40:32.902 [JavaFX Application Thread] DEBUG PrimaryStageWindow   - GameScene -> GameOverScene
13:40:33.921 [JavaFX Application Thread] DEBUG PrimaryStageWindow   - Pop state: GameOverScene
13:40:33.921 [JavaFX Application Thread] DEBUG Input                - Clearing active input actions
13:40:33.922 [JavaFX Application Thread] DEBUG GameApplicationServi - Removing overlay from GameOverScene and adding to GameScene
13:40:33.922 [JavaFX Application Thread] DEBUG PrimaryStageWindow   - GameScene <- GameOverScene
13:40:33.922 [JavaFX Application Thread] DEBUG Input                - Clearing active input actions
13:40:33.927 [JavaFX Application Thread] DEBUG GameApplicationServi - Removing overlay from GameScene and adding to FXGLMainMenuDummyScene
13:40:33.927 [JavaFX Application Thread] DEBUG PrimaryStageWindow   - GameScene -> FXGLMainMenuDummyScene
13:40:33.927 [JavaFX Application Thread] DEBUG PrimaryStageWindow   - Push state: FXGLDefaultMenu
13:40:33.927 [JavaFX Application Thread] DEBUG Input                - Clearing active input actions
13:40:33.930 [JavaFX Application Thread] DEBUG GameApplicationServi - Removing overlay from FXGLMainMenuDummyScene and adding to FXGLDefaultMenu
13:40:33.930 [JavaFX Application Thread] DEBUG PrimaryStageWindow   - FXGLMainMenuDummyScene -> FXGLDefaultMenu
13:40:37.918 [JavaFX Application Thread] DEBUG Menu                 - fireNewGame()
13:40:37.918 [JavaFX Application Thread] DEBUG GameApplicationServi - Starting new game
13:40:37.918 [JavaFX Application Thread] DEBUG PrimaryStageWindow   - Pop state: FXGLDefaultMenu
13:40:37.918 [JavaFX Application Thread] DEBUG Input                - Clearing active input actions
13:40:37.919 [JavaFX Application Thread] DEBUG GameApplicationServi - Removing overlay from FXGLDefaultMenu and adding to FXGLMainMenuDummyScene
13:40:37.919 [JavaFX Application Thread] DEBUG PrimaryStageWindow   - FXGLMainMenuDummyScene <- FXGLDefaultMenu
13:40:37.919 [JavaFX Application Thread] DEBUG Input                - Clearing active input actions
13:40:37.923 [JavaFX Application Thread] DEBUG GameApplicationServi - Removing overlay from FXGLMainMenuDummyScene and adding to FXGLLoadingScene
13:40:37.923 [JavaFX Application Thread] DEBUG PrimaryStageWindow   - FXGLMainMenuDummyScene -> FXGLLoadingScene
13:40:37.923 [JavaFX Application Thread] DEBUG GameApplicationServi - Clearing previous game
13:40:37.923 [JavaFX Application Thread] DEBUG GameScene            - Clearing game scene
13:40:37.923 [JavaFX Application Thread] DEBUG GameWorld            - Clearing game world
13:40:37.929 [JavaFX Application Thread] DEBUG PhysicsWorld         - Clearing physics world
13:40:37.929 [FXGL Background Thread 2 ] DEBUG FXGLApplication      - Initializing game
13:40:37.933 [FXGL Background Thread 2 ] WARN  TMXLevelLoader       - TiledMap generated from 1.11.0. Supported version: 1.9.0. Some features may not be parsed fully.
13:40:37.949 [FXGL Background Thread 2 ] DEBUG TMXLevelLoader       - Parsed TiledMap: file:/Users/dy/Desktop/alfa/Java/Projectarbeit/Tanks/target/classes/assets/levels/level1.tmx
13:40:37.949 [FXGL Background Thread 2 ] DEBUG TMXLevelLoader       - Creating tile layer entities
13:40:37.949 [FXGL Background Thread 2 ] DEBUG TMXLevelLoader       - Creating object layer entities
13:40:38.001 [FXGL Background Thread 2 ] DEBUG GameWorld            - Clearing removable entities
13:40:38.001 [FXGL Background Thread 2 ] DEBUG GameWorld            - Setting level: com.almasb.fxgl.entity.level.Level@71ece27a
13:40:38.004 [FXGL Background Thread 2 ] DEBUG FXGLAssetLoaderServi - Loading from file system: file:/Users/dy/Desktop/alfa/Java/Projectarbeit/Tanks/target/classes/assets/textures/tanks/T4.png
13:40:38.007 [FXGL Background Thread 2 ] INFO  FXGLApplication      - Game initialization took: 0,078 sec
13:40:38.008 [JavaFX Application Thread] DEBUG Input                - Clearing active input actions
13:40:38.015 [JavaFX Application Thread] DEBUG GameApplicationServi - Removing overlay from FXGLLoadingScene and adding to GameScene
13:40:38.015 [JavaFX Application Thread] DEBUG PrimaryStageWindow   - FXGLLoadingScene -> GameScene
13:40:50.009 [JavaFX Application Thread] DEBUG FXGLAssetLoaderServi - Loading from file system: file:/Users/dy/Desktop/alfa/Java/Projectarbeit/Tanks/target/classes/assets/textures/tanks/T5.png
13:41:04.527 [JavaFX Application Thread] DEBUG PrimaryStageWindow   - Push state: WinnerScene
13:41:04.527 [JavaFX Application Thread] DEBUG Input                - Clearing active input actions
13:41:04.527 [JavaFX Application Thread] DEBUG GameApplicationServi - Removing overlay from GameScene and adding to WinnerScene
13:41:04.527 [JavaFX Application Thread] DEBUG PrimaryStageWindow   - GameScene -> WinnerScene
13:41:06.541 [JavaFX Application Thread] DEBUG PrimaryStageWindow   - Pop state: WinnerScene
13:41:06.541 [JavaFX Application Thread] DEBUG Input                - Clearing active input actions
13:41:06.542 [JavaFX Application Thread] DEBUG GameApplicationServi - Removing overlay from WinnerScene and adding to GameScene
13:41:06.542 [JavaFX Application Thread] DEBUG PrimaryStageWindow   - GameScene <- WinnerScene
13:41:06.544 [JavaFX Application Thread] WARN  TMXLevelLoader       - TiledMap generated from 1.11.0. Supported version: 1.9.0. Some features may not be parsed fully.
13:41:06.550 [JavaFX Application Thread] DEBUG TMXLevelLoader       - Parsed TiledMap: file:/Users/dy/Desktop/alfa/Java/Projectarbeit/Tanks/target/classes/assets/levels/level2.tmx
13:41:06.550 [JavaFX Application Thread] DEBUG TMXLevelLoader       - Creating tile layer entities
13:41:06.550 [JavaFX Application Thread] DEBUG TMXLevelLoader       - Creating object layer entities
13:41:06.566 [JavaFX Application Thread] DEBUG GameWorld            - Clearing removable entities
13:41:06.573 [JavaFX Application Thread] DEBUG GameWorld            - Setting level: com.almasb.fxgl.entity.level.Level@1802935f
13:41:27.228 [JavaFX Application Thread] DEBUG PrimaryStageWindow   - Push state: WinnerScene
13:41:27.228 [JavaFX Application Thread] DEBUG Input                - Clearing active input actions
13:41:27.228 [JavaFX Application Thread] DEBUG GameApplicationServi - Removing overlay from GameScene and adding to WinnerScene
13:41:27.228 [JavaFX Application Thread] DEBUG PrimaryStageWindow   - GameScene -> WinnerScene
13:41:29.250 [JavaFX Application Thread] DEBUG PrimaryStageWindow   - Pop state: WinnerScene
13:41:29.250 [JavaFX Application Thread] DEBUG Input                - Clearing active input actions
13:41:29.251 [JavaFX Application Thread] DEBUG GameApplicationServi - Removing overlay from WinnerScene and adding to GameScene
13:41:29.251 [JavaFX Application Thread] DEBUG PrimaryStageWindow   - GameScene <- WinnerScene
13:41:29.251 [JavaFX Application Thread] DEBUG Input                - Clearing active input actions
13:41:29.254 [JavaFX Application Thread] DEBUG GameApplicationServi - Removing overlay from GameScene and adding to FXGLMainMenuDummyScene
13:41:29.255 [JavaFX Application Thread] DEBUG PrimaryStageWindow   - GameScene -> FXGLMainMenuDummyScene
13:41:29.255 [JavaFX Application Thread] DEBUG PrimaryStageWindow   - Push state: FXGLDefaultMenu
13:41:29.255 [JavaFX Application Thread] DEBUG Input                - Clearing active input actions
13:41:29.257 [JavaFX Application Thread] DEBUG GameApplicationServi - Removing overlay from FXGLMainMenuDummyScene and adding to FXGLDefaultMenu
13:41:29.257 [JavaFX Application Thread] DEBUG PrimaryStageWindow   - FXGLMainMenuDummyScene -> FXGLDefaultMenu
13:41:54.565 [JavaFX Application Thread] DEBUG Menu                 - fireNewGame()
13:41:54.565 [JavaFX Application Thread] DEBUG GameApplicationServi - Starting new game
13:41:54.566 [JavaFX Application Thread] DEBUG PrimaryStageWindow   - Pop state: FXGLDefaultMenu
13:41:54.566 [JavaFX Application Thread] DEBUG Input                - Clearing active input actions
13:41:54.566 [JavaFX Application Thread] DEBUG GameApplicationServi - Removing overlay from FXGLDefaultMenu and adding to FXGLMainMenuDummyScene
13:41:54.566 [JavaFX Application Thread] DEBUG PrimaryStageWindow   - FXGLMainMenuDummyScene <- FXGLDefaultMenu
13:41:54.566 [JavaFX Application Thread] DEBUG Input                - Clearing active input actions
13:41:54.573 [JavaFX Application Thread] DEBUG GameApplicationServi - Removing overlay from FXGLMainMenuDummyScene and adding to FXGLLoadingScene
13:41:54.573 [JavaFX Application Thread] DEBUG PrimaryStageWindow   - FXGLMainMenuDummyScene -> FXGLLoadingScene
13:41:54.573 [JavaFX Application Thread] DEBUG GameApplicationServi - Clearing previous game
13:41:54.573 [JavaFX Application Thread] DEBUG GameScene            - Clearing game scene
13:41:54.573 [JavaFX Application Thread] DEBUG GameWorld            - Clearing game world
13:41:54.574 [JavaFX Application Thread] DEBUG PhysicsWorld         - Clearing physics world
13:41:54.575 [FXGL Background Thread 5 ] DEBUG FXGLApplication      - Initializing game
13:41:54.579 [FXGL Background Thread 5 ] WARN  TMXLevelLoader       - TiledMap generated from 1.11.0. Supported version: 1.9.0. Some features may not be parsed fully.
13:41:54.589 [FXGL Background Thread 5 ] DEBUG TMXLevelLoader       - Parsed TiledMap: file:/Users/dy/Desktop/alfa/Java/Projectarbeit/Tanks/target/classes/assets/levels/level1.tmx
13:41:54.589 [FXGL Background Thread 5 ] DEBUG TMXLevelLoader       - Creating tile layer entities
13:41:54.589 [FXGL Background Thread 5 ] DEBUG TMXLevelLoader       - Creating object layer entities
13:41:54.612 [FXGL Background Thread 5 ] DEBUG GameWorld            - Clearing removable entities
13:41:54.612 [FXGL Background Thread 5 ] DEBUG GameWorld            - Setting level: com.almasb.fxgl.entity.level.Level@214c27fc
13:41:54.616 [FXGL Background Thread 5 ] INFO  FXGLApplication      - Game initialization took: 0,040 sec
13:41:54.616 [JavaFX Application Thread] DEBUG Input                - Clearing active input actions
13:41:54.620 [JavaFX Application Thread] DEBUG GameApplicationServi - Removing overlay from FXGLLoadingScene and adding to GameScene
13:41:54.621 [JavaFX Application Thread] DEBUG PrimaryStageWindow   - FXGLLoadingScene -> GameScene
13:42:05.260 [JavaFX Application Thread] DEBUG PrimaryStageWindow   - Push state: WinnerScene
13:42:05.260 [JavaFX Application Thread] DEBUG Input                - Clearing active input actions
13:42:05.260 [JavaFX Application Thread] DEBUG GameApplicationServi - Removing overlay from GameScene and adding to WinnerScene
13:42:05.261 [JavaFX Application Thread] DEBUG PrimaryStageWindow   - GameScene -> WinnerScene
13:42:07.272 [JavaFX Application Thread] DEBUG PrimaryStageWindow   - Pop state: WinnerScene
13:42:07.272 [JavaFX Application Thread] DEBUG Input                - Clearing active input actions
13:42:07.273 [JavaFX Application Thread] DEBUG GameApplicationServi - Removing overlay from WinnerScene and adding to GameScene
13:42:07.273 [JavaFX Application Thread] DEBUG PrimaryStageWindow   - GameScene <- WinnerScene
13:42:07.275 [JavaFX Application Thread] WARN  TMXLevelLoader       - TiledMap generated from 1.11.0. Supported version: 1.9.0. Some features may not be parsed fully.
13:42:07.277 [JavaFX Application Thread] DEBUG TMXLevelLoader       - Parsed TiledMap: file:/Users/dy/Desktop/alfa/Java/Projectarbeit/Tanks/target/classes/assets/levels/level2.tmx
13:42:07.278 [JavaFX Application Thread] DEBUG TMXLevelLoader       - Creating tile layer entities
13:42:07.278 [JavaFX Application Thread] DEBUG TMXLevelLoader       - Creating object layer entities
13:42:07.290 [JavaFX Application Thread] DEBUG GameWorld            - Clearing removable entities
13:42:07.292 [JavaFX Application Thread] DEBUG GameWorld            - Setting level: com.almasb.fxgl.entity.level.Level@617502e6
13:42:23.454 [JavaFX Application Thread] DEBUG PrimaryStageWindow   - Push state: WinnerScene
13:42:23.454 [JavaFX Application Thread] DEBUG Input                - Clearing active input actions
13:42:23.454 [JavaFX Application Thread] DEBUG GameApplicationServi - Removing overlay from GameScene and adding to WinnerScene
13:42:23.454 [JavaFX Application Thread] DEBUG PrimaryStageWindow   - GameScene -> WinnerScene
13:42:25.470 [JavaFX Application Thread] DEBUG PrimaryStageWindow   - Pop state: WinnerScene
13:42:25.470 [JavaFX Application Thread] DEBUG Input                - Clearing active input actions
13:42:25.470 [JavaFX Application Thread] DEBUG GameApplicationServi - Removing overlay from WinnerScene and adding to GameScene
13:42:25.470 [JavaFX Application Thread] DEBUG PrimaryStageWindow   - GameScene <- WinnerScene
13:42:25.470 [JavaFX Application Thread] DEBUG Input                - Clearing active input actions
13:42:25.473 [JavaFX Application Thread] DEBUG GameApplicationServi - Removing overlay from GameScene and adding to FXGLMainMenuDummyScene
13:42:25.473 [JavaFX Application Thread] DEBUG PrimaryStageWindow   - GameScene -> FXGLMainMenuDummyScene
13:42:25.473 [JavaFX Application Thread] DEBUG PrimaryStageWindow   - Push state: FXGLDefaultMenu
13:42:25.473 [JavaFX Application Thread] DEBUG Input                - Clearing active input actions
13:42:25.475 [JavaFX Application Thread] DEBUG GameApplicationServi - Removing overlay from FXGLMainMenuDummyScene and adding to FXGLDefaultMenu
13:42:25.475 [JavaFX Application Thread] DEBUG PrimaryStageWindow   - FXGLMainMenuDummyScene -> FXGLDefaultMenu
13:42:31.836 [JavaFX Application Thread] DEBUG Menu                 - fireExit()
13:42:31.839 [JavaFX Application Thread] DEBUG PrimaryStageWindow   - Push state: DialogSubScene
13:42:31.839 [JavaFX Application Thread] DEBUG Input                - Clearing active input actions
13:42:31.839 [JavaFX Application Thread] DEBUG GameApplicationServi - Removing overlay from FXGLDefaultMenu and adding to DialogSubScene
13:42:31.839 [JavaFX Application Thread] DEBUG PrimaryStageWindow   - FXGLDefaultMenu -> DialogSubScene
13:42:32.981 [JavaFX Application Thread] DEBUG PrimaryStageWindow   - Pop state: DialogSubScene
13:42:32.981 [JavaFX Application Thread] DEBUG Input                - Clearing active input actions
13:42:32.982 [JavaFX Application Thread] DEBUG GameApplicationServi - Removing overlay from DialogSubScene and adding to FXGLDefaultMenu
13:42:32.982 [JavaFX Application Thread] DEBUG PrimaryStageWindow   - FXGLDefaultMenu <- DialogSubScene
13:42:32.982 [JavaFX Application Thread] DEBUG FXGLApplication      - Exiting FXGL
13:42:32.982 [JavaFX Application Thread] DEBUG LoopRunner           - Stopping loop
13:42:32.982 [JavaFX Application Thread] DEBUG SystemBundleService  - Saving FXGL system data
13:42:32.985 [JavaFX Application Thread] DEBUG FileSystemAccess     - Writing to: /Users/dy/Desktop/alfa/Java/Projectarbeit/Tanks/system/fxgl.bundle
13:42:32.987 [JavaFX Application Thread] DEBUG Async                - Shutting down background threads
13:42:32.987 [JavaFX Application Thread] DEBUG PrimaryStageWindow   - Closing main window
13:42:32.998 [JavaFX Application Thread] DEBUG Logger               - Closing Logger
