13:32:50.653 [main                     ] DEBUG Logger               - Configured Logger
13:32:50.700 [main                     ] DEBUG GameApplication      - Logging settings
Title: Tank
Version: 1.0
Width: 816
Height: 672
Fullscreen: false
Intro: false
Profiling: false
Single step:false
App Mode: DEVELOPER
Menu Key: ESCAPE
Stage Style: DECORATED
Scene Factory: class com.almasb.fxgl.app.scene.SceneFactory

13:32:51.169 [JavaFX Application Thread] DEBUG FXGLApplication      - Initializing FXGL
13:32:51.173 [JavaFX Application Thread] INFO  Engine               - FXGL-21.1 (27.03.2024 07.52) on MAC (J:22.0.2 FX:22.0.1)
13:32:51.174 [JavaFX Application Thread] DEBUG Engine               - JRE Vendor Name: Oracle Corporation
13:32:51.174 [JavaFX Application Thread] DEBUG Engine               - Running on OS: Mac OS X version 14.6.1
13:32:51.174 [JavaFX Application Thread] DEBUG Engine               - Architecture: x86_64
13:32:51.174 [JavaFX Application Thread] INFO  Engine               - Source code and latest versions at: https://github.com/AlmasB/FXGL
13:32:51.175 [JavaFX Application Thread] INFO  Engine               -       Ask questions and discuss at: https://github.com/AlmasB/FXGL/discussions
13:32:51.175 [JavaFX Application Thread] INFO  Engine               -              Join the FXGL chat at: https://gitter.im/AlmasB/FXGL
13:32:51.283 [JavaFX Application Thread] DEBUG PrimaryStageWindow   - Creating a JavaFX scene
13:32:51.345 [JavaFX Application Thread] DEBUG PrimaryStageWindow   - Target settings size: 816.0 x 672.0
13:32:51.346 [JavaFX Application Thread] DEBUG PrimaryStageWindow   - Scaled scene size:    816.0 x 672.0
13:32:51.346 [JavaFX Application Thread] DEBUG PrimaryStageWindow   - Scaled ratio: (1.0, 1.0)
13:32:51.348 [JavaFX Application Thread] DEBUG PrimaryStageWindow   - Set initial scene to FXGLStartupScene
13:32:51.352 [JavaFX Application Thread] DEBUG PrimaryStageWindow   - Opening main window
13:32:51.551 [JavaFX Application Thread] DEBUG PrimaryStageWindow   - Window border size: (0.0, 28.0)
13:32:51.552 [JavaFX Application Thread] DEBUG PrimaryStageWindow   - Scaled size: 816.0 x 672.0
13:32:51.552 [JavaFX Application Thread] DEBUG PrimaryStageWindow   - Scaled ratio: (1.0, 1.0)
13:32:51.552 [JavaFX Application Thread] DEBUG PrimaryStageWindow   - Scene size: 816.0 x 672.0
13:32:51.553 [JavaFX Application Thread] DEBUG PrimaryStageWindow   - Stage size: 816.0 x 700.0
13:32:51.565 [FXGL Background Thread 1 ] DEBUG Engine               - Initializing environment variables
13:32:51.683 [FXGL Background Thread 1 ] DEBUG FXGLAssetLoaderServi - User app class for loading assets: class de.dywebstudio.tanks.TankApp
13:32:51.683 [FXGL Background Thread 1 ] DEBUG GameApplicationServi - Applying CSS: fxgl_dark.css
13:32:51.684 [FXGL Background Thread 1 ] DEBUG FXGLAssetLoaderServi - Loading from file system: jar:file:///Users/dy/.m2/repository/com/github/almasb/fxgl/21.1/fxgl-21.1.jar!/fxglassets/ui/css/fxgl_dark.css
13:32:51.767 [FXGL Background Thread 1 ] DEBUG GameApplicationServi - Initializing application scenes
13:32:52.341 [FXGL Background Thread 1 ] DEBUG GameWorld            - Game world initialized
13:32:52.415 [FXGL Background Thread 1 ] DEBUG PhysicsWorld         - Physics world initialized: appHeight=672, physics.ppm=50,0
13:32:52.415 [FXGL Background Thread 1 ] DEBUG PhysicsWorld         - Using strategy: BRUTE_FORCE
13:32:52.420 [FXGL Background Thread 1 ] DEBUG GameScene            - Game scene initialized: 816x672
13:32:52.435 [FXGL Background Thread 1 ] DEBUG FXGL.DefaultMenu     - createMenuBodyMainMenu()
13:32:52.462 [FXGL Background Thread 1 ] DEBUG FXGL.DefaultMenu     - createOptionsMenu()
13:32:52.473 [FXGL Background Thread 1 ] DEBUG FXGLAssetLoaderServi - Loading from file system: jar:file:///Users/dy/.m2/repository/com/github/almasb/fxgl/21.1/fxgl-21.1.jar!/fxglassets/textures/particles/smoke.png
13:32:52.599 [FXGL Background Thread 1 ] DEBUG FXGLAssetLoaderServi - Loading from file system: jar:file:///Users/dy/.m2/repository/com/github/almasb/fxgl/21.1/fxgl-21.1.jar!/fxglassets/textures/particles/trace_horizontal.png
13:32:52.630 [FXGL Background Thread 1 ] DEBUG FXGL.DefaultMenu     - createMenuBodyGameMenu()
13:32:52.632 [FXGL Background Thread 1 ] DEBUG FXGL.DefaultMenu     - createOptionsMenu()
13:32:52.646 [FXGL Background Thread 1 ] DEBUG GameApplicationServi - Application scenes initialized
13:32:52.665 [FXGL Background Thread 1 ] DEBUG SystemBundleService  - Loading FXGL system data
13:32:52.671 [FXGL Background Thread 1 ] DEBUG FileSystemAccess     - Reading from: /Users/dy/Desktop/alfa/Java/Projectarbeit/Tanks/system/fxgl.bundle
13:32:52.683 [FXGL Background Thread 1 ] DEBUG SystemBundleService  - Bundle FXGL: {}
13:32:52.684 [FXGL Background Thread 1 ] DEBUG UpdaterService       - Checking for updates
13:32:52.691 [FXGL Background Thread 4 ] DEBUG FXGLApplication      - Loading fonts
13:32:52.691 [FXGL Background Thread 4 ] DEBUG FXGLAssetLoaderServi - Loading from file system: jar:file:///Users/dy/.m2/repository/com/github/almasb/fxgl/21.1/fxgl-21.1.jar!/fxglassets/ui/fonts/VarelaRound-Regular.ttf
13:32:52.692 [FXGL Background Thread 1 ] DEBUG FXGLApplication      - Loading default localization
13:32:52.693 [FXGL Background Thread 1 ] DEBUG FXGLAssetLoaderServi - Loading from file system: jar:file:///Users/dy/.m2/repository/com/github/almasb/fxgl/21.1/fxgl-21.1.jar!/fxglassets/languages/english.lang
13:32:52.715 [FXGL Background Thread 1 ] INFO  FXGLApplication      - FXGL initialization took: 1,150 sec
13:32:52.716 [FXGL Background Thread 4 ] DEBUG FXGLAssetLoaderServi - Loading from file system: jar:file:///Users/dy/.m2/repository/com/github/almasb/fxgl/21.1/fxgl-21.1.jar!/fxglassets/ui/fonts/Abel-Regular.ttf
13:32:52.720 [FXGL Background Thread 4 ] DEBUG FXGLAssetLoaderServi - Loading from file system: jar:file:///Users/dy/.m2/repository/com/github/almasb/fxgl/21.1/fxgl-21.1.jar!/fxglassets/ui/fonts/TerminalLandMono-Regular.otf
13:32:52.728 [FXGL Background Thread 4 ] DEBUG FXGLAssetLoaderServi - Loading from file system: jar:file:///Users/dy/.m2/repository/com/github/almasb/fxgl/21.1/fxgl-21.1.jar!/fxglassets/ui/fonts/Courier-Prime.ttf
13:32:52.729 [JavaFX Application Thread] DEBUG Input                - Registered new binding: action0 - W
13:32:52.730 [JavaFX Application Thread] DEBUG Input                - Registered new binding: action1 - S
13:32:52.731 [JavaFX Application Thread] DEBUG Input                - Registered new binding: action2 - A
13:32:52.732 [JavaFX Application Thread] DEBUG Input                - Registered new binding: action3 - D
13:32:52.732 [JavaFX Application Thread] DEBUG Input                - Registered new binding: action4 - Space
13:32:52.733 [JavaFX Application Thread] DEBUG FXGLAssetLoaderServi - Loading from file system: jar:file:///Users/dy/.m2/repository/com/github/almasb/fxgl/21.1/fxgl-21.1.jar!/fxglassets/textures/fxgl_icon.png
13:32:52.766 [JavaFX Application Thread] DEBUG FXGLAssetLoaderServi - Loading from file system: jar:file:///Users/dy/.m2/repository/com/github/almasb/fxgl/21.1/fxgl-21.1.jar!/fxglassets/textures/fxgl_default_cursor.png
13:32:52.768 [JavaFX Application Thread] DEBUG Input                - Registered new binding: Screenshot - CTRL+8
13:32:52.769 [JavaFX Application Thread] DEBUG Input                - Registered new binding: System info dump - CTRL+9
13:32:52.769 [JavaFX Application Thread] DEBUG Input                - Registered new binding: Restart - CTRL+R
13:32:52.770 [JavaFX Application Thread] DEBUG Input                - Registered new binding: Toggle Debug Camera - CTRL+7
13:32:52.773 [JavaFX Application Thread] DEBUG LoopRunner           - Starting loop
13:32:52.773 [JavaFX Application Thread] DEBUG LoopRunner           - Initializing JavaFX AnimationTimerLoop
13:32:52.780 [JavaFX Application Thread] DEBUG Input                - Clearing active input actions
13:32:52.792 [JavaFX Application Thread] DEBUG GameApplicationServi - Removing overlay from FXGLStartupScene and adding to FXGLMainMenuDummyScene
13:32:52.793 [JavaFX Application Thread] DEBUG PrimaryStageWindow   - FXGLStartupScene -> FXGLMainMenuDummyScene
13:32:52.793 [JavaFX Application Thread] DEBUG PrimaryStageWindow   - Push state: FXGLDefaultMenu
13:32:52.799 [JavaFX Application Thread] DEBUG Input                - Clearing active input actions
13:32:52.812 [JavaFX Application Thread] DEBUG GameApplicationServi - Removing overlay from FXGLMainMenuDummyScene and adding to FXGLDefaultMenu
13:32:52.813 [JavaFX Application Thread] DEBUG PrimaryStageWindow   - FXGLMainMenuDummyScene -> FXGLDefaultMenu
13:32:52.847 [JavaFX Application Thread] DEBUG FXGLApplication      - Registering font factories with UI factory
13:32:55.692 [FXGL Background Thread 3 ] DEBUG Engine               - Logging environment variables
13:32:55.692 [FXGL Background Thread 3 ] DEBUG Engine               - achievements: []
13:32:55.692 [FXGL Background Thread 3 ] DEBUG Engine               - actualHeight: 672.0
13:32:55.693 [FXGL Background Thread 3 ] DEBUG Engine               - actualHeightProperty: ReadOnlyDoubleProperty [value: 672.0]
13:32:55.693 [FXGL Background Thread 3 ] DEBUG Engine               - actualWidth: 816.0
13:32:55.693 [FXGL Background Thread 3 ] DEBUG Engine               - actualWidthProperty: ReadOnlyDoubleProperty [value: 816.0]
13:32:55.693 [FXGL Background Thread 3 ] DEBUG Engine               - appIcon: fxgl_icon.png
13:32:55.693 [FXGL Background Thread 3 ] DEBUG Engine               - applicationMode: DEVELOPER
13:32:55.693 [FXGL Background Thread 3 ] DEBUG Engine               - cSSList: [fxgl_dark.css]
13:32:55.693 [FXGL Background Thread 3 ] DEBUG Engine               - collisionDetectionStrategy: BRUTE_FORCE
13:32:55.693 [FXGL Background Thread 3 ] DEBUG Engine               - configClass: Optional.empty
13:32:55.693 [FXGL Background Thread 3 ] DEBUG Engine               - credits: []
13:32:55.694 [FXGL Background Thread 3 ] DEBUG Engine               - defaultCursor: CursorInfo(imageName=fxgl_default_cursor.png, hotspotX=7.0, hotspotY=6.0)
13:32:55.694 [FXGL Background Thread 3 ] DEBUG Engine               - devBBoxColorProperty: ObjectProperty [value: 0xff0000ff]
13:32:55.694 [FXGL Background Thread 3 ] DEBUG Engine               - devEnableDebugCameraProperty: BooleanProperty [value: false]
13:32:55.694 [FXGL Background Thread 3 ] DEBUG Engine               - devSensorColorProperty: ObjectProperty [value: 0xffff00ff]
13:32:55.695 [FXGL Background Thread 3 ] DEBUG Engine               - devShowBBoxProperty: BooleanProperty [value: false]
13:32:55.695 [FXGL Background Thread 3 ] DEBUG Engine               - devShowPositionProperty: BooleanProperty [value: false]
13:32:55.695 [FXGL Background Thread 3 ] DEBUG Engine               - enabledMenuItems: []
13:32:55.695 [FXGL Background Thread 3 ] DEBUG Engine               - engineServices: [class com.almasb.fxgl.app.services.FXGLAssetLoaderService, class com.almasb.fxgl.app.FXGLApplication$GameApplicationService, class com.almasb.fxgl.app.services.FXGLDialogService, class com.almasb.fxgl.app.services.IOTaskExecutorService, class com.almasb.fxgl.io.FileSystemService, class com.almasb.fxgl.localization.LocalizationService, class com.almasb.fxgl.app.services.SystemBundleService, class com.almasb.fxgl.profile.SaveLoadService, class com.almasb.fxgl.ui.FXGLUIFactoryServiceProvider, class com.almasb.fxgl.ui.FXGLDialogFactoryServiceProvider, class com.almasb.fxgl.audio.AudioPlayer, class com.almasb.fxgl.notification.impl.NotificationServiceProvider, class com.almasb.fxgl.achievement.AchievementService, class com.almasb.fxgl.cutscene.CutsceneService, class com.almasb.fxgl.minigames.MiniGameService, class com.almasb.fxgl.net.NetService, class com.almasb.fxgl.app.services.UpdaterService, class com.almasb.fxgl.dev.DevService]
13:32:55.695 [FXGL Background Thread 3 ] DEBUG Engine               - fontGame: Abel-Regular.ttf
13:32:55.695 [FXGL Background Thread 3 ] DEBUG Engine               - fontMono: TerminalLandMono-Regular.otf
13:32:55.695 [FXGL Background Thread 3 ] DEBUG Engine               - fontSizeScaleUI: 1.0
13:32:55.695 [FXGL Background Thread 3 ] DEBUG Engine               - fontText: Courier-Prime.ttf
13:32:55.695 [FXGL Background Thread 3 ] DEBUG Engine               - fontUI: VarelaRound-Regular.ttf
13:32:55.695 [FXGL Background Thread 3 ] DEBUG Engine               - fullScreen: BooleanProperty [value: false]
13:32:55.695 [FXGL Background Thread 3 ] DEBUG Engine               - gameDifficulty: MEDIUM
13:32:55.695 [FXGL Background Thread 3 ] DEBUG Engine               - gameDifficultyProperty: ObjectProperty [value: MEDIUM]
13:32:55.695 [FXGL Background Thread 3 ] DEBUG Engine               - globalMusicVolume: 0.5
13:32:55.695 [FXGL Background Thread 3 ] DEBUG Engine               - globalMusicVolumeProperty: DoubleProperty [value: 0.5]
13:32:55.695 [FXGL Background Thread 3 ] DEBUG Engine               - globalSoundVolume: 0.5
13:32:55.696 [FXGL Background Thread 3 ] DEBUG Engine               - globalSoundVolumeProperty: DoubleProperty [value: 0.5]
13:32:55.696 [FXGL Background Thread 3 ] DEBUG Engine               - height: 672
13:32:55.696 [FXGL Background Thread 3 ] DEBUG Engine               - is3D: false
13:32:55.696 [FXGL Background Thread 3 ] DEBUG Engine               - isAndroid: false
13:32:55.696 [FXGL Background Thread 3 ] DEBUG Engine               - isBrowser: false
13:32:55.696 [FXGL Background Thread 3 ] DEBUG Engine               - isClickFeedbackEnabled: false
13:32:55.696 [FXGL Background Thread 3 ] DEBUG Engine               - isCloseConfirmation: false
13:32:55.696 [FXGL Background Thread 3 ] DEBUG Engine               - isDesktop: true
13:32:55.697 [FXGL Background Thread 3 ] DEBUG Engine               - isDeveloperMenuEnabled: false
13:32:55.697 [FXGL Background Thread 3 ] DEBUG Engine               - isEmbedded: false
13:32:55.697 [FXGL Background Thread 3 ] DEBUG Engine               - isEntityPreloadEnabled: true
13:32:55.697 [FXGL Background Thread 3 ] DEBUG Engine               - isExperimentalTiledLargeMap: false
13:32:55.697 [FXGL Background Thread 3 ] DEBUG Engine               - isFileSystemWriteAllowed: true
13:32:55.697 [FXGL Background Thread 3 ] DEBUG Engine               - isFullScreenAllowed: false
13:32:55.697 [FXGL Background Thread 3 ] DEBUG Engine               - isFullScreenFromStart: false
13:32:55.697 [FXGL Background Thread 3 ] DEBUG Engine               - isGameMenuEnabled: true
13:32:55.697 [FXGL Background Thread 3 ] DEBUG Engine               - isIOS: false
13:32:55.697 [FXGL Background Thread 3 ] DEBUG Engine               - isIntroEnabled: false
13:32:55.697 [FXGL Background Thread 3 ] DEBUG Engine               - isLinux: false
13:32:55.697 [FXGL Background Thread 3 ] DEBUG Engine               - isMac: true
13:32:55.698 [FXGL Background Thread 3 ] DEBUG Engine               - isMainMenuEnabled: true
13:32:55.698 [FXGL Background Thread 3 ] DEBUG Engine               - isManualResizeEnabled: false
13:32:55.698 [FXGL Background Thread 3 ] DEBUG Engine               - isMobile: false
13:32:55.698 [FXGL Background Thread 3 ] DEBUG Engine               - isNative: false
13:32:55.698 [FXGL Background Thread 3 ] DEBUG Engine               - isPauseMusicWhenMinimized: true
13:32:55.698 [FXGL Background Thread 3 ] DEBUG Engine               - isPreserveResizeRatio: false
13:32:55.698 [FXGL Background Thread 3 ] DEBUG Engine               - isProfilingEnabled: false
13:32:55.698 [FXGL Background Thread 3 ] DEBUG Engine               - isScaleAffectedOnResize: true
13:32:55.699 [FXGL Background Thread 3 ] DEBUG Engine               - isSingleStep: false
13:32:55.699 [FXGL Background Thread 3 ] DEBUG Engine               - isUserProfileEnabled: false
13:32:55.699 [FXGL Background Thread 3 ] DEBUG Engine               - isWindows: false
13:32:55.699 [FXGL Background Thread 3 ] DEBUG Engine               - language: ObjectProperty [value: ENGLISH]
13:32:55.699 [FXGL Background Thread 3 ] DEBUG Engine               - menuKey: ESCAPE
13:32:55.699 [FXGL Background Thread 3 ] DEBUG Engine               - mouseSensitivity: 0.2
13:32:55.699 [FXGL Background Thread 3 ] DEBUG Engine               - notificationViewClass: class com.almasb.fxgl.notification.view.XboxNotificationView
13:32:55.699 [FXGL Background Thread 3 ] DEBUG Engine               - pixelsPerMeter: 50.0
13:32:55.699 [FXGL Background Thread 3 ] DEBUG Engine               - platform: MAC
13:32:55.699 [FXGL Background Thread 3 ] DEBUG Engine               - prefHeightProperty: ReadOnlyDoubleProperty [value: 672.0]
13:32:55.699 [FXGL Background Thread 3 ] DEBUG Engine               - prefWidthProperty: ReadOnlyDoubleProperty [value: 816.0]
13:32:55.699 [FXGL Background Thread 3 ] DEBUG Engine               - profileDir: profiles/
13:32:55.699 [FXGL Background Thread 3 ] DEBUG Engine               - profileName: StringProperty [value: DEFAULT]
13:32:55.700 [FXGL Background Thread 3 ] DEBUG Engine               - randomSeed: -1
13:32:55.700 [FXGL Background Thread 3 ] DEBUG Engine               - runtimeInfo: RuntimeInfo(platform=MAC, version=21.1, build=27.03.2024 07.52)
13:32:55.701 [FXGL Background Thread 3 ] DEBUG Engine               - saveFileExt: sav
13:32:55.701 [FXGL Background Thread 3 ] DEBUG Engine               - scaledHeightProp$fxgl: DoubleProperty [bound, value: 672.0]
13:32:55.701 [FXGL Background Thread 3 ] DEBUG Engine               - scaledWidthProp$fxgl: DoubleProperty [bound, value: 816.0]
13:32:55.701 [FXGL Background Thread 3 ] DEBUG Engine               - sceneFactory: com.almasb.fxgl.app.scene.SceneFactory@66955283
13:32:55.702 [FXGL Background Thread 3 ] DEBUG Engine               - secondsIn24h: 60
13:32:55.702 [FXGL Background Thread 3 ] DEBUG Engine               - soundMenuBack: menu/back.wav
13:32:55.702 [FXGL Background Thread 3 ] DEBUG Engine               - soundMenuPress: menu/press.wav
13:32:55.702 [FXGL Background Thread 3 ] DEBUG Engine               - soundMenuSelect: menu/select.wav
13:32:55.702 [FXGL Background Thread 3 ] DEBUG Engine               - soundNotification: core/notification.wav
13:32:55.702 [FXGL Background Thread 3 ] DEBUG Engine               - stageStyle: DECORATED
13:32:55.702 [FXGL Background Thread 3 ] DEBUG Engine               - supportedLanguages: [ENGLISH, FRENCH, GERMAN, HUNGARIAN, RUSSIAN]
13:32:55.702 [FXGL Background Thread 3 ] DEBUG Engine               - ticksPerSecond: -1
13:32:55.702 [FXGL Background Thread 3 ] DEBUG Engine               - title: Tank
13:32:55.702 [FXGL Background Thread 3 ] DEBUG Engine               - urlGithub: https://github.com/AlmasB/FXGL
13:32:55.702 [FXGL Background Thread 3 ] DEBUG Engine               - urlLeaderboard: http://fxgl-top.herokuapp.com/
13:32:55.702 [FXGL Background Thread 3 ] DEBUG Engine               - urlPOM: https://raw.githubusercontent.com/AlmasB/FXGL/release/README.md
13:32:55.702 [FXGL Background Thread 3 ] DEBUG Engine               - userAppClass: class de.dywebstudio.tanks.TankApp
13:32:55.703 [FXGL Background Thread 3 ] DEBUG Engine               - version: 1.0
13:32:55.703 [FXGL Background Thread 3 ] DEBUG Engine               - versionCheckDays: 7
13:32:55.703 [FXGL Background Thread 3 ] DEBUG Engine               - width: 816
13:32:55.703 [FXGL Background Thread 3 ] DEBUG Engine               - Logging services
13:32:55.703 [FXGL Background Thread 3 ] DEBUG Engine               - class com.almasb.fxgl.app.services.FXGLAssetLoaderService
13:32:55.703 [FXGL Background Thread 3 ] DEBUG Engine               - class com.almasb.fxgl.app.FXGLApplication$GameApplicationService
13:32:55.703 [FXGL Background Thread 3 ] DEBUG Engine               - class com.almasb.fxgl.app.services.FXGLDialogService
13:32:55.703 [FXGL Background Thread 3 ] DEBUG Engine               - class com.almasb.fxgl.app.services.IOTaskExecutorService
13:32:55.703 [FXGL Background Thread 3 ] DEBUG Engine               - class com.almasb.fxgl.io.FileSystemService
13:32:55.704 [FXGL Background Thread 3 ] DEBUG Engine               - class com.almasb.fxgl.localization.LocalizationService
13:32:55.704 [FXGL Background Thread 3 ] DEBUG Engine               - class com.almasb.fxgl.app.services.SystemBundleService
13:32:55.704 [FXGL Background Thread 3 ] DEBUG Engine               - class com.almasb.fxgl.profile.SaveLoadService
13:32:55.704 [FXGL Background Thread 3 ] DEBUG Engine               - class com.almasb.fxgl.ui.FXGLUIFactoryServiceProvider
13:32:55.704 [FXGL Background Thread 3 ] DEBUG Engine               - class com.almasb.fxgl.ui.FXGLDialogFactoryServiceProvider
13:32:55.704 [FXGL Background Thread 3 ] DEBUG Engine               - class com.almasb.fxgl.audio.AudioPlayer
13:32:55.704 [FXGL Background Thread 3 ] DEBUG Engine               - class com.almasb.fxgl.notification.impl.NotificationServiceProvider
13:32:55.704 [FXGL Background Thread 3 ] DEBUG Engine               - class com.almasb.fxgl.achievement.AchievementService
13:32:55.704 [FXGL Background Thread 3 ] DEBUG Engine               - class com.almasb.fxgl.cutscene.CutsceneService
13:32:55.704 [FXGL Background Thread 3 ] DEBUG Engine               - class com.almasb.fxgl.minigames.MiniGameService
13:32:55.704 [FXGL Background Thread 3 ] DEBUG Engine               - class com.almasb.fxgl.net.NetService
13:32:55.704 [FXGL Background Thread 3 ] DEBUG Engine               - class com.almasb.fxgl.app.services.UpdaterService
13:32:55.704 [FXGL Background Thread 3 ] DEBUG Engine               - class com.almasb.fxgl.dev.DevService
13:32:59.271 [JavaFX Application Thread] DEBUG Menu                 - fireNewGame()
13:32:59.271 [JavaFX Application Thread] DEBUG GameApplicationServi - Starting new game
13:32:59.273 [JavaFX Application Thread] DEBUG PrimaryStageWindow   - Pop state: FXGLDefaultMenu
13:32:59.273 [JavaFX Application Thread] DEBUG Input                - Clearing active input actions
13:32:59.273 [JavaFX Application Thread] DEBUG GameApplicationServi - Removing overlay from FXGLDefaultMenu and adding to FXGLMainMenuDummyScene
13:32:59.274 [JavaFX Application Thread] DEBUG PrimaryStageWindow   - FXGLMainMenuDummyScene <- FXGLDefaultMenu
13:32:59.274 [JavaFX Application Thread] DEBUG Input                - Clearing active input actions
13:32:59.286 [JavaFX Application Thread] DEBUG GameApplicationServi - Removing overlay from FXGLMainMenuDummyScene and adding to FXGLLoadingScene
13:32:59.286 [JavaFX Application Thread] DEBUG PrimaryStageWindow   - FXGLMainMenuDummyScene -> FXGLLoadingScene
13:32:59.286 [JavaFX Application Thread] DEBUG GameApplicationServi - Clearing previous game
13:32:59.286 [JavaFX Application Thread] DEBUG GameScene            - Clearing game scene
13:32:59.286 [JavaFX Application Thread] DEBUG GameWorld            - Clearing game world
13:32:59.287 [JavaFX Application Thread] DEBUG PhysicsWorld         - Clearing physics world
13:32:59.288 [FXGL Background Thread 2 ] DEBUG FXGLApplication      - Initializing game
13:32:59.362 [FXGL Background Thread 2 ] WARN  TMXLevelLoader       - TiledMap generated from 1.11.0. Supported version: 1.9.0. Some features may not be parsed fully.
13:32:59.389 [FXGL Background Thread 2 ] DEBUG TMXLevelLoader       - Parsed TiledMap: file:/Users/dy/Desktop/alfa/Java/Projectarbeit/Tanks/target/classes/assets/levels/level1.tmx
13:32:59.390 [FXGL Background Thread 2 ] DEBUG TMXLevelLoader       - Creating tile layer entities
13:32:59.390 [FXGL Background Thread 2 ] DEBUG TMXLevelLoader       - Creating object layer entities
13:32:59.428 [FXGL Background Thread 2 ] DEBUG FXGLAssetLoaderServi - Loading from file system: file:/Users/dy/Desktop/alfa/Java/Projectarbeit/Tanks/target/classes/assets/textures/items/sea_animation.png
13:32:59.503 [FXGL Background Thread 2 ] DEBUG GameWorld            - Clearing removable entities
13:32:59.504 [FXGL Background Thread 2 ] DEBUG GameWorld            - Setting level: com.almasb.fxgl.entity.level.Level@32d5af7d
13:32:59.522 [FXGL Background Thread 2 ] DEBUG FXGLAssetLoaderServi - Loading from file system: file:/Users/dy/Desktop/alfa/Java/Projectarbeit/Tanks/target/classes/assets/textures/tanks/player.png
13:32:59.531 [FXGL Background Thread 2 ] DEBUG FXGLAssetLoaderServi - Loading from file system: file:/Users/dy/Desktop/alfa/Java/Projectarbeit/Tanks/target/classes/assets/textures/ui/enemy_info.png
13:32:59.532 [FXGL Background Thread 2 ] DEBUG FXGLAssetLoaderServi - Loading from file system: file:/Users/dy/Desktop/alfa/Java/Projectarbeit/Tanks/target/classes/assets/textures/ui/levelFlag.png
13:32:59.534 [FXGL Background Thread 2 ] DEBUG FXGLAssetLoaderServi - Loading from file system: file:/Users/dy/Desktop/alfa/Java/Projectarbeit/Tanks/target/classes/assets/textures/tanks/T4.png
13:32:59.538 [FXGL Background Thread 2 ] DEBUG FXGLAssetLoaderServi - Loading from file system: file:/Users/dy/Desktop/alfa/Java/Projectarbeit/Tanks/target/classes/assets/textures/tanks/T3.png
13:32:59.541 [FXGL Background Thread 2 ] DEBUG FXGLAssetLoaderServi - Loading from file system: file:/Users/dy/Desktop/alfa/Java/Projectarbeit/Tanks/target/classes/assets/textures/tanks/T6.png
13:32:59.543 [FXGL Background Thread 2 ] INFO  FXGLApplication      - Game initialization took: 0,255 sec
13:32:59.544 [JavaFX Application Thread] DEBUG Input                - Clearing active input actions
13:32:59.552 [JavaFX Application Thread] DEBUG GameApplicationServi - Removing overlay from FXGLLoadingScene and adding to GameScene
13:32:59.552 [JavaFX Application Thread] DEBUG PrimaryStageWindow   - FXGLLoadingScene -> GameScene
13:32:59.869 [JavaFX Application Thread] DEBUG FXGLAssetLoaderServi - Loading from file system: file:/Users/dy/Desktop/alfa/Java/Projectarbeit/Tanks/target/classes/assets/textures/items/bullet/norm.png
13:33:03.247 [JavaFX Application Thread] DEBUG FXGLAssetLoaderServi - Loading from file system: file:/Users/dy/Desktop/alfa/Java/Projectarbeit/Tanks/target/classes/assets/textures/tanks/T1.png
13:33:15.708 [JavaFX Application Thread] DEBUG PrimaryStageWindow   - Push state: WinnerScene
13:33:15.708 [JavaFX Application Thread] DEBUG Input                - Clearing active input actions
13:33:15.708 [JavaFX Application Thread] DEBUG GameApplicationServi - Removing overlay from GameScene and adding to WinnerScene
13:33:15.708 [JavaFX Application Thread] DEBUG PrimaryStageWindow   - GameScene -> WinnerScene
13:33:17.716 [JavaFX Application Thread] DEBUG PrimaryStageWindow   - Pop state: WinnerScene
13:33:17.716 [JavaFX Application Thread] DEBUG Input                - Clearing active input actions
13:33:17.717 [JavaFX Application Thread] DEBUG GameApplicationServi - Removing overlay from WinnerScene and adding to GameScene
13:33:17.717 [JavaFX Application Thread] DEBUG PrimaryStageWindow   - GameScene <- WinnerScene
13:33:17.721 [JavaFX Application Thread] WARN  TMXLevelLoader       - TiledMap generated from 1.11.0. Supported version: 1.9.0. Some features may not be parsed fully.
13:33:17.729 [JavaFX Application Thread] DEBUG TMXLevelLoader       - Parsed TiledMap: file:/Users/dy/Desktop/alfa/Java/Projectarbeit/Tanks/target/classes/assets/levels/level2.tmx
13:33:17.729 [JavaFX Application Thread] DEBUG TMXLevelLoader       - Creating tile layer entities
13:33:17.730 [JavaFX Application Thread] DEBUG TMXLevelLoader       - Creating object layer entities
13:33:17.760 [JavaFX Application Thread] DEBUG GameWorld            - Clearing removable entities
13:33:17.768 [JavaFX Application Thread] DEBUG GameWorld            - Setting level: com.almasb.fxgl.entity.level.Level@20147259
13:33:25.870 [JavaFX Application Thread] DEBUG FXGLAssetLoaderServi - Loading from file system: file:/Users/dy/Desktop/alfa/Java/Projectarbeit/Tanks/target/classes/assets/textures/tanks/T2.png
13:33:39.703 [JavaFX Application Thread] DEBUG PrimaryStageWindow   - Push state: WinnerScene
13:33:39.703 [JavaFX Application Thread] DEBUG Input                - Clearing active input actions
13:33:39.703 [JavaFX Application Thread] DEBUG GameApplicationServi - Removing overlay from GameScene and adding to WinnerScene
13:33:39.703 [JavaFX Application Thread] DEBUG PrimaryStageWindow   - GameScene -> WinnerScene
13:33:41.708 [JavaFX Application Thread] DEBUG PrimaryStageWindow   - Pop state: WinnerScene
13:33:41.709 [JavaFX Application Thread] DEBUG Input                - Clearing active input actions
13:33:41.709 [JavaFX Application Thread] DEBUG GameApplicationServi - Removing overlay from WinnerScene and adding to GameScene
13:33:41.709 [JavaFX Application Thread] DEBUG PrimaryStageWindow   - GameScene <- WinnerScene
13:33:41.709 [JavaFX Application Thread] DEBUG Input                - Clearing active input actions
13:33:41.713 [JavaFX Application Thread] DEBUG GameApplicationServi - Removing overlay from GameScene and adding to FXGLMainMenuDummyScene
13:33:41.713 [JavaFX Application Thread] DEBUG PrimaryStageWindow   - GameScene -> FXGLMainMenuDummyScene
13:33:41.714 [JavaFX Application Thread] DEBUG PrimaryStageWindow   - Push state: FXGLDefaultMenu
13:33:41.714 [JavaFX Application Thread] DEBUG Input                - Clearing active input actions
13:33:41.716 [JavaFX Application Thread] DEBUG GameApplicationServi - Removing overlay from FXGLMainMenuDummyScene and adding to FXGLDefaultMenu
13:33:41.716 [JavaFX Application Thread] DEBUG PrimaryStageWindow   - FXGLMainMenuDummyScene -> FXGLDefaultMenu
13:33:49.126 [JavaFX Application Thread] DEBUG Menu                 - fireExit()
13:33:49.128 [JavaFX Application Thread] DEBUG PrimaryStageWindow   - Push state: DialogSubScene
13:33:49.128 [JavaFX Application Thread] DEBUG Input                - Clearing active input actions
13:33:49.129 [JavaFX Application Thread] DEBUG GameApplicationServi - Removing overlay from FXGLDefaultMenu and adding to DialogSubScene
13:33:49.130 [JavaFX Application Thread] DEBUG PrimaryStageWindow   - FXGLDefaultMenu -> DialogSubScene
13:33:50.467 [JavaFX Application Thread] DEBUG PrimaryStageWindow   - Pop state: DialogSubScene
13:33:50.467 [JavaFX Application Thread] DEBUG Input                - Clearing active input actions
13:33:50.467 [JavaFX Application Thread] DEBUG GameApplicationServi - Removing overlay from DialogSubScene and adding to FXGLDefaultMenu
13:33:50.467 [JavaFX Application Thread] DEBUG PrimaryStageWindow   - FXGLDefaultMenu <- DialogSubScene
13:33:50.467 [JavaFX Application Thread] DEBUG FXGLApplication      - Exiting FXGL
13:33:50.467 [JavaFX Application Thread] DEBUG LoopRunner           - Stopping loop
13:33:50.468 [JavaFX Application Thread] DEBUG SystemBundleService  - Saving FXGL system data
13:33:50.470 [JavaFX Application Thread] DEBUG FileSystemAccess     - Writing to: /Users/dy/Desktop/alfa/Java/Projectarbeit/Tanks/system/fxgl.bundle
13:33:50.471 [JavaFX Application Thread] DEBUG Async                - Shutting down background threads
13:33:50.471 [JavaFX Application Thread] DEBUG PrimaryStageWindow   - Closing main window
13:33:50.482 [JavaFX Application Thread] DEBUG Logger               - Closing Logger
