10:09:58.333 [main                     ] DEBUG Logger               - Configured Logger
10:09:58.384 [main                     ] DEBUG GameApplication      - Logging settings
Title: Tank
Version: 1.0
Width: 816
Height: 672
Fullscreen: false
Intro: false
Profiling: false
Single step:false
App Mode: DEVELOPER
Menu Key: ESCAPE
Stage Style: DECORATED
Scene Factory: class com.almasb.fxgl.app.scene.SceneFactory

10:09:58.912 [JavaFX Application Thread] DEBUG FXGLApplication      - Initializing FXGL
10:09:58.920 [JavaFX Application Thread] INFO  Engine               - FXGL-21.1 (27.03.2024 07.52) on MAC (J:22.0.2 FX:22.0.1)
10:09:58.921 [JavaFX Application Thread] DEBUG Engine               - JRE Vendor Name: Oracle Corporation
10:09:58.921 [JavaFX Application Thread] DEBUG Engine               - Running on OS: Mac OS X version 14.6.1
10:09:58.921 [JavaFX Application Thread] DEBUG Engine               - Architecture: x86_64
10:09:58.921 [JavaFX Application Thread] INFO  Engine               - Source code and latest versions at: https://github.com/AlmasB/FXGL
10:09:58.922 [JavaFX Application Thread] INFO  Engine               -       Ask questions and discuss at: https://github.com/AlmasB/FXGL/discussions
10:09:58.922 [JavaFX Application Thread] INFO  Engine               -              Join the FXGL chat at: https://gitter.im/AlmasB/FXGL
10:09:59.056 [JavaFX Application Thread] DEBUG PrimaryStageWindow   - Creating a JavaFX scene
10:09:59.114 [JavaFX Application Thread] DEBUG PrimaryStageWindow   - Target settings size: 816.0 x 672.0
10:09:59.115 [JavaFX Application Thread] DEBUG PrimaryStageWindow   - Scaled scene size:    816.0 x 672.0
10:09:59.115 [JavaFX Application Thread] DEBUG PrimaryStageWindow   - Scaled ratio: (1.0, 1.0)
10:09:59.117 [JavaFX Application Thread] DEBUG PrimaryStageWindow   - Set initial scene to FXGLStartupScene
10:09:59.121 [JavaFX Application Thread] DEBUG PrimaryStageWindow   - Opening main window
10:09:59.256 [JavaFX Application Thread] DEBUG PrimaryStageWindow   - Window border size: (0.0, 28.0)
10:09:59.256 [JavaFX Application Thread] DEBUG PrimaryStageWindow   - Scaled size: 816.0 x 672.0
10:09:59.257 [JavaFX Application Thread] DEBUG PrimaryStageWindow   - Scaled ratio: (1.0, 1.0)
10:09:59.257 [JavaFX Application Thread] DEBUG PrimaryStageWindow   - Scene size: 816.0 x 672.0
10:09:59.258 [JavaFX Application Thread] DEBUG PrimaryStageWindow   - Stage size: 816.0 x 700.0
10:09:59.274 [FXGL Background Thread 1 ] DEBUG Engine               - Initializing environment variables
10:09:59.377 [FXGL Background Thread 1 ] DEBUG FXGLAssetLoaderServi - User app class for loading assets: class de.dywebstudio.tanks.TankApp
10:09:59.377 [FXGL Background Thread 1 ] DEBUG GameApplicationServi - Applying CSS: fxgl_dark.css
10:09:59.378 [FXGL Background Thread 1 ] DEBUG FXGLAssetLoaderServi - Loading from file system: jar:file:///Users/dy/.m2/repository/com/github/almasb/fxgl/21.1/fxgl-21.1.jar!/fxglassets/ui/css/fxgl_dark.css
10:09:59.463 [FXGL Background Thread 1 ] DEBUG GameApplicationServi - Initializing application scenes
10:09:59.846 [FXGL Background Thread 1 ] DEBUG GameWorld            - Game world initialized
10:09:59.899 [FXGL Background Thread 1 ] DEBUG PhysicsWorld         - Physics world initialized: appHeight=672, physics.ppm=50,0
10:09:59.900 [FXGL Background Thread 1 ] DEBUG PhysicsWorld         - Using strategy: BRUTE_FORCE
10:09:59.904 [FXGL Background Thread 1 ] DEBUG GameScene            - Game scene initialized: 816x672
10:09:59.917 [FXGL Background Thread 1 ] DEBUG FXGL.DefaultMenu     - createMenuBodyMainMenu()
10:09:59.934 [FXGL Background Thread 1 ] DEBUG FXGL.DefaultMenu     - createOptionsMenu()
10:09:59.947 [FXGL Background Thread 1 ] DEBUG FXGLAssetLoaderServi - Loading from file system: jar:file:///Users/dy/.m2/repository/com/github/almasb/fxgl/21.1/fxgl-21.1.jar!/fxglassets/textures/particles/smoke.png
10:10:00.067 [FXGL Background Thread 1 ] DEBUG FXGLAssetLoaderServi - Loading from file system: jar:file:///Users/dy/.m2/repository/com/github/almasb/fxgl/21.1/fxgl-21.1.jar!/fxglassets/textures/particles/trace_horizontal.png
10:10:00.101 [FXGL Background Thread 1 ] DEBUG FXGL.DefaultMenu     - createMenuBodyGameMenu()
10:10:00.103 [FXGL Background Thread 1 ] DEBUG FXGL.DefaultMenu     - createOptionsMenu()
10:10:00.124 [FXGL Background Thread 1 ] DEBUG GameApplicationServi - Application scenes initialized
10:10:00.140 [FXGL Background Thread 1 ] DEBUG SystemBundleService  - Loading FXGL system data
10:10:00.145 [FXGL Background Thread 1 ] DEBUG FileSystemAccess     - Reading from: /Users/dy/Desktop/alfa/Java/Projectarbeit/Tanks/system/fxgl.bundle
10:10:00.154 [FXGL Background Thread 1 ] DEBUG SystemBundleService  - Bundle FXGL: {}
10:10:00.154 [FXGL Background Thread 1 ] DEBUG UpdaterService       - Checking for updates
10:10:00.160 [FXGL Background Thread 4 ] DEBUG FXGLApplication      - Loading fonts
10:10:00.160 [FXGL Background Thread 4 ] DEBUG FXGLAssetLoaderServi - Loading from file system: jar:file:///Users/dy/.m2/repository/com/github/almasb/fxgl/21.1/fxgl-21.1.jar!/fxglassets/ui/fonts/VarelaRound-Regular.ttf
10:10:00.160 [FXGL Background Thread 1 ] DEBUG FXGLApplication      - Loading default localization
10:10:00.161 [FXGL Background Thread 1 ] DEBUG FXGLAssetLoaderServi - Loading from file system: jar:file:///Users/dy/.m2/repository/com/github/almasb/fxgl/21.1/fxgl-21.1.jar!/fxglassets/languages/english.lang
10:10:00.176 [FXGL Background Thread 1 ] INFO  FXGLApplication      - FXGL initialization took: 0,904 sec
10:10:00.177 [FXGL Background Thread 4 ] DEBUG FXGLAssetLoaderServi - Loading from file system: jar:file:///Users/dy/.m2/repository/com/github/almasb/fxgl/21.1/fxgl-21.1.jar!/fxglassets/ui/fonts/Abel-Regular.ttf
10:10:00.180 [FXGL Background Thread 4 ] DEBUG FXGLAssetLoaderServi - Loading from file system: jar:file:///Users/dy/.m2/repository/com/github/almasb/fxgl/21.1/fxgl-21.1.jar!/fxglassets/ui/fonts/TerminalLandMono-Regular.otf
10:10:00.184 [FXGL Background Thread 4 ] DEBUG FXGLAssetLoaderServi - Loading from file system: jar:file:///Users/dy/.m2/repository/com/github/almasb/fxgl/21.1/fxgl-21.1.jar!/fxglassets/ui/fonts/Courier-Prime.ttf
10:10:00.185 [JavaFX Application Thread] DEBUG Input                - Registered new binding: action0 - W
10:10:00.186 [JavaFX Application Thread] DEBUG Input                - Registered new binding: action1 - S
10:10:00.187 [JavaFX Application Thread] DEBUG Input                - Registered new binding: action2 - A
10:10:00.187 [JavaFX Application Thread] DEBUG Input                - Registered new binding: action3 - D
10:10:00.187 [JavaFX Application Thread] DEBUG Input                - Registered new binding: action4 - Space
10:10:00.188 [JavaFX Application Thread] DEBUG FXGLAssetLoaderServi - Loading from file system: jar:file:///Users/dy/.m2/repository/com/github/almasb/fxgl/21.1/fxgl-21.1.jar!/fxglassets/textures/fxgl_icon.png
10:10:00.214 [JavaFX Application Thread] DEBUG FXGLAssetLoaderServi - Loading from file system: jar:file:///Users/dy/.m2/repository/com/github/almasb/fxgl/21.1/fxgl-21.1.jar!/fxglassets/textures/fxgl_default_cursor.png
10:10:00.216 [JavaFX Application Thread] DEBUG Input                - Registered new binding: Screenshot - CTRL+8
10:10:00.217 [JavaFX Application Thread] DEBUG Input                - Registered new binding: System info dump - CTRL+9
10:10:00.217 [JavaFX Application Thread] DEBUG Input                - Registered new binding: Restart - CTRL+R
10:10:00.217 [JavaFX Application Thread] DEBUG Input                - Registered new binding: Toggle Debug Camera - CTRL+7
10:10:00.220 [JavaFX Application Thread] DEBUG LoopRunner           - Starting loop
10:10:00.220 [JavaFX Application Thread] DEBUG LoopRunner           - Initializing JavaFX AnimationTimerLoop
10:10:00.223 [JavaFX Application Thread] DEBUG Input                - Clearing active input actions
10:10:00.230 [JavaFX Application Thread] DEBUG GameApplicationServi - Removing overlay from FXGLStartupScene and adding to FXGLMainMenuDummyScene
10:10:00.231 [JavaFX Application Thread] DEBUG PrimaryStageWindow   - FXGLStartupScene -> FXGLMainMenuDummyScene
10:10:00.231 [JavaFX Application Thread] DEBUG PrimaryStageWindow   - Push state: FXGLDefaultMenu
10:10:00.235 [JavaFX Application Thread] DEBUG Input                - Clearing active input actions
10:10:00.242 [JavaFX Application Thread] DEBUG GameApplicationServi - Removing overlay from FXGLMainMenuDummyScene and adding to FXGLDefaultMenu
10:10:00.243 [JavaFX Application Thread] DEBUG PrimaryStageWindow   - FXGLMainMenuDummyScene -> FXGLDefaultMenu
10:10:00.265 [JavaFX Application Thread] DEBUG FXGLApplication      - Registering font factories with UI factory
10:10:01.823 [JavaFX Application Thread] DEBUG Menu                 - fireNewGame()
10:10:01.823 [JavaFX Application Thread] DEBUG GameApplicationServi - Starting new game
10:10:01.825 [JavaFX Application Thread] DEBUG PrimaryStageWindow   - Pop state: FXGLDefaultMenu
10:10:01.825 [JavaFX Application Thread] DEBUG Input                - Clearing active input actions
10:10:01.826 [JavaFX Application Thread] DEBUG GameApplicationServi - Removing overlay from FXGLDefaultMenu and adding to FXGLMainMenuDummyScene
10:10:01.827 [JavaFX Application Thread] DEBUG PrimaryStageWindow   - FXGLMainMenuDummyScene <- FXGLDefaultMenu
10:10:01.827 [JavaFX Application Thread] DEBUG Input                - Clearing active input actions
10:10:01.839 [JavaFX Application Thread] DEBUG GameApplicationServi - Removing overlay from FXGLMainMenuDummyScene and adding to FXGLLoadingScene
10:10:01.839 [JavaFX Application Thread] DEBUG PrimaryStageWindow   - FXGLMainMenuDummyScene -> FXGLLoadingScene
10:10:01.839 [JavaFX Application Thread] DEBUG GameApplicationServi - Clearing previous game
10:10:01.839 [JavaFX Application Thread] DEBUG GameScene            - Clearing game scene
10:10:01.840 [JavaFX Application Thread] DEBUG GameWorld            - Clearing game world
10:10:01.840 [JavaFX Application Thread] DEBUG PhysicsWorld         - Clearing physics world
10:10:01.841 [FXGL Background Thread 2 ] DEBUG FXGLApplication      - Initializing game
10:10:01.857 [FXGL Background Thread 2 ] DEBUG FXGLAssetLoaderServi - Loading from file system: file:/Users/dy/Desktop/alfa/Java/Projectarbeit/Tanks/target/classes/assets/textures/ui/enemy_info.png
10:10:01.860 [FXGL Background Thread 2 ] WARN  FXGLAssetLoaderServi - Asset "/assets/textures/ui/levelFlag" was not found!
10:10:01.860 [FXGL Background Thread 2 ] WARN  FXGLAssetLoaderServi - Failed to load IMAGE
10:10:01.942 [FXGL Background Thread 2 ] WARN  TMXLevelLoader       - TiledMap generated from 1.11.0. Supported version: 1.9.0. Some features may not be parsed fully.
10:10:01.972 [FXGL Background Thread 2 ] DEBUG TMXLevelLoader       - Parsed TiledMap: file:/Users/dy/Desktop/alfa/Java/Projectarbeit/Tanks/target/classes/assets/levels/level1.tmx
10:10:01.974 [FXGL Background Thread 2 ] DEBUG TMXLevelLoader       - Creating tile layer entities
10:10:01.976 [FXGL Background Thread 2 ] DEBUG TMXLevelLoader       - Creating object layer entities
10:10:02.014 [FXGL Background Thread 2 ] DEBUG FXGLAssetLoaderServi - Loading from file system: file:/Users/dy/Desktop/alfa/Java/Projectarbeit/Tanks/target/classes/assets/textures/items/sea_animation.png
10:10:02.115 [FXGL Background Thread 2 ] DEBUG GameWorld            - Clearing removable entities
10:10:02.116 [FXGL Background Thread 2 ] DEBUG GameWorld            - Setting level: com.almasb.fxgl.entity.level.Level@37d18127
10:10:02.149 [FXGL Background Thread 2 ] DEBUG FXGLAssetLoaderServi - Loading from file system: file:/Users/dy/Desktop/alfa/Java/Projectarbeit/Tanks/target/classes/assets/textures/tanks/player.png
10:10:02.155 [FXGL Background Thread 2 ] DEBUG FXGLAssetLoaderServi - Loading from file system: file:/Users/dy/Desktop/alfa/Java/Projectarbeit/Tanks/target/classes/assets/textures/tanks/T6.png
10:10:02.160 [FXGL Background Thread 2 ] DEBUG FXGLAssetLoaderServi - Loading from file system: file:/Users/dy/Desktop/alfa/Java/Projectarbeit/Tanks/target/classes/assets/textures/tanks/T5.png
10:10:02.165 [FXGL Background Thread 2 ] INFO  FXGLApplication      - Game initialization took: 0,324 sec
10:10:02.165 [JavaFX Application Thread] DEBUG Input                - Clearing active input actions
10:10:02.177 [JavaFX Application Thread] DEBUG GameApplicationServi - Removing overlay from FXGLLoadingScene and adding to GameScene
10:10:02.177 [JavaFX Application Thread] DEBUG PrimaryStageWindow   - FXGLLoadingScene -> GameScene
10:10:02.449 [JavaFX Application Thread] DEBUG FXGLAssetLoaderServi - Loading from file system: file:/Users/dy/Desktop/alfa/Java/Projectarbeit/Tanks/target/classes/assets/textures/items/bullet/norm.png
10:10:03.163 [FXGL Background Thread 3 ] DEBUG Engine               - Logging environment variables
10:10:03.164 [FXGL Background Thread 3 ] DEBUG Engine               - achievements: []
10:10:03.164 [FXGL Background Thread 3 ] DEBUG Engine               - actualHeight: 672.0
10:10:03.164 [FXGL Background Thread 3 ] DEBUG Engine               - actualHeightProperty: ReadOnlyDoubleProperty [value: 672.0]
10:10:03.164 [FXGL Background Thread 3 ] DEBUG Engine               - actualWidth: 816.0
10:10:03.164 [FXGL Background Thread 3 ] DEBUG Engine               - actualWidthProperty: ReadOnlyDoubleProperty [value: 816.0]
10:10:03.165 [FXGL Background Thread 3 ] DEBUG Engine               - appIcon: fxgl_icon.png
10:10:03.165 [FXGL Background Thread 3 ] DEBUG Engine               - applicationMode: DEVELOPER
10:10:03.165 [FXGL Background Thread 3 ] DEBUG Engine               - cSSList: [fxgl_dark.css]
10:10:03.165 [FXGL Background Thread 3 ] DEBUG Engine               - collisionDetectionStrategy: BRUTE_FORCE
10:10:03.165 [FXGL Background Thread 3 ] DEBUG Engine               - configClass: Optional.empty
10:10:03.165 [FXGL Background Thread 3 ] DEBUG Engine               - credits: []
10:10:03.166 [FXGL Background Thread 3 ] DEBUG Engine               - defaultCursor: CursorInfo(imageName=fxgl_default_cursor.png, hotspotX=7.0, hotspotY=6.0)
10:10:03.167 [FXGL Background Thread 3 ] DEBUG Engine               - devBBoxColorProperty: ObjectProperty [value: 0xff0000ff]
10:10:03.167 [FXGL Background Thread 3 ] DEBUG Engine               - devEnableDebugCameraProperty: BooleanProperty [value: false]
10:10:03.167 [FXGL Background Thread 3 ] DEBUG Engine               - devSensorColorProperty: ObjectProperty [value: 0xffff00ff]
10:10:03.167 [FXGL Background Thread 3 ] DEBUG Engine               - devShowBBoxProperty: BooleanProperty [value: false]
10:10:03.167 [FXGL Background Thread 3 ] DEBUG Engine               - devShowPositionProperty: BooleanProperty [value: false]
10:10:03.167 [FXGL Background Thread 3 ] DEBUG Engine               - enabledMenuItems: []
10:10:03.168 [FXGL Background Thread 3 ] DEBUG Engine               - engineServices: [class com.almasb.fxgl.app.services.FXGLAssetLoaderService, class com.almasb.fxgl.app.FXGLApplication$GameApplicationService, class com.almasb.fxgl.app.services.FXGLDialogService, class com.almasb.fxgl.app.services.IOTaskExecutorService, class com.almasb.fxgl.io.FileSystemService, class com.almasb.fxgl.localization.LocalizationService, class com.almasb.fxgl.app.services.SystemBundleService, class com.almasb.fxgl.profile.SaveLoadService, class com.almasb.fxgl.ui.FXGLUIFactoryServiceProvider, class com.almasb.fxgl.ui.FXGLDialogFactoryServiceProvider, class com.almasb.fxgl.audio.AudioPlayer, class com.almasb.fxgl.notification.impl.NotificationServiceProvider, class com.almasb.fxgl.achievement.AchievementService, class com.almasb.fxgl.cutscene.CutsceneService, class com.almasb.fxgl.minigames.MiniGameService, class com.almasb.fxgl.net.NetService, class com.almasb.fxgl.app.services.UpdaterService, class com.almasb.fxgl.dev.DevService]
10:10:03.168 [FXGL Background Thread 3 ] DEBUG Engine               - fontGame: Abel-Regular.ttf
10:10:03.168 [FXGL Background Thread 3 ] DEBUG Engine               - fontMono: TerminalLandMono-Regular.otf
10:10:03.168 [FXGL Background Thread 3 ] DEBUG Engine               - fontSizeScaleUI: 1.0
10:10:03.168 [FXGL Background Thread 3 ] DEBUG Engine               - fontText: Courier-Prime.ttf
10:10:03.168 [FXGL Background Thread 3 ] DEBUG Engine               - fontUI: VarelaRound-Regular.ttf
10:10:03.168 [FXGL Background Thread 3 ] DEBUG Engine               - fullScreen: BooleanProperty [value: false]
10:10:03.169 [FXGL Background Thread 3 ] DEBUG Engine               - gameDifficulty: MEDIUM
10:10:03.169 [FXGL Background Thread 3 ] DEBUG Engine               - gameDifficultyProperty: ObjectProperty [value: MEDIUM]
10:10:03.169 [FXGL Background Thread 3 ] DEBUG Engine               - globalMusicVolume: 0.5
10:10:03.169 [FXGL Background Thread 3 ] DEBUG Engine               - globalMusicVolumeProperty: DoubleProperty [value: 0.5]
10:10:03.169 [FXGL Background Thread 3 ] DEBUG Engine               - globalSoundVolume: 0.5
10:10:03.169 [FXGL Background Thread 3 ] DEBUG Engine               - globalSoundVolumeProperty: DoubleProperty [value: 0.5]
10:10:03.169 [FXGL Background Thread 3 ] DEBUG Engine               - height: 672
10:10:03.169 [FXGL Background Thread 3 ] DEBUG Engine               - is3D: false
10:10:03.169 [FXGL Background Thread 3 ] DEBUG Engine               - isAndroid: false
10:10:03.169 [FXGL Background Thread 3 ] DEBUG Engine               - isBrowser: false
10:10:03.169 [FXGL Background Thread 3 ] DEBUG Engine               - isClickFeedbackEnabled: false
10:10:03.169 [FXGL Background Thread 3 ] DEBUG Engine               - isCloseConfirmation: false
10:10:03.169 [FXGL Background Thread 3 ] DEBUG Engine               - isDesktop: true
10:10:03.170 [FXGL Background Thread 3 ] DEBUG Engine               - isDeveloperMenuEnabled: false
10:10:03.170 [FXGL Background Thread 3 ] DEBUG Engine               - isEmbedded: false
10:10:03.170 [FXGL Background Thread 3 ] DEBUG Engine               - isEntityPreloadEnabled: true
10:10:03.170 [FXGL Background Thread 3 ] DEBUG Engine               - isExperimentalTiledLargeMap: false
10:10:03.170 [FXGL Background Thread 3 ] DEBUG Engine               - isFileSystemWriteAllowed: true
10:10:03.170 [FXGL Background Thread 3 ] DEBUG Engine               - isFullScreenAllowed: false
10:10:03.170 [FXGL Background Thread 3 ] DEBUG Engine               - isFullScreenFromStart: false
10:10:03.170 [FXGL Background Thread 3 ] DEBUG Engine               - isGameMenuEnabled: true
10:10:03.170 [FXGL Background Thread 3 ] DEBUG Engine               - isIOS: false
10:10:03.170 [FXGL Background Thread 3 ] DEBUG Engine               - isIntroEnabled: false
10:10:03.170 [FXGL Background Thread 3 ] DEBUG Engine               - isLinux: false
10:10:03.170 [FXGL Background Thread 3 ] DEBUG Engine               - isMac: true
10:10:03.170 [FXGL Background Thread 3 ] DEBUG Engine               - isMainMenuEnabled: true
10:10:03.171 [FXGL Background Thread 3 ] DEBUG Engine               - isManualResizeEnabled: false
10:10:03.171 [FXGL Background Thread 3 ] DEBUG Engine               - isMobile: false
10:10:03.171 [FXGL Background Thread 3 ] DEBUG Engine               - isNative: false
10:10:03.171 [FXGL Background Thread 3 ] DEBUG Engine               - isPauseMusicWhenMinimized: true
10:10:03.171 [FXGL Background Thread 3 ] DEBUG Engine               - isPreserveResizeRatio: false
10:10:03.171 [FXGL Background Thread 3 ] DEBUG Engine               - isProfilingEnabled: false
10:10:03.171 [FXGL Background Thread 3 ] DEBUG Engine               - isScaleAffectedOnResize: true
10:10:03.171 [FXGL Background Thread 3 ] DEBUG Engine               - isSingleStep: false
10:10:03.171 [FXGL Background Thread 3 ] DEBUG Engine               - isUserProfileEnabled: false
10:10:03.171 [FXGL Background Thread 3 ] DEBUG Engine               - isWindows: false
10:10:03.171 [FXGL Background Thread 3 ] DEBUG Engine               - language: ObjectProperty [value: ENGLISH]
10:10:03.171 [FXGL Background Thread 3 ] DEBUG Engine               - menuKey: ESCAPE
10:10:03.172 [FXGL Background Thread 3 ] DEBUG Engine               - mouseSensitivity: 0.2
10:10:03.172 [FXGL Background Thread 3 ] DEBUG Engine               - notificationViewClass: class com.almasb.fxgl.notification.view.XboxNotificationView
10:10:03.172 [FXGL Background Thread 3 ] DEBUG Engine               - pixelsPerMeter: 50.0
10:10:03.172 [FXGL Background Thread 3 ] DEBUG Engine               - platform: MAC
10:10:03.172 [FXGL Background Thread 3 ] DEBUG Engine               - prefHeightProperty: ReadOnlyDoubleProperty [value: 672.0]
10:10:03.172 [FXGL Background Thread 3 ] DEBUG Engine               - prefWidthProperty: ReadOnlyDoubleProperty [value: 816.0]
10:10:03.172 [FXGL Background Thread 3 ] DEBUG Engine               - profileDir: profiles/
10:10:03.172 [FXGL Background Thread 3 ] DEBUG Engine               - profileName: StringProperty [value: DEFAULT]
10:10:03.172 [FXGL Background Thread 3 ] DEBUG Engine               - randomSeed: -1
10:10:03.172 [FXGL Background Thread 3 ] DEBUG Engine               - runtimeInfo: RuntimeInfo(platform=MAC, version=21.1, build=27.03.2024 07.52)
10:10:03.172 [FXGL Background Thread 3 ] DEBUG Engine               - saveFileExt: sav
10:10:03.172 [FXGL Background Thread 3 ] DEBUG Engine               - scaledHeightProp$fxgl: DoubleProperty [bound, value: 672.0]
10:10:03.173 [FXGL Background Thread 3 ] DEBUG Engine               - scaledWidthProp$fxgl: DoubleProperty [bound, value: 816.0]
10:10:03.173 [FXGL Background Thread 3 ] DEBUG Engine               - sceneFactory: com.almasb.fxgl.app.scene.SceneFactory@346c4cb7
10:10:03.173 [FXGL Background Thread 3 ] DEBUG Engine               - secondsIn24h: 60
10:10:03.173 [FXGL Background Thread 3 ] DEBUG Engine               - soundMenuBack: menu/back.wav
10:10:03.173 [FXGL Background Thread 3 ] DEBUG Engine               - soundMenuPress: menu/press.wav
10:10:03.173 [FXGL Background Thread 3 ] DEBUG Engine               - soundMenuSelect: menu/select.wav
10:10:03.173 [FXGL Background Thread 3 ] DEBUG Engine               - soundNotification: core/notification.wav
10:10:03.173 [FXGL Background Thread 3 ] DEBUG Engine               - stageStyle: DECORATED
10:10:03.173 [FXGL Background Thread 3 ] DEBUG Engine               - supportedLanguages: [ENGLISH, FRENCH, GERMAN, HUNGARIAN, RUSSIAN]
10:10:03.173 [FXGL Background Thread 3 ] DEBUG Engine               - ticksPerSecond: -1
10:10:03.173 [FXGL Background Thread 3 ] DEBUG Engine               - title: Tank
10:10:03.173 [FXGL Background Thread 3 ] DEBUG Engine               - urlGithub: https://github.com/AlmasB/FXGL
10:10:03.173 [FXGL Background Thread 3 ] DEBUG Engine               - urlLeaderboard: http://fxgl-top.herokuapp.com/
10:10:03.173 [FXGL Background Thread 3 ] DEBUG Engine               - urlPOM: https://raw.githubusercontent.com/AlmasB/FXGL/release/README.md
10:10:03.173 [FXGL Background Thread 3 ] DEBUG Engine               - userAppClass: class de.dywebstudio.tanks.TankApp
10:10:03.173 [FXGL Background Thread 3 ] DEBUG Engine               - version: 1.0
10:10:03.173 [FXGL Background Thread 3 ] DEBUG Engine               - versionCheckDays: 7
10:10:03.173 [FXGL Background Thread 3 ] DEBUG Engine               - width: 816
10:10:03.174 [FXGL Background Thread 3 ] DEBUG Engine               - Logging services
10:10:03.174 [FXGL Background Thread 3 ] DEBUG Engine               - class com.almasb.fxgl.app.services.FXGLAssetLoaderService
10:10:03.174 [FXGL Background Thread 3 ] DEBUG Engine               - class com.almasb.fxgl.app.FXGLApplication$GameApplicationService
10:10:03.174 [FXGL Background Thread 3 ] DEBUG Engine               - class com.almasb.fxgl.app.services.FXGLDialogService
10:10:03.174 [FXGL Background Thread 3 ] DEBUG Engine               - class com.almasb.fxgl.app.services.IOTaskExecutorService
10:10:03.174 [FXGL Background Thread 3 ] DEBUG Engine               - class com.almasb.fxgl.io.FileSystemService
10:10:03.174 [FXGL Background Thread 3 ] DEBUG Engine               - class com.almasb.fxgl.localization.LocalizationService
10:10:03.174 [FXGL Background Thread 3 ] DEBUG Engine               - class com.almasb.fxgl.app.services.SystemBundleService
10:10:03.174 [FXGL Background Thread 3 ] DEBUG Engine               - class com.almasb.fxgl.profile.SaveLoadService
10:10:03.174 [FXGL Background Thread 3 ] DEBUG Engine               - class com.almasb.fxgl.ui.FXGLUIFactoryServiceProvider
10:10:03.174 [FXGL Background Thread 3 ] DEBUG Engine               - class com.almasb.fxgl.ui.FXGLDialogFactoryServiceProvider
10:10:03.174 [FXGL Background Thread 3 ] DEBUG Engine               - class com.almasb.fxgl.audio.AudioPlayer
10:10:03.174 [FXGL Background Thread 3 ] DEBUG Engine               - class com.almasb.fxgl.notification.impl.NotificationServiceProvider
10:10:03.174 [FXGL Background Thread 3 ] DEBUG Engine               - class com.almasb.fxgl.achievement.AchievementService
10:10:03.174 [FXGL Background Thread 3 ] DEBUG Engine               - class com.almasb.fxgl.cutscene.CutsceneService
10:10:03.174 [FXGL Background Thread 3 ] DEBUG Engine               - class com.almasb.fxgl.minigames.MiniGameService
10:10:03.174 [FXGL Background Thread 3 ] DEBUG Engine               - class com.almasb.fxgl.net.NetService
10:10:03.175 [FXGL Background Thread 3 ] DEBUG Engine               - class com.almasb.fxgl.app.services.UpdaterService
10:10:03.175 [FXGL Background Thread 3 ] DEBUG Engine               - class com.almasb.fxgl.dev.DevService
10:10:05.813 [JavaFX Application Thread] DEBUG FXGLAssetLoaderServi - Loading from file system: file:/Users/dy/Desktop/alfa/Java/Projectarbeit/Tanks/target/classes/assets/textures/tanks/T2.png
10:10:09.802 [JavaFX Application Thread] DEBUG FXGLApplication      - Exiting FXGL
10:10:09.803 [JavaFX Application Thread] DEBUG LoopRunner           - Stopping loop
10:10:09.803 [JavaFX Application Thread] DEBUG SystemBundleService  - Saving FXGL system data
10:10:09.805 [JavaFX Application Thread] DEBUG FileSystemAccess     - Writing to: /Users/dy/Desktop/alfa/Java/Projectarbeit/Tanks/system/fxgl.bundle
10:10:09.808 [JavaFX Application Thread] DEBUG Async                - Shutting down background threads
10:10:09.808 [JavaFX Application Thread] DEBUG PrimaryStageWindow   - Closing main window
10:10:09.818 [JavaFX Application Thread] DEBUG Logger               - Closing Logger
