15:14:56.069 [main                     ] DEBUG Logger               - Configured Logger
15:14:56.107 [main                     ] DEBUG GameApplication      - Logging settings
Title: Tank
Version: 1.0
Width: 816
Height: 672
Fullscreen: false
Intro: false
Profiling: false
Single step:false
App Mode: DEVELOPER
Menu Key: ESCAPE
Stage Style: DECORATED
Scene Factory: class com.almasb.fxgl.app.scene.SceneFactory

15:14:56.564 [JavaFX Application Thread] DEBUG FXGLApplication      - Initializing FXGL
15:14:56.570 [JavaFX Application Thread] INFO  Engine               - FXGL-21.1 (27.03.2024 07.52) on MAC (J:22.0.2 FX:22.0.1)
15:14:56.570 [JavaFX Application Thread] DEBUG Engine               - JRE Vendor Name: Oracle Corporation
15:14:56.571 [JavaFX Application Thread] DEBUG Engine               - Running on OS: Mac OS X version 14.6.1
15:14:56.571 [JavaFX Application Thread] DEBUG Engine               - Architecture: x86_64
15:14:56.571 [JavaFX Application Thread] INFO  Engine               - Source code and latest versions at: https://github.com/AlmasB/FXGL
15:14:56.571 [JavaFX Application Thread] INFO  Engine               -       Ask questions and discuss at: https://github.com/AlmasB/FXGL/discussions
15:14:56.571 [JavaFX Application Thread] INFO  Engine               -              Join the FXGL chat at: https://gitter.im/AlmasB/FXGL
15:14:56.690 [JavaFX Application Thread] DEBUG PrimaryStageWindow   - Creating a JavaFX scene
15:14:56.748 [JavaFX Application Thread] DEBUG PrimaryStageWindow   - Target settings size: 816.0 x 672.0
15:14:56.748 [JavaFX Application Thread] DEBUG PrimaryStageWindow   - Scaled scene size:    816.0 x 672.0
15:14:56.749 [JavaFX Application Thread] DEBUG PrimaryStageWindow   - Scaled ratio: (1.0, 1.0)
15:14:56.750 [JavaFX Application Thread] DEBUG PrimaryStageWindow   - Set initial scene to FXGLStartupScene
15:14:56.756 [JavaFX Application Thread] DEBUG PrimaryStageWindow   - Opening main window
15:14:56.951 [JavaFX Application Thread] DEBUG PrimaryStageWindow   - Window border size: (0.0, 28.0)
15:14:56.951 [JavaFX Application Thread] DEBUG PrimaryStageWindow   - Scaled size: 816.0 x 672.0
15:14:56.952 [JavaFX Application Thread] DEBUG PrimaryStageWindow   - Scaled ratio: (1.0, 1.0)
15:14:56.952 [JavaFX Application Thread] DEBUG PrimaryStageWindow   - Scene size: 816.0 x 672.0
15:14:56.953 [JavaFX Application Thread] DEBUG PrimaryStageWindow   - Stage size: 816.0 x 700.0
15:14:56.960 [FXGL Background Thread 1 ] DEBUG Engine               - Initializing environment variables
15:14:57.102 [FXGL Background Thread 1 ] DEBUG FXGLAssetLoaderServi - User app class for loading assets: class de.dywebstudio.tanks.TankApp
15:14:57.103 [FXGL Background Thread 1 ] DEBUG GameApplicationServi - Applying CSS: fxgl_dark.css
15:14:57.106 [FXGL Background Thread 1 ] DEBUG FXGLAssetLoaderServi - Loading from file system: jar:file:///Users/dy/.m2/repository/com/github/almasb/fxgl/21.1/fxgl-21.1.jar!/fxglassets/ui/css/fxgl_dark.css
15:14:57.200 [FXGL Background Thread 1 ] DEBUG GameApplicationServi - Initializing application scenes
15:14:57.639 [FXGL Background Thread 1 ] DEBUG GameWorld            - Game world initialized
15:14:57.716 [FXGL Background Thread 1 ] DEBUG PhysicsWorld         - Physics world initialized: appHeight=672, physics.ppm=50,0
15:14:57.717 [FXGL Background Thread 1 ] DEBUG PhysicsWorld         - Using strategy: BRUTE_FORCE
15:14:57.724 [FXGL Background Thread 1 ] DEBUG GameScene            - Game scene initialized: 816x672
15:14:57.744 [FXGL Background Thread 1 ] DEBUG FXGL.DefaultMenu     - createMenuBodyMainMenu()
15:14:57.776 [FXGL Background Thread 1 ] DEBUG FXGL.DefaultMenu     - createOptionsMenu()
15:14:57.794 [FXGL Background Thread 1 ] DEBUG FXGLAssetLoaderServi - Loading from file system: jar:file:///Users/dy/.m2/repository/com/github/almasb/fxgl/21.1/fxgl-21.1.jar!/fxglassets/textures/particles/smoke.png
15:14:57.931 [FXGL Background Thread 1 ] DEBUG FXGLAssetLoaderServi - Loading from file system: jar:file:///Users/dy/.m2/repository/com/github/almasb/fxgl/21.1/fxgl-21.1.jar!/fxglassets/textures/particles/trace_horizontal.png
15:14:57.959 [FXGL Background Thread 1 ] DEBUG FXGL.DefaultMenu     - createMenuBodyGameMenu()
15:14:57.962 [FXGL Background Thread 1 ] DEBUG FXGL.DefaultMenu     - createOptionsMenu()
15:14:57.989 [FXGL Background Thread 1 ] DEBUG GameApplicationServi - Application scenes initialized
15:14:58.009 [FXGL Background Thread 1 ] DEBUG SystemBundleService  - Loading FXGL system data
15:14:58.015 [FXGL Background Thread 1 ] DEBUG FileSystemAccess     - Reading from: /Users/dy/Desktop/alfa/Java/Projectarbeit/Tanks/system/fxgl.bundle
15:14:58.029 [FXGL Background Thread 1 ] DEBUG SystemBundleService  - Bundle FXGL: {}
15:14:58.029 [FXGL Background Thread 1 ] DEBUG UpdaterService       - Checking for updates
15:14:58.037 [FXGL Background Thread 4 ] DEBUG FXGLApplication      - Loading fonts
15:14:58.038 [FXGL Background Thread 4 ] DEBUG FXGLAssetLoaderServi - Loading from file system: jar:file:///Users/dy/.m2/repository/com/github/almasb/fxgl/21.1/fxgl-21.1.jar!/fxglassets/ui/fonts/VarelaRound-Regular.ttf
15:14:58.038 [FXGL Background Thread 1 ] DEBUG FXGLApplication      - Loading default localization
15:14:58.039 [FXGL Background Thread 1 ] DEBUG FXGLAssetLoaderServi - Loading from file system: jar:file:///Users/dy/.m2/repository/com/github/almasb/fxgl/21.1/fxgl-21.1.jar!/fxglassets/languages/english.lang
15:14:58.062 [FXGL Background Thread 1 ] INFO  FXGLApplication      - FXGL initialization took: 1,102 sec
15:14:58.063 [FXGL Background Thread 4 ] DEBUG FXGLAssetLoaderServi - Loading from file system: jar:file:///Users/dy/.m2/repository/com/github/almasb/fxgl/21.1/fxgl-21.1.jar!/fxglassets/ui/fonts/Abel-Regular.ttf
15:14:58.069 [FXGL Background Thread 4 ] DEBUG FXGLAssetLoaderServi - Loading from file system: jar:file:///Users/dy/.m2/repository/com/github/almasb/fxgl/21.1/fxgl-21.1.jar!/fxglassets/ui/fonts/TerminalLandMono-Regular.otf
15:14:58.076 [FXGL Background Thread 4 ] DEBUG FXGLAssetLoaderServi - Loading from file system: jar:file:///Users/dy/.m2/repository/com/github/almasb/fxgl/21.1/fxgl-21.1.jar!/fxglassets/ui/fonts/Courier-Prime.ttf
15:14:58.076 [JavaFX Application Thread] DEBUG Input                - Registered new binding: action0 - W
15:14:58.077 [JavaFX Application Thread] DEBUG Input                - Registered new binding: action1 - S
15:14:58.078 [JavaFX Application Thread] DEBUG Input                - Registered new binding: action2 - A
15:14:58.079 [JavaFX Application Thread] DEBUG Input                - Registered new binding: action3 - D
15:14:58.079 [JavaFX Application Thread] DEBUG Input                - Registered new binding: action4 - Space
15:14:58.080 [JavaFX Application Thread] DEBUG FXGLAssetLoaderServi - Loading from file system: jar:file:///Users/dy/.m2/repository/com/github/almasb/fxgl/21.1/fxgl-21.1.jar!/fxglassets/textures/fxgl_icon.png
15:14:58.109 [JavaFX Application Thread] DEBUG FXGLAssetLoaderServi - Loading from file system: jar:file:///Users/dy/.m2/repository/com/github/almasb/fxgl/21.1/fxgl-21.1.jar!/fxglassets/textures/fxgl_default_cursor.png
15:14:58.111 [JavaFX Application Thread] DEBUG Input                - Registered new binding: Screenshot - CTRL+8
15:14:58.112 [JavaFX Application Thread] DEBUG Input                - Registered new binding: System info dump - CTRL+9
15:14:58.112 [JavaFX Application Thread] DEBUG Input                - Registered new binding: Restart - CTRL+R
15:14:58.113 [JavaFX Application Thread] DEBUG Input                - Registered new binding: Toggle Debug Camera - CTRL+7
15:14:58.117 [JavaFX Application Thread] DEBUG LoopRunner           - Starting loop
15:14:58.117 [JavaFX Application Thread] DEBUG LoopRunner           - Initializing JavaFX AnimationTimerLoop
15:14:58.122 [JavaFX Application Thread] DEBUG Input                - Clearing active input actions
15:14:58.135 [JavaFX Application Thread] DEBUG GameApplicationServi - Removing overlay from FXGLStartupScene and adding to FXGLMainMenuDummyScene
15:14:58.137 [JavaFX Application Thread] DEBUG PrimaryStageWindow   - FXGLStartupScene -> FXGLMainMenuDummyScene
15:14:58.137 [JavaFX Application Thread] DEBUG PrimaryStageWindow   - Push state: FXGLDefaultMenu
15:14:58.140 [JavaFX Application Thread] DEBUG Input                - Clearing active input actions
15:14:58.155 [JavaFX Application Thread] DEBUG GameApplicationServi - Removing overlay from FXGLMainMenuDummyScene and adding to FXGLDefaultMenu
15:14:58.156 [JavaFX Application Thread] DEBUG PrimaryStageWindow   - FXGLMainMenuDummyScene -> FXGLDefaultMenu
15:14:58.189 [JavaFX Application Thread] DEBUG FXGLApplication      - Registering font factories with UI factory
15:15:00.585 [JavaFX Application Thread] DEBUG Menu                 - fireNewGame()
15:15:00.585 [JavaFX Application Thread] DEBUG GameApplicationServi - Starting new game
15:15:00.586 [JavaFX Application Thread] DEBUG PrimaryStageWindow   - Pop state: FXGLDefaultMenu
15:15:00.586 [JavaFX Application Thread] DEBUG Input                - Clearing active input actions
15:15:00.587 [JavaFX Application Thread] DEBUG GameApplicationServi - Removing overlay from FXGLDefaultMenu and adding to FXGLMainMenuDummyScene
15:15:00.587 [JavaFX Application Thread] DEBUG PrimaryStageWindow   - FXGLMainMenuDummyScene <- FXGLDefaultMenu
15:15:00.588 [JavaFX Application Thread] DEBUG Input                - Clearing active input actions
15:15:00.597 [JavaFX Application Thread] DEBUG GameApplicationServi - Removing overlay from FXGLMainMenuDummyScene and adding to FXGLLoadingScene
15:15:00.597 [JavaFX Application Thread] DEBUG PrimaryStageWindow   - FXGLMainMenuDummyScene -> FXGLLoadingScene
15:15:00.597 [JavaFX Application Thread] DEBUG GameApplicationServi - Clearing previous game
15:15:00.598 [JavaFX Application Thread] DEBUG GameScene            - Clearing game scene
15:15:00.598 [JavaFX Application Thread] DEBUG GameWorld            - Clearing game world
15:15:00.598 [JavaFX Application Thread] DEBUG PhysicsWorld         - Clearing physics world
15:15:00.600 [FXGL Background Thread 2 ] DEBUG FXGLApplication      - Initializing game
15:15:00.676 [FXGL Background Thread 2 ] WARN  TMXLevelLoader       - TiledMap generated from 1.11.0. Supported version: 1.9.0. Some features may not be parsed fully.
15:15:00.708 [FXGL Background Thread 2 ] DEBUG TMXLevelLoader       - Parsed TiledMap: file:/Users/dy/Desktop/alfa/Java/Projectarbeit/Tanks/target/classes/assets/levels/level1.tmx
15:15:00.709 [FXGL Background Thread 2 ] DEBUG TMXLevelLoader       - Creating tile layer entities
15:15:00.711 [FXGL Background Thread 2 ] DEBUG TMXLevelLoader       - Creating object layer entities
15:15:00.760 [FXGL Background Thread 2 ] DEBUG FXGLAssetLoaderServi - Loading from file system: file:/Users/dy/Desktop/alfa/Java/Projectarbeit/Tanks/target/classes/assets/textures/items/sea_animation.png
15:15:00.907 [FXGL Background Thread 2 ] DEBUG GameWorld            - Clearing removable entities
15:15:00.908 [FXGL Background Thread 2 ] DEBUG GameWorld            - Setting level: com.almasb.fxgl.entity.level.Level@19bbd057
15:15:00.931 [FXGL Background Thread 2 ] DEBUG FXGLAssetLoaderServi - Loading from file system: file:/Users/dy/Desktop/alfa/Java/Projectarbeit/Tanks/target/classes/assets/textures/tanks/player.png
15:15:00.938 [FXGL Background Thread 2 ] DEBUG FXGLAssetLoaderServi - Loading from file system: file:/Users/dy/Desktop/alfa/Java/Projectarbeit/Tanks/target/classes/assets/textures/tanks/T1.png
15:15:00.942 [FXGL Background Thread 2 ] DEBUG FXGLAssetLoaderServi - Loading from file system: file:/Users/dy/Desktop/alfa/Java/Projectarbeit/Tanks/target/classes/assets/textures/tanks/T4.png
15:15:00.947 [FXGL Background Thread 2 ] INFO  FXGLApplication      - Game initialization took: 0,347 sec
15:15:00.948 [JavaFX Application Thread] DEBUG Input                - Clearing active input actions
15:15:00.960 [JavaFX Application Thread] DEBUG GameApplicationServi - Removing overlay from FXGLLoadingScene and adding to GameScene
15:15:00.960 [JavaFX Application Thread] DEBUG PrimaryStageWindow   - FXGLLoadingScene -> GameScene
15:15:01.037 [FXGL Background Thread 3 ] DEBUG Engine               - Logging environment variables
15:15:01.037 [FXGL Background Thread 3 ] DEBUG Engine               - achievements: []
15:15:01.037 [FXGL Background Thread 3 ] DEBUG Engine               - actualHeight: 672.0
15:15:01.038 [FXGL Background Thread 3 ] DEBUG Engine               - actualHeightProperty: ReadOnlyDoubleProperty [value: 672.0]
15:15:01.038 [FXGL Background Thread 3 ] DEBUG Engine               - actualWidth: 816.0
15:15:01.038 [FXGL Background Thread 3 ] DEBUG Engine               - actualWidthProperty: ReadOnlyDoubleProperty [value: 816.0]
15:15:01.038 [FXGL Background Thread 3 ] DEBUG Engine               - appIcon: fxgl_icon.png
15:15:01.038 [FXGL Background Thread 3 ] DEBUG Engine               - applicationMode: DEVELOPER
15:15:01.038 [FXGL Background Thread 3 ] DEBUG Engine               - cSSList: [fxgl_dark.css]
15:15:01.038 [FXGL Background Thread 3 ] DEBUG Engine               - collisionDetectionStrategy: BRUTE_FORCE
15:15:01.038 [FXGL Background Thread 3 ] DEBUG Engine               - configClass: Optional.empty
15:15:01.038 [FXGL Background Thread 3 ] DEBUG Engine               - credits: []
15:15:01.039 [FXGL Background Thread 3 ] DEBUG Engine               - defaultCursor: CursorInfo(imageName=fxgl_default_cursor.png, hotspotX=7.0, hotspotY=6.0)
15:15:01.039 [FXGL Background Thread 3 ] DEBUG Engine               - devBBoxColorProperty: ObjectProperty [value: 0xff0000ff]
15:15:01.039 [FXGL Background Thread 3 ] DEBUG Engine               - devEnableDebugCameraProperty: BooleanProperty [value: false]
15:15:01.039 [FXGL Background Thread 3 ] DEBUG Engine               - devSensorColorProperty: ObjectProperty [value: 0xffff00ff]
15:15:01.039 [FXGL Background Thread 3 ] DEBUG Engine               - devShowBBoxProperty: BooleanProperty [value: false]
15:15:01.039 [FXGL Background Thread 3 ] DEBUG Engine               - devShowPositionProperty: BooleanProperty [value: false]
15:15:01.039 [FXGL Background Thread 3 ] DEBUG Engine               - enabledMenuItems: []
15:15:01.039 [FXGL Background Thread 3 ] DEBUG Engine               - engineServices: [class com.almasb.fxgl.app.services.FXGLAssetLoaderService, class com.almasb.fxgl.app.FXGLApplication$GameApplicationService, class com.almasb.fxgl.app.services.FXGLDialogService, class com.almasb.fxgl.app.services.IOTaskExecutorService, class com.almasb.fxgl.io.FileSystemService, class com.almasb.fxgl.localization.LocalizationService, class com.almasb.fxgl.app.services.SystemBundleService, class com.almasb.fxgl.profile.SaveLoadService, class com.almasb.fxgl.ui.FXGLUIFactoryServiceProvider, class com.almasb.fxgl.ui.FXGLDialogFactoryServiceProvider, class com.almasb.fxgl.audio.AudioPlayer, class com.almasb.fxgl.notification.impl.NotificationServiceProvider, class com.almasb.fxgl.achievement.AchievementService, class com.almasb.fxgl.cutscene.CutsceneService, class com.almasb.fxgl.minigames.MiniGameService, class com.almasb.fxgl.net.NetService, class com.almasb.fxgl.app.services.UpdaterService, class com.almasb.fxgl.dev.DevService]
15:15:01.039 [FXGL Background Thread 3 ] DEBUG Engine               - fontGame: Abel-Regular.ttf
15:15:01.040 [FXGL Background Thread 3 ] DEBUG Engine               - fontMono: TerminalLandMono-Regular.otf
15:15:01.040 [FXGL Background Thread 3 ] DEBUG Engine               - fontSizeScaleUI: 1.0
15:15:01.040 [FXGL Background Thread 3 ] DEBUG Engine               - fontText: Courier-Prime.ttf
15:15:01.040 [FXGL Background Thread 3 ] DEBUG Engine               - fontUI: VarelaRound-Regular.ttf
15:15:01.040 [FXGL Background Thread 3 ] DEBUG Engine               - fullScreen: BooleanProperty [value: false]
15:15:01.040 [FXGL Background Thread 3 ] DEBUG Engine               - gameDifficulty: MEDIUM
15:15:01.040 [FXGL Background Thread 3 ] DEBUG Engine               - gameDifficultyProperty: ObjectProperty [value: MEDIUM]
15:15:01.040 [FXGL Background Thread 3 ] DEBUG Engine               - globalMusicVolume: 0.5
15:15:01.040 [FXGL Background Thread 3 ] DEBUG Engine               - globalMusicVolumeProperty: DoubleProperty [value: 0.5]
15:15:01.040 [FXGL Background Thread 3 ] DEBUG Engine               - globalSoundVolume: 0.5
15:15:01.040 [FXGL Background Thread 3 ] DEBUG Engine               - globalSoundVolumeProperty: DoubleProperty [value: 0.5]
15:15:01.040 [FXGL Background Thread 3 ] DEBUG Engine               - height: 672
15:15:01.040 [FXGL Background Thread 3 ] DEBUG Engine               - is3D: false
15:15:01.041 [FXGL Background Thread 3 ] DEBUG Engine               - isAndroid: false
15:15:01.041 [FXGL Background Thread 3 ] DEBUG Engine               - isBrowser: false
15:15:01.041 [FXGL Background Thread 3 ] DEBUG Engine               - isClickFeedbackEnabled: false
15:15:01.041 [FXGL Background Thread 3 ] DEBUG Engine               - isCloseConfirmation: false
15:15:01.041 [FXGL Background Thread 3 ] DEBUG Engine               - isDesktop: true
15:15:01.041 [FXGL Background Thread 3 ] DEBUG Engine               - isDeveloperMenuEnabled: false
15:15:01.041 [FXGL Background Thread 3 ] DEBUG Engine               - isEmbedded: false
15:15:01.041 [FXGL Background Thread 3 ] DEBUG Engine               - isEntityPreloadEnabled: true
15:15:01.041 [FXGL Background Thread 3 ] DEBUG Engine               - isExperimentalTiledLargeMap: false
15:15:01.041 [FXGL Background Thread 3 ] DEBUG Engine               - isFileSystemWriteAllowed: true
15:15:01.041 [FXGL Background Thread 3 ] DEBUG Engine               - isFullScreenAllowed: false
15:15:01.041 [FXGL Background Thread 3 ] DEBUG Engine               - isFullScreenFromStart: false
15:15:01.041 [FXGL Background Thread 3 ] DEBUG Engine               - isGameMenuEnabled: true
15:15:01.041 [FXGL Background Thread 3 ] DEBUG Engine               - isIOS: false
15:15:01.041 [FXGL Background Thread 3 ] DEBUG Engine               - isIntroEnabled: false
15:15:01.042 [FXGL Background Thread 3 ] DEBUG Engine               - isLinux: false
15:15:01.042 [FXGL Background Thread 3 ] DEBUG Engine               - isMac: true
15:15:01.042 [FXGL Background Thread 3 ] DEBUG Engine               - isMainMenuEnabled: true
15:15:01.042 [FXGL Background Thread 3 ] DEBUG Engine               - isManualResizeEnabled: false
15:15:01.042 [FXGL Background Thread 3 ] DEBUG Engine               - isMobile: false
15:15:01.042 [FXGL Background Thread 3 ] DEBUG Engine               - isNative: false
15:15:01.042 [FXGL Background Thread 3 ] DEBUG Engine               - isPauseMusicWhenMinimized: true
15:15:01.042 [FXGL Background Thread 3 ] DEBUG Engine               - isPreserveResizeRatio: false
15:15:01.042 [FXGL Background Thread 3 ] DEBUG Engine               - isProfilingEnabled: false
15:15:01.042 [FXGL Background Thread 3 ] DEBUG Engine               - isScaleAffectedOnResize: true
15:15:01.042 [FXGL Background Thread 3 ] DEBUG Engine               - isSingleStep: false
15:15:01.042 [FXGL Background Thread 3 ] DEBUG Engine               - isUserProfileEnabled: false
15:15:01.042 [FXGL Background Thread 3 ] DEBUG Engine               - isWindows: false
15:15:01.042 [FXGL Background Thread 3 ] DEBUG Engine               - language: ObjectProperty [value: ENGLISH]
15:15:01.042 [FXGL Background Thread 3 ] DEBUG Engine               - menuKey: ESCAPE
15:15:01.043 [FXGL Background Thread 3 ] DEBUG Engine               - mouseSensitivity: 0.2
15:15:01.043 [FXGL Background Thread 3 ] DEBUG Engine               - notificationViewClass: class com.almasb.fxgl.notification.view.XboxNotificationView
15:15:01.043 [FXGL Background Thread 3 ] DEBUG Engine               - pixelsPerMeter: 50.0
15:15:01.043 [FXGL Background Thread 3 ] DEBUG Engine               - platform: MAC
15:15:01.043 [FXGL Background Thread 3 ] DEBUG Engine               - prefHeightProperty: ReadOnlyDoubleProperty [value: 672.0]
15:15:01.043 [FXGL Background Thread 3 ] DEBUG Engine               - prefWidthProperty: ReadOnlyDoubleProperty [value: 816.0]
15:15:01.043 [FXGL Background Thread 3 ] DEBUG Engine               - profileDir: profiles/
15:15:01.043 [FXGL Background Thread 3 ] DEBUG Engine               - profileName: StringProperty [value: DEFAULT]
15:15:01.043 [FXGL Background Thread 3 ] DEBUG Engine               - randomSeed: -1
15:15:01.044 [FXGL Background Thread 3 ] DEBUG Engine               - runtimeInfo: RuntimeInfo(platform=MAC, version=21.1, build=27.03.2024 07.52)
15:15:01.044 [FXGL Background Thread 3 ] DEBUG Engine               - saveFileExt: sav
15:15:01.044 [FXGL Background Thread 3 ] DEBUG Engine               - scaledHeightProp$fxgl: DoubleProperty [bound, value: 672.0]
15:15:01.044 [FXGL Background Thread 3 ] DEBUG Engine               - scaledWidthProp$fxgl: DoubleProperty [bound, value: 816.0]
15:15:01.045 [FXGL Background Thread 3 ] DEBUG Engine               - sceneFactory: com.almasb.fxgl.app.scene.SceneFactory@1f22edb7
15:15:01.045 [FXGL Background Thread 3 ] DEBUG Engine               - secondsIn24h: 60
15:15:01.045 [FXGL Background Thread 3 ] DEBUG Engine               - soundMenuBack: menu/back.wav
15:15:01.045 [FXGL Background Thread 3 ] DEBUG Engine               - soundMenuPress: menu/press.wav
15:15:01.045 [FXGL Background Thread 3 ] DEBUG Engine               - soundMenuSelect: menu/select.wav
15:15:01.045 [FXGL Background Thread 3 ] DEBUG Engine               - soundNotification: core/notification.wav
15:15:01.045 [FXGL Background Thread 3 ] DEBUG Engine               - stageStyle: DECORATED
15:15:01.045 [FXGL Background Thread 3 ] DEBUG Engine               - supportedLanguages: [ENGLISH, FRENCH, GERMAN, HUNGARIAN, RUSSIAN]
15:15:01.045 [FXGL Background Thread 3 ] DEBUG Engine               - ticksPerSecond: -1
15:15:01.045 [FXGL Background Thread 3 ] DEBUG Engine               - title: Tank
15:15:01.045 [FXGL Background Thread 3 ] DEBUG Engine               - urlGithub: https://github.com/AlmasB/FXGL
15:15:01.045 [FXGL Background Thread 3 ] DEBUG Engine               - urlLeaderboard: http://fxgl-top.herokuapp.com/
15:15:01.045 [FXGL Background Thread 3 ] DEBUG Engine               - urlPOM: https://raw.githubusercontent.com/AlmasB/FXGL/release/README.md
15:15:01.045 [FXGL Background Thread 3 ] DEBUG Engine               - userAppClass: class de.dywebstudio.tanks.TankApp
15:15:01.045 [FXGL Background Thread 3 ] DEBUG Engine               - version: 1.0
15:15:01.045 [FXGL Background Thread 3 ] DEBUG Engine               - versionCheckDays: 7
15:15:01.046 [FXGL Background Thread 3 ] DEBUG Engine               - width: 816
15:15:01.046 [FXGL Background Thread 3 ] DEBUG Engine               - Logging services
15:15:01.046 [FXGL Background Thread 3 ] DEBUG Engine               - class com.almasb.fxgl.app.services.FXGLAssetLoaderService
15:15:01.046 [FXGL Background Thread 3 ] DEBUG Engine               - class com.almasb.fxgl.app.FXGLApplication$GameApplicationService
15:15:01.046 [FXGL Background Thread 3 ] DEBUG Engine               - class com.almasb.fxgl.app.services.FXGLDialogService
15:15:01.046 [FXGL Background Thread 3 ] DEBUG Engine               - class com.almasb.fxgl.app.services.IOTaskExecutorService
15:15:01.046 [FXGL Background Thread 3 ] DEBUG Engine               - class com.almasb.fxgl.io.FileSystemService
15:15:01.046 [FXGL Background Thread 3 ] DEBUG Engine               - class com.almasb.fxgl.localization.LocalizationService
15:15:01.046 [FXGL Background Thread 3 ] DEBUG Engine               - class com.almasb.fxgl.app.services.SystemBundleService
15:15:01.046 [FXGL Background Thread 3 ] DEBUG Engine               - class com.almasb.fxgl.profile.SaveLoadService
15:15:01.046 [FXGL Background Thread 3 ] DEBUG Engine               - class com.almasb.fxgl.ui.FXGLUIFactoryServiceProvider
15:15:01.046 [FXGL Background Thread 3 ] DEBUG Engine               - class com.almasb.fxgl.ui.FXGLDialogFactoryServiceProvider
15:15:01.046 [FXGL Background Thread 3 ] DEBUG Engine               - class com.almasb.fxgl.audio.AudioPlayer
15:15:01.046 [FXGL Background Thread 3 ] DEBUG Engine               - class com.almasb.fxgl.notification.impl.NotificationServiceProvider
15:15:01.046 [FXGL Background Thread 3 ] DEBUG Engine               - class com.almasb.fxgl.achievement.AchievementService
15:15:01.046 [FXGL Background Thread 3 ] DEBUG Engine               - class com.almasb.fxgl.cutscene.CutsceneService
15:15:01.046 [FXGL Background Thread 3 ] DEBUG Engine               - class com.almasb.fxgl.minigames.MiniGameService
15:15:01.046 [FXGL Background Thread 3 ] DEBUG Engine               - class com.almasb.fxgl.net.NetService
15:15:01.046 [FXGL Background Thread 3 ] DEBUG Engine               - class com.almasb.fxgl.app.services.UpdaterService
15:15:01.047 [FXGL Background Thread 3 ] DEBUG Engine               - class com.almasb.fxgl.dev.DevService
15:15:01.242 [JavaFX Application Thread] DEBUG FXGLAssetLoaderServi - Loading from file system: file:/Users/dy/Desktop/alfa/Java/Projectarbeit/Tanks/target/classes/assets/textures/items/bullet/norm.png
15:15:04.718 [JavaFX Application Thread] DEBUG FXGLAssetLoaderServi - Loading from file system: file:/Users/dy/Desktop/alfa/Java/Projectarbeit/Tanks/target/classes/assets/textures/tanks/T5.png
15:15:08.750 [JavaFX Application Thread] DEBUG FXGLAssetLoaderServi - Loading from file system: file:/Users/dy/Desktop/alfa/Java/Projectarbeit/Tanks/target/classes/assets/textures/tanks/T3.png
15:15:37.401 [JavaFX Application Thread] DEBUG PrimaryStageWindow   - Push state: WinnerScene
15:15:37.401 [JavaFX Application Thread] DEBUG Input                - Clearing active input actions
15:15:37.401 [JavaFX Application Thread] DEBUG GameApplicationServi - Removing overlay from GameScene and adding to WinnerScene
15:15:37.401 [JavaFX Application Thread] DEBUG PrimaryStageWindow   - GameScene -> WinnerScene
15:15:39.416 [JavaFX Application Thread] DEBUG PrimaryStageWindow   - Pop state: WinnerScene
15:15:39.416 [JavaFX Application Thread] DEBUG Input                - Clearing active input actions
15:15:39.416 [JavaFX Application Thread] DEBUG GameApplicationServi - Removing overlay from WinnerScene and adding to GameScene
15:15:39.416 [JavaFX Application Thread] DEBUG PrimaryStageWindow   - GameScene <- WinnerScene
15:15:39.418 [JavaFX Application Thread] WARN  TMXLevelLoader       - TiledMap generated from 1.11.0. Supported version: 1.9.0. Some features may not be parsed fully.
15:15:39.427 [JavaFX Application Thread] DEBUG TMXLevelLoader       - Parsed TiledMap: file:/Users/dy/Desktop/alfa/Java/Projectarbeit/Tanks/target/classes/assets/levels/level2.tmx
15:15:39.427 [JavaFX Application Thread] DEBUG TMXLevelLoader       - Creating tile layer entities
15:15:39.427 [JavaFX Application Thread] DEBUG TMXLevelLoader       - Creating object layer entities
15:15:39.454 [JavaFX Application Thread] DEBUG GameWorld            - Clearing removable entities
15:15:39.462 [JavaFX Application Thread] DEBUG GameWorld            - Setting level: com.almasb.fxgl.entity.level.Level@aa11cee
15:15:39.468 [JavaFX Application Thread] DEBUG FXGLAssetLoaderServi - Loading from file system: file:/Users/dy/Desktop/alfa/Java/Projectarbeit/Tanks/target/classes/assets/textures/tanks/T2.png
15:15:43.399 [JavaFX Application Thread] DEBUG FXGLAssetLoaderServi - Loading from file system: file:/Users/dy/Desktop/alfa/Java/Projectarbeit/Tanks/target/classes/assets/textures/tanks/T6.png
15:16:05.932 [JavaFX Application Thread] DEBUG PrimaryStageWindow   - Push state: WinnerScene
15:16:05.932 [JavaFX Application Thread] DEBUG Input                - Clearing active input actions
15:16:05.932 [JavaFX Application Thread] DEBUG GameApplicationServi - Removing overlay from GameScene and adding to WinnerScene
15:16:05.932 [JavaFX Application Thread] DEBUG PrimaryStageWindow   - GameScene -> WinnerScene
15:16:05.932 [JavaFX Application Thread] DEBUG PrimaryStageWindow   - Push state: WinnerScene
15:16:05.932 [JavaFX Application Thread] DEBUG Input                - Clearing active input actions
15:16:05.932 [JavaFX Application Thread] DEBUG GameApplicationServi - Removing overlay from WinnerScene and adding to WinnerScene
15:16:05.933 [JavaFX Application Thread] DEBUG PrimaryStageWindow   - WinnerScene -> WinnerScene
15:16:07.938 [JavaFX Application Thread] DEBUG PrimaryStageWindow   - Pop state: WinnerScene
15:16:07.938 [JavaFX Application Thread] DEBUG Input                - Clearing active input actions
15:16:07.939 [JavaFX Application Thread] DEBUG GameApplicationServi - Removing overlay from WinnerScene and adding to WinnerScene
15:16:07.939 [JavaFX Application Thread] DEBUG PrimaryStageWindow   - WinnerScene <- WinnerScene
15:16:07.939 [JavaFX Application Thread] DEBUG PrimaryStageWindow   - Pop state: WinnerScene
15:16:07.939 [JavaFX Application Thread] DEBUG Input                - Clearing active input actions
15:16:07.939 [JavaFX Application Thread] DEBUG GameApplicationServi - Removing overlay from WinnerScene and adding to GameScene
15:16:07.939 [JavaFX Application Thread] DEBUG PrimaryStageWindow   - GameScene <- WinnerScene
15:16:07.939 [JavaFX Application Thread] DEBUG Input                - Clearing active input actions
15:16:07.943 [JavaFX Application Thread] DEBUG GameApplicationServi - Removing overlay from GameScene and adding to FXGLMainMenuDummyScene
15:16:07.943 [JavaFX Application Thread] DEBUG PrimaryStageWindow   - GameScene -> FXGLMainMenuDummyScene
15:16:07.943 [JavaFX Application Thread] DEBUG PrimaryStageWindow   - Push state: FXGLDefaultMenu
15:16:07.943 [JavaFX Application Thread] DEBUG Input                - Clearing active input actions
15:16:07.946 [JavaFX Application Thread] DEBUG GameApplicationServi - Removing overlay from FXGLMainMenuDummyScene and adding to FXGLDefaultMenu
15:16:07.946 [JavaFX Application Thread] DEBUG PrimaryStageWindow   - FXGLMainMenuDummyScene -> FXGLDefaultMenu
15:16:07.946 [JavaFX Application Thread] DEBUG PrimaryStageWindow   - Pop state: FXGLDefaultMenu
15:16:07.946 [JavaFX Application Thread] DEBUG Input                - Clearing active input actions
15:16:07.946 [JavaFX Application Thread] DEBUG GameApplicationServi - Removing overlay from FXGLDefaultMenu and adding to FXGLMainMenuDummyScene
15:16:07.947 [JavaFX Application Thread] DEBUG PrimaryStageWindow   - FXGLMainMenuDummyScene <- FXGLDefaultMenu
15:16:07.947 [JavaFX Application Thread] WARN  PrimaryStageWindow   - Cannot set to FXGLMainMenuDummyScene. Probably because subscenes are present.
15:16:07.947 [JavaFX Application Thread] DEBUG PrimaryStageWindow   - Push state: FXGLDefaultMenu
15:16:07.947 [JavaFX Application Thread] DEBUG Input                - Clearing active input actions
15:16:07.947 [JavaFX Application Thread] DEBUG GameApplicationServi - Removing overlay from FXGLMainMenuDummyScene and adding to FXGLDefaultMenu
15:16:07.948 [JavaFX Application Thread] DEBUG PrimaryStageWindow   - FXGLMainMenuDummyScene -> FXGLDefaultMenu
15:16:16.760 [JavaFX Application Thread] DEBUG Menu                 - fireExit()
15:16:16.762 [JavaFX Application Thread] DEBUG PrimaryStageWindow   - Push state: DialogSubScene
15:16:16.763 [JavaFX Application Thread] DEBUG Input                - Clearing active input actions
15:16:16.763 [JavaFX Application Thread] DEBUG GameApplicationServi - Removing overlay from FXGLDefaultMenu and adding to DialogSubScene
15:16:16.763 [JavaFX Application Thread] DEBUG PrimaryStageWindow   - FXGLDefaultMenu -> DialogSubScene
15:16:18.600 [JavaFX Application Thread] DEBUG PrimaryStageWindow   - Pop state: DialogSubScene
15:16:18.600 [JavaFX Application Thread] DEBUG Input                - Clearing active input actions
15:16:18.600 [JavaFX Application Thread] DEBUG GameApplicationServi - Removing overlay from DialogSubScene and adding to FXGLDefaultMenu
15:16:18.601 [JavaFX Application Thread] DEBUG PrimaryStageWindow   - FXGLDefaultMenu <- DialogSubScene
15:16:18.601 [JavaFX Application Thread] DEBUG FXGLApplication      - Exiting FXGL
15:16:18.601 [JavaFX Application Thread] DEBUG LoopRunner           - Stopping loop
15:16:18.601 [JavaFX Application Thread] DEBUG SystemBundleService  - Saving FXGL system data
15:16:18.604 [JavaFX Application Thread] DEBUG FileSystemAccess     - Writing to: /Users/dy/Desktop/alfa/Java/Projectarbeit/Tanks/system/fxgl.bundle
15:16:18.605 [JavaFX Application Thread] DEBUG Async                - Shutting down background threads
15:16:18.606 [JavaFX Application Thread] DEBUG PrimaryStageWindow   - Closing main window
15:16:18.615 [JavaFX Application Thread] DEBUG Logger               - Closing Logger
