11:55:35.348 [main                     ] DEBUG Logger               - Configured Logger
11:55:35.402 [main                     ] DEBUG GameApplication      - Logging settings
Title: Tank
Version: 1.0
Width: 816
Height: 672
Fullscreen: false
Intro: false
Profiling: false
Single step:false
App Mode: DEVELOPER
Menu Key: ESCAPE
Stage Style: DECORATED
Scene Factory: class com.almasb.fxgl.app.scene.SceneFactory

11:55:35.891 [JavaFX Application Thread] DEBUG FXGLApplication      - Initializing FXGL
11:55:35.896 [JavaFX Application Thread] INFO  Engine               - FXGL-21.1 (27.03.2024 07.52) on MAC (J:22.0.2 FX:22.0.1)
11:55:35.897 [JavaFX Application Thread] DEBUG Engine               - JRE Vendor Name: Oracle Corporation
11:55:35.897 [JavaFX Application Thread] DEBUG Engine               - Running on OS: Mac OS X version 14.6.1
11:55:35.898 [JavaFX Application Thread] DEBUG Engine               - Architecture: x86_64
11:55:35.898 [JavaFX Application Thread] INFO  Engine               - Source code and latest versions at: https://github.com/AlmasB/FXGL
11:55:35.898 [JavaFX Application Thread] INFO  Engine               -       Ask questions and discuss at: https://github.com/AlmasB/FXGL/discussions
11:55:35.898 [JavaFX Application Thread] INFO  Engine               -              Join the FXGL chat at: https://gitter.im/AlmasB/FXGL
11:55:36.009 [JavaFX Application Thread] DEBUG PrimaryStageWindow   - Creating a JavaFX scene
11:55:36.063 [JavaFX Application Thread] DEBUG PrimaryStageWindow   - Target settings size: 816.0 x 672.0
11:55:36.063 [JavaFX Application Thread] DEBUG PrimaryStageWindow   - Scaled scene size:    816.0 x 672.0
11:55:36.064 [JavaFX Application Thread] DEBUG PrimaryStageWindow   - Scaled ratio: (1.0, 1.0)
11:55:36.065 [JavaFX Application Thread] DEBUG PrimaryStageWindow   - Set initial scene to FXGLStartupScene
11:55:36.069 [JavaFX Application Thread] DEBUG PrimaryStageWindow   - Opening main window
11:55:36.191 [JavaFX Application Thread] DEBUG PrimaryStageWindow   - Window border size: (0.0, 28.0)
11:55:36.191 [JavaFX Application Thread] DEBUG PrimaryStageWindow   - Scaled size: 816.0 x 672.0
11:55:36.192 [JavaFX Application Thread] DEBUG PrimaryStageWindow   - Scaled ratio: (1.0, 1.0)
11:55:36.192 [JavaFX Application Thread] DEBUG PrimaryStageWindow   - Scene size: 816.0 x 672.0
11:55:36.193 [JavaFX Application Thread] DEBUG PrimaryStageWindow   - Stage size: 816.0 x 700.0
11:55:36.206 [FXGL Background Thread 1 ] DEBUG Engine               - Initializing environment variables
11:55:36.321 [FXGL Background Thread 1 ] DEBUG FXGLAssetLoaderServi - User app class for loading assets: class de.dywebstudio.tanks.TankApp
11:55:36.322 [FXGL Background Thread 1 ] DEBUG GameApplicationServi - Applying CSS: fxgl_dark.css
11:55:36.323 [FXGL Background Thread 1 ] DEBUG FXGLAssetLoaderServi - Loading from file system: jar:file:///Users/dy/.m2/repository/com/github/almasb/fxgl/21.1/fxgl-21.1.jar!/fxglassets/ui/css/fxgl_dark.css
11:55:36.391 [FXGL Background Thread 1 ] DEBUG GameApplicationServi - Initializing application scenes
11:55:36.794 [FXGL Background Thread 1 ] DEBUG GameWorld            - Game world initialized
11:55:36.864 [FXGL Background Thread 1 ] DEBUG PhysicsWorld         - Physics world initialized: appHeight=672, physics.ppm=50,0
11:55:36.865 [FXGL Background Thread 1 ] DEBUG PhysicsWorld         - Using strategy: BRUTE_FORCE
11:55:36.869 [FXGL Background Thread 1 ] DEBUG GameScene            - Game scene initialized: 816x672
11:55:36.884 [FXGL Background Thread 1 ] DEBUG FXGL.DefaultMenu     - createMenuBodyGameMenu()
11:55:36.903 [FXGL Background Thread 1 ] DEBUG FXGL.DefaultMenu     - createOptionsMenu()
11:55:36.920 [FXGL Background Thread 1 ] DEBUG FXGLAssetLoaderServi - Loading from file system: jar:file:///Users/dy/.m2/repository/com/github/almasb/fxgl/21.1/fxgl-21.1.jar!/fxglassets/textures/particles/smoke.png
11:55:37.070 [FXGL Background Thread 1 ] DEBUG FXGLAssetLoaderServi - Loading from file system: jar:file:///Users/dy/.m2/repository/com/github/almasb/fxgl/21.1/fxgl-21.1.jar!/fxglassets/textures/particles/trace_horizontal.png
11:55:37.106 [FXGL Background Thread 1 ] DEBUG GameApplicationServi - Application scenes initialized
11:55:37.124 [FXGL Background Thread 1 ] DEBUG SystemBundleService  - Loading FXGL system data
11:55:37.131 [FXGL Background Thread 1 ] DEBUG FileSystemAccess     - Reading from: /Users/dy/Desktop/alfa/Java/Projectarbeit/Tanks/system/fxgl.bundle
11:55:37.141 [FXGL Background Thread 1 ] DEBUG SystemBundleService  - Bundle FXGL: {}
11:55:37.141 [FXGL Background Thread 1 ] DEBUG UpdaterService       - Checking for updates
11:55:37.147 [FXGL Background Thread 4 ] DEBUG FXGLApplication      - Loading fonts
11:55:37.148 [FXGL Background Thread 4 ] DEBUG FXGLAssetLoaderServi - Loading from file system: jar:file:///Users/dy/.m2/repository/com/github/almasb/fxgl/21.1/fxgl-21.1.jar!/fxglassets/ui/fonts/VarelaRound-Regular.ttf
11:55:37.148 [FXGL Background Thread 1 ] DEBUG FXGLApplication      - Loading default localization
11:55:37.149 [FXGL Background Thread 1 ] DEBUG FXGLAssetLoaderServi - Loading from file system: jar:file:///Users/dy/.m2/repository/com/github/almasb/fxgl/21.1/fxgl-21.1.jar!/fxglassets/languages/english.lang
11:55:37.170 [FXGL Background Thread 1 ] INFO  FXGLApplication      - FXGL initialization took: 0,964 sec
11:55:37.170 [FXGL Background Thread 4 ] DEBUG FXGLAssetLoaderServi - Loading from file system: jar:file:///Users/dy/.m2/repository/com/github/almasb/fxgl/21.1/fxgl-21.1.jar!/fxglassets/ui/fonts/Abel-Regular.ttf
11:55:37.175 [FXGL Background Thread 4 ] DEBUG FXGLAssetLoaderServi - Loading from file system: jar:file:///Users/dy/.m2/repository/com/github/almasb/fxgl/21.1/fxgl-21.1.jar!/fxglassets/ui/fonts/TerminalLandMono-Regular.otf
11:55:37.179 [FXGL Background Thread 4 ] DEBUG FXGLAssetLoaderServi - Loading from file system: jar:file:///Users/dy/.m2/repository/com/github/almasb/fxgl/21.1/fxgl-21.1.jar!/fxglassets/ui/fonts/Courier-Prime.ttf
11:55:37.182 [JavaFX Application Thread] DEBUG Input                - Registered new binding: action0 - W
11:55:37.182 [JavaFX Application Thread] DEBUG Input                - Registered new binding: action1 - S
11:55:37.183 [JavaFX Application Thread] DEBUG Input                - Registered new binding: action2 - A
11:55:37.184 [JavaFX Application Thread] DEBUG Input                - Registered new binding: action3 - D
11:55:37.184 [JavaFX Application Thread] DEBUG Input                - Registered new binding: action4 - Space
11:55:37.185 [JavaFX Application Thread] DEBUG FXGLAssetLoaderServi - Loading from file system: jar:file:///Users/dy/.m2/repository/com/github/almasb/fxgl/21.1/fxgl-21.1.jar!/fxglassets/textures/fxgl_icon.png
11:55:37.221 [JavaFX Application Thread] DEBUG FXGLAssetLoaderServi - Loading from file system: jar:file:///Users/dy/.m2/repository/com/github/almasb/fxgl/21.1/fxgl-21.1.jar!/fxglassets/textures/fxgl_default_cursor.png
11:55:37.224 [JavaFX Application Thread] DEBUG Input                - Registered new binding: Screenshot - CTRL+8
11:55:37.225 [JavaFX Application Thread] DEBUG Input                - Registered new binding: System info dump - CTRL+9
11:55:37.226 [JavaFX Application Thread] DEBUG Input                - Registered new binding: Restart - CTRL+R
11:55:37.226 [JavaFX Application Thread] DEBUG Input                - Registered new binding: Toggle Debug Camera - CTRL+7
11:55:37.229 [JavaFX Application Thread] DEBUG LoopRunner           - Starting loop
11:55:37.229 [JavaFX Application Thread] DEBUG LoopRunner           - Initializing JavaFX AnimationTimerLoop
11:55:37.231 [JavaFX Application Thread] DEBUG GameApplicationServi - Starting new game
11:55:37.232 [JavaFX Application Thread] DEBUG Input                - Clearing active input actions
11:55:37.246 [JavaFX Application Thread] DEBUG GameApplicationServi - Removing overlay from FXGLStartupScene and adding to FXGLLoadingScene
11:55:37.247 [JavaFX Application Thread] DEBUG PrimaryStageWindow   - FXGLStartupScene -> FXGLLoadingScene
11:55:37.247 [JavaFX Application Thread] DEBUG GameApplicationServi - Clearing previous game
11:55:37.247 [JavaFX Application Thread] DEBUG GameScene            - Clearing game scene
11:55:37.247 [JavaFX Application Thread] DEBUG GameWorld            - Clearing game world
11:55:37.247 [JavaFX Application Thread] DEBUG PhysicsWorld         - Clearing physics world
11:55:37.251 [FXGL Background Thread 4 ] DEBUG FXGLApplication      - Initializing game
11:55:37.279 [JavaFX Application Thread] DEBUG FXGLApplication      - Registering font factories with UI factory
11:55:37.352 [FXGL Background Thread 4 ] WARN  TMXLevelLoader       - TiledMap generated from 1.11.0. Supported version: 1.9.0. Some features may not be parsed fully.
11:55:37.374 [FXGL Background Thread 4 ] DEBUG TMXLevelLoader       - Parsed TiledMap: file:/Users/dy/Desktop/alfa/Java/Projectarbeit/Tanks/target/classes/assets/levels/level.tmx
11:55:37.376 [FXGL Background Thread 4 ] DEBUG TMXLevelLoader       - Creating tile layer entities
11:55:37.377 [FXGL Background Thread 4 ] DEBUG TMXLevelLoader       - Creating object layer entities
11:55:37.452 [FXGL Background Thread 4 ] DEBUG FXGLAssetLoaderServi - Loading from file system: file:/Users/dy/Desktop/alfa/Java/Projectarbeit/Tanks/target/classes/assets/textures/items/sea_animation.png
11:55:37.516 [FXGL Background Thread 4 ] DEBUG GameWorld            - Clearing removable entities
11:55:37.517 [FXGL Background Thread 4 ] DEBUG GameWorld            - Setting level: com.almasb.fxgl.entity.level.Level@5293543d
11:55:37.526 [FXGL Background Thread 4 ] DEBUG FXGLAssetLoaderServi - Loading from file system: file:/Users/dy/Desktop/alfa/Java/Projectarbeit/Tanks/target/classes/assets/textures/tanks/H1U.png
11:55:37.534 [FXGL Background Thread 4 ] INFO  FXGLApplication      - Game initialization took: 0,283 sec
11:55:37.539 [JavaFX Application Thread] DEBUG Input                - Clearing active input actions
11:55:37.561 [JavaFX Application Thread] DEBUG GameApplicationServi - Removing overlay from FXGLLoadingScene and adding to GameScene
11:55:37.562 [JavaFX Application Thread] DEBUG PrimaryStageWindow   - FXGLLoadingScene -> GameScene
11:55:40.150 [FXGL Background Thread 3 ] DEBUG Engine               - Logging environment variables
11:55:40.151 [FXGL Background Thread 3 ] DEBUG Engine               - achievements: []
11:55:40.151 [FXGL Background Thread 3 ] DEBUG Engine               - actualHeight: 672.0
11:55:40.151 [FXGL Background Thread 3 ] DEBUG Engine               - actualHeightProperty: ReadOnlyDoubleProperty [value: 672.0]
11:55:40.151 [FXGL Background Thread 3 ] DEBUG Engine               - actualWidth: 816.0
11:55:40.151 [FXGL Background Thread 3 ] DEBUG Engine               - actualWidthProperty: ReadOnlyDoubleProperty [value: 816.0]
11:55:40.151 [FXGL Background Thread 3 ] DEBUG Engine               - appIcon: fxgl_icon.png
11:55:40.151 [FXGL Background Thread 3 ] DEBUG Engine               - applicationMode: DEVELOPER
11:55:40.151 [FXGL Background Thread 3 ] DEBUG Engine               - cSSList: [fxgl_dark.css]
11:55:40.151 [FXGL Background Thread 3 ] DEBUG Engine               - collisionDetectionStrategy: BRUTE_FORCE
11:55:40.152 [FXGL Background Thread 3 ] DEBUG Engine               - configClass: Optional.empty
11:55:40.152 [FXGL Background Thread 3 ] DEBUG Engine               - credits: []
11:55:40.152 [FXGL Background Thread 3 ] DEBUG Engine               - defaultCursor: CursorInfo(imageName=fxgl_default_cursor.png, hotspotX=7.0, hotspotY=6.0)
11:55:40.153 [FXGL Background Thread 3 ] DEBUG Engine               - devBBoxColorProperty: ObjectProperty [value: 0xff0000ff]
11:55:40.153 [FXGL Background Thread 3 ] DEBUG Engine               - devEnableDebugCameraProperty: BooleanProperty [value: false]
11:55:40.153 [FXGL Background Thread 3 ] DEBUG Engine               - devSensorColorProperty: ObjectProperty [value: 0xffff00ff]
11:55:40.153 [FXGL Background Thread 3 ] DEBUG Engine               - devShowBBoxProperty: BooleanProperty [value: false]
11:55:40.153 [FXGL Background Thread 3 ] DEBUG Engine               - devShowPositionProperty: BooleanProperty [value: false]
11:55:40.153 [FXGL Background Thread 3 ] DEBUG Engine               - enabledMenuItems: []
11:55:40.153 [FXGL Background Thread 3 ] DEBUG Engine               - engineServices: [class com.almasb.fxgl.app.services.FXGLAssetLoaderService, class com.almasb.fxgl.app.FXGLApplication$GameApplicationService, class com.almasb.fxgl.app.services.FXGLDialogService, class com.almasb.fxgl.app.services.IOTaskExecutorService, class com.almasb.fxgl.io.FileSystemService, class com.almasb.fxgl.localization.LocalizationService, class com.almasb.fxgl.app.services.SystemBundleService, class com.almasb.fxgl.profile.SaveLoadService, class com.almasb.fxgl.ui.FXGLUIFactoryServiceProvider, class com.almasb.fxgl.ui.FXGLDialogFactoryServiceProvider, class com.almasb.fxgl.audio.AudioPlayer, class com.almasb.fxgl.notification.impl.NotificationServiceProvider, class com.almasb.fxgl.achievement.AchievementService, class com.almasb.fxgl.cutscene.CutsceneService, class com.almasb.fxgl.minigames.MiniGameService, class com.almasb.fxgl.net.NetService, class com.almasb.fxgl.app.services.UpdaterService, class com.almasb.fxgl.dev.DevService]
11:55:40.153 [FXGL Background Thread 3 ] DEBUG Engine               - fontGame: Abel-Regular.ttf
11:55:40.154 [FXGL Background Thread 3 ] DEBUG Engine               - fontMono: TerminalLandMono-Regular.otf
11:55:40.154 [FXGL Background Thread 3 ] DEBUG Engine               - fontSizeScaleUI: 1.0
11:55:40.154 [FXGL Background Thread 3 ] DEBUG Engine               - fontText: Courier-Prime.ttf
11:55:40.155 [FXGL Background Thread 3 ] DEBUG Engine               - fontUI: VarelaRound-Regular.ttf
11:55:40.155 [FXGL Background Thread 3 ] DEBUG Engine               - fullScreen: BooleanProperty [value: false]
11:55:40.155 [FXGL Background Thread 3 ] DEBUG Engine               - gameDifficulty: MEDIUM
11:55:40.155 [FXGL Background Thread 3 ] DEBUG Engine               - gameDifficultyProperty: ObjectProperty [value: MEDIUM]
11:55:40.155 [FXGL Background Thread 3 ] DEBUG Engine               - globalMusicVolume: 0.5
11:55:40.155 [FXGL Background Thread 3 ] DEBUG Engine               - globalMusicVolumeProperty: DoubleProperty [value: 0.5]
11:55:40.155 [FXGL Background Thread 3 ] DEBUG Engine               - globalSoundVolume: 0.5
11:55:40.156 [FXGL Background Thread 3 ] DEBUG Engine               - globalSoundVolumeProperty: DoubleProperty [value: 0.5]
11:55:40.156 [FXGL Background Thread 3 ] DEBUG Engine               - height: 672
11:55:40.156 [FXGL Background Thread 3 ] DEBUG Engine               - is3D: false
11:55:40.156 [FXGL Background Thread 3 ] DEBUG Engine               - isAndroid: false
11:55:40.156 [FXGL Background Thread 3 ] DEBUG Engine               - isBrowser: false
11:55:40.156 [FXGL Background Thread 3 ] DEBUG Engine               - isClickFeedbackEnabled: false
11:55:40.156 [FXGL Background Thread 3 ] DEBUG Engine               - isCloseConfirmation: false
11:55:40.156 [FXGL Background Thread 3 ] DEBUG Engine               - isDesktop: true
11:55:40.156 [FXGL Background Thread 3 ] DEBUG Engine               - isDeveloperMenuEnabled: false
11:55:40.156 [FXGL Background Thread 3 ] DEBUG Engine               - isEmbedded: false
11:55:40.156 [FXGL Background Thread 3 ] DEBUG Engine               - isEntityPreloadEnabled: true
11:55:40.156 [FXGL Background Thread 3 ] DEBUG Engine               - isExperimentalTiledLargeMap: false
11:55:40.157 [FXGL Background Thread 3 ] DEBUG Engine               - isFileSystemWriteAllowed: true
11:55:40.157 [FXGL Background Thread 3 ] DEBUG Engine               - isFullScreenAllowed: false
11:55:40.157 [FXGL Background Thread 3 ] DEBUG Engine               - isFullScreenFromStart: false
11:55:40.157 [FXGL Background Thread 3 ] DEBUG Engine               - isGameMenuEnabled: true
11:55:40.157 [FXGL Background Thread 3 ] DEBUG Engine               - isIOS: false
11:55:40.157 [FXGL Background Thread 3 ] DEBUG Engine               - isIntroEnabled: false
11:55:40.157 [FXGL Background Thread 3 ] DEBUG Engine               - isLinux: false
11:55:40.157 [FXGL Background Thread 3 ] DEBUG Engine               - isMac: true
11:55:40.157 [FXGL Background Thread 3 ] DEBUG Engine               - isMainMenuEnabled: false
11:55:40.157 [FXGL Background Thread 3 ] DEBUG Engine               - isManualResizeEnabled: false
11:55:40.157 [FXGL Background Thread 3 ] DEBUG Engine               - isMobile: false
11:55:40.157 [FXGL Background Thread 3 ] DEBUG Engine               - isNative: false
11:55:40.157 [FXGL Background Thread 3 ] DEBUG Engine               - isPauseMusicWhenMinimized: true
11:55:40.157 [FXGL Background Thread 3 ] DEBUG Engine               - isPreserveResizeRatio: false
11:55:40.157 [FXGL Background Thread 3 ] DEBUG Engine               - isProfilingEnabled: false
11:55:40.157 [FXGL Background Thread 3 ] DEBUG Engine               - isScaleAffectedOnResize: true
11:55:40.157 [FXGL Background Thread 3 ] DEBUG Engine               - isSingleStep: false
11:55:40.157 [FXGL Background Thread 3 ] DEBUG Engine               - isUserProfileEnabled: false
11:55:40.158 [FXGL Background Thread 3 ] DEBUG Engine               - isWindows: false
11:55:40.158 [FXGL Background Thread 3 ] DEBUG Engine               - language: ObjectProperty [value: ENGLISH]
11:55:40.158 [FXGL Background Thread 3 ] DEBUG Engine               - menuKey: ESCAPE
11:55:40.158 [FXGL Background Thread 3 ] DEBUG Engine               - mouseSensitivity: 0.2
11:55:40.158 [FXGL Background Thread 3 ] DEBUG Engine               - notificationViewClass: class com.almasb.fxgl.notification.view.XboxNotificationView
11:55:40.158 [FXGL Background Thread 3 ] DEBUG Engine               - pixelsPerMeter: 50.0
11:55:40.158 [FXGL Background Thread 3 ] DEBUG Engine               - platform: MAC
11:55:40.158 [FXGL Background Thread 3 ] DEBUG Engine               - prefHeightProperty: ReadOnlyDoubleProperty [value: 672.0]
11:55:40.158 [FXGL Background Thread 3 ] DEBUG Engine               - prefWidthProperty: ReadOnlyDoubleProperty [value: 816.0]
11:55:40.158 [FXGL Background Thread 3 ] DEBUG Engine               - profileDir: profiles/
11:55:40.158 [FXGL Background Thread 3 ] DEBUG Engine               - profileName: StringProperty [value: DEFAULT]
11:55:40.158 [FXGL Background Thread 3 ] DEBUG Engine               - randomSeed: -1
11:55:40.158 [FXGL Background Thread 3 ] DEBUG Engine               - runtimeInfo: RuntimeInfo(platform=MAC, version=21.1, build=27.03.2024 07.52)
11:55:40.158 [FXGL Background Thread 3 ] DEBUG Engine               - saveFileExt: sav
11:55:40.159 [FXGL Background Thread 3 ] DEBUG Engine               - scaledHeightProp$fxgl: DoubleProperty [bound, value: 672.0]
11:55:40.159 [FXGL Background Thread 3 ] DEBUG Engine               - scaledWidthProp$fxgl: DoubleProperty [bound, value: 816.0]
11:55:40.159 [FXGL Background Thread 3 ] DEBUG Engine               - sceneFactory: com.almasb.fxgl.app.scene.SceneFactory@aa0f406
11:55:40.159 [FXGL Background Thread 3 ] DEBUG Engine               - secondsIn24h: 60
11:55:40.159 [FXGL Background Thread 3 ] DEBUG Engine               - soundMenuBack: menu/back.wav
11:55:40.159 [FXGL Background Thread 3 ] DEBUG Engine               - soundMenuPress: menu/press.wav
11:55:40.159 [FXGL Background Thread 3 ] DEBUG Engine               - soundMenuSelect: menu/select.wav
11:55:40.159 [FXGL Background Thread 3 ] DEBUG Engine               - soundNotification: core/notification.wav
11:55:40.159 [FXGL Background Thread 3 ] DEBUG Engine               - stageStyle: DECORATED
11:55:40.159 [FXGL Background Thread 3 ] DEBUG Engine               - supportedLanguages: [ENGLISH, FRENCH, GERMAN, HUNGARIAN, RUSSIAN]
11:55:40.159 [FXGL Background Thread 3 ] DEBUG Engine               - ticksPerSecond: -1
11:55:40.159 [FXGL Background Thread 3 ] DEBUG Engine               - title: Tank
11:55:40.159 [FXGL Background Thread 3 ] DEBUG Engine               - urlGithub: https://github.com/AlmasB/FXGL
11:55:40.159 [FXGL Background Thread 3 ] DEBUG Engine               - urlLeaderboard: http://fxgl-top.herokuapp.com/
11:55:40.159 [FXGL Background Thread 3 ] DEBUG Engine               - urlPOM: https://raw.githubusercontent.com/AlmasB/FXGL/release/README.md
11:55:40.160 [FXGL Background Thread 3 ] DEBUG Engine               - userAppClass: class de.dywebstudio.tanks.TankApp
11:55:40.160 [FXGL Background Thread 3 ] DEBUG Engine               - version: 1.0
11:55:40.160 [FXGL Background Thread 3 ] DEBUG Engine               - versionCheckDays: 7
11:55:40.160 [FXGL Background Thread 3 ] DEBUG Engine               - width: 816
11:55:40.160 [FXGL Background Thread 3 ] DEBUG Engine               - Logging services
11:55:40.160 [FXGL Background Thread 3 ] DEBUG Engine               - class com.almasb.fxgl.app.services.FXGLAssetLoaderService
11:55:40.160 [FXGL Background Thread 3 ] DEBUG Engine               - class com.almasb.fxgl.app.FXGLApplication$GameApplicationService
11:55:40.160 [FXGL Background Thread 3 ] DEBUG Engine               - class com.almasb.fxgl.app.services.FXGLDialogService
11:55:40.160 [FXGL Background Thread 3 ] DEBUG Engine               - class com.almasb.fxgl.app.services.IOTaskExecutorService
11:55:40.160 [FXGL Background Thread 3 ] DEBUG Engine               - class com.almasb.fxgl.io.FileSystemService
11:55:40.160 [FXGL Background Thread 3 ] DEBUG Engine               - class com.almasb.fxgl.localization.LocalizationService
11:55:40.160 [FXGL Background Thread 3 ] DEBUG Engine               - class com.almasb.fxgl.app.services.SystemBundleService
11:55:40.160 [FXGL Background Thread 3 ] DEBUG Engine               - class com.almasb.fxgl.profile.SaveLoadService
11:55:40.160 [FXGL Background Thread 3 ] DEBUG Engine               - class com.almasb.fxgl.ui.FXGLUIFactoryServiceProvider
11:55:40.160 [FXGL Background Thread 3 ] DEBUG Engine               - class com.almasb.fxgl.ui.FXGLDialogFactoryServiceProvider
11:55:40.160 [FXGL Background Thread 3 ] DEBUG Engine               - class com.almasb.fxgl.audio.AudioPlayer
11:55:40.160 [FXGL Background Thread 3 ] DEBUG Engine               - class com.almasb.fxgl.notification.impl.NotificationServiceProvider
11:55:40.160 [FXGL Background Thread 3 ] DEBUG Engine               - class com.almasb.fxgl.achievement.AchievementService
11:55:40.160 [FXGL Background Thread 3 ] DEBUG Engine               - class com.almasb.fxgl.cutscene.CutsceneService
11:55:40.160 [FXGL Background Thread 3 ] DEBUG Engine               - class com.almasb.fxgl.minigames.MiniGameService
11:55:40.160 [FXGL Background Thread 3 ] DEBUG Engine               - class com.almasb.fxgl.net.NetService
11:55:40.161 [FXGL Background Thread 3 ] DEBUG Engine               - class com.almasb.fxgl.app.services.UpdaterService
11:55:40.161 [FXGL Background Thread 3 ] DEBUG Engine               - class com.almasb.fxgl.dev.DevService
11:55:42.804 [JavaFX Application Thread] DEBUG FXGLAssetLoaderServi - Loading from file system: file:/Users/dy/Desktop/alfa/Java/Projectarbeit/Tanks/target/classes/assets/textures/items/bullet/norm.png
11:56:06.828 [JavaFX Application Thread] DEBUG FXGLApplication      - Exiting FXGL
11:56:06.828 [JavaFX Application Thread] DEBUG LoopRunner           - Stopping loop
11:56:06.828 [JavaFX Application Thread] DEBUG SystemBundleService  - Saving FXGL system data
11:56:06.830 [JavaFX Application Thread] DEBUG FileSystemAccess     - Writing to: /Users/dy/Desktop/alfa/Java/Projectarbeit/Tanks/system/fxgl.bundle
11:56:06.832 [JavaFX Application Thread] DEBUG Async                - Shutting down background threads
11:56:06.832 [JavaFX Application Thread] DEBUG PrimaryStageWindow   - Closing main window
11:56:06.844 [JavaFX Application Thread] DEBUG Logger               - Closing Logger
