10:23:34.099 [main                     ] DEBUG Logger               - Configured Logger
10:23:34.136 [main                     ] DEBUG GameApplication      - Logging settings
Title: Tank
Version: 1.0
Width: 816
Height: 672
Fullscreen: false
Intro: false
Profiling: false
Single step:false
App Mode: DEVELOPER
Menu Key: ESCAPE
Stage Style: DECORATED
Scene Factory: class com.almasb.fxgl.app.scene.SceneFactory

10:23:34.579 [JavaFX Application Thread] DEBUG FXGLApplication      - Initializing FXGL
10:23:34.585 [JavaFX Application Thread] INFO  Engine               - FXGL-21.1 (27.03.2024 07.52) on MAC (J:22.0.2 FX:22.0.1)
10:23:34.586 [JavaFX Application Thread] DEBUG Engine               - JRE Vendor Name: Oracle Corporation
10:23:34.586 [JavaFX Application Thread] DEBUG Engine               - Running on OS: Mac OS X version 14.6.1
10:23:34.586 [JavaFX Application Thread] DEBUG Engine               - Architecture: x86_64
10:23:34.586 [JavaFX Application Thread] INFO  Engine               - Source code and latest versions at: https://github.com/AlmasB/FXGL
10:23:34.586 [JavaFX Application Thread] INFO  Engine               -       Ask questions and discuss at: https://github.com/AlmasB/FXGL/discussions
10:23:34.587 [JavaFX Application Thread] INFO  Engine               -              Join the FXGL chat at: https://gitter.im/AlmasB/FXGL
10:23:34.700 [JavaFX Application Thread] DEBUG PrimaryStageWindow   - Creating a JavaFX scene
10:23:34.756 [JavaFX Application Thread] DEBUG PrimaryStageWindow   - Target settings size: 816.0 x 672.0
10:23:34.756 [JavaFX Application Thread] DEBUG PrimaryStageWindow   - Scaled scene size:    816.0 x 672.0
10:23:34.757 [JavaFX Application Thread] DEBUG PrimaryStageWindow   - Scaled ratio: (1.0, 1.0)
10:23:34.758 [JavaFX Application Thread] DEBUG PrimaryStageWindow   - Set initial scene to FXGLStartupScene
10:23:34.763 [JavaFX Application Thread] DEBUG PrimaryStageWindow   - Opening main window
10:23:34.910 [JavaFX Application Thread] DEBUG PrimaryStageWindow   - Window border size: (0.0, 28.0)
10:23:34.910 [JavaFX Application Thread] DEBUG PrimaryStageWindow   - Scaled size: 816.0 x 672.0
10:23:34.911 [JavaFX Application Thread] DEBUG PrimaryStageWindow   - Scaled ratio: (1.0, 1.0)
10:23:34.911 [JavaFX Application Thread] DEBUG PrimaryStageWindow   - Scene size: 816.0 x 672.0
10:23:34.912 [JavaFX Application Thread] DEBUG PrimaryStageWindow   - Stage size: 816.0 x 700.0
10:23:34.925 [FXGL Background Thread 1 ] DEBUG Engine               - Initializing environment variables
10:23:35.044 [FXGL Background Thread 1 ] DEBUG FXGLAssetLoaderServi - User app class for loading assets: class de.dywebstudio.tanks.TankApp
10:23:35.044 [FXGL Background Thread 1 ] DEBUG GameApplicationServi - Applying CSS: fxgl_dark.css
10:23:35.046 [FXGL Background Thread 1 ] DEBUG FXGLAssetLoaderServi - Loading from file system: jar:file:///Users/dy/.m2/repository/com/github/almasb/fxgl/21.1/fxgl-21.1.jar!/fxglassets/ui/css/fxgl_dark.css
10:23:35.141 [FXGL Background Thread 1 ] DEBUG GameApplicationServi - Initializing application scenes
10:23:35.515 [FXGL Background Thread 1 ] DEBUG GameWorld            - Game world initialized
10:23:35.606 [FXGL Background Thread 1 ] DEBUG PhysicsWorld         - Physics world initialized: appHeight=672, physics.ppm=50,0
10:23:35.607 [FXGL Background Thread 1 ] DEBUG PhysicsWorld         - Using strategy: BRUTE_FORCE
10:23:35.614 [FXGL Background Thread 1 ] DEBUG GameScene            - Game scene initialized: 816x672
10:23:35.647 [FXGL Background Thread 1 ] DEBUG FXGL.DefaultMenu     - createMenuBodyMainMenu()
10:23:35.679 [FXGL Background Thread 1 ] DEBUG FXGL.DefaultMenu     - createOptionsMenu()
10:23:35.702 [FXGL Background Thread 1 ] DEBUG FXGLAssetLoaderServi - Loading from file system: jar:file:///Users/dy/.m2/repository/com/github/almasb/fxgl/21.1/fxgl-21.1.jar!/fxglassets/textures/particles/smoke.png
10:23:35.843 [FXGL Background Thread 1 ] DEBUG FXGLAssetLoaderServi - Loading from file system: jar:file:///Users/dy/.m2/repository/com/github/almasb/fxgl/21.1/fxgl-21.1.jar!/fxglassets/textures/particles/trace_horizontal.png
10:23:35.871 [FXGL Background Thread 1 ] DEBUG FXGL.DefaultMenu     - createMenuBodyGameMenu()
10:23:35.872 [FXGL Background Thread 1 ] DEBUG FXGL.DefaultMenu     - createOptionsMenu()
10:23:35.890 [FXGL Background Thread 1 ] DEBUG GameApplicationServi - Application scenes initialized
10:23:35.909 [FXGL Background Thread 1 ] DEBUG SystemBundleService  - Loading FXGL system data
10:23:35.912 [FXGL Background Thread 1 ] DEBUG FileSystemAccess     - Reading from: /Users/dy/Desktop/alfa/Java/Projectarbeit/Tanks/system/fxgl.bundle
10:23:35.922 [FXGL Background Thread 1 ] DEBUG SystemBundleService  - Bundle FXGL: {}
10:23:35.922 [FXGL Background Thread 1 ] DEBUG UpdaterService       - Checking for updates
10:23:35.927 [FXGL Background Thread 4 ] DEBUG FXGLApplication      - Loading fonts
10:23:35.928 [FXGL Background Thread 4 ] DEBUG FXGLAssetLoaderServi - Loading from file system: jar:file:///Users/dy/.m2/repository/com/github/almasb/fxgl/21.1/fxgl-21.1.jar!/fxglassets/ui/fonts/VarelaRound-Regular.ttf
10:23:35.928 [FXGL Background Thread 1 ] DEBUG FXGLApplication      - Loading default localization
10:23:35.929 [FXGL Background Thread 1 ] DEBUG FXGLAssetLoaderServi - Loading from file system: jar:file:///Users/dy/.m2/repository/com/github/almasb/fxgl/21.1/fxgl-21.1.jar!/fxglassets/languages/english.lang
10:23:35.950 [FXGL Background Thread 1 ] INFO  FXGLApplication      - FXGL initialization took: 1,024 sec
10:23:35.950 [FXGL Background Thread 4 ] DEBUG FXGLAssetLoaderServi - Loading from file system: jar:file:///Users/dy/.m2/repository/com/github/almasb/fxgl/21.1/fxgl-21.1.jar!/fxglassets/ui/fonts/Abel-Regular.ttf
10:23:35.958 [FXGL Background Thread 4 ] DEBUG FXGLAssetLoaderServi - Loading from file system: jar:file:///Users/dy/.m2/repository/com/github/almasb/fxgl/21.1/fxgl-21.1.jar!/fxglassets/ui/fonts/TerminalLandMono-Regular.otf
10:23:35.963 [FXGL Background Thread 4 ] DEBUG FXGLAssetLoaderServi - Loading from file system: jar:file:///Users/dy/.m2/repository/com/github/almasb/fxgl/21.1/fxgl-21.1.jar!/fxglassets/ui/fonts/Courier-Prime.ttf
10:23:35.964 [JavaFX Application Thread] DEBUG Input                - Registered new binding: action0 - W
10:23:35.965 [JavaFX Application Thread] DEBUG Input                - Registered new binding: action1 - S
10:23:35.966 [JavaFX Application Thread] DEBUG Input                - Registered new binding: action2 - A
10:23:35.967 [JavaFX Application Thread] DEBUG Input                - Registered new binding: action3 - D
10:23:35.968 [JavaFX Application Thread] DEBUG Input                - Registered new binding: action4 - Space
10:23:35.969 [JavaFX Application Thread] DEBUG FXGLAssetLoaderServi - Loading from file system: jar:file:///Users/dy/.m2/repository/com/github/almasb/fxgl/21.1/fxgl-21.1.jar!/fxglassets/textures/fxgl_icon.png
10:23:36.003 [JavaFX Application Thread] DEBUG FXGLAssetLoaderServi - Loading from file system: jar:file:///Users/dy/.m2/repository/com/github/almasb/fxgl/21.1/fxgl-21.1.jar!/fxglassets/textures/fxgl_default_cursor.png
10:23:36.005 [JavaFX Application Thread] DEBUG Input                - Registered new binding: Screenshot - CTRL+8
10:23:36.006 [JavaFX Application Thread] DEBUG Input                - Registered new binding: System info dump - CTRL+9
10:23:36.007 [JavaFX Application Thread] DEBUG Input                - Registered new binding: Restart - CTRL+R
10:23:36.008 [JavaFX Application Thread] DEBUG Input                - Registered new binding: Toggle Debug Camera - CTRL+7
10:23:36.010 [JavaFX Application Thread] DEBUG LoopRunner           - Starting loop
10:23:36.010 [JavaFX Application Thread] DEBUG LoopRunner           - Initializing JavaFX AnimationTimerLoop
10:23:36.013 [JavaFX Application Thread] DEBUG Input                - Clearing active input actions
10:23:36.026 [JavaFX Application Thread] DEBUG GameApplicationServi - Removing overlay from FXGLStartupScene and adding to FXGLMainMenuDummyScene
10:23:36.027 [JavaFX Application Thread] DEBUG PrimaryStageWindow   - FXGLStartupScene -> FXGLMainMenuDummyScene
10:23:36.027 [JavaFX Application Thread] DEBUG PrimaryStageWindow   - Push state: FXGLDefaultMenu
10:23:36.032 [JavaFX Application Thread] DEBUG Input                - Clearing active input actions
10:23:36.047 [JavaFX Application Thread] DEBUG GameApplicationServi - Removing overlay from FXGLMainMenuDummyScene and adding to FXGLDefaultMenu
10:23:36.048 [JavaFX Application Thread] DEBUG PrimaryStageWindow   - FXGLMainMenuDummyScene -> FXGLDefaultMenu
10:23:36.078 [JavaFX Application Thread] DEBUG FXGLApplication      - Registering font factories with UI factory
10:23:37.538 [JavaFX Application Thread] DEBUG Menu                 - fireNewGame()
10:23:37.538 [JavaFX Application Thread] DEBUG GameApplicationServi - Starting new game
10:23:37.541 [JavaFX Application Thread] DEBUG PrimaryStageWindow   - Pop state: FXGLDefaultMenu
10:23:37.541 [JavaFX Application Thread] DEBUG Input                - Clearing active input actions
10:23:37.543 [JavaFX Application Thread] DEBUG GameApplicationServi - Removing overlay from FXGLDefaultMenu and adding to FXGLMainMenuDummyScene
10:23:37.543 [JavaFX Application Thread] DEBUG PrimaryStageWindow   - FXGLMainMenuDummyScene <- FXGLDefaultMenu
10:23:37.543 [JavaFX Application Thread] DEBUG Input                - Clearing active input actions
10:23:37.551 [JavaFX Application Thread] DEBUG GameApplicationServi - Removing overlay from FXGLMainMenuDummyScene and adding to FXGLLoadingScene
10:23:37.551 [JavaFX Application Thread] DEBUG PrimaryStageWindow   - FXGLMainMenuDummyScene -> FXGLLoadingScene
10:23:37.551 [JavaFX Application Thread] DEBUG GameApplicationServi - Clearing previous game
10:23:37.551 [JavaFX Application Thread] DEBUG GameScene            - Clearing game scene
10:23:37.551 [JavaFX Application Thread] DEBUG GameWorld            - Clearing game world
10:23:37.552 [JavaFX Application Thread] DEBUG PhysicsWorld         - Clearing physics world
10:23:37.553 [FXGL Background Thread 2 ] DEBUG FXGLApplication      - Initializing game
10:23:37.622 [FXGL Background Thread 2 ] WARN  TMXLevelLoader       - TiledMap generated from 1.11.0. Supported version: 1.9.0. Some features may not be parsed fully.
10:23:37.653 [FXGL Background Thread 2 ] DEBUG TMXLevelLoader       - Parsed TiledMap: file:/Users/dy/Desktop/alfa/Java/Projectarbeit/Tanks/target/classes/assets/levels/level.tmx
10:23:37.655 [FXGL Background Thread 2 ] DEBUG TMXLevelLoader       - Creating tile layer entities
10:23:37.656 [FXGL Background Thread 2 ] DEBUG TMXLevelLoader       - Creating object layer entities
10:23:37.702 [FXGL Background Thread 2 ] DEBUG FXGLAssetLoaderServi - Loading from file system: file:/Users/dy/Desktop/alfa/Java/Projectarbeit/Tanks/target/classes/assets/textures/items/sea_animation.png
10:23:37.841 [FXGL Background Thread 2 ] DEBUG GameWorld            - Clearing removable entities
10:23:37.841 [FXGL Background Thread 2 ] DEBUG GameWorld            - Setting level: com.almasb.fxgl.entity.level.Level@392e69df
10:23:37.866 [FXGL Background Thread 2 ] DEBUG FXGLAssetLoaderServi - Loading from file system: file:/Users/dy/Desktop/alfa/Java/Projectarbeit/Tanks/target/classes/assets/textures/tanks/player.png
10:23:37.873 [FXGL Background Thread 2 ] DEBUG FXGLAssetLoaderServi - Loading from file system: file:/Users/dy/Desktop/alfa/Java/Projectarbeit/Tanks/target/classes/assets/textures/tanks/T2.png
10:23:37.877 [FXGL Background Thread 2 ] DEBUG FXGLAssetLoaderServi - Loading from file system: file:/Users/dy/Desktop/alfa/Java/Projectarbeit/Tanks/target/classes/assets/textures/tanks/T1.png
10:23:37.880 [FXGL Background Thread 2 ] DEBUG FXGLAssetLoaderServi - Loading from file system: file:/Users/dy/Desktop/alfa/Java/Projectarbeit/Tanks/target/classes/assets/textures/tanks/T3.png
10:23:37.884 [FXGL Background Thread 2 ] INFO  FXGLApplication      - Game initialization took: 0,330 sec
10:23:37.884 [JavaFX Application Thread] DEBUG Input                - Clearing active input actions
10:23:37.897 [JavaFX Application Thread] DEBUG GameApplicationServi - Removing overlay from FXGLLoadingScene and adding to GameScene
10:23:37.897 [JavaFX Application Thread] DEBUG PrimaryStageWindow   - FXGLLoadingScene -> GameScene
10:23:38.248 [JavaFX Application Thread] DEBUG FXGLAssetLoaderServi - Loading from file system: file:/Users/dy/Desktop/alfa/Java/Projectarbeit/Tanks/target/classes/assets/textures/items/bullet/norm.png
10:23:38.930 [FXGL Background Thread 3 ] DEBUG Engine               - Logging environment variables
10:23:38.931 [FXGL Background Thread 3 ] DEBUG Engine               - achievements: []
10:23:38.931 [FXGL Background Thread 3 ] DEBUG Engine               - actualHeight: 672.0
10:23:38.931 [FXGL Background Thread 3 ] DEBUG Engine               - actualHeightProperty: ReadOnlyDoubleProperty [value: 672.0]
10:23:38.931 [FXGL Background Thread 3 ] DEBUG Engine               - actualWidth: 816.0
10:23:38.931 [FXGL Background Thread 3 ] DEBUG Engine               - actualWidthProperty: ReadOnlyDoubleProperty [value: 816.0]
10:23:38.931 [FXGL Background Thread 3 ] DEBUG Engine               - appIcon: fxgl_icon.png
10:23:38.931 [FXGL Background Thread 3 ] DEBUG Engine               - applicationMode: DEVELOPER
10:23:38.932 [FXGL Background Thread 3 ] DEBUG Engine               - cSSList: [fxgl_dark.css]
10:23:38.932 [FXGL Background Thread 3 ] DEBUG Engine               - collisionDetectionStrategy: BRUTE_FORCE
10:23:38.932 [FXGL Background Thread 3 ] DEBUG Engine               - configClass: Optional.empty
10:23:38.932 [FXGL Background Thread 3 ] DEBUG Engine               - credits: []
10:23:38.933 [FXGL Background Thread 3 ] DEBUG Engine               - defaultCursor: CursorInfo(imageName=fxgl_default_cursor.png, hotspotX=7.0, hotspotY=6.0)
10:23:38.933 [FXGL Background Thread 3 ] DEBUG Engine               - devBBoxColorProperty: ObjectProperty [value: 0xff0000ff]
10:23:38.933 [FXGL Background Thread 3 ] DEBUG Engine               - devEnableDebugCameraProperty: BooleanProperty [value: false]
10:23:38.933 [FXGL Background Thread 3 ] DEBUG Engine               - devSensorColorProperty: ObjectProperty [value: 0xffff00ff]
10:23:38.933 [FXGL Background Thread 3 ] DEBUG Engine               - devShowBBoxProperty: BooleanProperty [value: false]
10:23:38.933 [FXGL Background Thread 3 ] DEBUG Engine               - devShowPositionProperty: BooleanProperty [value: false]
10:23:38.933 [FXGL Background Thread 3 ] DEBUG Engine               - enabledMenuItems: []
10:23:38.933 [FXGL Background Thread 3 ] DEBUG Engine               - engineServices: [class com.almasb.fxgl.app.services.FXGLAssetLoaderService, class com.almasb.fxgl.app.FXGLApplication$GameApplicationService, class com.almasb.fxgl.app.services.FXGLDialogService, class com.almasb.fxgl.app.services.IOTaskExecutorService, class com.almasb.fxgl.io.FileSystemService, class com.almasb.fxgl.localization.LocalizationService, class com.almasb.fxgl.app.services.SystemBundleService, class com.almasb.fxgl.profile.SaveLoadService, class com.almasb.fxgl.ui.FXGLUIFactoryServiceProvider, class com.almasb.fxgl.ui.FXGLDialogFactoryServiceProvider, class com.almasb.fxgl.audio.AudioPlayer, class com.almasb.fxgl.notification.impl.NotificationServiceProvider, class com.almasb.fxgl.achievement.AchievementService, class com.almasb.fxgl.cutscene.CutsceneService, class com.almasb.fxgl.minigames.MiniGameService, class com.almasb.fxgl.net.NetService, class com.almasb.fxgl.app.services.UpdaterService, class com.almasb.fxgl.dev.DevService]
10:23:38.933 [FXGL Background Thread 3 ] DEBUG Engine               - fontGame: Abel-Regular.ttf
10:23:38.933 [FXGL Background Thread 3 ] DEBUG Engine               - fontMono: TerminalLandMono-Regular.otf
10:23:38.934 [FXGL Background Thread 3 ] DEBUG Engine               - fontSizeScaleUI: 1.0
10:23:38.934 [FXGL Background Thread 3 ] DEBUG Engine               - fontText: Courier-Prime.ttf
10:23:38.934 [FXGL Background Thread 3 ] DEBUG Engine               - fontUI: VarelaRound-Regular.ttf
10:23:38.934 [FXGL Background Thread 3 ] DEBUG Engine               - fullScreen: BooleanProperty [value: false]
10:23:38.934 [FXGL Background Thread 3 ] DEBUG Engine               - gameDifficulty: MEDIUM
10:23:38.934 [FXGL Background Thread 3 ] DEBUG Engine               - gameDifficultyProperty: ObjectProperty [value: MEDIUM]
10:23:38.934 [FXGL Background Thread 3 ] DEBUG Engine               - globalMusicVolume: 0.5
10:23:38.935 [FXGL Background Thread 3 ] DEBUG Engine               - globalMusicVolumeProperty: DoubleProperty [value: 0.5]
10:23:38.935 [FXGL Background Thread 3 ] DEBUG Engine               - globalSoundVolume: 0.5
10:23:38.935 [FXGL Background Thread 3 ] DEBUG Engine               - globalSoundVolumeProperty: DoubleProperty [value: 0.5]
10:23:38.935 [FXGL Background Thread 3 ] DEBUG Engine               - height: 672
10:23:38.935 [FXGL Background Thread 3 ] DEBUG Engine               - is3D: false
10:23:38.935 [FXGL Background Thread 3 ] DEBUG Engine               - isAndroid: false
10:23:38.935 [FXGL Background Thread 3 ] DEBUG Engine               - isBrowser: false
10:23:38.935 [FXGL Background Thread 3 ] DEBUG Engine               - isClickFeedbackEnabled: false
10:23:38.935 [FXGL Background Thread 3 ] DEBUG Engine               - isCloseConfirmation: false
10:23:38.935 [FXGL Background Thread 3 ] DEBUG Engine               - isDesktop: true
10:23:38.935 [FXGL Background Thread 3 ] DEBUG Engine               - isDeveloperMenuEnabled: false
10:23:38.935 [FXGL Background Thread 3 ] DEBUG Engine               - isEmbedded: false
10:23:38.935 [FXGL Background Thread 3 ] DEBUG Engine               - isEntityPreloadEnabled: true
10:23:38.936 [FXGL Background Thread 3 ] DEBUG Engine               - isExperimentalTiledLargeMap: false
10:23:38.936 [FXGL Background Thread 3 ] DEBUG Engine               - isFileSystemWriteAllowed: true
10:23:38.936 [FXGL Background Thread 3 ] DEBUG Engine               - isFullScreenAllowed: false
10:23:38.936 [FXGL Background Thread 3 ] DEBUG Engine               - isFullScreenFromStart: false
10:23:38.936 [FXGL Background Thread 3 ] DEBUG Engine               - isGameMenuEnabled: true
10:23:38.936 [FXGL Background Thread 3 ] DEBUG Engine               - isIOS: false
10:23:38.936 [FXGL Background Thread 3 ] DEBUG Engine               - isIntroEnabled: false
10:23:38.936 [FXGL Background Thread 3 ] DEBUG Engine               - isLinux: false
10:23:38.936 [FXGL Background Thread 3 ] DEBUG Engine               - isMac: true
10:23:38.936 [FXGL Background Thread 3 ] DEBUG Engine               - isMainMenuEnabled: true
10:23:38.936 [FXGL Background Thread 3 ] DEBUG Engine               - isManualResizeEnabled: false
10:23:38.936 [FXGL Background Thread 3 ] DEBUG Engine               - isMobile: false
10:23:38.936 [FXGL Background Thread 3 ] DEBUG Engine               - isNative: false
10:23:38.936 [FXGL Background Thread 3 ] DEBUG Engine               - isPauseMusicWhenMinimized: true
10:23:38.936 [FXGL Background Thread 3 ] DEBUG Engine               - isPreserveResizeRatio: false
10:23:38.936 [FXGL Background Thread 3 ] DEBUG Engine               - isProfilingEnabled: false
10:23:38.936 [FXGL Background Thread 3 ] DEBUG Engine               - isScaleAffectedOnResize: true
10:23:38.936 [FXGL Background Thread 3 ] DEBUG Engine               - isSingleStep: false
10:23:38.937 [FXGL Background Thread 3 ] DEBUG Engine               - isUserProfileEnabled: false
10:23:38.937 [FXGL Background Thread 3 ] DEBUG Engine               - isWindows: false
10:23:38.937 [FXGL Background Thread 3 ] DEBUG Engine               - language: ObjectProperty [value: ENGLISH]
10:23:38.937 [FXGL Background Thread 3 ] DEBUG Engine               - menuKey: ESCAPE
10:23:38.937 [FXGL Background Thread 3 ] DEBUG Engine               - mouseSensitivity: 0.2
10:23:38.937 [FXGL Background Thread 3 ] DEBUG Engine               - notificationViewClass: class com.almasb.fxgl.notification.view.XboxNotificationView
10:23:38.937 [FXGL Background Thread 3 ] DEBUG Engine               - pixelsPerMeter: 50.0
10:23:38.937 [FXGL Background Thread 3 ] DEBUG Engine               - platform: MAC
10:23:38.938 [FXGL Background Thread 3 ] DEBUG Engine               - prefHeightProperty: ReadOnlyDoubleProperty [value: 672.0]
10:23:38.938 [FXGL Background Thread 3 ] DEBUG Engine               - prefWidthProperty: ReadOnlyDoubleProperty [value: 816.0]
10:23:38.938 [FXGL Background Thread 3 ] DEBUG Engine               - profileDir: profiles/
10:23:38.938 [FXGL Background Thread 3 ] DEBUG Engine               - profileName: StringProperty [value: DEFAULT]
10:23:38.938 [FXGL Background Thread 3 ] DEBUG Engine               - randomSeed: -1
10:23:38.938 [FXGL Background Thread 3 ] DEBUG Engine               - runtimeInfo: RuntimeInfo(platform=MAC, version=21.1, build=27.03.2024 07.52)
10:23:38.938 [FXGL Background Thread 3 ] DEBUG Engine               - saveFileExt: sav
10:23:38.938 [FXGL Background Thread 3 ] DEBUG Engine               - scaledHeightProp$fxgl: DoubleProperty [bound, value: 672.0]
10:23:38.938 [FXGL Background Thread 3 ] DEBUG Engine               - scaledWidthProp$fxgl: DoubleProperty [bound, value: 816.0]
10:23:38.938 [FXGL Background Thread 3 ] DEBUG Engine               - sceneFactory: com.almasb.fxgl.app.scene.SceneFactory@44268bc2
10:23:38.938 [FXGL Background Thread 3 ] DEBUG Engine               - secondsIn24h: 60
10:23:38.938 [FXGL Background Thread 3 ] DEBUG Engine               - soundMenuBack: menu/back.wav
10:23:38.939 [FXGL Background Thread 3 ] DEBUG Engine               - soundMenuPress: menu/press.wav
10:23:38.939 [FXGL Background Thread 3 ] DEBUG Engine               - soundMenuSelect: menu/select.wav
10:23:38.939 [FXGL Background Thread 3 ] DEBUG Engine               - soundNotification: core/notification.wav
10:23:38.939 [FXGL Background Thread 3 ] DEBUG Engine               - stageStyle: DECORATED
10:23:38.939 [FXGL Background Thread 3 ] DEBUG Engine               - supportedLanguages: [ENGLISH, FRENCH, GERMAN, HUNGARIAN, RUSSIAN]
10:23:38.939 [FXGL Background Thread 3 ] DEBUG Engine               - ticksPerSecond: -1
10:23:38.939 [FXGL Background Thread 3 ] DEBUG Engine               - title: Tank
10:23:38.939 [FXGL Background Thread 3 ] DEBUG Engine               - urlGithub: https://github.com/AlmasB/FXGL
10:23:38.939 [FXGL Background Thread 3 ] DEBUG Engine               - urlLeaderboard: http://fxgl-top.herokuapp.com/
10:23:38.939 [FXGL Background Thread 3 ] DEBUG Engine               - urlPOM: https://raw.githubusercontent.com/AlmasB/FXGL/release/README.md
10:23:38.939 [FXGL Background Thread 3 ] DEBUG Engine               - userAppClass: class de.dywebstudio.tanks.TankApp
10:23:38.939 [FXGL Background Thread 3 ] DEBUG Engine               - version: 1.0
10:23:38.939 [FXGL Background Thread 3 ] DEBUG Engine               - versionCheckDays: 7
10:23:38.939 [FXGL Background Thread 3 ] DEBUG Engine               - width: 816
10:23:38.939 [FXGL Background Thread 3 ] DEBUG Engine               - Logging services
10:23:38.939 [FXGL Background Thread 3 ] DEBUG Engine               - class com.almasb.fxgl.app.services.FXGLAssetLoaderService
10:23:38.939 [FXGL Background Thread 3 ] DEBUG Engine               - class com.almasb.fxgl.app.FXGLApplication$GameApplicationService
10:23:38.940 [FXGL Background Thread 3 ] DEBUG Engine               - class com.almasb.fxgl.app.services.FXGLDialogService
10:23:38.940 [FXGL Background Thread 3 ] DEBUG Engine               - class com.almasb.fxgl.app.services.IOTaskExecutorService
10:23:38.940 [FXGL Background Thread 3 ] DEBUG Engine               - class com.almasb.fxgl.io.FileSystemService
10:23:38.940 [FXGL Background Thread 3 ] DEBUG Engine               - class com.almasb.fxgl.localization.LocalizationService
10:23:38.940 [FXGL Background Thread 3 ] DEBUG Engine               - class com.almasb.fxgl.app.services.SystemBundleService
10:23:38.940 [FXGL Background Thread 3 ] DEBUG Engine               - class com.almasb.fxgl.profile.SaveLoadService
10:23:38.940 [FXGL Background Thread 3 ] DEBUG Engine               - class com.almasb.fxgl.ui.FXGLUIFactoryServiceProvider
10:23:38.940 [FXGL Background Thread 3 ] DEBUG Engine               - class com.almasb.fxgl.ui.FXGLDialogFactoryServiceProvider
10:23:38.940 [FXGL Background Thread 3 ] DEBUG Engine               - class com.almasb.fxgl.audio.AudioPlayer
10:23:38.940 [FXGL Background Thread 3 ] DEBUG Engine               - class com.almasb.fxgl.notification.impl.NotificationServiceProvider
10:23:38.940 [FXGL Background Thread 3 ] DEBUG Engine               - class com.almasb.fxgl.achievement.AchievementService
10:23:38.940 [FXGL Background Thread 3 ] DEBUG Engine               - class com.almasb.fxgl.cutscene.CutsceneService
10:23:38.940 [FXGL Background Thread 3 ] DEBUG Engine               - class com.almasb.fxgl.minigames.MiniGameService
10:23:38.940 [FXGL Background Thread 3 ] DEBUG Engine               - class com.almasb.fxgl.net.NetService
10:23:38.940 [FXGL Background Thread 3 ] DEBUG Engine               - class com.almasb.fxgl.app.services.UpdaterService
10:23:38.940 [FXGL Background Thread 3 ] DEBUG Engine               - class com.almasb.fxgl.dev.DevService
10:24:32.956 [JavaFX Application Thread] DEBUG FXGLAssetLoaderServi - Loading from file system: file:/Users/dy/Desktop/alfa/Java/Projectarbeit/Tanks/target/classes/assets/textures/ui/GameOver.png
10:24:32.960 [JavaFX Application Thread] DEBUG PrimaryStageWindow   - Push state: GameOverScene
10:24:32.960 [JavaFX Application Thread] DEBUG Input                - Clearing active input actions
10:24:32.960 [JavaFX Application Thread] DEBUG GameApplicationServi - Removing overlay from GameScene and adding to GameOverScene
10:24:32.960 [JavaFX Application Thread] DEBUG PrimaryStageWindow   - GameScene -> GameOverScene
10:24:33.971 [JavaFX Application Thread] DEBUG PrimaryStageWindow   - Pop state: GameOverScene
10:24:33.971 [JavaFX Application Thread] DEBUG Input                - Clearing active input actions
10:24:33.972 [JavaFX Application Thread] DEBUG GameApplicationServi - Removing overlay from GameOverScene and adding to GameScene
10:24:33.972 [JavaFX Application Thread] DEBUG PrimaryStageWindow   - GameScene <- GameOverScene
10:24:33.972 [JavaFX Application Thread] DEBUG Input                - Clearing active input actions
10:24:33.977 [JavaFX Application Thread] DEBUG GameApplicationServi - Removing overlay from GameScene and adding to FXGLMainMenuDummyScene
10:24:33.977 [JavaFX Application Thread] DEBUG PrimaryStageWindow   - GameScene -> FXGLMainMenuDummyScene
10:24:33.977 [JavaFX Application Thread] DEBUG PrimaryStageWindow   - Push state: FXGLDefaultMenu
10:24:33.978 [JavaFX Application Thread] DEBUG Input                - Clearing active input actions
10:24:33.980 [JavaFX Application Thread] DEBUG GameApplicationServi - Removing overlay from FXGLMainMenuDummyScene and adding to FXGLDefaultMenu
10:24:33.980 [JavaFX Application Thread] DEBUG PrimaryStageWindow   - FXGLMainMenuDummyScene -> FXGLDefaultMenu
10:24:42.821 [JavaFX Application Thread] DEBUG Menu                 - fireNewGame()
10:24:42.821 [JavaFX Application Thread] DEBUG GameApplicationServi - Starting new game
10:24:42.821 [JavaFX Application Thread] DEBUG PrimaryStageWindow   - Pop state: FXGLDefaultMenu
10:24:42.821 [JavaFX Application Thread] DEBUG Input                - Clearing active input actions
10:24:42.822 [JavaFX Application Thread] DEBUG GameApplicationServi - Removing overlay from FXGLDefaultMenu and adding to FXGLMainMenuDummyScene
10:24:42.822 [JavaFX Application Thread] DEBUG PrimaryStageWindow   - FXGLMainMenuDummyScene <- FXGLDefaultMenu
10:24:42.822 [JavaFX Application Thread] DEBUG Input                - Clearing active input actions
10:24:42.826 [JavaFX Application Thread] DEBUG GameApplicationServi - Removing overlay from FXGLMainMenuDummyScene and adding to FXGLLoadingScene
10:24:42.826 [JavaFX Application Thread] DEBUG PrimaryStageWindow   - FXGLMainMenuDummyScene -> FXGLLoadingScene
10:24:42.826 [JavaFX Application Thread] DEBUG GameApplicationServi - Clearing previous game
10:24:42.826 [JavaFX Application Thread] DEBUG GameScene            - Clearing game scene
10:24:42.826 [JavaFX Application Thread] DEBUG GameWorld            - Clearing game world
10:24:42.831 [JavaFX Application Thread] DEBUG PhysicsWorld         - Clearing physics world
10:24:42.831 [FXGL Background Thread 5 ] DEBUG FXGLApplication      - Initializing game
10:24:42.836 [FXGL Background Thread 5 ] WARN  TMXLevelLoader       - TiledMap generated from 1.11.0. Supported version: 1.9.0. Some features may not be parsed fully.
10:24:42.856 [FXGL Background Thread 5 ] DEBUG TMXLevelLoader       - Parsed TiledMap: file:/Users/dy/Desktop/alfa/Java/Projectarbeit/Tanks/target/classes/assets/levels/level.tmx
10:24:42.856 [FXGL Background Thread 5 ] DEBUG TMXLevelLoader       - Creating tile layer entities
10:24:42.856 [FXGL Background Thread 5 ] DEBUG TMXLevelLoader       - Creating object layer entities
10:24:42.930 [FXGL Background Thread 5 ] DEBUG GameWorld            - Clearing removable entities
10:24:42.930 [FXGL Background Thread 5 ] DEBUG GameWorld            - Setting level: com.almasb.fxgl.entity.level.Level@34455947
10:24:42.935 [FXGL Background Thread 5 ] DEBUG FXGLAssetLoaderServi - Loading from file system: file:/Users/dy/Desktop/alfa/Java/Projectarbeit/Tanks/target/classes/assets/textures/tanks/T4.png
10:24:42.939 [FXGL Background Thread 5 ] INFO  FXGLApplication      - Game initialization took: 0,107 sec
10:24:42.940 [JavaFX Application Thread] DEBUG Input                - Clearing active input actions
10:24:42.946 [JavaFX Application Thread] DEBUG GameApplicationServi - Removing overlay from FXGLLoadingScene and adding to GameScene
10:24:42.947 [JavaFX Application Thread] DEBUG PrimaryStageWindow   - FXGLLoadingScene -> GameScene
10:25:14.725 [JavaFX Application Thread] DEBUG FXGLApplication      - Exiting FXGL
10:25:14.725 [JavaFX Application Thread] DEBUG LoopRunner           - Stopping loop
10:25:14.725 [JavaFX Application Thread] DEBUG SystemBundleService  - Saving FXGL system data
10:25:14.728 [JavaFX Application Thread] DEBUG FileSystemAccess     - Writing to: /Users/dy/Desktop/alfa/Java/Projectarbeit/Tanks/system/fxgl.bundle
10:25:14.731 [JavaFX Application Thread] DEBUG Async                - Shutting down background threads
10:25:14.731 [JavaFX Application Thread] DEBUG PrimaryStageWindow   - Closing main window
10:25:14.747 [JavaFX Application Thread] DEBUG Logger               - Closing Logger
