14:52:07.629 [main                     ] DEBUG Logger               - Configured Logger
14:52:07.664 [main                     ] DEBUG GameApplication      - Logging settings
Title: Tank
Version: 1.0
Width: 816
Height: 672
Fullscreen: false
Intro: false
Profiling: false
Single step:false
App Mode: DEVELOPER
Menu Key: ESCAPE
Stage Style: DECORATED
Scene Factory: class com.almasb.fxgl.app.scene.SceneFactory

14:52:08.078 [JavaFX Application Thread] DEBUG FXGLApplication      - Initializing FXGL
14:52:08.085 [JavaFX Application Thread] INFO  Engine               - FXGL-21.1 (27.03.2024 07.52) on MAC (J:22.0.2 FX:22.0.1)
14:52:08.086 [JavaFX Application Thread] DEBUG Engine               - JRE Vendor Name: Oracle Corporation
14:52:08.086 [JavaFX Application Thread] DEBUG Engine               - Running on OS: Mac OS X version 14.6.1
14:52:08.086 [JavaFX Application Thread] DEBUG Engine               - Architecture: x86_64
14:52:08.086 [JavaFX Application Thread] INFO  Engine               - Source code and latest versions at: https://github.com/AlmasB/FXGL
14:52:08.086 [JavaFX Application Thread] INFO  Engine               -       Ask questions and discuss at: https://github.com/AlmasB/FXGL/discussions
14:52:08.087 [JavaFX Application Thread] INFO  Engine               -              Join the FXGL chat at: https://gitter.im/AlmasB/FXGL
14:52:08.191 [JavaFX Application Thread] DEBUG PrimaryStageWindow   - Creating a JavaFX scene
14:52:08.251 [JavaFX Application Thread] DEBUG PrimaryStageWindow   - Target settings size: 816.0 x 672.0
14:52:08.252 [JavaFX Application Thread] DEBUG PrimaryStageWindow   - Scaled scene size:    816.0 x 672.0
14:52:08.252 [JavaFX Application Thread] DEBUG PrimaryStageWindow   - Scaled ratio: (1.0, 1.0)
14:52:08.253 [JavaFX Application Thread] DEBUG PrimaryStageWindow   - Set initial scene to FXGLStartupScene
14:52:08.257 [JavaFX Application Thread] DEBUG PrimaryStageWindow   - Opening main window
14:52:08.392 [JavaFX Application Thread] DEBUG PrimaryStageWindow   - Window border size: (0.0, 28.0)
14:52:08.393 [JavaFX Application Thread] DEBUG PrimaryStageWindow   - Scaled size: 816.0 x 672.0
14:52:08.393 [JavaFX Application Thread] DEBUG PrimaryStageWindow   - Scaled ratio: (1.0, 1.0)
14:52:08.394 [JavaFX Application Thread] DEBUG PrimaryStageWindow   - Scene size: 816.0 x 672.0
14:52:08.394 [JavaFX Application Thread] DEBUG PrimaryStageWindow   - Stage size: 816.0 x 700.0
14:52:08.407 [FXGL Background Thread 1 ] DEBUG Engine               - Initializing environment variables
14:52:08.506 [FXGL Background Thread 1 ] DEBUG FXGLAssetLoaderServi - User app class for loading assets: class de.dywebstudio.tanks.TankApp
14:52:08.506 [FXGL Background Thread 1 ] DEBUG GameApplicationServi - Applying CSS: fxgl_dark.css
14:52:08.508 [FXGL Background Thread 1 ] DEBUG FXGLAssetLoaderServi - Loading from file system: jar:file:///Users/dy/.m2/repository/com/github/almasb/fxgl/21.1/fxgl-21.1.jar!/fxglassets/ui/css/fxgl_dark.css
14:52:08.590 [FXGL Background Thread 1 ] DEBUG GameApplicationServi - Initializing application scenes
14:52:08.994 [FXGL Background Thread 1 ] DEBUG GameWorld            - Game world initialized
14:52:09.064 [FXGL Background Thread 1 ] DEBUG PhysicsWorld         - Physics world initialized: appHeight=672, physics.ppm=50,0
14:52:09.064 [FXGL Background Thread 1 ] DEBUG PhysicsWorld         - Using strategy: BRUTE_FORCE
14:52:09.070 [FXGL Background Thread 1 ] DEBUG GameScene            - Game scene initialized: 816x672
14:52:09.088 [FXGL Background Thread 1 ] DEBUG FXGL.DefaultMenu     - createMenuBodyMainMenu()
14:52:09.111 [FXGL Background Thread 1 ] DEBUG FXGL.DefaultMenu     - createOptionsMenu()
14:52:09.128 [FXGL Background Thread 1 ] DEBUG FXGLAssetLoaderServi - Loading from file system: jar:file:///Users/dy/.m2/repository/com/github/almasb/fxgl/21.1/fxgl-21.1.jar!/fxglassets/textures/particles/smoke.png
14:52:09.268 [FXGL Background Thread 1 ] DEBUG FXGLAssetLoaderServi - Loading from file system: jar:file:///Users/dy/.m2/repository/com/github/almasb/fxgl/21.1/fxgl-21.1.jar!/fxglassets/textures/particles/trace_horizontal.png
14:52:09.298 [FXGL Background Thread 1 ] DEBUG FXGL.DefaultMenu     - createMenuBodyGameMenu()
14:52:09.300 [FXGL Background Thread 1 ] DEBUG FXGL.DefaultMenu     - createOptionsMenu()
14:52:09.322 [FXGL Background Thread 1 ] DEBUG GameApplicationServi - Application scenes initialized
14:52:09.341 [FXGL Background Thread 1 ] DEBUG SystemBundleService  - Loading FXGL system data
14:52:09.346 [FXGL Background Thread 1 ] DEBUG FileSystemAccess     - Reading from: /Users/dy/Desktop/alfa/Java/Projectarbeit/Tanks/system/fxgl.bundle
14:52:09.357 [FXGL Background Thread 1 ] DEBUG SystemBundleService  - Bundle FXGL: {}
14:52:09.357 [FXGL Background Thread 1 ] DEBUG UpdaterService       - Checking for updates
14:52:09.363 [FXGL Background Thread 4 ] DEBUG FXGLApplication      - Loading fonts
14:52:09.364 [FXGL Background Thread 4 ] DEBUG FXGLAssetLoaderServi - Loading from file system: jar:file:///Users/dy/.m2/repository/com/github/almasb/fxgl/21.1/fxgl-21.1.jar!/fxglassets/ui/fonts/VarelaRound-Regular.ttf
14:52:09.364 [FXGL Background Thread 1 ] DEBUG FXGLApplication      - Loading default localization
14:52:09.365 [FXGL Background Thread 1 ] DEBUG FXGLAssetLoaderServi - Loading from file system: jar:file:///Users/dy/.m2/repository/com/github/almasb/fxgl/21.1/fxgl-21.1.jar!/fxglassets/languages/english.lang
14:52:09.385 [FXGL Background Thread 1 ] INFO  FXGLApplication      - FXGL initialization took: 0,978 sec
14:52:09.387 [FXGL Background Thread 4 ] DEBUG FXGLAssetLoaderServi - Loading from file system: jar:file:///Users/dy/.m2/repository/com/github/almasb/fxgl/21.1/fxgl-21.1.jar!/fxglassets/ui/fonts/Abel-Regular.ttf
14:52:09.391 [FXGL Background Thread 4 ] DEBUG FXGLAssetLoaderServi - Loading from file system: jar:file:///Users/dy/.m2/repository/com/github/almasb/fxgl/21.1/fxgl-21.1.jar!/fxglassets/ui/fonts/TerminalLandMono-Regular.otf
14:52:09.397 [FXGL Background Thread 4 ] DEBUG FXGLAssetLoaderServi - Loading from file system: jar:file:///Users/dy/.m2/repository/com/github/almasb/fxgl/21.1/fxgl-21.1.jar!/fxglassets/ui/fonts/Courier-Prime.ttf
14:52:09.397 [JavaFX Application Thread] DEBUG Input                - Registered new binding: action0 - W
14:52:09.398 [JavaFX Application Thread] DEBUG Input                - Registered new binding: action1 - S
14:52:09.398 [JavaFX Application Thread] DEBUG Input                - Registered new binding: action2 - A
14:52:09.399 [JavaFX Application Thread] DEBUG Input                - Registered new binding: action3 - D
14:52:09.400 [JavaFX Application Thread] DEBUG Input                - Registered new binding: action4 - Space
14:52:09.401 [JavaFX Application Thread] DEBUG FXGLAssetLoaderServi - Loading from file system: jar:file:///Users/dy/.m2/repository/com/github/almasb/fxgl/21.1/fxgl-21.1.jar!/fxglassets/textures/fxgl_icon.png
14:52:09.430 [JavaFX Application Thread] DEBUG FXGLAssetLoaderServi - Loading from file system: jar:file:///Users/dy/.m2/repository/com/github/almasb/fxgl/21.1/fxgl-21.1.jar!/fxglassets/textures/fxgl_default_cursor.png
14:52:09.433 [JavaFX Application Thread] DEBUG Input                - Registered new binding: Screenshot - CTRL+8
14:52:09.433 [JavaFX Application Thread] DEBUG Input                - Registered new binding: System info dump - CTRL+9
14:52:09.434 [JavaFX Application Thread] DEBUG Input                - Registered new binding: Restart - CTRL+R
14:52:09.435 [JavaFX Application Thread] DEBUG Input                - Registered new binding: Toggle Debug Camera - CTRL+7
14:52:09.440 [JavaFX Application Thread] DEBUG LoopRunner           - Starting loop
14:52:09.440 [JavaFX Application Thread] DEBUG LoopRunner           - Initializing JavaFX AnimationTimerLoop
14:52:09.443 [JavaFX Application Thread] DEBUG Input                - Clearing active input actions
14:52:09.456 [JavaFX Application Thread] DEBUG GameApplicationServi - Removing overlay from FXGLStartupScene and adding to FXGLMainMenuDummyScene
14:52:09.457 [JavaFX Application Thread] DEBUG PrimaryStageWindow   - FXGLStartupScene -> FXGLMainMenuDummyScene
14:52:09.457 [JavaFX Application Thread] DEBUG PrimaryStageWindow   - Push state: FXGLDefaultMenu
14:52:09.461 [JavaFX Application Thread] DEBUG Input                - Clearing active input actions
14:52:09.474 [JavaFX Application Thread] DEBUG GameApplicationServi - Removing overlay from FXGLMainMenuDummyScene and adding to FXGLDefaultMenu
14:52:09.475 [JavaFX Application Thread] DEBUG PrimaryStageWindow   - FXGLMainMenuDummyScene -> FXGLDefaultMenu
14:52:09.508 [JavaFX Application Thread] DEBUG FXGLApplication      - Registering font factories with UI factory
14:52:11.161 [JavaFX Application Thread] DEBUG Menu                 - fireNewGame()
14:52:11.161 [JavaFX Application Thread] DEBUG GameApplicationServi - Starting new game
14:52:11.163 [JavaFX Application Thread] DEBUG PrimaryStageWindow   - Pop state: FXGLDefaultMenu
14:52:11.163 [JavaFX Application Thread] DEBUG Input                - Clearing active input actions
14:52:11.164 [JavaFX Application Thread] DEBUG GameApplicationServi - Removing overlay from FXGLDefaultMenu and adding to FXGLMainMenuDummyScene
14:52:11.166 [JavaFX Application Thread] DEBUG PrimaryStageWindow   - FXGLMainMenuDummyScene <- FXGLDefaultMenu
14:52:11.166 [JavaFX Application Thread] DEBUG Input                - Clearing active input actions
14:52:11.175 [JavaFX Application Thread] DEBUG GameApplicationServi - Removing overlay from FXGLMainMenuDummyScene and adding to FXGLLoadingScene
14:52:11.176 [JavaFX Application Thread] DEBUG PrimaryStageWindow   - FXGLMainMenuDummyScene -> FXGLLoadingScene
14:52:11.176 [JavaFX Application Thread] DEBUG GameApplicationServi - Clearing previous game
14:52:11.176 [JavaFX Application Thread] DEBUG GameScene            - Clearing game scene
14:52:11.176 [JavaFX Application Thread] DEBUG GameWorld            - Clearing game world
14:52:11.176 [JavaFX Application Thread] DEBUG PhysicsWorld         - Clearing physics world
14:52:11.179 [FXGL Background Thread 2 ] DEBUG FXGLApplication      - Initializing game
14:52:11.245 [FXGL Background Thread 2 ] WARN  TMXLevelLoader       - TiledMap generated from 1.11.0. Supported version: 1.9.0. Some features may not be parsed fully.
14:52:11.272 [FXGL Background Thread 2 ] DEBUG TMXLevelLoader       - Parsed TiledMap: file:/Users/dy/Desktop/alfa/Java/Projectarbeit/Tanks/target/classes/assets/levels/level.tmx
14:52:11.273 [FXGL Background Thread 2 ] DEBUG TMXLevelLoader       - Creating tile layer entities
14:52:11.275 [FXGL Background Thread 2 ] DEBUG TMXLevelLoader       - Creating object layer entities
14:52:11.324 [FXGL Background Thread 2 ] DEBUG FXGLAssetLoaderServi - Loading from file system: file:/Users/dy/Desktop/alfa/Java/Projectarbeit/Tanks/target/classes/assets/textures/items/sea_animation.png
14:52:11.481 [FXGL Background Thread 2 ] DEBUG GameWorld            - Clearing removable entities
14:52:11.481 [FXGL Background Thread 2 ] DEBUG GameWorld            - Setting level: com.almasb.fxgl.entity.level.Level@4eead6a1
14:52:11.501 [FXGL Background Thread 2 ] DEBUG FXGLAssetLoaderServi - Loading from file system: file:/Users/dy/Desktop/alfa/Java/Projectarbeit/Tanks/target/classes/assets/textures/tanks/player.png
14:52:11.507 [FXGL Background Thread 2 ] DEBUG FXGLAssetLoaderServi - Loading from file system: file:/Users/dy/Desktop/alfa/Java/Projectarbeit/Tanks/target/classes/assets/textures/tanks/T3.png
14:52:11.513 [FXGL Background Thread 2 ] DEBUG FXGLAssetLoaderServi - Loading from file system: file:/Users/dy/Desktop/alfa/Java/Projectarbeit/Tanks/target/classes/assets/textures/tanks/T5.png
14:52:11.515 [FXGL Background Thread 2 ] INFO  FXGLApplication      - Game initialization took: 0,336 sec
14:52:11.516 [JavaFX Application Thread] DEBUG Input                - Clearing active input actions
14:52:11.528 [JavaFX Application Thread] DEBUG GameApplicationServi - Removing overlay from FXGLLoadingScene and adding to GameScene
14:52:11.528 [JavaFX Application Thread] DEBUG PrimaryStageWindow   - FXGLLoadingScene -> GameScene
14:52:12.153 [JavaFX Application Thread] DEBUG FXGLAssetLoaderServi - Loading from file system: file:/Users/dy/Desktop/alfa/Java/Projectarbeit/Tanks/target/classes/assets/textures/items/bullet/norm.png
14:52:12.365 [FXGL Background Thread 3 ] DEBUG Engine               - Logging environment variables
14:52:12.366 [FXGL Background Thread 3 ] DEBUG Engine               - achievements: []
14:52:12.366 [FXGL Background Thread 3 ] DEBUG Engine               - actualHeight: 672.0
14:52:12.366 [FXGL Background Thread 3 ] DEBUG Engine               - actualHeightProperty: ReadOnlyDoubleProperty [value: 672.0]
14:52:12.367 [FXGL Background Thread 3 ] DEBUG Engine               - actualWidth: 816.0
14:52:12.367 [FXGL Background Thread 3 ] DEBUG Engine               - actualWidthProperty: ReadOnlyDoubleProperty [value: 816.0]
14:52:12.367 [FXGL Background Thread 3 ] DEBUG Engine               - appIcon: fxgl_icon.png
14:52:12.367 [FXGL Background Thread 3 ] DEBUG Engine               - applicationMode: DEVELOPER
14:52:12.367 [FXGL Background Thread 3 ] DEBUG Engine               - cSSList: [fxgl_dark.css]
14:52:12.367 [FXGL Background Thread 3 ] DEBUG Engine               - collisionDetectionStrategy: BRUTE_FORCE
14:52:12.367 [FXGL Background Thread 3 ] DEBUG Engine               - configClass: Optional.empty
14:52:12.367 [FXGL Background Thread 3 ] DEBUG Engine               - credits: []
14:52:12.367 [FXGL Background Thread 3 ] DEBUG Engine               - defaultCursor: CursorInfo(imageName=fxgl_default_cursor.png, hotspotX=7.0, hotspotY=6.0)
14:52:12.367 [FXGL Background Thread 3 ] DEBUG Engine               - devBBoxColorProperty: ObjectProperty [value: 0xff0000ff]
14:52:12.367 [FXGL Background Thread 3 ] DEBUG Engine               - devEnableDebugCameraProperty: BooleanProperty [value: false]
14:52:12.368 [FXGL Background Thread 3 ] DEBUG Engine               - devSensorColorProperty: ObjectProperty [value: 0xffff00ff]
14:52:12.368 [FXGL Background Thread 3 ] DEBUG Engine               - devShowBBoxProperty: BooleanProperty [value: false]
14:52:12.368 [FXGL Background Thread 3 ] DEBUG Engine               - devShowPositionProperty: BooleanProperty [value: false]
14:52:12.368 [FXGL Background Thread 3 ] DEBUG Engine               - enabledMenuItems: []
14:52:12.368 [FXGL Background Thread 3 ] DEBUG Engine               - engineServices: [class com.almasb.fxgl.app.services.FXGLAssetLoaderService, class com.almasb.fxgl.app.FXGLApplication$GameApplicationService, class com.almasb.fxgl.app.services.FXGLDialogService, class com.almasb.fxgl.app.services.IOTaskExecutorService, class com.almasb.fxgl.io.FileSystemService, class com.almasb.fxgl.localization.LocalizationService, class com.almasb.fxgl.app.services.SystemBundleService, class com.almasb.fxgl.profile.SaveLoadService, class com.almasb.fxgl.ui.FXGLUIFactoryServiceProvider, class com.almasb.fxgl.ui.FXGLDialogFactoryServiceProvider, class com.almasb.fxgl.audio.AudioPlayer, class com.almasb.fxgl.notification.impl.NotificationServiceProvider, class com.almasb.fxgl.achievement.AchievementService, class com.almasb.fxgl.cutscene.CutsceneService, class com.almasb.fxgl.minigames.MiniGameService, class com.almasb.fxgl.net.NetService, class com.almasb.fxgl.app.services.UpdaterService, class com.almasb.fxgl.dev.DevService]
14:52:12.368 [FXGL Background Thread 3 ] DEBUG Engine               - fontGame: Abel-Regular.ttf
14:52:12.368 [FXGL Background Thread 3 ] DEBUG Engine               - fontMono: TerminalLandMono-Regular.otf
14:52:12.368 [FXGL Background Thread 3 ] DEBUG Engine               - fontSizeScaleUI: 1.0
14:52:12.368 [FXGL Background Thread 3 ] DEBUG Engine               - fontText: Courier-Prime.ttf
14:52:12.368 [FXGL Background Thread 3 ] DEBUG Engine               - fontUI: VarelaRound-Regular.ttf
14:52:12.368 [FXGL Background Thread 3 ] DEBUG Engine               - fullScreen: BooleanProperty [value: false]
14:52:12.368 [FXGL Background Thread 3 ] DEBUG Engine               - gameDifficulty: MEDIUM
14:52:12.368 [FXGL Background Thread 3 ] DEBUG Engine               - gameDifficultyProperty: ObjectProperty [value: MEDIUM]
14:52:12.368 [FXGL Background Thread 3 ] DEBUG Engine               - globalMusicVolume: 0.5
14:52:12.368 [FXGL Background Thread 3 ] DEBUG Engine               - globalMusicVolumeProperty: DoubleProperty [value: 0.5]
14:52:12.368 [FXGL Background Thread 3 ] DEBUG Engine               - globalSoundVolume: 0.5
14:52:12.368 [FXGL Background Thread 3 ] DEBUG Engine               - globalSoundVolumeProperty: DoubleProperty [value: 0.5]
14:52:12.368 [FXGL Background Thread 3 ] DEBUG Engine               - height: 672
14:52:12.369 [FXGL Background Thread 3 ] DEBUG Engine               - is3D: false
14:52:12.369 [FXGL Background Thread 3 ] DEBUG Engine               - isAndroid: false
14:52:12.369 [FXGL Background Thread 3 ] DEBUG Engine               - isBrowser: false
14:52:12.369 [FXGL Background Thread 3 ] DEBUG Engine               - isClickFeedbackEnabled: false
14:52:12.369 [FXGL Background Thread 3 ] DEBUG Engine               - isCloseConfirmation: false
14:52:12.369 [FXGL Background Thread 3 ] DEBUG Engine               - isDesktop: true
14:52:12.369 [FXGL Background Thread 3 ] DEBUG Engine               - isDeveloperMenuEnabled: false
14:52:12.369 [FXGL Background Thread 3 ] DEBUG Engine               - isEmbedded: false
14:52:12.369 [FXGL Background Thread 3 ] DEBUG Engine               - isEntityPreloadEnabled: true
14:52:12.369 [FXGL Background Thread 3 ] DEBUG Engine               - isExperimentalTiledLargeMap: false
14:52:12.369 [FXGL Background Thread 3 ] DEBUG Engine               - isFileSystemWriteAllowed: true
14:52:12.369 [FXGL Background Thread 3 ] DEBUG Engine               - isFullScreenAllowed: false
14:52:12.369 [FXGL Background Thread 3 ] DEBUG Engine               - isFullScreenFromStart: false
14:52:12.370 [FXGL Background Thread 3 ] DEBUG Engine               - isGameMenuEnabled: true
14:52:12.370 [FXGL Background Thread 3 ] DEBUG Engine               - isIOS: false
14:52:12.370 [FXGL Background Thread 3 ] DEBUG Engine               - isIntroEnabled: false
14:52:12.370 [FXGL Background Thread 3 ] DEBUG Engine               - isLinux: false
14:52:12.370 [FXGL Background Thread 3 ] DEBUG Engine               - isMac: true
14:52:12.370 [FXGL Background Thread 3 ] DEBUG Engine               - isMainMenuEnabled: true
14:52:12.370 [FXGL Background Thread 3 ] DEBUG Engine               - isManualResizeEnabled: false
14:52:12.370 [FXGL Background Thread 3 ] DEBUG Engine               - isMobile: false
14:52:12.370 [FXGL Background Thread 3 ] DEBUG Engine               - isNative: false
14:52:12.370 [FXGL Background Thread 3 ] DEBUG Engine               - isPauseMusicWhenMinimized: true
14:52:12.370 [FXGL Background Thread 3 ] DEBUG Engine               - isPreserveResizeRatio: false
14:52:12.370 [FXGL Background Thread 3 ] DEBUG Engine               - isProfilingEnabled: false
14:52:12.370 [FXGL Background Thread 3 ] DEBUG Engine               - isScaleAffectedOnResize: true
14:52:12.370 [FXGL Background Thread 3 ] DEBUG Engine               - isSingleStep: false
14:52:12.371 [FXGL Background Thread 3 ] DEBUG Engine               - isUserProfileEnabled: false
14:52:12.371 [FXGL Background Thread 3 ] DEBUG Engine               - isWindows: false
14:52:12.371 [FXGL Background Thread 3 ] DEBUG Engine               - language: ObjectProperty [value: ENGLISH]
14:52:12.371 [FXGL Background Thread 3 ] DEBUG Engine               - menuKey: ESCAPE
14:52:12.371 [FXGL Background Thread 3 ] DEBUG Engine               - mouseSensitivity: 0.2
14:52:12.371 [FXGL Background Thread 3 ] DEBUG Engine               - notificationViewClass: class com.almasb.fxgl.notification.view.XboxNotificationView
14:52:12.371 [FXGL Background Thread 3 ] DEBUG Engine               - pixelsPerMeter: 50.0
14:52:12.371 [FXGL Background Thread 3 ] DEBUG Engine               - platform: MAC
14:52:12.371 [FXGL Background Thread 3 ] DEBUG Engine               - prefHeightProperty: ReadOnlyDoubleProperty [value: 672.0]
14:52:12.371 [FXGL Background Thread 3 ] DEBUG Engine               - prefWidthProperty: ReadOnlyDoubleProperty [value: 816.0]
14:52:12.371 [FXGL Background Thread 3 ] DEBUG Engine               - profileDir: profiles/
14:52:12.371 [FXGL Background Thread 3 ] DEBUG Engine               - profileName: StringProperty [value: DEFAULT]
14:52:12.371 [FXGL Background Thread 3 ] DEBUG Engine               - randomSeed: -1
14:52:12.372 [FXGL Background Thread 3 ] DEBUG Engine               - runtimeInfo: RuntimeInfo(platform=MAC, version=21.1, build=27.03.2024 07.52)
14:52:12.372 [FXGL Background Thread 3 ] DEBUG Engine               - saveFileExt: sav
14:52:12.372 [FXGL Background Thread 3 ] DEBUG Engine               - scaledHeightProp$fxgl: DoubleProperty [bound, value: 672.0]
14:52:12.372 [FXGL Background Thread 3 ] DEBUG Engine               - scaledWidthProp$fxgl: DoubleProperty [bound, value: 816.0]
14:52:12.372 [FXGL Background Thread 3 ] DEBUG Engine               - sceneFactory: com.almasb.fxgl.app.scene.SceneFactory@1850b040
14:52:12.372 [FXGL Background Thread 3 ] DEBUG Engine               - secondsIn24h: 60
14:52:12.372 [FXGL Background Thread 3 ] DEBUG Engine               - soundMenuBack: menu/back.wav
14:52:12.372 [FXGL Background Thread 3 ] DEBUG Engine               - soundMenuPress: menu/press.wav
14:52:12.373 [FXGL Background Thread 3 ] DEBUG Engine               - soundMenuSelect: menu/select.wav
14:52:12.373 [FXGL Background Thread 3 ] DEBUG Engine               - soundNotification: core/notification.wav
14:52:12.373 [FXGL Background Thread 3 ] DEBUG Engine               - stageStyle: DECORATED
14:52:12.373 [FXGL Background Thread 3 ] DEBUG Engine               - supportedLanguages: [ENGLISH, FRENCH, GERMAN, HUNGARIAN, RUSSIAN]
14:52:12.373 [FXGL Background Thread 3 ] DEBUG Engine               - ticksPerSecond: -1
14:52:12.373 [FXGL Background Thread 3 ] DEBUG Engine               - title: Tank
14:52:12.373 [FXGL Background Thread 3 ] DEBUG Engine               - urlGithub: https://github.com/AlmasB/FXGL
14:52:12.373 [FXGL Background Thread 3 ] DEBUG Engine               - urlLeaderboard: http://fxgl-top.herokuapp.com/
14:52:12.373 [FXGL Background Thread 3 ] DEBUG Engine               - urlPOM: https://raw.githubusercontent.com/AlmasB/FXGL/release/README.md
14:52:12.373 [FXGL Background Thread 3 ] DEBUG Engine               - userAppClass: class de.dywebstudio.tanks.TankApp
14:52:12.373 [FXGL Background Thread 3 ] DEBUG Engine               - version: 1.0
14:52:12.373 [FXGL Background Thread 3 ] DEBUG Engine               - versionCheckDays: 7
14:52:12.373 [FXGL Background Thread 3 ] DEBUG Engine               - width: 816
14:52:12.374 [FXGL Background Thread 3 ] DEBUG Engine               - Logging services
14:52:12.374 [FXGL Background Thread 3 ] DEBUG Engine               - class com.almasb.fxgl.app.services.FXGLAssetLoaderService
14:52:12.374 [FXGL Background Thread 3 ] DEBUG Engine               - class com.almasb.fxgl.app.FXGLApplication$GameApplicationService
14:52:12.374 [FXGL Background Thread 3 ] DEBUG Engine               - class com.almasb.fxgl.app.services.FXGLDialogService
14:52:12.374 [FXGL Background Thread 3 ] DEBUG Engine               - class com.almasb.fxgl.app.services.IOTaskExecutorService
14:52:12.374 [FXGL Background Thread 3 ] DEBUG Engine               - class com.almasb.fxgl.io.FileSystemService
14:52:12.374 [FXGL Background Thread 3 ] DEBUG Engine               - class com.almasb.fxgl.localization.LocalizationService
14:52:12.374 [FXGL Background Thread 3 ] DEBUG Engine               - class com.almasb.fxgl.app.services.SystemBundleService
14:52:12.374 [FXGL Background Thread 3 ] DEBUG Engine               - class com.almasb.fxgl.profile.SaveLoadService
14:52:12.374 [FXGL Background Thread 3 ] DEBUG Engine               - class com.almasb.fxgl.ui.FXGLUIFactoryServiceProvider
14:52:12.374 [FXGL Background Thread 3 ] DEBUG Engine               - class com.almasb.fxgl.ui.FXGLDialogFactoryServiceProvider
14:52:12.374 [FXGL Background Thread 3 ] DEBUG Engine               - class com.almasb.fxgl.audio.AudioPlayer
14:52:12.374 [FXGL Background Thread 3 ] DEBUG Engine               - class com.almasb.fxgl.notification.impl.NotificationServiceProvider
14:52:12.374 [FXGL Background Thread 3 ] DEBUG Engine               - class com.almasb.fxgl.achievement.AchievementService
14:52:12.375 [FXGL Background Thread 3 ] DEBUG Engine               - class com.almasb.fxgl.cutscene.CutsceneService
14:52:12.375 [FXGL Background Thread 3 ] DEBUG Engine               - class com.almasb.fxgl.minigames.MiniGameService
14:52:12.375 [FXGL Background Thread 3 ] DEBUG Engine               - class com.almasb.fxgl.net.NetService
14:52:12.375 [FXGL Background Thread 3 ] DEBUG Engine               - class com.almasb.fxgl.app.services.UpdaterService
14:52:12.375 [FXGL Background Thread 3 ] DEBUG Engine               - class com.almasb.fxgl.dev.DevService
14:52:43.725 [JavaFX Application Thread] DEBUG FXGLAssetLoaderServi - Loading from file system: file:/Users/dy/Desktop/alfa/Java/Projectarbeit/Tanks/target/classes/assets/textures/items/flag_failed.png
14:52:43.727 [JavaFX Application Thread] DEBUG FXGLAssetLoaderServi - Loading from file system: file:/Users/dy/Desktop/alfa/Java/Projectarbeit/Tanks/target/classes/assets/textures/ui/GameOver.png
14:52:43.730 [JavaFX Application Thread] DEBUG PrimaryStageWindow   - Push state: GameOverScene
14:52:43.730 [JavaFX Application Thread] DEBUG Input                - Clearing active input actions
14:52:43.730 [JavaFX Application Thread] DEBUG GameApplicationServi - Removing overlay from GameScene and adding to GameOverScene
14:52:43.731 [JavaFX Application Thread] DEBUG PrimaryStageWindow   - GameScene -> GameOverScene
14:52:44.743 [JavaFX Application Thread] DEBUG PrimaryStageWindow   - Pop state: GameOverScene
14:52:44.744 [JavaFX Application Thread] DEBUG Input                - Clearing active input actions
14:52:44.744 [JavaFX Application Thread] DEBUG GameApplicationServi - Removing overlay from GameOverScene and adding to GameScene
14:52:44.744 [JavaFX Application Thread] DEBUG PrimaryStageWindow   - GameScene <- GameOverScene
14:52:44.744 [JavaFX Application Thread] DEBUG Input                - Clearing active input actions
14:52:44.751 [JavaFX Application Thread] DEBUG GameApplicationServi - Removing overlay from GameScene and adding to FXGLMainMenuDummyScene
14:52:44.751 [JavaFX Application Thread] DEBUG PrimaryStageWindow   - GameScene -> FXGLMainMenuDummyScene
14:52:44.751 [JavaFX Application Thread] DEBUG PrimaryStageWindow   - Push state: FXGLDefaultMenu
14:52:44.752 [JavaFX Application Thread] DEBUG Input                - Clearing active input actions
14:52:44.754 [JavaFX Application Thread] DEBUG GameApplicationServi - Removing overlay from FXGLMainMenuDummyScene and adding to FXGLDefaultMenu
14:52:44.754 [JavaFX Application Thread] DEBUG PrimaryStageWindow   - FXGLMainMenuDummyScene -> FXGLDefaultMenu
14:52:46.758 [JavaFX Application Thread] DEBUG Menu                 - fireExit()
14:52:46.760 [JavaFX Application Thread] DEBUG PrimaryStageWindow   - Push state: DialogSubScene
14:52:46.760 [JavaFX Application Thread] DEBUG Input                - Clearing active input actions
14:52:46.760 [JavaFX Application Thread] DEBUG GameApplicationServi - Removing overlay from FXGLDefaultMenu and adding to DialogSubScene
14:52:46.760 [JavaFX Application Thread] DEBUG PrimaryStageWindow   - FXGLDefaultMenu -> DialogSubScene
14:52:48.135 [JavaFX Application Thread] DEBUG PrimaryStageWindow   - Pop state: DialogSubScene
14:52:48.135 [JavaFX Application Thread] DEBUG Input                - Clearing active input actions
14:52:48.135 [JavaFX Application Thread] DEBUG GameApplicationServi - Removing overlay from DialogSubScene and adding to FXGLDefaultMenu
14:52:48.136 [JavaFX Application Thread] DEBUG PrimaryStageWindow   - FXGLDefaultMenu <- DialogSubScene
14:52:48.136 [JavaFX Application Thread] DEBUG FXGLApplication      - Exiting FXGL
14:52:48.136 [JavaFX Application Thread] DEBUG LoopRunner           - Stopping loop
14:52:48.136 [JavaFX Application Thread] DEBUG SystemBundleService  - Saving FXGL system data
14:52:48.138 [JavaFX Application Thread] DEBUG FileSystemAccess     - Writing to: /Users/dy/Desktop/alfa/Java/Projectarbeit/Tanks/system/fxgl.bundle
14:52:48.139 [JavaFX Application Thread] DEBUG Async                - Shutting down background threads
14:52:48.140 [JavaFX Application Thread] DEBUG PrimaryStageWindow   - Closing main window
14:52:48.152 [JavaFX Application Thread] DEBUG Logger               - Closing Logger
