09:09:28.741 [main                     ] DEBUG Logger               - Configured Logger
09:09:28.793 [main                     ] DEBUG GameApplication      - Logging settings
Title: Tank
Version: 1.0
Width: 816
Height: 672
Fullscreen: false
Intro: false
Profiling: false
Single step:false
App Mode: DEVELOPER
Menu Key: ESCAPE
Stage Style: DECORATED
Scene Factory: class com.almasb.fxgl.app.scene.SceneFactory

09:09:29.427 [JavaFX Application Thread] DEBUG FXGLApplication      - Initializing FXGL
09:09:29.432 [JavaFX Application Thread] INFO  Engine               - FXGL-21.1 (27.03.2024 07.52) on MAC (J:22.0.2 FX:22.0.1)
09:09:29.433 [JavaFX Application Thread] DEBUG Engine               - JRE Vendor Name: Oracle Corporation
09:09:29.433 [JavaFX Application Thread] DEBUG Engine               - Running on OS: Mac OS X version 14.6.1
09:09:29.433 [JavaFX Application Thread] DEBUG Engine               - Architecture: x86_64
09:09:29.433 [JavaFX Application Thread] INFO  Engine               - Source code and latest versions at: https://github.com/AlmasB/FXGL
09:09:29.434 [JavaFX Application Thread] INFO  Engine               -       Ask questions and discuss at: https://github.com/AlmasB/FXGL/discussions
09:09:29.434 [JavaFX Application Thread] INFO  Engine               -              Join the FXGL chat at: https://gitter.im/AlmasB/FXGL
09:09:29.580 [JavaFX Application Thread] DEBUG PrimaryStageWindow   - Creating a JavaFX scene
09:09:29.670 [JavaFX Application Thread] DEBUG PrimaryStageWindow   - Target settings size: 816.0 x 672.0
09:09:29.671 [JavaFX Application Thread] DEBUG PrimaryStageWindow   - Scaled scene size:    816.0 x 672.0
09:09:29.671 [JavaFX Application Thread] DEBUG PrimaryStageWindow   - Scaled ratio: (1.0, 1.0)
09:09:29.673 [JavaFX Application Thread] DEBUG PrimaryStageWindow   - Set initial scene to FXGLStartupScene
09:09:29.679 [JavaFX Application Thread] DEBUG PrimaryStageWindow   - Opening main window
09:09:29.840 [JavaFX Application Thread] DEBUG PrimaryStageWindow   - Window border size: (0.0, 28.0)
09:09:29.840 [JavaFX Application Thread] DEBUG PrimaryStageWindow   - Scaled size: 816.0 x 672.0
09:09:29.841 [JavaFX Application Thread] DEBUG PrimaryStageWindow   - Scaled ratio: (1.0, 1.0)
09:09:29.842 [JavaFX Application Thread] DEBUG PrimaryStageWindow   - Scene size: 816.0 x 672.0
09:09:29.843 [JavaFX Application Thread] DEBUG PrimaryStageWindow   - Stage size: 816.0 x 700.0
09:09:29.860 [FXGL Background Thread 1 ] DEBUG Engine               - Initializing environment variables
09:09:29.988 [FXGL Background Thread 1 ] DEBUG FXGLAssetLoaderServi - User app class for loading assets: class de.dywebstudio.tanks.TankApp
09:09:29.988 [FXGL Background Thread 1 ] DEBUG GameApplicationServi - Applying CSS: fxgl_dark.css
09:09:29.989 [FXGL Background Thread 1 ] DEBUG FXGLAssetLoaderServi - Loading from file system: jar:file:///Users/dy/.m2/repository/com/github/almasb/fxgl/21.1/fxgl-21.1.jar!/fxglassets/ui/css/fxgl_dark.css
09:09:30.084 [FXGL Background Thread 1 ] DEBUG GameApplicationServi - Initializing application scenes
09:09:30.578 [FXGL Background Thread 1 ] DEBUG GameWorld            - Game world initialized
09:09:30.659 [FXGL Background Thread 1 ] DEBUG PhysicsWorld         - Physics world initialized: appHeight=672, physics.ppm=50,0
09:09:30.659 [FXGL Background Thread 1 ] DEBUG PhysicsWorld         - Using strategy: BRUTE_FORCE
09:09:30.665 [FXGL Background Thread 1 ] DEBUG GameScene            - Game scene initialized: 816x672
09:09:30.689 [FXGL Background Thread 1 ] DEBUG FXGL.DefaultMenu     - createMenuBodyMainMenu()
09:09:30.721 [FXGL Background Thread 1 ] DEBUG FXGL.DefaultMenu     - createOptionsMenu()
09:09:30.738 [FXGL Background Thread 1 ] DEBUG FXGLAssetLoaderServi - Loading from file system: jar:file:///Users/dy/.m2/repository/com/github/almasb/fxgl/21.1/fxgl-21.1.jar!/fxglassets/textures/particles/smoke.png
09:09:30.898 [FXGL Background Thread 1 ] DEBUG FXGLAssetLoaderServi - Loading from file system: jar:file:///Users/dy/.m2/repository/com/github/almasb/fxgl/21.1/fxgl-21.1.jar!/fxglassets/textures/particles/trace_horizontal.png
09:09:30.935 [FXGL Background Thread 1 ] DEBUG FXGL.DefaultMenu     - createMenuBodyGameMenu()
09:09:30.936 [FXGL Background Thread 1 ] DEBUG FXGL.DefaultMenu     - createOptionsMenu()
09:09:30.954 [FXGL Background Thread 1 ] DEBUG GameApplicationServi - Application scenes initialized
09:09:30.973 [FXGL Background Thread 1 ] DEBUG SystemBundleService  - Loading FXGL system data
09:09:30.981 [FXGL Background Thread 1 ] DEBUG FileSystemAccess     - Reading from: /Users/dy/Desktop/alfa/Java/Projectarbeit/Tanks/system/fxgl.bundle
09:09:30.991 [FXGL Background Thread 1 ] DEBUG SystemBundleService  - Bundle FXGL: {}
09:09:30.992 [FXGL Background Thread 1 ] DEBUG UpdaterService       - Checking for updates
09:09:31.000 [FXGL Background Thread 4 ] DEBUG FXGLApplication      - Loading fonts
09:09:31.001 [FXGL Background Thread 4 ] DEBUG FXGLAssetLoaderServi - Loading from file system: jar:file:///Users/dy/.m2/repository/com/github/almasb/fxgl/21.1/fxgl-21.1.jar!/fxglassets/ui/fonts/VarelaRound-Regular.ttf
09:09:31.001 [FXGL Background Thread 1 ] DEBUG FXGLApplication      - Loading default localization
09:09:31.002 [FXGL Background Thread 1 ] DEBUG FXGLAssetLoaderServi - Loading from file system: jar:file:///Users/dy/.m2/repository/com/github/almasb/fxgl/21.1/fxgl-21.1.jar!/fxglassets/languages/english.lang
09:09:31.030 [FXGL Background Thread 1 ] INFO  FXGLApplication      - FXGL initialization took: 1,170 sec
09:09:31.030 [FXGL Background Thread 4 ] DEBUG FXGLAssetLoaderServi - Loading from file system: jar:file:///Users/dy/.m2/repository/com/github/almasb/fxgl/21.1/fxgl-21.1.jar!/fxglassets/ui/fonts/Abel-Regular.ttf
09:09:31.036 [FXGL Background Thread 4 ] DEBUG FXGLAssetLoaderServi - Loading from file system: jar:file:///Users/dy/.m2/repository/com/github/almasb/fxgl/21.1/fxgl-21.1.jar!/fxglassets/ui/fonts/TerminalLandMono-Regular.otf
09:09:31.042 [FXGL Background Thread 4 ] DEBUG FXGLAssetLoaderServi - Loading from file system: jar:file:///Users/dy/.m2/repository/com/github/almasb/fxgl/21.1/fxgl-21.1.jar!/fxglassets/ui/fonts/Courier-Prime.ttf
09:09:31.047 [JavaFX Application Thread] DEBUG Input                - Registered new binding: action0 - W
09:09:31.047 [JavaFX Application Thread] DEBUG Input                - Registered new binding: action1 - S
09:09:31.048 [JavaFX Application Thread] DEBUG Input                - Registered new binding: action2 - A
09:09:31.049 [JavaFX Application Thread] DEBUG Input                - Registered new binding: action3 - D
09:09:31.050 [JavaFX Application Thread] DEBUG Input                - Registered new binding: action4 - Space
09:09:31.051 [JavaFX Application Thread] DEBUG FXGLAssetLoaderServi - Loading from file system: jar:file:///Users/dy/.m2/repository/com/github/almasb/fxgl/21.1/fxgl-21.1.jar!/fxglassets/textures/fxgl_icon.png
09:09:31.087 [JavaFX Application Thread] DEBUG FXGLAssetLoaderServi - Loading from file system: jar:file:///Users/dy/.m2/repository/com/github/almasb/fxgl/21.1/fxgl-21.1.jar!/fxglassets/textures/fxgl_default_cursor.png
09:09:31.090 [JavaFX Application Thread] DEBUG Input                - Registered new binding: Screenshot - CTRL+8
09:09:31.092 [JavaFX Application Thread] DEBUG Input                - Registered new binding: System info dump - CTRL+9
09:09:31.093 [JavaFX Application Thread] DEBUG Input                - Registered new binding: Restart - CTRL+R
09:09:31.093 [JavaFX Application Thread] DEBUG Input                - Registered new binding: Toggle Debug Camera - CTRL+7
09:09:31.098 [JavaFX Application Thread] DEBUG LoopRunner           - Starting loop
09:09:31.098 [JavaFX Application Thread] DEBUG LoopRunner           - Initializing JavaFX AnimationTimerLoop
09:09:31.103 [JavaFX Application Thread] DEBUG Input                - Clearing active input actions
09:09:31.120 [JavaFX Application Thread] DEBUG GameApplicationServi - Removing overlay from FXGLStartupScene and adding to FXGLMainMenuDummyScene
09:09:31.121 [JavaFX Application Thread] DEBUG PrimaryStageWindow   - FXGLStartupScene -> FXGLMainMenuDummyScene
09:09:31.121 [JavaFX Application Thread] DEBUG PrimaryStageWindow   - Push state: FXGLDefaultMenu
09:09:31.129 [JavaFX Application Thread] DEBUG Input                - Clearing active input actions
09:09:31.145 [JavaFX Application Thread] DEBUG GameApplicationServi - Removing overlay from FXGLMainMenuDummyScene and adding to FXGLDefaultMenu
09:09:31.146 [JavaFX Application Thread] DEBUG PrimaryStageWindow   - FXGLMainMenuDummyScene -> FXGLDefaultMenu
09:09:31.194 [JavaFX Application Thread] DEBUG FXGLApplication      - Registering font factories with UI factory
09:09:34.001 [FXGL Background Thread 3 ] DEBUG Engine               - Logging environment variables
09:09:34.002 [FXGL Background Thread 3 ] DEBUG Engine               - achievements: []
09:09:34.002 [FXGL Background Thread 3 ] DEBUG Engine               - actualHeight: 672.0
09:09:34.002 [FXGL Background Thread 3 ] DEBUG Engine               - actualHeightProperty: ReadOnlyDoubleProperty [value: 672.0]
09:09:34.002 [FXGL Background Thread 3 ] DEBUG Engine               - actualWidth: 816.0
09:09:34.002 [FXGL Background Thread 3 ] DEBUG Engine               - actualWidthProperty: ReadOnlyDoubleProperty [value: 816.0]
09:09:34.002 [FXGL Background Thread 3 ] DEBUG Engine               - appIcon: fxgl_icon.png
09:09:34.003 [FXGL Background Thread 3 ] DEBUG Engine               - applicationMode: DEVELOPER
09:09:34.003 [FXGL Background Thread 3 ] DEBUG Engine               - cSSList: [fxgl_dark.css]
09:09:34.003 [FXGL Background Thread 3 ] DEBUG Engine               - collisionDetectionStrategy: BRUTE_FORCE
09:09:34.003 [FXGL Background Thread 3 ] DEBUG Engine               - configClass: Optional.empty
09:09:34.003 [FXGL Background Thread 3 ] DEBUG Engine               - credits: []
09:09:34.004 [FXGL Background Thread 3 ] DEBUG Engine               - defaultCursor: CursorInfo(imageName=fxgl_default_cursor.png, hotspotX=7.0, hotspotY=6.0)
09:09:34.005 [FXGL Background Thread 3 ] DEBUG Engine               - devBBoxColorProperty: ObjectProperty [value: 0xff0000ff]
09:09:34.005 [FXGL Background Thread 3 ] DEBUG Engine               - devEnableDebugCameraProperty: BooleanProperty [value: false]
09:09:34.005 [FXGL Background Thread 3 ] DEBUG Engine               - devSensorColorProperty: ObjectProperty [value: 0xffff00ff]
09:09:34.006 [FXGL Background Thread 3 ] DEBUG Engine               - devShowBBoxProperty: BooleanProperty [value: false]
09:09:34.006 [FXGL Background Thread 3 ] DEBUG Engine               - devShowPositionProperty: BooleanProperty [value: false]
09:09:34.006 [FXGL Background Thread 3 ] DEBUG Engine               - enabledMenuItems: []
09:09:34.007 [FXGL Background Thread 3 ] DEBUG Engine               - engineServices: [class com.almasb.fxgl.app.services.FXGLAssetLoaderService, class com.almasb.fxgl.app.FXGLApplication$GameApplicationService, class com.almasb.fxgl.app.services.FXGLDialogService, class com.almasb.fxgl.app.services.IOTaskExecutorService, class com.almasb.fxgl.io.FileSystemService, class com.almasb.fxgl.localization.LocalizationService, class com.almasb.fxgl.app.services.SystemBundleService, class com.almasb.fxgl.profile.SaveLoadService, class com.almasb.fxgl.ui.FXGLUIFactoryServiceProvider, class com.almasb.fxgl.ui.FXGLDialogFactoryServiceProvider, class com.almasb.fxgl.audio.AudioPlayer, class com.almasb.fxgl.notification.impl.NotificationServiceProvider, class com.almasb.fxgl.achievement.AchievementService, class com.almasb.fxgl.cutscene.CutsceneService, class com.almasb.fxgl.minigames.MiniGameService, class com.almasb.fxgl.net.NetService, class com.almasb.fxgl.app.services.UpdaterService, class com.almasb.fxgl.dev.DevService]
09:09:34.007 [FXGL Background Thread 3 ] DEBUG Engine               - fontGame: Abel-Regular.ttf
09:09:34.007 [FXGL Background Thread 3 ] DEBUG Engine               - fontMono: TerminalLandMono-Regular.otf
09:09:34.007 [FXGL Background Thread 3 ] DEBUG Engine               - fontSizeScaleUI: 1.0
09:09:34.007 [FXGL Background Thread 3 ] DEBUG Engine               - fontText: Courier-Prime.ttf
09:09:34.008 [FXGL Background Thread 3 ] DEBUG Engine               - fontUI: VarelaRound-Regular.ttf
09:09:34.008 [FXGL Background Thread 3 ] DEBUG Engine               - fullScreen: BooleanProperty [value: false]
09:09:34.008 [FXGL Background Thread 3 ] DEBUG Engine               - gameDifficulty: MEDIUM
09:09:34.008 [FXGL Background Thread 3 ] DEBUG Engine               - gameDifficultyProperty: ObjectProperty [value: MEDIUM]
09:09:34.008 [FXGL Background Thread 3 ] DEBUG Engine               - globalMusicVolume: 0.5
09:09:34.008 [FXGL Background Thread 3 ] DEBUG Engine               - globalMusicVolumeProperty: DoubleProperty [value: 0.5]
09:09:34.009 [FXGL Background Thread 3 ] DEBUG Engine               - globalSoundVolume: 0.5
09:09:34.009 [FXGL Background Thread 3 ] DEBUG Engine               - globalSoundVolumeProperty: DoubleProperty [value: 0.5]
09:09:34.009 [FXGL Background Thread 3 ] DEBUG Engine               - height: 672
09:09:34.009 [FXGL Background Thread 3 ] DEBUG Engine               - is3D: false
09:09:34.009 [FXGL Background Thread 3 ] DEBUG Engine               - isAndroid: false
09:09:34.009 [FXGL Background Thread 3 ] DEBUG Engine               - isBrowser: false
09:09:34.009 [FXGL Background Thread 3 ] DEBUG Engine               - isClickFeedbackEnabled: false
09:09:34.009 [FXGL Background Thread 3 ] DEBUG Engine               - isCloseConfirmation: false
09:09:34.010 [FXGL Background Thread 3 ] DEBUG Engine               - isDesktop: true
09:09:34.010 [FXGL Background Thread 3 ] DEBUG Engine               - isDeveloperMenuEnabled: false
09:09:34.010 [FXGL Background Thread 3 ] DEBUG Engine               - isEmbedded: false
09:09:34.010 [FXGL Background Thread 3 ] DEBUG Engine               - isEntityPreloadEnabled: true
09:09:34.010 [FXGL Background Thread 3 ] DEBUG Engine               - isExperimentalTiledLargeMap: false
09:09:34.010 [FXGL Background Thread 3 ] DEBUG Engine               - isFileSystemWriteAllowed: true
09:09:34.010 [FXGL Background Thread 3 ] DEBUG Engine               - isFullScreenAllowed: false
09:09:34.010 [FXGL Background Thread 3 ] DEBUG Engine               - isFullScreenFromStart: false
09:09:34.010 [FXGL Background Thread 3 ] DEBUG Engine               - isGameMenuEnabled: true
09:09:34.010 [FXGL Background Thread 3 ] DEBUG Engine               - isIOS: false
09:09:34.010 [FXGL Background Thread 3 ] DEBUG Engine               - isIntroEnabled: false
09:09:34.010 [FXGL Background Thread 3 ] DEBUG Engine               - isLinux: false
09:09:34.010 [FXGL Background Thread 3 ] DEBUG Engine               - isMac: true
09:09:34.010 [FXGL Background Thread 3 ] DEBUG Engine               - isMainMenuEnabled: true
09:09:34.010 [FXGL Background Thread 3 ] DEBUG Engine               - isManualResizeEnabled: false
09:09:34.010 [FXGL Background Thread 3 ] DEBUG Engine               - isMobile: false
09:09:34.011 [FXGL Background Thread 3 ] DEBUG Engine               - isNative: false
09:09:34.011 [FXGL Background Thread 3 ] DEBUG Engine               - isPauseMusicWhenMinimized: true
09:09:34.011 [FXGL Background Thread 3 ] DEBUG Engine               - isPreserveResizeRatio: false
09:09:34.011 [FXGL Background Thread 3 ] DEBUG Engine               - isProfilingEnabled: false
09:09:34.011 [FXGL Background Thread 3 ] DEBUG Engine               - isScaleAffectedOnResize: true
09:09:34.012 [FXGL Background Thread 3 ] DEBUG Engine               - isSingleStep: false
09:09:34.012 [FXGL Background Thread 3 ] DEBUG Engine               - isUserProfileEnabled: false
09:09:34.012 [FXGL Background Thread 3 ] DEBUG Engine               - isWindows: false
09:09:34.012 [FXGL Background Thread 3 ] DEBUG Engine               - language: ObjectProperty [value: ENGLISH]
09:09:34.012 [FXGL Background Thread 3 ] DEBUG Engine               - menuKey: ESCAPE
09:09:34.012 [FXGL Background Thread 3 ] DEBUG Engine               - mouseSensitivity: 0.2
09:09:34.012 [FXGL Background Thread 3 ] DEBUG Engine               - notificationViewClass: class com.almasb.fxgl.notification.view.XboxNotificationView
09:09:34.012 [FXGL Background Thread 3 ] DEBUG Engine               - pixelsPerMeter: 50.0
09:09:34.012 [FXGL Background Thread 3 ] DEBUG Engine               - platform: MAC
09:09:34.012 [FXGL Background Thread 3 ] DEBUG Engine               - prefHeightProperty: ReadOnlyDoubleProperty [value: 672.0]
09:09:34.013 [FXGL Background Thread 3 ] DEBUG Engine               - prefWidthProperty: ReadOnlyDoubleProperty [value: 816.0]
09:09:34.013 [FXGL Background Thread 3 ] DEBUG Engine               - profileDir: profiles/
09:09:34.013 [FXGL Background Thread 3 ] DEBUG Engine               - profileName: StringProperty [value: DEFAULT]
09:09:34.013 [FXGL Background Thread 3 ] DEBUG Engine               - randomSeed: -1
09:09:34.013 [FXGL Background Thread 3 ] DEBUG Engine               - runtimeInfo: RuntimeInfo(platform=MAC, version=21.1, build=27.03.2024 07.52)
09:09:34.013 [FXGL Background Thread 3 ] DEBUG Engine               - saveFileExt: sav
09:09:34.013 [FXGL Background Thread 3 ] DEBUG Engine               - scaledHeightProp$fxgl: DoubleProperty [bound, value: 672.0]
09:09:34.013 [FXGL Background Thread 3 ] DEBUG Engine               - scaledWidthProp$fxgl: DoubleProperty [bound, value: 816.0]
09:09:34.013 [FXGL Background Thread 3 ] DEBUG Engine               - sceneFactory: com.almasb.fxgl.app.scene.SceneFactory@277bd697
09:09:34.013 [FXGL Background Thread 3 ] DEBUG Engine               - secondsIn24h: 60
09:09:34.013 [FXGL Background Thread 3 ] DEBUG Engine               - soundMenuBack: menu/back.wav
09:09:34.013 [FXGL Background Thread 3 ] DEBUG Engine               - soundMenuPress: menu/press.wav
09:09:34.013 [FXGL Background Thread 3 ] DEBUG Engine               - soundMenuSelect: menu/select.wav
09:09:34.014 [FXGL Background Thread 3 ] DEBUG Engine               - soundNotification: core/notification.wav
09:09:34.014 [FXGL Background Thread 3 ] DEBUG Engine               - stageStyle: DECORATED
09:09:34.014 [FXGL Background Thread 3 ] DEBUG Engine               - supportedLanguages: [ENGLISH, FRENCH, GERMAN, HUNGARIAN, RUSSIAN]
09:09:34.014 [FXGL Background Thread 3 ] DEBUG Engine               - ticksPerSecond: -1
09:09:34.014 [FXGL Background Thread 3 ] DEBUG Engine               - title: Tank
09:09:34.014 [FXGL Background Thread 3 ] DEBUG Engine               - urlGithub: https://github.com/AlmasB/FXGL
09:09:34.014 [FXGL Background Thread 3 ] DEBUG Engine               - urlLeaderboard: http://fxgl-top.herokuapp.com/
09:09:34.014 [FXGL Background Thread 3 ] DEBUG Engine               - urlPOM: https://raw.githubusercontent.com/AlmasB/FXGL/release/README.md
09:09:34.014 [FXGL Background Thread 3 ] DEBUG Engine               - userAppClass: class de.dywebstudio.tanks.TankApp
09:09:34.014 [FXGL Background Thread 3 ] DEBUG Engine               - version: 1.0
09:09:34.014 [FXGL Background Thread 3 ] DEBUG Engine               - versionCheckDays: 7
09:09:34.014 [FXGL Background Thread 3 ] DEBUG Engine               - width: 816
09:09:34.015 [FXGL Background Thread 3 ] DEBUG Engine               - Logging services
09:09:34.015 [FXGL Background Thread 3 ] DEBUG Engine               - class com.almasb.fxgl.app.services.FXGLAssetLoaderService
09:09:34.015 [FXGL Background Thread 3 ] DEBUG Engine               - class com.almasb.fxgl.app.FXGLApplication$GameApplicationService
09:09:34.015 [FXGL Background Thread 3 ] DEBUG Engine               - class com.almasb.fxgl.app.services.FXGLDialogService
09:09:34.015 [FXGL Background Thread 3 ] DEBUG Engine               - class com.almasb.fxgl.app.services.IOTaskExecutorService
09:09:34.015 [FXGL Background Thread 3 ] DEBUG Engine               - class com.almasb.fxgl.io.FileSystemService
09:09:34.015 [FXGL Background Thread 3 ] DEBUG Engine               - class com.almasb.fxgl.localization.LocalizationService
09:09:34.015 [FXGL Background Thread 3 ] DEBUG Engine               - class com.almasb.fxgl.app.services.SystemBundleService
09:09:34.015 [FXGL Background Thread 3 ] DEBUG Engine               - class com.almasb.fxgl.profile.SaveLoadService
09:09:34.015 [FXGL Background Thread 3 ] DEBUG Engine               - class com.almasb.fxgl.ui.FXGLUIFactoryServiceProvider
09:09:34.015 [FXGL Background Thread 3 ] DEBUG Engine               - class com.almasb.fxgl.ui.FXGLDialogFactoryServiceProvider
09:09:34.015 [FXGL Background Thread 3 ] DEBUG Engine               - class com.almasb.fxgl.audio.AudioPlayer
09:09:34.015 [FXGL Background Thread 3 ] DEBUG Engine               - class com.almasb.fxgl.notification.impl.NotificationServiceProvider
09:09:34.015 [FXGL Background Thread 3 ] DEBUG Engine               - class com.almasb.fxgl.achievement.AchievementService
09:09:34.015 [FXGL Background Thread 3 ] DEBUG Engine               - class com.almasb.fxgl.cutscene.CutsceneService
09:09:34.015 [FXGL Background Thread 3 ] DEBUG Engine               - class com.almasb.fxgl.minigames.MiniGameService
09:09:34.015 [FXGL Background Thread 3 ] DEBUG Engine               - class com.almasb.fxgl.net.NetService
09:09:34.015 [FXGL Background Thread 3 ] DEBUG Engine               - class com.almasb.fxgl.app.services.UpdaterService
09:09:34.015 [FXGL Background Thread 3 ] DEBUG Engine               - class com.almasb.fxgl.dev.DevService
09:09:37.605 [JavaFX Application Thread] DEBUG Menu                 - fireNewGame()
09:09:37.605 [JavaFX Application Thread] DEBUG GameApplicationServi - Starting new game
09:09:37.607 [JavaFX Application Thread] DEBUG PrimaryStageWindow   - Pop state: FXGLDefaultMenu
09:09:37.608 [JavaFX Application Thread] DEBUG Input                - Clearing active input actions
09:09:37.608 [JavaFX Application Thread] DEBUG GameApplicationServi - Removing overlay from FXGLDefaultMenu and adding to FXGLMainMenuDummyScene
09:09:37.609 [JavaFX Application Thread] DEBUG PrimaryStageWindow   - FXGLMainMenuDummyScene <- FXGLDefaultMenu
09:09:37.609 [JavaFX Application Thread] DEBUG Input                - Clearing active input actions
09:09:37.616 [JavaFX Application Thread] DEBUG GameApplicationServi - Removing overlay from FXGLMainMenuDummyScene and adding to FXGLLoadingScene
09:09:37.617 [JavaFX Application Thread] DEBUG PrimaryStageWindow   - FXGLMainMenuDummyScene -> FXGLLoadingScene
09:09:37.617 [JavaFX Application Thread] DEBUG GameApplicationServi - Clearing previous game
09:09:37.617 [JavaFX Application Thread] DEBUG GameScene            - Clearing game scene
09:09:37.617 [JavaFX Application Thread] DEBUG GameWorld            - Clearing game world
09:09:37.617 [JavaFX Application Thread] DEBUG PhysicsWorld         - Clearing physics world
09:09:37.619 [FXGL Background Thread 2 ] DEBUG FXGLApplication      - Initializing game
09:09:37.727 [FXGL Background Thread 2 ] WARN  TMXLevelLoader       - TiledMap generated from 1.11.0. Supported version: 1.9.0. Some features may not be parsed fully.
09:09:37.754 [FXGL Background Thread 2 ] DEBUG TMXLevelLoader       - Parsed TiledMap: file:/Users/dy/Desktop/alfa/Java/Projectarbeit/Tanks/target/classes/assets/levels/level1.tmx
09:09:37.756 [FXGL Background Thread 2 ] DEBUG TMXLevelLoader       - Creating tile layer entities
09:09:37.757 [FXGL Background Thread 2 ] DEBUG TMXLevelLoader       - Creating object layer entities
09:09:37.799 [FXGL Background Thread 2 ] DEBUG FXGLAssetLoaderServi - Loading from file system: file:/Users/dy/Desktop/alfa/Java/Projectarbeit/Tanks/target/classes/assets/textures/items/sea_animation.png
09:09:37.888 [FXGL Background Thread 2 ] DEBUG GameWorld            - Clearing removable entities
09:09:37.888 [FXGL Background Thread 2 ] DEBUG GameWorld            - Setting level: com.almasb.fxgl.entity.level.Level@287009c5
09:09:37.907 [FXGL Background Thread 2 ] DEBUG FXGLAssetLoaderServi - Loading from file system: file:/Users/dy/Desktop/alfa/Java/Projectarbeit/Tanks/target/classes/assets/textures/tanks/player.png
09:09:37.917 [FXGL Background Thread 2 ] DEBUG FXGLAssetLoaderServi - Loading from file system: file:/Users/dy/Desktop/alfa/Java/Projectarbeit/Tanks/target/classes/assets/textures/ui/enemy_info.png
09:09:37.921 [FXGL Background Thread 2 ] DEBUG FXGLAssetLoaderServi - Loading from file system: file:/Users/dy/Desktop/alfa/Java/Projectarbeit/Tanks/target/classes/assets/textures/ui/levelFlag.png
09:09:37.924 [FXGL Background Thread 2 ] DEBUG FXGLAssetLoaderServi - Loading from file system: file:/Users/dy/Desktop/alfa/Java/Projectarbeit/Tanks/target/classes/assets/textures/tanks/T3.png
09:09:37.928 [FXGL Background Thread 2 ] DEBUG FXGLAssetLoaderServi - Loading from file system: file:/Users/dy/Desktop/alfa/Java/Projectarbeit/Tanks/target/classes/assets/textures/tanks/T1.png
09:09:37.930 [FXGL Background Thread 2 ] DEBUG FXGLAssetLoaderServi - Loading from file system: file:/Users/dy/Desktop/alfa/Java/Projectarbeit/Tanks/target/classes/assets/textures/tanks/T6.png
09:09:37.933 [FXGL Background Thread 2 ] INFO  FXGLApplication      - Game initialization took: 0,314 sec
09:09:37.934 [JavaFX Application Thread] DEBUG Input                - Clearing active input actions
09:09:37.948 [JavaFX Application Thread] DEBUG GameApplicationServi - Removing overlay from FXGLLoadingScene and adding to GameScene
09:09:37.949 [JavaFX Application Thread] DEBUG PrimaryStageWindow   - FXGLLoadingScene -> GameScene
09:09:38.409 [JavaFX Application Thread] DEBUG FXGLAssetLoaderServi - Loading from file system: file:/Users/dy/Desktop/alfa/Java/Projectarbeit/Tanks/target/classes/assets/textures/items/bullet/norm.png
09:09:41.862 [JavaFX Application Thread] DEBUG FXGLAssetLoaderServi - Loading from file system: file:/Users/dy/Desktop/alfa/Java/Projectarbeit/Tanks/target/classes/assets/textures/tanks/T4.png
09:10:05.799 [JavaFX Application Thread] DEBUG PrimaryStageWindow   - Push state: WinnerScene
09:10:05.799 [JavaFX Application Thread] DEBUG Input                - Clearing active input actions
09:10:05.800 [JavaFX Application Thread] DEBUG GameApplicationServi - Removing overlay from GameScene and adding to WinnerScene
09:10:05.800 [JavaFX Application Thread] DEBUG PrimaryStageWindow   - GameScene -> WinnerScene
09:10:07.813 [JavaFX Application Thread] DEBUG PrimaryStageWindow   - Pop state: WinnerScene
09:10:07.813 [JavaFX Application Thread] DEBUG Input                - Clearing active input actions
09:10:07.813 [JavaFX Application Thread] DEBUG GameApplicationServi - Removing overlay from WinnerScene and adding to GameScene
09:10:07.813 [JavaFX Application Thread] DEBUG PrimaryStageWindow   - GameScene <- WinnerScene
09:10:07.817 [JavaFX Application Thread] WARN  TMXLevelLoader       - TiledMap generated from 1.11.0. Supported version: 1.9.0. Some features may not be parsed fully.
09:10:07.825 [JavaFX Application Thread] DEBUG TMXLevelLoader       - Parsed TiledMap: file:/Users/dy/Desktop/alfa/Java/Projectarbeit/Tanks/target/classes/assets/levels/level2.tmx
09:10:07.825 [JavaFX Application Thread] DEBUG TMXLevelLoader       - Creating tile layer entities
09:10:07.825 [JavaFX Application Thread] DEBUG TMXLevelLoader       - Creating object layer entities
09:10:07.847 [JavaFX Application Thread] DEBUG GameWorld            - Clearing removable entities
09:10:07.854 [JavaFX Application Thread] DEBUG GameWorld            - Setting level: com.almasb.fxgl.entity.level.Level@7fa4e2aa
09:10:07.859 [JavaFX Application Thread] DEBUG FXGLAssetLoaderServi - Loading from file system: file:/Users/dy/Desktop/alfa/Java/Projectarbeit/Tanks/target/classes/assets/textures/tanks/T5.png
09:10:13.846 [JavaFX Application Thread] DEBUG FXGLAssetLoaderServi - Loading from file system: file:/Users/dy/Desktop/alfa/Java/Projectarbeit/Tanks/target/classes/assets/textures/tanks/T2.png
09:10:46.010 [JavaFX Application Thread] DEBUG PrimaryStageWindow   - Push state: WinnerScene
09:10:46.010 [JavaFX Application Thread] DEBUG Input                - Clearing active input actions
09:10:46.011 [JavaFX Application Thread] DEBUG GameApplicationServi - Removing overlay from GameScene and adding to WinnerScene
09:10:46.011 [JavaFX Application Thread] DEBUG PrimaryStageWindow   - GameScene -> WinnerScene
09:10:48.033 [JavaFX Application Thread] DEBUG PrimaryStageWindow   - Pop state: WinnerScene
09:10:48.034 [JavaFX Application Thread] DEBUG Input                - Clearing active input actions
09:10:48.034 [JavaFX Application Thread] DEBUG GameApplicationServi - Removing overlay from WinnerScene and adding to GameScene
09:10:48.034 [JavaFX Application Thread] DEBUG PrimaryStageWindow   - GameScene <- WinnerScene
09:10:48.034 [JavaFX Application Thread] DEBUG Input                - Clearing active input actions
09:10:48.038 [JavaFX Application Thread] DEBUG GameApplicationServi - Removing overlay from GameScene and adding to FXGLMainMenuDummyScene
09:10:48.038 [JavaFX Application Thread] DEBUG PrimaryStageWindow   - GameScene -> FXGLMainMenuDummyScene
09:10:48.038 [JavaFX Application Thread] DEBUG PrimaryStageWindow   - Push state: FXGLDefaultMenu
09:10:48.039 [JavaFX Application Thread] DEBUG Input                - Clearing active input actions
09:10:48.041 [JavaFX Application Thread] DEBUG GameApplicationServi - Removing overlay from FXGLMainMenuDummyScene and adding to FXGLDefaultMenu
09:10:48.041 [JavaFX Application Thread] DEBUG PrimaryStageWindow   - FXGLMainMenuDummyScene -> FXGLDefaultMenu
09:10:59.826 [JavaFX Application Thread] DEBUG Menu                 - fireExit()
09:10:59.829 [JavaFX Application Thread] DEBUG PrimaryStageWindow   - Push state: DialogSubScene
09:10:59.829 [JavaFX Application Thread] DEBUG Input                - Clearing active input actions
09:10:59.830 [JavaFX Application Thread] DEBUG GameApplicationServi - Removing overlay from FXGLDefaultMenu and adding to DialogSubScene
09:10:59.830 [JavaFX Application Thread] DEBUG PrimaryStageWindow   - FXGLDefaultMenu -> DialogSubScene
09:11:04.147 [JavaFX Application Thread] DEBUG PrimaryStageWindow   - Pop state: DialogSubScene
09:11:04.147 [JavaFX Application Thread] DEBUG Input                - Clearing active input actions
09:11:04.147 [JavaFX Application Thread] DEBUG GameApplicationServi - Removing overlay from DialogSubScene and adding to FXGLDefaultMenu
09:11:04.148 [JavaFX Application Thread] DEBUG PrimaryStageWindow   - FXGLDefaultMenu <- DialogSubScene
09:11:05.385 [JavaFX Application Thread] DEBUG Menu                 - fireNewGame()
09:11:05.385 [JavaFX Application Thread] DEBUG GameApplicationServi - Starting new game
09:11:05.385 [JavaFX Application Thread] DEBUG PrimaryStageWindow   - Pop state: FXGLDefaultMenu
09:11:05.385 [JavaFX Application Thread] DEBUG Input                - Clearing active input actions
09:11:05.385 [JavaFX Application Thread] DEBUG GameApplicationServi - Removing overlay from FXGLDefaultMenu and adding to FXGLMainMenuDummyScene
09:11:05.385 [JavaFX Application Thread] DEBUG PrimaryStageWindow   - FXGLMainMenuDummyScene <- FXGLDefaultMenu
09:11:05.385 [JavaFX Application Thread] DEBUG Input                - Clearing active input actions
09:11:05.389 [JavaFX Application Thread] DEBUG GameApplicationServi - Removing overlay from FXGLMainMenuDummyScene and adding to FXGLLoadingScene
09:11:05.389 [JavaFX Application Thread] DEBUG PrimaryStageWindow   - FXGLMainMenuDummyScene -> FXGLLoadingScene
09:11:05.389 [JavaFX Application Thread] DEBUG GameApplicationServi - Clearing previous game
09:11:05.389 [JavaFX Application Thread] DEBUG GameScene            - Clearing game scene
09:11:05.389 [JavaFX Application Thread] DEBUG GameWorld            - Clearing game world
09:11:05.390 [JavaFX Application Thread] DEBUG PhysicsWorld         - Clearing physics world
09:11:05.391 [FXGL Background Thread 5 ] DEBUG FXGLApplication      - Initializing game
09:11:05.393 [FXGL Background Thread 5 ] WARN  TMXLevelLoader       - TiledMap generated from 1.11.0. Supported version: 1.9.0. Some features may not be parsed fully.
09:11:05.401 [FXGL Background Thread 5 ] DEBUG TMXLevelLoader       - Parsed TiledMap: file:/Users/dy/Desktop/alfa/Java/Projectarbeit/Tanks/target/classes/assets/levels/level1.tmx
09:11:05.401 [FXGL Background Thread 5 ] DEBUG TMXLevelLoader       - Creating tile layer entities
09:11:05.401 [FXGL Background Thread 5 ] DEBUG TMXLevelLoader       - Creating object layer entities
09:11:05.430 [FXGL Background Thread 5 ] DEBUG GameWorld            - Clearing removable entities
09:11:05.430 [FXGL Background Thread 5 ] DEBUG GameWorld            - Setting level: com.almasb.fxgl.entity.level.Level@3d0b142d
09:11:05.435 [FXGL Background Thread 5 ] INFO  FXGLApplication      - Game initialization took: 0,044 sec
09:11:05.435 [JavaFX Application Thread] DEBUG Input                - Clearing active input actions
09:11:05.441 [JavaFX Application Thread] DEBUG GameApplicationServi - Removing overlay from FXGLLoadingScene and adding to GameScene
09:11:05.441 [JavaFX Application Thread] DEBUG PrimaryStageWindow   - FXGLLoadingScene -> GameScene
09:11:16.089 [JavaFX Application Thread] DEBUG FXGLAssetLoaderServi - Loading from file system: file:/Users/dy/Desktop/alfa/Java/Projectarbeit/Tanks/target/classes/assets/textures/ui/GameOver.png
09:11:16.093 [JavaFX Application Thread] DEBUG PrimaryStageWindow   - Push state: GameOverScene
09:11:16.093 [JavaFX Application Thread] DEBUG Input                - Clearing active input actions
09:11:16.093 [JavaFX Application Thread] DEBUG GameApplicationServi - Removing overlay from GameScene and adding to GameOverScene
09:11:16.093 [JavaFX Application Thread] DEBUG PrimaryStageWindow   - GameScene -> GameOverScene
09:11:17.105 [JavaFX Application Thread] DEBUG PrimaryStageWindow   - Pop state: GameOverScene
09:11:17.105 [JavaFX Application Thread] DEBUG Input                - Clearing active input actions
09:11:17.105 [JavaFX Application Thread] DEBUG GameApplicationServi - Removing overlay from GameOverScene and adding to GameScene
09:11:17.105 [JavaFX Application Thread] DEBUG PrimaryStageWindow   - GameScene <- GameOverScene
09:11:17.105 [JavaFX Application Thread] DEBUG Input                - Clearing active input actions
09:11:17.109 [JavaFX Application Thread] DEBUG GameApplicationServi - Removing overlay from GameScene and adding to FXGLMainMenuDummyScene
09:11:17.109 [JavaFX Application Thread] DEBUG PrimaryStageWindow   - GameScene -> FXGLMainMenuDummyScene
09:11:17.109 [JavaFX Application Thread] DEBUG PrimaryStageWindow   - Push state: FXGLDefaultMenu
09:11:17.109 [JavaFX Application Thread] DEBUG Input                - Clearing active input actions
09:11:17.111 [JavaFX Application Thread] DEBUG GameApplicationServi - Removing overlay from FXGLMainMenuDummyScene and adding to FXGLDefaultMenu
09:11:17.111 [JavaFX Application Thread] DEBUG PrimaryStageWindow   - FXGLMainMenuDummyScene -> FXGLDefaultMenu
09:11:23.786 [JavaFX Application Thread] DEBUG Menu                 - fireNewGame()
09:11:23.786 [JavaFX Application Thread] DEBUG GameApplicationServi - Starting new game
09:11:23.787 [JavaFX Application Thread] DEBUG PrimaryStageWindow   - Pop state: FXGLDefaultMenu
09:11:23.787 [JavaFX Application Thread] DEBUG Input                - Clearing active input actions
09:11:23.787 [JavaFX Application Thread] DEBUG GameApplicationServi - Removing overlay from FXGLDefaultMenu and adding to FXGLMainMenuDummyScene
09:11:23.788 [JavaFX Application Thread] DEBUG PrimaryStageWindow   - FXGLMainMenuDummyScene <- FXGLDefaultMenu
09:11:23.788 [JavaFX Application Thread] DEBUG Input                - Clearing active input actions
09:11:23.791 [JavaFX Application Thread] DEBUG GameApplicationServi - Removing overlay from FXGLMainMenuDummyScene and adding to FXGLLoadingScene
09:11:23.791 [JavaFX Application Thread] DEBUG PrimaryStageWindow   - FXGLMainMenuDummyScene -> FXGLLoadingScene
09:11:23.791 [JavaFX Application Thread] DEBUG GameApplicationServi - Clearing previous game
09:11:23.791 [JavaFX Application Thread] DEBUG GameScene            - Clearing game scene
09:11:23.791 [JavaFX Application Thread] DEBUG GameWorld            - Clearing game world
09:11:23.794 [JavaFX Application Thread] DEBUG PhysicsWorld         - Clearing physics world
09:11:23.795 [FXGL Background Thread 5 ] DEBUG FXGLApplication      - Initializing game
09:11:23.798 [FXGL Background Thread 5 ] WARN  TMXLevelLoader       - TiledMap generated from 1.11.0. Supported version: 1.9.0. Some features may not be parsed fully.
09:11:23.809 [FXGL Background Thread 5 ] DEBUG TMXLevelLoader       - Parsed TiledMap: file:/Users/dy/Desktop/alfa/Java/Projectarbeit/Tanks/target/classes/assets/levels/level1.tmx
09:11:23.809 [FXGL Background Thread 5 ] DEBUG TMXLevelLoader       - Creating tile layer entities
09:11:23.809 [FXGL Background Thread 5 ] DEBUG TMXLevelLoader       - Creating object layer entities
09:11:23.833 [FXGL Background Thread 5 ] DEBUG GameWorld            - Clearing removable entities
09:11:23.833 [FXGL Background Thread 5 ] DEBUG GameWorld            - Setting level: com.almasb.fxgl.entity.level.Level@7b34896f
09:11:23.835 [FXGL Background Thread 5 ] INFO  FXGLApplication      - Game initialization took: 0,041 sec
09:11:23.836 [JavaFX Application Thread] DEBUG Input                - Clearing active input actions
09:11:23.839 [JavaFX Application Thread] DEBUG GameApplicationServi - Removing overlay from FXGLLoadingScene and adding to GameScene
09:11:23.839 [JavaFX Application Thread] DEBUG PrimaryStageWindow   - FXGLLoadingScene -> GameScene
09:11:40.771 [JavaFX Application Thread] DEBUG PrimaryStageWindow   - Push state: WinnerScene
09:11:40.772 [JavaFX Application Thread] DEBUG Input                - Clearing active input actions
09:11:40.772 [JavaFX Application Thread] DEBUG GameApplicationServi - Removing overlay from GameScene and adding to WinnerScene
09:11:40.772 [JavaFX Application Thread] DEBUG PrimaryStageWindow   - GameScene -> WinnerScene
09:11:42.787 [JavaFX Application Thread] DEBUG PrimaryStageWindow   - Pop state: WinnerScene
09:11:42.787 [JavaFX Application Thread] DEBUG Input                - Clearing active input actions
09:11:42.787 [JavaFX Application Thread] DEBUG GameApplicationServi - Removing overlay from WinnerScene and adding to GameScene
09:11:42.787 [JavaFX Application Thread] DEBUG PrimaryStageWindow   - GameScene <- WinnerScene
09:11:42.789 [JavaFX Application Thread] WARN  TMXLevelLoader       - TiledMap generated from 1.11.0. Supported version: 1.9.0. Some features may not be parsed fully.
09:11:42.792 [JavaFX Application Thread] DEBUG TMXLevelLoader       - Parsed TiledMap: file:/Users/dy/Desktop/alfa/Java/Projectarbeit/Tanks/target/classes/assets/levels/level2.tmx
09:11:42.792 [JavaFX Application Thread] DEBUG TMXLevelLoader       - Creating tile layer entities
09:11:42.792 [JavaFX Application Thread] DEBUG TMXLevelLoader       - Creating object layer entities
09:11:42.804 [JavaFX Application Thread] DEBUG GameWorld            - Clearing removable entities
09:11:42.807 [JavaFX Application Thread] DEBUG GameWorld            - Setting level: com.almasb.fxgl.entity.level.Level@6ee3bc33
09:11:53.954 [JavaFX Application Thread] DEBUG FXGLAssetLoaderServi - Loading from file system: file:/Users/dy/Desktop/alfa/Java/Projectarbeit/Tanks/target/classes/assets/textures/items/flag_failed.png
09:11:53.957 [JavaFX Application Thread] DEBUG PrimaryStageWindow   - Push state: GameOverScene
09:11:53.957 [JavaFX Application Thread] DEBUG Input                - Clearing active input actions
09:11:53.957 [JavaFX Application Thread] DEBUG GameApplicationServi - Removing overlay from GameScene and adding to GameOverScene
09:11:53.958 [JavaFX Application Thread] DEBUG PrimaryStageWindow   - GameScene -> GameOverScene
09:11:54.970 [JavaFX Application Thread] DEBUG PrimaryStageWindow   - Pop state: GameOverScene
09:11:54.970 [JavaFX Application Thread] DEBUG Input                - Clearing active input actions
09:11:54.970 [JavaFX Application Thread] DEBUG GameApplicationServi - Removing overlay from GameOverScene and adding to GameScene
09:11:54.970 [JavaFX Application Thread] DEBUG PrimaryStageWindow   - GameScene <- GameOverScene
09:11:54.970 [JavaFX Application Thread] DEBUG Input                - Clearing active input actions
09:11:54.974 [JavaFX Application Thread] DEBUG GameApplicationServi - Removing overlay from GameScene and adding to FXGLMainMenuDummyScene
09:11:54.974 [JavaFX Application Thread] DEBUG PrimaryStageWindow   - GameScene -> FXGLMainMenuDummyScene
09:11:54.974 [JavaFX Application Thread] DEBUG PrimaryStageWindow   - Push state: FXGLDefaultMenu
09:11:54.975 [JavaFX Application Thread] DEBUG Input                - Clearing active input actions
09:11:54.976 [JavaFX Application Thread] DEBUG GameApplicationServi - Removing overlay from FXGLMainMenuDummyScene and adding to FXGLDefaultMenu
09:11:54.976 [JavaFX Application Thread] DEBUG PrimaryStageWindow   - FXGLMainMenuDummyScene -> FXGLDefaultMenu
09:12:02.270 [JavaFX Application Thread] DEBUG Menu                 - fireExit()
09:12:02.271 [JavaFX Application Thread] DEBUG PrimaryStageWindow   - Push state: DialogSubScene
09:12:02.271 [JavaFX Application Thread] DEBUG Input                - Clearing active input actions
09:12:02.272 [JavaFX Application Thread] DEBUG GameApplicationServi - Removing overlay from FXGLDefaultMenu and adding to DialogSubScene
09:12:02.272 [JavaFX Application Thread] DEBUG PrimaryStageWindow   - FXGLDefaultMenu -> DialogSubScene
09:12:18.442 [JavaFX Application Thread] DEBUG PrimaryStageWindow   - Pop state: DialogSubScene
09:12:18.442 [JavaFX Application Thread] DEBUG Input                - Clearing active input actions
09:12:18.443 [JavaFX Application Thread] DEBUG GameApplicationServi - Removing overlay from DialogSubScene and adding to FXGLDefaultMenu
09:12:18.443 [JavaFX Application Thread] DEBUG PrimaryStageWindow   - FXGLDefaultMenu <- DialogSubScene
09:12:18.443 [JavaFX Application Thread] DEBUG FXGLApplication      - Exiting FXGL
09:12:18.443 [JavaFX Application Thread] DEBUG LoopRunner           - Stopping loop
09:12:18.443 [JavaFX Application Thread] DEBUG SystemBundleService  - Saving FXGL system data
09:12:18.445 [JavaFX Application Thread] DEBUG FileSystemAccess     - Writing to: /Users/dy/Desktop/alfa/Java/Projectarbeit/Tanks/system/fxgl.bundle
09:12:18.447 [JavaFX Application Thread] DEBUG Async                - Shutting down background threads
09:12:18.447 [JavaFX Application Thread] DEBUG PrimaryStageWindow   - Closing main window
09:12:18.462 [JavaFX Application Thread] DEBUG Logger               - Closing Logger
