11:25:15.802 [main                     ] DEBUG Logger               - Configured Logger
11:25:15.834 [main                     ] DEBUG GameApplication      - Logging settings
Title: Tank
Version: 1.0
Width: 816
Height: 672
Fullscreen: false
Intro: false
Profiling: false
Single step:false
App Mode: DEVELOPER
Menu Key: ESCAPE
Stage Style: DECORATED
Scene Factory: class com.almasb.fxgl.app.scene.SceneFactory

11:25:16.249 [JavaFX Application Thread] DEBUG FXGLApplication      - Initializing FXGL
11:25:16.255 [JavaFX Application Thread] INFO  Engine               - FXGL-21.1 (27.03.2024 07.52) on MAC (J:22.0.2 FX:22.0.1)
11:25:16.256 [JavaFX Application Thread] DEBUG Engine               - JRE Vendor Name: Oracle Corporation
11:25:16.256 [JavaFX Application Thread] DEBUG Engine               - Running on OS: Mac OS X version 14.6.1
11:25:16.257 [JavaFX Application Thread] DEBUG Engine               - Architecture: x86_64
11:25:16.257 [JavaFX Application Thread] INFO  Engine               - Source code and latest versions at: https://github.com/AlmasB/FXGL
11:25:16.257 [JavaFX Application Thread] INFO  Engine               -       Ask questions and discuss at: https://github.com/AlmasB/FXGL/discussions
11:25:16.257 [JavaFX Application Thread] INFO  Engine               -              Join the FXGL chat at: https://gitter.im/AlmasB/FXGL
11:25:16.361 [JavaFX Application Thread] DEBUG PrimaryStageWindow   - Creating a JavaFX scene
11:25:16.413 [JavaFX Application Thread] DEBUG PrimaryStageWindow   - Target settings size: 816.0 x 672.0
11:25:16.414 [JavaFX Application Thread] DEBUG PrimaryStageWindow   - Scaled scene size:    816.0 x 672.0
11:25:16.414 [JavaFX Application Thread] DEBUG PrimaryStageWindow   - Scaled ratio: (1.0, 1.0)
11:25:16.415 [JavaFX Application Thread] DEBUG PrimaryStageWindow   - Set initial scene to FXGLStartupScene
11:25:16.420 [JavaFX Application Thread] DEBUG PrimaryStageWindow   - Opening main window
11:25:16.569 [JavaFX Application Thread] DEBUG PrimaryStageWindow   - Window border size: (0.0, 28.0)
11:25:16.569 [JavaFX Application Thread] DEBUG PrimaryStageWindow   - Scaled size: 816.0 x 672.0
11:25:16.569 [JavaFX Application Thread] DEBUG PrimaryStageWindow   - Scaled ratio: (1.0, 1.0)
11:25:16.570 [JavaFX Application Thread] DEBUG PrimaryStageWindow   - Scene size: 816.0 x 672.0
11:25:16.571 [JavaFX Application Thread] DEBUG PrimaryStageWindow   - Stage size: 816.0 x 700.0
11:25:16.580 [FXGL Background Thread 1 ] DEBUG Engine               - Initializing environment variables
11:25:16.659 [FXGL Background Thread 1 ] DEBUG FXGLAssetLoaderServi - User app class for loading assets: class de.dywebstudio.tanks.TankApp
11:25:16.660 [FXGL Background Thread 1 ] DEBUG GameApplicationServi - Applying CSS: fxgl_dark.css
11:25:16.661 [FXGL Background Thread 1 ] DEBUG FXGLAssetLoaderServi - Loading from file system: jar:file:///Users/dy/.m2/repository/com/github/almasb/fxgl/21.1/fxgl-21.1.jar!/fxglassets/ui/css/fxgl_dark.css
11:25:16.741 [FXGL Background Thread 1 ] DEBUG GameApplicationServi - Initializing application scenes
11:25:17.154 [FXGL Background Thread 1 ] DEBUG GameWorld            - Game world initialized
11:25:17.223 [FXGL Background Thread 1 ] DEBUG PhysicsWorld         - Physics world initialized: appHeight=672, physics.ppm=50,0
11:25:17.223 [FXGL Background Thread 1 ] DEBUG PhysicsWorld         - Using strategy: BRUTE_FORCE
11:25:17.229 [FXGL Background Thread 1 ] DEBUG GameScene            - Game scene initialized: 816x672
11:25:17.246 [FXGL Background Thread 1 ] DEBUG FXGL.DefaultMenu     - createMenuBodyMainMenu()
11:25:17.269 [FXGL Background Thread 1 ] DEBUG FXGL.DefaultMenu     - createOptionsMenu()
11:25:17.281 [FXGL Background Thread 1 ] DEBUG FXGLAssetLoaderServi - Loading from file system: jar:file:///Users/dy/.m2/repository/com/github/almasb/fxgl/21.1/fxgl-21.1.jar!/fxglassets/textures/particles/smoke.png
11:25:17.400 [FXGL Background Thread 1 ] DEBUG FXGLAssetLoaderServi - Loading from file system: jar:file:///Users/dy/.m2/repository/com/github/almasb/fxgl/21.1/fxgl-21.1.jar!/fxglassets/textures/particles/trace_horizontal.png
11:25:17.429 [FXGL Background Thread 1 ] DEBUG FXGL.DefaultMenu     - createMenuBodyGameMenu()
11:25:17.431 [FXGL Background Thread 1 ] DEBUG FXGL.DefaultMenu     - createOptionsMenu()
11:25:17.451 [FXGL Background Thread 1 ] DEBUG GameApplicationServi - Application scenes initialized
11:25:17.467 [FXGL Background Thread 1 ] DEBUG SystemBundleService  - Loading FXGL system data
11:25:17.473 [FXGL Background Thread 1 ] DEBUG FileSystemAccess     - Reading from: /Users/dy/Desktop/alfa/Java/Projectarbeit/Tanks/system/fxgl.bundle
11:25:17.480 [FXGL Background Thread 1 ] DEBUG SystemBundleService  - Bundle FXGL: {}
11:25:17.480 [FXGL Background Thread 1 ] DEBUG UpdaterService       - Checking for updates
11:25:17.486 [FXGL Background Thread 4 ] DEBUG FXGLApplication      - Loading fonts
11:25:17.487 [FXGL Background Thread 4 ] DEBUG FXGLAssetLoaderServi - Loading from file system: jar:file:///Users/dy/.m2/repository/com/github/almasb/fxgl/21.1/fxgl-21.1.jar!/fxglassets/ui/fonts/VarelaRound-Regular.ttf
11:25:17.487 [FXGL Background Thread 1 ] DEBUG FXGLApplication      - Loading default localization
11:25:17.488 [FXGL Background Thread 1 ] DEBUG FXGLAssetLoaderServi - Loading from file system: jar:file:///Users/dy/.m2/repository/com/github/almasb/fxgl/21.1/fxgl-21.1.jar!/fxglassets/languages/english.lang
11:25:17.505 [FXGL Background Thread 1 ] INFO  FXGLApplication      - FXGL initialization took: 0,925 sec
11:25:17.505 [FXGL Background Thread 4 ] DEBUG FXGLAssetLoaderServi - Loading from file system: jar:file:///Users/dy/.m2/repository/com/github/almasb/fxgl/21.1/fxgl-21.1.jar!/fxglassets/ui/fonts/Abel-Regular.ttf
11:25:17.510 [FXGL Background Thread 4 ] DEBUG FXGLAssetLoaderServi - Loading from file system: jar:file:///Users/dy/.m2/repository/com/github/almasb/fxgl/21.1/fxgl-21.1.jar!/fxglassets/ui/fonts/TerminalLandMono-Regular.otf
11:25:17.515 [FXGL Background Thread 4 ] DEBUG FXGLAssetLoaderServi - Loading from file system: jar:file:///Users/dy/.m2/repository/com/github/almasb/fxgl/21.1/fxgl-21.1.jar!/fxglassets/ui/fonts/Courier-Prime.ttf
11:25:17.519 [JavaFX Application Thread] DEBUG Input                - Registered new binding: action0 - W
11:25:17.519 [JavaFX Application Thread] DEBUG Input                - Registered new binding: action1 - S
11:25:17.520 [JavaFX Application Thread] DEBUG Input                - Registered new binding: action2 - A
11:25:17.520 [JavaFX Application Thread] DEBUG Input                - Registered new binding: action3 - D
11:25:17.521 [JavaFX Application Thread] DEBUG Input                - Registered new binding: action4 - Space
11:25:17.521 [JavaFX Application Thread] DEBUG FXGLAssetLoaderServi - Loading from file system: jar:file:///Users/dy/.m2/repository/com/github/almasb/fxgl/21.1/fxgl-21.1.jar!/fxglassets/textures/fxgl_icon.png
11:25:17.545 [JavaFX Application Thread] DEBUG FXGLAssetLoaderServi - Loading from file system: jar:file:///Users/dy/.m2/repository/com/github/almasb/fxgl/21.1/fxgl-21.1.jar!/fxglassets/textures/fxgl_default_cursor.png
11:25:17.547 [JavaFX Application Thread] DEBUG Input                - Registered new binding: Screenshot - CTRL+8
11:25:17.548 [JavaFX Application Thread] DEBUG Input                - Registered new binding: System info dump - CTRL+9
11:25:17.548 [JavaFX Application Thread] DEBUG Input                - Registered new binding: Restart - CTRL+R
11:25:17.549 [JavaFX Application Thread] DEBUG Input                - Registered new binding: Toggle Debug Camera - CTRL+7
11:25:17.551 [JavaFX Application Thread] DEBUG LoopRunner           - Starting loop
11:25:17.551 [JavaFX Application Thread] DEBUG LoopRunner           - Initializing JavaFX AnimationTimerLoop
11:25:17.555 [JavaFX Application Thread] DEBUG Input                - Clearing active input actions
11:25:17.563 [JavaFX Application Thread] DEBUG GameApplicationServi - Removing overlay from FXGLStartupScene and adding to FXGLMainMenuDummyScene
11:25:17.564 [JavaFX Application Thread] DEBUG PrimaryStageWindow   - FXGLStartupScene -> FXGLMainMenuDummyScene
11:25:17.564 [JavaFX Application Thread] DEBUG PrimaryStageWindow   - Push state: FXGLDefaultMenu
11:25:17.568 [JavaFX Application Thread] DEBUG Input                - Clearing active input actions
11:25:17.580 [JavaFX Application Thread] DEBUG GameApplicationServi - Removing overlay from FXGLMainMenuDummyScene and adding to FXGLDefaultMenu
11:25:17.581 [JavaFX Application Thread] DEBUG PrimaryStageWindow   - FXGLMainMenuDummyScene -> FXGLDefaultMenu
11:25:17.610 [JavaFX Application Thread] DEBUG FXGLApplication      - Registering font factories with UI factory
11:25:19.417 [JavaFX Application Thread] DEBUG Menu                 - fireNewGame()
11:25:19.417 [JavaFX Application Thread] DEBUG GameApplicationServi - Starting new game
11:25:19.419 [JavaFX Application Thread] DEBUG PrimaryStageWindow   - Pop state: FXGLDefaultMenu
11:25:19.419 [JavaFX Application Thread] DEBUG Input                - Clearing active input actions
11:25:19.421 [JavaFX Application Thread] DEBUG GameApplicationServi - Removing overlay from FXGLDefaultMenu and adding to FXGLMainMenuDummyScene
11:25:19.422 [JavaFX Application Thread] DEBUG PrimaryStageWindow   - FXGLMainMenuDummyScene <- FXGLDefaultMenu
11:25:19.422 [JavaFX Application Thread] DEBUG Input                - Clearing active input actions
11:25:19.434 [JavaFX Application Thread] DEBUG GameApplicationServi - Removing overlay from FXGLMainMenuDummyScene and adding to FXGLLoadingScene
11:25:19.435 [JavaFX Application Thread] DEBUG PrimaryStageWindow   - FXGLMainMenuDummyScene -> FXGLLoadingScene
11:25:19.435 [JavaFX Application Thread] DEBUG GameApplicationServi - Clearing previous game
11:25:19.435 [JavaFX Application Thread] DEBUG GameScene            - Clearing game scene
11:25:19.435 [JavaFX Application Thread] DEBUG GameWorld            - Clearing game world
11:25:19.435 [JavaFX Application Thread] DEBUG PhysicsWorld         - Clearing physics world
11:25:19.437 [FXGL Background Thread 2 ] DEBUG FXGLApplication      - Initializing game
11:25:19.528 [FXGL Background Thread 2 ] WARN  TMXLevelLoader       - TiledMap generated from 1.11.0. Supported version: 1.9.0. Some features may not be parsed fully.
11:25:19.569 [FXGL Background Thread 2 ] DEBUG TMXLevelLoader       - Parsed TiledMap: file:/Users/dy/Desktop/alfa/Java/Projectarbeit/Tanks/target/classes/assets/levels/level.tmx
11:25:19.571 [FXGL Background Thread 2 ] DEBUG TMXLevelLoader       - Creating tile layer entities
11:25:19.573 [FXGL Background Thread 2 ] DEBUG TMXLevelLoader       - Creating object layer entities
11:25:19.640 [FXGL Background Thread 2 ] DEBUG FXGLAssetLoaderServi - Loading from file system: file:/Users/dy/Desktop/alfa/Java/Projectarbeit/Tanks/target/classes/assets/textures/items/sea_animation.png
11:25:19.819 [FXGL Background Thread 2 ] DEBUG GameWorld            - Clearing removable entities
11:25:19.821 [FXGL Background Thread 2 ] DEBUG GameWorld            - Setting level: com.almasb.fxgl.entity.level.Level@579b4f1a
11:25:19.859 [FXGL Background Thread 2 ] DEBUG FXGLAssetLoaderServi - Loading from file system: file:/Users/dy/Desktop/alfa/Java/Projectarbeit/Tanks/target/classes/assets/textures/tanks/player.png
11:25:19.869 [FXGL Background Thread 2 ] DEBUG FXGLAssetLoaderServi - Loading from file system: file:/Users/dy/Desktop/alfa/Java/Projectarbeit/Tanks/target/classes/assets/textures/tanks/T3.png
11:25:19.876 [FXGL Background Thread 2 ] DEBUG FXGLAssetLoaderServi - Loading from file system: file:/Users/dy/Desktop/alfa/Java/Projectarbeit/Tanks/target/classes/assets/textures/tanks/T5.png
11:25:19.879 [FXGL Background Thread 2 ] DEBUG FXGLAssetLoaderServi - Loading from file system: file:/Users/dy/Desktop/alfa/Java/Projectarbeit/Tanks/target/classes/assets/textures/tanks/T4.png
11:25:19.882 [FXGL Background Thread 2 ] INFO  FXGLApplication      - Game initialization took: 0,444 sec
11:25:19.882 [JavaFX Application Thread] DEBUG Input                - Clearing active input actions
11:25:19.899 [JavaFX Application Thread] DEBUG GameApplicationServi - Removing overlay from FXGLLoadingScene and adding to GameScene
11:25:19.899 [JavaFX Application Thread] DEBUG PrimaryStageWindow   - FXGLLoadingScene -> GameScene
11:25:20.121 [JavaFX Application Thread] DEBUG FXGLAssetLoaderServi - Loading from file system: file:/Users/dy/Desktop/alfa/Java/Projectarbeit/Tanks/target/classes/assets/textures/items/bullet/norm.png
11:25:20.488 [FXGL Background Thread 3 ] DEBUG Engine               - Logging environment variables
11:25:20.489 [FXGL Background Thread 3 ] DEBUG Engine               - achievements: []
11:25:20.489 [FXGL Background Thread 3 ] DEBUG Engine               - actualHeight: 672.0
11:25:20.489 [FXGL Background Thread 3 ] DEBUG Engine               - actualHeightProperty: ReadOnlyDoubleProperty [value: 672.0]
11:25:20.489 [FXGL Background Thread 3 ] DEBUG Engine               - actualWidth: 816.0
11:25:20.489 [FXGL Background Thread 3 ] DEBUG Engine               - actualWidthProperty: ReadOnlyDoubleProperty [value: 816.0]
11:25:20.489 [FXGL Background Thread 3 ] DEBUG Engine               - appIcon: fxgl_icon.png
11:25:20.490 [FXGL Background Thread 3 ] DEBUG Engine               - applicationMode: DEVELOPER
11:25:20.490 [FXGL Background Thread 3 ] DEBUG Engine               - cSSList: [fxgl_dark.css]
11:25:20.490 [FXGL Background Thread 3 ] DEBUG Engine               - collisionDetectionStrategy: BRUTE_FORCE
11:25:20.490 [FXGL Background Thread 3 ] DEBUG Engine               - configClass: Optional.empty
11:25:20.490 [FXGL Background Thread 3 ] DEBUG Engine               - credits: []
11:25:20.491 [FXGL Background Thread 3 ] DEBUG Engine               - defaultCursor: CursorInfo(imageName=fxgl_default_cursor.png, hotspotX=7.0, hotspotY=6.0)
11:25:20.491 [FXGL Background Thread 3 ] DEBUG Engine               - devBBoxColorProperty: ObjectProperty [value: 0xff0000ff]
11:25:20.492 [FXGL Background Thread 3 ] DEBUG Engine               - devEnableDebugCameraProperty: BooleanProperty [value: false]
11:25:20.492 [FXGL Background Thread 3 ] DEBUG Engine               - devSensorColorProperty: ObjectProperty [value: 0xffff00ff]
11:25:20.493 [FXGL Background Thread 3 ] DEBUG Engine               - devShowBBoxProperty: BooleanProperty [value: false]
11:25:20.493 [FXGL Background Thread 3 ] DEBUG Engine               - devShowPositionProperty: BooleanProperty [value: false]
11:25:20.493 [FXGL Background Thread 3 ] DEBUG Engine               - enabledMenuItems: []
11:25:20.493 [FXGL Background Thread 3 ] DEBUG Engine               - engineServices: [class com.almasb.fxgl.app.services.FXGLAssetLoaderService, class com.almasb.fxgl.app.FXGLApplication$GameApplicationService, class com.almasb.fxgl.app.services.FXGLDialogService, class com.almasb.fxgl.app.services.IOTaskExecutorService, class com.almasb.fxgl.io.FileSystemService, class com.almasb.fxgl.localization.LocalizationService, class com.almasb.fxgl.app.services.SystemBundleService, class com.almasb.fxgl.profile.SaveLoadService, class com.almasb.fxgl.ui.FXGLUIFactoryServiceProvider, class com.almasb.fxgl.ui.FXGLDialogFactoryServiceProvider, class com.almasb.fxgl.audio.AudioPlayer, class com.almasb.fxgl.notification.impl.NotificationServiceProvider, class com.almasb.fxgl.achievement.AchievementService, class com.almasb.fxgl.cutscene.CutsceneService, class com.almasb.fxgl.minigames.MiniGameService, class com.almasb.fxgl.net.NetService, class com.almasb.fxgl.app.services.UpdaterService, class com.almasb.fxgl.dev.DevService]
11:25:20.493 [FXGL Background Thread 3 ] DEBUG Engine               - fontGame: Abel-Regular.ttf
11:25:20.493 [FXGL Background Thread 3 ] DEBUG Engine               - fontMono: TerminalLandMono-Regular.otf
11:25:20.493 [FXGL Background Thread 3 ] DEBUG Engine               - fontSizeScaleUI: 1.0
11:25:20.493 [FXGL Background Thread 3 ] DEBUG Engine               - fontText: Courier-Prime.ttf
11:25:20.493 [FXGL Background Thread 3 ] DEBUG Engine               - fontUI: VarelaRound-Regular.ttf
11:25:20.493 [FXGL Background Thread 3 ] DEBUG Engine               - fullScreen: BooleanProperty [value: false]
11:25:20.493 [FXGL Background Thread 3 ] DEBUG Engine               - gameDifficulty: MEDIUM
11:25:20.494 [FXGL Background Thread 3 ] DEBUG Engine               - gameDifficultyProperty: ObjectProperty [value: MEDIUM]
11:25:20.494 [FXGL Background Thread 3 ] DEBUG Engine               - globalMusicVolume: 0.5
11:25:20.494 [FXGL Background Thread 3 ] DEBUG Engine               - globalMusicVolumeProperty: DoubleProperty [value: 0.5]
11:25:20.494 [FXGL Background Thread 3 ] DEBUG Engine               - globalSoundVolume: 0.5
11:25:20.494 [FXGL Background Thread 3 ] DEBUG Engine               - globalSoundVolumeProperty: DoubleProperty [value: 0.5]
11:25:20.494 [FXGL Background Thread 3 ] DEBUG Engine               - height: 672
11:25:20.494 [FXGL Background Thread 3 ] DEBUG Engine               - is3D: false
11:25:20.494 [FXGL Background Thread 3 ] DEBUG Engine               - isAndroid: false
11:25:20.494 [FXGL Background Thread 3 ] DEBUG Engine               - isBrowser: false
11:25:20.495 [FXGL Background Thread 3 ] DEBUG Engine               - isClickFeedbackEnabled: false
11:25:20.495 [FXGL Background Thread 3 ] DEBUG Engine               - isCloseConfirmation: false
11:25:20.495 [FXGL Background Thread 3 ] DEBUG Engine               - isDesktop: true
11:25:20.495 [FXGL Background Thread 3 ] DEBUG Engine               - isDeveloperMenuEnabled: false
11:25:20.495 [FXGL Background Thread 3 ] DEBUG Engine               - isEmbedded: false
11:25:20.495 [FXGL Background Thread 3 ] DEBUG Engine               - isEntityPreloadEnabled: true
11:25:20.495 [FXGL Background Thread 3 ] DEBUG Engine               - isExperimentalTiledLargeMap: false
11:25:20.495 [FXGL Background Thread 3 ] DEBUG Engine               - isFileSystemWriteAllowed: true
11:25:20.495 [FXGL Background Thread 3 ] DEBUG Engine               - isFullScreenAllowed: false
11:25:20.495 [FXGL Background Thread 3 ] DEBUG Engine               - isFullScreenFromStart: false
11:25:20.495 [FXGL Background Thread 3 ] DEBUG Engine               - isGameMenuEnabled: true
11:25:20.495 [FXGL Background Thread 3 ] DEBUG Engine               - isIOS: false
11:25:20.495 [FXGL Background Thread 3 ] DEBUG Engine               - isIntroEnabled: false
11:25:20.495 [FXGL Background Thread 3 ] DEBUG Engine               - isLinux: false
11:25:20.495 [FXGL Background Thread 3 ] DEBUG Engine               - isMac: true
11:25:20.495 [FXGL Background Thread 3 ] DEBUG Engine               - isMainMenuEnabled: true
11:25:20.495 [FXGL Background Thread 3 ] DEBUG Engine               - isManualResizeEnabled: false
11:25:20.496 [FXGL Background Thread 3 ] DEBUG Engine               - isMobile: false
11:25:20.496 [FXGL Background Thread 3 ] DEBUG Engine               - isNative: false
11:25:20.496 [FXGL Background Thread 3 ] DEBUG Engine               - isPauseMusicWhenMinimized: true
11:25:20.496 [FXGL Background Thread 3 ] DEBUG Engine               - isPreserveResizeRatio: false
11:25:20.496 [FXGL Background Thread 3 ] DEBUG Engine               - isProfilingEnabled: false
11:25:20.496 [FXGL Background Thread 3 ] DEBUG Engine               - isScaleAffectedOnResize: true
11:25:20.496 [FXGL Background Thread 3 ] DEBUG Engine               - isSingleStep: false
11:25:20.496 [FXGL Background Thread 3 ] DEBUG Engine               - isUserProfileEnabled: false
11:25:20.496 [FXGL Background Thread 3 ] DEBUG Engine               - isWindows: false
11:25:20.496 [FXGL Background Thread 3 ] DEBUG Engine               - language: ObjectProperty [value: ENGLISH]
11:25:20.496 [FXGL Background Thread 3 ] DEBUG Engine               - menuKey: ESCAPE
11:25:20.496 [FXGL Background Thread 3 ] DEBUG Engine               - mouseSensitivity: 0.2
11:25:20.496 [FXGL Background Thread 3 ] DEBUG Engine               - notificationViewClass: class com.almasb.fxgl.notification.view.XboxNotificationView
11:25:20.496 [FXGL Background Thread 3 ] DEBUG Engine               - pixelsPerMeter: 50.0
11:25:20.497 [FXGL Background Thread 3 ] DEBUG Engine               - platform: MAC
11:25:20.497 [FXGL Background Thread 3 ] DEBUG Engine               - prefHeightProperty: ReadOnlyDoubleProperty [value: 672.0]
11:25:20.497 [FXGL Background Thread 3 ] DEBUG Engine               - prefWidthProperty: ReadOnlyDoubleProperty [value: 816.0]
11:25:20.497 [FXGL Background Thread 3 ] DEBUG Engine               - profileDir: profiles/
11:25:20.497 [FXGL Background Thread 3 ] DEBUG Engine               - profileName: StringProperty [value: DEFAULT]
11:25:20.497 [FXGL Background Thread 3 ] DEBUG Engine               - randomSeed: -1
11:25:20.498 [FXGL Background Thread 3 ] DEBUG Engine               - runtimeInfo: RuntimeInfo(platform=MAC, version=21.1, build=27.03.2024 07.52)
11:25:20.498 [FXGL Background Thread 3 ] DEBUG Engine               - saveFileExt: sav
11:25:20.498 [FXGL Background Thread 3 ] DEBUG Engine               - scaledHeightProp$fxgl: DoubleProperty [bound, value: 672.0]
11:25:20.498 [FXGL Background Thread 3 ] DEBUG Engine               - scaledWidthProp$fxgl: DoubleProperty [bound, value: 816.0]
11:25:20.498 [FXGL Background Thread 3 ] DEBUG Engine               - sceneFactory: com.almasb.fxgl.app.scene.SceneFactory@42f111f2
11:25:20.498 [FXGL Background Thread 3 ] DEBUG Engine               - secondsIn24h: 60
11:25:20.498 [FXGL Background Thread 3 ] DEBUG Engine               - soundMenuBack: menu/back.wav
11:25:20.498 [FXGL Background Thread 3 ] DEBUG Engine               - soundMenuPress: menu/press.wav
11:25:20.498 [FXGL Background Thread 3 ] DEBUG Engine               - soundMenuSelect: menu/select.wav
11:25:20.498 [FXGL Background Thread 3 ] DEBUG Engine               - soundNotification: core/notification.wav
11:25:20.498 [FXGL Background Thread 3 ] DEBUG Engine               - stageStyle: DECORATED
11:25:20.499 [FXGL Background Thread 3 ] DEBUG Engine               - supportedLanguages: [ENGLISH, FRENCH, GERMAN, HUNGARIAN, RUSSIAN]
11:25:20.499 [FXGL Background Thread 3 ] DEBUG Engine               - ticksPerSecond: -1
11:25:20.499 [FXGL Background Thread 3 ] DEBUG Engine               - title: Tank
11:25:20.499 [FXGL Background Thread 3 ] DEBUG Engine               - urlGithub: https://github.com/AlmasB/FXGL
11:25:20.499 [FXGL Background Thread 3 ] DEBUG Engine               - urlLeaderboard: http://fxgl-top.herokuapp.com/
11:25:20.499 [FXGL Background Thread 3 ] DEBUG Engine               - urlPOM: https://raw.githubusercontent.com/AlmasB/FXGL/release/README.md
11:25:20.499 [FXGL Background Thread 3 ] DEBUG Engine               - userAppClass: class de.dywebstudio.tanks.TankApp
11:25:20.500 [FXGL Background Thread 3 ] DEBUG Engine               - version: 1.0
11:25:20.500 [FXGL Background Thread 3 ] DEBUG Engine               - versionCheckDays: 7
11:25:20.500 [FXGL Background Thread 3 ] DEBUG Engine               - width: 816
11:25:20.500 [FXGL Background Thread 3 ] DEBUG Engine               - Logging services
11:25:20.500 [FXGL Background Thread 3 ] DEBUG Engine               - class com.almasb.fxgl.app.services.FXGLAssetLoaderService
11:25:20.500 [FXGL Background Thread 3 ] DEBUG Engine               - class com.almasb.fxgl.app.FXGLApplication$GameApplicationService
11:25:20.500 [FXGL Background Thread 3 ] DEBUG Engine               - class com.almasb.fxgl.app.services.FXGLDialogService
11:25:20.500 [FXGL Background Thread 3 ] DEBUG Engine               - class com.almasb.fxgl.app.services.IOTaskExecutorService
11:25:20.500 [FXGL Background Thread 3 ] DEBUG Engine               - class com.almasb.fxgl.io.FileSystemService
11:25:20.500 [FXGL Background Thread 3 ] DEBUG Engine               - class com.almasb.fxgl.localization.LocalizationService
11:25:20.500 [FXGL Background Thread 3 ] DEBUG Engine               - class com.almasb.fxgl.app.services.SystemBundleService
11:25:20.501 [FXGL Background Thread 3 ] DEBUG Engine               - class com.almasb.fxgl.profile.SaveLoadService
11:25:20.501 [FXGL Background Thread 3 ] DEBUG Engine               - class com.almasb.fxgl.ui.FXGLUIFactoryServiceProvider
11:25:20.501 [FXGL Background Thread 3 ] DEBUG Engine               - class com.almasb.fxgl.ui.FXGLDialogFactoryServiceProvider
11:25:20.501 [FXGL Background Thread 3 ] DEBUG Engine               - class com.almasb.fxgl.audio.AudioPlayer
11:25:20.501 [FXGL Background Thread 3 ] DEBUG Engine               - class com.almasb.fxgl.notification.impl.NotificationServiceProvider
11:25:20.501 [FXGL Background Thread 3 ] DEBUG Engine               - class com.almasb.fxgl.achievement.AchievementService
11:25:20.501 [FXGL Background Thread 3 ] DEBUG Engine               - class com.almasb.fxgl.cutscene.CutsceneService
11:25:20.501 [FXGL Background Thread 3 ] DEBUG Engine               - class com.almasb.fxgl.minigames.MiniGameService
11:25:20.501 [FXGL Background Thread 3 ] DEBUG Engine               - class com.almasb.fxgl.net.NetService
11:25:20.501 [FXGL Background Thread 3 ] DEBUG Engine               - class com.almasb.fxgl.app.services.UpdaterService
11:25:20.502 [FXGL Background Thread 3 ] DEBUG Engine               - class com.almasb.fxgl.dev.DevService
11:25:23.550 [JavaFX Application Thread] DEBUG FXGLAssetLoaderServi - Loading from file system: file:/Users/dy/Desktop/alfa/Java/Projectarbeit/Tanks/target/classes/assets/textures/tanks/T2.png
11:25:35.992 [JavaFX Application Thread] DEBUG FXGLAssetLoaderServi - Loading from file system: file:/Users/dy/Desktop/alfa/Java/Projectarbeit/Tanks/target/classes/assets/textures/ui/GameOver.png
11:25:35.995 [JavaFX Application Thread] DEBUG PrimaryStageWindow   - Push state: GameOverScene
11:25:35.995 [JavaFX Application Thread] DEBUG Input                - Clearing active input actions
11:25:35.995 [JavaFX Application Thread] DEBUG GameApplicationServi - Removing overlay from GameScene and adding to GameOverScene
11:25:35.996 [JavaFX Application Thread] DEBUG PrimaryStageWindow   - GameScene -> GameOverScene
11:25:37.006 [JavaFX Application Thread] DEBUG PrimaryStageWindow   - Pop state: GameOverScene
11:25:37.006 [JavaFX Application Thread] DEBUG Input                - Clearing active input actions
11:25:37.006 [JavaFX Application Thread] DEBUG GameApplicationServi - Removing overlay from GameOverScene and adding to GameScene
11:25:37.006 [JavaFX Application Thread] DEBUG PrimaryStageWindow   - GameScene <- GameOverScene
11:25:37.007 [JavaFX Application Thread] DEBUG Input                - Clearing active input actions
11:25:37.015 [JavaFX Application Thread] DEBUG GameApplicationServi - Removing overlay from GameScene and adding to FXGLMainMenuDummyScene
11:25:37.015 [JavaFX Application Thread] DEBUG PrimaryStageWindow   - GameScene -> FXGLMainMenuDummyScene
11:25:37.015 [JavaFX Application Thread] DEBUG PrimaryStageWindow   - Push state: FXGLDefaultMenu
11:25:37.015 [JavaFX Application Thread] DEBUG Input                - Clearing active input actions
11:25:37.017 [JavaFX Application Thread] DEBUG GameApplicationServi - Removing overlay from FXGLMainMenuDummyScene and adding to FXGLDefaultMenu
11:25:37.017 [JavaFX Application Thread] DEBUG PrimaryStageWindow   - FXGLMainMenuDummyScene -> FXGLDefaultMenu
11:25:39.506 [JavaFX Application Thread] DEBUG Menu                 - fireNewGame()
11:25:39.507 [JavaFX Application Thread] DEBUG GameApplicationServi - Starting new game
11:25:39.508 [JavaFX Application Thread] DEBUG PrimaryStageWindow   - Pop state: FXGLDefaultMenu
11:25:39.508 [JavaFX Application Thread] DEBUG Input                - Clearing active input actions
11:25:39.509 [JavaFX Application Thread] DEBUG GameApplicationServi - Removing overlay from FXGLDefaultMenu and adding to FXGLMainMenuDummyScene
11:25:39.509 [JavaFX Application Thread] DEBUG PrimaryStageWindow   - FXGLMainMenuDummyScene <- FXGLDefaultMenu
11:25:39.509 [JavaFX Application Thread] DEBUG Input                - Clearing active input actions
11:25:39.515 [JavaFX Application Thread] DEBUG GameApplicationServi - Removing overlay from FXGLMainMenuDummyScene and adding to FXGLLoadingScene
11:25:39.515 [JavaFX Application Thread] DEBUG PrimaryStageWindow   - FXGLMainMenuDummyScene -> FXGLLoadingScene
11:25:39.515 [JavaFX Application Thread] DEBUG GameApplicationServi - Clearing previous game
11:25:39.515 [JavaFX Application Thread] DEBUG GameScene            - Clearing game scene
11:25:39.515 [JavaFX Application Thread] DEBUG GameWorld            - Clearing game world
11:25:39.526 [JavaFX Application Thread] DEBUG PhysicsWorld         - Clearing physics world
11:25:39.527 [FXGL Background Thread 2 ] DEBUG FXGLApplication      - Initializing game
11:25:39.529 [FXGL Background Thread 2 ] WARN  TMXLevelLoader       - TiledMap generated from 1.11.0. Supported version: 1.9.0. Some features may not be parsed fully.
11:25:39.549 [FXGL Background Thread 2 ] DEBUG TMXLevelLoader       - Parsed TiledMap: file:/Users/dy/Desktop/alfa/Java/Projectarbeit/Tanks/target/classes/assets/levels/level.tmx
11:25:39.549 [FXGL Background Thread 2 ] DEBUG TMXLevelLoader       - Creating tile layer entities
11:25:39.550 [FXGL Background Thread 2 ] DEBUG TMXLevelLoader       - Creating object layer entities
11:25:39.665 [FXGL Background Thread 2 ] DEBUG GameWorld            - Clearing removable entities
11:25:39.665 [FXGL Background Thread 2 ] DEBUG GameWorld            - Setting level: com.almasb.fxgl.entity.level.Level@16f4814d
11:25:39.672 [FXGL Background Thread 2 ] INFO  FXGLApplication      - Game initialization took: 0,145 sec
11:25:39.672 [JavaFX Application Thread] DEBUG Input                - Clearing active input actions
11:25:39.680 [JavaFX Application Thread] DEBUG GameApplicationServi - Removing overlay from FXGLLoadingScene and adding to GameScene
11:25:39.681 [JavaFX Application Thread] DEBUG PrimaryStageWindow   - FXGLLoadingScene -> GameScene
11:26:07.772 [JavaFX Application Thread] DEBUG FXGLAssetLoaderServi - Loading from file system: file:/Users/dy/Desktop/alfa/Java/Projectarbeit/Tanks/target/classes/assets/textures/tanks/T1.png
11:26:46.575 [JavaFX Application Thread] DEBUG FXGLAssetLoaderServi - Loading from file system: file:/Users/dy/Desktop/alfa/Java/Projectarbeit/Tanks/target/classes/assets/textures/tanks/T6.png
11:27:04.116 [JavaFX Application Thread] DEBUG FXGLApplication      - Exiting FXGL
11:27:04.116 [JavaFX Application Thread] DEBUG LoopRunner           - Stopping loop
11:27:04.117 [JavaFX Application Thread] DEBUG SystemBundleService  - Saving FXGL system data
11:27:04.118 [JavaFX Application Thread] DEBUG FileSystemAccess     - Writing to: /Users/dy/Desktop/alfa/Java/Projectarbeit/Tanks/system/fxgl.bundle
11:27:04.119 [JavaFX Application Thread] DEBUG Async                - Shutting down background threads
11:27:04.120 [JavaFX Application Thread] DEBUG PrimaryStageWindow   - Closing main window
11:27:04.131 [JavaFX Application Thread] DEBUG Logger               - Closing Logger
