13:42:51.416 [main                     ] DEBUG Logger               - Configured Logger
13:42:51.464 [main                     ] DEBUG GameApplication      - Logging settings
Title: Tank
Version: 1.0
Width: 816
Height: 672
Fullscreen: false
Intro: false
Profiling: false
Single step:false
App Mode: DEVELOPER
Menu Key: ESCAPE
Stage Style: DECORATED
Scene Factory: class com.almasb.fxgl.app.scene.SceneFactory

13:42:51.913 [JavaFX Application Thread] DEBUG FXGLApplication      - Initializing FXGL
13:42:51.918 [JavaFX Application Thread] INFO  Engine               - FXGL-21.1 (27.03.2024 07.52) on MAC (J:22.0.2 FX:22.0.1)
13:42:51.919 [JavaFX Application Thread] DEBUG Engine               - JRE Vendor Name: Oracle Corporation
13:42:51.919 [JavaFX Application Thread] DEBUG Engine               - Running on OS: Mac OS X version 14.6.1
13:42:51.919 [JavaFX Application Thread] DEBUG Engine               - Architecture: x86_64
13:42:51.920 [JavaFX Application Thread] INFO  Engine               - Source code and latest versions at: https://github.com/AlmasB/FXGL
13:42:51.920 [JavaFX Application Thread] INFO  Engine               -       Ask questions and discuss at: https://github.com/AlmasB/FXGL/discussions
13:42:51.920 [JavaFX Application Thread] INFO  Engine               -              Join the FXGL chat at: https://gitter.im/AlmasB/FXGL
13:42:52.026 [JavaFX Application Thread] DEBUG PrimaryStageWindow   - Creating a JavaFX scene
13:42:52.080 [JavaFX Application Thread] DEBUG PrimaryStageWindow   - Target settings size: 816.0 x 672.0
13:42:52.080 [JavaFX Application Thread] DEBUG PrimaryStageWindow   - Scaled scene size:    816.0 x 672.0
13:42:52.080 [JavaFX Application Thread] DEBUG PrimaryStageWindow   - Scaled ratio: (1.0, 1.0)
13:42:52.081 [JavaFX Application Thread] DEBUG PrimaryStageWindow   - Set initial scene to FXGLStartupScene
13:42:52.086 [JavaFX Application Thread] DEBUG PrimaryStageWindow   - Opening main window
13:42:52.206 [JavaFX Application Thread] DEBUG PrimaryStageWindow   - Window border size: (0.0, 28.0)
13:42:52.206 [JavaFX Application Thread] DEBUG PrimaryStageWindow   - Scaled size: 816.0 x 672.0
13:42:52.207 [JavaFX Application Thread] DEBUG PrimaryStageWindow   - Scaled ratio: (1.0, 1.0)
13:42:52.207 [JavaFX Application Thread] DEBUG PrimaryStageWindow   - Scene size: 816.0 x 672.0
13:42:52.208 [JavaFX Application Thread] DEBUG PrimaryStageWindow   - Stage size: 816.0 x 700.0
13:42:52.218 [FXGL Background Thread 1 ] DEBUG Engine               - Initializing environment variables
13:42:52.312 [FXGL Background Thread 1 ] DEBUG FXGLAssetLoaderServi - User app class for loading assets: class de.dywebstudio.tanks.TankApp
13:42:52.313 [FXGL Background Thread 1 ] DEBUG GameApplicationServi - Applying CSS: fxgl_dark.css
13:42:52.314 [FXGL Background Thread 1 ] DEBUG FXGLAssetLoaderServi - Loading from file system: jar:file:///Users/dy/.m2/repository/com/github/almasb/fxgl/21.1/fxgl-21.1.jar!/fxglassets/ui/css/fxgl_dark.css
13:42:52.387 [FXGL Background Thread 1 ] DEBUG GameApplicationServi - Initializing application scenes
13:42:52.827 [FXGL Background Thread 1 ] DEBUG GameWorld            - Game world initialized
13:42:52.884 [FXGL Background Thread 1 ] DEBUG PhysicsWorld         - Physics world initialized: appHeight=672, physics.ppm=50,0
13:42:52.884 [FXGL Background Thread 1 ] DEBUG PhysicsWorld         - Using strategy: BRUTE_FORCE
13:42:52.889 [FXGL Background Thread 1 ] DEBUG GameScene            - Game scene initialized: 816x672
13:42:52.902 [FXGL Background Thread 1 ] DEBUG FXGL.DefaultMenu     - createMenuBodyMainMenu()
13:42:52.928 [FXGL Background Thread 1 ] DEBUG FXGL.DefaultMenu     - createOptionsMenu()
13:42:52.943 [FXGL Background Thread 1 ] DEBUG FXGLAssetLoaderServi - Loading from file system: jar:file:///Users/dy/.m2/repository/com/github/almasb/fxgl/21.1/fxgl-21.1.jar!/fxglassets/textures/particles/smoke.png
13:42:53.065 [FXGL Background Thread 1 ] DEBUG FXGLAssetLoaderServi - Loading from file system: jar:file:///Users/dy/.m2/repository/com/github/almasb/fxgl/21.1/fxgl-21.1.jar!/fxglassets/textures/particles/trace_horizontal.png
13:42:53.093 [FXGL Background Thread 1 ] DEBUG FXGL.DefaultMenu     - createMenuBodyGameMenu()
13:42:53.094 [FXGL Background Thread 1 ] DEBUG FXGL.DefaultMenu     - createOptionsMenu()
13:42:53.112 [FXGL Background Thread 1 ] DEBUG GameApplicationServi - Application scenes initialized
13:42:53.134 [FXGL Background Thread 1 ] DEBUG SystemBundleService  - Loading FXGL system data
13:42:53.141 [FXGL Background Thread 1 ] DEBUG FileSystemAccess     - Reading from: /Users/dy/Desktop/alfa/Java/Projectarbeit/Tanks/system/fxgl.bundle
13:42:53.149 [FXGL Background Thread 1 ] DEBUG SystemBundleService  - Bundle FXGL: {}
13:42:53.150 [FXGL Background Thread 1 ] DEBUG UpdaterService       - Checking for updates
13:42:53.155 [FXGL Background Thread 4 ] DEBUG FXGLApplication      - Loading fonts
13:42:53.156 [FXGL Background Thread 4 ] DEBUG FXGLAssetLoaderServi - Loading from file system: jar:file:///Users/dy/.m2/repository/com/github/almasb/fxgl/21.1/fxgl-21.1.jar!/fxglassets/ui/fonts/VarelaRound-Regular.ttf
13:42:53.157 [FXGL Background Thread 1 ] DEBUG FXGLApplication      - Loading default localization
13:42:53.158 [FXGL Background Thread 1 ] DEBUG FXGLAssetLoaderServi - Loading from file system: jar:file:///Users/dy/.m2/repository/com/github/almasb/fxgl/21.1/fxgl-21.1.jar!/fxglassets/languages/english.lang
13:42:53.178 [FXGL Background Thread 1 ] INFO  FXGLApplication      - FXGL initialization took: 0,961 sec
13:42:53.179 [FXGL Background Thread 4 ] DEBUG FXGLAssetLoaderServi - Loading from file system: jar:file:///Users/dy/.m2/repository/com/github/almasb/fxgl/21.1/fxgl-21.1.jar!/fxglassets/ui/fonts/Abel-Regular.ttf
13:42:53.182 [FXGL Background Thread 4 ] DEBUG FXGLAssetLoaderServi - Loading from file system: jar:file:///Users/dy/.m2/repository/com/github/almasb/fxgl/21.1/fxgl-21.1.jar!/fxglassets/ui/fonts/TerminalLandMono-Regular.otf
13:42:53.187 [FXGL Background Thread 4 ] DEBUG FXGLAssetLoaderServi - Loading from file system: jar:file:///Users/dy/.m2/repository/com/github/almasb/fxgl/21.1/fxgl-21.1.jar!/fxglassets/ui/fonts/Courier-Prime.ttf
13:42:53.189 [JavaFX Application Thread] DEBUG Input                - Registered new binding: action0 - W
13:42:53.189 [JavaFX Application Thread] DEBUG Input                - Registered new binding: action1 - S
13:42:53.190 [JavaFX Application Thread] DEBUG Input                - Registered new binding: action2 - A
13:42:53.191 [JavaFX Application Thread] DEBUG Input                - Registered new binding: action3 - D
13:42:53.192 [JavaFX Application Thread] DEBUG Input                - Registered new binding: action4 - Space
13:42:53.192 [JavaFX Application Thread] DEBUG FXGLAssetLoaderServi - Loading from file system: jar:file:///Users/dy/.m2/repository/com/github/almasb/fxgl/21.1/fxgl-21.1.jar!/fxglassets/textures/fxgl_icon.png
13:42:53.218 [JavaFX Application Thread] DEBUG FXGLAssetLoaderServi - Loading from file system: jar:file:///Users/dy/.m2/repository/com/github/almasb/fxgl/21.1/fxgl-21.1.jar!/fxglassets/textures/fxgl_default_cursor.png
13:42:53.221 [JavaFX Application Thread] DEBUG Input                - Registered new binding: Screenshot - CTRL+8
13:42:53.222 [JavaFX Application Thread] DEBUG Input                - Registered new binding: System info dump - CTRL+9
13:42:53.222 [JavaFX Application Thread] DEBUG Input                - Registered new binding: Restart - CTRL+R
13:42:53.223 [JavaFX Application Thread] DEBUG Input                - Registered new binding: Toggle Debug Camera - CTRL+7
13:42:53.227 [JavaFX Application Thread] DEBUG LoopRunner           - Starting loop
13:42:53.227 [JavaFX Application Thread] DEBUG LoopRunner           - Initializing JavaFX AnimationTimerLoop
13:42:53.230 [JavaFX Application Thread] DEBUG Input                - Clearing active input actions
13:42:53.240 [JavaFX Application Thread] DEBUG GameApplicationServi - Removing overlay from FXGLStartupScene and adding to FXGLMainMenuDummyScene
13:42:53.241 [JavaFX Application Thread] DEBUG PrimaryStageWindow   - FXGLStartupScene -> FXGLMainMenuDummyScene
13:42:53.241 [JavaFX Application Thread] DEBUG PrimaryStageWindow   - Push state: FXGLDefaultMenu
13:42:53.246 [JavaFX Application Thread] DEBUG Input                - Clearing active input actions
13:42:53.257 [JavaFX Application Thread] DEBUG GameApplicationServi - Removing overlay from FXGLMainMenuDummyScene and adding to FXGLDefaultMenu
13:42:53.258 [JavaFX Application Thread] DEBUG PrimaryStageWindow   - FXGLMainMenuDummyScene -> FXGLDefaultMenu
13:42:53.290 [JavaFX Application Thread] DEBUG FXGLApplication      - Registering font factories with UI factory
13:42:55.700 [JavaFX Application Thread] DEBUG Menu                 - fireNewGame()
13:42:55.701 [JavaFX Application Thread] DEBUG GameApplicationServi - Starting new game
13:42:55.702 [JavaFX Application Thread] DEBUG PrimaryStageWindow   - Pop state: FXGLDefaultMenu
13:42:55.703 [JavaFX Application Thread] DEBUG Input                - Clearing active input actions
13:42:55.704 [JavaFX Application Thread] DEBUG GameApplicationServi - Removing overlay from FXGLDefaultMenu and adding to FXGLMainMenuDummyScene
13:42:55.704 [JavaFX Application Thread] DEBUG PrimaryStageWindow   - FXGLMainMenuDummyScene <- FXGLDefaultMenu
13:42:55.705 [JavaFX Application Thread] DEBUG Input                - Clearing active input actions
13:42:55.711 [JavaFX Application Thread] DEBUG GameApplicationServi - Removing overlay from FXGLMainMenuDummyScene and adding to FXGLLoadingScene
13:42:55.712 [JavaFX Application Thread] DEBUG PrimaryStageWindow   - FXGLMainMenuDummyScene -> FXGLLoadingScene
13:42:55.712 [JavaFX Application Thread] DEBUG GameApplicationServi - Clearing previous game
13:42:55.712 [JavaFX Application Thread] DEBUG GameScene            - Clearing game scene
13:42:55.712 [JavaFX Application Thread] DEBUG GameWorld            - Clearing game world
13:42:55.712 [JavaFX Application Thread] DEBUG PhysicsWorld         - Clearing physics world
13:42:55.714 [FXGL Background Thread 2 ] DEBUG FXGLApplication      - Initializing game
13:42:55.776 [FXGL Background Thread 2 ] WARN  TMXLevelLoader       - TiledMap generated from 1.11.0. Supported version: 1.9.0. Some features may not be parsed fully.
13:42:55.810 [FXGL Background Thread 2 ] DEBUG TMXLevelLoader       - Parsed TiledMap: file:/Users/dy/Desktop/alfa/Java/Projectarbeit/Tanks/target/classes/assets/levels/level1.tmx
13:42:55.811 [FXGL Background Thread 2 ] DEBUG TMXLevelLoader       - Creating tile layer entities
13:42:55.812 [FXGL Background Thread 2 ] DEBUG TMXLevelLoader       - Creating object layer entities
13:42:55.853 [FXGL Background Thread 2 ] DEBUG FXGLAssetLoaderServi - Loading from file system: file:/Users/dy/Desktop/alfa/Java/Projectarbeit/Tanks/target/classes/assets/textures/items/sea_animation.png
13:42:55.964 [FXGL Background Thread 2 ] DEBUG GameWorld            - Clearing removable entities
13:42:55.964 [FXGL Background Thread 2 ] DEBUG GameWorld            - Setting level: com.almasb.fxgl.entity.level.Level@17a2b25e
13:42:55.986 [FXGL Background Thread 2 ] DEBUG FXGLAssetLoaderServi - Loading from file system: file:/Users/dy/Desktop/alfa/Java/Projectarbeit/Tanks/target/classes/assets/textures/tanks/player.png
13:42:55.996 [FXGL Background Thread 2 ] DEBUG FXGLAssetLoaderServi - Loading from file system: file:/Users/dy/Desktop/alfa/Java/Projectarbeit/Tanks/target/classes/assets/textures/ui/enemy_info.png
13:42:55.999 [FXGL Background Thread 2 ] DEBUG FXGLAssetLoaderServi - Loading from file system: file:/Users/dy/Desktop/alfa/Java/Projectarbeit/Tanks/target/classes/assets/textures/ui/levelFlag.png
13:42:56.004 [FXGL Background Thread 2 ] DEBUG FXGLAssetLoaderServi - Loading from file system: file:/Users/dy/Desktop/alfa/Java/Projectarbeit/Tanks/target/classes/assets/textures/tanks/T3.png
13:42:56.008 [FXGL Background Thread 2 ] DEBUG FXGLAssetLoaderServi - Loading from file system: file:/Users/dy/Desktop/alfa/Java/Projectarbeit/Tanks/target/classes/assets/textures/tanks/T2.png
13:42:56.010 [FXGL Background Thread 2 ] DEBUG FXGLAssetLoaderServi - Loading from file system: file:/Users/dy/Desktop/alfa/Java/Projectarbeit/Tanks/target/classes/assets/textures/tanks/T6.png
13:42:56.013 [FXGL Background Thread 2 ] INFO  FXGLApplication      - Game initialization took: 0,299 sec
13:42:56.013 [JavaFX Application Thread] DEBUG Input                - Clearing active input actions
13:42:56.024 [JavaFX Application Thread] DEBUG GameApplicationServi - Removing overlay from FXGLLoadingScene and adding to GameScene
13:42:56.024 [JavaFX Application Thread] DEBUG PrimaryStageWindow   - FXGLLoadingScene -> GameScene
13:42:56.158 [FXGL Background Thread 3 ] DEBUG Engine               - Logging environment variables
13:42:56.159 [FXGL Background Thread 3 ] DEBUG Engine               - achievements: []
13:42:56.159 [FXGL Background Thread 3 ] DEBUG Engine               - actualHeight: 672.0
13:42:56.159 [FXGL Background Thread 3 ] DEBUG Engine               - actualHeightProperty: ReadOnlyDoubleProperty [value: 672.0]
13:42:56.159 [FXGL Background Thread 3 ] DEBUG Engine               - actualWidth: 816.0
13:42:56.159 [FXGL Background Thread 3 ] DEBUG Engine               - actualWidthProperty: ReadOnlyDoubleProperty [value: 816.0]
13:42:56.159 [FXGL Background Thread 3 ] DEBUG Engine               - appIcon: fxgl_icon.png
13:42:56.159 [FXGL Background Thread 3 ] DEBUG Engine               - applicationMode: DEVELOPER
13:42:56.160 [FXGL Background Thread 3 ] DEBUG Engine               - cSSList: [fxgl_dark.css]
13:42:56.160 [FXGL Background Thread 3 ] DEBUG Engine               - collisionDetectionStrategy: BRUTE_FORCE
13:42:56.160 [FXGL Background Thread 3 ] DEBUG Engine               - configClass: Optional.empty
13:42:56.160 [FXGL Background Thread 3 ] DEBUG Engine               - credits: []
13:42:56.161 [FXGL Background Thread 3 ] DEBUG Engine               - defaultCursor: CursorInfo(imageName=fxgl_default_cursor.png, hotspotX=7.0, hotspotY=6.0)
13:42:56.161 [FXGL Background Thread 3 ] DEBUG Engine               - devBBoxColorProperty: ObjectProperty [value: 0xff0000ff]
13:42:56.161 [FXGL Background Thread 3 ] DEBUG Engine               - devEnableDebugCameraProperty: BooleanProperty [value: false]
13:42:56.161 [FXGL Background Thread 3 ] DEBUG Engine               - devSensorColorProperty: ObjectProperty [value: 0xffff00ff]
13:42:56.161 [FXGL Background Thread 3 ] DEBUG Engine               - devShowBBoxProperty: BooleanProperty [value: false]
13:42:56.161 [FXGL Background Thread 3 ] DEBUG Engine               - devShowPositionProperty: BooleanProperty [value: false]
13:42:56.162 [FXGL Background Thread 3 ] DEBUG Engine               - enabledMenuItems: []
13:42:56.162 [FXGL Background Thread 3 ] DEBUG Engine               - engineServices: [class com.almasb.fxgl.app.services.FXGLAssetLoaderService, class com.almasb.fxgl.app.FXGLApplication$GameApplicationService, class com.almasb.fxgl.app.services.FXGLDialogService, class com.almasb.fxgl.app.services.IOTaskExecutorService, class com.almasb.fxgl.io.FileSystemService, class com.almasb.fxgl.localization.LocalizationService, class com.almasb.fxgl.app.services.SystemBundleService, class com.almasb.fxgl.profile.SaveLoadService, class com.almasb.fxgl.ui.FXGLUIFactoryServiceProvider, class com.almasb.fxgl.ui.FXGLDialogFactoryServiceProvider, class com.almasb.fxgl.audio.AudioPlayer, class com.almasb.fxgl.notification.impl.NotificationServiceProvider, class com.almasb.fxgl.achievement.AchievementService, class com.almasb.fxgl.cutscene.CutsceneService, class com.almasb.fxgl.minigames.MiniGameService, class com.almasb.fxgl.net.NetService, class com.almasb.fxgl.app.services.UpdaterService, class com.almasb.fxgl.dev.DevService]
13:42:56.162 [FXGL Background Thread 3 ] DEBUG Engine               - fontGame: Abel-Regular.ttf
13:42:56.162 [FXGL Background Thread 3 ] DEBUG Engine               - fontMono: TerminalLandMono-Regular.otf
13:42:56.162 [FXGL Background Thread 3 ] DEBUG Engine               - fontSizeScaleUI: 1.0
13:42:56.162 [FXGL Background Thread 3 ] DEBUG Engine               - fontText: Courier-Prime.ttf
13:42:56.162 [FXGL Background Thread 3 ] DEBUG Engine               - fontUI: VarelaRound-Regular.ttf
13:42:56.162 [FXGL Background Thread 3 ] DEBUG Engine               - fullScreen: BooleanProperty [value: false]
13:42:56.162 [FXGL Background Thread 3 ] DEBUG Engine               - gameDifficulty: MEDIUM
13:42:56.163 [FXGL Background Thread 3 ] DEBUG Engine               - gameDifficultyProperty: ObjectProperty [value: MEDIUM]
13:42:56.163 [FXGL Background Thread 3 ] DEBUG Engine               - globalMusicVolume: 0.5
13:42:56.163 [FXGL Background Thread 3 ] DEBUG Engine               - globalMusicVolumeProperty: DoubleProperty [value: 0.5]
13:42:56.163 [FXGL Background Thread 3 ] DEBUG Engine               - globalSoundVolume: 0.5
13:42:56.163 [FXGL Background Thread 3 ] DEBUG Engine               - globalSoundVolumeProperty: DoubleProperty [value: 0.5]
13:42:56.163 [FXGL Background Thread 3 ] DEBUG Engine               - height: 672
13:42:56.164 [FXGL Background Thread 3 ] DEBUG Engine               - is3D: false
13:42:56.164 [FXGL Background Thread 3 ] DEBUG Engine               - isAndroid: false
13:42:56.164 [FXGL Background Thread 3 ] DEBUG Engine               - isBrowser: false
13:42:56.164 [FXGL Background Thread 3 ] DEBUG Engine               - isClickFeedbackEnabled: false
13:42:56.164 [FXGL Background Thread 3 ] DEBUG Engine               - isCloseConfirmation: false
13:42:56.164 [FXGL Background Thread 3 ] DEBUG Engine               - isDesktop: true
13:42:56.164 [FXGL Background Thread 3 ] DEBUG Engine               - isDeveloperMenuEnabled: false
13:42:56.164 [FXGL Background Thread 3 ] DEBUG Engine               - isEmbedded: false
13:42:56.164 [FXGL Background Thread 3 ] DEBUG Engine               - isEntityPreloadEnabled: true
13:42:56.164 [FXGL Background Thread 3 ] DEBUG Engine               - isExperimentalTiledLargeMap: false
13:42:56.164 [FXGL Background Thread 3 ] DEBUG Engine               - isFileSystemWriteAllowed: true
13:42:56.164 [FXGL Background Thread 3 ] DEBUG Engine               - isFullScreenAllowed: false
13:42:56.164 [FXGL Background Thread 3 ] DEBUG Engine               - isFullScreenFromStart: false
13:42:56.165 [FXGL Background Thread 3 ] DEBUG Engine               - isGameMenuEnabled: true
13:42:56.165 [FXGL Background Thread 3 ] DEBUG Engine               - isIOS: false
13:42:56.165 [FXGL Background Thread 3 ] DEBUG Engine               - isIntroEnabled: false
13:42:56.165 [FXGL Background Thread 3 ] DEBUG Engine               - isLinux: false
13:42:56.165 [FXGL Background Thread 3 ] DEBUG Engine               - isMac: true
13:42:56.165 [FXGL Background Thread 3 ] DEBUG Engine               - isMainMenuEnabled: true
13:42:56.165 [FXGL Background Thread 3 ] DEBUG Engine               - isManualResizeEnabled: false
13:42:56.165 [FXGL Background Thread 3 ] DEBUG Engine               - isMobile: false
13:42:56.165 [FXGL Background Thread 3 ] DEBUG Engine               - isNative: false
13:42:56.165 [FXGL Background Thread 3 ] DEBUG Engine               - isPauseMusicWhenMinimized: true
13:42:56.166 [FXGL Background Thread 3 ] DEBUG Engine               - isPreserveResizeRatio: false
13:42:56.166 [FXGL Background Thread 3 ] DEBUG Engine               - isProfilingEnabled: false
13:42:56.166 [FXGL Background Thread 3 ] DEBUG Engine               - isScaleAffectedOnResize: true
13:42:56.166 [FXGL Background Thread 3 ] DEBUG Engine               - isSingleStep: false
13:42:56.166 [FXGL Background Thread 3 ] DEBUG Engine               - isUserProfileEnabled: false
13:42:56.166 [FXGL Background Thread 3 ] DEBUG Engine               - isWindows: false
13:42:56.166 [FXGL Background Thread 3 ] DEBUG Engine               - language: ObjectProperty [value: ENGLISH]
13:42:56.166 [FXGL Background Thread 3 ] DEBUG Engine               - menuKey: ESCAPE
13:42:56.166 [FXGL Background Thread 3 ] DEBUG Engine               - mouseSensitivity: 0.2
13:42:56.166 [FXGL Background Thread 3 ] DEBUG Engine               - notificationViewClass: class com.almasb.fxgl.notification.view.XboxNotificationView
13:42:56.167 [FXGL Background Thread 3 ] DEBUG Engine               - pixelsPerMeter: 50.0
13:42:56.167 [FXGL Background Thread 3 ] DEBUG Engine               - platform: MAC
13:42:56.167 [FXGL Background Thread 3 ] DEBUG Engine               - prefHeightProperty: ReadOnlyDoubleProperty [value: 672.0]
13:42:56.167 [FXGL Background Thread 3 ] DEBUG Engine               - prefWidthProperty: ReadOnlyDoubleProperty [value: 816.0]
13:42:56.167 [FXGL Background Thread 3 ] DEBUG Engine               - profileDir: profiles/
13:42:56.167 [FXGL Background Thread 3 ] DEBUG Engine               - profileName: StringProperty [value: DEFAULT]
13:42:56.167 [FXGL Background Thread 3 ] DEBUG Engine               - randomSeed: -1
13:42:56.168 [FXGL Background Thread 3 ] DEBUG Engine               - runtimeInfo: RuntimeInfo(platform=MAC, version=21.1, build=27.03.2024 07.52)
13:42:56.168 [FXGL Background Thread 3 ] DEBUG Engine               - saveFileExt: sav
13:42:56.168 [FXGL Background Thread 3 ] DEBUG Engine               - scaledHeightProp$fxgl: DoubleProperty [bound, value: 672.0]
13:42:56.168 [FXGL Background Thread 3 ] DEBUG Engine               - scaledWidthProp$fxgl: DoubleProperty [bound, value: 816.0]
13:42:56.168 [FXGL Background Thread 3 ] DEBUG Engine               - sceneFactory: com.almasb.fxgl.app.scene.SceneFactory@2759d1c8
13:42:56.168 [FXGL Background Thread 3 ] DEBUG Engine               - secondsIn24h: 60
13:42:56.169 [FXGL Background Thread 3 ] DEBUG Engine               - soundMenuBack: menu/back.wav
13:42:56.169 [FXGL Background Thread 3 ] DEBUG Engine               - soundMenuPress: menu/press.wav
13:42:56.169 [FXGL Background Thread 3 ] DEBUG Engine               - soundMenuSelect: menu/select.wav
13:42:56.169 [FXGL Background Thread 3 ] DEBUG Engine               - soundNotification: core/notification.wav
13:42:56.169 [FXGL Background Thread 3 ] DEBUG Engine               - stageStyle: DECORATED
13:42:56.169 [FXGL Background Thread 3 ] DEBUG Engine               - supportedLanguages: [ENGLISH, FRENCH, GERMAN, HUNGARIAN, RUSSIAN]
13:42:56.169 [FXGL Background Thread 3 ] DEBUG Engine               - ticksPerSecond: -1
13:42:56.170 [FXGL Background Thread 3 ] DEBUG Engine               - title: Tank
13:42:56.170 [FXGL Background Thread 3 ] DEBUG Engine               - urlGithub: https://github.com/AlmasB/FXGL
13:42:56.170 [FXGL Background Thread 3 ] DEBUG Engine               - urlLeaderboard: http://fxgl-top.herokuapp.com/
13:42:56.170 [FXGL Background Thread 3 ] DEBUG Engine               - urlPOM: https://raw.githubusercontent.com/AlmasB/FXGL/release/README.md
13:42:56.170 [FXGL Background Thread 3 ] DEBUG Engine               - userAppClass: class de.dywebstudio.tanks.TankApp
13:42:56.170 [FXGL Background Thread 3 ] DEBUG Engine               - version: 1.0
13:42:56.170 [FXGL Background Thread 3 ] DEBUG Engine               - versionCheckDays: 7
13:42:56.170 [FXGL Background Thread 3 ] DEBUG Engine               - width: 816
13:42:56.170 [FXGL Background Thread 3 ] DEBUG Engine               - Logging services
13:42:56.170 [FXGL Background Thread 3 ] DEBUG Engine               - class com.almasb.fxgl.app.services.FXGLAssetLoaderService
13:42:56.170 [FXGL Background Thread 3 ] DEBUG Engine               - class com.almasb.fxgl.app.FXGLApplication$GameApplicationService
13:42:56.170 [FXGL Background Thread 3 ] DEBUG Engine               - class com.almasb.fxgl.app.services.FXGLDialogService
13:42:56.170 [FXGL Background Thread 3 ] DEBUG Engine               - class com.almasb.fxgl.app.services.IOTaskExecutorService
13:42:56.170 [FXGL Background Thread 3 ] DEBUG Engine               - class com.almasb.fxgl.io.FileSystemService
13:42:56.170 [FXGL Background Thread 3 ] DEBUG Engine               - class com.almasb.fxgl.localization.LocalizationService
13:42:56.171 [FXGL Background Thread 3 ] DEBUG Engine               - class com.almasb.fxgl.app.services.SystemBundleService
13:42:56.171 [FXGL Background Thread 3 ] DEBUG Engine               - class com.almasb.fxgl.profile.SaveLoadService
13:42:56.171 [FXGL Background Thread 3 ] DEBUG Engine               - class com.almasb.fxgl.ui.FXGLUIFactoryServiceProvider
13:42:56.171 [FXGL Background Thread 3 ] DEBUG Engine               - class com.almasb.fxgl.ui.FXGLDialogFactoryServiceProvider
13:42:56.171 [FXGL Background Thread 3 ] DEBUG Engine               - class com.almasb.fxgl.audio.AudioPlayer
13:42:56.171 [FXGL Background Thread 3 ] DEBUG Engine               - class com.almasb.fxgl.notification.impl.NotificationServiceProvider
13:42:56.171 [FXGL Background Thread 3 ] DEBUG Engine               - class com.almasb.fxgl.achievement.AchievementService
13:42:56.171 [FXGL Background Thread 3 ] DEBUG Engine               - class com.almasb.fxgl.cutscene.CutsceneService
13:42:56.171 [FXGL Background Thread 3 ] DEBUG Engine               - class com.almasb.fxgl.minigames.MiniGameService
13:42:56.171 [FXGL Background Thread 3 ] DEBUG Engine               - class com.almasb.fxgl.net.NetService
13:42:56.171 [FXGL Background Thread 3 ] DEBUG Engine               - class com.almasb.fxgl.app.services.UpdaterService
13:42:56.171 [FXGL Background Thread 3 ] DEBUG Engine               - class com.almasb.fxgl.dev.DevService
13:42:56.689 [JavaFX Application Thread] DEBUG FXGLAssetLoaderServi - Loading from file system: file:/Users/dy/Desktop/alfa/Java/Projectarbeit/Tanks/target/classes/assets/textures/items/bullet/norm.png
13:42:59.849 [JavaFX Application Thread] DEBUG FXGLAssetLoaderServi - Loading from file system: file:/Users/dy/Desktop/alfa/Java/Projectarbeit/Tanks/target/classes/assets/textures/tanks/T4.png
13:43:19.166 [JavaFX Application Thread] DEBUG PrimaryStageWindow   - Push state: WinnerScene
13:43:19.166 [JavaFX Application Thread] DEBUG Input                - Clearing active input actions
13:43:19.166 [JavaFX Application Thread] DEBUG GameApplicationServi - Removing overlay from GameScene and adding to WinnerScene
13:43:19.166 [JavaFX Application Thread] DEBUG PrimaryStageWindow   - GameScene -> WinnerScene
13:43:21.181 [JavaFX Application Thread] DEBUG PrimaryStageWindow   - Pop state: WinnerScene
13:43:21.182 [JavaFX Application Thread] DEBUG Input                - Clearing active input actions
13:43:21.182 [JavaFX Application Thread] DEBUG GameApplicationServi - Removing overlay from WinnerScene and adding to GameScene
13:43:21.182 [JavaFX Application Thread] DEBUG PrimaryStageWindow   - GameScene <- WinnerScene
13:43:21.185 [JavaFX Application Thread] WARN  TMXLevelLoader       - TiledMap generated from 1.11.0. Supported version: 1.9.0. Some features may not be parsed fully.
13:43:21.194 [JavaFX Application Thread] DEBUG TMXLevelLoader       - Parsed TiledMap: file:/Users/dy/Desktop/alfa/Java/Projectarbeit/Tanks/target/classes/assets/levels/level2.tmx
13:43:21.195 [JavaFX Application Thread] DEBUG TMXLevelLoader       - Creating tile layer entities
13:43:21.195 [JavaFX Application Thread] DEBUG TMXLevelLoader       - Creating object layer entities
13:43:21.213 [JavaFX Application Thread] DEBUG GameWorld            - Clearing removable entities
13:43:21.219 [JavaFX Application Thread] DEBUG GameWorld            - Setting level: com.almasb.fxgl.entity.level.Level@7490731b
13:43:21.223 [JavaFX Application Thread] DEBUG FXGLAssetLoaderServi - Loading from file system: file:/Users/dy/Desktop/alfa/Java/Projectarbeit/Tanks/target/classes/assets/textures/tanks/T5.png
13:43:21.225 [JavaFX Application Thread] DEBUG FXGLAssetLoaderServi - Loading from file system: file:/Users/dy/Desktop/alfa/Java/Projectarbeit/Tanks/target/classes/assets/textures/tanks/T1.png
13:43:47.381 [JavaFX Application Thread] DEBUG PrimaryStageWindow   - Push state: WinnerScene
13:43:47.381 [JavaFX Application Thread] DEBUG Input                - Clearing active input actions
13:43:47.382 [JavaFX Application Thread] DEBUG GameApplicationServi - Removing overlay from GameScene and adding to WinnerScene
13:43:47.382 [JavaFX Application Thread] DEBUG PrimaryStageWindow   - GameScene -> WinnerScene
13:43:49.401 [JavaFX Application Thread] DEBUG PrimaryStageWindow   - Pop state: WinnerScene
13:43:49.401 [JavaFX Application Thread] DEBUG Input                - Clearing active input actions
13:43:49.401 [JavaFX Application Thread] DEBUG GameApplicationServi - Removing overlay from WinnerScene and adding to GameScene
13:43:49.401 [JavaFX Application Thread] DEBUG PrimaryStageWindow   - GameScene <- WinnerScene
13:43:49.401 [JavaFX Application Thread] DEBUG Input                - Clearing active input actions
13:43:49.407 [JavaFX Application Thread] DEBUG GameApplicationServi - Removing overlay from GameScene and adding to FXGLMainMenuDummyScene
13:43:49.407 [JavaFX Application Thread] DEBUG PrimaryStageWindow   - GameScene -> FXGLMainMenuDummyScene
13:43:49.407 [JavaFX Application Thread] DEBUG PrimaryStageWindow   - Push state: FXGLDefaultMenu
13:43:49.407 [JavaFX Application Thread] DEBUG Input                - Clearing active input actions
13:43:49.410 [JavaFX Application Thread] DEBUG GameApplicationServi - Removing overlay from FXGLMainMenuDummyScene and adding to FXGLDefaultMenu
13:43:49.411 [JavaFX Application Thread] DEBUG PrimaryStageWindow   - FXGLMainMenuDummyScene -> FXGLDefaultMenu
13:43:54.694 [JavaFX Application Thread] DEBUG Menu                 - fireExit()
13:43:54.697 [JavaFX Application Thread] DEBUG PrimaryStageWindow   - Push state: DialogSubScene
13:43:54.697 [JavaFX Application Thread] DEBUG Input                - Clearing active input actions
13:43:54.697 [JavaFX Application Thread] DEBUG GameApplicationServi - Removing overlay from FXGLDefaultMenu and adding to DialogSubScene
13:43:54.697 [JavaFX Application Thread] DEBUG PrimaryStageWindow   - FXGLDefaultMenu -> DialogSubScene
13:43:56.104 [JavaFX Application Thread] DEBUG PrimaryStageWindow   - Pop state: DialogSubScene
13:43:56.104 [JavaFX Application Thread] DEBUG Input                - Clearing active input actions
13:43:56.105 [JavaFX Application Thread] DEBUG GameApplicationServi - Removing overlay from DialogSubScene and adding to FXGLDefaultMenu
13:43:56.105 [JavaFX Application Thread] DEBUG PrimaryStageWindow   - FXGLDefaultMenu <- DialogSubScene
13:43:56.105 [JavaFX Application Thread] DEBUG FXGLApplication      - Exiting FXGL
13:43:56.105 [JavaFX Application Thread] DEBUG LoopRunner           - Stopping loop
13:43:56.105 [JavaFX Application Thread] DEBUG SystemBundleService  - Saving FXGL system data
13:43:56.107 [JavaFX Application Thread] DEBUG FileSystemAccess     - Writing to: /Users/dy/Desktop/alfa/Java/Projectarbeit/Tanks/system/fxgl.bundle
13:43:56.109 [JavaFX Application Thread] DEBUG Async                - Shutting down background threads
13:43:56.109 [JavaFX Application Thread] DEBUG PrimaryStageWindow   - Closing main window
13:43:56.124 [JavaFX Application Thread] DEBUG Logger               - Closing Logger
