10:11:53.421 [main                     ] DEBUG Logger               - Configured Logger
10:11:53.448 [main                     ] DEBUG GameApplication      - Logging settings
Title: Tank
Version: 1.0
Width: 816
Height: 672
Fullscreen: false
Intro: false
Profiling: false
Single step:false
App Mode: DEVELOPER
Menu Key: ESCAPE
Stage Style: DECORATED
Scene Factory: class com.almasb.fxgl.app.scene.SceneFactory

10:11:53.875 [JavaFX Application Thread] DEBUG FXGLApplication      - Initializing FXGL
10:11:53.880 [JavaFX Application Thread] INFO  Engine               - FXGL-21.1 (27.03.2024 07.52) on MAC (J:22.0.2 FX:22.0.1)
10:11:53.880 [JavaFX Application Thread] DEBUG Engine               - JRE Vendor Name: Homebrew
10:11:53.881 [JavaFX Application Thread] DEBUG Engine               - Running on OS: Mac OS X version 14.6.1
10:11:53.881 [JavaFX Application Thread] DEBUG Engine               - Architecture: x86_64
10:11:53.881 [JavaFX Application Thread] INFO  Engine               - Source code and latest versions at: https://github.com/AlmasB/FXGL
10:11:53.881 [JavaFX Application Thread] INFO  Engine               -       Ask questions and discuss at: https://github.com/AlmasB/FXGL/discussions
10:11:53.881 [JavaFX Application Thread] INFO  Engine               -              Join the FXGL chat at: https://gitter.im/AlmasB/FXGL
10:11:53.997 [JavaFX Application Thread] DEBUG PrimaryStageWindow   - Creating a JavaFX scene
10:11:54.061 [JavaFX Application Thread] DEBUG PrimaryStageWindow   - Target settings size: 816.0 x 672.0
10:11:54.062 [JavaFX Application Thread] DEBUG PrimaryStageWindow   - Scaled scene size:    816.0 x 672.0
10:11:54.062 [JavaFX Application Thread] DEBUG PrimaryStageWindow   - Scaled ratio: (1.0, 1.0)
10:11:54.063 [JavaFX Application Thread] DEBUG PrimaryStageWindow   - Set initial scene to FXGLStartupScene
10:11:54.066 [JavaFX Application Thread] DEBUG PrimaryStageWindow   - Opening main window
10:11:54.190 [JavaFX Application Thread] DEBUG PrimaryStageWindow   - Window border size: (0.0, 28.0)
10:11:54.190 [JavaFX Application Thread] DEBUG PrimaryStageWindow   - Scaled size: 816.0 x 672.0
10:11:54.191 [JavaFX Application Thread] DEBUG PrimaryStageWindow   - Scaled ratio: (1.0, 1.0)
10:11:54.191 [JavaFX Application Thread] DEBUG PrimaryStageWindow   - Scene size: 816.0 x 672.0
10:11:54.191 [JavaFX Application Thread] DEBUG PrimaryStageWindow   - Stage size: 816.0 x 700.0
10:11:54.201 [FXGL Background Thread 1 ] DEBUG Engine               - Initializing environment variables
10:11:54.332 [FXGL Background Thread 1 ] DEBUG FXGLAssetLoaderServi - User app class for loading assets: class de.dywebstudio.tanks.TankApp
10:11:54.333 [FXGL Background Thread 1 ] DEBUG GameApplicationServi - Applying CSS: fxgl_dark.css
10:11:54.334 [FXGL Background Thread 1 ] DEBUG FXGLAssetLoaderServi - Loading from file system: jar:file:///Users/dy/.m2/repository/com/github/almasb/fxgl/21.1/fxgl-21.1.jar!/fxglassets/ui/css/fxgl_dark.css
10:11:54.659 [FXGL Background Thread 1 ] DEBUG GameApplicationServi - Initializing application scenes
10:11:55.353 [FXGL Background Thread 1 ] DEBUG GameWorld            - Game world initialized
10:11:55.428 [FXGL Background Thread 1 ] DEBUG PhysicsWorld         - Physics world initialized: appHeight=672, physics.ppm=50,0
10:11:55.429 [FXGL Background Thread 1 ] DEBUG PhysicsWorld         - Using strategy: BRUTE_FORCE
10:11:55.433 [FXGL Background Thread 1 ] DEBUG GameScene            - Game scene initialized: 816x672
10:11:55.448 [FXGL Background Thread 1 ] DEBUG FXGL.DefaultMenu     - createMenuBodyMainMenu()
10:11:55.474 [FXGL Background Thread 1 ] DEBUG FXGL.DefaultMenu     - createOptionsMenu()
10:11:55.488 [FXGL Background Thread 1 ] DEBUG FXGLAssetLoaderServi - Loading from file system: jar:file:///Users/dy/.m2/repository/com/github/almasb/fxgl/21.1/fxgl-21.1.jar!/fxglassets/textures/particles/smoke.png
10:11:55.619 [FXGL Background Thread 1 ] DEBUG FXGLAssetLoaderServi - Loading from file system: jar:file:///Users/dy/.m2/repository/com/github/almasb/fxgl/21.1/fxgl-21.1.jar!/fxglassets/textures/particles/trace_horizontal.png
10:11:55.642 [FXGL Background Thread 1 ] DEBUG FXGL.DefaultMenu     - createMenuBodyGameMenu()
10:11:55.644 [FXGL Background Thread 1 ] DEBUG FXGL.DefaultMenu     - createOptionsMenu()
10:11:55.661 [FXGL Background Thread 1 ] DEBUG GameApplicationServi - Application scenes initialized
10:11:55.677 [FXGL Background Thread 1 ] DEBUG SystemBundleService  - Loading FXGL system data
10:11:55.684 [FXGL Background Thread 1 ] DEBUG FileSystemAccess     - Reading from: /Users/dy/Desktop/alfa/Java/Projectarbeit/Tanks/system/fxgl.bundle
10:11:55.698 [FXGL Background Thread 1 ] DEBUG SystemBundleService  - Bundle FXGL: {}
10:11:55.699 [FXGL Background Thread 1 ] DEBUG UpdaterService       - Checking for updates
10:11:55.703 [FXGL Background Thread 4 ] DEBUG FXGLApplication      - Loading fonts
10:11:55.703 [FXGL Background Thread 4 ] DEBUG FXGLAssetLoaderServi - Loading from file system: jar:file:///Users/dy/.m2/repository/com/github/almasb/fxgl/21.1/fxgl-21.1.jar!/fxglassets/ui/fonts/VarelaRound-Regular.ttf
10:11:55.704 [FXGL Background Thread 1 ] DEBUG FXGLApplication      - Loading default localization
10:11:55.704 [FXGL Background Thread 1 ] DEBUG FXGLAssetLoaderServi - Loading from file system: jar:file:///Users/dy/.m2/repository/com/github/almasb/fxgl/21.1/fxgl-21.1.jar!/fxglassets/languages/english.lang
10:11:55.721 [FXGL Background Thread 1 ] INFO  FXGLApplication      - FXGL initialization took: 1,519 sec
10:11:55.729 [FXGL Background Thread 4 ] DEBUG FXGLAssetLoaderServi - Loading from file system: jar:file:///Users/dy/.m2/repository/com/github/almasb/fxgl/21.1/fxgl-21.1.jar!/fxglassets/ui/fonts/Abel-Regular.ttf
10:11:55.733 [FXGL Background Thread 4 ] DEBUG FXGLAssetLoaderServi - Loading from file system: jar:file:///Users/dy/.m2/repository/com/github/almasb/fxgl/21.1/fxgl-21.1.jar!/fxglassets/ui/fonts/TerminalLandMono-Regular.otf
10:11:55.734 [JavaFX Application Thread] DEBUG Input                - Registered new binding: action0 - W
10:11:55.735 [JavaFX Application Thread] DEBUG Input                - Registered new binding: action1 - S
10:11:55.736 [JavaFX Application Thread] DEBUG Input                - Registered new binding: action2 - A
10:11:55.736 [JavaFX Application Thread] DEBUG Input                - Registered new binding: action3 - D
10:11:55.737 [JavaFX Application Thread] DEBUG Input                - Registered new binding: action4 - Space
10:11:55.737 [JavaFX Application Thread] DEBUG FXGLAssetLoaderServi - Loading from file system: jar:file:///Users/dy/.m2/repository/com/github/almasb/fxgl/21.1/fxgl-21.1.jar!/fxglassets/textures/fxgl_icon.png
10:11:55.741 [FXGL Background Thread 4 ] DEBUG FXGLAssetLoaderServi - Loading from file system: jar:file:///Users/dy/.m2/repository/com/github/almasb/fxgl/21.1/fxgl-21.1.jar!/fxglassets/ui/fonts/Courier-Prime.ttf
10:11:55.766 [JavaFX Application Thread] DEBUG FXGLAssetLoaderServi - Loading from file system: jar:file:///Users/dy/.m2/repository/com/github/almasb/fxgl/21.1/fxgl-21.1.jar!/fxglassets/textures/fxgl_default_cursor.png
10:11:55.768 [JavaFX Application Thread] DEBUG Input                - Registered new binding: Screenshot - CTRL+8
10:11:55.769 [JavaFX Application Thread] DEBUG Input                - Registered new binding: System info dump - CTRL+9
10:11:55.769 [JavaFX Application Thread] DEBUG Input                - Registered new binding: Restart - CTRL+R
10:11:55.770 [JavaFX Application Thread] DEBUG Input                - Registered new binding: Toggle Debug Camera - CTRL+7
10:11:55.773 [JavaFX Application Thread] DEBUG LoopRunner           - Starting loop
10:11:55.773 [JavaFX Application Thread] DEBUG LoopRunner           - Initializing JavaFX AnimationTimerLoop
10:11:55.776 [JavaFX Application Thread] DEBUG Input                - Clearing active input actions
10:11:55.786 [JavaFX Application Thread] DEBUG GameApplicationServi - Removing overlay from FXGLStartupScene and adding to FXGLMainMenuDummyScene
10:11:55.787 [JavaFX Application Thread] DEBUG PrimaryStageWindow   - FXGLStartupScene -> FXGLMainMenuDummyScene
10:11:55.787 [JavaFX Application Thread] DEBUG PrimaryStageWindow   - Push state: FXGLDefaultMenu
10:11:55.792 [JavaFX Application Thread] DEBUG Input                - Clearing active input actions
10:11:55.806 [JavaFX Application Thread] DEBUG GameApplicationServi - Removing overlay from FXGLMainMenuDummyScene and adding to FXGLDefaultMenu
10:11:55.807 [JavaFX Application Thread] DEBUG PrimaryStageWindow   - FXGLMainMenuDummyScene -> FXGLDefaultMenu
10:11:55.959 [JavaFX Application Thread] DEBUG FXGLApplication      - Registering font factories with UI factory
10:11:58.706 [FXGL Background Thread 3 ] DEBUG Engine               - Logging environment variables
10:11:58.706 [FXGL Background Thread 3 ] DEBUG Engine               - achievements: []
10:11:58.707 [FXGL Background Thread 3 ] DEBUG Engine               - actualHeight: 672.0
10:11:58.707 [FXGL Background Thread 3 ] DEBUG Engine               - actualHeightProperty: ReadOnlyDoubleProperty [value: 672.0]
10:11:58.707 [FXGL Background Thread 3 ] DEBUG Engine               - actualWidth: 816.0
10:11:58.707 [FXGL Background Thread 3 ] DEBUG Engine               - actualWidthProperty: ReadOnlyDoubleProperty [value: 816.0]
10:11:58.707 [FXGL Background Thread 3 ] DEBUG Engine               - appIcon: fxgl_icon.png
10:11:58.707 [FXGL Background Thread 3 ] DEBUG Engine               - applicationMode: DEVELOPER
10:11:58.707 [FXGL Background Thread 3 ] DEBUG Engine               - cSSList: [fxgl_dark.css]
10:11:58.707 [FXGL Background Thread 3 ] DEBUG Engine               - collisionDetectionStrategy: BRUTE_FORCE
10:11:58.707 [FXGL Background Thread 3 ] DEBUG Engine               - configClass: Optional.empty
10:11:58.707 [FXGL Background Thread 3 ] DEBUG Engine               - credits: []
10:11:58.707 [FXGL Background Thread 3 ] DEBUG Engine               - defaultCursor: CursorInfo(imageName=fxgl_default_cursor.png, hotspotX=7.0, hotspotY=6.0)
10:11:58.708 [FXGL Background Thread 3 ] DEBUG Engine               - devBBoxColorProperty: ObjectProperty [value: 0xff0000ff]
10:11:58.708 [FXGL Background Thread 3 ] DEBUG Engine               - devEnableDebugCameraProperty: BooleanProperty [value: false]
10:11:58.708 [FXGL Background Thread 3 ] DEBUG Engine               - devSensorColorProperty: ObjectProperty [value: 0xffff00ff]
10:11:58.708 [FXGL Background Thread 3 ] DEBUG Engine               - devShowBBoxProperty: BooleanProperty [value: false]
10:11:58.708 [FXGL Background Thread 3 ] DEBUG Engine               - devShowPositionProperty: BooleanProperty [value: false]
10:11:58.708 [FXGL Background Thread 3 ] DEBUG Engine               - enabledMenuItems: []
10:11:58.708 [FXGL Background Thread 3 ] DEBUG Engine               - engineServices: [class com.almasb.fxgl.app.services.FXGLAssetLoaderService, class com.almasb.fxgl.app.FXGLApplication$GameApplicationService, class com.almasb.fxgl.app.services.FXGLDialogService, class com.almasb.fxgl.app.services.IOTaskExecutorService, class com.almasb.fxgl.io.FileSystemService, class com.almasb.fxgl.localization.LocalizationService, class com.almasb.fxgl.app.services.SystemBundleService, class com.almasb.fxgl.profile.SaveLoadService, class com.almasb.fxgl.ui.FXGLUIFactoryServiceProvider, class com.almasb.fxgl.ui.FXGLDialogFactoryServiceProvider, class com.almasb.fxgl.audio.AudioPlayer, class com.almasb.fxgl.notification.impl.NotificationServiceProvider, class com.almasb.fxgl.achievement.AchievementService, class com.almasb.fxgl.cutscene.CutsceneService, class com.almasb.fxgl.minigames.MiniGameService, class com.almasb.fxgl.net.NetService, class com.almasb.fxgl.app.services.UpdaterService, class com.almasb.fxgl.dev.DevService]
10:11:58.708 [FXGL Background Thread 3 ] DEBUG Engine               - fontGame: Abel-Regular.ttf
10:11:58.708 [FXGL Background Thread 3 ] DEBUG Engine               - fontMono: TerminalLandMono-Regular.otf
10:11:58.708 [FXGL Background Thread 3 ] DEBUG Engine               - fontSizeScaleUI: 1.0
10:11:58.708 [FXGL Background Thread 3 ] DEBUG Engine               - fontText: Courier-Prime.ttf
10:11:58.708 [FXGL Background Thread 3 ] DEBUG Engine               - fontUI: VarelaRound-Regular.ttf
10:11:58.708 [FXGL Background Thread 3 ] DEBUG Engine               - fullScreen: BooleanProperty [value: false]
10:11:58.708 [FXGL Background Thread 3 ] DEBUG Engine               - gameDifficulty: MEDIUM
10:11:58.709 [FXGL Background Thread 3 ] DEBUG Engine               - gameDifficultyProperty: ObjectProperty [value: MEDIUM]
10:11:58.709 [FXGL Background Thread 3 ] DEBUG Engine               - globalMusicVolume: 0.5
10:11:58.709 [FXGL Background Thread 3 ] DEBUG Engine               - globalMusicVolumeProperty: DoubleProperty [value: 0.5]
10:11:58.709 [FXGL Background Thread 3 ] DEBUG Engine               - globalSoundVolume: 0.5
10:11:58.709 [FXGL Background Thread 3 ] DEBUG Engine               - globalSoundVolumeProperty: DoubleProperty [value: 0.5]
10:11:58.709 [FXGL Background Thread 3 ] DEBUG Engine               - height: 672
10:11:58.709 [FXGL Background Thread 3 ] DEBUG Engine               - is3D: false
10:11:58.709 [FXGL Background Thread 3 ] DEBUG Engine               - isAndroid: false
10:11:58.709 [FXGL Background Thread 3 ] DEBUG Engine               - isBrowser: false
10:11:58.709 [FXGL Background Thread 3 ] DEBUG Engine               - isClickFeedbackEnabled: false
10:11:58.709 [FXGL Background Thread 3 ] DEBUG Engine               - isCloseConfirmation: false
10:11:58.709 [FXGL Background Thread 3 ] DEBUG Engine               - isDesktop: true
10:11:58.709 [FXGL Background Thread 3 ] DEBUG Engine               - isDeveloperMenuEnabled: false
10:11:58.709 [FXGL Background Thread 3 ] DEBUG Engine               - isEmbedded: false
10:11:58.709 [FXGL Background Thread 3 ] DEBUG Engine               - isEntityPreloadEnabled: true
10:11:58.709 [FXGL Background Thread 3 ] DEBUG Engine               - isExperimentalTiledLargeMap: false
10:11:58.709 [FXGL Background Thread 3 ] DEBUG Engine               - isFileSystemWriteAllowed: true
10:11:58.710 [FXGL Background Thread 3 ] DEBUG Engine               - isFullScreenAllowed: false
10:11:58.710 [FXGL Background Thread 3 ] DEBUG Engine               - isFullScreenFromStart: false
10:11:58.710 [FXGL Background Thread 3 ] DEBUG Engine               - isGameMenuEnabled: true
10:11:58.710 [FXGL Background Thread 3 ] DEBUG Engine               - isIOS: false
10:11:58.710 [FXGL Background Thread 3 ] DEBUG Engine               - isIntroEnabled: false
10:11:58.710 [FXGL Background Thread 3 ] DEBUG Engine               - isLinux: false
10:11:58.710 [FXGL Background Thread 3 ] DEBUG Engine               - isMac: true
10:11:58.710 [FXGL Background Thread 3 ] DEBUG Engine               - isMainMenuEnabled: true
10:11:58.710 [FXGL Background Thread 3 ] DEBUG Engine               - isManualResizeEnabled: false
10:11:58.710 [FXGL Background Thread 3 ] DEBUG Engine               - isMobile: false
10:11:58.710 [FXGL Background Thread 3 ] DEBUG Engine               - isNative: false
10:11:58.710 [FXGL Background Thread 3 ] DEBUG Engine               - isPauseMusicWhenMinimized: true
10:11:58.710 [FXGL Background Thread 3 ] DEBUG Engine               - isPreserveResizeRatio: false
10:11:58.710 [FXGL Background Thread 3 ] DEBUG Engine               - isProfilingEnabled: false
10:11:58.710 [FXGL Background Thread 3 ] DEBUG Engine               - isScaleAffectedOnResize: true
10:11:58.710 [FXGL Background Thread 3 ] DEBUG Engine               - isSingleStep: false
10:11:58.711 [FXGL Background Thread 3 ] DEBUG Engine               - isUserProfileEnabled: false
10:11:58.711 [FXGL Background Thread 3 ] DEBUG Engine               - isWindows: false
10:11:58.711 [FXGL Background Thread 3 ] DEBUG Engine               - language: ObjectProperty [value: ENGLISH]
10:11:58.711 [FXGL Background Thread 3 ] DEBUG Engine               - menuKey: ESCAPE
10:11:58.711 [FXGL Background Thread 3 ] DEBUG Engine               - mouseSensitivity: 0.2
10:11:58.711 [FXGL Background Thread 3 ] DEBUG Engine               - notificationViewClass: class com.almasb.fxgl.notification.view.XboxNotificationView
10:11:58.711 [FXGL Background Thread 3 ] DEBUG Engine               - pixelsPerMeter: 50.0
10:11:58.711 [FXGL Background Thread 3 ] DEBUG Engine               - platform: MAC
10:11:58.711 [FXGL Background Thread 3 ] DEBUG Engine               - prefHeightProperty: ReadOnlyDoubleProperty [value: 672.0]
10:11:58.711 [FXGL Background Thread 3 ] DEBUG Engine               - prefWidthProperty: ReadOnlyDoubleProperty [value: 816.0]
10:11:58.711 [FXGL Background Thread 3 ] DEBUG Engine               - profileDir: profiles/
10:11:58.711 [FXGL Background Thread 3 ] DEBUG Engine               - profileName: StringProperty [value: DEFAULT]
10:11:58.711 [FXGL Background Thread 3 ] DEBUG Engine               - randomSeed: -1
10:11:58.712 [FXGL Background Thread 3 ] DEBUG Engine               - runtimeInfo: RuntimeInfo(platform=MAC, version=21.1, build=27.03.2024 07.52)
10:11:58.712 [FXGL Background Thread 3 ] DEBUG Engine               - saveFileExt: sav
10:11:58.712 [FXGL Background Thread 3 ] DEBUG Engine               - scaledHeightProp$fxgl: DoubleProperty [bound, value: 672.0]
10:11:58.712 [FXGL Background Thread 3 ] DEBUG Engine               - scaledWidthProp$fxgl: DoubleProperty [bound, value: 816.0]
10:11:58.712 [FXGL Background Thread 3 ] DEBUG Engine               - sceneFactory: com.almasb.fxgl.app.scene.SceneFactory@2177ca95
10:11:58.712 [FXGL Background Thread 3 ] DEBUG Engine               - secondsIn24h: 60
10:11:58.712 [FXGL Background Thread 3 ] DEBUG Engine               - soundMenuBack: menu/back.wav
10:11:58.712 [FXGL Background Thread 3 ] DEBUG Engine               - soundMenuPress: menu/press.wav
10:11:58.712 [FXGL Background Thread 3 ] DEBUG Engine               - soundMenuSelect: menu/select.wav
10:11:58.712 [FXGL Background Thread 3 ] DEBUG Engine               - soundNotification: core/notification.wav
10:11:58.712 [FXGL Background Thread 3 ] DEBUG Engine               - stageStyle: DECORATED
10:11:58.712 [FXGL Background Thread 3 ] DEBUG Engine               - supportedLanguages: [ENGLISH, FRENCH, GERMAN, HUNGARIAN, RUSSIAN]
10:11:58.712 [FXGL Background Thread 3 ] DEBUG Engine               - ticksPerSecond: -1
10:11:58.712 [FXGL Background Thread 3 ] DEBUG Engine               - title: Tank
10:11:58.712 [FXGL Background Thread 3 ] DEBUG Engine               - urlGithub: https://github.com/AlmasB/FXGL
10:11:58.712 [FXGL Background Thread 3 ] DEBUG Engine               - urlLeaderboard: http://fxgl-top.herokuapp.com/
10:11:58.713 [FXGL Background Thread 3 ] DEBUG Engine               - urlPOM: https://raw.githubusercontent.com/AlmasB/FXGL/release/README.md
10:11:58.713 [FXGL Background Thread 3 ] DEBUG Engine               - userAppClass: class de.dywebstudio.tanks.TankApp
10:11:58.713 [FXGL Background Thread 3 ] DEBUG Engine               - version: 1.0
10:11:58.713 [FXGL Background Thread 3 ] DEBUG Engine               - versionCheckDays: 7
10:11:58.713 [FXGL Background Thread 3 ] DEBUG Engine               - width: 816
10:11:58.713 [FXGL Background Thread 3 ] DEBUG Engine               - Logging services
10:11:58.713 [FXGL Background Thread 3 ] DEBUG Engine               - class com.almasb.fxgl.app.services.FXGLAssetLoaderService
10:11:58.713 [FXGL Background Thread 3 ] DEBUG Engine               - class com.almasb.fxgl.app.FXGLApplication$GameApplicationService
10:11:58.713 [FXGL Background Thread 3 ] DEBUG Engine               - class com.almasb.fxgl.app.services.FXGLDialogService
10:11:58.713 [FXGL Background Thread 3 ] DEBUG Engine               - class com.almasb.fxgl.app.services.IOTaskExecutorService
10:11:58.713 [FXGL Background Thread 3 ] DEBUG Engine               - class com.almasb.fxgl.io.FileSystemService
10:11:58.714 [FXGL Background Thread 3 ] DEBUG Engine               - class com.almasb.fxgl.localization.LocalizationService
10:11:58.714 [FXGL Background Thread 3 ] DEBUG Engine               - class com.almasb.fxgl.app.services.SystemBundleService
10:11:58.714 [FXGL Background Thread 3 ] DEBUG Engine               - class com.almasb.fxgl.profile.SaveLoadService
10:11:58.714 [FXGL Background Thread 3 ] DEBUG Engine               - class com.almasb.fxgl.ui.FXGLUIFactoryServiceProvider
10:11:58.714 [FXGL Background Thread 3 ] DEBUG Engine               - class com.almasb.fxgl.ui.FXGLDialogFactoryServiceProvider
10:11:58.714 [FXGL Background Thread 3 ] DEBUG Engine               - class com.almasb.fxgl.audio.AudioPlayer
10:11:58.714 [FXGL Background Thread 3 ] DEBUG Engine               - class com.almasb.fxgl.notification.impl.NotificationServiceProvider
10:11:58.714 [FXGL Background Thread 3 ] DEBUG Engine               - class com.almasb.fxgl.achievement.AchievementService
10:11:58.714 [FXGL Background Thread 3 ] DEBUG Engine               - class com.almasb.fxgl.cutscene.CutsceneService
10:11:58.714 [FXGL Background Thread 3 ] DEBUG Engine               - class com.almasb.fxgl.minigames.MiniGameService
10:11:58.714 [FXGL Background Thread 3 ] DEBUG Engine               - class com.almasb.fxgl.net.NetService
10:11:58.714 [FXGL Background Thread 3 ] DEBUG Engine               - class com.almasb.fxgl.app.services.UpdaterService
10:11:58.714 [FXGL Background Thread 3 ] DEBUG Engine               - class com.almasb.fxgl.dev.DevService
10:12:04.684 [JavaFX Application Thread] DEBUG Menu                 - fireNewGame()
10:12:04.684 [JavaFX Application Thread] DEBUG GameApplicationServi - Starting new game
10:12:04.688 [JavaFX Application Thread] DEBUG PrimaryStageWindow   - Pop state: FXGLDefaultMenu
10:12:04.688 [JavaFX Application Thread] DEBUG Input                - Clearing active input actions
10:12:04.689 [JavaFX Application Thread] DEBUG GameApplicationServi - Removing overlay from FXGLDefaultMenu and adding to FXGLMainMenuDummyScene
10:12:04.690 [JavaFX Application Thread] DEBUG PrimaryStageWindow   - FXGLMainMenuDummyScene <- FXGLDefaultMenu
10:12:04.691 [JavaFX Application Thread] DEBUG Input                - Clearing active input actions
10:12:04.706 [JavaFX Application Thread] DEBUG GameApplicationServi - Removing overlay from FXGLMainMenuDummyScene and adding to FXGLLoadingScene
10:12:04.707 [JavaFX Application Thread] DEBUG PrimaryStageWindow   - FXGLMainMenuDummyScene -> FXGLLoadingScene
10:12:04.707 [JavaFX Application Thread] DEBUG GameApplicationServi - Clearing previous game
10:12:04.707 [JavaFX Application Thread] DEBUG GameScene            - Clearing game scene
10:12:04.707 [JavaFX Application Thread] DEBUG GameWorld            - Clearing game world
10:12:04.708 [JavaFX Application Thread] DEBUG PhysicsWorld         - Clearing physics world
10:12:04.710 [FXGL Background Thread 2 ] DEBUG FXGLApplication      - Initializing game
10:12:04.870 [FXGL Background Thread 2 ] WARN  TMXLevelLoader       - TiledMap generated from 1.11.0. Supported version: 1.9.0. Some features may not be parsed fully.
10:12:04.951 [FXGL Background Thread 2 ] DEBUG TMXLevelLoader       - Parsed TiledMap: file:/Users/dy/Desktop/alfa/Java/Projectarbeit/Tanks/target/classes/assets/levels/level1.tmx
10:12:04.954 [FXGL Background Thread 2 ] DEBUG TMXLevelLoader       - Creating tile layer entities
10:12:04.956 [FXGL Background Thread 2 ] DEBUG TMXLevelLoader       - Creating object layer entities
10:12:05.031 [FXGL Background Thread 2 ] DEBUG FXGLAssetLoaderServi - Loading from file system: file:/Users/dy/Desktop/alfa/Java/Projectarbeit/Tanks/target/classes/assets/textures/items/sea_animation.png
10:12:05.153 [FXGL Background Thread 2 ] DEBUG GameWorld            - Clearing removable entities
10:12:05.154 [FXGL Background Thread 2 ] DEBUG GameWorld            - Setting level: com.almasb.fxgl.entity.level.Level@15804994
10:12:05.177 [FXGL Background Thread 2 ] DEBUG FXGLAssetLoaderServi - Loading from file system: file:/Users/dy/Desktop/alfa/Java/Projectarbeit/Tanks/target/classes/assets/textures/tanks/player.png
10:12:05.195 [FXGL Background Thread 2 ] DEBUG FXGLAssetLoaderServi - Loading from file system: file:/Users/dy/Desktop/alfa/Java/Projectarbeit/Tanks/target/classes/assets/textures/ui/enemy_info.png
10:12:05.198 [FXGL Background Thread 2 ] DEBUG FXGLAssetLoaderServi - Loading from file system: file:/Users/dy/Desktop/alfa/Java/Projectarbeit/Tanks/target/classes/assets/textures/ui/levelFlag.png
10:12:05.201 [FXGL Background Thread 2 ] DEBUG FXGLAssetLoaderServi - Loading from file system: file:/Users/dy/Desktop/alfa/Java/Projectarbeit/Tanks/target/classes/assets/textures/tanks/T5.png
10:12:05.204 [FXGL Background Thread 2 ] DEBUG FXGLAssetLoaderServi - Loading from file system: file:/Users/dy/Desktop/alfa/Java/Projectarbeit/Tanks/target/classes/assets/textures/tanks/T4.png
10:12:05.208 [FXGL Background Thread 2 ] DEBUG FXGLAssetLoaderServi - Loading from file system: file:/Users/dy/Desktop/alfa/Java/Projectarbeit/Tanks/target/classes/assets/textures/tanks/T1.png
10:12:05.212 [FXGL Background Thread 2 ] INFO  FXGLApplication      - Game initialization took: 0,502 sec
10:12:05.214 [JavaFX Application Thread] DEBUG Input                - Clearing active input actions
10:12:05.230 [JavaFX Application Thread] DEBUG GameApplicationServi - Removing overlay from FXGLLoadingScene and adding to GameScene
10:12:05.231 [JavaFX Application Thread] DEBUG PrimaryStageWindow   - FXGLLoadingScene -> GameScene
10:12:05.569 [JavaFX Application Thread] DEBUG FXGLAssetLoaderServi - Loading from file system: file:/Users/dy/Desktop/alfa/Java/Projectarbeit/Tanks/target/classes/assets/textures/items/bullet/norm.png
10:12:22.043 [JavaFX Application Thread] DEBUG PrimaryStageWindow   - Push state: WinnerScene
10:12:22.043 [JavaFX Application Thread] DEBUG Input                - Clearing active input actions
10:12:22.044 [JavaFX Application Thread] DEBUG GameApplicationServi - Removing overlay from GameScene and adding to WinnerScene
10:12:22.044 [JavaFX Application Thread] DEBUG PrimaryStageWindow   - GameScene -> WinnerScene
10:12:24.058 [JavaFX Application Thread] DEBUG PrimaryStageWindow   - Pop state: WinnerScene
10:12:24.058 [JavaFX Application Thread] DEBUG Input                - Clearing active input actions
10:12:24.058 [JavaFX Application Thread] DEBUG GameApplicationServi - Removing overlay from WinnerScene and adding to GameScene
10:12:24.059 [JavaFX Application Thread] DEBUG PrimaryStageWindow   - GameScene <- WinnerScene
10:12:24.061 [JavaFX Application Thread] WARN  TMXLevelLoader       - TiledMap generated from 1.11.0. Supported version: 1.9.0. Some features may not be parsed fully.
10:12:24.072 [JavaFX Application Thread] DEBUG TMXLevelLoader       - Parsed TiledMap: file:/Users/dy/Desktop/alfa/Java/Projectarbeit/Tanks/target/classes/assets/levels/level2.tmx
10:12:24.072 [JavaFX Application Thread] DEBUG TMXLevelLoader       - Creating tile layer entities
10:12:24.072 [JavaFX Application Thread] DEBUG TMXLevelLoader       - Creating object layer entities
10:12:24.096 [JavaFX Application Thread] DEBUG GameWorld            - Clearing removable entities
10:12:24.106 [JavaFX Application Thread] DEBUG GameWorld            - Setting level: com.almasb.fxgl.entity.level.Level@1397ba0f
10:12:24.112 [JavaFX Application Thread] DEBUG FXGLAssetLoaderServi - Loading from file system: file:/Users/dy/Desktop/alfa/Java/Projectarbeit/Tanks/target/classes/assets/textures/tanks/T6.png
10:12:28.075 [JavaFX Application Thread] DEBUG FXGLAssetLoaderServi - Loading from file system: file:/Users/dy/Desktop/alfa/Java/Projectarbeit/Tanks/target/classes/assets/textures/tanks/T3.png
10:12:31.216 [JavaFX Application Thread] DEBUG FXGLAssetLoaderServi - Loading from file system: file:/Users/dy/Desktop/alfa/Java/Projectarbeit/Tanks/target/classes/assets/textures/ui/GameOver.png
10:12:31.219 [JavaFX Application Thread] DEBUG PrimaryStageWindow   - Push state: GameOverScene
10:12:31.219 [JavaFX Application Thread] DEBUG Input                - Clearing active input actions
10:12:31.220 [JavaFX Application Thread] DEBUG GameApplicationServi - Removing overlay from GameScene and adding to GameOverScene
10:12:31.220 [JavaFX Application Thread] DEBUG PrimaryStageWindow   - GameScene -> GameOverScene
10:12:32.231 [JavaFX Application Thread] DEBUG PrimaryStageWindow   - Pop state: GameOverScene
10:12:32.231 [JavaFX Application Thread] DEBUG Input                - Clearing active input actions
10:12:32.231 [JavaFX Application Thread] DEBUG GameApplicationServi - Removing overlay from GameOverScene and adding to GameScene
10:12:32.232 [JavaFX Application Thread] DEBUG PrimaryStageWindow   - GameScene <- GameOverScene
10:12:32.232 [JavaFX Application Thread] DEBUG Input                - Clearing active input actions
10:12:32.237 [JavaFX Application Thread] DEBUG GameApplicationServi - Removing overlay from GameScene and adding to FXGLMainMenuDummyScene
10:12:32.238 [JavaFX Application Thread] DEBUG PrimaryStageWindow   - GameScene -> FXGLMainMenuDummyScene
10:12:32.238 [JavaFX Application Thread] DEBUG PrimaryStageWindow   - Push state: FXGLDefaultMenu
10:12:32.238 [JavaFX Application Thread] DEBUG Input                - Clearing active input actions
10:12:32.242 [JavaFX Application Thread] DEBUG GameApplicationServi - Removing overlay from FXGLMainMenuDummyScene and adding to FXGLDefaultMenu
10:12:32.242 [JavaFX Application Thread] DEBUG PrimaryStageWindow   - FXGLMainMenuDummyScene -> FXGLDefaultMenu
10:12:38.010 [JavaFX Application Thread] DEBUG Menu                 - fireExit()
10:12:38.012 [JavaFX Application Thread] DEBUG PrimaryStageWindow   - Push state: DialogSubScene
10:12:38.012 [JavaFX Application Thread] DEBUG Input                - Clearing active input actions
10:12:38.012 [JavaFX Application Thread] DEBUG GameApplicationServi - Removing overlay from FXGLDefaultMenu and adding to DialogSubScene
10:12:38.012 [JavaFX Application Thread] DEBUG PrimaryStageWindow   - FXGLDefaultMenu -> DialogSubScene
10:12:39.409 [JavaFX Application Thread] DEBUG PrimaryStageWindow   - Pop state: DialogSubScene
10:12:39.409 [JavaFX Application Thread] DEBUG Input                - Clearing active input actions
10:12:39.410 [JavaFX Application Thread] DEBUG GameApplicationServi - Removing overlay from DialogSubScene and adding to FXGLDefaultMenu
10:12:39.410 [JavaFX Application Thread] DEBUG PrimaryStageWindow   - FXGLDefaultMenu <- DialogSubScene
10:12:39.410 [JavaFX Application Thread] DEBUG FXGLApplication      - Exiting FXGL
10:12:39.410 [JavaFX Application Thread] DEBUG LoopRunner           - Stopping loop
10:12:39.411 [JavaFX Application Thread] DEBUG SystemBundleService  - Saving FXGL system data
10:12:39.415 [JavaFX Application Thread] DEBUG FileSystemAccess     - Writing to: /Users/dy/Desktop/alfa/Java/Projectarbeit/Tanks/system/fxgl.bundle
10:12:39.417 [JavaFX Application Thread] DEBUG Async                - Shutting down background threads
10:12:39.417 [JavaFX Application Thread] DEBUG PrimaryStageWindow   - Closing main window
10:12:39.430 [JavaFX Application Thread] DEBUG Logger               - Closing Logger
