10:18:08.454 [main                     ] DEBUG Logger               - Configured Logger
10:18:08.489 [main                     ] DEBUG GameApplication      - Logging settings
Title: Tank
Version: 1.0
Width: 816
Height: 672
Fullscreen: false
Intro: false
Profiling: false
Single step:false
App Mode: DEVELOPER
Menu Key: ESCAPE
Stage Style: DECORATED
Scene Factory: class com.almasb.fxgl.app.scene.SceneFactory

10:18:08.929 [JavaFX Application Thread] DEBUG FXGLApplication      - Initializing FXGL
10:18:08.934 [JavaFX Application Thread] INFO  Engine               - FXGL-21.1 (27.03.2024 07.52) on MAC (J:22.0.2 FX:22.0.1)
10:18:08.935 [JavaFX Application Thread] DEBUG Engine               - JRE Vendor Name: Oracle Corporation
10:18:08.935 [JavaFX Application Thread] DEBUG Engine               - Running on OS: Mac OS X version 14.6.1
10:18:08.936 [JavaFX Application Thread] DEBUG Engine               - Architecture: x86_64
10:18:08.936 [JavaFX Application Thread] INFO  Engine               - Source code and latest versions at: https://github.com/AlmasB/FXGL
10:18:08.936 [JavaFX Application Thread] INFO  Engine               -       Ask questions and discuss at: https://github.com/AlmasB/FXGL/discussions
10:18:08.936 [JavaFX Application Thread] INFO  Engine               -              Join the FXGL chat at: https://gitter.im/AlmasB/FXGL
10:18:09.036 [JavaFX Application Thread] DEBUG PrimaryStageWindow   - Creating a JavaFX scene
10:18:09.089 [JavaFX Application Thread] DEBUG PrimaryStageWindow   - Target settings size: 816.0 x 672.0
10:18:09.089 [JavaFX Application Thread] DEBUG PrimaryStageWindow   - Scaled scene size:    816.0 x 672.0
10:18:09.090 [JavaFX Application Thread] DEBUG PrimaryStageWindow   - Scaled ratio: (1.0, 1.0)
10:18:09.091 [JavaFX Application Thread] DEBUG PrimaryStageWindow   - Set initial scene to FXGLStartupScene
10:18:09.095 [JavaFX Application Thread] DEBUG PrimaryStageWindow   - Opening main window
10:18:09.227 [JavaFX Application Thread] DEBUG PrimaryStageWindow   - Window border size: (0.0, 28.0)
10:18:09.228 [JavaFX Application Thread] DEBUG PrimaryStageWindow   - Scaled size: 816.0 x 672.0
10:18:09.228 [JavaFX Application Thread] DEBUG PrimaryStageWindow   - Scaled ratio: (1.0, 1.0)
10:18:09.229 [JavaFX Application Thread] DEBUG PrimaryStageWindow   - Scene size: 816.0 x 672.0
10:18:09.229 [JavaFX Application Thread] DEBUG PrimaryStageWindow   - Stage size: 816.0 x 700.0
10:18:09.243 [FXGL Background Thread 1 ] DEBUG Engine               - Initializing environment variables
10:18:09.343 [FXGL Background Thread 1 ] DEBUG FXGLAssetLoaderServi - User app class for loading assets: class de.dywebstudio.tanks.TankApp
10:18:09.344 [FXGL Background Thread 1 ] DEBUG GameApplicationServi - Applying CSS: fxgl_dark.css
10:18:09.345 [FXGL Background Thread 1 ] DEBUG FXGLAssetLoaderServi - Loading from file system: jar:file:///Users/dy/.m2/repository/com/github/almasb/fxgl/21.1/fxgl-21.1.jar!/fxglassets/ui/css/fxgl_dark.css
10:18:09.417 [FXGL Background Thread 1 ] DEBUG GameApplicationServi - Initializing application scenes
10:18:09.798 [FXGL Background Thread 1 ] DEBUG GameWorld            - Game world initialized
10:18:09.862 [FXGL Background Thread 1 ] DEBUG PhysicsWorld         - Physics world initialized: appHeight=672, physics.ppm=50,0
10:18:09.862 [FXGL Background Thread 1 ] DEBUG PhysicsWorld         - Using strategy: BRUTE_FORCE
10:18:09.869 [FXGL Background Thread 1 ] DEBUG GameScene            - Game scene initialized: 816x672
10:18:09.886 [FXGL Background Thread 1 ] DEBUG FXGL.DefaultMenu     - createMenuBodyMainMenu()
10:18:09.910 [FXGL Background Thread 1 ] DEBUG FXGL.DefaultMenu     - createOptionsMenu()
10:18:09.926 [FXGL Background Thread 1 ] DEBUG FXGLAssetLoaderServi - Loading from file system: jar:file:///Users/dy/.m2/repository/com/github/almasb/fxgl/21.1/fxgl-21.1.jar!/fxglassets/textures/particles/smoke.png
10:18:10.068 [FXGL Background Thread 1 ] DEBUG FXGLAssetLoaderServi - Loading from file system: jar:file:///Users/dy/.m2/repository/com/github/almasb/fxgl/21.1/fxgl-21.1.jar!/fxglassets/textures/particles/trace_horizontal.png
10:18:10.095 [FXGL Background Thread 1 ] DEBUG FXGL.DefaultMenu     - createMenuBodyGameMenu()
10:18:10.096 [FXGL Background Thread 1 ] DEBUG FXGL.DefaultMenu     - createOptionsMenu()
10:18:10.115 [FXGL Background Thread 1 ] DEBUG GameApplicationServi - Application scenes initialized
10:18:10.137 [FXGL Background Thread 1 ] DEBUG SystemBundleService  - Loading FXGL system data
10:18:10.143 [FXGL Background Thread 1 ] DEBUG FileSystemAccess     - Reading from: /Users/dy/Desktop/alfa/Java/Projectarbeit/Tanks/system/fxgl.bundle
10:18:10.150 [FXGL Background Thread 1 ] DEBUG SystemBundleService  - Bundle FXGL: {}
10:18:10.151 [FXGL Background Thread 1 ] DEBUG UpdaterService       - Checking for updates
10:18:10.157 [FXGL Background Thread 4 ] DEBUG FXGLApplication      - Loading fonts
10:18:10.158 [FXGL Background Thread 4 ] DEBUG FXGLAssetLoaderServi - Loading from file system: jar:file:///Users/dy/.m2/repository/com/github/almasb/fxgl/21.1/fxgl-21.1.jar!/fxglassets/ui/fonts/VarelaRound-Regular.ttf
10:18:10.159 [FXGL Background Thread 1 ] DEBUG FXGLApplication      - Loading default localization
10:18:10.159 [FXGL Background Thread 1 ] DEBUG FXGLAssetLoaderServi - Loading from file system: jar:file:///Users/dy/.m2/repository/com/github/almasb/fxgl/21.1/fxgl-21.1.jar!/fxglassets/languages/english.lang
10:18:10.177 [FXGL Background Thread 4 ] DEBUG FXGLAssetLoaderServi - Loading from file system: jar:file:///Users/dy/.m2/repository/com/github/almasb/fxgl/21.1/fxgl-21.1.jar!/fxglassets/ui/fonts/Abel-Regular.ttf
10:18:10.177 [FXGL Background Thread 1 ] INFO  FXGLApplication      - FXGL initialization took: 0,934 sec
10:18:10.182 [FXGL Background Thread 4 ] DEBUG FXGLAssetLoaderServi - Loading from file system: jar:file:///Users/dy/.m2/repository/com/github/almasb/fxgl/21.1/fxgl-21.1.jar!/fxglassets/ui/fonts/TerminalLandMono-Regular.otf
10:18:10.186 [FXGL Background Thread 4 ] DEBUG FXGLAssetLoaderServi - Loading from file system: jar:file:///Users/dy/.m2/repository/com/github/almasb/fxgl/21.1/fxgl-21.1.jar!/fxglassets/ui/fonts/Courier-Prime.ttf
10:18:10.189 [JavaFX Application Thread] DEBUG Input                - Registered new binding: action0 - W
10:18:10.190 [JavaFX Application Thread] DEBUG Input                - Registered new binding: action1 - S
10:18:10.191 [JavaFX Application Thread] DEBUG Input                - Registered new binding: action2 - A
10:18:10.191 [JavaFX Application Thread] DEBUG Input                - Registered new binding: action3 - D
10:18:10.192 [JavaFX Application Thread] DEBUG Input                - Registered new binding: action4 - Space
10:18:10.193 [JavaFX Application Thread] DEBUG FXGLAssetLoaderServi - Loading from file system: jar:file:///Users/dy/.m2/repository/com/github/almasb/fxgl/21.1/fxgl-21.1.jar!/fxglassets/textures/fxgl_icon.png
10:18:10.226 [JavaFX Application Thread] DEBUG FXGLAssetLoaderServi - Loading from file system: jar:file:///Users/dy/.m2/repository/com/github/almasb/fxgl/21.1/fxgl-21.1.jar!/fxglassets/textures/fxgl_default_cursor.png
10:18:10.228 [JavaFX Application Thread] DEBUG Input                - Registered new binding: Screenshot - CTRL+8
10:18:10.228 [JavaFX Application Thread] DEBUG Input                - Registered new binding: System info dump - CTRL+9
10:18:10.229 [JavaFX Application Thread] DEBUG Input                - Registered new binding: Restart - CTRL+R
10:18:10.229 [JavaFX Application Thread] DEBUG Input                - Registered new binding: Toggle Debug Camera - CTRL+7
10:18:10.232 [JavaFX Application Thread] DEBUG LoopRunner           - Starting loop
10:18:10.232 [JavaFX Application Thread] DEBUG LoopRunner           - Initializing JavaFX AnimationTimerLoop
10:18:10.235 [JavaFX Application Thread] DEBUG Input                - Clearing active input actions
10:18:10.245 [JavaFX Application Thread] DEBUG GameApplicationServi - Removing overlay from FXGLStartupScene and adding to FXGLMainMenuDummyScene
10:18:10.246 [JavaFX Application Thread] DEBUG PrimaryStageWindow   - FXGLStartupScene -> FXGLMainMenuDummyScene
10:18:10.246 [JavaFX Application Thread] DEBUG PrimaryStageWindow   - Push state: FXGLDefaultMenu
10:18:10.249 [JavaFX Application Thread] DEBUG Input                - Clearing active input actions
10:18:10.263 [JavaFX Application Thread] DEBUG GameApplicationServi - Removing overlay from FXGLMainMenuDummyScene and adding to FXGLDefaultMenu
10:18:10.263 [JavaFX Application Thread] DEBUG PrimaryStageWindow   - FXGLMainMenuDummyScene -> FXGLDefaultMenu
10:18:10.295 [JavaFX Application Thread] DEBUG FXGLApplication      - Registering font factories with UI factory
10:18:11.443 [JavaFX Application Thread] DEBUG Menu                 - fireNewGame()
10:18:11.443 [JavaFX Application Thread] DEBUG GameApplicationServi - Starting new game
10:18:11.445 [JavaFX Application Thread] DEBUG PrimaryStageWindow   - Pop state: FXGLDefaultMenu
10:18:11.446 [JavaFX Application Thread] DEBUG Input                - Clearing active input actions
10:18:11.448 [JavaFX Application Thread] DEBUG GameApplicationServi - Removing overlay from FXGLDefaultMenu and adding to FXGLMainMenuDummyScene
10:18:11.449 [JavaFX Application Thread] DEBUG PrimaryStageWindow   - FXGLMainMenuDummyScene <- FXGLDefaultMenu
10:18:11.450 [JavaFX Application Thread] DEBUG Input                - Clearing active input actions
10:18:11.462 [JavaFX Application Thread] DEBUG GameApplicationServi - Removing overlay from FXGLMainMenuDummyScene and adding to FXGLLoadingScene
10:18:11.462 [JavaFX Application Thread] DEBUG PrimaryStageWindow   - FXGLMainMenuDummyScene -> FXGLLoadingScene
10:18:11.462 [JavaFX Application Thread] DEBUG GameApplicationServi - Clearing previous game
10:18:11.462 [JavaFX Application Thread] DEBUG GameScene            - Clearing game scene
10:18:11.462 [JavaFX Application Thread] DEBUG GameWorld            - Clearing game world
10:18:11.462 [JavaFX Application Thread] DEBUG PhysicsWorld         - Clearing physics world
10:18:11.465 [FXGL Background Thread 2 ] DEBUG FXGLApplication      - Initializing game
10:18:11.548 [FXGL Background Thread 2 ] WARN  TMXLevelLoader       - TiledMap generated from 1.11.0. Supported version: 1.9.0. Some features may not be parsed fully.
10:18:11.585 [FXGL Background Thread 2 ] DEBUG TMXLevelLoader       - Parsed TiledMap: file:/Users/dy/Desktop/alfa/Java/Projectarbeit/Tanks/target/classes/assets/levels/level1.tmx
10:18:11.588 [FXGL Background Thread 2 ] DEBUG TMXLevelLoader       - Creating tile layer entities
10:18:11.589 [FXGL Background Thread 2 ] DEBUG TMXLevelLoader       - Creating object layer entities
10:18:11.639 [FXGL Background Thread 2 ] DEBUG FXGLAssetLoaderServi - Loading from file system: file:/Users/dy/Desktop/alfa/Java/Projectarbeit/Tanks/target/classes/assets/textures/items/sea_animation.png
10:18:11.753 [FXGL Background Thread 2 ] DEBUG GameWorld            - Clearing removable entities
10:18:11.754 [FXGL Background Thread 2 ] DEBUG GameWorld            - Setting level: com.almasb.fxgl.entity.level.Level@2e1c6052
10:18:11.777 [FXGL Background Thread 2 ] DEBUG FXGLAssetLoaderServi - Loading from file system: file:/Users/dy/Desktop/alfa/Java/Projectarbeit/Tanks/target/classes/assets/textures/tanks/player.png
10:18:11.787 [FXGL Background Thread 2 ] DEBUG FXGLAssetLoaderServi - Loading from file system: file:/Users/dy/Desktop/alfa/Java/Projectarbeit/Tanks/target/classes/assets/textures/ui/enemy_info.png
10:18:11.789 [FXGL Background Thread 2 ] DEBUG FXGLAssetLoaderServi - Loading from file system: file:/Users/dy/Desktop/alfa/Java/Projectarbeit/Tanks/target/classes/assets/textures/ui/levelFlag.png
10:18:11.794 [FXGL Background Thread 2 ] DEBUG FXGLAssetLoaderServi - Loading from file system: file:/Users/dy/Desktop/alfa/Java/Projectarbeit/Tanks/target/classes/assets/textures/tanks/T2.png
10:18:11.798 [FXGL Background Thread 2 ] DEBUG FXGLAssetLoaderServi - Loading from file system: file:/Users/dy/Desktop/alfa/Java/Projectarbeit/Tanks/target/classes/assets/textures/tanks/T4.png
10:18:11.800 [FXGL Background Thread 2 ] DEBUG FXGLAssetLoaderServi - Loading from file system: file:/Users/dy/Desktop/alfa/Java/Projectarbeit/Tanks/target/classes/assets/textures/tanks/T5.png
10:18:11.804 [FXGL Background Thread 2 ] INFO  FXGLApplication      - Game initialization took: 0,339 sec
10:18:11.805 [JavaFX Application Thread] DEBUG Input                - Clearing active input actions
10:18:11.817 [JavaFX Application Thread] DEBUG GameApplicationServi - Removing overlay from FXGLLoadingScene and adding to GameScene
10:18:11.817 [JavaFX Application Thread] DEBUG PrimaryStageWindow   - FXGLLoadingScene -> GameScene
10:18:12.105 [JavaFX Application Thread] DEBUG FXGLAssetLoaderServi - Loading from file system: file:/Users/dy/Desktop/alfa/Java/Projectarbeit/Tanks/target/classes/assets/textures/items/bullet/norm.png
10:18:13.158 [FXGL Background Thread 3 ] DEBUG Engine               - Logging environment variables
10:18:13.159 [FXGL Background Thread 3 ] DEBUG Engine               - achievements: []
10:18:13.159 [FXGL Background Thread 3 ] DEBUG Engine               - actualHeight: 672.0
10:18:13.160 [FXGL Background Thread 3 ] DEBUG Engine               - actualHeightProperty: ReadOnlyDoubleProperty [value: 672.0]
10:18:13.160 [FXGL Background Thread 3 ] DEBUG Engine               - actualWidth: 816.0
10:18:13.160 [FXGL Background Thread 3 ] DEBUG Engine               - actualWidthProperty: ReadOnlyDoubleProperty [value: 816.0]
10:18:13.160 [FXGL Background Thread 3 ] DEBUG Engine               - appIcon: fxgl_icon.png
10:18:13.160 [FXGL Background Thread 3 ] DEBUG Engine               - applicationMode: DEVELOPER
10:18:13.160 [FXGL Background Thread 3 ] DEBUG Engine               - cSSList: [fxgl_dark.css]
10:18:13.160 [FXGL Background Thread 3 ] DEBUG Engine               - collisionDetectionStrategy: BRUTE_FORCE
10:18:13.160 [FXGL Background Thread 3 ] DEBUG Engine               - configClass: Optional.empty
10:18:13.160 [FXGL Background Thread 3 ] DEBUG Engine               - credits: []
10:18:13.161 [FXGL Background Thread 3 ] DEBUG Engine               - defaultCursor: CursorInfo(imageName=fxgl_default_cursor.png, hotspotX=7.0, hotspotY=6.0)
10:18:13.162 [FXGL Background Thread 3 ] DEBUG Engine               - devBBoxColorProperty: ObjectProperty [value: 0xff0000ff]
10:18:13.162 [FXGL Background Thread 3 ] DEBUG Engine               - devEnableDebugCameraProperty: BooleanProperty [value: false]
10:18:13.162 [FXGL Background Thread 3 ] DEBUG Engine               - devSensorColorProperty: ObjectProperty [value: 0xffff00ff]
10:18:13.162 [FXGL Background Thread 3 ] DEBUG Engine               - devShowBBoxProperty: BooleanProperty [value: false]
10:18:13.162 [FXGL Background Thread 3 ] DEBUG Engine               - devShowPositionProperty: BooleanProperty [value: false]
10:18:13.163 [FXGL Background Thread 3 ] DEBUG Engine               - enabledMenuItems: []
10:18:13.163 [FXGL Background Thread 3 ] DEBUG Engine               - engineServices: [class com.almasb.fxgl.app.services.FXGLAssetLoaderService, class com.almasb.fxgl.app.FXGLApplication$GameApplicationService, class com.almasb.fxgl.app.services.FXGLDialogService, class com.almasb.fxgl.app.services.IOTaskExecutorService, class com.almasb.fxgl.io.FileSystemService, class com.almasb.fxgl.localization.LocalizationService, class com.almasb.fxgl.app.services.SystemBundleService, class com.almasb.fxgl.profile.SaveLoadService, class com.almasb.fxgl.ui.FXGLUIFactoryServiceProvider, class com.almasb.fxgl.ui.FXGLDialogFactoryServiceProvider, class com.almasb.fxgl.audio.AudioPlayer, class com.almasb.fxgl.notification.impl.NotificationServiceProvider, class com.almasb.fxgl.achievement.AchievementService, class com.almasb.fxgl.cutscene.CutsceneService, class com.almasb.fxgl.minigames.MiniGameService, class com.almasb.fxgl.net.NetService, class com.almasb.fxgl.app.services.UpdaterService, class com.almasb.fxgl.dev.DevService]
10:18:13.163 [FXGL Background Thread 3 ] DEBUG Engine               - fontGame: Abel-Regular.ttf
10:18:13.163 [FXGL Background Thread 3 ] DEBUG Engine               - fontMono: TerminalLandMono-Regular.otf
10:18:13.163 [FXGL Background Thread 3 ] DEBUG Engine               - fontSizeScaleUI: 1.0
10:18:13.163 [FXGL Background Thread 3 ] DEBUG Engine               - fontText: Courier-Prime.ttf
10:18:13.163 [FXGL Background Thread 3 ] DEBUG Engine               - fontUI: VarelaRound-Regular.ttf
10:18:13.163 [FXGL Background Thread 3 ] DEBUG Engine               - fullScreen: BooleanProperty [value: false]
10:18:13.163 [FXGL Background Thread 3 ] DEBUG Engine               - gameDifficulty: MEDIUM
10:18:13.163 [FXGL Background Thread 3 ] DEBUG Engine               - gameDifficultyProperty: ObjectProperty [value: MEDIUM]
10:18:13.163 [FXGL Background Thread 3 ] DEBUG Engine               - globalMusicVolume: 0.5
10:18:13.163 [FXGL Background Thread 3 ] DEBUG Engine               - globalMusicVolumeProperty: DoubleProperty [value: 0.5]
10:18:13.163 [FXGL Background Thread 3 ] DEBUG Engine               - globalSoundVolume: 0.5
10:18:13.163 [FXGL Background Thread 3 ] DEBUG Engine               - globalSoundVolumeProperty: DoubleProperty [value: 0.5]
10:18:13.163 [FXGL Background Thread 3 ] DEBUG Engine               - height: 672
10:18:13.163 [FXGL Background Thread 3 ] DEBUG Engine               - is3D: false
10:18:13.164 [FXGL Background Thread 3 ] DEBUG Engine               - isAndroid: false
10:18:13.164 [FXGL Background Thread 3 ] DEBUG Engine               - isBrowser: false
10:18:13.164 [FXGL Background Thread 3 ] DEBUG Engine               - isClickFeedbackEnabled: false
10:18:13.164 [FXGL Background Thread 3 ] DEBUG Engine               - isCloseConfirmation: false
10:18:13.164 [FXGL Background Thread 3 ] DEBUG Engine               - isDesktop: true
10:18:13.164 [FXGL Background Thread 3 ] DEBUG Engine               - isDeveloperMenuEnabled: false
10:18:13.164 [FXGL Background Thread 3 ] DEBUG Engine               - isEmbedded: false
10:18:13.164 [FXGL Background Thread 3 ] DEBUG Engine               - isEntityPreloadEnabled: true
10:18:13.164 [FXGL Background Thread 3 ] DEBUG Engine               - isExperimentalTiledLargeMap: false
10:18:13.164 [FXGL Background Thread 3 ] DEBUG Engine               - isFileSystemWriteAllowed: true
10:18:13.165 [FXGL Background Thread 3 ] DEBUG Engine               - isFullScreenAllowed: false
10:18:13.165 [FXGL Background Thread 3 ] DEBUG Engine               - isFullScreenFromStart: false
10:18:13.165 [FXGL Background Thread 3 ] DEBUG Engine               - isGameMenuEnabled: true
10:18:13.165 [FXGL Background Thread 3 ] DEBUG Engine               - isIOS: false
10:18:13.165 [FXGL Background Thread 3 ] DEBUG Engine               - isIntroEnabled: false
10:18:13.165 [FXGL Background Thread 3 ] DEBUG Engine               - isLinux: false
10:18:13.165 [FXGL Background Thread 3 ] DEBUG Engine               - isMac: true
10:18:13.165 [FXGL Background Thread 3 ] DEBUG Engine               - isMainMenuEnabled: true
10:18:13.165 [FXGL Background Thread 3 ] DEBUG Engine               - isManualResizeEnabled: false
10:18:13.165 [FXGL Background Thread 3 ] DEBUG Engine               - isMobile: false
10:18:13.165 [FXGL Background Thread 3 ] DEBUG Engine               - isNative: false
10:18:13.165 [FXGL Background Thread 3 ] DEBUG Engine               - isPauseMusicWhenMinimized: true
10:18:13.166 [FXGL Background Thread 3 ] DEBUG Engine               - isPreserveResizeRatio: false
10:18:13.166 [FXGL Background Thread 3 ] DEBUG Engine               - isProfilingEnabled: false
10:18:13.166 [FXGL Background Thread 3 ] DEBUG Engine               - isScaleAffectedOnResize: true
10:18:13.166 [FXGL Background Thread 3 ] DEBUG Engine               - isSingleStep: false
10:18:13.166 [FXGL Background Thread 3 ] DEBUG Engine               - isUserProfileEnabled: false
10:18:13.166 [FXGL Background Thread 3 ] DEBUG Engine               - isWindows: false
10:18:13.166 [FXGL Background Thread 3 ] DEBUG Engine               - language: ObjectProperty [value: ENGLISH]
10:18:13.166 [FXGL Background Thread 3 ] DEBUG Engine               - menuKey: ESCAPE
10:18:13.166 [FXGL Background Thread 3 ] DEBUG Engine               - mouseSensitivity: 0.2
10:18:13.166 [FXGL Background Thread 3 ] DEBUG Engine               - notificationViewClass: class com.almasb.fxgl.notification.view.XboxNotificationView
10:18:13.166 [FXGL Background Thread 3 ] DEBUG Engine               - pixelsPerMeter: 50.0
10:18:13.166 [FXGL Background Thread 3 ] DEBUG Engine               - platform: MAC
10:18:13.166 [FXGL Background Thread 3 ] DEBUG Engine               - prefHeightProperty: ReadOnlyDoubleProperty [value: 672.0]
10:18:13.166 [FXGL Background Thread 3 ] DEBUG Engine               - prefWidthProperty: ReadOnlyDoubleProperty [value: 816.0]
10:18:13.166 [FXGL Background Thread 3 ] DEBUG Engine               - profileDir: profiles/
10:18:13.167 [FXGL Background Thread 3 ] DEBUG Engine               - profileName: StringProperty [value: DEFAULT]
10:18:13.167 [FXGL Background Thread 3 ] DEBUG Engine               - randomSeed: -1
10:18:13.167 [FXGL Background Thread 3 ] DEBUG Engine               - runtimeInfo: RuntimeInfo(platform=MAC, version=21.1, build=27.03.2024 07.52)
10:18:13.167 [FXGL Background Thread 3 ] DEBUG Engine               - saveFileExt: sav
10:18:13.168 [FXGL Background Thread 3 ] DEBUG Engine               - scaledHeightProp$fxgl: DoubleProperty [bound, value: 672.0]
10:18:13.168 [FXGL Background Thread 3 ] DEBUG Engine               - scaledWidthProp$fxgl: DoubleProperty [bound, value: 816.0]
10:18:13.168 [FXGL Background Thread 3 ] DEBUG Engine               - sceneFactory: com.almasb.fxgl.app.scene.SceneFactory@5174c281
10:18:13.168 [FXGL Background Thread 3 ] DEBUG Engine               - secondsIn24h: 60
10:18:13.168 [FXGL Background Thread 3 ] DEBUG Engine               - soundMenuBack: menu/back.wav
10:18:13.168 [FXGL Background Thread 3 ] DEBUG Engine               - soundMenuPress: menu/press.wav
10:18:13.168 [FXGL Background Thread 3 ] DEBUG Engine               - soundMenuSelect: menu/select.wav
10:18:13.168 [FXGL Background Thread 3 ] DEBUG Engine               - soundNotification: core/notification.wav
10:18:13.168 [FXGL Background Thread 3 ] DEBUG Engine               - stageStyle: DECORATED
10:18:13.168 [FXGL Background Thread 3 ] DEBUG Engine               - supportedLanguages: [ENGLISH, FRENCH, GERMAN, HUNGARIAN, RUSSIAN]
10:18:13.168 [FXGL Background Thread 3 ] DEBUG Engine               - ticksPerSecond: -1
10:18:13.168 [FXGL Background Thread 3 ] DEBUG Engine               - title: Tank
10:18:13.169 [FXGL Background Thread 3 ] DEBUG Engine               - urlGithub: https://github.com/AlmasB/FXGL
10:18:13.169 [FXGL Background Thread 3 ] DEBUG Engine               - urlLeaderboard: http://fxgl-top.herokuapp.com/
10:18:13.169 [FXGL Background Thread 3 ] DEBUG Engine               - urlPOM: https://raw.githubusercontent.com/AlmasB/FXGL/release/README.md
10:18:13.169 [FXGL Background Thread 3 ] DEBUG Engine               - userAppClass: class de.dywebstudio.tanks.TankApp
10:18:13.169 [FXGL Background Thread 3 ] DEBUG Engine               - version: 1.0
10:18:13.169 [FXGL Background Thread 3 ] DEBUG Engine               - versionCheckDays: 7
10:18:13.169 [FXGL Background Thread 3 ] DEBUG Engine               - width: 816
10:18:13.169 [FXGL Background Thread 3 ] DEBUG Engine               - Logging services
10:18:13.169 [FXGL Background Thread 3 ] DEBUG Engine               - class com.almasb.fxgl.app.services.FXGLAssetLoaderService
10:18:13.169 [FXGL Background Thread 3 ] DEBUG Engine               - class com.almasb.fxgl.app.FXGLApplication$GameApplicationService
10:18:13.169 [FXGL Background Thread 3 ] DEBUG Engine               - class com.almasb.fxgl.app.services.FXGLDialogService
10:18:13.169 [FXGL Background Thread 3 ] DEBUG Engine               - class com.almasb.fxgl.app.services.IOTaskExecutorService
10:18:13.169 [FXGL Background Thread 3 ] DEBUG Engine               - class com.almasb.fxgl.io.FileSystemService
10:18:13.169 [FXGL Background Thread 3 ] DEBUG Engine               - class com.almasb.fxgl.localization.LocalizationService
10:18:13.169 [FXGL Background Thread 3 ] DEBUG Engine               - class com.almasb.fxgl.app.services.SystemBundleService
10:18:13.169 [FXGL Background Thread 3 ] DEBUG Engine               - class com.almasb.fxgl.profile.SaveLoadService
10:18:13.169 [FXGL Background Thread 3 ] DEBUG Engine               - class com.almasb.fxgl.ui.FXGLUIFactoryServiceProvider
10:18:13.169 [FXGL Background Thread 3 ] DEBUG Engine               - class com.almasb.fxgl.ui.FXGLDialogFactoryServiceProvider
10:18:13.169 [FXGL Background Thread 3 ] DEBUG Engine               - class com.almasb.fxgl.audio.AudioPlayer
10:18:13.170 [FXGL Background Thread 3 ] DEBUG Engine               - class com.almasb.fxgl.notification.impl.NotificationServiceProvider
10:18:13.170 [FXGL Background Thread 3 ] DEBUG Engine               - class com.almasb.fxgl.achievement.AchievementService
10:18:13.170 [FXGL Background Thread 3 ] DEBUG Engine               - class com.almasb.fxgl.cutscene.CutsceneService
10:18:13.170 [FXGL Background Thread 3 ] DEBUG Engine               - class com.almasb.fxgl.minigames.MiniGameService
10:18:13.170 [FXGL Background Thread 3 ] DEBUG Engine               - class com.almasb.fxgl.net.NetService
10:18:13.170 [FXGL Background Thread 3 ] DEBUG Engine               - class com.almasb.fxgl.app.services.UpdaterService
10:18:13.170 [FXGL Background Thread 3 ] DEBUG Engine               - class com.almasb.fxgl.dev.DevService
10:18:38.594 [JavaFX Application Thread] DEBUG PrimaryStageWindow   - Push state: WinnerScene
10:18:38.594 [JavaFX Application Thread] DEBUG Input                - Clearing active input actions
10:18:38.594 [JavaFX Application Thread] DEBUG GameApplicationServi - Removing overlay from GameScene and adding to WinnerScene
10:18:38.595 [JavaFX Application Thread] DEBUG PrimaryStageWindow   - GameScene -> WinnerScene
10:18:40.597 [JavaFX Application Thread] DEBUG PrimaryStageWindow   - Pop state: WinnerScene
10:18:40.597 [JavaFX Application Thread] DEBUG Input                - Clearing active input actions
10:18:40.597 [JavaFX Application Thread] DEBUG GameApplicationServi - Removing overlay from WinnerScene and adding to GameScene
10:18:40.598 [JavaFX Application Thread] DEBUG PrimaryStageWindow   - GameScene <- WinnerScene
10:18:40.601 [JavaFX Application Thread] WARN  TMXLevelLoader       - TiledMap generated from 1.11.0. Supported version: 1.9.0. Some features may not be parsed fully.
10:18:40.610 [JavaFX Application Thread] DEBUG TMXLevelLoader       - Parsed TiledMap: file:/Users/dy/Desktop/alfa/Java/Projectarbeit/Tanks/target/classes/assets/levels/level2.tmx
10:18:40.610 [JavaFX Application Thread] DEBUG TMXLevelLoader       - Creating tile layer entities
10:18:40.610 [JavaFX Application Thread] DEBUG TMXLevelLoader       - Creating object layer entities
10:18:40.630 [JavaFX Application Thread] DEBUG GameWorld            - Clearing removable entities
10:18:40.636 [JavaFX Application Thread] DEBUG GameWorld            - Setting level: com.almasb.fxgl.entity.level.Level@542d1f36
10:18:40.640 [JavaFX Application Thread] DEBUG FXGLAssetLoaderServi - Loading from file system: file:/Users/dy/Desktop/alfa/Java/Projectarbeit/Tanks/target/classes/assets/textures/tanks/T1.png
10:18:46.568 [JavaFX Application Thread] DEBUG FXGLAssetLoaderServi - Loading from file system: file:/Users/dy/Desktop/alfa/Java/Projectarbeit/Tanks/target/classes/assets/textures/tanks/T3.png
10:18:59.368 [JavaFX Application Thread] DEBUG PrimaryStageWindow   - Push state: WinnerScene
10:18:59.368 [JavaFX Application Thread] DEBUG Input                - Clearing active input actions
10:18:59.368 [JavaFX Application Thread] DEBUG GameApplicationServi - Removing overlay from GameScene and adding to WinnerScene
10:18:59.368 [JavaFX Application Thread] DEBUG PrimaryStageWindow   - GameScene -> WinnerScene
10:19:01.381 [JavaFX Application Thread] DEBUG PrimaryStageWindow   - Pop state: WinnerScene
10:19:01.381 [JavaFX Application Thread] DEBUG Input                - Clearing active input actions
10:19:01.381 [JavaFX Application Thread] DEBUG GameApplicationServi - Removing overlay from WinnerScene and adding to GameScene
10:19:01.381 [JavaFX Application Thread] DEBUG PrimaryStageWindow   - GameScene <- WinnerScene
10:19:01.381 [JavaFX Application Thread] DEBUG Input                - Clearing active input actions
10:19:01.387 [JavaFX Application Thread] DEBUG GameApplicationServi - Removing overlay from GameScene and adding to FXGLMainMenuDummyScene
10:19:01.387 [JavaFX Application Thread] DEBUG PrimaryStageWindow   - GameScene -> FXGLMainMenuDummyScene
10:19:01.387 [JavaFX Application Thread] DEBUG PrimaryStageWindow   - Push state: FXGLDefaultMenu
10:19:01.387 [JavaFX Application Thread] DEBUG Input                - Clearing active input actions
10:19:01.390 [JavaFX Application Thread] DEBUG GameApplicationServi - Removing overlay from FXGLMainMenuDummyScene and adding to FXGLDefaultMenu
10:19:01.390 [JavaFX Application Thread] DEBUG PrimaryStageWindow   - FXGLMainMenuDummyScene -> FXGLDefaultMenu
10:19:04.961 [JavaFX Application Thread] DEBUG Menu                 - fireExit()
10:19:04.963 [JavaFX Application Thread] DEBUG PrimaryStageWindow   - Push state: DialogSubScene
10:19:04.963 [JavaFX Application Thread] DEBUG Input                - Clearing active input actions
10:19:04.964 [JavaFX Application Thread] DEBUG GameApplicationServi - Removing overlay from FXGLDefaultMenu and adding to DialogSubScene
10:19:04.964 [JavaFX Application Thread] DEBUG PrimaryStageWindow   - FXGLDefaultMenu -> DialogSubScene
10:19:06.911 [JavaFX Application Thread] DEBUG PrimaryStageWindow   - Pop state: DialogSubScene
10:19:06.911 [JavaFX Application Thread] DEBUG Input                - Clearing active input actions
10:19:06.912 [JavaFX Application Thread] DEBUG GameApplicationServi - Removing overlay from DialogSubScene and adding to FXGLDefaultMenu
10:19:06.912 [JavaFX Application Thread] DEBUG PrimaryStageWindow   - FXGLDefaultMenu <- DialogSubScene
10:19:06.912 [JavaFX Application Thread] DEBUG FXGLApplication      - Exiting FXGL
10:19:06.912 [JavaFX Application Thread] DEBUG LoopRunner           - Stopping loop
10:19:06.912 [JavaFX Application Thread] DEBUG SystemBundleService  - Saving FXGL system data
10:19:06.914 [JavaFX Application Thread] DEBUG FileSystemAccess     - Writing to: /Users/dy/Desktop/alfa/Java/Projectarbeit/Tanks/system/fxgl.bundle
10:19:06.917 [JavaFX Application Thread] DEBUG Async                - Shutting down background threads
10:19:06.917 [JavaFX Application Thread] DEBUG PrimaryStageWindow   - Closing main window
10:19:06.930 [JavaFX Application Thread] DEBUG Logger               - Closing Logger
