18:02:05.261 [main                     ] DEBUG Logger               - Configured Logger
18:02:05.299 [main                     ] DEBUG GameApplication      - Logging settings
Title: Tank
Version: 1.0
Width: 816
Height: 672
Fullscreen: false
Intro: false
Profiling: false
Single step:false
App Mode: DEVELOPER
Menu Key: ESCAPE
Stage Style: DECORATED
Scene Factory: class com.almasb.fxgl.app.scene.SceneFactory

18:02:05.678 [JavaFX Application Thread] DEBUG FXGLApplication      - Initializing FXGL
18:02:05.684 [JavaFX Application Thread] INFO  Engine               - FXGL-21.1 (27.03.2024 07.52) on MAC (J:22.0.2 FX:22.0.1)
18:02:05.685 [JavaFX Application Thread] DEBUG Engine               - JRE Vendor Name: Oracle Corporation
18:02:05.685 [JavaFX Application Thread] DEBUG Engine               - Running on OS: Mac OS X version 14.6.1
18:02:05.685 [JavaFX Application Thread] DEBUG Engine               - Architecture: x86_64
18:02:05.685 [JavaFX Application Thread] INFO  Engine               - Source code and latest versions at: https://github.com/AlmasB/FXGL
18:02:05.686 [JavaFX Application Thread] INFO  Engine               -       Ask questions and discuss at: https://github.com/AlmasB/FXGL/discussions
18:02:05.686 [JavaFX Application Thread] INFO  Engine               -              Join the FXGL chat at: https://gitter.im/AlmasB/FXGL
18:02:05.779 [JavaFX Application Thread] DEBUG PrimaryStageWindow   - Creating a JavaFX scene
18:02:05.827 [JavaFX Application Thread] DEBUG PrimaryStageWindow   - Target settings size: 816.0 x 672.0
18:02:05.828 [JavaFX Application Thread] DEBUG PrimaryStageWindow   - Scaled scene size:    816.0 x 672.0
18:02:05.828 [JavaFX Application Thread] DEBUG PrimaryStageWindow   - Scaled ratio: (1.0, 1.0)
18:02:05.829 [JavaFX Application Thread] DEBUG PrimaryStageWindow   - Set initial scene to FXGLStartupScene
18:02:05.834 [JavaFX Application Thread] DEBUG PrimaryStageWindow   - Opening main window
18:02:05.956 [JavaFX Application Thread] DEBUG PrimaryStageWindow   - Window border size: (0.0, 28.0)
18:02:05.957 [JavaFX Application Thread] DEBUG PrimaryStageWindow   - Scaled size: 816.0 x 672.0
18:02:05.958 [JavaFX Application Thread] DEBUG PrimaryStageWindow   - Scaled ratio: (1.0, 1.0)
18:02:05.958 [JavaFX Application Thread] DEBUG PrimaryStageWindow   - Scene size: 816.0 x 672.0
18:02:05.959 [JavaFX Application Thread] DEBUG PrimaryStageWindow   - Stage size: 816.0 x 700.0
18:02:05.968 [FXGL Background Thread 1 ] DEBUG Engine               - Initializing environment variables
18:02:06.052 [FXGL Background Thread 1 ] DEBUG FXGLAssetLoaderServi - User app class for loading assets: class de.dywebstudio.tanks.TankApp
18:02:06.053 [FXGL Background Thread 1 ] DEBUG GameApplicationServi - Applying CSS: fxgl_dark.css
18:02:06.054 [FXGL Background Thread 1 ] DEBUG FXGLAssetLoaderServi - Loading from file system: jar:file:///Users/dy/.m2/repository/com/github/almasb/fxgl/21.1/fxgl-21.1.jar!/fxglassets/ui/css/fxgl_dark.css
18:02:06.153 [FXGL Background Thread 1 ] DEBUG GameApplicationServi - Initializing application scenes
18:02:06.450 [FXGL Background Thread 1 ] DEBUG GameWorld            - Game world initialized
18:02:06.495 [FXGL Background Thread 1 ] DEBUG PhysicsWorld         - Physics world initialized: appHeight=672, physics.ppm=50,0
18:02:06.495 [FXGL Background Thread 1 ] DEBUG PhysicsWorld         - Using strategy: BRUTE_FORCE
18:02:06.500 [FXGL Background Thread 1 ] DEBUG GameScene            - Game scene initialized: 816x672
18:02:06.509 [FXGL Background Thread 1 ] DEBUG FXGL.DefaultMenu     - createMenuBodyGameMenu()
18:02:06.523 [FXGL Background Thread 1 ] DEBUG FXGL.DefaultMenu     - createOptionsMenu()
18:02:06.532 [FXGL Background Thread 1 ] DEBUG FXGLAssetLoaderServi - Loading from file system: jar:file:///Users/dy/.m2/repository/com/github/almasb/fxgl/21.1/fxgl-21.1.jar!/fxglassets/textures/particles/smoke.png
18:02:06.626 [FXGL Background Thread 1 ] DEBUG FXGLAssetLoaderServi - Loading from file system: jar:file:///Users/dy/.m2/repository/com/github/almasb/fxgl/21.1/fxgl-21.1.jar!/fxglassets/textures/particles/trace_horizontal.png
18:02:06.652 [FXGL Background Thread 1 ] DEBUG GameApplicationServi - Application scenes initialized
18:02:06.666 [FXGL Background Thread 1 ] DEBUG SystemBundleService  - Loading FXGL system data
18:02:06.670 [FXGL Background Thread 1 ] DEBUG FileSystemAccess     - Reading from: /Users/dy/Desktop/alfa/Java/Projectarbeit/Tanks/system/fxgl.bundle
18:02:06.677 [FXGL Background Thread 1 ] DEBUG SystemBundleService  - Bundle FXGL: {}
18:02:06.678 [FXGL Background Thread 1 ] DEBUG UpdaterService       - Checking for updates
18:02:06.685 [FXGL Background Thread 4 ] DEBUG FXGLApplication      - Loading fonts
18:02:06.685 [FXGL Background Thread 4 ] DEBUG FXGLAssetLoaderServi - Loading from file system: jar:file:///Users/dy/.m2/repository/com/github/almasb/fxgl/21.1/fxgl-21.1.jar!/fxglassets/ui/fonts/VarelaRound-Regular.ttf
18:02:06.686 [FXGL Background Thread 1 ] DEBUG FXGLApplication      - Loading default localization
18:02:06.687 [FXGL Background Thread 1 ] DEBUG FXGLAssetLoaderServi - Loading from file system: jar:file:///Users/dy/.m2/repository/com/github/almasb/fxgl/21.1/fxgl-21.1.jar!/fxglassets/languages/english.lang
18:02:06.703 [FXGL Background Thread 1 ] INFO  FXGLApplication      - FXGL initialization took: 0,735 sec
18:02:06.706 [FXGL Background Thread 4 ] DEBUG FXGLAssetLoaderServi - Loading from file system: jar:file:///Users/dy/.m2/repository/com/github/almasb/fxgl/21.1/fxgl-21.1.jar!/fxglassets/ui/fonts/Abel-Regular.ttf
18:02:06.710 [FXGL Background Thread 4 ] DEBUG FXGLAssetLoaderServi - Loading from file system: jar:file:///Users/dy/.m2/repository/com/github/almasb/fxgl/21.1/fxgl-21.1.jar!/fxglassets/ui/fonts/TerminalLandMono-Regular.otf
18:02:06.714 [JavaFX Application Thread] DEBUG Input                - Registered new binding: action0 - W
18:02:06.714 [JavaFX Application Thread] DEBUG Input                - Registered new binding: action1 - S
18:02:06.715 [FXGL Background Thread 4 ] DEBUG FXGLAssetLoaderServi - Loading from file system: jar:file:///Users/dy/.m2/repository/com/github/almasb/fxgl/21.1/fxgl-21.1.jar!/fxglassets/ui/fonts/Courier-Prime.ttf
18:02:06.715 [JavaFX Application Thread] DEBUG Input                - Registered new binding: action2 - A
18:02:06.716 [JavaFX Application Thread] DEBUG Input                - Registered new binding: action3 - D
18:02:06.716 [JavaFX Application Thread] DEBUG Input                - Registered new binding: action4 - Space
18:02:06.717 [JavaFX Application Thread] DEBUG FXGLAssetLoaderServi - Loading from file system: jar:file:///Users/dy/.m2/repository/com/github/almasb/fxgl/21.1/fxgl-21.1.jar!/fxglassets/textures/fxgl_icon.png
18:02:06.751 [JavaFX Application Thread] DEBUG FXGLAssetLoaderServi - Loading from file system: jar:file:///Users/dy/.m2/repository/com/github/almasb/fxgl/21.1/fxgl-21.1.jar!/fxglassets/textures/fxgl_default_cursor.png
18:02:06.754 [JavaFX Application Thread] DEBUG Input                - Registered new binding: Screenshot - CTRL+8
18:02:06.754 [JavaFX Application Thread] DEBUG Input                - Registered new binding: System info dump - CTRL+9
18:02:06.755 [JavaFX Application Thread] DEBUG Input                - Registered new binding: Restart - CTRL+R
18:02:06.755 [JavaFX Application Thread] DEBUG Input                - Registered new binding: Toggle Debug Camera - CTRL+7
18:02:06.759 [JavaFX Application Thread] DEBUG LoopRunner           - Starting loop
18:02:06.759 [JavaFX Application Thread] DEBUG LoopRunner           - Initializing JavaFX AnimationTimerLoop
18:02:06.761 [JavaFX Application Thread] DEBUG GameApplicationServi - Starting new game
18:02:06.761 [JavaFX Application Thread] DEBUG Input                - Clearing active input actions
18:02:06.773 [JavaFX Application Thread] DEBUG GameApplicationServi - Removing overlay from FXGLStartupScene and adding to FXGLLoadingScene
18:02:06.774 [JavaFX Application Thread] DEBUG PrimaryStageWindow   - FXGLStartupScene -> FXGLLoadingScene
18:02:06.774 [JavaFX Application Thread] DEBUG GameApplicationServi - Clearing previous game
18:02:06.774 [JavaFX Application Thread] DEBUG GameScene            - Clearing game scene
18:02:06.775 [JavaFX Application Thread] DEBUG GameWorld            - Clearing game world
18:02:06.775 [JavaFX Application Thread] DEBUG PhysicsWorld         - Clearing physics world
18:02:06.776 [FXGL Background Thread 4 ] DEBUG FXGLApplication      - Initializing game
18:02:06.800 [JavaFX Application Thread] DEBUG FXGLApplication      - Registering font factories with UI factory
18:02:06.844 [FXGL Background Thread 4 ] WARN  TMXLevelLoader       - TiledMap generated from 1.11.0. Supported version: 1.9.0. Some features may not be parsed fully.
18:02:06.879 [FXGL Background Thread 4 ] DEBUG TMXLevelLoader       - Parsed TiledMap: file:/Users/dy/Desktop/alfa/Java/Projectarbeit/Tanks/target/classes/assets/levels/level.tmx
18:02:06.881 [FXGL Background Thread 4 ] DEBUG TMXLevelLoader       - Creating tile layer entities
18:02:06.882 [FXGL Background Thread 4 ] DEBUG TMXLevelLoader       - Creating object layer entities
18:02:06.924 [FXGL Background Thread 4 ] DEBUG FXGLAssetLoaderServi - Loading from file system: file:/Users/dy/Desktop/alfa/Java/Projectarbeit/Tanks/target/classes/assets/textures/items/sea_animation.png
18:02:07.055 [FXGL Background Thread 4 ] DEBUG GameWorld            - Clearing removable entities
18:02:07.056 [FXGL Background Thread 4 ] DEBUG GameWorld            - Setting level: com.almasb.fxgl.entity.level.Level@3b419740
18:02:07.086 [FXGL Background Thread 4 ] DEBUG FXGLAssetLoaderServi - Loading from file system: file:/Users/dy/Desktop/alfa/Java/Projectarbeit/Tanks/target/classes/assets/textures/tanks/player.png
18:02:07.091 [FXGL Background Thread 4 ] DEBUG FXGLAssetLoaderServi - Loading from file system: file:/Users/dy/Desktop/alfa/Java/Projectarbeit/Tanks/target/classes/assets/textures/tanks/T1.png
18:02:07.094 [FXGL Background Thread 4 ] DEBUG FXGLAssetLoaderServi - Loading from file system: file:/Users/dy/Desktop/alfa/Java/Projectarbeit/Tanks/target/classes/assets/textures/tanks/T2.png
18:02:07.096 [FXGL Background Thread 4 ] INFO  FXGLApplication      - Game initialization took: 0,320 sec
18:02:07.097 [JavaFX Application Thread] DEBUG Input                - Clearing active input actions
18:02:07.117 [JavaFX Application Thread] DEBUG GameApplicationServi - Removing overlay from FXGLLoadingScene and adding to GameScene
18:02:07.117 [JavaFX Application Thread] DEBUG PrimaryStageWindow   - FXGLLoadingScene -> GameScene
18:02:07.651 [JavaFX Application Thread] DEBUG FXGLAssetLoaderServi - Loading from file system: file:/Users/dy/Desktop/alfa/Java/Projectarbeit/Tanks/target/classes/assets/textures/items/bullet/norm.png
18:02:09.688 [FXGL Background Thread 3 ] DEBUG Engine               - Logging environment variables
18:02:09.688 [FXGL Background Thread 3 ] DEBUG Engine               - achievements: []
18:02:09.688 [FXGL Background Thread 3 ] DEBUG Engine               - actualHeight: 672.0
18:02:09.689 [FXGL Background Thread 3 ] DEBUG Engine               - actualHeightProperty: ReadOnlyDoubleProperty [value: 672.0]
18:02:09.689 [FXGL Background Thread 3 ] DEBUG Engine               - actualWidth: 816.0
18:02:09.689 [FXGL Background Thread 3 ] DEBUG Engine               - actualWidthProperty: ReadOnlyDoubleProperty [value: 816.0]
18:02:09.689 [FXGL Background Thread 3 ] DEBUG Engine               - appIcon: fxgl_icon.png
18:02:09.689 [FXGL Background Thread 3 ] DEBUG Engine               - applicationMode: DEVELOPER
18:02:09.689 [FXGL Background Thread 3 ] DEBUG Engine               - cSSList: [fxgl_dark.css]
18:02:09.689 [FXGL Background Thread 3 ] DEBUG Engine               - collisionDetectionStrategy: BRUTE_FORCE
18:02:09.689 [FXGL Background Thread 3 ] DEBUG Engine               - configClass: Optional.empty
18:02:09.689 [FXGL Background Thread 3 ] DEBUG Engine               - credits: []
18:02:09.689 [FXGL Background Thread 3 ] DEBUG Engine               - defaultCursor: CursorInfo(imageName=fxgl_default_cursor.png, hotspotX=7.0, hotspotY=6.0)
18:02:09.690 [FXGL Background Thread 3 ] DEBUG Engine               - devBBoxColorProperty: ObjectProperty [value: 0xff0000ff]
18:02:09.690 [FXGL Background Thread 3 ] DEBUG Engine               - devEnableDebugCameraProperty: BooleanProperty [value: false]
18:02:09.690 [FXGL Background Thread 3 ] DEBUG Engine               - devSensorColorProperty: ObjectProperty [value: 0xffff00ff]
18:02:09.691 [FXGL Background Thread 3 ] DEBUG Engine               - devShowBBoxProperty: BooleanProperty [value: false]
18:02:09.691 [FXGL Background Thread 3 ] DEBUG Engine               - devShowPositionProperty: BooleanProperty [value: false]
18:02:09.691 [FXGL Background Thread 3 ] DEBUG Engine               - enabledMenuItems: []
18:02:09.691 [FXGL Background Thread 3 ] DEBUG Engine               - engineServices: [class com.almasb.fxgl.app.services.FXGLAssetLoaderService, class com.almasb.fxgl.app.FXGLApplication$GameApplicationService, class com.almasb.fxgl.app.services.FXGLDialogService, class com.almasb.fxgl.app.services.IOTaskExecutorService, class com.almasb.fxgl.io.FileSystemService, class com.almasb.fxgl.localization.LocalizationService, class com.almasb.fxgl.app.services.SystemBundleService, class com.almasb.fxgl.profile.SaveLoadService, class com.almasb.fxgl.ui.FXGLUIFactoryServiceProvider, class com.almasb.fxgl.ui.FXGLDialogFactoryServiceProvider, class com.almasb.fxgl.audio.AudioPlayer, class com.almasb.fxgl.notification.impl.NotificationServiceProvider, class com.almasb.fxgl.achievement.AchievementService, class com.almasb.fxgl.cutscene.CutsceneService, class com.almasb.fxgl.minigames.MiniGameService, class com.almasb.fxgl.net.NetService, class com.almasb.fxgl.app.services.UpdaterService, class com.almasb.fxgl.dev.DevService]
18:02:09.691 [FXGL Background Thread 3 ] DEBUG Engine               - fontGame: Abel-Regular.ttf
18:02:09.691 [FXGL Background Thread 3 ] DEBUG Engine               - fontMono: TerminalLandMono-Regular.otf
18:02:09.691 [FXGL Background Thread 3 ] DEBUG Engine               - fontSizeScaleUI: 1.0
18:02:09.691 [FXGL Background Thread 3 ] DEBUG Engine               - fontText: Courier-Prime.ttf
18:02:09.691 [FXGL Background Thread 3 ] DEBUG Engine               - fontUI: VarelaRound-Regular.ttf
18:02:09.691 [FXGL Background Thread 3 ] DEBUG Engine               - fullScreen: BooleanProperty [value: false]
18:02:09.691 [FXGL Background Thread 3 ] DEBUG Engine               - gameDifficulty: MEDIUM
18:02:09.691 [FXGL Background Thread 3 ] DEBUG Engine               - gameDifficultyProperty: ObjectProperty [value: MEDIUM]
18:02:09.691 [FXGL Background Thread 3 ] DEBUG Engine               - globalMusicVolume: 0.5
18:02:09.691 [FXGL Background Thread 3 ] DEBUG Engine               - globalMusicVolumeProperty: DoubleProperty [value: 0.5]
18:02:09.692 [FXGL Background Thread 3 ] DEBUG Engine               - globalSoundVolume: 0.5
18:02:09.692 [FXGL Background Thread 3 ] DEBUG Engine               - globalSoundVolumeProperty: DoubleProperty [value: 0.5]
18:02:09.692 [FXGL Background Thread 3 ] DEBUG Engine               - height: 672
18:02:09.692 [FXGL Background Thread 3 ] DEBUG Engine               - is3D: false
18:02:09.692 [FXGL Background Thread 3 ] DEBUG Engine               - isAndroid: false
18:02:09.692 [FXGL Background Thread 3 ] DEBUG Engine               - isBrowser: false
18:02:09.692 [FXGL Background Thread 3 ] DEBUG Engine               - isClickFeedbackEnabled: false
18:02:09.692 [FXGL Background Thread 3 ] DEBUG Engine               - isCloseConfirmation: false
18:02:09.692 [FXGL Background Thread 3 ] DEBUG Engine               - isDesktop: true
18:02:09.692 [FXGL Background Thread 3 ] DEBUG Engine               - isDeveloperMenuEnabled: false
18:02:09.692 [FXGL Background Thread 3 ] DEBUG Engine               - isEmbedded: false
18:02:09.692 [FXGL Background Thread 3 ] DEBUG Engine               - isEntityPreloadEnabled: true
18:02:09.692 [FXGL Background Thread 3 ] DEBUG Engine               - isExperimentalTiledLargeMap: false
18:02:09.693 [FXGL Background Thread 3 ] DEBUG Engine               - isFileSystemWriteAllowed: true
18:02:09.693 [FXGL Background Thread 3 ] DEBUG Engine               - isFullScreenAllowed: false
18:02:09.693 [FXGL Background Thread 3 ] DEBUG Engine               - isFullScreenFromStart: false
18:02:09.693 [FXGL Background Thread 3 ] DEBUG Engine               - isGameMenuEnabled: true
18:02:09.693 [FXGL Background Thread 3 ] DEBUG Engine               - isIOS: false
18:02:09.693 [FXGL Background Thread 3 ] DEBUG Engine               - isIntroEnabled: false
18:02:09.693 [FXGL Background Thread 3 ] DEBUG Engine               - isLinux: false
18:02:09.693 [FXGL Background Thread 3 ] DEBUG Engine               - isMac: true
18:02:09.693 [FXGL Background Thread 3 ] DEBUG Engine               - isMainMenuEnabled: false
18:02:09.693 [FXGL Background Thread 3 ] DEBUG Engine               - isManualResizeEnabled: false
18:02:09.693 [FXGL Background Thread 3 ] DEBUG Engine               - isMobile: false
18:02:09.693 [FXGL Background Thread 3 ] DEBUG Engine               - isNative: false
18:02:09.693 [FXGL Background Thread 3 ] DEBUG Engine               - isPauseMusicWhenMinimized: true
18:02:09.693 [FXGL Background Thread 3 ] DEBUG Engine               - isPreserveResizeRatio: false
18:02:09.694 [FXGL Background Thread 3 ] DEBUG Engine               - isProfilingEnabled: false
18:02:09.694 [FXGL Background Thread 3 ] DEBUG Engine               - isScaleAffectedOnResize: true
18:02:09.694 [FXGL Background Thread 3 ] DEBUG Engine               - isSingleStep: false
18:02:09.694 [FXGL Background Thread 3 ] DEBUG Engine               - isUserProfileEnabled: false
18:02:09.694 [FXGL Background Thread 3 ] DEBUG Engine               - isWindows: false
18:02:09.694 [FXGL Background Thread 3 ] DEBUG Engine               - language: ObjectProperty [value: ENGLISH]
18:02:09.695 [FXGL Background Thread 3 ] DEBUG Engine               - menuKey: ESCAPE
18:02:09.695 [FXGL Background Thread 3 ] DEBUG Engine               - mouseSensitivity: 0.2
18:02:09.695 [FXGL Background Thread 3 ] DEBUG Engine               - notificationViewClass: class com.almasb.fxgl.notification.view.XboxNotificationView
18:02:09.695 [FXGL Background Thread 3 ] DEBUG Engine               - pixelsPerMeter: 50.0
18:02:09.695 [FXGL Background Thread 3 ] DEBUG Engine               - platform: MAC
18:02:09.695 [FXGL Background Thread 3 ] DEBUG Engine               - prefHeightProperty: ReadOnlyDoubleProperty [value: 672.0]
18:02:09.695 [FXGL Background Thread 3 ] DEBUG Engine               - prefWidthProperty: ReadOnlyDoubleProperty [value: 816.0]
18:02:09.695 [FXGL Background Thread 3 ] DEBUG Engine               - profileDir: profiles/
18:02:09.695 [FXGL Background Thread 3 ] DEBUG Engine               - profileName: StringProperty [value: DEFAULT]
18:02:09.695 [FXGL Background Thread 3 ] DEBUG Engine               - randomSeed: -1
18:02:09.696 [FXGL Background Thread 3 ] DEBUG Engine               - runtimeInfo: RuntimeInfo(platform=MAC, version=21.1, build=27.03.2024 07.52)
18:02:09.696 [FXGL Background Thread 3 ] DEBUG Engine               - saveFileExt: sav
18:02:09.696 [FXGL Background Thread 3 ] DEBUG Engine               - scaledHeightProp$fxgl: DoubleProperty [bound, value: 672.0]
18:02:09.696 [FXGL Background Thread 3 ] DEBUG Engine               - scaledWidthProp$fxgl: DoubleProperty [bound, value: 816.0]
18:02:09.696 [FXGL Background Thread 3 ] DEBUG Engine               - sceneFactory: com.almasb.fxgl.app.scene.SceneFactory@50ab26
18:02:09.696 [FXGL Background Thread 3 ] DEBUG Engine               - secondsIn24h: 60
18:02:09.696 [FXGL Background Thread 3 ] DEBUG Engine               - soundMenuBack: menu/back.wav
18:02:09.696 [FXGL Background Thread 3 ] DEBUG Engine               - soundMenuPress: menu/press.wav
18:02:09.696 [FXGL Background Thread 3 ] DEBUG Engine               - soundMenuSelect: menu/select.wav
18:02:09.696 [FXGL Background Thread 3 ] DEBUG Engine               - soundNotification: core/notification.wav
18:02:09.696 [FXGL Background Thread 3 ] DEBUG Engine               - stageStyle: DECORATED
18:02:09.697 [FXGL Background Thread 3 ] DEBUG Engine               - supportedLanguages: [ENGLISH, FRENCH, GERMAN, HUNGARIAN, RUSSIAN]
18:02:09.697 [FXGL Background Thread 3 ] DEBUG Engine               - ticksPerSecond: -1
18:02:09.697 [FXGL Background Thread 3 ] DEBUG Engine               - title: Tank
18:02:09.697 [FXGL Background Thread 3 ] DEBUG Engine               - urlGithub: https://github.com/AlmasB/FXGL
18:02:09.697 [FXGL Background Thread 3 ] DEBUG Engine               - urlLeaderboard: http://fxgl-top.herokuapp.com/
18:02:09.697 [FXGL Background Thread 3 ] DEBUG Engine               - urlPOM: https://raw.githubusercontent.com/AlmasB/FXGL/release/README.md
18:02:09.697 [FXGL Background Thread 3 ] DEBUG Engine               - userAppClass: class de.dywebstudio.tanks.TankApp
18:02:09.697 [FXGL Background Thread 3 ] DEBUG Engine               - version: 1.0
18:02:09.697 [FXGL Background Thread 3 ] DEBUG Engine               - versionCheckDays: 7
18:02:09.697 [FXGL Background Thread 3 ] DEBUG Engine               - width: 816
18:02:09.697 [FXGL Background Thread 3 ] DEBUG Engine               - Logging services
18:02:09.697 [FXGL Background Thread 3 ] DEBUG Engine               - class com.almasb.fxgl.app.services.FXGLAssetLoaderService
18:02:09.697 [FXGL Background Thread 3 ] DEBUG Engine               - class com.almasb.fxgl.app.FXGLApplication$GameApplicationService
18:02:09.697 [FXGL Background Thread 3 ] DEBUG Engine               - class com.almasb.fxgl.app.services.FXGLDialogService
18:02:09.697 [FXGL Background Thread 3 ] DEBUG Engine               - class com.almasb.fxgl.app.services.IOTaskExecutorService
18:02:09.698 [FXGL Background Thread 3 ] DEBUG Engine               - class com.almasb.fxgl.io.FileSystemService
18:02:09.698 [FXGL Background Thread 3 ] DEBUG Engine               - class com.almasb.fxgl.localization.LocalizationService
18:02:09.698 [FXGL Background Thread 3 ] DEBUG Engine               - class com.almasb.fxgl.app.services.SystemBundleService
18:02:09.698 [FXGL Background Thread 3 ] DEBUG Engine               - class com.almasb.fxgl.profile.SaveLoadService
18:02:09.698 [FXGL Background Thread 3 ] DEBUG Engine               - class com.almasb.fxgl.ui.FXGLUIFactoryServiceProvider
18:02:09.698 [FXGL Background Thread 3 ] DEBUG Engine               - class com.almasb.fxgl.ui.FXGLDialogFactoryServiceProvider
18:02:09.698 [FXGL Background Thread 3 ] DEBUG Engine               - class com.almasb.fxgl.audio.AudioPlayer
18:02:09.698 [FXGL Background Thread 3 ] DEBUG Engine               - class com.almasb.fxgl.notification.impl.NotificationServiceProvider
18:02:09.698 [FXGL Background Thread 3 ] DEBUG Engine               - class com.almasb.fxgl.achievement.AchievementService
18:02:09.698 [FXGL Background Thread 3 ] DEBUG Engine               - class com.almasb.fxgl.cutscene.CutsceneService
18:02:09.698 [FXGL Background Thread 3 ] DEBUG Engine               - class com.almasb.fxgl.minigames.MiniGameService
18:02:09.698 [FXGL Background Thread 3 ] DEBUG Engine               - class com.almasb.fxgl.net.NetService
18:02:09.698 [FXGL Background Thread 3 ] DEBUG Engine               - class com.almasb.fxgl.app.services.UpdaterService
18:02:09.698 [FXGL Background Thread 3 ] DEBUG Engine               - class com.almasb.fxgl.dev.DevService
18:02:49.024 [JavaFX Application Thread] DEBUG LoopRunner           - Stopping loop
18:02:49.027 [JavaFX Application Thread] FATAL FXGLApplication      - Uncaught Exception:
java.lang.IllegalArgumentException: Component TankComponent not found!
	at com.almasb.fxgl.entity@21.1/com.almasb.fxgl.entity.Entity.getComponent(Entity.java:366)
	at de.dywebstudio.tanks/de.dywebstudio.tanks.TankApp.lambda$initInput$0(TankApp.java:58)
	at com.almasb.fxgl.all@21.1/com.almasb.fxgl.dsl.FXGL$Companion$onKey$1.onAction(FXGL.kt:493)
	at com.almasb.fxgl.core@21.1/com.almasb.fxgl.input.UserAction.action$fxgl_core(UserAction.kt:38)
	at com.almasb.fxgl.core@21.1/com.almasb.fxgl.input.Input.update(Input.kt:278)
	at com.almasb.fxgl.scene@21.1/com.almasb.fxgl.scene.Scene.update(Scene.kt:103)
	at com.almasb.fxgl.all@21.1/com.almasb.fxgl.app.MainWindow$update$1.invoke(MainWindow.kt:121)
	at com.almasb.fxgl.all@21.1/com.almasb.fxgl.app.MainWindow$update$1.invoke(MainWindow.kt:121)
	at com.almasb.fxgl.core@21.1/com.almasb.fxgl.core.fsm.StateMachine.runOnActiveStates(StateMachine.kt:69)
	at com.almasb.fxgl.all@21.1/com.almasb.fxgl.app.MainWindow.update(MainWindow.kt:121)
	at com.almasb.fxgl.all@21.1/com.almasb.fxgl.app.FXGLApplication$GameApplicationService.onUpdate(FXGLApplication.kt:445)
	at com.almasb.fxgl.all@21.1/com.almasb.fxgl.app.Engine.loop(Engine.kt:134)
	at com.almasb.fxgl.all@21.1/com.almasb.fxgl.app.Engine.access$loop(Engine.kt:24)
	at com.almasb.fxgl.all@21.1/com.almasb.fxgl.app.Engine$loop$1.invoke(Engine.kt:28)
	at com.almasb.fxgl.all@21.1/com.almasb.fxgl.app.Engine$loop$1.invoke(Engine.kt:28)
	at com.almasb.fxgl.all@21.1/com.almasb.fxgl.app.LoopRunner.frame(LoopRunner.kt:103)
	at com.almasb.fxgl.all@21.1/com.almasb.fxgl.app.LoopRunner.access$frame(LoopRunner.kt:23)
	at com.almasb.fxgl.all@21.1/com.almasb.fxgl.app.LoopRunner$impl$2$1.onTick(LoopRunner.kt:57)
	at com.almasb.fxgl.all@21.1/com.almasb.fxgl.app.AnimationTimerLoop$timer$1.handle(LoopRunner.kt:137)
	at javafx.graphics@22.0.1/javafx.animation.AnimationTimer$AnimationTimerReceiver.lambda$handle$0(AnimationTimer.java:60)
	at java.base/java.security.AccessController.doPrivileged(AccessController.java:400)
	at javafx.graphics@22.0.1/javafx.animation.AnimationTimer$AnimationTimerReceiver.handle(AnimationTimer.java:59)
	at javafx.graphics@22.0.1/com.sun.scenario.animation.AbstractPrimaryTimer.timePulseImpl(AbstractPrimaryTimer.java:356)
	at javafx.graphics@22.0.1/com.sun.scenario.animation.AbstractPrimaryTimer$MainLoop.run(AbstractPrimaryTimer.java:266)
	at javafx.graphics@22.0.1/com.sun.javafx.tk.quantum.QuantumToolkit.pulse(QuantumToolkit.java:594)
	at javafx.graphics@22.0.1/com.sun.javafx.tk.quantum.QuantumToolkit.pulse(QuantumToolkit.java:578)
	at javafx.graphics@22.0.1/com.sun.javafx.tk.quantum.QuantumToolkit.pulseFromQueue(QuantumToolkit.java:571)
	at javafx.graphics@22.0.1/com.sun.javafx.tk.quantum.QuantumToolkit.lambda$runToolkit$11(QuantumToolkit.java:352)
	at javafx.graphics@22.0.1/com.sun.glass.ui.InvokeLaterDispatcher$Future.run(InvokeLaterDispatcher.java:95)

18:02:49.027 [JavaFX Application Thread] FATAL FXGLApplication      - Application will now exit
18:02:49.047 [JavaFX Application Thread] DEBUG PrimaryStageWindow   - Push state: ErrorSubScene
18:02:49.048 [JavaFX Application Thread] DEBUG Input                - Clearing active input actions
18:02:49.051 [JavaFX Application Thread] DEBUG GameApplicationServi - Removing overlay from GameScene and adding to ErrorSubScene
18:02:49.052 [JavaFX Application Thread] DEBUG PrimaryStageWindow   - GameScene -> ErrorSubScene
18:02:54.688 [JavaFX Application Thread] DEBUG FXGLApplication      - Exiting FXGL
18:02:54.688 [JavaFX Application Thread] DEBUG Async                - Shutting down background threads
18:02:54.688 [JavaFX Application Thread] DEBUG PrimaryStageWindow   - Closing main window
18:02:54.699 [JavaFX Application Thread] DEBUG Logger               - Closing Logger
