11:51:33.064 [main                     ] DEBUG Logger               - Configured Logger
11:51:33.165 [main                     ] DEBUG GameApplication      - Logging settings
Title: Tank
Version: 1.0
Width: 816
Height: 672
Fullscreen: false
Intro: false
Profiling: false
Single step:false
App Mode: DEVELOPER
Menu Key: ESCAPE
Stage Style: DECORATED
Scene Factory: class com.almasb.fxgl.app.scene.SceneFactory

11:51:34.097 [JavaFX Application Thread] DEBUG FXGLApplication      - Initializing FXGL
11:51:34.105 [JavaFX Application Thread] INFO  Engine               - FXGL-21.1 (27.03.2024 07.52) on MAC (J:22.0.2 FX:22.0.1)
11:51:34.106 [JavaFX Application Thread] DEBUG Engine               - JRE Vendor Name: Oracle Corporation
11:51:34.106 [JavaFX Application Thread] DEBUG Engine               - Running on OS: Mac OS X version 14.6.1
11:51:34.107 [JavaFX Application Thread] DEBUG Engine               - Architecture: x86_64
11:51:34.107 [JavaFX Application Thread] INFO  Engine               - Source code and latest versions at: https://github.com/AlmasB/FXGL
11:51:34.107 [JavaFX Application Thread] INFO  Engine               -       Ask questions and discuss at: https://github.com/AlmasB/FXGL/discussions
11:51:34.108 [JavaFX Application Thread] INFO  Engine               -              Join the FXGL chat at: https://gitter.im/AlmasB/FXGL
11:51:34.288 [JavaFX Application Thread] DEBUG PrimaryStageWindow   - Creating a JavaFX scene
11:51:34.418 [JavaFX Application Thread] DEBUG PrimaryStageWindow   - Target settings size: 816.0 x 672.0
11:51:34.418 [JavaFX Application Thread] DEBUG PrimaryStageWindow   - Scaled scene size:    816.0 x 672.0
11:51:34.419 [JavaFX Application Thread] DEBUG PrimaryStageWindow   - Scaled ratio: (1.0, 1.0)
11:51:34.421 [JavaFX Application Thread] DEBUG PrimaryStageWindow   - Set initial scene to FXGLStartupScene
11:51:34.429 [JavaFX Application Thread] DEBUG PrimaryStageWindow   - Opening main window
11:51:34.736 [JavaFX Application Thread] DEBUG PrimaryStageWindow   - Window border size: (0.0, 28.0)
11:51:34.737 [JavaFX Application Thread] DEBUG PrimaryStageWindow   - Scaled size: 816.0 x 672.0
11:51:34.737 [JavaFX Application Thread] DEBUG PrimaryStageWindow   - Scaled ratio: (1.0, 1.0)
11:51:34.738 [JavaFX Application Thread] DEBUG PrimaryStageWindow   - Scene size: 816.0 x 672.0
11:51:34.738 [JavaFX Application Thread] DEBUG PrimaryStageWindow   - Stage size: 816.0 x 700.0
11:51:34.754 [FXGL Background Thread 1 ] DEBUG Engine               - Initializing environment variables
11:51:34.904 [FXGL Background Thread 1 ] DEBUG FXGLAssetLoaderServi - User app class for loading assets: class de.dywebstudio.tanks.TankApp
11:51:34.905 [FXGL Background Thread 1 ] DEBUG GameApplicationServi - Applying CSS: fxgl_dark.css
11:51:34.905 [FXGL Background Thread 1 ] DEBUG FXGLAssetLoaderServi - Loading from file system: jar:file:///Users/dy/.m2/repository/com/github/almasb/fxgl/21.1/fxgl-21.1.jar!/fxglassets/ui/css/fxgl_dark.css
11:51:35.121 [FXGL Background Thread 1 ] DEBUG GameApplicationServi - Initializing application scenes
11:51:35.599 [FXGL Background Thread 1 ] DEBUG GameWorld            - Game world initialized
11:51:35.672 [FXGL Background Thread 1 ] DEBUG PhysicsWorld         - Physics world initialized: appHeight=672, physics.ppm=50,0
11:51:35.672 [FXGL Background Thread 1 ] DEBUG PhysicsWorld         - Using strategy: BRUTE_FORCE
11:51:35.677 [FXGL Background Thread 1 ] DEBUG GameScene            - Game scene initialized: 816x672
11:51:35.694 [FXGL Background Thread 1 ] DEBUG FXGL.DefaultMenu     - createMenuBodyMainMenu()
11:51:35.719 [FXGL Background Thread 1 ] DEBUG FXGL.DefaultMenu     - createOptionsMenu()
11:51:35.735 [FXGL Background Thread 1 ] DEBUG FXGLAssetLoaderServi - Loading from file system: jar:file:///Users/dy/.m2/repository/com/github/almasb/fxgl/21.1/fxgl-21.1.jar!/fxglassets/textures/particles/smoke.png
11:51:35.879 [FXGL Background Thread 1 ] DEBUG FXGLAssetLoaderServi - Loading from file system: jar:file:///Users/dy/.m2/repository/com/github/almasb/fxgl/21.1/fxgl-21.1.jar!/fxglassets/textures/particles/trace_horizontal.png
11:51:35.908 [FXGL Background Thread 1 ] DEBUG FXGL.DefaultMenu     - createMenuBodyGameMenu()
11:51:35.909 [FXGL Background Thread 1 ] DEBUG FXGL.DefaultMenu     - createOptionsMenu()
11:51:35.929 [FXGL Background Thread 1 ] DEBUG GameApplicationServi - Application scenes initialized
11:51:35.949 [FXGL Background Thread 1 ] DEBUG SystemBundleService  - Loading FXGL system data
11:51:35.956 [FXGL Background Thread 1 ] DEBUG FileSystemAccess     - Reading from: /Users/dy/Desktop/alfa/Java/Projectarbeit/Tanks/system/fxgl.bundle
11:51:35.968 [FXGL Background Thread 1 ] DEBUG SystemBundleService  - Bundle FXGL: {}
11:51:35.968 [FXGL Background Thread 1 ] DEBUG UpdaterService       - Checking for updates
11:51:35.973 [FXGL Background Thread 4 ] DEBUG FXGLApplication      - Loading fonts
11:51:35.973 [FXGL Background Thread 4 ] DEBUG FXGLAssetLoaderServi - Loading from file system: jar:file:///Users/dy/.m2/repository/com/github/almasb/fxgl/21.1/fxgl-21.1.jar!/fxglassets/ui/fonts/VarelaRound-Regular.ttf
11:51:35.974 [FXGL Background Thread 1 ] DEBUG FXGLApplication      - Loading default localization
11:51:35.974 [FXGL Background Thread 1 ] DEBUG FXGLAssetLoaderServi - Loading from file system: jar:file:///Users/dy/.m2/repository/com/github/almasb/fxgl/21.1/fxgl-21.1.jar!/fxglassets/languages/english.lang
11:51:35.995 [FXGL Background Thread 4 ] DEBUG FXGLAssetLoaderServi - Loading from file system: jar:file:///Users/dy/.m2/repository/com/github/almasb/fxgl/21.1/fxgl-21.1.jar!/fxglassets/ui/fonts/Abel-Regular.ttf
11:51:35.999 [FXGL Background Thread 1 ] INFO  FXGLApplication      - FXGL initialization took: 1,244 sec
11:51:36.000 [FXGL Background Thread 4 ] DEBUG FXGLAssetLoaderServi - Loading from file system: jar:file:///Users/dy/.m2/repository/com/github/almasb/fxgl/21.1/fxgl-21.1.jar!/fxglassets/ui/fonts/TerminalLandMono-Regular.otf
11:51:36.005 [FXGL Background Thread 4 ] DEBUG FXGLAssetLoaderServi - Loading from file system: jar:file:///Users/dy/.m2/repository/com/github/almasb/fxgl/21.1/fxgl-21.1.jar!/fxglassets/ui/fonts/Courier-Prime.ttf
11:51:36.011 [JavaFX Application Thread] DEBUG Input                - Registered new binding: action0 - W
11:51:36.011 [JavaFX Application Thread] DEBUG Input                - Registered new binding: action1 - S
11:51:36.012 [JavaFX Application Thread] DEBUG Input                - Registered new binding: action2 - A
11:51:36.012 [JavaFX Application Thread] DEBUG Input                - Registered new binding: action3 - D
11:51:36.013 [JavaFX Application Thread] DEBUG Input                - Registered new binding: action4 - Space
11:51:36.013 [JavaFX Application Thread] DEBUG FXGLAssetLoaderServi - Loading from file system: jar:file:///Users/dy/.m2/repository/com/github/almasb/fxgl/21.1/fxgl-21.1.jar!/fxglassets/textures/fxgl_icon.png
11:51:36.040 [JavaFX Application Thread] DEBUG FXGLAssetLoaderServi - Loading from file system: jar:file:///Users/dy/.m2/repository/com/github/almasb/fxgl/21.1/fxgl-21.1.jar!/fxglassets/textures/fxgl_default_cursor.png
11:51:36.043 [JavaFX Application Thread] DEBUG Input                - Registered new binding: Screenshot - CTRL+8
11:51:36.043 [JavaFX Application Thread] DEBUG Input                - Registered new binding: System info dump - CTRL+9
11:51:36.044 [JavaFX Application Thread] DEBUG Input                - Registered new binding: Restart - CTRL+R
11:51:36.045 [JavaFX Application Thread] DEBUG Input                - Registered new binding: Toggle Debug Camera - CTRL+7
11:51:36.048 [JavaFX Application Thread] DEBUG LoopRunner           - Starting loop
11:51:36.048 [JavaFX Application Thread] DEBUG LoopRunner           - Initializing JavaFX AnimationTimerLoop
11:51:36.051 [JavaFX Application Thread] DEBUG Input                - Clearing active input actions
11:51:36.061 [JavaFX Application Thread] DEBUG GameApplicationServi - Removing overlay from FXGLStartupScene and adding to FXGLMainMenuDummyScene
11:51:36.062 [JavaFX Application Thread] DEBUG PrimaryStageWindow   - FXGLStartupScene -> FXGLMainMenuDummyScene
11:51:36.062 [JavaFX Application Thread] DEBUG PrimaryStageWindow   - Push state: FXGLDefaultMenu
11:51:36.067 [JavaFX Application Thread] DEBUG Input                - Clearing active input actions
11:51:36.079 [JavaFX Application Thread] DEBUG GameApplicationServi - Removing overlay from FXGLMainMenuDummyScene and adding to FXGLDefaultMenu
11:51:36.080 [JavaFX Application Thread] DEBUG PrimaryStageWindow   - FXGLMainMenuDummyScene -> FXGLDefaultMenu
11:51:36.119 [JavaFX Application Thread] DEBUG FXGLApplication      - Registering font factories with UI factory
11:51:38.933 [JavaFX Application Thread] DEBUG Menu                 - fireNewGame()
11:51:38.933 [JavaFX Application Thread] DEBUG GameApplicationServi - Starting new game
11:51:38.936 [JavaFX Application Thread] DEBUG PrimaryStageWindow   - Pop state: FXGLDefaultMenu
11:51:38.936 [JavaFX Application Thread] DEBUG Input                - Clearing active input actions
11:51:38.937 [JavaFX Application Thread] DEBUG GameApplicationServi - Removing overlay from FXGLDefaultMenu and adding to FXGLMainMenuDummyScene
11:51:38.937 [JavaFX Application Thread] DEBUG PrimaryStageWindow   - FXGLMainMenuDummyScene <- FXGLDefaultMenu
11:51:38.938 [JavaFX Application Thread] DEBUG Input                - Clearing active input actions
11:51:38.950 [JavaFX Application Thread] DEBUG GameApplicationServi - Removing overlay from FXGLMainMenuDummyScene and adding to FXGLLoadingScene
11:51:38.951 [JavaFX Application Thread] DEBUG PrimaryStageWindow   - FXGLMainMenuDummyScene -> FXGLLoadingScene
11:51:38.951 [JavaFX Application Thread] DEBUG GameApplicationServi - Clearing previous game
11:51:38.951 [JavaFX Application Thread] DEBUG GameScene            - Clearing game scene
11:51:38.951 [JavaFX Application Thread] DEBUG GameWorld            - Clearing game world
11:51:38.951 [JavaFX Application Thread] DEBUG PhysicsWorld         - Clearing physics world
11:51:38.952 [FXGL Background Thread 2 ] DEBUG FXGLApplication      - Initializing game
11:51:38.975 [FXGL Background Thread 3 ] DEBUG Engine               - Logging environment variables
11:51:38.976 [FXGL Background Thread 3 ] DEBUG Engine               - achievements: []
11:51:38.977 [FXGL Background Thread 3 ] DEBUG Engine               - actualHeight: 672.0
11:51:38.977 [FXGL Background Thread 3 ] DEBUG Engine               - actualHeightProperty: ReadOnlyDoubleProperty [value: 672.0]
11:51:38.977 [FXGL Background Thread 3 ] DEBUG Engine               - actualWidth: 816.0
11:51:38.977 [FXGL Background Thread 3 ] DEBUG Engine               - actualWidthProperty: ReadOnlyDoubleProperty [value: 816.0]
11:51:38.978 [FXGL Background Thread 3 ] DEBUG Engine               - appIcon: fxgl_icon.png
11:51:38.978 [FXGL Background Thread 3 ] DEBUG Engine               - applicationMode: DEVELOPER
11:51:38.978 [FXGL Background Thread 3 ] DEBUG Engine               - cSSList: [fxgl_dark.css]
11:51:38.978 [FXGL Background Thread 3 ] DEBUG Engine               - collisionDetectionStrategy: BRUTE_FORCE
11:51:38.978 [FXGL Background Thread 3 ] DEBUG Engine               - configClass: Optional.empty
11:51:38.978 [FXGL Background Thread 3 ] DEBUG Engine               - credits: []
11:51:38.979 [FXGL Background Thread 3 ] DEBUG Engine               - defaultCursor: CursorInfo(imageName=fxgl_default_cursor.png, hotspotX=7.0, hotspotY=6.0)
11:51:38.980 [FXGL Background Thread 3 ] DEBUG Engine               - devBBoxColorProperty: ObjectProperty [value: 0xff0000ff]
11:51:38.980 [FXGL Background Thread 3 ] DEBUG Engine               - devEnableDebugCameraProperty: BooleanProperty [value: false]
11:51:38.980 [FXGL Background Thread 3 ] DEBUG Engine               - devSensorColorProperty: ObjectProperty [value: 0xffff00ff]
11:51:38.981 [FXGL Background Thread 3 ] DEBUG Engine               - devShowBBoxProperty: BooleanProperty [value: false]
11:51:38.981 [FXGL Background Thread 3 ] DEBUG Engine               - devShowPositionProperty: BooleanProperty [value: false]
11:51:38.981 [FXGL Background Thread 3 ] DEBUG Engine               - enabledMenuItems: []
11:51:38.981 [FXGL Background Thread 3 ] DEBUG Engine               - engineServices: [class com.almasb.fxgl.app.services.FXGLAssetLoaderService, class com.almasb.fxgl.app.FXGLApplication$GameApplicationService, class com.almasb.fxgl.app.services.FXGLDialogService, class com.almasb.fxgl.app.services.IOTaskExecutorService, class com.almasb.fxgl.io.FileSystemService, class com.almasb.fxgl.localization.LocalizationService, class com.almasb.fxgl.app.services.SystemBundleService, class com.almasb.fxgl.profile.SaveLoadService, class com.almasb.fxgl.ui.FXGLUIFactoryServiceProvider, class com.almasb.fxgl.ui.FXGLDialogFactoryServiceProvider, class com.almasb.fxgl.audio.AudioPlayer, class com.almasb.fxgl.notification.impl.NotificationServiceProvider, class com.almasb.fxgl.achievement.AchievementService, class com.almasb.fxgl.cutscene.CutsceneService, class com.almasb.fxgl.minigames.MiniGameService, class com.almasb.fxgl.net.NetService, class com.almasb.fxgl.app.services.UpdaterService, class com.almasb.fxgl.dev.DevService]
11:51:38.981 [FXGL Background Thread 3 ] DEBUG Engine               - fontGame: Abel-Regular.ttf
11:51:38.981 [FXGL Background Thread 3 ] DEBUG Engine               - fontMono: TerminalLandMono-Regular.otf
11:51:38.981 [FXGL Background Thread 3 ] DEBUG Engine               - fontSizeScaleUI: 1.0
11:51:38.981 [FXGL Background Thread 3 ] DEBUG Engine               - fontText: Courier-Prime.ttf
11:51:38.982 [FXGL Background Thread 3 ] DEBUG Engine               - fontUI: VarelaRound-Regular.ttf
11:51:38.982 [FXGL Background Thread 3 ] DEBUG Engine               - fullScreen: BooleanProperty [value: false]
11:51:38.982 [FXGL Background Thread 3 ] DEBUG Engine               - gameDifficulty: MEDIUM
11:51:38.982 [FXGL Background Thread 3 ] DEBUG Engine               - gameDifficultyProperty: ObjectProperty [value: MEDIUM]
11:51:38.982 [FXGL Background Thread 3 ] DEBUG Engine               - globalMusicVolume: 0.5
11:51:38.982 [FXGL Background Thread 3 ] DEBUG Engine               - globalMusicVolumeProperty: DoubleProperty [value: 0.5]
11:51:38.982 [FXGL Background Thread 3 ] DEBUG Engine               - globalSoundVolume: 0.5
11:51:38.982 [FXGL Background Thread 3 ] DEBUG Engine               - globalSoundVolumeProperty: DoubleProperty [value: 0.5]
11:51:38.982 [FXGL Background Thread 3 ] DEBUG Engine               - height: 672
11:51:38.982 [FXGL Background Thread 3 ] DEBUG Engine               - is3D: false
11:51:38.982 [FXGL Background Thread 3 ] DEBUG Engine               - isAndroid: false
11:51:38.982 [FXGL Background Thread 3 ] DEBUG Engine               - isBrowser: false
11:51:38.982 [FXGL Background Thread 3 ] DEBUG Engine               - isClickFeedbackEnabled: false
11:51:38.982 [FXGL Background Thread 3 ] DEBUG Engine               - isCloseConfirmation: false
11:51:38.982 [FXGL Background Thread 3 ] DEBUG Engine               - isDesktop: true
11:51:38.983 [FXGL Background Thread 3 ] DEBUG Engine               - isDeveloperMenuEnabled: false
11:51:38.983 [FXGL Background Thread 3 ] DEBUG Engine               - isEmbedded: false
11:51:38.983 [FXGL Background Thread 3 ] DEBUG Engine               - isEntityPreloadEnabled: true
11:51:38.983 [FXGL Background Thread 3 ] DEBUG Engine               - isExperimentalTiledLargeMap: false
11:51:38.983 [FXGL Background Thread 3 ] DEBUG Engine               - isFileSystemWriteAllowed: true
11:51:38.983 [FXGL Background Thread 3 ] DEBUG Engine               - isFullScreenAllowed: false
11:51:38.983 [FXGL Background Thread 3 ] DEBUG Engine               - isFullScreenFromStart: false
11:51:38.983 [FXGL Background Thread 3 ] DEBUG Engine               - isGameMenuEnabled: true
11:51:38.983 [FXGL Background Thread 3 ] DEBUG Engine               - isIOS: false
11:51:38.983 [FXGL Background Thread 3 ] DEBUG Engine               - isIntroEnabled: false
11:51:38.983 [FXGL Background Thread 3 ] DEBUG Engine               - isLinux: false
11:51:38.983 [FXGL Background Thread 3 ] DEBUG Engine               - isMac: true
11:51:38.983 [FXGL Background Thread 3 ] DEBUG Engine               - isMainMenuEnabled: true
11:51:38.983 [FXGL Background Thread 3 ] DEBUG Engine               - isManualResizeEnabled: false
11:51:38.983 [FXGL Background Thread 3 ] DEBUG Engine               - isMobile: false
11:51:38.983 [FXGL Background Thread 3 ] DEBUG Engine               - isNative: false
11:51:38.983 [FXGL Background Thread 3 ] DEBUG Engine               - isPauseMusicWhenMinimized: true
11:51:38.983 [FXGL Background Thread 3 ] DEBUG Engine               - isPreserveResizeRatio: false
11:51:38.984 [FXGL Background Thread 3 ] DEBUG Engine               - isProfilingEnabled: false
11:51:38.984 [FXGL Background Thread 3 ] DEBUG Engine               - isScaleAffectedOnResize: true
11:51:38.984 [FXGL Background Thread 3 ] DEBUG Engine               - isSingleStep: false
11:51:38.984 [FXGL Background Thread 3 ] DEBUG Engine               - isUserProfileEnabled: false
11:51:38.984 [FXGL Background Thread 3 ] DEBUG Engine               - isWindows: false
11:51:38.984 [FXGL Background Thread 3 ] DEBUG Engine               - language: ObjectProperty [value: ENGLISH]
11:51:38.984 [FXGL Background Thread 3 ] DEBUG Engine               - menuKey: ESCAPE
11:51:38.984 [FXGL Background Thread 3 ] DEBUG Engine               - mouseSensitivity: 0.2
11:51:38.984 [FXGL Background Thread 3 ] DEBUG Engine               - notificationViewClass: class com.almasb.fxgl.notification.view.XboxNotificationView
11:51:38.984 [FXGL Background Thread 3 ] DEBUG Engine               - pixelsPerMeter: 50.0
11:51:38.984 [FXGL Background Thread 3 ] DEBUG Engine               - platform: MAC
11:51:38.984 [FXGL Background Thread 3 ] DEBUG Engine               - prefHeightProperty: ReadOnlyDoubleProperty [value: 672.0]
11:51:38.984 [FXGL Background Thread 3 ] DEBUG Engine               - prefWidthProperty: ReadOnlyDoubleProperty [value: 816.0]
11:51:38.985 [FXGL Background Thread 3 ] DEBUG Engine               - profileDir: profiles/
11:51:38.985 [FXGL Background Thread 3 ] DEBUG Engine               - profileName: StringProperty [value: DEFAULT]
11:51:38.985 [FXGL Background Thread 3 ] DEBUG Engine               - randomSeed: -1
11:51:38.985 [FXGL Background Thread 3 ] DEBUG Engine               - runtimeInfo: RuntimeInfo(platform=MAC, version=21.1, build=27.03.2024 07.52)
11:51:38.985 [FXGL Background Thread 3 ] DEBUG Engine               - saveFileExt: sav
11:51:38.986 [FXGL Background Thread 3 ] DEBUG Engine               - scaledHeightProp$fxgl: DoubleProperty [bound, value: 672.0]
11:51:38.986 [FXGL Background Thread 3 ] DEBUG Engine               - scaledWidthProp$fxgl: DoubleProperty [bound, value: 816.0]
11:51:38.986 [FXGL Background Thread 3 ] DEBUG Engine               - sceneFactory: com.almasb.fxgl.app.scene.SceneFactory@271f4cd9
11:51:38.988 [FXGL Background Thread 3 ] DEBUG Engine               - secondsIn24h: 60
11:51:38.988 [FXGL Background Thread 3 ] DEBUG Engine               - soundMenuBack: menu/back.wav
11:51:38.988 [FXGL Background Thread 3 ] DEBUG Engine               - soundMenuPress: menu/press.wav
11:51:38.988 [FXGL Background Thread 3 ] DEBUG Engine               - soundMenuSelect: menu/select.wav
11:51:38.988 [FXGL Background Thread 3 ] DEBUG Engine               - soundNotification: core/notification.wav
11:51:38.988 [FXGL Background Thread 3 ] DEBUG Engine               - stageStyle: DECORATED
11:51:38.988 [FXGL Background Thread 3 ] DEBUG Engine               - supportedLanguages: [ENGLISH, FRENCH, GERMAN, HUNGARIAN, RUSSIAN]
11:51:38.988 [FXGL Background Thread 3 ] DEBUG Engine               - ticksPerSecond: -1
11:51:38.989 [FXGL Background Thread 3 ] DEBUG Engine               - title: Tank
11:51:38.989 [FXGL Background Thread 3 ] DEBUG Engine               - urlGithub: https://github.com/AlmasB/FXGL
11:51:38.989 [FXGL Background Thread 3 ] DEBUG Engine               - urlLeaderboard: http://fxgl-top.herokuapp.com/
11:51:38.989 [FXGL Background Thread 3 ] DEBUG Engine               - urlPOM: https://raw.githubusercontent.com/AlmasB/FXGL/release/README.md
11:51:38.989 [FXGL Background Thread 3 ] DEBUG Engine               - userAppClass: class de.dywebstudio.tanks.TankApp
11:51:38.990 [FXGL Background Thread 3 ] DEBUG Engine               - version: 1.0
11:51:38.990 [FXGL Background Thread 3 ] DEBUG Engine               - versionCheckDays: 7
11:51:38.990 [FXGL Background Thread 3 ] DEBUG Engine               - width: 816
11:51:38.991 [FXGL Background Thread 3 ] DEBUG Engine               - Logging services
11:51:38.992 [FXGL Background Thread 3 ] DEBUG Engine               - class com.almasb.fxgl.app.services.FXGLAssetLoaderService
11:51:38.992 [FXGL Background Thread 3 ] DEBUG Engine               - class com.almasb.fxgl.app.FXGLApplication$GameApplicationService
11:51:38.992 [FXGL Background Thread 3 ] DEBUG Engine               - class com.almasb.fxgl.app.services.FXGLDialogService
11:51:38.992 [FXGL Background Thread 3 ] DEBUG Engine               - class com.almasb.fxgl.app.services.IOTaskExecutorService
11:51:38.992 [FXGL Background Thread 3 ] DEBUG Engine               - class com.almasb.fxgl.io.FileSystemService
11:51:38.992 [FXGL Background Thread 3 ] DEBUG Engine               - class com.almasb.fxgl.localization.LocalizationService
11:51:38.992 [FXGL Background Thread 3 ] DEBUG Engine               - class com.almasb.fxgl.app.services.SystemBundleService
11:51:38.992 [FXGL Background Thread 3 ] DEBUG Engine               - class com.almasb.fxgl.profile.SaveLoadService
11:51:38.992 [FXGL Background Thread 3 ] DEBUG Engine               - class com.almasb.fxgl.ui.FXGLUIFactoryServiceProvider
11:51:38.992 [FXGL Background Thread 3 ] DEBUG Engine               - class com.almasb.fxgl.ui.FXGLDialogFactoryServiceProvider
11:51:38.992 [FXGL Background Thread 3 ] DEBUG Engine               - class com.almasb.fxgl.audio.AudioPlayer
11:51:38.992 [FXGL Background Thread 3 ] DEBUG Engine               - class com.almasb.fxgl.notification.impl.NotificationServiceProvider
11:51:38.992 [FXGL Background Thread 3 ] DEBUG Engine               - class com.almasb.fxgl.achievement.AchievementService
11:51:38.992 [FXGL Background Thread 3 ] DEBUG Engine               - class com.almasb.fxgl.cutscene.CutsceneService
11:51:38.992 [FXGL Background Thread 3 ] DEBUG Engine               - class com.almasb.fxgl.minigames.MiniGameService
11:51:38.993 [FXGL Background Thread 3 ] DEBUG Engine               - class com.almasb.fxgl.net.NetService
11:51:38.993 [FXGL Background Thread 3 ] DEBUG Engine               - class com.almasb.fxgl.app.services.UpdaterService
11:51:38.993 [FXGL Background Thread 3 ] DEBUG Engine               - class com.almasb.fxgl.dev.DevService
11:51:39.094 [FXGL Background Thread 2 ] WARN  TMXLevelLoader       - TiledMap generated from 1.11.0. Supported version: 1.9.0. Some features may not be parsed fully.
11:51:39.134 [FXGL Background Thread 2 ] DEBUG TMXLevelLoader       - Parsed TiledMap: file:/Users/dy/Desktop/alfa/Java/Projectarbeit/Tanks/target/classes/assets/levels/level1.tmx
11:51:39.136 [FXGL Background Thread 2 ] DEBUG TMXLevelLoader       - Creating tile layer entities
11:51:39.137 [FXGL Background Thread 2 ] DEBUG TMXLevelLoader       - Creating object layer entities
11:51:39.180 [FXGL Background Thread 2 ] DEBUG FXGLAssetLoaderServi - Loading from file system: file:/Users/dy/Desktop/alfa/Java/Projectarbeit/Tanks/target/classes/assets/textures/items/sea_animation.png
11:51:39.278 [FXGL Background Thread 2 ] DEBUG GameWorld            - Clearing removable entities
11:51:39.278 [FXGL Background Thread 2 ] DEBUG GameWorld            - Setting level: com.almasb.fxgl.entity.level.Level@6cecbd0f
11:51:39.301 [FXGL Background Thread 2 ] DEBUG FXGLAssetLoaderServi - Loading from file system: file:/Users/dy/Desktop/alfa/Java/Projectarbeit/Tanks/target/classes/assets/textures/tanks/player.png
11:51:39.318 [FXGL Background Thread 2 ] DEBUG FXGLAssetLoaderServi - Loading from file system: file:/Users/dy/Desktop/alfa/Java/Projectarbeit/Tanks/target/classes/assets/textures/ui/enemy_info.png
11:51:39.321 [FXGL Background Thread 2 ] DEBUG FXGLAssetLoaderServi - Loading from file system: file:/Users/dy/Desktop/alfa/Java/Projectarbeit/Tanks/target/classes/assets/textures/ui/levelFlag.png
11:51:39.324 [FXGL Background Thread 2 ] DEBUG FXGLAssetLoaderServi - Loading from file system: file:/Users/dy/Desktop/alfa/Java/Projectarbeit/Tanks/target/classes/assets/textures/tanks/T5.png
11:51:39.328 [FXGL Background Thread 2 ] DEBUG FXGLAssetLoaderServi - Loading from file system: file:/Users/dy/Desktop/alfa/Java/Projectarbeit/Tanks/target/classes/assets/textures/tanks/T3.png
11:51:39.330 [FXGL Background Thread 2 ] DEBUG FXGLAssetLoaderServi - Loading from file system: file:/Users/dy/Desktop/alfa/Java/Projectarbeit/Tanks/target/classes/assets/textures/tanks/T1.png
11:51:39.334 [FXGL Background Thread 2 ] INFO  FXGLApplication      - Game initialization took: 0,382 sec
11:51:39.335 [JavaFX Application Thread] DEBUG Input                - Clearing active input actions
11:51:39.350 [JavaFX Application Thread] DEBUG GameApplicationServi - Removing overlay from FXGLLoadingScene and adding to GameScene
11:51:39.350 [JavaFX Application Thread] DEBUG PrimaryStageWindow   - FXGLLoadingScene -> GameScene
11:51:39.685 [JavaFX Application Thread] DEBUG FXGLAssetLoaderServi - Loading from file system: file:/Users/dy/Desktop/alfa/Java/Projectarbeit/Tanks/target/classes/assets/textures/items/bullet/norm.png
11:51:47.209 [JavaFX Application Thread] DEBUG FXGLAssetLoaderServi - Loading from file system: file:/Users/dy/Desktop/alfa/Java/Projectarbeit/Tanks/target/classes/assets/textures/tanks/T2.png
11:52:08.750 [JavaFX Application Thread] DEBUG PrimaryStageWindow   - Push state: WinnerScene
11:52:08.751 [JavaFX Application Thread] DEBUG Input                - Clearing active input actions
11:52:08.751 [JavaFX Application Thread] DEBUG GameApplicationServi - Removing overlay from GameScene and adding to WinnerScene
11:52:08.751 [JavaFX Application Thread] DEBUG PrimaryStageWindow   - GameScene -> WinnerScene
11:52:10.766 [JavaFX Application Thread] DEBUG PrimaryStageWindow   - Pop state: WinnerScene
11:52:10.766 [JavaFX Application Thread] DEBUG Input                - Clearing active input actions
11:52:10.766 [JavaFX Application Thread] DEBUG GameApplicationServi - Removing overlay from WinnerScene and adding to GameScene
11:52:10.766 [JavaFX Application Thread] DEBUG PrimaryStageWindow   - GameScene <- WinnerScene
11:52:10.769 [JavaFX Application Thread] WARN  TMXLevelLoader       - TiledMap generated from 1.11.0. Supported version: 1.9.0. Some features may not be parsed fully.
11:52:10.781 [JavaFX Application Thread] DEBUG TMXLevelLoader       - Parsed TiledMap: file:/Users/dy/Desktop/alfa/Java/Projectarbeit/Tanks/target/classes/assets/levels/level2.tmx
11:52:10.781 [JavaFX Application Thread] DEBUG TMXLevelLoader       - Creating tile layer entities
11:52:10.781 [JavaFX Application Thread] DEBUG TMXLevelLoader       - Creating object layer entities
11:52:10.802 [JavaFX Application Thread] DEBUG GameWorld            - Clearing removable entities
11:52:10.808 [JavaFX Application Thread] DEBUG GameWorld            - Setting level: com.almasb.fxgl.entity.level.Level@efb48e9
11:52:10.815 [JavaFX Application Thread] DEBUG FXGLAssetLoaderServi - Loading from file system: file:/Users/dy/Desktop/alfa/Java/Projectarbeit/Tanks/target/classes/assets/textures/tanks/T4.png
11:52:24.783 [JavaFX Application Thread] DEBUG FXGLAssetLoaderServi - Loading from file system: file:/Users/dy/Desktop/alfa/Java/Projectarbeit/Tanks/target/classes/assets/textures/tanks/T6.png
11:52:55.432 [JavaFX Application Thread] DEBUG FXGLAssetLoaderServi - Loading from file system: file:/Users/dy/Desktop/alfa/Java/Projectarbeit/Tanks/target/classes/assets/textures/items/flag_failed.png
11:52:55.434 [JavaFX Application Thread] DEBUG FXGLAssetLoaderServi - Loading from file system: file:/Users/dy/Desktop/alfa/Java/Projectarbeit/Tanks/target/classes/assets/textures/ui/GameOver.png
11:52:55.437 [JavaFX Application Thread] DEBUG PrimaryStageWindow   - Push state: GameOverScene
11:52:55.437 [JavaFX Application Thread] DEBUG Input                - Clearing active input actions
11:52:55.437 [JavaFX Application Thread] DEBUG GameApplicationServi - Removing overlay from GameScene and adding to GameOverScene
11:52:55.437 [JavaFX Application Thread] DEBUG PrimaryStageWindow   - GameScene -> GameOverScene
11:52:56.448 [JavaFX Application Thread] DEBUG PrimaryStageWindow   - Pop state: GameOverScene
11:52:56.448 [JavaFX Application Thread] DEBUG Input                - Clearing active input actions
11:52:56.448 [JavaFX Application Thread] DEBUG GameApplicationServi - Removing overlay from GameOverScene and adding to GameScene
11:52:56.448 [JavaFX Application Thread] DEBUG PrimaryStageWindow   - GameScene <- GameOverScene
11:52:56.449 [JavaFX Application Thread] DEBUG Input                - Clearing active input actions
11:52:56.453 [JavaFX Application Thread] DEBUG GameApplicationServi - Removing overlay from GameScene and adding to FXGLMainMenuDummyScene
11:52:56.453 [JavaFX Application Thread] DEBUG PrimaryStageWindow   - GameScene -> FXGLMainMenuDummyScene
11:52:56.454 [JavaFX Application Thread] DEBUG PrimaryStageWindow   - Push state: FXGLDefaultMenu
11:52:56.454 [JavaFX Application Thread] DEBUG Input                - Clearing active input actions
11:52:56.458 [JavaFX Application Thread] DEBUG GameApplicationServi - Removing overlay from FXGLMainMenuDummyScene and adding to FXGLDefaultMenu
11:52:56.458 [JavaFX Application Thread] DEBUG PrimaryStageWindow   - FXGLMainMenuDummyScene -> FXGLDefaultMenu
11:52:58.920 [JavaFX Application Thread] DEBUG Menu                 - fireNewGame()
11:52:58.920 [JavaFX Application Thread] DEBUG GameApplicationServi - Starting new game
11:52:58.920 [JavaFX Application Thread] DEBUG PrimaryStageWindow   - Pop state: FXGLDefaultMenu
11:52:58.920 [JavaFX Application Thread] DEBUG Input                - Clearing active input actions
11:52:58.921 [JavaFX Application Thread] DEBUG GameApplicationServi - Removing overlay from FXGLDefaultMenu and adding to FXGLMainMenuDummyScene
11:52:58.921 [JavaFX Application Thread] DEBUG PrimaryStageWindow   - FXGLMainMenuDummyScene <- FXGLDefaultMenu
11:52:58.921 [JavaFX Application Thread] DEBUG Input                - Clearing active input actions
11:52:58.929 [JavaFX Application Thread] DEBUG GameApplicationServi - Removing overlay from FXGLMainMenuDummyScene and adding to FXGLLoadingScene
11:52:58.929 [JavaFX Application Thread] DEBUG PrimaryStageWindow   - FXGLMainMenuDummyScene -> FXGLLoadingScene
11:52:58.929 [JavaFX Application Thread] DEBUG GameApplicationServi - Clearing previous game
11:52:58.929 [JavaFX Application Thread] DEBUG GameScene            - Clearing game scene
11:52:58.929 [JavaFX Application Thread] DEBUG GameWorld            - Clearing game world
11:52:58.931 [JavaFX Application Thread] DEBUG PhysicsWorld         - Clearing physics world
11:52:58.932 [FXGL Background Thread 5 ] DEBUG FXGLApplication      - Initializing game
11:52:58.936 [FXGL Background Thread 5 ] WARN  TMXLevelLoader       - TiledMap generated from 1.11.0. Supported version: 1.9.0. Some features may not be parsed fully.
11:52:58.954 [FXGL Background Thread 5 ] DEBUG TMXLevelLoader       - Parsed TiledMap: file:/Users/dy/Desktop/alfa/Java/Projectarbeit/Tanks/target/classes/assets/levels/level1.tmx
11:52:58.954 [FXGL Background Thread 5 ] DEBUG TMXLevelLoader       - Creating tile layer entities
11:52:58.954 [FXGL Background Thread 5 ] DEBUG TMXLevelLoader       - Creating object layer entities
11:52:58.995 [FXGL Background Thread 5 ] DEBUG GameWorld            - Clearing removable entities
11:52:58.995 [FXGL Background Thread 5 ] DEBUG GameWorld            - Setting level: com.almasb.fxgl.entity.level.Level@3f3016d7
11:52:59.006 [FXGL Background Thread 5 ] INFO  FXGLApplication      - Game initialization took: 0,074 sec
11:52:59.007 [JavaFX Application Thread] DEBUG Input                - Clearing active input actions
11:52:59.012 [JavaFX Application Thread] DEBUG GameApplicationServi - Removing overlay from FXGLLoadingScene and adding to GameScene
11:52:59.012 [JavaFX Application Thread] DEBUG PrimaryStageWindow   - FXGLLoadingScene -> GameScene
11:53:31.114 [JavaFX Application Thread] DEBUG PrimaryStageWindow   - Push state: WinnerScene
11:53:31.114 [JavaFX Application Thread] DEBUG Input                - Clearing active input actions
11:53:31.114 [JavaFX Application Thread] DEBUG GameApplicationServi - Removing overlay from GameScene and adding to WinnerScene
11:53:31.115 [JavaFX Application Thread] DEBUG PrimaryStageWindow   - GameScene -> WinnerScene
11:53:33.130 [JavaFX Application Thread] DEBUG PrimaryStageWindow   - Pop state: WinnerScene
11:53:33.130 [JavaFX Application Thread] DEBUG Input                - Clearing active input actions
11:53:33.130 [JavaFX Application Thread] DEBUG GameApplicationServi - Removing overlay from WinnerScene and adding to GameScene
11:53:33.130 [JavaFX Application Thread] DEBUG PrimaryStageWindow   - GameScene <- WinnerScene
11:53:33.133 [JavaFX Application Thread] WARN  TMXLevelLoader       - TiledMap generated from 1.11.0. Supported version: 1.9.0. Some features may not be parsed fully.
11:53:33.138 [JavaFX Application Thread] DEBUG TMXLevelLoader       - Parsed TiledMap: file:/Users/dy/Desktop/alfa/Java/Projectarbeit/Tanks/target/classes/assets/levels/level2.tmx
11:53:33.138 [JavaFX Application Thread] DEBUG TMXLevelLoader       - Creating tile layer entities
11:53:33.138 [JavaFX Application Thread] DEBUG TMXLevelLoader       - Creating object layer entities
11:53:33.154 [JavaFX Application Thread] DEBUG GameWorld            - Clearing removable entities
11:53:33.157 [JavaFX Application Thread] DEBUG GameWorld            - Setting level: com.almasb.fxgl.entity.level.Level@26643de7
11:53:51.896 [JavaFX Application Thread] DEBUG PrimaryStageWindow   - Push state: WinnerScene
11:53:51.896 [JavaFX Application Thread] DEBUG Input                - Clearing active input actions
11:53:51.896 [JavaFX Application Thread] DEBUG GameApplicationServi - Removing overlay from GameScene and adding to WinnerScene
11:53:51.896 [JavaFX Application Thread] DEBUG PrimaryStageWindow   - GameScene -> WinnerScene
11:53:53.905 [JavaFX Application Thread] DEBUG PrimaryStageWindow   - Pop state: WinnerScene
11:53:53.905 [JavaFX Application Thread] DEBUG Input                - Clearing active input actions
11:53:53.905 [JavaFX Application Thread] DEBUG GameApplicationServi - Removing overlay from WinnerScene and adding to GameScene
11:53:53.905 [JavaFX Application Thread] DEBUG PrimaryStageWindow   - GameScene <- WinnerScene
11:53:53.905 [JavaFX Application Thread] DEBUG Input                - Clearing active input actions
11:53:53.909 [JavaFX Application Thread] DEBUG GameApplicationServi - Removing overlay from GameScene and adding to FXGLMainMenuDummyScene
11:53:53.909 [JavaFX Application Thread] DEBUG PrimaryStageWindow   - GameScene -> FXGLMainMenuDummyScene
11:53:53.909 [JavaFX Application Thread] DEBUG PrimaryStageWindow   - Push state: FXGLDefaultMenu
11:53:53.909 [JavaFX Application Thread] DEBUG Input                - Clearing active input actions
11:53:53.911 [JavaFX Application Thread] DEBUG GameApplicationServi - Removing overlay from FXGLMainMenuDummyScene and adding to FXGLDefaultMenu
11:53:53.911 [JavaFX Application Thread] DEBUG PrimaryStageWindow   - FXGLMainMenuDummyScene -> FXGLDefaultMenu
11:53:58.869 [JavaFX Application Thread] DEBUG Menu                 - fireExit()
11:53:58.873 [JavaFX Application Thread] DEBUG PrimaryStageWindow   - Push state: DialogSubScene
11:53:58.873 [JavaFX Application Thread] DEBUG Input                - Clearing active input actions
11:53:58.873 [JavaFX Application Thread] DEBUG GameApplicationServi - Removing overlay from FXGLDefaultMenu and adding to DialogSubScene
11:53:58.873 [JavaFX Application Thread] DEBUG PrimaryStageWindow   - FXGLDefaultMenu -> DialogSubScene
11:54:00.251 [JavaFX Application Thread] DEBUG PrimaryStageWindow   - Pop state: DialogSubScene
11:54:00.251 [JavaFX Application Thread] DEBUG Input                - Clearing active input actions
11:54:00.251 [JavaFX Application Thread] DEBUG GameApplicationServi - Removing overlay from DialogSubScene and adding to FXGLDefaultMenu
11:54:00.251 [JavaFX Application Thread] DEBUG PrimaryStageWindow   - FXGLDefaultMenu <- DialogSubScene
11:54:00.251 [JavaFX Application Thread] DEBUG FXGLApplication      - Exiting FXGL
11:54:00.251 [JavaFX Application Thread] DEBUG LoopRunner           - Stopping loop
11:54:00.252 [JavaFX Application Thread] DEBUG SystemBundleService  - Saving FXGL system data
11:54:00.256 [JavaFX Application Thread] DEBUG FileSystemAccess     - Writing to: /Users/dy/Desktop/alfa/Java/Projectarbeit/Tanks/system/fxgl.bundle
11:54:00.258 [JavaFX Application Thread] DEBUG Async                - Shutting down background threads
11:54:00.259 [JavaFX Application Thread] DEBUG PrimaryStageWindow   - Closing main window
11:54:00.271 [JavaFX Application Thread] DEBUG Logger               - Closing Logger
