20:55:27.340 [main                     ] DEBUG Logger               - Configured Logger
20:55:27.385 [main                     ] DEBUG GameApplication      - Logging settings
Title: Tank
Version: 1.0
Width: 816
Height: 672
Fullscreen: false
Intro: false
Profiling: false
Single step:false
App Mode: DEVELOPER
Menu Key: ESCAPE
Stage Style: DECORATED
Scene Factory: class com.almasb.fxgl.app.scene.SceneFactory

20:55:27.962 [JavaFX Application Thread] DEBUG FXGLApplication      - Initializing FXGL
20:55:27.969 [JavaFX Application Thread] INFO  Engine               - FXGL-21.1 (27.03.2024 07.52) on MAC (J:22.0.2 FX:22.0.1)
20:55:27.970 [JavaFX Application Thread] DEBUG Engine               - JRE Vendor Name: Oracle Corporation
20:55:27.971 [JavaFX Application Thread] DEBUG Engine               - Running on OS: Mac OS X version 14.6.1
20:55:27.971 [JavaFX Application Thread] DEBUG Engine               - Architecture: x86_64
20:55:27.971 [JavaFX Application Thread] INFO  Engine               - Source code and latest versions at: https://github.com/AlmasB/FXGL
20:55:27.971 [JavaFX Application Thread] INFO  Engine               -       Ask questions and discuss at: https://github.com/AlmasB/FXGL/discussions
20:55:27.972 [JavaFX Application Thread] INFO  Engine               -              Join the FXGL chat at: https://gitter.im/AlmasB/FXGL
20:55:28.098 [JavaFX Application Thread] DEBUG PrimaryStageWindow   - Creating a JavaFX scene
20:55:28.158 [JavaFX Application Thread] DEBUG PrimaryStageWindow   - Target settings size: 816.0 x 672.0
20:55:28.159 [JavaFX Application Thread] DEBUG PrimaryStageWindow   - Scaled scene size:    816.0 x 672.0
20:55:28.159 [JavaFX Application Thread] DEBUG PrimaryStageWindow   - Scaled ratio: (1.0, 1.0)
20:55:28.160 [JavaFX Application Thread] DEBUG PrimaryStageWindow   - Set initial scene to FXGLStartupScene
20:55:28.166 [JavaFX Application Thread] DEBUG PrimaryStageWindow   - Opening main window
20:55:28.279 [JavaFX Application Thread] DEBUG PrimaryStageWindow   - Window border size: (0.0, 28.0)
20:55:28.279 [JavaFX Application Thread] DEBUG PrimaryStageWindow   - Scaled size: 816.0 x 672.0
20:55:28.280 [JavaFX Application Thread] DEBUG PrimaryStageWindow   - Scaled ratio: (1.0, 1.0)
20:55:28.280 [JavaFX Application Thread] DEBUG PrimaryStageWindow   - Scene size: 816.0 x 672.0
20:55:28.281 [JavaFX Application Thread] DEBUG PrimaryStageWindow   - Stage size: 816.0 x 700.0
20:55:28.295 [FXGL Background Thread 1 ] DEBUG Engine               - Initializing environment variables
20:55:28.386 [FXGL Background Thread 1 ] DEBUG FXGLAssetLoaderServi - User app class for loading assets: class de.dywebstudio.tanks.TankApp
20:55:28.386 [FXGL Background Thread 1 ] DEBUG GameApplicationServi - Applying CSS: fxgl_dark.css
20:55:28.387 [FXGL Background Thread 1 ] DEBUG FXGLAssetLoaderServi - Loading from file system: jar:file:///Users/dy/.m2/repository/com/github/almasb/fxgl/21.1/fxgl-21.1.jar!/fxglassets/ui/css/fxgl_dark.css
20:55:28.508 [FXGL Background Thread 1 ] DEBUG GameApplicationServi - Initializing application scenes
20:55:28.815 [FXGL Background Thread 1 ] DEBUG GameWorld            - Game world initialized
20:55:28.870 [FXGL Background Thread 1 ] DEBUG PhysicsWorld         - Physics world initialized: appHeight=672, physics.ppm=50,0
20:55:28.870 [FXGL Background Thread 1 ] DEBUG PhysicsWorld         - Using strategy: BRUTE_FORCE
20:55:28.876 [FXGL Background Thread 1 ] DEBUG GameScene            - Game scene initialized: 816x672
20:55:28.890 [FXGL Background Thread 1 ] DEBUG FXGL.DefaultMenu     - createMenuBodyGameMenu()
20:55:28.910 [FXGL Background Thread 1 ] DEBUG FXGL.DefaultMenu     - createOptionsMenu()
20:55:28.921 [FXGL Background Thread 1 ] DEBUG FXGLAssetLoaderServi - Loading from file system: jar:file:///Users/dy/.m2/repository/com/github/almasb/fxgl/21.1/fxgl-21.1.jar!/fxglassets/textures/particles/smoke.png
20:55:29.049 [FXGL Background Thread 1 ] DEBUG FXGLAssetLoaderServi - Loading from file system: jar:file:///Users/dy/.m2/repository/com/github/almasb/fxgl/21.1/fxgl-21.1.jar!/fxglassets/textures/particles/trace_horizontal.png
20:55:29.073 [FXGL Background Thread 1 ] DEBUG GameApplicationServi - Application scenes initialized
20:55:29.087 [FXGL Background Thread 1 ] DEBUG SystemBundleService  - Loading FXGL system data
20:55:29.092 [FXGL Background Thread 1 ] DEBUG FileSystemAccess     - Reading from: /Users/dy/Desktop/alfa/Java/Projectarbeit/Tanks/system/fxgl.bundle
20:55:29.099 [FXGL Background Thread 1 ] DEBUG SystemBundleService  - Bundle FXGL: {}
20:55:29.099 [FXGL Background Thread 1 ] DEBUG UpdaterService       - Checking for updates
20:55:29.103 [FXGL Background Thread 4 ] DEBUG FXGLApplication      - Loading fonts
20:55:29.103 [FXGL Background Thread 4 ] DEBUG FXGLAssetLoaderServi - Loading from file system: jar:file:///Users/dy/.m2/repository/com/github/almasb/fxgl/21.1/fxgl-21.1.jar!/fxglassets/ui/fonts/VarelaRound-Regular.ttf
20:55:29.103 [FXGL Background Thread 1 ] DEBUG FXGLApplication      - Loading default localization
20:55:29.104 [FXGL Background Thread 1 ] DEBUG FXGLAssetLoaderServi - Loading from file system: jar:file:///Users/dy/.m2/repository/com/github/almasb/fxgl/21.1/fxgl-21.1.jar!/fxglassets/languages/english.lang
20:55:29.120 [FXGL Background Thread 1 ] INFO  FXGLApplication      - FXGL initialization took: 0,825 sec
20:55:29.123 [FXGL Background Thread 4 ] DEBUG FXGLAssetLoaderServi - Loading from file system: jar:file:///Users/dy/.m2/repository/com/github/almasb/fxgl/21.1/fxgl-21.1.jar!/fxglassets/ui/fonts/Abel-Regular.ttf
20:55:29.128 [FXGL Background Thread 4 ] DEBUG FXGLAssetLoaderServi - Loading from file system: jar:file:///Users/dy/.m2/repository/com/github/almasb/fxgl/21.1/fxgl-21.1.jar!/fxglassets/ui/fonts/TerminalLandMono-Regular.otf
20:55:29.130 [JavaFX Application Thread] DEBUG Input                - Registered new binding: action0 - W
20:55:29.131 [JavaFX Application Thread] DEBUG Input                - Registered new binding: action1 - S
20:55:29.131 [JavaFX Application Thread] DEBUG Input                - Registered new binding: action2 - A
20:55:29.132 [JavaFX Application Thread] DEBUG Input                - Registered new binding: action3 - D
20:55:29.132 [FXGL Background Thread 4 ] DEBUG FXGLAssetLoaderServi - Loading from file system: jar:file:///Users/dy/.m2/repository/com/github/almasb/fxgl/21.1/fxgl-21.1.jar!/fxglassets/ui/fonts/Courier-Prime.ttf
20:55:29.132 [JavaFX Application Thread] DEBUG Input                - Registered new binding: action4 - Space
20:55:29.132 [JavaFX Application Thread] DEBUG FXGLAssetLoaderServi - Loading from file system: jar:file:///Users/dy/.m2/repository/com/github/almasb/fxgl/21.1/fxgl-21.1.jar!/fxglassets/textures/fxgl_icon.png
20:55:29.161 [JavaFX Application Thread] DEBUG FXGLAssetLoaderServi - Loading from file system: jar:file:///Users/dy/.m2/repository/com/github/almasb/fxgl/21.1/fxgl-21.1.jar!/fxglassets/textures/fxgl_default_cursor.png
20:55:29.163 [JavaFX Application Thread] DEBUG Input                - Registered new binding: Screenshot - CTRL+8
20:55:29.164 [JavaFX Application Thread] DEBUG Input                - Registered new binding: System info dump - CTRL+9
20:55:29.164 [JavaFX Application Thread] DEBUG Input                - Registered new binding: Restart - CTRL+R
20:55:29.165 [JavaFX Application Thread] DEBUG Input                - Registered new binding: Toggle Debug Camera - CTRL+7
20:55:29.167 [JavaFX Application Thread] DEBUG LoopRunner           - Starting loop
20:55:29.167 [JavaFX Application Thread] DEBUG LoopRunner           - Initializing JavaFX AnimationTimerLoop
20:55:29.168 [JavaFX Application Thread] DEBUG GameApplicationServi - Starting new game
20:55:29.169 [JavaFX Application Thread] DEBUG Input                - Clearing active input actions
20:55:29.180 [JavaFX Application Thread] DEBUG GameApplicationServi - Removing overlay from FXGLStartupScene and adding to FXGLLoadingScene
20:55:29.180 [JavaFX Application Thread] DEBUG PrimaryStageWindow   - FXGLStartupScene -> FXGLLoadingScene
20:55:29.181 [JavaFX Application Thread] DEBUG GameApplicationServi - Clearing previous game
20:55:29.181 [JavaFX Application Thread] DEBUG GameScene            - Clearing game scene
20:55:29.181 [JavaFX Application Thread] DEBUG GameWorld            - Clearing game world
20:55:29.181 [JavaFX Application Thread] DEBUG PhysicsWorld         - Clearing physics world
20:55:29.182 [FXGL Background Thread 4 ] DEBUG FXGLApplication      - Initializing game
20:55:29.216 [JavaFX Application Thread] DEBUG FXGLApplication      - Registering font factories with UI factory
20:55:29.255 [FXGL Background Thread 4 ] WARN  TMXLevelLoader       - TiledMap generated from 1.11.0. Supported version: 1.9.0. Some features may not be parsed fully.
20:55:29.272 [FXGL Background Thread 4 ] DEBUG TMXLevelLoader       - Parsed TiledMap: file:/Users/dy/Desktop/alfa/Java/Projectarbeit/Tanks/target/classes/assets/levels/level.tmx
20:55:29.274 [FXGL Background Thread 4 ] DEBUG TMXLevelLoader       - Creating tile layer entities
20:55:29.276 [FXGL Background Thread 4 ] DEBUG TMXLevelLoader       - Creating object layer entities
20:55:29.332 [FXGL Background Thread 4 ] DEBUG FXGLAssetLoaderServi - Loading from file system: file:/Users/dy/Desktop/alfa/Java/Projectarbeit/Tanks/target/classes/assets/textures/items/sea_animation.png
20:55:29.365 [FXGL Background Thread 4 ] DEBUG GameWorld            - Clearing removable entities
20:55:29.366 [FXGL Background Thread 4 ] DEBUG GameWorld            - Setting level: com.almasb.fxgl.entity.level.Level@510351b7
20:55:29.372 [FXGL Background Thread 4 ] DEBUG FXGLAssetLoaderServi - Loading from file system: file:/Users/dy/Desktop/alfa/Java/Projectarbeit/Tanks/target/classes/assets/textures/tanks/H1U.png
20:55:29.376 [FXGL Background Thread 4 ] INFO  FXGLApplication      - Game initialization took: 0,194 sec
20:55:29.382 [JavaFX Application Thread] DEBUG Input                - Clearing active input actions
20:55:29.400 [JavaFX Application Thread] DEBUG GameApplicationServi - Removing overlay from FXGLLoadingScene and adding to GameScene
20:55:29.400 [JavaFX Application Thread] DEBUG PrimaryStageWindow   - FXGLLoadingScene -> GameScene
20:55:32.104 [FXGL Background Thread 3 ] DEBUG Engine               - Logging environment variables
20:55:32.105 [FXGL Background Thread 3 ] DEBUG Engine               - achievements: []
20:55:32.105 [FXGL Background Thread 3 ] DEBUG Engine               - actualHeight: 672.0
20:55:32.106 [FXGL Background Thread 3 ] DEBUG Engine               - actualHeightProperty: ReadOnlyDoubleProperty [value: 672.0]
20:55:32.106 [FXGL Background Thread 3 ] DEBUG Engine               - actualWidth: 816.0
20:55:32.106 [FXGL Background Thread 3 ] DEBUG Engine               - actualWidthProperty: ReadOnlyDoubleProperty [value: 816.0]
20:55:32.106 [FXGL Background Thread 3 ] DEBUG Engine               - appIcon: fxgl_icon.png
20:55:32.106 [FXGL Background Thread 3 ] DEBUG Engine               - applicationMode: DEVELOPER
20:55:32.106 [FXGL Background Thread 3 ] DEBUG Engine               - cSSList: [fxgl_dark.css]
20:55:32.106 [FXGL Background Thread 3 ] DEBUG Engine               - collisionDetectionStrategy: BRUTE_FORCE
20:55:32.106 [FXGL Background Thread 3 ] DEBUG Engine               - configClass: Optional.empty
20:55:32.106 [FXGL Background Thread 3 ] DEBUG Engine               - credits: []
20:55:32.107 [FXGL Background Thread 3 ] DEBUG Engine               - defaultCursor: CursorInfo(imageName=fxgl_default_cursor.png, hotspotX=7.0, hotspotY=6.0)
20:55:32.107 [FXGL Background Thread 3 ] DEBUG Engine               - devBBoxColorProperty: ObjectProperty [value: 0xff0000ff]
20:55:32.107 [FXGL Background Thread 3 ] DEBUG Engine               - devEnableDebugCameraProperty: BooleanProperty [value: false]
20:55:32.107 [FXGL Background Thread 3 ] DEBUG Engine               - devSensorColorProperty: ObjectProperty [value: 0xffff00ff]
20:55:32.107 [FXGL Background Thread 3 ] DEBUG Engine               - devShowBBoxProperty: BooleanProperty [value: false]
20:55:32.107 [FXGL Background Thread 3 ] DEBUG Engine               - devShowPositionProperty: BooleanProperty [value: false]
20:55:32.107 [FXGL Background Thread 3 ] DEBUG Engine               - enabledMenuItems: []
20:55:32.107 [FXGL Background Thread 3 ] DEBUG Engine               - engineServices: [class com.almasb.fxgl.app.services.FXGLAssetLoaderService, class com.almasb.fxgl.app.FXGLApplication$GameApplicationService, class com.almasb.fxgl.app.services.FXGLDialogService, class com.almasb.fxgl.app.services.IOTaskExecutorService, class com.almasb.fxgl.io.FileSystemService, class com.almasb.fxgl.localization.LocalizationService, class com.almasb.fxgl.app.services.SystemBundleService, class com.almasb.fxgl.profile.SaveLoadService, class com.almasb.fxgl.ui.FXGLUIFactoryServiceProvider, class com.almasb.fxgl.ui.FXGLDialogFactoryServiceProvider, class com.almasb.fxgl.audio.AudioPlayer, class com.almasb.fxgl.notification.impl.NotificationServiceProvider, class com.almasb.fxgl.achievement.AchievementService, class com.almasb.fxgl.cutscene.CutsceneService, class com.almasb.fxgl.minigames.MiniGameService, class com.almasb.fxgl.net.NetService, class com.almasb.fxgl.app.services.UpdaterService, class com.almasb.fxgl.dev.DevService]
20:55:32.107 [FXGL Background Thread 3 ] DEBUG Engine               - fontGame: Abel-Regular.ttf
20:55:32.107 [FXGL Background Thread 3 ] DEBUG Engine               - fontMono: TerminalLandMono-Regular.otf
20:55:32.108 [FXGL Background Thread 3 ] DEBUG Engine               - fontSizeScaleUI: 1.0
20:55:32.108 [FXGL Background Thread 3 ] DEBUG Engine               - fontText: Courier-Prime.ttf
20:55:32.108 [FXGL Background Thread 3 ] DEBUG Engine               - fontUI: VarelaRound-Regular.ttf
20:55:32.108 [FXGL Background Thread 3 ] DEBUG Engine               - fullScreen: BooleanProperty [value: false]
20:55:32.108 [FXGL Background Thread 3 ] DEBUG Engine               - gameDifficulty: MEDIUM
20:55:32.108 [FXGL Background Thread 3 ] DEBUG Engine               - gameDifficultyProperty: ObjectProperty [value: MEDIUM]
20:55:32.108 [FXGL Background Thread 3 ] DEBUG Engine               - globalMusicVolume: 0.5
20:55:32.108 [FXGL Background Thread 3 ] DEBUG Engine               - globalMusicVolumeProperty: DoubleProperty [value: 0.5]
20:55:32.108 [FXGL Background Thread 3 ] DEBUG Engine               - globalSoundVolume: 0.5
20:55:32.108 [FXGL Background Thread 3 ] DEBUG Engine               - globalSoundVolumeProperty: DoubleProperty [value: 0.5]
20:55:32.108 [FXGL Background Thread 3 ] DEBUG Engine               - height: 672
20:55:32.108 [FXGL Background Thread 3 ] DEBUG Engine               - is3D: false
20:55:32.109 [FXGL Background Thread 3 ] DEBUG Engine               - isAndroid: false
20:55:32.109 [FXGL Background Thread 3 ] DEBUG Engine               - isBrowser: false
20:55:32.109 [FXGL Background Thread 3 ] DEBUG Engine               - isClickFeedbackEnabled: false
20:55:32.109 [FXGL Background Thread 3 ] DEBUG Engine               - isCloseConfirmation: false
20:55:32.109 [FXGL Background Thread 3 ] DEBUG Engine               - isDesktop: true
20:55:32.109 [FXGL Background Thread 3 ] DEBUG Engine               - isDeveloperMenuEnabled: false
20:55:32.109 [FXGL Background Thread 3 ] DEBUG Engine               - isEmbedded: false
20:55:32.109 [FXGL Background Thread 3 ] DEBUG Engine               - isEntityPreloadEnabled: true
20:55:32.109 [FXGL Background Thread 3 ] DEBUG Engine               - isExperimentalTiledLargeMap: false
20:55:32.109 [FXGL Background Thread 3 ] DEBUG Engine               - isFileSystemWriteAllowed: true
20:55:32.109 [FXGL Background Thread 3 ] DEBUG Engine               - isFullScreenAllowed: false
20:55:32.109 [FXGL Background Thread 3 ] DEBUG Engine               - isFullScreenFromStart: false
20:55:32.110 [FXGL Background Thread 3 ] DEBUG Engine               - isGameMenuEnabled: true
20:55:32.110 [FXGL Background Thread 3 ] DEBUG Engine               - isIOS: false
20:55:32.110 [FXGL Background Thread 3 ] DEBUG Engine               - isIntroEnabled: false
20:55:32.110 [FXGL Background Thread 3 ] DEBUG Engine               - isLinux: false
20:55:32.110 [FXGL Background Thread 3 ] DEBUG Engine               - isMac: true
20:55:32.110 [FXGL Background Thread 3 ] DEBUG Engine               - isMainMenuEnabled: false
20:55:32.110 [FXGL Background Thread 3 ] DEBUG Engine               - isManualResizeEnabled: false
20:55:32.111 [FXGL Background Thread 3 ] DEBUG Engine               - isMobile: false
20:55:32.111 [FXGL Background Thread 3 ] DEBUG Engine               - isNative: false
20:55:32.111 [FXGL Background Thread 3 ] DEBUG Engine               - isPauseMusicWhenMinimized: true
20:55:32.111 [FXGL Background Thread 3 ] DEBUG Engine               - isPreserveResizeRatio: false
20:55:32.111 [FXGL Background Thread 3 ] DEBUG Engine               - isProfilingEnabled: false
20:55:32.111 [FXGL Background Thread 3 ] DEBUG Engine               - isScaleAffectedOnResize: true
20:55:32.111 [FXGL Background Thread 3 ] DEBUG Engine               - isSingleStep: false
20:55:32.111 [FXGL Background Thread 3 ] DEBUG Engine               - isUserProfileEnabled: false
20:55:32.111 [FXGL Background Thread 3 ] DEBUG Engine               - isWindows: false
20:55:32.111 [FXGL Background Thread 3 ] DEBUG Engine               - language: ObjectProperty [value: ENGLISH]
20:55:32.111 [FXGL Background Thread 3 ] DEBUG Engine               - menuKey: ESCAPE
20:55:32.111 [FXGL Background Thread 3 ] DEBUG Engine               - mouseSensitivity: 0.2
20:55:32.111 [FXGL Background Thread 3 ] DEBUG Engine               - notificationViewClass: class com.almasb.fxgl.notification.view.XboxNotificationView
20:55:32.111 [FXGL Background Thread 3 ] DEBUG Engine               - pixelsPerMeter: 50.0
20:55:32.111 [FXGL Background Thread 3 ] DEBUG Engine               - platform: MAC
20:55:32.112 [FXGL Background Thread 3 ] DEBUG Engine               - prefHeightProperty: ReadOnlyDoubleProperty [value: 672.0]
20:55:32.112 [FXGL Background Thread 3 ] DEBUG Engine               - prefWidthProperty: ReadOnlyDoubleProperty [value: 816.0]
20:55:32.112 [FXGL Background Thread 3 ] DEBUG Engine               - profileDir: profiles/
20:55:32.112 [FXGL Background Thread 3 ] DEBUG Engine               - profileName: StringProperty [value: DEFAULT]
20:55:32.112 [FXGL Background Thread 3 ] DEBUG Engine               - randomSeed: -1
20:55:32.113 [FXGL Background Thread 3 ] DEBUG Engine               - runtimeInfo: RuntimeInfo(platform=MAC, version=21.1, build=27.03.2024 07.52)
20:55:32.113 [FXGL Background Thread 3 ] DEBUG Engine               - saveFileExt: sav
20:55:32.113 [FXGL Background Thread 3 ] DEBUG Engine               - scaledHeightProp$fxgl: DoubleProperty [bound, value: 672.0]
20:55:32.114 [FXGL Background Thread 3 ] DEBUG Engine               - scaledWidthProp$fxgl: DoubleProperty [bound, value: 816.0]
20:55:32.114 [FXGL Background Thread 3 ] DEBUG Engine               - sceneFactory: com.almasb.fxgl.app.scene.SceneFactory@1167ba31
20:55:32.114 [FXGL Background Thread 3 ] DEBUG Engine               - secondsIn24h: 60
20:55:32.114 [FXGL Background Thread 3 ] DEBUG Engine               - soundMenuBack: menu/back.wav
20:55:32.114 [FXGL Background Thread 3 ] DEBUG Engine               - soundMenuPress: menu/press.wav
20:55:32.114 [FXGL Background Thread 3 ] DEBUG Engine               - soundMenuSelect: menu/select.wav
20:55:32.114 [FXGL Background Thread 3 ] DEBUG Engine               - soundNotification: core/notification.wav
20:55:32.114 [FXGL Background Thread 3 ] DEBUG Engine               - stageStyle: DECORATED
20:55:32.114 [FXGL Background Thread 3 ] DEBUG Engine               - supportedLanguages: [ENGLISH, FRENCH, GERMAN, HUNGARIAN, RUSSIAN]
20:55:32.115 [FXGL Background Thread 3 ] DEBUG Engine               - ticksPerSecond: -1
20:55:32.115 [FXGL Background Thread 3 ] DEBUG Engine               - title: Tank
20:55:32.115 [FXGL Background Thread 3 ] DEBUG Engine               - urlGithub: https://github.com/AlmasB/FXGL
20:55:32.115 [FXGL Background Thread 3 ] DEBUG Engine               - urlLeaderboard: http://fxgl-top.herokuapp.com/
20:55:32.115 [FXGL Background Thread 3 ] DEBUG Engine               - urlPOM: https://raw.githubusercontent.com/AlmasB/FXGL/release/README.md
20:55:32.115 [FXGL Background Thread 3 ] DEBUG Engine               - userAppClass: class de.dywebstudio.tanks.TankApp
20:55:32.115 [FXGL Background Thread 3 ] DEBUG Engine               - version: 1.0
20:55:32.115 [FXGL Background Thread 3 ] DEBUG Engine               - versionCheckDays: 7
20:55:32.115 [FXGL Background Thread 3 ] DEBUG Engine               - width: 816
20:55:32.115 [FXGL Background Thread 3 ] DEBUG Engine               - Logging services
20:55:32.115 [FXGL Background Thread 3 ] DEBUG Engine               - class com.almasb.fxgl.app.services.FXGLAssetLoaderService
20:55:32.115 [FXGL Background Thread 3 ] DEBUG Engine               - class com.almasb.fxgl.app.FXGLApplication$GameApplicationService
20:55:32.115 [FXGL Background Thread 3 ] DEBUG Engine               - class com.almasb.fxgl.app.services.FXGLDialogService
20:55:32.115 [FXGL Background Thread 3 ] DEBUG Engine               - class com.almasb.fxgl.app.services.IOTaskExecutorService
20:55:32.115 [FXGL Background Thread 3 ] DEBUG Engine               - class com.almasb.fxgl.io.FileSystemService
20:55:32.115 [FXGL Background Thread 3 ] DEBUG Engine               - class com.almasb.fxgl.localization.LocalizationService
20:55:32.115 [FXGL Background Thread 3 ] DEBUG Engine               - class com.almasb.fxgl.app.services.SystemBundleService
20:55:32.115 [FXGL Background Thread 3 ] DEBUG Engine               - class com.almasb.fxgl.profile.SaveLoadService
20:55:32.115 [FXGL Background Thread 3 ] DEBUG Engine               - class com.almasb.fxgl.ui.FXGLUIFactoryServiceProvider
20:55:32.116 [FXGL Background Thread 3 ] DEBUG Engine               - class com.almasb.fxgl.ui.FXGLDialogFactoryServiceProvider
20:55:32.116 [FXGL Background Thread 3 ] DEBUG Engine               - class com.almasb.fxgl.audio.AudioPlayer
20:55:32.116 [FXGL Background Thread 3 ] DEBUG Engine               - class com.almasb.fxgl.notification.impl.NotificationServiceProvider
20:55:32.116 [FXGL Background Thread 3 ] DEBUG Engine               - class com.almasb.fxgl.achievement.AchievementService
20:55:32.116 [FXGL Background Thread 3 ] DEBUG Engine               - class com.almasb.fxgl.cutscene.CutsceneService
20:55:32.116 [FXGL Background Thread 3 ] DEBUG Engine               - class com.almasb.fxgl.minigames.MiniGameService
20:55:32.116 [FXGL Background Thread 3 ] DEBUG Engine               - class com.almasb.fxgl.net.NetService
20:55:32.116 [FXGL Background Thread 3 ] DEBUG Engine               - class com.almasb.fxgl.app.services.UpdaterService
20:55:32.116 [FXGL Background Thread 3 ] DEBUG Engine               - class com.almasb.fxgl.dev.DevService
20:56:28.502 [JavaFX Application Thread] DEBUG FXGLApplication      - Exiting FXGL
20:56:28.502 [JavaFX Application Thread] DEBUG LoopRunner           - Stopping loop
20:56:28.503 [JavaFX Application Thread] DEBUG SystemBundleService  - Saving FXGL system data
20:56:28.508 [JavaFX Application Thread] DEBUG FileSystemAccess     - Writing to: /Users/dy/Desktop/alfa/Java/Projectarbeit/Tanks/system/fxgl.bundle
20:56:28.510 [JavaFX Application Thread] DEBUG Async                - Shutting down background threads
20:56:28.511 [JavaFX Application Thread] DEBUG PrimaryStageWindow   - Closing main window
20:56:28.525 [JavaFX Application Thread] DEBUG Logger               - Closing Logger
