11:51:40.903 [main                     ] DEBUG Logger               - Configured Logger
11:51:40.969 [main                     ] DEBUG GameApplication      - Logging settings
Title: Tank
Version: 1.0
Width: 816
Height: 672
Fullscreen: false
Intro: false
Profiling: false
Single step:false
App Mode: DEVELOPER
Menu Key: ESCAPE
Stage Style: DECORATED
Scene Factory: class com.almasb.fxgl.app.scene.SceneFactory

11:51:41.708 [JavaFX Application Thread] DEBUG FXGLApplication      - Initializing FXGL
11:51:41.715 [JavaFX Application Thread] INFO  Engine               - FXGL-21.1 (27.03.2024 07.52) on MAC (J:22.0.2 FX:22.0.1)
11:51:41.715 [JavaFX Application Thread] DEBUG Engine               - JRE Vendor Name: Oracle Corporation
11:51:41.716 [JavaFX Application Thread] DEBUG Engine               - Running on OS: Mac OS X version 14.6.1
11:51:41.716 [JavaFX Application Thread] DEBUG Engine               - Architecture: x86_64
11:51:41.716 [JavaFX Application Thread] INFO  Engine               - Source code and latest versions at: https://github.com/AlmasB/FXGL
11:51:41.716 [JavaFX Application Thread] INFO  Engine               -       Ask questions and discuss at: https://github.com/AlmasB/FXGL/discussions
11:51:41.717 [JavaFX Application Thread] INFO  Engine               -              Join the FXGL chat at: https://gitter.im/AlmasB/FXGL
11:51:41.850 [JavaFX Application Thread] DEBUG PrimaryStageWindow   - Creating a JavaFX scene
11:51:41.920 [JavaFX Application Thread] DEBUG PrimaryStageWindow   - Target settings size: 816.0 x 672.0
11:51:41.920 [JavaFX Application Thread] DEBUG PrimaryStageWindow   - Scaled scene size:    816.0 x 672.0
11:51:41.921 [JavaFX Application Thread] DEBUG PrimaryStageWindow   - Scaled ratio: (1.0, 1.0)
11:51:41.923 [JavaFX Application Thread] DEBUG PrimaryStageWindow   - Set initial scene to FXGLStartupScene
11:51:41.929 [JavaFX Application Thread] DEBUG PrimaryStageWindow   - Opening main window
11:51:42.058 [JavaFX Application Thread] DEBUG PrimaryStageWindow   - Window border size: (0.0, 28.0)
11:51:42.059 [JavaFX Application Thread] DEBUG PrimaryStageWindow   - Scaled size: 816.0 x 672.0
11:51:42.059 [JavaFX Application Thread] DEBUG PrimaryStageWindow   - Scaled ratio: (1.0, 1.0)
11:51:42.060 [JavaFX Application Thread] DEBUG PrimaryStageWindow   - Scene size: 816.0 x 672.0
11:51:42.060 [JavaFX Application Thread] DEBUG PrimaryStageWindow   - Stage size: 816.0 x 700.0
11:51:42.072 [FXGL Background Thread 1 ] DEBUG Engine               - Initializing environment variables
11:51:42.181 [FXGL Background Thread 1 ] DEBUG FXGLAssetLoaderServi - User app class for loading assets: class de.dywebstudio.tanks.TankApp
11:51:42.184 [FXGL Background Thread 1 ] DEBUG GameApplicationServi - Applying CSS: fxgl_dark.css
11:51:42.186 [FXGL Background Thread 1 ] DEBUG FXGLAssetLoaderServi - Loading from file system: jar:file:///Users/dy/.m2/repository/com/github/almasb/fxgl/21.1/fxgl-21.1.jar!/fxglassets/ui/css/fxgl_dark.css
11:51:42.364 [FXGL Background Thread 1 ] DEBUG GameApplicationServi - Initializing application scenes
11:51:42.726 [FXGL Background Thread 1 ] DEBUG GameWorld            - Game world initialized
11:51:42.793 [FXGL Background Thread 1 ] DEBUG PhysicsWorld         - Physics world initialized: appHeight=672, physics.ppm=50,0
11:51:42.793 [FXGL Background Thread 1 ] DEBUG PhysicsWorld         - Using strategy: BRUTE_FORCE
11:51:42.798 [FXGL Background Thread 1 ] DEBUG GameScene            - Game scene initialized: 816x672
11:51:42.815 [FXGL Background Thread 1 ] DEBUG FXGL.DefaultMenu     - createMenuBodyGameMenu()
11:51:42.841 [FXGL Background Thread 1 ] DEBUG FXGL.DefaultMenu     - createOptionsMenu()
11:51:42.856 [FXGL Background Thread 1 ] DEBUG FXGLAssetLoaderServi - Loading from file system: jar:file:///Users/dy/.m2/repository/com/github/almasb/fxgl/21.1/fxgl-21.1.jar!/fxglassets/textures/particles/smoke.png
11:51:43.000 [FXGL Background Thread 1 ] DEBUG FXGLAssetLoaderServi - Loading from file system: jar:file:///Users/dy/.m2/repository/com/github/almasb/fxgl/21.1/fxgl-21.1.jar!/fxglassets/textures/particles/trace_horizontal.png
11:51:43.038 [FXGL Background Thread 1 ] DEBUG GameApplicationServi - Application scenes initialized
11:51:43.062 [FXGL Background Thread 1 ] DEBUG SystemBundleService  - Loading FXGL system data
11:51:43.069 [FXGL Background Thread 1 ] DEBUG FileSystemAccess     - Reading from: /Users/dy/Desktop/alfa/Java/Projectarbeit/Tanks/system/fxgl.bundle
11:51:43.080 [FXGL Background Thread 1 ] DEBUG SystemBundleService  - Bundle FXGL: {}
11:51:43.080 [FXGL Background Thread 1 ] DEBUG UpdaterService       - Checking for updates
11:51:43.088 [FXGL Background Thread 4 ] DEBUG FXGLApplication      - Loading fonts
11:51:43.088 [FXGL Background Thread 4 ] DEBUG FXGLAssetLoaderServi - Loading from file system: jar:file:///Users/dy/.m2/repository/com/github/almasb/fxgl/21.1/fxgl-21.1.jar!/fxglassets/ui/fonts/VarelaRound-Regular.ttf
11:51:43.089 [FXGL Background Thread 1 ] DEBUG FXGLApplication      - Loading default localization
11:51:43.090 [FXGL Background Thread 1 ] DEBUG FXGLAssetLoaderServi - Loading from file system: jar:file:///Users/dy/.m2/repository/com/github/almasb/fxgl/21.1/fxgl-21.1.jar!/fxglassets/languages/english.lang
11:51:43.120 [FXGL Background Thread 1 ] INFO  FXGLApplication      - FXGL initialization took: 1,048 sec
11:51:43.122 [FXGL Background Thread 4 ] DEBUG FXGLAssetLoaderServi - Loading from file system: jar:file:///Users/dy/.m2/repository/com/github/almasb/fxgl/21.1/fxgl-21.1.jar!/fxglassets/ui/fonts/Abel-Regular.ttf
11:51:43.128 [FXGL Background Thread 4 ] DEBUG FXGLAssetLoaderServi - Loading from file system: jar:file:///Users/dy/.m2/repository/com/github/almasb/fxgl/21.1/fxgl-21.1.jar!/fxglassets/ui/fonts/TerminalLandMono-Regular.otf
11:51:43.134 [FXGL Background Thread 4 ] DEBUG FXGLAssetLoaderServi - Loading from file system: jar:file:///Users/dy/.m2/repository/com/github/almasb/fxgl/21.1/fxgl-21.1.jar!/fxglassets/ui/fonts/Courier-Prime.ttf
11:51:43.136 [JavaFX Application Thread] DEBUG Input                - Registered new binding: action0 - W
11:51:43.137 [JavaFX Application Thread] DEBUG Input                - Registered new binding: action1 - S
11:51:43.137 [JavaFX Application Thread] DEBUG Input                - Registered new binding: action2 - A
11:51:43.138 [JavaFX Application Thread] DEBUG Input                - Registered new binding: action3 - D
11:51:43.138 [JavaFX Application Thread] DEBUG Input                - Registered new binding: action4 - Space
11:51:43.139 [JavaFX Application Thread] DEBUG FXGLAssetLoaderServi - Loading from file system: jar:file:///Users/dy/.m2/repository/com/github/almasb/fxgl/21.1/fxgl-21.1.jar!/fxglassets/textures/fxgl_icon.png
11:51:43.181 [JavaFX Application Thread] DEBUG FXGLAssetLoaderServi - Loading from file system: jar:file:///Users/dy/.m2/repository/com/github/almasb/fxgl/21.1/fxgl-21.1.jar!/fxglassets/textures/fxgl_default_cursor.png
11:51:43.184 [JavaFX Application Thread] DEBUG Input                - Registered new binding: Screenshot - CTRL+8
11:51:43.185 [JavaFX Application Thread] DEBUG Input                - Registered new binding: System info dump - CTRL+9
11:51:43.186 [JavaFX Application Thread] DEBUG Input                - Registered new binding: Restart - CTRL+R
11:51:43.187 [JavaFX Application Thread] DEBUG Input                - Registered new binding: Toggle Debug Camera - CTRL+7
11:51:43.189 [JavaFX Application Thread] DEBUG LoopRunner           - Starting loop
11:51:43.190 [JavaFX Application Thread] DEBUG LoopRunner           - Initializing JavaFX AnimationTimerLoop
11:51:43.193 [JavaFX Application Thread] DEBUG GameApplicationServi - Starting new game
11:51:43.194 [JavaFX Application Thread] DEBUG Input                - Clearing active input actions
11:51:43.210 [JavaFX Application Thread] DEBUG GameApplicationServi - Removing overlay from FXGLStartupScene and adding to FXGLLoadingScene
11:51:43.210 [JavaFX Application Thread] DEBUG PrimaryStageWindow   - FXGLStartupScene -> FXGLLoadingScene
11:51:43.210 [JavaFX Application Thread] DEBUG GameApplicationServi - Clearing previous game
11:51:43.211 [JavaFX Application Thread] DEBUG GameScene            - Clearing game scene
11:51:43.211 [JavaFX Application Thread] DEBUG GameWorld            - Clearing game world
11:51:43.211 [JavaFX Application Thread] DEBUG PhysicsWorld         - Clearing physics world
11:51:43.214 [FXGL Background Thread 4 ] DEBUG FXGLApplication      - Initializing game
11:51:43.244 [JavaFX Application Thread] DEBUG FXGLApplication      - Registering font factories with UI factory
11:51:43.305 [FXGL Background Thread 4 ] WARN  TMXLevelLoader       - TiledMap generated from 1.11.0. Supported version: 1.9.0. Some features may not be parsed fully.
11:51:43.345 [FXGL Background Thread 4 ] DEBUG TMXLevelLoader       - Parsed TiledMap: file:/Users/dy/Desktop/alfa/Java/Projectarbeit/Tanks/target/classes/assets/levels/level.tmx
11:51:43.355 [FXGL Background Thread 4 ] DEBUG TMXLevelLoader       - Creating tile layer entities
11:51:43.356 [FXGL Background Thread 4 ] DEBUG TMXLevelLoader       - Creating object layer entities
11:51:43.431 [FXGL Background Thread 4 ] DEBUG FXGLAssetLoaderServi - Loading from file system: file:/Users/dy/Desktop/alfa/Java/Projectarbeit/Tanks/target/classes/assets/textures/items/sea_animation.png
11:51:43.487 [FXGL Background Thread 4 ] DEBUG GameWorld            - Clearing removable entities
11:51:43.487 [FXGL Background Thread 4 ] DEBUG GameWorld            - Setting level: com.almasb.fxgl.entity.level.Level@2e43766e
11:51:43.495 [FXGL Background Thread 4 ] DEBUG FXGLAssetLoaderServi - Loading from file system: file:/Users/dy/Desktop/alfa/Java/Projectarbeit/Tanks/target/classes/assets/textures/tanks/H1U.png
11:51:43.501 [FXGL Background Thread 4 ] INFO  FXGLApplication      - Game initialization took: 0,287 sec
11:51:43.517 [JavaFX Application Thread] DEBUG Input                - Clearing active input actions
11:51:43.537 [JavaFX Application Thread] DEBUG GameApplicationServi - Removing overlay from FXGLLoadingScene and adding to GameScene
11:51:43.537 [JavaFX Application Thread] DEBUG PrimaryStageWindow   - FXGLLoadingScene -> GameScene
11:51:46.089 [FXGL Background Thread 3 ] DEBUG Engine               - Logging environment variables
11:51:46.090 [FXGL Background Thread 3 ] DEBUG Engine               - achievements: []
11:51:46.090 [FXGL Background Thread 3 ] DEBUG Engine               - actualHeight: 672.0
11:51:46.090 [FXGL Background Thread 3 ] DEBUG Engine               - actualHeightProperty: ReadOnlyDoubleProperty [value: 672.0]
11:51:46.091 [FXGL Background Thread 3 ] DEBUG Engine               - actualWidth: 816.0
11:51:46.091 [FXGL Background Thread 3 ] DEBUG Engine               - actualWidthProperty: ReadOnlyDoubleProperty [value: 816.0]
11:51:46.091 [FXGL Background Thread 3 ] DEBUG Engine               - appIcon: fxgl_icon.png
11:51:46.091 [FXGL Background Thread 3 ] DEBUG Engine               - applicationMode: DEVELOPER
11:51:46.091 [FXGL Background Thread 3 ] DEBUG Engine               - cSSList: [fxgl_dark.css]
11:51:46.091 [FXGL Background Thread 3 ] DEBUG Engine               - collisionDetectionStrategy: BRUTE_FORCE
11:51:46.091 [FXGL Background Thread 3 ] DEBUG Engine               - configClass: Optional.empty
11:51:46.091 [FXGL Background Thread 3 ] DEBUG Engine               - credits: []
11:51:46.091 [FXGL Background Thread 3 ] DEBUG Engine               - defaultCursor: CursorInfo(imageName=fxgl_default_cursor.png, hotspotX=7.0, hotspotY=6.0)
11:51:46.092 [FXGL Background Thread 3 ] DEBUG Engine               - devBBoxColorProperty: ObjectProperty [value: 0xff0000ff]
11:51:46.092 [FXGL Background Thread 3 ] DEBUG Engine               - devEnableDebugCameraProperty: BooleanProperty [value: false]
11:51:46.092 [FXGL Background Thread 3 ] DEBUG Engine               - devSensorColorProperty: ObjectProperty [value: 0xffff00ff]
11:51:46.092 [FXGL Background Thread 3 ] DEBUG Engine               - devShowBBoxProperty: BooleanProperty [value: false]
11:51:46.092 [FXGL Background Thread 3 ] DEBUG Engine               - devShowPositionProperty: BooleanProperty [value: false]
11:51:46.092 [FXGL Background Thread 3 ] DEBUG Engine               - enabledMenuItems: []
11:51:46.092 [FXGL Background Thread 3 ] DEBUG Engine               - engineServices: [class com.almasb.fxgl.app.services.FXGLAssetLoaderService, class com.almasb.fxgl.app.FXGLApplication$GameApplicationService, class com.almasb.fxgl.app.services.FXGLDialogService, class com.almasb.fxgl.app.services.IOTaskExecutorService, class com.almasb.fxgl.io.FileSystemService, class com.almasb.fxgl.localization.LocalizationService, class com.almasb.fxgl.app.services.SystemBundleService, class com.almasb.fxgl.profile.SaveLoadService, class com.almasb.fxgl.ui.FXGLUIFactoryServiceProvider, class com.almasb.fxgl.ui.FXGLDialogFactoryServiceProvider, class com.almasb.fxgl.audio.AudioPlayer, class com.almasb.fxgl.notification.impl.NotificationServiceProvider, class com.almasb.fxgl.achievement.AchievementService, class com.almasb.fxgl.cutscene.CutsceneService, class com.almasb.fxgl.minigames.MiniGameService, class com.almasb.fxgl.net.NetService, class com.almasb.fxgl.app.services.UpdaterService, class com.almasb.fxgl.dev.DevService]
11:51:46.092 [FXGL Background Thread 3 ] DEBUG Engine               - fontGame: Abel-Regular.ttf
11:51:46.092 [FXGL Background Thread 3 ] DEBUG Engine               - fontMono: TerminalLandMono-Regular.otf
11:51:46.093 [FXGL Background Thread 3 ] DEBUG Engine               - fontSizeScaleUI: 1.0
11:51:46.093 [FXGL Background Thread 3 ] DEBUG Engine               - fontText: Courier-Prime.ttf
11:51:46.093 [FXGL Background Thread 3 ] DEBUG Engine               - fontUI: VarelaRound-Regular.ttf
11:51:46.093 [FXGL Background Thread 3 ] DEBUG Engine               - fullScreen: BooleanProperty [value: false]
11:51:46.093 [FXGL Background Thread 3 ] DEBUG Engine               - gameDifficulty: MEDIUM
11:51:46.093 [FXGL Background Thread 3 ] DEBUG Engine               - gameDifficultyProperty: ObjectProperty [value: MEDIUM]
11:51:46.093 [FXGL Background Thread 3 ] DEBUG Engine               - globalMusicVolume: 0.5
11:51:46.093 [FXGL Background Thread 3 ] DEBUG Engine               - globalMusicVolumeProperty: DoubleProperty [value: 0.5]
11:51:46.093 [FXGL Background Thread 3 ] DEBUG Engine               - globalSoundVolume: 0.5
11:51:46.093 [FXGL Background Thread 3 ] DEBUG Engine               - globalSoundVolumeProperty: DoubleProperty [value: 0.5]
11:51:46.093 [FXGL Background Thread 3 ] DEBUG Engine               - height: 672
11:51:46.094 [FXGL Background Thread 3 ] DEBUG Engine               - is3D: false
11:51:46.094 [FXGL Background Thread 3 ] DEBUG Engine               - isAndroid: false
11:51:46.094 [FXGL Background Thread 3 ] DEBUG Engine               - isBrowser: false
11:51:46.094 [FXGL Background Thread 3 ] DEBUG Engine               - isClickFeedbackEnabled: false
11:51:46.094 [FXGL Background Thread 3 ] DEBUG Engine               - isCloseConfirmation: false
11:51:46.094 [FXGL Background Thread 3 ] DEBUG Engine               - isDesktop: true
11:51:46.094 [FXGL Background Thread 3 ] DEBUG Engine               - isDeveloperMenuEnabled: false
11:51:46.094 [FXGL Background Thread 3 ] DEBUG Engine               - isEmbedded: false
11:51:46.094 [FXGL Background Thread 3 ] DEBUG Engine               - isEntityPreloadEnabled: true
11:51:46.094 [FXGL Background Thread 3 ] DEBUG Engine               - isExperimentalTiledLargeMap: false
11:51:46.094 [FXGL Background Thread 3 ] DEBUG Engine               - isFileSystemWriteAllowed: true
11:51:46.095 [FXGL Background Thread 3 ] DEBUG Engine               - isFullScreenAllowed: false
11:51:46.095 [FXGL Background Thread 3 ] DEBUG Engine               - isFullScreenFromStart: false
11:51:46.095 [FXGL Background Thread 3 ] DEBUG Engine               - isGameMenuEnabled: true
11:51:46.095 [FXGL Background Thread 3 ] DEBUG Engine               - isIOS: false
11:51:46.095 [FXGL Background Thread 3 ] DEBUG Engine               - isIntroEnabled: false
11:51:46.096 [FXGL Background Thread 3 ] DEBUG Engine               - isLinux: false
11:51:46.096 [FXGL Background Thread 3 ] DEBUG Engine               - isMac: true
11:51:46.096 [FXGL Background Thread 3 ] DEBUG Engine               - isMainMenuEnabled: false
11:51:46.096 [FXGL Background Thread 3 ] DEBUG Engine               - isManualResizeEnabled: false
11:51:46.096 [FXGL Background Thread 3 ] DEBUG Engine               - isMobile: false
11:51:46.096 [FXGL Background Thread 3 ] DEBUG Engine               - isNative: false
11:51:46.096 [FXGL Background Thread 3 ] DEBUG Engine               - isPauseMusicWhenMinimized: true
11:51:46.096 [FXGL Background Thread 3 ] DEBUG Engine               - isPreserveResizeRatio: false
11:51:46.096 [FXGL Background Thread 3 ] DEBUG Engine               - isProfilingEnabled: false
11:51:46.096 [FXGL Background Thread 3 ] DEBUG Engine               - isScaleAffectedOnResize: true
11:51:46.097 [FXGL Background Thread 3 ] DEBUG Engine               - isSingleStep: false
11:51:46.097 [FXGL Background Thread 3 ] DEBUG Engine               - isUserProfileEnabled: false
11:51:46.097 [FXGL Background Thread 3 ] DEBUG Engine               - isWindows: false
11:51:46.097 [FXGL Background Thread 3 ] DEBUG Engine               - language: ObjectProperty [value: ENGLISH]
11:51:46.097 [FXGL Background Thread 3 ] DEBUG Engine               - menuKey: ESCAPE
11:51:46.097 [FXGL Background Thread 3 ] DEBUG Engine               - mouseSensitivity: 0.2
11:51:46.097 [FXGL Background Thread 3 ] DEBUG Engine               - notificationViewClass: class com.almasb.fxgl.notification.view.XboxNotificationView
11:51:46.097 [FXGL Background Thread 3 ] DEBUG Engine               - pixelsPerMeter: 50.0
11:51:46.097 [FXGL Background Thread 3 ] DEBUG Engine               - platform: MAC
11:51:46.098 [FXGL Background Thread 3 ] DEBUG Engine               - prefHeightProperty: ReadOnlyDoubleProperty [value: 672.0]
11:51:46.098 [FXGL Background Thread 3 ] DEBUG Engine               - prefWidthProperty: ReadOnlyDoubleProperty [value: 816.0]
11:51:46.098 [FXGL Background Thread 3 ] DEBUG Engine               - profileDir: profiles/
11:51:46.098 [FXGL Background Thread 3 ] DEBUG Engine               - profileName: StringProperty [value: DEFAULT]
11:51:46.098 [FXGL Background Thread 3 ] DEBUG Engine               - randomSeed: -1
11:51:46.099 [FXGL Background Thread 3 ] DEBUG Engine               - runtimeInfo: RuntimeInfo(platform=MAC, version=21.1, build=27.03.2024 07.52)
11:51:46.099 [FXGL Background Thread 3 ] DEBUG Engine               - saveFileExt: sav
11:51:46.100 [FXGL Background Thread 3 ] DEBUG Engine               - scaledHeightProp$fxgl: DoubleProperty [bound, value: 672.0]
11:51:46.100 [FXGL Background Thread 3 ] DEBUG Engine               - scaledWidthProp$fxgl: DoubleProperty [bound, value: 816.0]
11:51:46.100 [FXGL Background Thread 3 ] DEBUG Engine               - sceneFactory: com.almasb.fxgl.app.scene.SceneFactory@4c4cc7de
11:51:46.100 [FXGL Background Thread 3 ] DEBUG Engine               - secondsIn24h: 60
11:51:46.100 [FXGL Background Thread 3 ] DEBUG Engine               - soundMenuBack: menu/back.wav
11:51:46.100 [FXGL Background Thread 3 ] DEBUG Engine               - soundMenuPress: menu/press.wav
11:51:46.100 [FXGL Background Thread 3 ] DEBUG Engine               - soundMenuSelect: menu/select.wav
11:51:46.100 [FXGL Background Thread 3 ] DEBUG Engine               - soundNotification: core/notification.wav
11:51:46.100 [FXGL Background Thread 3 ] DEBUG Engine               - stageStyle: DECORATED
11:51:46.100 [FXGL Background Thread 3 ] DEBUG Engine               - supportedLanguages: [ENGLISH, FRENCH, GERMAN, HUNGARIAN, RUSSIAN]
11:51:46.101 [FXGL Background Thread 3 ] DEBUG Engine               - ticksPerSecond: -1
11:51:46.101 [FXGL Background Thread 3 ] DEBUG Engine               - title: Tank
11:51:46.101 [FXGL Background Thread 3 ] DEBUG Engine               - urlGithub: https://github.com/AlmasB/FXGL
11:51:46.101 [FXGL Background Thread 3 ] DEBUG Engine               - urlLeaderboard: http://fxgl-top.herokuapp.com/
11:51:46.101 [FXGL Background Thread 3 ] DEBUG Engine               - urlPOM: https://raw.githubusercontent.com/AlmasB/FXGL/release/README.md
11:51:46.101 [FXGL Background Thread 3 ] DEBUG Engine               - userAppClass: class de.dywebstudio.tanks.TankApp
11:51:46.101 [FXGL Background Thread 3 ] DEBUG Engine               - version: 1.0
11:51:46.101 [FXGL Background Thread 3 ] DEBUG Engine               - versionCheckDays: 7
11:51:46.102 [FXGL Background Thread 3 ] DEBUG Engine               - width: 816
11:51:46.102 [FXGL Background Thread 3 ] DEBUG Engine               - Logging services
11:51:46.102 [FXGL Background Thread 3 ] DEBUG Engine               - class com.almasb.fxgl.app.services.FXGLAssetLoaderService
11:51:46.102 [FXGL Background Thread 3 ] DEBUG Engine               - class com.almasb.fxgl.app.FXGLApplication$GameApplicationService
11:51:46.102 [FXGL Background Thread 3 ] DEBUG Engine               - class com.almasb.fxgl.app.services.FXGLDialogService
11:51:46.102 [FXGL Background Thread 3 ] DEBUG Engine               - class com.almasb.fxgl.app.services.IOTaskExecutorService
11:51:46.102 [FXGL Background Thread 3 ] DEBUG Engine               - class com.almasb.fxgl.io.FileSystemService
11:51:46.102 [FXGL Background Thread 3 ] DEBUG Engine               - class com.almasb.fxgl.localization.LocalizationService
11:51:46.102 [FXGL Background Thread 3 ] DEBUG Engine               - class com.almasb.fxgl.app.services.SystemBundleService
11:51:46.102 [FXGL Background Thread 3 ] DEBUG Engine               - class com.almasb.fxgl.profile.SaveLoadService
11:51:46.102 [FXGL Background Thread 3 ] DEBUG Engine               - class com.almasb.fxgl.ui.FXGLUIFactoryServiceProvider
11:51:46.102 [FXGL Background Thread 3 ] DEBUG Engine               - class com.almasb.fxgl.ui.FXGLDialogFactoryServiceProvider
11:51:46.102 [FXGL Background Thread 3 ] DEBUG Engine               - class com.almasb.fxgl.audio.AudioPlayer
11:51:46.102 [FXGL Background Thread 3 ] DEBUG Engine               - class com.almasb.fxgl.notification.impl.NotificationServiceProvider
11:51:46.103 [FXGL Background Thread 3 ] DEBUG Engine               - class com.almasb.fxgl.achievement.AchievementService
11:51:46.103 [FXGL Background Thread 3 ] DEBUG Engine               - class com.almasb.fxgl.cutscene.CutsceneService
11:51:46.103 [FXGL Background Thread 3 ] DEBUG Engine               - class com.almasb.fxgl.minigames.MiniGameService
11:51:46.103 [FXGL Background Thread 3 ] DEBUG Engine               - class com.almasb.fxgl.net.NetService
11:51:46.103 [FXGL Background Thread 3 ] DEBUG Engine               - class com.almasb.fxgl.app.services.UpdaterService
11:51:46.103 [FXGL Background Thread 3 ] DEBUG Engine               - class com.almasb.fxgl.dev.DevService
11:51:57.657 [JavaFX Application Thread] WARN  FXGLAssetLoaderServi - Asset "/assets/textures/bullet/norm.png" was not found!
11:51:57.657 [JavaFX Application Thread] WARN  FXGLAssetLoaderServi - Failed to load IMAGE
11:51:57.673 [JavaFX Application Thread] WARN  FXGLAssetLoaderServi - Asset "/assets/textures/bullet/norm.png" was not found!
11:51:57.673 [JavaFX Application Thread] WARN  FXGLAssetLoaderServi - Failed to load IMAGE
11:51:57.690 [JavaFX Application Thread] WARN  FXGLAssetLoaderServi - Asset "/assets/textures/bullet/norm.png" was not found!
11:51:57.690 [JavaFX Application Thread] WARN  FXGLAssetLoaderServi - Failed to load IMAGE
11:51:57.706 [JavaFX Application Thread] WARN  FXGLAssetLoaderServi - Asset "/assets/textures/bullet/norm.png" was not found!
11:51:57.707 [JavaFX Application Thread] WARN  FXGLAssetLoaderServi - Failed to load IMAGE
11:51:57.723 [JavaFX Application Thread] WARN  FXGLAssetLoaderServi - Asset "/assets/textures/bullet/norm.png" was not found!
11:51:57.724 [JavaFX Application Thread] WARN  FXGLAssetLoaderServi - Failed to load IMAGE
11:51:57.740 [JavaFX Application Thread] WARN  FXGLAssetLoaderServi - Asset "/assets/textures/bullet/norm.png" was not found!
11:51:57.740 [JavaFX Application Thread] WARN  FXGLAssetLoaderServi - Failed to load IMAGE
11:51:57.757 [JavaFX Application Thread] WARN  FXGLAssetLoaderServi - Asset "/assets/textures/bullet/norm.png" was not found!
11:51:57.757 [JavaFX Application Thread] WARN  FXGLAssetLoaderServi - Failed to load IMAGE
11:51:57.773 [JavaFX Application Thread] WARN  FXGLAssetLoaderServi - Asset "/assets/textures/bullet/norm.png" was not found!
11:51:57.773 [JavaFX Application Thread] WARN  FXGLAssetLoaderServi - Failed to load IMAGE
11:51:57.790 [JavaFX Application Thread] WARN  FXGLAssetLoaderServi - Asset "/assets/textures/bullet/norm.png" was not found!
11:51:57.790 [JavaFX Application Thread] WARN  FXGLAssetLoaderServi - Failed to load IMAGE
11:51:57.806 [JavaFX Application Thread] WARN  FXGLAssetLoaderServi - Asset "/assets/textures/bullet/norm.png" was not found!
11:51:57.807 [JavaFX Application Thread] WARN  FXGLAssetLoaderServi - Failed to load IMAGE
11:51:57.823 [JavaFX Application Thread] WARN  FXGLAssetLoaderServi - Asset "/assets/textures/bullet/norm.png" was not found!
11:51:57.824 [JavaFX Application Thread] WARN  FXGLAssetLoaderServi - Failed to load IMAGE
11:51:57.840 [JavaFX Application Thread] WARN  FXGLAssetLoaderServi - Asset "/assets/textures/bullet/norm.png" was not found!
11:51:57.840 [JavaFX Application Thread] WARN  FXGLAssetLoaderServi - Failed to load IMAGE
11:51:57.857 [JavaFX Application Thread] WARN  FXGLAssetLoaderServi - Asset "/assets/textures/bullet/norm.png" was not found!
11:51:57.857 [JavaFX Application Thread] WARN  FXGLAssetLoaderServi - Failed to load IMAGE
11:52:03.462 [JavaFX Application Thread] DEBUG FXGLApplication      - Exiting FXGL
11:52:03.462 [JavaFX Application Thread] DEBUG LoopRunner           - Stopping loop
11:52:03.463 [JavaFX Application Thread] DEBUG SystemBundleService  - Saving FXGL system data
11:52:03.464 [JavaFX Application Thread] DEBUG FileSystemAccess     - Writing to: /Users/dy/Desktop/alfa/Java/Projectarbeit/Tanks/system/fxgl.bundle
11:52:03.466 [JavaFX Application Thread] DEBUG Async                - Shutting down background threads
11:52:03.466 [JavaFX Application Thread] DEBUG PrimaryStageWindow   - Closing main window
11:52:03.476 [JavaFX Application Thread] DEBUG Logger               - Closing Logger
