20:57:40.936 [main                     ] DEBUG Logger               - Configured Logger
20:57:40.974 [main                     ] DEBUG GameApplication      - Logging settings
Title: Tank
Version: 1.0
Width: 816
Height: 672
Fullscreen: false
Intro: false
Profiling: false
Single step:false
App Mode: DEVELOPER
Menu Key: ESCAPE
Stage Style: DECORATED
Scene Factory: class com.almasb.fxgl.app.scene.SceneFactory

20:57:41.380 [JavaFX Application Thread] DEBUG FXGLApplication      - Initializing FXGL
20:57:41.384 [JavaFX Application Thread] INFO  Engine               - FXGL-21.1 (27.03.2024 07.52) on MAC (J:22.0.2 FX:22.0.1)
20:57:41.385 [JavaFX Application Thread] DEBUG Engine               - JRE Vendor Name: Oracle Corporation
20:57:41.385 [JavaFX Application Thread] DEBUG Engine               - Running on OS: Mac OS X version 14.6.1
20:57:41.385 [JavaFX Application Thread] DEBUG Engine               - Architecture: x86_64
20:57:41.386 [JavaFX Application Thread] INFO  Engine               - Source code and latest versions at: https://github.com/AlmasB/FXGL
20:57:41.386 [JavaFX Application Thread] INFO  Engine               -       Ask questions and discuss at: https://github.com/AlmasB/FXGL/discussions
20:57:41.386 [JavaFX Application Thread] INFO  Engine               -              Join the FXGL chat at: https://gitter.im/AlmasB/FXGL
20:57:41.476 [JavaFX Application Thread] DEBUG PrimaryStageWindow   - Creating a JavaFX scene
20:57:41.523 [JavaFX Application Thread] DEBUG PrimaryStageWindow   - Target settings size: 816.0 x 672.0
20:57:41.524 [JavaFX Application Thread] DEBUG PrimaryStageWindow   - Scaled scene size:    816.0 x 672.0
20:57:41.524 [JavaFX Application Thread] DEBUG PrimaryStageWindow   - Scaled ratio: (1.0, 1.0)
20:57:41.526 [JavaFX Application Thread] DEBUG PrimaryStageWindow   - Set initial scene to FXGLStartupScene
20:57:41.530 [JavaFX Application Thread] DEBUG PrimaryStageWindow   - Opening main window
20:57:41.638 [JavaFX Application Thread] DEBUG PrimaryStageWindow   - Window border size: (0.0, 28.0)
20:57:41.638 [JavaFX Application Thread] DEBUG PrimaryStageWindow   - Scaled size: 816.0 x 672.0
20:57:41.639 [JavaFX Application Thread] DEBUG PrimaryStageWindow   - Scaled ratio: (1.0, 1.0)
20:57:41.639 [JavaFX Application Thread] DEBUG PrimaryStageWindow   - Scene size: 816.0 x 672.0
20:57:41.640 [JavaFX Application Thread] DEBUG PrimaryStageWindow   - Stage size: 816.0 x 700.0
20:57:41.654 [FXGL Background Thread 1 ] DEBUG Engine               - Initializing environment variables
20:57:41.743 [FXGL Background Thread 1 ] DEBUG FXGLAssetLoaderServi - User app class for loading assets: class de.dywebstudio.tanks.TankApp
20:57:41.743 [FXGL Background Thread 1 ] DEBUG GameApplicationServi - Applying CSS: fxgl_dark.css
20:57:41.744 [FXGL Background Thread 1 ] DEBUG FXGLAssetLoaderServi - Loading from file system: jar:file:///Users/dy/.m2/repository/com/github/almasb/fxgl/21.1/fxgl-21.1.jar!/fxglassets/ui/css/fxgl_dark.css
20:57:41.833 [FXGL Background Thread 1 ] DEBUG GameApplicationServi - Initializing application scenes
20:57:42.121 [FXGL Background Thread 1 ] DEBUG GameWorld            - Game world initialized
20:57:42.176 [FXGL Background Thread 1 ] DEBUG PhysicsWorld         - Physics world initialized: appHeight=672, physics.ppm=50,0
20:57:42.177 [FXGL Background Thread 1 ] DEBUG PhysicsWorld         - Using strategy: BRUTE_FORCE
20:57:42.180 [FXGL Background Thread 1 ] DEBUG GameScene            - Game scene initialized: 816x672
20:57:42.194 [FXGL Background Thread 1 ] DEBUG FXGL.DefaultMenu     - createMenuBodyGameMenu()
20:57:42.212 [FXGL Background Thread 1 ] DEBUG FXGL.DefaultMenu     - createOptionsMenu()
20:57:42.222 [FXGL Background Thread 1 ] DEBUG FXGLAssetLoaderServi - Loading from file system: jar:file:///Users/dy/.m2/repository/com/github/almasb/fxgl/21.1/fxgl-21.1.jar!/fxglassets/textures/particles/smoke.png
20:57:42.320 [FXGL Background Thread 1 ] DEBUG FXGLAssetLoaderServi - Loading from file system: jar:file:///Users/dy/.m2/repository/com/github/almasb/fxgl/21.1/fxgl-21.1.jar!/fxglassets/textures/particles/trace_horizontal.png
20:57:42.342 [FXGL Background Thread 1 ] DEBUG GameApplicationServi - Application scenes initialized
20:57:42.358 [FXGL Background Thread 1 ] DEBUG SystemBundleService  - Loading FXGL system data
20:57:42.362 [FXGL Background Thread 1 ] DEBUG FileSystemAccess     - Reading from: /Users/dy/Desktop/alfa/Java/Projectarbeit/Tanks/system/fxgl.bundle
20:57:42.371 [FXGL Background Thread 1 ] DEBUG SystemBundleService  - Bundle FXGL: {}
20:57:42.371 [FXGL Background Thread 1 ] DEBUG UpdaterService       - Checking for updates
20:57:42.375 [FXGL Background Thread 4 ] DEBUG FXGLApplication      - Loading fonts
20:57:42.375 [FXGL Background Thread 4 ] DEBUG FXGLAssetLoaderServi - Loading from file system: jar:file:///Users/dy/.m2/repository/com/github/almasb/fxgl/21.1/fxgl-21.1.jar!/fxglassets/ui/fonts/VarelaRound-Regular.ttf
20:57:42.376 [FXGL Background Thread 1 ] DEBUG FXGLApplication      - Loading default localization
20:57:42.377 [FXGL Background Thread 1 ] DEBUG FXGLAssetLoaderServi - Loading from file system: jar:file:///Users/dy/.m2/repository/com/github/almasb/fxgl/21.1/fxgl-21.1.jar!/fxglassets/languages/english.lang
20:57:42.394 [FXGL Background Thread 1 ] INFO  FXGLApplication      - FXGL initialization took: 0,740 sec
20:57:42.394 [FXGL Background Thread 4 ] DEBUG FXGLAssetLoaderServi - Loading from file system: jar:file:///Users/dy/.m2/repository/com/github/almasb/fxgl/21.1/fxgl-21.1.jar!/fxglassets/ui/fonts/Abel-Regular.ttf
20:57:42.398 [FXGL Background Thread 4 ] DEBUG FXGLAssetLoaderServi - Loading from file system: jar:file:///Users/dy/.m2/repository/com/github/almasb/fxgl/21.1/fxgl-21.1.jar!/fxglassets/ui/fonts/TerminalLandMono-Regular.otf
20:57:42.402 [FXGL Background Thread 4 ] DEBUG FXGLAssetLoaderServi - Loading from file system: jar:file:///Users/dy/.m2/repository/com/github/almasb/fxgl/21.1/fxgl-21.1.jar!/fxglassets/ui/fonts/Courier-Prime.ttf
20:57:42.404 [JavaFX Application Thread] DEBUG Input                - Registered new binding: action0 - W
20:57:42.404 [JavaFX Application Thread] DEBUG Input                - Registered new binding: action1 - S
20:57:42.404 [JavaFX Application Thread] DEBUG Input                - Registered new binding: action2 - A
20:57:42.405 [JavaFX Application Thread] DEBUG Input                - Registered new binding: action3 - D
20:57:42.405 [JavaFX Application Thread] DEBUG Input                - Registered new binding: action4 - Space
20:57:42.406 [JavaFX Application Thread] DEBUG FXGLAssetLoaderServi - Loading from file system: jar:file:///Users/dy/.m2/repository/com/github/almasb/fxgl/21.1/fxgl-21.1.jar!/fxglassets/textures/fxgl_icon.png
20:57:42.434 [JavaFX Application Thread] DEBUG FXGLAssetLoaderServi - Loading from file system: jar:file:///Users/dy/.m2/repository/com/github/almasb/fxgl/21.1/fxgl-21.1.jar!/fxglassets/textures/fxgl_default_cursor.png
20:57:42.436 [JavaFX Application Thread] DEBUG Input                - Registered new binding: Screenshot - CTRL+8
20:57:42.436 [JavaFX Application Thread] DEBUG Input                - Registered new binding: System info dump - CTRL+9
20:57:42.436 [JavaFX Application Thread] DEBUG Input                - Registered new binding: Restart - CTRL+R
20:57:42.437 [JavaFX Application Thread] DEBUG Input                - Registered new binding: Toggle Debug Camera - CTRL+7
20:57:42.440 [JavaFX Application Thread] DEBUG LoopRunner           - Starting loop
20:57:42.440 [JavaFX Application Thread] DEBUG LoopRunner           - Initializing JavaFX AnimationTimerLoop
20:57:42.441 [JavaFX Application Thread] DEBUG GameApplicationServi - Starting new game
20:57:42.442 [JavaFX Application Thread] DEBUG Input                - Clearing active input actions
20:57:42.454 [JavaFX Application Thread] DEBUG GameApplicationServi - Removing overlay from FXGLStartupScene and adding to FXGLLoadingScene
20:57:42.454 [JavaFX Application Thread] DEBUG PrimaryStageWindow   - FXGLStartupScene -> FXGLLoadingScene
20:57:42.455 [JavaFX Application Thread] DEBUG GameApplicationServi - Clearing previous game
20:57:42.455 [JavaFX Application Thread] DEBUG GameScene            - Clearing game scene
20:57:42.455 [JavaFX Application Thread] DEBUG GameWorld            - Clearing game world
20:57:42.455 [JavaFX Application Thread] DEBUG PhysicsWorld         - Clearing physics world
20:57:42.456 [FXGL Background Thread 4 ] DEBUG FXGLApplication      - Initializing game
20:57:42.488 [JavaFX Application Thread] DEBUG FXGLApplication      - Registering font factories with UI factory
20:57:42.534 [FXGL Background Thread 4 ] WARN  TMXLevelLoader       - TiledMap generated from 1.11.0. Supported version: 1.9.0. Some features may not be parsed fully.
20:57:42.548 [FXGL Background Thread 4 ] DEBUG TMXLevelLoader       - Parsed TiledMap: file:/Users/dy/Desktop/alfa/Java/Projectarbeit/Tanks/target/classes/assets/levels/level.tmx
20:57:42.549 [FXGL Background Thread 4 ] DEBUG TMXLevelLoader       - Creating tile layer entities
20:57:42.552 [FXGL Background Thread 4 ] DEBUG TMXLevelLoader       - Creating object layer entities
20:57:42.600 [FXGL Background Thread 4 ] DEBUG FXGLAssetLoaderServi - Loading from file system: file:/Users/dy/Desktop/alfa/Java/Projectarbeit/Tanks/target/classes/assets/textures/items/sea_animation.png
20:57:42.627 [FXGL Background Thread 4 ] DEBUG GameWorld            - Clearing removable entities
20:57:42.628 [FXGL Background Thread 4 ] DEBUG GameWorld            - Setting level: com.almasb.fxgl.entity.level.Level@54b4c75a
20:57:42.635 [FXGL Background Thread 4 ] DEBUG FXGLAssetLoaderServi - Loading from file system: file:/Users/dy/Desktop/alfa/Java/Projectarbeit/Tanks/target/classes/assets/textures/tanks/H1U.png
20:57:42.640 [FXGL Background Thread 4 ] INFO  FXGLApplication      - Game initialization took: 0,183 sec
20:57:42.675 [JavaFX Application Thread] DEBUG Input                - Clearing active input actions
20:57:42.688 [JavaFX Application Thread] DEBUG GameApplicationServi - Removing overlay from FXGLLoadingScene and adding to GameScene
20:57:42.688 [JavaFX Application Thread] DEBUG PrimaryStageWindow   - FXGLLoadingScene -> GameScene
20:57:45.374 [FXGL Background Thread 3 ] DEBUG Engine               - Logging environment variables
20:57:45.375 [FXGL Background Thread 3 ] DEBUG Engine               - achievements: []
20:57:45.375 [FXGL Background Thread 3 ] DEBUG Engine               - actualHeight: 672.0
20:57:45.376 [FXGL Background Thread 3 ] DEBUG Engine               - actualHeightProperty: ReadOnlyDoubleProperty [value: 672.0]
20:57:45.376 [FXGL Background Thread 3 ] DEBUG Engine               - actualWidth: 816.0
20:57:45.376 [FXGL Background Thread 3 ] DEBUG Engine               - actualWidthProperty: ReadOnlyDoubleProperty [value: 816.0]
20:57:45.376 [FXGL Background Thread 3 ] DEBUG Engine               - appIcon: fxgl_icon.png
20:57:45.376 [FXGL Background Thread 3 ] DEBUG Engine               - applicationMode: DEVELOPER
20:57:45.376 [FXGL Background Thread 3 ] DEBUG Engine               - cSSList: [fxgl_dark.css]
20:57:45.377 [FXGL Background Thread 3 ] DEBUG Engine               - collisionDetectionStrategy: BRUTE_FORCE
20:57:45.377 [FXGL Background Thread 3 ] DEBUG Engine               - configClass: Optional.empty
20:57:45.377 [FXGL Background Thread 3 ] DEBUG Engine               - credits: []
20:57:45.378 [FXGL Background Thread 3 ] DEBUG Engine               - defaultCursor: CursorInfo(imageName=fxgl_default_cursor.png, hotspotX=7.0, hotspotY=6.0)
20:57:45.379 [FXGL Background Thread 3 ] DEBUG Engine               - devBBoxColorProperty: ObjectProperty [value: 0xff0000ff]
20:57:45.379 [FXGL Background Thread 3 ] DEBUG Engine               - devEnableDebugCameraProperty: BooleanProperty [value: false]
20:57:45.379 [FXGL Background Thread 3 ] DEBUG Engine               - devSensorColorProperty: ObjectProperty [value: 0xffff00ff]
20:57:45.379 [FXGL Background Thread 3 ] DEBUG Engine               - devShowBBoxProperty: BooleanProperty [value: false]
20:57:45.379 [FXGL Background Thread 3 ] DEBUG Engine               - devShowPositionProperty: BooleanProperty [value: false]
20:57:45.380 [FXGL Background Thread 3 ] DEBUG Engine               - enabledMenuItems: []
20:57:45.380 [FXGL Background Thread 3 ] DEBUG Engine               - engineServices: [class com.almasb.fxgl.app.services.FXGLAssetLoaderService, class com.almasb.fxgl.app.FXGLApplication$GameApplicationService, class com.almasb.fxgl.app.services.FXGLDialogService, class com.almasb.fxgl.app.services.IOTaskExecutorService, class com.almasb.fxgl.io.FileSystemService, class com.almasb.fxgl.localization.LocalizationService, class com.almasb.fxgl.app.services.SystemBundleService, class com.almasb.fxgl.profile.SaveLoadService, class com.almasb.fxgl.ui.FXGLUIFactoryServiceProvider, class com.almasb.fxgl.ui.FXGLDialogFactoryServiceProvider, class com.almasb.fxgl.audio.AudioPlayer, class com.almasb.fxgl.notification.impl.NotificationServiceProvider, class com.almasb.fxgl.achievement.AchievementService, class com.almasb.fxgl.cutscene.CutsceneService, class com.almasb.fxgl.minigames.MiniGameService, class com.almasb.fxgl.net.NetService, class com.almasb.fxgl.app.services.UpdaterService, class com.almasb.fxgl.dev.DevService]
20:57:45.380 [FXGL Background Thread 3 ] DEBUG Engine               - fontGame: Abel-Regular.ttf
20:57:45.380 [FXGL Background Thread 3 ] DEBUG Engine               - fontMono: TerminalLandMono-Regular.otf
20:57:45.380 [FXGL Background Thread 3 ] DEBUG Engine               - fontSizeScaleUI: 1.0
20:57:45.380 [FXGL Background Thread 3 ] DEBUG Engine               - fontText: Courier-Prime.ttf
20:57:45.380 [FXGL Background Thread 3 ] DEBUG Engine               - fontUI: VarelaRound-Regular.ttf
20:57:45.380 [FXGL Background Thread 3 ] DEBUG Engine               - fullScreen: BooleanProperty [value: false]
20:57:45.380 [FXGL Background Thread 3 ] DEBUG Engine               - gameDifficulty: MEDIUM
20:57:45.381 [FXGL Background Thread 3 ] DEBUG Engine               - gameDifficultyProperty: ObjectProperty [value: MEDIUM]
20:57:45.381 [FXGL Background Thread 3 ] DEBUG Engine               - globalMusicVolume: 0.5
20:57:45.381 [FXGL Background Thread 3 ] DEBUG Engine               - globalMusicVolumeProperty: DoubleProperty [value: 0.5]
20:57:45.381 [FXGL Background Thread 3 ] DEBUG Engine               - globalSoundVolume: 0.5
20:57:45.381 [FXGL Background Thread 3 ] DEBUG Engine               - globalSoundVolumeProperty: DoubleProperty [value: 0.5]
20:57:45.381 [FXGL Background Thread 3 ] DEBUG Engine               - height: 672
20:57:45.381 [FXGL Background Thread 3 ] DEBUG Engine               - is3D: false
20:57:45.381 [FXGL Background Thread 3 ] DEBUG Engine               - isAndroid: false
20:57:45.382 [FXGL Background Thread 3 ] DEBUG Engine               - isBrowser: false
20:57:45.382 [FXGL Background Thread 3 ] DEBUG Engine               - isClickFeedbackEnabled: false
20:57:45.382 [FXGL Background Thread 3 ] DEBUG Engine               - isCloseConfirmation: false
20:57:45.382 [FXGL Background Thread 3 ] DEBUG Engine               - isDesktop: true
20:57:45.382 [FXGL Background Thread 3 ] DEBUG Engine               - isDeveloperMenuEnabled: false
20:57:45.382 [FXGL Background Thread 3 ] DEBUG Engine               - isEmbedded: false
20:57:45.382 [FXGL Background Thread 3 ] DEBUG Engine               - isEntityPreloadEnabled: true
20:57:45.382 [FXGL Background Thread 3 ] DEBUG Engine               - isExperimentalTiledLargeMap: false
20:57:45.382 [FXGL Background Thread 3 ] DEBUG Engine               - isFileSystemWriteAllowed: true
20:57:45.382 [FXGL Background Thread 3 ] DEBUG Engine               - isFullScreenAllowed: false
20:57:45.383 [FXGL Background Thread 3 ] DEBUG Engine               - isFullScreenFromStart: false
20:57:45.383 [FXGL Background Thread 3 ] DEBUG Engine               - isGameMenuEnabled: true
20:57:45.383 [FXGL Background Thread 3 ] DEBUG Engine               - isIOS: false
20:57:45.383 [FXGL Background Thread 3 ] DEBUG Engine               - isIntroEnabled: false
20:57:45.383 [FXGL Background Thread 3 ] DEBUG Engine               - isLinux: false
20:57:45.383 [FXGL Background Thread 3 ] DEBUG Engine               - isMac: true
20:57:45.383 [FXGL Background Thread 3 ] DEBUG Engine               - isMainMenuEnabled: false
20:57:45.383 [FXGL Background Thread 3 ] DEBUG Engine               - isManualResizeEnabled: false
20:57:45.383 [FXGL Background Thread 3 ] DEBUG Engine               - isMobile: false
20:57:45.383 [FXGL Background Thread 3 ] DEBUG Engine               - isNative: false
20:57:45.383 [FXGL Background Thread 3 ] DEBUG Engine               - isPauseMusicWhenMinimized: true
20:57:45.384 [FXGL Background Thread 3 ] DEBUG Engine               - isPreserveResizeRatio: false
20:57:45.384 [FXGL Background Thread 3 ] DEBUG Engine               - isProfilingEnabled: false
20:57:45.384 [FXGL Background Thread 3 ] DEBUG Engine               - isScaleAffectedOnResize: true
20:57:45.384 [FXGL Background Thread 3 ] DEBUG Engine               - isSingleStep: false
20:57:45.384 [FXGL Background Thread 3 ] DEBUG Engine               - isUserProfileEnabled: false
20:57:45.384 [FXGL Background Thread 3 ] DEBUG Engine               - isWindows: false
20:57:45.384 [FXGL Background Thread 3 ] DEBUG Engine               - language: ObjectProperty [value: ENGLISH]
20:57:45.384 [FXGL Background Thread 3 ] DEBUG Engine               - menuKey: ESCAPE
20:57:45.384 [FXGL Background Thread 3 ] DEBUG Engine               - mouseSensitivity: 0.2
20:57:45.385 [FXGL Background Thread 3 ] DEBUG Engine               - notificationViewClass: class com.almasb.fxgl.notification.view.XboxNotificationView
20:57:45.385 [FXGL Background Thread 3 ] DEBUG Engine               - pixelsPerMeter: 50.0
20:57:45.385 [FXGL Background Thread 3 ] DEBUG Engine               - platform: MAC
20:57:45.385 [FXGL Background Thread 3 ] DEBUG Engine               - prefHeightProperty: ReadOnlyDoubleProperty [value: 672.0]
20:57:45.385 [FXGL Background Thread 3 ] DEBUG Engine               - prefWidthProperty: ReadOnlyDoubleProperty [value: 816.0]
20:57:45.385 [FXGL Background Thread 3 ] DEBUG Engine               - profileDir: profiles/
20:57:45.385 [FXGL Background Thread 3 ] DEBUG Engine               - profileName: StringProperty [value: DEFAULT]
20:57:45.385 [FXGL Background Thread 3 ] DEBUG Engine               - randomSeed: -1
20:57:45.386 [FXGL Background Thread 3 ] DEBUG Engine               - runtimeInfo: RuntimeInfo(platform=MAC, version=21.1, build=27.03.2024 07.52)
20:57:45.386 [FXGL Background Thread 3 ] DEBUG Engine               - saveFileExt: sav
20:57:45.386 [FXGL Background Thread 3 ] DEBUG Engine               - scaledHeightProp$fxgl: DoubleProperty [bound, value: 672.0]
20:57:45.386 [FXGL Background Thread 3 ] DEBUG Engine               - scaledWidthProp$fxgl: DoubleProperty [bound, value: 816.0]
20:57:45.386 [FXGL Background Thread 3 ] DEBUG Engine               - sceneFactory: com.almasb.fxgl.app.scene.SceneFactory@688aa23c
20:57:45.386 [FXGL Background Thread 3 ] DEBUG Engine               - secondsIn24h: 60
20:57:45.386 [FXGL Background Thread 3 ] DEBUG Engine               - soundMenuBack: menu/back.wav
20:57:45.386 [FXGL Background Thread 3 ] DEBUG Engine               - soundMenuPress: menu/press.wav
20:57:45.386 [FXGL Background Thread 3 ] DEBUG Engine               - soundMenuSelect: menu/select.wav
20:57:45.387 [FXGL Background Thread 3 ] DEBUG Engine               - soundNotification: core/notification.wav
20:57:45.387 [FXGL Background Thread 3 ] DEBUG Engine               - stageStyle: DECORATED
20:57:45.387 [FXGL Background Thread 3 ] DEBUG Engine               - supportedLanguages: [ENGLISH, FRENCH, GERMAN, HUNGARIAN, RUSSIAN]
20:57:45.387 [FXGL Background Thread 3 ] DEBUG Engine               - ticksPerSecond: -1
20:57:45.387 [FXGL Background Thread 3 ] DEBUG Engine               - title: Tank
20:57:45.387 [FXGL Background Thread 3 ] DEBUG Engine               - urlGithub: https://github.com/AlmasB/FXGL
20:57:45.387 [FXGL Background Thread 3 ] DEBUG Engine               - urlLeaderboard: http://fxgl-top.herokuapp.com/
20:57:45.387 [FXGL Background Thread 3 ] DEBUG Engine               - urlPOM: https://raw.githubusercontent.com/AlmasB/FXGL/release/README.md
20:57:45.387 [FXGL Background Thread 3 ] DEBUG Engine               - userAppClass: class de.dywebstudio.tanks.TankApp
20:57:45.388 [FXGL Background Thread 3 ] DEBUG Engine               - version: 1.0
20:57:45.388 [FXGL Background Thread 3 ] DEBUG Engine               - versionCheckDays: 7
20:57:45.388 [FXGL Background Thread 3 ] DEBUG Engine               - width: 816
20:57:45.388 [FXGL Background Thread 3 ] DEBUG Engine               - Logging services
20:57:45.388 [FXGL Background Thread 3 ] DEBUG Engine               - class com.almasb.fxgl.app.services.FXGLAssetLoaderService
20:57:45.388 [FXGL Background Thread 3 ] DEBUG Engine               - class com.almasb.fxgl.app.FXGLApplication$GameApplicationService
20:57:45.388 [FXGL Background Thread 3 ] DEBUG Engine               - class com.almasb.fxgl.app.services.FXGLDialogService
20:57:45.388 [FXGL Background Thread 3 ] DEBUG Engine               - class com.almasb.fxgl.app.services.IOTaskExecutorService
20:57:45.388 [FXGL Background Thread 3 ] DEBUG Engine               - class com.almasb.fxgl.io.FileSystemService
20:57:45.388 [FXGL Background Thread 3 ] DEBUG Engine               - class com.almasb.fxgl.localization.LocalizationService
20:57:45.388 [FXGL Background Thread 3 ] DEBUG Engine               - class com.almasb.fxgl.app.services.SystemBundleService
20:57:45.388 [FXGL Background Thread 3 ] DEBUG Engine               - class com.almasb.fxgl.profile.SaveLoadService
20:57:45.388 [FXGL Background Thread 3 ] DEBUG Engine               - class com.almasb.fxgl.ui.FXGLUIFactoryServiceProvider
20:57:45.388 [FXGL Background Thread 3 ] DEBUG Engine               - class com.almasb.fxgl.ui.FXGLDialogFactoryServiceProvider
20:57:45.389 [FXGL Background Thread 3 ] DEBUG Engine               - class com.almasb.fxgl.audio.AudioPlayer
20:57:45.389 [FXGL Background Thread 3 ] DEBUG Engine               - class com.almasb.fxgl.notification.impl.NotificationServiceProvider
20:57:45.389 [FXGL Background Thread 3 ] DEBUG Engine               - class com.almasb.fxgl.achievement.AchievementService
20:57:45.389 [FXGL Background Thread 3 ] DEBUG Engine               - class com.almasb.fxgl.cutscene.CutsceneService
20:57:45.389 [FXGL Background Thread 3 ] DEBUG Engine               - class com.almasb.fxgl.minigames.MiniGameService
20:57:45.389 [FXGL Background Thread 3 ] DEBUG Engine               - class com.almasb.fxgl.net.NetService
20:57:45.389 [FXGL Background Thread 3 ] DEBUG Engine               - class com.almasb.fxgl.app.services.UpdaterService
20:57:45.389 [FXGL Background Thread 3 ] DEBUG Engine               - class com.almasb.fxgl.dev.DevService
20:58:02.398 [JavaFX Application Thread] DEBUG FXGLApplication      - Exiting FXGL
20:58:02.398 [JavaFX Application Thread] DEBUG LoopRunner           - Stopping loop
20:58:02.399 [JavaFX Application Thread] DEBUG SystemBundleService  - Saving FXGL system data
20:58:02.404 [JavaFX Application Thread] DEBUG FileSystemAccess     - Writing to: /Users/dy/Desktop/alfa/Java/Projectarbeit/Tanks/system/fxgl.bundle
20:58:02.407 [JavaFX Application Thread] DEBUG Async                - Shutting down background threads
20:58:02.407 [JavaFX Application Thread] DEBUG PrimaryStageWindow   - Closing main window
20:58:02.420 [JavaFX Application Thread] DEBUG Logger               - Closing Logger
