15:11:50.002 [main                     ] DEBUG Logger               - Configured Logger
15:11:50.049 [main                     ] DEBUG GameApplication      - Logging settings
Title: Tank
Version: 1.0
Width: 816
Height: 672
Fullscreen: false
Intro: false
Profiling: false
Single step:false
App Mode: DEVELOPER
Menu Key: ESCAPE
Stage Style: DECORATED
Scene Factory: class com.almasb.fxgl.app.scene.SceneFactory

15:11:50.544 [JavaFX Application Thread] DEBUG FXGLApplication      - Initializing FXGL
15:11:50.550 [JavaFX Application Thread] INFO  Engine               - FXGL-21.1 (27.03.2024 07.52) on MAC (J:22.0.2 FX:22.0.1)
15:11:50.551 [JavaFX Application Thread] DEBUG Engine               - JRE Vendor Name: Oracle Corporation
15:11:50.551 [JavaFX Application Thread] DEBUG Engine               - Running on OS: Mac OS X version 14.6.1
15:11:50.551 [JavaFX Application Thread] DEBUG Engine               - Architecture: x86_64
15:11:50.551 [JavaFX Application Thread] INFO  Engine               - Source code and latest versions at: https://github.com/AlmasB/FXGL
15:11:50.552 [JavaFX Application Thread] INFO  Engine               -       Ask questions and discuss at: https://github.com/AlmasB/FXGL/discussions
15:11:50.552 [JavaFX Application Thread] INFO  Engine               -              Join the FXGL chat at: https://gitter.im/AlmasB/FXGL
15:11:50.666 [JavaFX Application Thread] DEBUG PrimaryStageWindow   - Creating a JavaFX scene
15:11:50.724 [JavaFX Application Thread] DEBUG PrimaryStageWindow   - Target settings size: 816.0 x 672.0
15:11:50.724 [JavaFX Application Thread] DEBUG PrimaryStageWindow   - Scaled scene size:    816.0 x 672.0
15:11:50.724 [JavaFX Application Thread] DEBUG PrimaryStageWindow   - Scaled ratio: (1.0, 1.0)
15:11:50.727 [JavaFX Application Thread] DEBUG PrimaryStageWindow   - Set initial scene to FXGLStartupScene
15:11:50.732 [JavaFX Application Thread] DEBUG PrimaryStageWindow   - Opening main window
15:11:50.869 [JavaFX Application Thread] DEBUG PrimaryStageWindow   - Window border size: (0.0, 28.0)
15:11:50.870 [JavaFX Application Thread] DEBUG PrimaryStageWindow   - Scaled size: 816.0 x 672.0
15:11:50.870 [JavaFX Application Thread] DEBUG PrimaryStageWindow   - Scaled ratio: (1.0, 1.0)
15:11:50.871 [JavaFX Application Thread] DEBUG PrimaryStageWindow   - Scene size: 816.0 x 672.0
15:11:50.871 [JavaFX Application Thread] DEBUG PrimaryStageWindow   - Stage size: 816.0 x 700.0
15:11:50.885 [FXGL Background Thread 1 ] DEBUG Engine               - Initializing environment variables
15:11:50.981 [FXGL Background Thread 1 ] DEBUG FXGLAssetLoaderServi - User app class for loading assets: class de.dywebstudio.tanks.TankApp
15:11:50.981 [FXGL Background Thread 1 ] DEBUG GameApplicationServi - Applying CSS: fxgl_dark.css
15:11:50.983 [FXGL Background Thread 1 ] DEBUG FXGLAssetLoaderServi - Loading from file system: jar:file:///Users/dy/.m2/repository/com/github/almasb/fxgl/21.1/fxgl-21.1.jar!/fxglassets/ui/css/fxgl_dark.css
15:11:51.060 [FXGL Background Thread 1 ] DEBUG GameApplicationServi - Initializing application scenes
15:11:51.454 [FXGL Background Thread 1 ] DEBUG GameWorld            - Game world initialized
15:11:51.518 [FXGL Background Thread 1 ] DEBUG PhysicsWorld         - Physics world initialized: appHeight=672, physics.ppm=50,0
15:11:51.519 [FXGL Background Thread 1 ] DEBUG PhysicsWorld         - Using strategy: BRUTE_FORCE
15:11:51.524 [FXGL Background Thread 1 ] DEBUG GameScene            - Game scene initialized: 816x672
15:11:51.538 [FXGL Background Thread 1 ] DEBUG FXGL.DefaultMenu     - createMenuBodyMainMenu()
15:11:51.566 [FXGL Background Thread 1 ] DEBUG FXGL.DefaultMenu     - createOptionsMenu()
15:11:51.581 [FXGL Background Thread 1 ] DEBUG FXGLAssetLoaderServi - Loading from file system: jar:file:///Users/dy/.m2/repository/com/github/almasb/fxgl/21.1/fxgl-21.1.jar!/fxglassets/textures/particles/smoke.png
15:11:51.712 [FXGL Background Thread 1 ] DEBUG FXGLAssetLoaderServi - Loading from file system: jar:file:///Users/dy/.m2/repository/com/github/almasb/fxgl/21.1/fxgl-21.1.jar!/fxglassets/textures/particles/trace_horizontal.png
15:11:51.768 [FXGL Background Thread 1 ] DEBUG FXGL.DefaultMenu     - createMenuBodyGameMenu()
15:11:51.769 [FXGL Background Thread 1 ] DEBUG FXGL.DefaultMenu     - createOptionsMenu()
15:11:51.785 [FXGL Background Thread 1 ] DEBUG GameApplicationServi - Application scenes initialized
15:11:51.800 [FXGL Background Thread 1 ] DEBUG SystemBundleService  - Loading FXGL system data
15:11:51.804 [FXGL Background Thread 1 ] DEBUG FileSystemAccess     - Reading from: /Users/dy/Desktop/alfa/Java/Projectarbeit/Tanks/system/fxgl.bundle
15:11:51.813 [FXGL Background Thread 1 ] DEBUG SystemBundleService  - Bundle FXGL: {}
15:11:51.813 [FXGL Background Thread 1 ] DEBUG UpdaterService       - Checking for updates
15:11:51.818 [FXGL Background Thread 4 ] DEBUG FXGLApplication      - Loading fonts
15:11:51.819 [FXGL Background Thread 4 ] DEBUG FXGLAssetLoaderServi - Loading from file system: jar:file:///Users/dy/.m2/repository/com/github/almasb/fxgl/21.1/fxgl-21.1.jar!/fxglassets/ui/fonts/VarelaRound-Regular.ttf
15:11:51.819 [FXGL Background Thread 1 ] DEBUG FXGLApplication      - Loading default localization
15:11:51.820 [FXGL Background Thread 1 ] DEBUG FXGLAssetLoaderServi - Loading from file system: jar:file:///Users/dy/.m2/repository/com/github/almasb/fxgl/21.1/fxgl-21.1.jar!/fxglassets/languages/english.lang
15:11:51.833 [FXGL Background Thread 1 ] INFO  FXGLApplication      - FXGL initialization took: 0,948 sec
15:11:51.836 [FXGL Background Thread 4 ] DEBUG FXGLAssetLoaderServi - Loading from file system: jar:file:///Users/dy/.m2/repository/com/github/almasb/fxgl/21.1/fxgl-21.1.jar!/fxglassets/ui/fonts/Abel-Regular.ttf
15:11:51.841 [FXGL Background Thread 4 ] DEBUG FXGLAssetLoaderServi - Loading from file system: jar:file:///Users/dy/.m2/repository/com/github/almasb/fxgl/21.1/fxgl-21.1.jar!/fxglassets/ui/fonts/TerminalLandMono-Regular.otf
15:11:51.843 [JavaFX Application Thread] DEBUG Input                - Registered new binding: action0 - W
15:11:51.844 [JavaFX Application Thread] DEBUG Input                - Registered new binding: action1 - S
15:11:51.844 [JavaFX Application Thread] DEBUG Input                - Registered new binding: action2 - A
15:11:51.844 [FXGL Background Thread 4 ] DEBUG FXGLAssetLoaderServi - Loading from file system: jar:file:///Users/dy/.m2/repository/com/github/almasb/fxgl/21.1/fxgl-21.1.jar!/fxglassets/ui/fonts/Courier-Prime.ttf
15:11:51.844 [JavaFX Application Thread] DEBUG Input                - Registered new binding: action3 - D
15:11:51.845 [JavaFX Application Thread] DEBUG Input                - Registered new binding: action4 - Space
15:11:51.845 [JavaFX Application Thread] DEBUG FXGLAssetLoaderServi - Loading from file system: jar:file:///Users/dy/.m2/repository/com/github/almasb/fxgl/21.1/fxgl-21.1.jar!/fxglassets/textures/fxgl_icon.png
15:11:51.880 [JavaFX Application Thread] DEBUG FXGLAssetLoaderServi - Loading from file system: jar:file:///Users/dy/.m2/repository/com/github/almasb/fxgl/21.1/fxgl-21.1.jar!/fxglassets/textures/fxgl_default_cursor.png
15:11:51.882 [JavaFX Application Thread] DEBUG Input                - Registered new binding: Screenshot - CTRL+8
15:11:51.883 [JavaFX Application Thread] DEBUG Input                - Registered new binding: System info dump - CTRL+9
15:11:51.883 [JavaFX Application Thread] DEBUG Input                - Registered new binding: Restart - CTRL+R
15:11:51.884 [JavaFX Application Thread] DEBUG Input                - Registered new binding: Toggle Debug Camera - CTRL+7
15:11:51.886 [JavaFX Application Thread] DEBUG LoopRunner           - Starting loop
15:11:51.886 [JavaFX Application Thread] DEBUG LoopRunner           - Initializing JavaFX AnimationTimerLoop
15:11:51.889 [JavaFX Application Thread] DEBUG Input                - Clearing active input actions
15:11:51.896 [JavaFX Application Thread] DEBUG GameApplicationServi - Removing overlay from FXGLStartupScene and adding to FXGLMainMenuDummyScene
15:11:51.897 [JavaFX Application Thread] DEBUG PrimaryStageWindow   - FXGLStartupScene -> FXGLMainMenuDummyScene
15:11:51.897 [JavaFX Application Thread] DEBUG PrimaryStageWindow   - Push state: FXGLDefaultMenu
15:11:51.900 [JavaFX Application Thread] DEBUG Input                - Clearing active input actions
15:11:51.913 [JavaFX Application Thread] DEBUG GameApplicationServi - Removing overlay from FXGLMainMenuDummyScene and adding to FXGLDefaultMenu
15:11:51.914 [JavaFX Application Thread] DEBUG PrimaryStageWindow   - FXGLMainMenuDummyScene -> FXGLDefaultMenu
15:11:51.946 [JavaFX Application Thread] DEBUG FXGLApplication      - Registering font factories with UI factory
15:11:53.454 [JavaFX Application Thread] DEBUG Menu                 - fireNewGame()
15:11:53.454 [JavaFX Application Thread] DEBUG GameApplicationServi - Starting new game
15:11:53.456 [JavaFX Application Thread] DEBUG PrimaryStageWindow   - Pop state: FXGLDefaultMenu
15:11:53.456 [JavaFX Application Thread] DEBUG Input                - Clearing active input actions
15:11:53.458 [JavaFX Application Thread] DEBUG GameApplicationServi - Removing overlay from FXGLDefaultMenu and adding to FXGLMainMenuDummyScene
15:11:53.458 [JavaFX Application Thread] DEBUG PrimaryStageWindow   - FXGLMainMenuDummyScene <- FXGLDefaultMenu
15:11:53.459 [JavaFX Application Thread] DEBUG Input                - Clearing active input actions
15:11:53.469 [JavaFX Application Thread] DEBUG GameApplicationServi - Removing overlay from FXGLMainMenuDummyScene and adding to FXGLLoadingScene
15:11:53.469 [JavaFX Application Thread] DEBUG PrimaryStageWindow   - FXGLMainMenuDummyScene -> FXGLLoadingScene
15:11:53.469 [JavaFX Application Thread] DEBUG GameApplicationServi - Clearing previous game
15:11:53.469 [JavaFX Application Thread] DEBUG GameScene            - Clearing game scene
15:11:53.469 [JavaFX Application Thread] DEBUG GameWorld            - Clearing game world
15:11:53.469 [JavaFX Application Thread] DEBUG PhysicsWorld         - Clearing physics world
15:11:53.471 [FXGL Background Thread 2 ] DEBUG FXGLApplication      - Initializing game
15:11:53.551 [FXGL Background Thread 2 ] WARN  TMXLevelLoader       - TiledMap generated from 1.11.0. Supported version: 1.9.0. Some features may not be parsed fully.
15:11:53.582 [FXGL Background Thread 2 ] DEBUG TMXLevelLoader       - Parsed TiledMap: file:/Users/dy/Desktop/alfa/Java/Projectarbeit/Tanks/target/classes/assets/levels/level1.tmx
15:11:53.584 [FXGL Background Thread 2 ] DEBUG TMXLevelLoader       - Creating tile layer entities
15:11:53.585 [FXGL Background Thread 2 ] DEBUG TMXLevelLoader       - Creating object layer entities
15:11:53.641 [FXGL Background Thread 2 ] DEBUG FXGLAssetLoaderServi - Loading from file system: file:/Users/dy/Desktop/alfa/Java/Projectarbeit/Tanks/target/classes/assets/textures/items/sea_animation.png
15:11:53.784 [FXGL Background Thread 2 ] DEBUG GameWorld            - Clearing removable entities
15:11:53.785 [FXGL Background Thread 2 ] DEBUG GameWorld            - Setting level: com.almasb.fxgl.entity.level.Level@438b70ea
15:11:53.843 [FXGL Background Thread 2 ] DEBUG FXGLAssetLoaderServi - Loading from file system: file:/Users/dy/Desktop/alfa/Java/Projectarbeit/Tanks/target/classes/assets/textures/tanks/player.png
15:11:53.855 [FXGL Background Thread 2 ] DEBUG FXGLAssetLoaderServi - Loading from file system: file:/Users/dy/Desktop/alfa/Java/Projectarbeit/Tanks/target/classes/assets/textures/tanks/T2.png
15:11:53.860 [FXGL Background Thread 2 ] DEBUG FXGLAssetLoaderServi - Loading from file system: file:/Users/dy/Desktop/alfa/Java/Projectarbeit/Tanks/target/classes/assets/textures/tanks/T1.png
15:11:53.869 [FXGL Background Thread 2 ] INFO  FXGLApplication      - Game initialization took: 0,397 sec
15:11:53.870 [JavaFX Application Thread] DEBUG Input                - Clearing active input actions
15:11:53.890 [JavaFX Application Thread] DEBUG GameApplicationServi - Removing overlay from FXGLLoadingScene and adding to GameScene
15:11:53.891 [JavaFX Application Thread] DEBUG PrimaryStageWindow   - FXGLLoadingScene -> GameScene
15:11:54.185 [JavaFX Application Thread] DEBUG FXGLAssetLoaderServi - Loading from file system: file:/Users/dy/Desktop/alfa/Java/Projectarbeit/Tanks/target/classes/assets/textures/items/bullet/norm.png
15:11:54.820 [FXGL Background Thread 3 ] DEBUG Engine               - Logging environment variables
15:11:54.822 [FXGL Background Thread 3 ] DEBUG Engine               - achievements: []
15:11:54.822 [FXGL Background Thread 3 ] DEBUG Engine               - actualHeight: 672.0
15:11:54.822 [FXGL Background Thread 3 ] DEBUG Engine               - actualHeightProperty: ReadOnlyDoubleProperty [value: 672.0]
15:11:54.823 [FXGL Background Thread 3 ] DEBUG Engine               - actualWidth: 816.0
15:11:54.823 [FXGL Background Thread 3 ] DEBUG Engine               - actualWidthProperty: ReadOnlyDoubleProperty [value: 816.0]
15:11:54.823 [FXGL Background Thread 3 ] DEBUG Engine               - appIcon: fxgl_icon.png
15:11:54.823 [FXGL Background Thread 3 ] DEBUG Engine               - applicationMode: DEVELOPER
15:11:54.823 [FXGL Background Thread 3 ] DEBUG Engine               - cSSList: [fxgl_dark.css]
15:11:54.823 [FXGL Background Thread 3 ] DEBUG Engine               - collisionDetectionStrategy: BRUTE_FORCE
15:11:54.823 [FXGL Background Thread 3 ] DEBUG Engine               - configClass: Optional.empty
15:11:54.823 [FXGL Background Thread 3 ] DEBUG Engine               - credits: []
15:11:54.823 [FXGL Background Thread 3 ] DEBUG Engine               - defaultCursor: CursorInfo(imageName=fxgl_default_cursor.png, hotspotX=7.0, hotspotY=6.0)
15:11:54.823 [FXGL Background Thread 3 ] DEBUG Engine               - devBBoxColorProperty: ObjectProperty [value: 0xff0000ff]
15:11:54.823 [FXGL Background Thread 3 ] DEBUG Engine               - devEnableDebugCameraProperty: BooleanProperty [value: false]
15:11:54.823 [FXGL Background Thread 3 ] DEBUG Engine               - devSensorColorProperty: ObjectProperty [value: 0xffff00ff]
15:11:54.824 [FXGL Background Thread 3 ] DEBUG Engine               - devShowBBoxProperty: BooleanProperty [value: false]
15:11:54.824 [FXGL Background Thread 3 ] DEBUG Engine               - devShowPositionProperty: BooleanProperty [value: false]
15:11:54.824 [FXGL Background Thread 3 ] DEBUG Engine               - enabledMenuItems: []
15:11:54.824 [FXGL Background Thread 3 ] DEBUG Engine               - engineServices: [class com.almasb.fxgl.app.services.FXGLAssetLoaderService, class com.almasb.fxgl.app.FXGLApplication$GameApplicationService, class com.almasb.fxgl.app.services.FXGLDialogService, class com.almasb.fxgl.app.services.IOTaskExecutorService, class com.almasb.fxgl.io.FileSystemService, class com.almasb.fxgl.localization.LocalizationService, class com.almasb.fxgl.app.services.SystemBundleService, class com.almasb.fxgl.profile.SaveLoadService, class com.almasb.fxgl.ui.FXGLUIFactoryServiceProvider, class com.almasb.fxgl.ui.FXGLDialogFactoryServiceProvider, class com.almasb.fxgl.audio.AudioPlayer, class com.almasb.fxgl.notification.impl.NotificationServiceProvider, class com.almasb.fxgl.achievement.AchievementService, class com.almasb.fxgl.cutscene.CutsceneService, class com.almasb.fxgl.minigames.MiniGameService, class com.almasb.fxgl.net.NetService, class com.almasb.fxgl.app.services.UpdaterService, class com.almasb.fxgl.dev.DevService]
15:11:54.824 [FXGL Background Thread 3 ] DEBUG Engine               - fontGame: Abel-Regular.ttf
15:11:54.824 [FXGL Background Thread 3 ] DEBUG Engine               - fontMono: TerminalLandMono-Regular.otf
15:11:54.824 [FXGL Background Thread 3 ] DEBUG Engine               - fontSizeScaleUI: 1.0
15:11:54.824 [FXGL Background Thread 3 ] DEBUG Engine               - fontText: Courier-Prime.ttf
15:11:54.824 [FXGL Background Thread 3 ] DEBUG Engine               - fontUI: VarelaRound-Regular.ttf
15:11:54.824 [FXGL Background Thread 3 ] DEBUG Engine               - fullScreen: BooleanProperty [value: false]
15:11:54.824 [FXGL Background Thread 3 ] DEBUG Engine               - gameDifficulty: MEDIUM
15:11:54.824 [FXGL Background Thread 3 ] DEBUG Engine               - gameDifficultyProperty: ObjectProperty [value: MEDIUM]
15:11:54.824 [FXGL Background Thread 3 ] DEBUG Engine               - globalMusicVolume: 0.5
15:11:54.824 [FXGL Background Thread 3 ] DEBUG Engine               - globalMusicVolumeProperty: DoubleProperty [value: 0.5]
15:11:54.824 [FXGL Background Thread 3 ] DEBUG Engine               - globalSoundVolume: 0.5
15:11:54.824 [FXGL Background Thread 3 ] DEBUG Engine               - globalSoundVolumeProperty: DoubleProperty [value: 0.5]
15:11:54.825 [FXGL Background Thread 3 ] DEBUG Engine               - height: 672
15:11:54.825 [FXGL Background Thread 3 ] DEBUG Engine               - is3D: false
15:11:54.825 [FXGL Background Thread 3 ] DEBUG Engine               - isAndroid: false
15:11:54.825 [FXGL Background Thread 3 ] DEBUG Engine               - isBrowser: false
15:11:54.825 [FXGL Background Thread 3 ] DEBUG Engine               - isClickFeedbackEnabled: false
15:11:54.825 [FXGL Background Thread 3 ] DEBUG Engine               - isCloseConfirmation: false
15:11:54.825 [FXGL Background Thread 3 ] DEBUG Engine               - isDesktop: true
15:11:54.825 [FXGL Background Thread 3 ] DEBUG Engine               - isDeveloperMenuEnabled: false
15:11:54.825 [FXGL Background Thread 3 ] DEBUG Engine               - isEmbedded: false
15:11:54.825 [FXGL Background Thread 3 ] DEBUG Engine               - isEntityPreloadEnabled: true
15:11:54.825 [FXGL Background Thread 3 ] DEBUG Engine               - isExperimentalTiledLargeMap: false
15:11:54.825 [FXGL Background Thread 3 ] DEBUG Engine               - isFileSystemWriteAllowed: true
15:11:54.825 [FXGL Background Thread 3 ] DEBUG Engine               - isFullScreenAllowed: false
15:11:54.826 [FXGL Background Thread 3 ] DEBUG Engine               - isFullScreenFromStart: false
15:11:54.826 [FXGL Background Thread 3 ] DEBUG Engine               - isGameMenuEnabled: true
15:11:54.826 [FXGL Background Thread 3 ] DEBUG Engine               - isIOS: false
15:11:54.826 [FXGL Background Thread 3 ] DEBUG Engine               - isIntroEnabled: false
15:11:54.826 [FXGL Background Thread 3 ] DEBUG Engine               - isLinux: false
15:11:54.826 [FXGL Background Thread 3 ] DEBUG Engine               - isMac: true
15:11:54.826 [FXGL Background Thread 3 ] DEBUG Engine               - isMainMenuEnabled: true
15:11:54.826 [FXGL Background Thread 3 ] DEBUG Engine               - isManualResizeEnabled: false
15:11:54.826 [FXGL Background Thread 3 ] DEBUG Engine               - isMobile: false
15:11:54.826 [FXGL Background Thread 3 ] DEBUG Engine               - isNative: false
15:11:54.826 [FXGL Background Thread 3 ] DEBUG Engine               - isPauseMusicWhenMinimized: true
15:11:54.826 [FXGL Background Thread 3 ] DEBUG Engine               - isPreserveResizeRatio: false
15:11:54.826 [FXGL Background Thread 3 ] DEBUG Engine               - isProfilingEnabled: false
15:11:54.826 [FXGL Background Thread 3 ] DEBUG Engine               - isScaleAffectedOnResize: true
15:11:54.826 [FXGL Background Thread 3 ] DEBUG Engine               - isSingleStep: false
15:11:54.827 [FXGL Background Thread 3 ] DEBUG Engine               - isUserProfileEnabled: false
15:11:54.827 [FXGL Background Thread 3 ] DEBUG Engine               - isWindows: false
15:11:54.827 [FXGL Background Thread 3 ] DEBUG Engine               - language: ObjectProperty [value: ENGLISH]
15:11:54.827 [FXGL Background Thread 3 ] DEBUG Engine               - menuKey: ESCAPE
15:11:54.827 [FXGL Background Thread 3 ] DEBUG Engine               - mouseSensitivity: 0.2
15:11:54.827 [FXGL Background Thread 3 ] DEBUG Engine               - notificationViewClass: class com.almasb.fxgl.notification.view.XboxNotificationView
15:11:54.827 [FXGL Background Thread 3 ] DEBUG Engine               - pixelsPerMeter: 50.0
15:11:54.827 [FXGL Background Thread 3 ] DEBUG Engine               - platform: MAC
15:11:54.827 [FXGL Background Thread 3 ] DEBUG Engine               - prefHeightProperty: ReadOnlyDoubleProperty [value: 672.0]
15:11:54.827 [FXGL Background Thread 3 ] DEBUG Engine               - prefWidthProperty: ReadOnlyDoubleProperty [value: 816.0]
15:11:54.827 [FXGL Background Thread 3 ] DEBUG Engine               - profileDir: profiles/
15:11:54.827 [FXGL Background Thread 3 ] DEBUG Engine               - profileName: StringProperty [value: DEFAULT]
15:11:54.827 [FXGL Background Thread 3 ] DEBUG Engine               - randomSeed: -1
15:11:54.828 [FXGL Background Thread 3 ] DEBUG Engine               - runtimeInfo: RuntimeInfo(platform=MAC, version=21.1, build=27.03.2024 07.52)
15:11:54.828 [FXGL Background Thread 3 ] DEBUG Engine               - saveFileExt: sav
15:11:54.828 [FXGL Background Thread 3 ] DEBUG Engine               - scaledHeightProp$fxgl: DoubleProperty [bound, value: 672.0]
15:11:54.828 [FXGL Background Thread 3 ] DEBUG Engine               - scaledWidthProp$fxgl: DoubleProperty [bound, value: 816.0]
15:11:54.828 [FXGL Background Thread 3 ] DEBUG Engine               - sceneFactory: com.almasb.fxgl.app.scene.SceneFactory@6f93047e
15:11:54.828 [FXGL Background Thread 3 ] DEBUG Engine               - secondsIn24h: 60
15:11:54.828 [FXGL Background Thread 3 ] DEBUG Engine               - soundMenuBack: menu/back.wav
15:11:54.828 [FXGL Background Thread 3 ] DEBUG Engine               - soundMenuPress: menu/press.wav
15:11:54.828 [FXGL Background Thread 3 ] DEBUG Engine               - soundMenuSelect: menu/select.wav
15:11:54.828 [FXGL Background Thread 3 ] DEBUG Engine               - soundNotification: core/notification.wav
15:11:54.828 [FXGL Background Thread 3 ] DEBUG Engine               - stageStyle: DECORATED
15:11:54.828 [FXGL Background Thread 3 ] DEBUG Engine               - supportedLanguages: [ENGLISH, FRENCH, GERMAN, HUNGARIAN, RUSSIAN]
15:11:54.828 [FXGL Background Thread 3 ] DEBUG Engine               - ticksPerSecond: -1
15:11:54.828 [FXGL Background Thread 3 ] DEBUG Engine               - title: Tank
15:11:54.828 [FXGL Background Thread 3 ] DEBUG Engine               - urlGithub: https://github.com/AlmasB/FXGL
15:11:54.828 [FXGL Background Thread 3 ] DEBUG Engine               - urlLeaderboard: http://fxgl-top.herokuapp.com/
15:11:54.828 [FXGL Background Thread 3 ] DEBUG Engine               - urlPOM: https://raw.githubusercontent.com/AlmasB/FXGL/release/README.md
15:11:54.828 [FXGL Background Thread 3 ] DEBUG Engine               - userAppClass: class de.dywebstudio.tanks.TankApp
15:11:54.828 [FXGL Background Thread 3 ] DEBUG Engine               - version: 1.0
15:11:54.828 [FXGL Background Thread 3 ] DEBUG Engine               - versionCheckDays: 7
15:11:54.828 [FXGL Background Thread 3 ] DEBUG Engine               - width: 816
15:11:54.828 [FXGL Background Thread 3 ] DEBUG Engine               - Logging services
15:11:54.828 [FXGL Background Thread 3 ] DEBUG Engine               - class com.almasb.fxgl.app.services.FXGLAssetLoaderService
15:11:54.829 [FXGL Background Thread 3 ] DEBUG Engine               - class com.almasb.fxgl.app.FXGLApplication$GameApplicationService
15:11:54.829 [FXGL Background Thread 3 ] DEBUG Engine               - class com.almasb.fxgl.app.services.FXGLDialogService
15:11:54.829 [FXGL Background Thread 3 ] DEBUG Engine               - class com.almasb.fxgl.app.services.IOTaskExecutorService
15:11:54.829 [FXGL Background Thread 3 ] DEBUG Engine               - class com.almasb.fxgl.io.FileSystemService
15:11:54.829 [FXGL Background Thread 3 ] DEBUG Engine               - class com.almasb.fxgl.localization.LocalizationService
15:11:54.829 [FXGL Background Thread 3 ] DEBUG Engine               - class com.almasb.fxgl.app.services.SystemBundleService
15:11:54.829 [FXGL Background Thread 3 ] DEBUG Engine               - class com.almasb.fxgl.profile.SaveLoadService
15:11:54.829 [FXGL Background Thread 3 ] DEBUG Engine               - class com.almasb.fxgl.ui.FXGLUIFactoryServiceProvider
15:11:54.829 [FXGL Background Thread 3 ] DEBUG Engine               - class com.almasb.fxgl.ui.FXGLDialogFactoryServiceProvider
15:11:54.829 [FXGL Background Thread 3 ] DEBUG Engine               - class com.almasb.fxgl.audio.AudioPlayer
15:11:54.829 [FXGL Background Thread 3 ] DEBUG Engine               - class com.almasb.fxgl.notification.impl.NotificationServiceProvider
15:11:54.829 [FXGL Background Thread 3 ] DEBUG Engine               - class com.almasb.fxgl.achievement.AchievementService
15:11:54.829 [FXGL Background Thread 3 ] DEBUG Engine               - class com.almasb.fxgl.cutscene.CutsceneService
15:11:54.829 [FXGL Background Thread 3 ] DEBUG Engine               - class com.almasb.fxgl.minigames.MiniGameService
15:11:54.829 [FXGL Background Thread 3 ] DEBUG Engine               - class com.almasb.fxgl.net.NetService
15:11:54.829 [FXGL Background Thread 3 ] DEBUG Engine               - class com.almasb.fxgl.app.services.UpdaterService
15:11:54.829 [FXGL Background Thread 3 ] DEBUG Engine               - class com.almasb.fxgl.dev.DevService
15:11:55.785 [JavaFX Application Thread] DEBUG FXGLAssetLoaderServi - Loading from file system: file:/Users/dy/Desktop/alfa/Java/Projectarbeit/Tanks/target/classes/assets/textures/tanks/T6.png
15:11:59.535 [JavaFX Application Thread] DEBUG FXGLAssetLoaderServi - Loading from file system: file:/Users/dy/Desktop/alfa/Java/Projectarbeit/Tanks/target/classes/assets/textures/tanks/T4.png
15:12:16.704 [JavaFX Application Thread] DEBUG PrimaryStageWindow   - Push state: WinnerScene
15:12:16.704 [JavaFX Application Thread] DEBUG Input                - Clearing active input actions
15:12:16.704 [JavaFX Application Thread] DEBUG GameApplicationServi - Removing overlay from GameScene and adding to WinnerScene
15:12:16.704 [JavaFX Application Thread] DEBUG PrimaryStageWindow   - GameScene -> WinnerScene
15:12:18.716 [JavaFX Application Thread] DEBUG PrimaryStageWindow   - Pop state: WinnerScene
15:12:18.716 [JavaFX Application Thread] DEBUG Input                - Clearing active input actions
15:12:18.716 [JavaFX Application Thread] DEBUG GameApplicationServi - Removing overlay from WinnerScene and adding to GameScene
15:12:18.717 [JavaFX Application Thread] DEBUG PrimaryStageWindow   - GameScene <- WinnerScene
15:12:18.719 [JavaFX Application Thread] WARN  TMXLevelLoader       - TiledMap generated from 1.11.0. Supported version: 1.9.0. Some features may not be parsed fully.
15:12:18.728 [JavaFX Application Thread] DEBUG TMXLevelLoader       - Parsed TiledMap: file:/Users/dy/Desktop/alfa/Java/Projectarbeit/Tanks/target/classes/assets/levels/level2.tmx
15:12:18.728 [JavaFX Application Thread] DEBUG TMXLevelLoader       - Creating tile layer entities
15:12:18.728 [JavaFX Application Thread] DEBUG TMXLevelLoader       - Creating object layer entities
15:12:18.760 [JavaFX Application Thread] DEBUG GameWorld            - Clearing removable entities
15:12:18.767 [JavaFX Application Thread] DEBUG GameWorld            - Setting level: com.almasb.fxgl.entity.level.Level@36773624
15:12:18.773 [JavaFX Application Thread] DEBUG FXGLAssetLoaderServi - Loading from file system: file:/Users/dy/Desktop/alfa/Java/Projectarbeit/Tanks/target/classes/assets/textures/tanks/T3.png
15:12:35.988 [JavaFX Application Thread] DEBUG PrimaryStageWindow   - Push state: WinnerScene
15:12:35.988 [JavaFX Application Thread] DEBUG Input                - Clearing active input actions
15:12:35.988 [JavaFX Application Thread] DEBUG GameApplicationServi - Removing overlay from GameScene and adding to WinnerScene
15:12:35.988 [JavaFX Application Thread] DEBUG PrimaryStageWindow   - GameScene -> WinnerScene
15:12:35.989 [JavaFX Application Thread] DEBUG PrimaryStageWindow   - Push state: WinnerScene
15:12:35.989 [JavaFX Application Thread] DEBUG Input                - Clearing active input actions
15:12:35.989 [JavaFX Application Thread] DEBUG GameApplicationServi - Removing overlay from WinnerScene and adding to WinnerScene
15:12:35.989 [JavaFX Application Thread] DEBUG PrimaryStageWindow   - WinnerScene -> WinnerScene
15:12:38.011 [JavaFX Application Thread] DEBUG PrimaryStageWindow   - Pop state: WinnerScene
15:12:38.011 [JavaFX Application Thread] DEBUG Input                - Clearing active input actions
15:12:38.011 [JavaFX Application Thread] DEBUG GameApplicationServi - Removing overlay from WinnerScene and adding to WinnerScene
15:12:38.011 [JavaFX Application Thread] DEBUG PrimaryStageWindow   - WinnerScene <- WinnerScene
15:12:38.011 [JavaFX Application Thread] DEBUG PrimaryStageWindow   - Pop state: WinnerScene
15:12:38.011 [JavaFX Application Thread] DEBUG Input                - Clearing active input actions
15:12:38.011 [JavaFX Application Thread] DEBUG GameApplicationServi - Removing overlay from WinnerScene and adding to GameScene
15:12:38.011 [JavaFX Application Thread] DEBUG PrimaryStageWindow   - GameScene <- WinnerScene
15:12:38.011 [JavaFX Application Thread] DEBUG Input                - Clearing active input actions
15:12:38.016 [JavaFX Application Thread] DEBUG GameApplicationServi - Removing overlay from GameScene and adding to FXGLMainMenuDummyScene
15:12:38.016 [JavaFX Application Thread] DEBUG PrimaryStageWindow   - GameScene -> FXGLMainMenuDummyScene
15:12:38.017 [JavaFX Application Thread] DEBUG PrimaryStageWindow   - Push state: FXGLDefaultMenu
15:12:38.017 [JavaFX Application Thread] DEBUG Input                - Clearing active input actions
15:12:38.019 [JavaFX Application Thread] DEBUG GameApplicationServi - Removing overlay from FXGLMainMenuDummyScene and adding to FXGLDefaultMenu
15:12:38.019 [JavaFX Application Thread] DEBUG PrimaryStageWindow   - FXGLMainMenuDummyScene -> FXGLDefaultMenu
15:12:38.019 [JavaFX Application Thread] DEBUG PrimaryStageWindow   - Pop state: FXGLDefaultMenu
15:12:38.019 [JavaFX Application Thread] DEBUG Input                - Clearing active input actions
15:12:38.020 [JavaFX Application Thread] DEBUG GameApplicationServi - Removing overlay from FXGLDefaultMenu and adding to FXGLMainMenuDummyScene
15:12:38.020 [JavaFX Application Thread] DEBUG PrimaryStageWindow   - FXGLMainMenuDummyScene <- FXGLDefaultMenu
15:12:38.020 [JavaFX Application Thread] WARN  PrimaryStageWindow   - Cannot set to FXGLMainMenuDummyScene. Probably because subscenes are present.
15:12:38.020 [JavaFX Application Thread] DEBUG PrimaryStageWindow   - Push state: FXGLDefaultMenu
15:12:38.020 [JavaFX Application Thread] DEBUG Input                - Clearing active input actions
15:12:38.020 [JavaFX Application Thread] DEBUG GameApplicationServi - Removing overlay from FXGLMainMenuDummyScene and adding to FXGLDefaultMenu
15:12:38.021 [JavaFX Application Thread] DEBUG PrimaryStageWindow   - FXGLMainMenuDummyScene -> FXGLDefaultMenu
15:12:48.954 [JavaFX Application Thread] DEBUG Menu                 - fireNewGame()
15:12:48.954 [JavaFX Application Thread] DEBUG GameApplicationServi - Starting new game
15:12:48.954 [JavaFX Application Thread] DEBUG PrimaryStageWindow   - Pop state: FXGLDefaultMenu
15:12:48.954 [JavaFX Application Thread] DEBUG Input                - Clearing active input actions
15:12:48.955 [JavaFX Application Thread] DEBUG GameApplicationServi - Removing overlay from FXGLDefaultMenu and adding to FXGLMainMenuDummyScene
15:12:48.955 [JavaFX Application Thread] DEBUG PrimaryStageWindow   - FXGLMainMenuDummyScene <- FXGLDefaultMenu
15:12:48.955 [JavaFX Application Thread] DEBUG Input                - Clearing active input actions
15:12:48.961 [JavaFX Application Thread] DEBUG GameApplicationServi - Removing overlay from FXGLMainMenuDummyScene and adding to FXGLLoadingScene
15:12:48.961 [JavaFX Application Thread] DEBUG PrimaryStageWindow   - FXGLMainMenuDummyScene -> FXGLLoadingScene
15:12:48.961 [JavaFX Application Thread] DEBUG GameApplicationServi - Clearing previous game
15:12:48.961 [JavaFX Application Thread] DEBUG GameScene            - Clearing game scene
15:12:48.961 [JavaFX Application Thread] DEBUG GameWorld            - Clearing game world
15:12:48.964 [JavaFX Application Thread] DEBUG PhysicsWorld         - Clearing physics world
15:12:48.965 [FXGL Background Thread 2 ] DEBUG FXGLApplication      - Initializing game
15:12:48.968 [FXGL Background Thread 2 ] WARN  TMXLevelLoader       - TiledMap generated from 1.11.0. Supported version: 1.9.0. Some features may not be parsed fully.
15:12:48.977 [FXGL Background Thread 2 ] DEBUG TMXLevelLoader       - Parsed TiledMap: file:/Users/dy/Desktop/alfa/Java/Projectarbeit/Tanks/target/classes/assets/levels/level1.tmx
15:12:48.977 [FXGL Background Thread 2 ] DEBUG TMXLevelLoader       - Creating tile layer entities
15:12:48.977 [FXGL Background Thread 2 ] DEBUG TMXLevelLoader       - Creating object layer entities
15:12:49.029 [FXGL Background Thread 2 ] DEBUG GameWorld            - Clearing removable entities
15:12:49.029 [FXGL Background Thread 2 ] DEBUG GameWorld            - Setting level: com.almasb.fxgl.entity.level.Level@677a830c
15:12:49.034 [FXGL Background Thread 2 ] INFO  FXGLApplication      - Game initialization took: 0,069 sec
15:12:49.034 [JavaFX Application Thread] DEBUG Input                - Clearing active input actions
15:12:49.039 [JavaFX Application Thread] DEBUG GameApplicationServi - Removing overlay from FXGLLoadingScene and adding to GameScene
15:12:49.039 [JavaFX Application Thread] DEBUG PrimaryStageWindow   - FXGLLoadingScene -> GameScene
15:12:52.985 [JavaFX Application Thread] DEBUG FXGLApplication      - Exiting FXGL
15:12:52.985 [JavaFX Application Thread] DEBUG LoopRunner           - Stopping loop
15:12:52.985 [JavaFX Application Thread] DEBUG SystemBundleService  - Saving FXGL system data
15:12:52.987 [JavaFX Application Thread] DEBUG FileSystemAccess     - Writing to: /Users/dy/Desktop/alfa/Java/Projectarbeit/Tanks/system/fxgl.bundle
15:12:52.989 [JavaFX Application Thread] DEBUG Async                - Shutting down background threads
15:12:52.990 [JavaFX Application Thread] DEBUG PrimaryStageWindow   - Closing main window
15:12:53.001 [JavaFX Application Thread] DEBUG Logger               - Closing Logger
